INFO-FLOW: Workspace C:/Users/Aperture/Git/FracNetHLS-ImageNet-pg-alt/model/solution1 opened at Mon Dec 07 20:34:12 -0600 2020
Execute     config_clock -quiet -name default -period 10 -default=false 
INFO: [SYN 201-201] Setting up clock 'default' with a period of 10ns.
Execute     config_clock -quiet -name default -uncertainty 1.25 -unit % 
INFO: [SYN 201-201] Setting up clock 'default' with an uncertainty of 1.25ns.
Execute     open_platform DefaultPlatform 
Execute     import_lib C:/Xilinx/Vivado/2019.2/common/technology/xilinx/zynquplus/zynquplus 
Execute       source C:/Xilinx/Vivado/2019.2/common/technology/xilinx/common/xilinx.lib 
Execute         source C:/Xilinx/Vivado/2019.2/common/technology/xilinx/interface/xilinx_interface.lib 
Execute           source C:/Xilinx/Vivado/2019.2/common/technology/xilinx/interface/plb46.lib 
Execute           source C:/Xilinx/Vivado/2019.2/common/technology/xilinx/interface/fsl.lib 
Execute           source C:/Xilinx/Vivado/2019.2/common/technology/xilinx/interface/axi4.lib 
Execute           source C:/Xilinx/Vivado/2019.2/common/technology/xilinx/interface/maxi.lib 
Execute           source C:/Xilinx/Vivado/2019.2/common/technology/xilinx/interface/saxilite.lib 
Execute         source C:/Xilinx/Vivado/2019.2/common/technology/xilinx/common/dsp48.lib 
Execute         source C:/Xilinx/Vivado/2019.2/common/technology/xilinx/ip/dds_compiler.lib 
Execute         source C:/Xilinx/Vivado/2019.2/common/technology/xilinx/ip/xfft.lib 
Execute         source C:/Xilinx/Vivado/2019.2/common/technology/xilinx/ip/xfir.lib 
Execute       source C:/Xilinx/Vivado/2019.2/common/technology/xilinx/common/xilinx.hlp 
Execute         source C:/Xilinx/Vivado/2019.2/common/technology/xilinx/common/target_info.tcl 
Execute         source C:/Xilinx/Vivado/2019.2/common/technology/xilinx/interface/xilinx_interface.hlp 
Execute           source C:/Xilinx/Vivado/2019.2/common/technology/xilinx/interface/maxi.hlp 
Execute           source C:/Xilinx/Vivado/2019.2/common/technology/xilinx/interface/saxilite.hlp 
Execute         source C:/Xilinx/Vivado/2019.2/common/technology/xilinx/common/dsp48.hlp 
Execute       source C:/Xilinx/Vivado/2019.2/common/technology/xilinx/zynquplus/dsp48e2.hlp 
Execute       source C:/Xilinx/Vivado/2019.2/common/technology/xilinx/common/xilinx.hlp 
Execute         source C:/Xilinx/Vivado/2019.2/common/technology/xilinx/common/target_info.tcl 
Execute         source C:/Xilinx/Vivado/2019.2/common/technology/xilinx/interface/xilinx_interface.hlp 
Execute           source C:/Xilinx/Vivado/2019.2/common/technology/xilinx/interface/maxi.hlp 
Execute           source C:/Xilinx/Vivado/2019.2/common/technology/xilinx/interface/saxilite.hlp 
Execute         source C:/Xilinx/Vivado/2019.2/common/technology/xilinx/common/dsp48.hlp 
Execute     source C:/Xilinx/Vivado/2019.2/common/technology/xilinx/zynquplus/zynquplus.gen 
Execute       source C:/Xilinx/Vivado/2019.2/common/technology/xilinx/common/xilinx.gen 
Execute         source C:/Xilinx/Vivado/2019.2/common/technology/xilinx/interface/plb46.gen 
Execute         source C:/Xilinx/Vivado/2019.2/common/technology/xilinx/interface/fsl.gen 
Execute         source C:/Xilinx/Vivado/2019.2/common/technology/xilinx/interface/axi4.gen 
Execute         source C:/Xilinx/Vivado/2019.2/common/technology/xilinx/interface/nativeAXI4.gen 
Execute           source C:/Xilinx/Vivado/2019.2/common/technology/xilinx/interface/saxilite.gen 
Execute           source C:/Xilinx/Vivado/2019.2/common/technology/xilinx/interface/maxi.gen 
Execute         source C:/Xilinx/Vivado/2019.2/common/technology/xilinx/scripts/xilinxcoregen.gen 
Execute         source C:/Xilinx/Vivado/2019.2/common/technology/xilinx/interface/XilEDKCoreGen.gen 
Execute         source C:/Xilinx/Vivado/2019.2/common/technology/xilinx/ip/dds_compiler.gen 
Execute         source C:/Xilinx/Vivado/2019.2/common/technology/xilinx/ip/util.gen 
Execute         source C:/Xilinx/Vivado/2019.2/common/technology/xilinx/ip/xfft.gen 
Command         ap_source done; 0.154 sec.
Execute         source C:/Xilinx/Vivado/2019.2/common/technology/xilinx/ip/xfir.gen 
Execute         source C:/Xilinx/Vivado/2019.2/common/technology/xilinx/common/dsp48.gen 
Command       ap_source done; 0.23 sec.
Command     ap_source done; 0.23 sec.
Execute     open_platform DefaultPlatform 
Execute     import_lib C:/Xilinx/Vivado/2019.2/common/technology/xilinx/zynquplus/zynquplus_fpv7 
Execute       source C:/Xilinx/Vivado/2019.2/common/technology/xilinx/common/xilinx_fp.lib 
Execute       source C:/Xilinx/Vivado/2019.2/common/technology/xilinx/common/xilinx_fp.hlp 
Execute         source C:/Xilinx/Vivado/2019.2/common/technology/xilinx/common/xilinx.hlp 
Execute           source C:/Xilinx/Vivado/2019.2/common/technology/xilinx/common/target_info.tcl 
Execute           source C:/Xilinx/Vivado/2019.2/common/technology/xilinx/interface/xilinx_interface.hlp 
Execute             source C:/Xilinx/Vivado/2019.2/common/technology/xilinx/interface/maxi.hlp 
Execute             source C:/Xilinx/Vivado/2019.2/common/technology/xilinx/interface/saxilite.hlp 
Execute           source C:/Xilinx/Vivado/2019.2/common/technology/xilinx/common/dsp48.hlp 
Execute     source C:/Xilinx/Vivado/2019.2/common/technology/xilinx/zynquplus/zynquplus_fpv7.gen 
Execute       source C:/Xilinx/Vivado/2019.2/common/technology/xilinx/common/xilinx_fp.gen 
Execute     set_part xczu3eg-sbva484-1-e 
Execute       ap_part_info -name xczu3eg-sbva484-1-e -data single -quiet 
Command       ap_part_info done; 2.967 sec.
Execute       ap_part_info -name xczu3eg-sbva484-1-e -data info 
Execute       add_library xilinx/zynquplus/zynquplus:xczu3eg:-sbva484:-1-e 
Execute         get_default_platform 
Execute         ap_part_info -data single -name xczu3eg-sbva484-1-e 
Execute         ap_part_info -name xczu3eg-sbva484-1-e -data resources 
Execute         ap_part_info -name xczu3eg-sbva484-1-e -data info 
Execute         ap_part_info -name xczu3eg-sbva484-1-e -data info 
Execute         config_chip_info -quiet -resource {SLICE 8820} {LUT 70560} {FF 141120} {DSP48E 360} {BRAM 432} {URAM 0} 
Execute         ap_part_info -name xczu3eg-sbva484-1-e -data info 
Execute         config_chip_info -quiet -speed slow 
Command       add_library done; 0.167 sec.
Execute       add_library xilinx/zynquplus/zynquplus_fpv7 
Execute         get_default_platform 
INFO: [HLS 200-10] Setting target device to 'xczu3eg-sbva484-1-e'
Execute       ap_part_info -name xczu3eg-sbva484-1-e -data info 
Execute       get_default_platform 
Command     set_part done; 3.348 sec.
Execute     ap_part_info -data single -name xczu3eg-sbva484-1-e 
Execute     ap_part_info -name xczu3eg-sbva484-1-e -data resources 
Execute     ap_part_info -name xczu3eg-sbva484-1-e -data info 
Execute     ap_part_info -name xczu3eg-sbva484-1-e -data info 
Execute     config_chip_info -quiet -resource {SLICE 8820} {LUT 70560} {FF 141120} {DSP48E 360} {BRAM 432} {URAM 0} 
Execute     ap_part_info -name xczu3eg-sbva484-1-e -data info 
Execute     config_chip_info -quiet -speed slow 
Execute     config_sdx -optimization_level=none 
Execute       send_msg_by_id INFO @200-435@%s%s 'config_sdx -optimization_level' config_export -vivado_optimization_level=2 
INFO: [HLS 200-435] Setting 'config_sdx -optimization_level' configuration: config_export -vivado_optimization_level=2
Execute       config_export -vivado_optimization_level=2 
Execute         get_config_export -vivado_impl_strategy 
Execute         get_config_export -vivado_phys_opt 
Execute     config_sdx -target=none 
Execute       send_msg_by_id INFO @200-435@%s%s 'config_sdx -target' config_export -vivado_optimization_level=2 
INFO: [HLS 200-435] Setting 'config_sdx -target' configuration: config_export -vivado_optimization_level=2
Execute       config_export -vivado_optimization_level=2 
Execute         get_config_export -vivado_impl_strategy 
Execute         get_config_export -vivado_phys_opt 
Execute       get_config_compile -pipeline_loops 
Execute       get_config_compile -name_max_length 
Execute       get_config_schedule -enable_dsp_full_reg 
Execute       get_config_rtl -register_reset_num 
Execute       get_config_rtl -module_auto_prefix 
Execute       get_config_interface -m_axi_addr64 
Execute       send_msg_by_id INFO @200-435@%s%s 'config_sdx -target' set_clock_uncertainty default 
INFO: [HLS 200-435] Setting 'config_sdx -target' configuration: set_clock_uncertainty default
Execute       set_clock_uncertainty default 
Execute     config_export -vivado_optimization_level=2 
Execute       get_config_export -vivado_impl_strategy 
Execute       get_config_export -vivado_phys_opt 
Command   open_solution done; 3.836 sec.
Execute   csim_design -O -ldflags -Wl,--stack,268435456 -clean -quiet 
INFO: [SIM 211-2] *************** CSIM start ***************
INFO: [SIM 211-4] CSIM will launch GCC as the compiler.
Execute     is_encrypted C:/Users/Aperture/Git/FracNetHLS-ImageNet-pg-alt/array_def.h 
Execute     is_xip C:/Users/Aperture/Git/FracNetHLS-ImageNet-pg-alt/array_def.h 
Execute     is_encrypted C:/Users/Aperture/Git/FracNetHLS-ImageNet-pg-alt/conv1_input.bin 
Execute     is_xip C:/Users/Aperture/Git/FracNetHLS-ImageNet-pg-alt/conv1_input.bin 
Execute     is_encrypted C:/Users/Aperture/Git/FracNetHLS-ImageNet-pg-alt/conv1x1_weights.bin 
Execute     is_xip C:/Users/Aperture/Git/FracNetHLS-ImageNet-pg-alt/conv1x1_weights.bin 
Execute     is_encrypted C:/Users/Aperture/Git/FracNetHLS-ImageNet-pg-alt/conv3x3_weights.bin 
Execute     is_xip C:/Users/Aperture/Git/FracNetHLS-ImageNet-pg-alt/conv3x3_weights.bin 
Execute     is_encrypted C:/Users/Aperture/Git/FracNetHLS-ImageNet-pg-alt/other_weights.bin 
Execute     is_xip C:/Users/Aperture/Git/FracNetHLS-ImageNet-pg-alt/other_weights.bin 
Execute     is_encrypted C:/Users/Aperture/Git/FracNetHLS-ImageNet-pg-alt/tb.cc 
Execute     is_xip C:/Users/Aperture/Git/FracNetHLS-ImageNet-pg-alt/tb.cc 
Execute     is_encrypted C:/Users/Aperture/Git/FracNetHLS-ImageNet-pg-alt/bnn.cc 
Execute     is_xip C:/Users/Aperture/Git/FracNetHLS-ImageNet-pg-alt/bnn.cc 
Execute     is_encrypted C:/Users/Aperture/Git/FracNetHLS-ImageNet-pg-alt/bnn.h 
Execute     is_xip C:/Users/Aperture/Git/FracNetHLS-ImageNet-pg-alt/bnn.h 
Execute     is_encrypted C:/Users/Aperture/Git/FracNetHLS-ImageNet-pg-alt/dimension_def.h 
Execute     is_xip C:/Users/Aperture/Git/FracNetHLS-ImageNet-pg-alt/dimension_def.h 
Execute     is_encrypted C:/Users/Aperture/Git/FracNetHLS-ImageNet-pg-alt/layer.h 
Execute     is_xip C:/Users/Aperture/Git/FracNetHLS-ImageNet-pg-alt/layer.h 
Execute     is_encrypted C:/Users/Aperture/Git/FracNetHLS-ImageNet-pg-alt/pgconv.h 
Execute     is_xip C:/Users/Aperture/Git/FracNetHLS-ImageNet-pg-alt/pgconv.h 
Execute     is_encrypted C:/Users/Aperture/Git/FracNetHLS-ImageNet-pg-alt/typedefs.h 
Execute     is_xip C:/Users/Aperture/Git/FracNetHLS-ImageNet-pg-alt/typedefs.h 
Execute     is_encrypted C:/Users/Aperture/Git/FracNetHLS-ImageNet-pg-alt/weights_conv1_32_ch32.h 
Execute     is_xip C:/Users/Aperture/Git/FracNetHLS-ImageNet-pg-alt/weights_conv1_32_ch32.h 
Execute     ap_part_info -name xczu3eg-sbva484-1-e -data info 
Execute     source run_sim.tcl 
Command     ap_source done; 246.446 sec.
INFO: [SIM 211-1] CSim done with 0 errors.
INFO: [SIM 211-3] *************** CSIM finish ***************
Command   csim_design done; 255.894 sec.
Command ap_source done; 259.739 sec.
Execute cleanup_all 
INFO-FLOW: Workspace C:/Users/Aperture/Git/FracNetHLS-ImageNet-pg-alt/model/solution1 opened at Mon Dec 07 20:46:30 -0600 2020
Execute     config_clock -quiet -name default -period 10 -default=false 
INFO: [SYN 201-201] Setting up clock 'default' with a period of 10ns.
Execute     config_clock -quiet -name default -uncertainty 1.25 -unit % 
INFO: [SYN 201-201] Setting up clock 'default' with an uncertainty of 1.25ns.
Execute     open_platform DefaultPlatform 
Execute     import_lib C:/Xilinx/Vivado/2019.2/common/technology/xilinx/zynquplus/zynquplus 
Execute       source C:/Xilinx/Vivado/2019.2/common/technology/xilinx/common/xilinx.lib 
Execute         source C:/Xilinx/Vivado/2019.2/common/technology/xilinx/interface/xilinx_interface.lib 
Execute           source C:/Xilinx/Vivado/2019.2/common/technology/xilinx/interface/plb46.lib 
Execute           source C:/Xilinx/Vivado/2019.2/common/technology/xilinx/interface/fsl.lib 
Execute           source C:/Xilinx/Vivado/2019.2/common/technology/xilinx/interface/axi4.lib 
Execute           source C:/Xilinx/Vivado/2019.2/common/technology/xilinx/interface/maxi.lib 
Execute           source C:/Xilinx/Vivado/2019.2/common/technology/xilinx/interface/saxilite.lib 
Execute         source C:/Xilinx/Vivado/2019.2/common/technology/xilinx/common/dsp48.lib 
Execute         source C:/Xilinx/Vivado/2019.2/common/technology/xilinx/ip/dds_compiler.lib 
Execute         source C:/Xilinx/Vivado/2019.2/common/technology/xilinx/ip/xfft.lib 
Execute         source C:/Xilinx/Vivado/2019.2/common/technology/xilinx/ip/xfir.lib 
Execute       source C:/Xilinx/Vivado/2019.2/common/technology/xilinx/common/xilinx.hlp 
Execute         source C:/Xilinx/Vivado/2019.2/common/technology/xilinx/common/target_info.tcl 
Execute         source C:/Xilinx/Vivado/2019.2/common/technology/xilinx/interface/xilinx_interface.hlp 
Execute           source C:/Xilinx/Vivado/2019.2/common/technology/xilinx/interface/maxi.hlp 
Execute           source C:/Xilinx/Vivado/2019.2/common/technology/xilinx/interface/saxilite.hlp 
Execute         source C:/Xilinx/Vivado/2019.2/common/technology/xilinx/common/dsp48.hlp 
Execute       source C:/Xilinx/Vivado/2019.2/common/technology/xilinx/zynquplus/dsp48e2.hlp 
Execute       source C:/Xilinx/Vivado/2019.2/common/technology/xilinx/common/xilinx.hlp 
Execute         source C:/Xilinx/Vivado/2019.2/common/technology/xilinx/common/target_info.tcl 
Execute         source C:/Xilinx/Vivado/2019.2/common/technology/xilinx/interface/xilinx_interface.hlp 
Execute           source C:/Xilinx/Vivado/2019.2/common/technology/xilinx/interface/maxi.hlp 
Execute           source C:/Xilinx/Vivado/2019.2/common/technology/xilinx/interface/saxilite.hlp 
Execute         source C:/Xilinx/Vivado/2019.2/common/technology/xilinx/common/dsp48.hlp 
Execute     source C:/Xilinx/Vivado/2019.2/common/technology/xilinx/zynquplus/zynquplus.gen 
Execute       source C:/Xilinx/Vivado/2019.2/common/technology/xilinx/common/xilinx.gen 
Execute         source C:/Xilinx/Vivado/2019.2/common/technology/xilinx/interface/plb46.gen 
Execute         source C:/Xilinx/Vivado/2019.2/common/technology/xilinx/interface/fsl.gen 
Execute         source C:/Xilinx/Vivado/2019.2/common/technology/xilinx/interface/axi4.gen 
Execute         source C:/Xilinx/Vivado/2019.2/common/technology/xilinx/interface/nativeAXI4.gen 
Execute           source C:/Xilinx/Vivado/2019.2/common/technology/xilinx/interface/saxilite.gen 
Execute           source C:/Xilinx/Vivado/2019.2/common/technology/xilinx/interface/maxi.gen 
Execute         source C:/Xilinx/Vivado/2019.2/common/technology/xilinx/scripts/xilinxcoregen.gen 
Execute         source C:/Xilinx/Vivado/2019.2/common/technology/xilinx/interface/XilEDKCoreGen.gen 
Execute         source C:/Xilinx/Vivado/2019.2/common/technology/xilinx/ip/dds_compiler.gen 
Execute         source C:/Xilinx/Vivado/2019.2/common/technology/xilinx/ip/util.gen 
Execute         source C:/Xilinx/Vivado/2019.2/common/technology/xilinx/ip/xfft.gen 
Execute         source C:/Xilinx/Vivado/2019.2/common/technology/xilinx/ip/xfir.gen 
Execute         source C:/Xilinx/Vivado/2019.2/common/technology/xilinx/common/dsp48.gen 
Command       ap_source done; 0.115 sec.
Command     ap_source done; 0.116 sec.
Execute     open_platform DefaultPlatform 
Execute     import_lib C:/Xilinx/Vivado/2019.2/common/technology/xilinx/zynquplus/zynquplus_fpv7 
Execute       source C:/Xilinx/Vivado/2019.2/common/technology/xilinx/common/xilinx_fp.lib 
Execute       source C:/Xilinx/Vivado/2019.2/common/technology/xilinx/common/xilinx_fp.hlp 
Execute         source C:/Xilinx/Vivado/2019.2/common/technology/xilinx/common/xilinx.hlp 
Execute           source C:/Xilinx/Vivado/2019.2/common/technology/xilinx/common/target_info.tcl 
Execute           source C:/Xilinx/Vivado/2019.2/common/technology/xilinx/interface/xilinx_interface.hlp 
Execute             source C:/Xilinx/Vivado/2019.2/common/technology/xilinx/interface/maxi.hlp 
Execute             source C:/Xilinx/Vivado/2019.2/common/technology/xilinx/interface/saxilite.hlp 
Execute           source C:/Xilinx/Vivado/2019.2/common/technology/xilinx/common/dsp48.hlp 
Execute     source C:/Xilinx/Vivado/2019.2/common/technology/xilinx/zynquplus/zynquplus_fpv7.gen 
Execute       source C:/Xilinx/Vivado/2019.2/common/technology/xilinx/common/xilinx_fp.gen 
Execute     set_part xczu3eg-sbva484-1-e 
Execute       ap_part_info -name xczu3eg-sbva484-1-e -data single -quiet 
Command       ap_part_info done; 1.462 sec.
Execute       ap_part_info -name xczu3eg-sbva484-1-e -data info 
Execute       add_library xilinx/zynquplus/zynquplus:xczu3eg:-sbva484:-1-e 
Execute         get_default_platform 
Execute         ap_part_info -data single -name xczu3eg-sbva484-1-e 
Execute         ap_part_info -name xczu3eg-sbva484-1-e -data resources 
Execute         ap_part_info -name xczu3eg-sbva484-1-e -data info 
Execute         ap_part_info -name xczu3eg-sbva484-1-e -data info 
Execute         config_chip_info -quiet -resource {SLICE 8820} {LUT 70560} {FF 141120} {DSP48E 360} {BRAM 432} {URAM 0} 
Execute         ap_part_info -name xczu3eg-sbva484-1-e -data info 
Execute         config_chip_info -quiet -speed slow 
Command       add_library done; 0.118 sec.
Execute       add_library xilinx/zynquplus/zynquplus_fpv7 
Execute         get_default_platform 
INFO: [HLS 200-10] Setting target device to 'xczu3eg-sbva484-1-e'
Execute       ap_part_info -name xczu3eg-sbva484-1-e -data info 
Execute       get_default_platform 
Command     set_part done; 1.708 sec.
Execute     ap_part_info -data single -name xczu3eg-sbva484-1-e 
Execute     ap_part_info -name xczu3eg-sbva484-1-e -data resources 
Execute     ap_part_info -name xczu3eg-sbva484-1-e -data info 
Execute     ap_part_info -name xczu3eg-sbva484-1-e -data info 
Execute     config_chip_info -quiet -resource {SLICE 8820} {LUT 70560} {FF 141120} {DSP48E 360} {BRAM 432} {URAM 0} 
Execute     ap_part_info -name xczu3eg-sbva484-1-e -data info 
Execute     config_chip_info -quiet -speed slow 
Execute     config_sdx -optimization_level=none 
Execute       send_msg_by_id INFO @200-435@%s%s 'config_sdx -optimization_level' config_export -vivado_optimization_level=2 
INFO: [HLS 200-435] Setting 'config_sdx -optimization_level' configuration: config_export -vivado_optimization_level=2
Execute       config_export -vivado_optimization_level=2 
Execute         get_config_export -vivado_impl_strategy 
Execute         get_config_export -vivado_phys_opt 
Execute     config_sdx -target=none 
Execute       send_msg_by_id INFO @200-435@%s%s 'config_sdx -target' config_export -vivado_optimization_level=2 
INFO: [HLS 200-435] Setting 'config_sdx -target' configuration: config_export -vivado_optimization_level=2
Execute       config_export -vivado_optimization_level=2 
Execute         get_config_export -vivado_impl_strategy 
Execute         get_config_export -vivado_phys_opt 
Execute       get_config_compile -pipeline_loops 
Execute       get_config_compile -name_max_length 
Execute       get_config_schedule -enable_dsp_full_reg 
Execute       get_config_rtl -register_reset_num 
Execute       get_config_rtl -module_auto_prefix 
Execute       get_config_interface -m_axi_addr64 
Execute       send_msg_by_id INFO @200-435@%s%s 'config_sdx -target' set_clock_uncertainty default 
INFO: [HLS 200-435] Setting 'config_sdx -target' configuration: set_clock_uncertainty default
Execute       set_clock_uncertainty default 
Execute     config_export -vivado_optimization_level=2 
Execute       get_config_export -vivado_impl_strategy 
Execute       get_config_export -vivado_phys_opt 
Command   open_solution done; 1.938 sec.
Execute   csim_design -O -ldflags -Wl,--stack,268435456 -clean -quiet 
INFO: [SIM 211-2] *************** CSIM start ***************
INFO: [SIM 211-4] CSIM will launch GCC as the compiler.
Execute     source csim/.lst_opt.tcl 
Execute     is_encrypted C:/Users/Aperture/Git/FracNetHLS-ImageNet-pg-alt/array_def.h 
Execute     is_xip C:/Users/Aperture/Git/FracNetHLS-ImageNet-pg-alt/array_def.h 
Execute     is_encrypted C:/Users/Aperture/Git/FracNetHLS-ImageNet-pg-alt/conv1_input.bin 
Execute     is_xip C:/Users/Aperture/Git/FracNetHLS-ImageNet-pg-alt/conv1_input.bin 
Execute     is_encrypted C:/Users/Aperture/Git/FracNetHLS-ImageNet-pg-alt/conv1x1_weights.bin 
Execute     is_xip C:/Users/Aperture/Git/FracNetHLS-ImageNet-pg-alt/conv1x1_weights.bin 
Execute     is_encrypted C:/Users/Aperture/Git/FracNetHLS-ImageNet-pg-alt/conv3x3_weights.bin 
Execute     is_xip C:/Users/Aperture/Git/FracNetHLS-ImageNet-pg-alt/conv3x3_weights.bin 
Execute     is_encrypted C:/Users/Aperture/Git/FracNetHLS-ImageNet-pg-alt/other_weights.bin 
Execute     is_xip C:/Users/Aperture/Git/FracNetHLS-ImageNet-pg-alt/other_weights.bin 
Execute     is_encrypted C:/Users/Aperture/Git/FracNetHLS-ImageNet-pg-alt/tb.cc 
Execute     is_xip C:/Users/Aperture/Git/FracNetHLS-ImageNet-pg-alt/tb.cc 
Execute     is_encrypted C:/Users/Aperture/Git/FracNetHLS-ImageNet-pg-alt/bnn.cc 
Execute     is_xip C:/Users/Aperture/Git/FracNetHLS-ImageNet-pg-alt/bnn.cc 
Execute     is_encrypted C:/Users/Aperture/Git/FracNetHLS-ImageNet-pg-alt/bnn.h 
Execute     is_xip C:/Users/Aperture/Git/FracNetHLS-ImageNet-pg-alt/bnn.h 
Execute     is_encrypted C:/Users/Aperture/Git/FracNetHLS-ImageNet-pg-alt/dimension_def.h 
Execute     is_xip C:/Users/Aperture/Git/FracNetHLS-ImageNet-pg-alt/dimension_def.h 
Execute     is_encrypted C:/Users/Aperture/Git/FracNetHLS-ImageNet-pg-alt/layer.h 
Execute     is_xip C:/Users/Aperture/Git/FracNetHLS-ImageNet-pg-alt/layer.h 
Execute     is_encrypted C:/Users/Aperture/Git/FracNetHLS-ImageNet-pg-alt/pgconv.h 
Execute     is_xip C:/Users/Aperture/Git/FracNetHLS-ImageNet-pg-alt/pgconv.h 
Execute     is_encrypted C:/Users/Aperture/Git/FracNetHLS-ImageNet-pg-alt/typedefs.h 
Execute     is_xip C:/Users/Aperture/Git/FracNetHLS-ImageNet-pg-alt/typedefs.h 
Execute     is_encrypted C:/Users/Aperture/Git/FracNetHLS-ImageNet-pg-alt/weights_conv1_32_ch32.h 
Execute     is_xip C:/Users/Aperture/Git/FracNetHLS-ImageNet-pg-alt/weights_conv1_32_ch32.h 
Execute     ap_part_info -name xczu3eg-sbva484-1-e -data info 
Execute     source run_sim.tcl 
INFO-FLOW: Workspace C:/Users/Aperture/Git/FracNetHLS-ImageNet-pg-alt/model/solution1 opened at Mon Dec 07 20:47:03 -0600 2020
Execute     config_clock -quiet -name default -period 10 -default=false 
INFO: [SYN 201-201] Setting up clock 'default' with a period of 10ns.
Execute     config_clock -quiet -name default -uncertainty 1.25 -unit % 
INFO: [SYN 201-201] Setting up clock 'default' with an uncertainty of 1.25ns.
Execute     open_platform DefaultPlatform 
Execute     import_lib C:/Xilinx/Vivado/2019.2/common/technology/xilinx/zynquplus/zynquplus 
Execute       source C:/Xilinx/Vivado/2019.2/common/technology/xilinx/common/xilinx.lib 
Execute         source C:/Xilinx/Vivado/2019.2/common/technology/xilinx/interface/xilinx_interface.lib 
Execute           source C:/Xilinx/Vivado/2019.2/common/technology/xilinx/interface/plb46.lib 
Execute           source C:/Xilinx/Vivado/2019.2/common/technology/xilinx/interface/fsl.lib 
Execute           source C:/Xilinx/Vivado/2019.2/common/technology/xilinx/interface/axi4.lib 
Execute           source C:/Xilinx/Vivado/2019.2/common/technology/xilinx/interface/maxi.lib 
Execute           source C:/Xilinx/Vivado/2019.2/common/technology/xilinx/interface/saxilite.lib 
Execute         source C:/Xilinx/Vivado/2019.2/common/technology/xilinx/common/dsp48.lib 
Execute         source C:/Xilinx/Vivado/2019.2/common/technology/xilinx/ip/dds_compiler.lib 
Execute         source C:/Xilinx/Vivado/2019.2/common/technology/xilinx/ip/xfft.lib 
Execute         source C:/Xilinx/Vivado/2019.2/common/technology/xilinx/ip/xfir.lib 
Execute       source C:/Xilinx/Vivado/2019.2/common/technology/xilinx/common/xilinx.hlp 
Execute         source C:/Xilinx/Vivado/2019.2/common/technology/xilinx/common/target_info.tcl 
Execute         source C:/Xilinx/Vivado/2019.2/common/technology/xilinx/interface/xilinx_interface.hlp 
Execute           source C:/Xilinx/Vivado/2019.2/common/technology/xilinx/interface/maxi.hlp 
Execute           source C:/Xilinx/Vivado/2019.2/common/technology/xilinx/interface/saxilite.hlp 
Execute         source C:/Xilinx/Vivado/2019.2/common/technology/xilinx/common/dsp48.hlp 
Execute       source C:/Xilinx/Vivado/2019.2/common/technology/xilinx/zynquplus/dsp48e2.hlp 
Execute       source C:/Xilinx/Vivado/2019.2/common/technology/xilinx/common/xilinx.hlp 
Execute         source C:/Xilinx/Vivado/2019.2/common/technology/xilinx/common/target_info.tcl 
Execute         source C:/Xilinx/Vivado/2019.2/common/technology/xilinx/interface/xilinx_interface.hlp 
Execute           source C:/Xilinx/Vivado/2019.2/common/technology/xilinx/interface/maxi.hlp 
Execute           source C:/Xilinx/Vivado/2019.2/common/technology/xilinx/interface/saxilite.hlp 
Execute         source C:/Xilinx/Vivado/2019.2/common/technology/xilinx/common/dsp48.hlp 
Execute     source C:/Xilinx/Vivado/2019.2/common/technology/xilinx/zynquplus/zynquplus.gen 
Execute       source C:/Xilinx/Vivado/2019.2/common/technology/xilinx/common/xilinx.gen 
Execute         source C:/Xilinx/Vivado/2019.2/common/technology/xilinx/interface/plb46.gen 
Execute         source C:/Xilinx/Vivado/2019.2/common/technology/xilinx/interface/fsl.gen 
Execute         source C:/Xilinx/Vivado/2019.2/common/technology/xilinx/interface/axi4.gen 
Execute         source C:/Xilinx/Vivado/2019.2/common/technology/xilinx/interface/nativeAXI4.gen 
Execute           source C:/Xilinx/Vivado/2019.2/common/technology/xilinx/interface/saxilite.gen 
Execute           source C:/Xilinx/Vivado/2019.2/common/technology/xilinx/interface/maxi.gen 
Execute         source C:/Xilinx/Vivado/2019.2/common/technology/xilinx/scripts/xilinxcoregen.gen 
Execute         source C:/Xilinx/Vivado/2019.2/common/technology/xilinx/interface/XilEDKCoreGen.gen 
Execute         source C:/Xilinx/Vivado/2019.2/common/technology/xilinx/ip/dds_compiler.gen 
Execute         source C:/Xilinx/Vivado/2019.2/common/technology/xilinx/ip/util.gen 
Execute         source C:/Xilinx/Vivado/2019.2/common/technology/xilinx/ip/xfft.gen 
Command         ap_source done; 0.14 sec.
Execute         source C:/Xilinx/Vivado/2019.2/common/technology/xilinx/ip/xfir.gen 
Execute         source C:/Xilinx/Vivado/2019.2/common/technology/xilinx/common/dsp48.gen 
Command       ap_source done; 0.197 sec.
Command     ap_source done; 0.197 sec.
Execute     open_platform DefaultPlatform 
Execute     import_lib C:/Xilinx/Vivado/2019.2/common/technology/xilinx/zynquplus/zynquplus_fpv7 
Execute       source C:/Xilinx/Vivado/2019.2/common/technology/xilinx/common/xilinx_fp.lib 
Execute       source C:/Xilinx/Vivado/2019.2/common/technology/xilinx/common/xilinx_fp.hlp 
Execute         source C:/Xilinx/Vivado/2019.2/common/technology/xilinx/common/xilinx.hlp 
Execute           source C:/Xilinx/Vivado/2019.2/common/technology/xilinx/common/target_info.tcl 
Execute           source C:/Xilinx/Vivado/2019.2/common/technology/xilinx/interface/xilinx_interface.hlp 
Execute             source C:/Xilinx/Vivado/2019.2/common/technology/xilinx/interface/maxi.hlp 
Execute             source C:/Xilinx/Vivado/2019.2/common/technology/xilinx/interface/saxilite.hlp 
Execute           source C:/Xilinx/Vivado/2019.2/common/technology/xilinx/common/dsp48.hlp 
Execute     source C:/Xilinx/Vivado/2019.2/common/technology/xilinx/zynquplus/zynquplus_fpv7.gen 
Execute       source C:/Xilinx/Vivado/2019.2/common/technology/xilinx/common/xilinx_fp.gen 
Execute     set_part xczu3eg-sbva484-1-e 
Execute       ap_part_info -name xczu3eg-sbva484-1-e -data single -quiet 
Command       ap_part_info done; 2.245 sec.
Execute       ap_part_info -name xczu3eg-sbva484-1-e -data info 
Execute       add_library xilinx/zynquplus/zynquplus:xczu3eg:-sbva484:-1-e 
Execute         get_default_platform 
Execute         ap_part_info -data single -name xczu3eg-sbva484-1-e 
Execute         ap_part_info -name xczu3eg-sbva484-1-e -data resources 
Execute         ap_part_info -name xczu3eg-sbva484-1-e -data info 
Execute         ap_part_info -name xczu3eg-sbva484-1-e -data info 
Execute         config_chip_info -quiet -resource {SLICE 8820} {LUT 70560} {FF 141120} {DSP48E 360} {BRAM 432} {URAM 0} 
Execute         ap_part_info -name xczu3eg-sbva484-1-e -data info 
Execute         config_chip_info -quiet -speed slow 
Execute       add_library xilinx/zynquplus/zynquplus_fpv7 
Execute         get_default_platform 
INFO: [HLS 200-10] Setting target device to 'xczu3eg-sbva484-1-e'
Execute       ap_part_info -name xczu3eg-sbva484-1-e -data info 
Execute       get_default_platform 
Command     set_part done; 2.466 sec.
Execute     ap_part_info -data single -name xczu3eg-sbva484-1-e 
Execute     ap_part_info -name xczu3eg-sbva484-1-e -data resources 
Execute     ap_part_info -name xczu3eg-sbva484-1-e -data info 
Execute     ap_part_info -name xczu3eg-sbva484-1-e -data info 
Execute     config_chip_info -quiet -resource {SLICE 8820} {LUT 70560} {FF 141120} {DSP48E 360} {BRAM 432} {URAM 0} 
Execute     ap_part_info -name xczu3eg-sbva484-1-e -data info 
Execute     config_chip_info -quiet -speed slow 
Execute     config_sdx -optimization_level=none 
Execute       send_msg_by_id INFO @200-435@%s%s 'config_sdx -optimization_level' config_export -vivado_optimization_level=2 
INFO: [HLS 200-435] Setting 'config_sdx -optimization_level' configuration: config_export -vivado_optimization_level=2
Execute       config_export -vivado_optimization_level=2 
Execute         get_config_export -vivado_impl_strategy 
Execute         get_config_export -vivado_phys_opt 
Execute     config_sdx -target=none 
Execute       send_msg_by_id INFO @200-435@%s%s 'config_sdx -target' config_export -vivado_optimization_level=2 
INFO: [HLS 200-435] Setting 'config_sdx -target' configuration: config_export -vivado_optimization_level=2
Execute       config_export -vivado_optimization_level=2 
Execute         get_config_export -vivado_impl_strategy 
Execute         get_config_export -vivado_phys_opt 
Execute       get_config_compile -pipeline_loops 
Execute       get_config_compile -name_max_length 
Execute       get_config_schedule -enable_dsp_full_reg 
Execute       get_config_rtl -register_reset_num 
Execute       get_config_rtl -module_auto_prefix 
Execute       get_config_interface -m_axi_addr64 
Execute       send_msg_by_id INFO @200-435@%s%s 'config_sdx -target' set_clock_uncertainty default 
INFO: [HLS 200-435] Setting 'config_sdx -target' configuration: set_clock_uncertainty default
Execute       set_clock_uncertainty default 
Execute     config_export -vivado_optimization_level=2 
Execute       get_config_export -vivado_impl_strategy 
Execute       get_config_export -vivado_phys_opt 
Command   open_solution done; 2.858 sec.
Execute   csim_design -O -ldflags -Wl,--stack,268435456 -clean -quiet 
INFO: [SIM 211-2] *************** CSIM start ***************
INFO: [SIM 211-4] CSIM will launch GCC as the compiler.
Execute     source csim/.lst_opt.tcl 
Execute     is_encrypted C:/Users/Aperture/Git/FracNetHLS-ImageNet-pg-alt/array_def.h 
Execute     is_xip C:/Users/Aperture/Git/FracNetHLS-ImageNet-pg-alt/array_def.h 
Execute     is_encrypted C:/Users/Aperture/Git/FracNetHLS-ImageNet-pg-alt/conv1_input.bin 
Execute     is_xip C:/Users/Aperture/Git/FracNetHLS-ImageNet-pg-alt/conv1_input.bin 
Execute     is_encrypted C:/Users/Aperture/Git/FracNetHLS-ImageNet-pg-alt/conv1x1_weights.bin 
Execute     is_xip C:/Users/Aperture/Git/FracNetHLS-ImageNet-pg-alt/conv1x1_weights.bin 
Execute     is_encrypted C:/Users/Aperture/Git/FracNetHLS-ImageNet-pg-alt/conv3x3_weights.bin 
Execute     is_xip C:/Users/Aperture/Git/FracNetHLS-ImageNet-pg-alt/conv3x3_weights.bin 
Execute     is_encrypted C:/Users/Aperture/Git/FracNetHLS-ImageNet-pg-alt/other_weights.bin 
Execute     is_xip C:/Users/Aperture/Git/FracNetHLS-ImageNet-pg-alt/other_weights.bin 
Execute     is_encrypted C:/Users/Aperture/Git/FracNetHLS-ImageNet-pg-alt/tb.cc 
Execute     is_xip C:/Users/Aperture/Git/FracNetHLS-ImageNet-pg-alt/tb.cc 
Execute     is_encrypted C:/Users/Aperture/Git/FracNetHLS-ImageNet-pg-alt/bnn.cc 
Execute     is_xip C:/Users/Aperture/Git/FracNetHLS-ImageNet-pg-alt/bnn.cc 
Execute     is_encrypted C:/Users/Aperture/Git/FracNetHLS-ImageNet-pg-alt/bnn.h 
Execute     is_xip C:/Users/Aperture/Git/FracNetHLS-ImageNet-pg-alt/bnn.h 
Execute     is_encrypted C:/Users/Aperture/Git/FracNetHLS-ImageNet-pg-alt/dimension_def.h 
Execute     is_xip C:/Users/Aperture/Git/FracNetHLS-ImageNet-pg-alt/dimension_def.h 
Execute     is_encrypted C:/Users/Aperture/Git/FracNetHLS-ImageNet-pg-alt/layer.h 
Execute     is_xip C:/Users/Aperture/Git/FracNetHLS-ImageNet-pg-alt/layer.h 
Execute     is_encrypted C:/Users/Aperture/Git/FracNetHLS-ImageNet-pg-alt/pgconv.h 
Execute     is_xip C:/Users/Aperture/Git/FracNetHLS-ImageNet-pg-alt/pgconv.h 
Execute     is_encrypted C:/Users/Aperture/Git/FracNetHLS-ImageNet-pg-alt/typedefs.h 
Execute     is_xip C:/Users/Aperture/Git/FracNetHLS-ImageNet-pg-alt/typedefs.h 
Execute     is_encrypted C:/Users/Aperture/Git/FracNetHLS-ImageNet-pg-alt/weights_conv1_32_ch32.h 
Execute     is_xip C:/Users/Aperture/Git/FracNetHLS-ImageNet-pg-alt/weights_conv1_32_ch32.h 
Execute     ap_part_info -name xczu3eg-sbva484-1-e -data info 
Execute     source run_sim.tcl 
INFO-FLOW: Workspace C:/Users/Aperture/Git/FracNetHLS-ImageNet-pg-alt/model/solution1 opened at Mon Dec 07 20:49:01 -0600 2020
Execute     config_clock -quiet -name default -period 10 -default=false 
INFO: [SYN 201-201] Setting up clock 'default' with a period of 10ns.
Execute     config_clock -quiet -name default -uncertainty 1.25 -unit % 
INFO: [SYN 201-201] Setting up clock 'default' with an uncertainty of 1.25ns.
Execute     open_platform DefaultPlatform 
Execute     import_lib C:/Xilinx/Vivado/2019.2/common/technology/xilinx/zynquplus/zynquplus 
Execute       source C:/Xilinx/Vivado/2019.2/common/technology/xilinx/common/xilinx.lib 
Execute         source C:/Xilinx/Vivado/2019.2/common/technology/xilinx/interface/xilinx_interface.lib 
Execute           source C:/Xilinx/Vivado/2019.2/common/technology/xilinx/interface/plb46.lib 
Execute           source C:/Xilinx/Vivado/2019.2/common/technology/xilinx/interface/fsl.lib 
Execute           source C:/Xilinx/Vivado/2019.2/common/technology/xilinx/interface/axi4.lib 
Execute           source C:/Xilinx/Vivado/2019.2/common/technology/xilinx/interface/maxi.lib 
Execute           source C:/Xilinx/Vivado/2019.2/common/technology/xilinx/interface/saxilite.lib 
Execute         source C:/Xilinx/Vivado/2019.2/common/technology/xilinx/common/dsp48.lib 
Execute         source C:/Xilinx/Vivado/2019.2/common/technology/xilinx/ip/dds_compiler.lib 
Execute         source C:/Xilinx/Vivado/2019.2/common/technology/xilinx/ip/xfft.lib 
Execute         source C:/Xilinx/Vivado/2019.2/common/technology/xilinx/ip/xfir.lib 
Execute       source C:/Xilinx/Vivado/2019.2/common/technology/xilinx/common/xilinx.hlp 
Execute         source C:/Xilinx/Vivado/2019.2/common/technology/xilinx/common/target_info.tcl 
Execute         source C:/Xilinx/Vivado/2019.2/common/technology/xilinx/interface/xilinx_interface.hlp 
Execute           source C:/Xilinx/Vivado/2019.2/common/technology/xilinx/interface/maxi.hlp 
Execute           source C:/Xilinx/Vivado/2019.2/common/technology/xilinx/interface/saxilite.hlp 
Execute         source C:/Xilinx/Vivado/2019.2/common/technology/xilinx/common/dsp48.hlp 
Execute       source C:/Xilinx/Vivado/2019.2/common/technology/xilinx/zynquplus/dsp48e2.hlp 
Execute       source C:/Xilinx/Vivado/2019.2/common/technology/xilinx/common/xilinx.hlp 
Execute         source C:/Xilinx/Vivado/2019.2/common/technology/xilinx/common/target_info.tcl 
Execute         source C:/Xilinx/Vivado/2019.2/common/technology/xilinx/interface/xilinx_interface.hlp 
Execute           source C:/Xilinx/Vivado/2019.2/common/technology/xilinx/interface/maxi.hlp 
Execute           source C:/Xilinx/Vivado/2019.2/common/technology/xilinx/interface/saxilite.hlp 
Execute         source C:/Xilinx/Vivado/2019.2/common/technology/xilinx/common/dsp48.hlp 
Execute     source C:/Xilinx/Vivado/2019.2/common/technology/xilinx/zynquplus/zynquplus.gen 
Execute       source C:/Xilinx/Vivado/2019.2/common/technology/xilinx/common/xilinx.gen 
Execute         source C:/Xilinx/Vivado/2019.2/common/technology/xilinx/interface/plb46.gen 
Execute         source C:/Xilinx/Vivado/2019.2/common/technology/xilinx/interface/fsl.gen 
Execute         source C:/Xilinx/Vivado/2019.2/common/technology/xilinx/interface/axi4.gen 
Execute         source C:/Xilinx/Vivado/2019.2/common/technology/xilinx/interface/nativeAXI4.gen 
Execute           source C:/Xilinx/Vivado/2019.2/common/technology/xilinx/interface/saxilite.gen 
Execute           source C:/Xilinx/Vivado/2019.2/common/technology/xilinx/interface/maxi.gen 
Execute         source C:/Xilinx/Vivado/2019.2/common/technology/xilinx/scripts/xilinxcoregen.gen 
Execute         source C:/Xilinx/Vivado/2019.2/common/technology/xilinx/interface/XilEDKCoreGen.gen 
Execute         source C:/Xilinx/Vivado/2019.2/common/technology/xilinx/ip/dds_compiler.gen 
Execute         source C:/Xilinx/Vivado/2019.2/common/technology/xilinx/ip/util.gen 
Execute         source C:/Xilinx/Vivado/2019.2/common/technology/xilinx/ip/xfft.gen 
Execute         source C:/Xilinx/Vivado/2019.2/common/technology/xilinx/ip/xfir.gen 
Execute         source C:/Xilinx/Vivado/2019.2/common/technology/xilinx/common/dsp48.gen 
Command       ap_source done; 0.15 sec.
Command     ap_source done; 0.15 sec.
Execute     open_platform DefaultPlatform 
Execute     import_lib C:/Xilinx/Vivado/2019.2/common/technology/xilinx/zynquplus/zynquplus_fpv7 
Execute       source C:/Xilinx/Vivado/2019.2/common/technology/xilinx/common/xilinx_fp.lib 
Execute       source C:/Xilinx/Vivado/2019.2/common/technology/xilinx/common/xilinx_fp.hlp 
Execute         source C:/Xilinx/Vivado/2019.2/common/technology/xilinx/common/xilinx.hlp 
Execute           source C:/Xilinx/Vivado/2019.2/common/technology/xilinx/common/target_info.tcl 
Execute           source C:/Xilinx/Vivado/2019.2/common/technology/xilinx/interface/xilinx_interface.hlp 
Execute             source C:/Xilinx/Vivado/2019.2/common/technology/xilinx/interface/maxi.hlp 
Execute             source C:/Xilinx/Vivado/2019.2/common/technology/xilinx/interface/saxilite.hlp 
Execute           source C:/Xilinx/Vivado/2019.2/common/technology/xilinx/common/dsp48.hlp 
Execute     source C:/Xilinx/Vivado/2019.2/common/technology/xilinx/zynquplus/zynquplus_fpv7.gen 
Execute       source C:/Xilinx/Vivado/2019.2/common/technology/xilinx/common/xilinx_fp.gen 
Execute     set_part xczu3eg-sbva484-1-e 
Execute       ap_part_info -name xczu3eg-sbva484-1-e -data single -quiet 
Command       ap_part_info done; 2.046 sec.
Execute       ap_part_info -name xczu3eg-sbva484-1-e -data info 
Execute       add_library xilinx/zynquplus/zynquplus:xczu3eg:-sbva484:-1-e 
Execute         get_default_platform 
Execute         ap_part_info -data single -name xczu3eg-sbva484-1-e 
Execute         ap_part_info -name xczu3eg-sbva484-1-e -data resources 
Execute         ap_part_info -name xczu3eg-sbva484-1-e -data info 
Execute         ap_part_info -name xczu3eg-sbva484-1-e -data info 
Execute         config_chip_info -quiet -resource {SLICE 8820} {LUT 70560} {FF 141120} {DSP48E 360} {BRAM 432} {URAM 0} 
Execute         ap_part_info -name xczu3eg-sbva484-1-e -data info 
Execute         config_chip_info -quiet -speed slow 
Execute       add_library xilinx/zynquplus/zynquplus_fpv7 
Execute         get_default_platform 
INFO: [HLS 200-10] Setting target device to 'xczu3eg-sbva484-1-e'
Execute       ap_part_info -name xczu3eg-sbva484-1-e -data info 
Execute       get_default_platform 
Command     set_part done; 2.265 sec.
Execute     ap_part_info -data single -name xczu3eg-sbva484-1-e 
Execute     ap_part_info -name xczu3eg-sbva484-1-e -data resources 
Execute     ap_part_info -name xczu3eg-sbva484-1-e -data info 
Execute     ap_part_info -name xczu3eg-sbva484-1-e -data info 
Execute     config_chip_info -quiet -resource {SLICE 8820} {LUT 70560} {FF 141120} {DSP48E 360} {BRAM 432} {URAM 0} 
Execute     ap_part_info -name xczu3eg-sbva484-1-e -data info 
Execute     config_chip_info -quiet -speed slow 
Execute     config_sdx -optimization_level=none 
Execute       send_msg_by_id INFO @200-435@%s%s 'config_sdx -optimization_level' config_export -vivado_optimization_level=2 
INFO: [HLS 200-435] Setting 'config_sdx -optimization_level' configuration: config_export -vivado_optimization_level=2
Execute       config_export -vivado_optimization_level=2 
Execute         get_config_export -vivado_impl_strategy 
Execute         get_config_export -vivado_phys_opt 
Execute     config_sdx -target=none 
Execute       send_msg_by_id INFO @200-435@%s%s 'config_sdx -target' config_export -vivado_optimization_level=2 
INFO: [HLS 200-435] Setting 'config_sdx -target' configuration: config_export -vivado_optimization_level=2
Execute       config_export -vivado_optimization_level=2 
Execute         get_config_export -vivado_impl_strategy 
Execute         get_config_export -vivado_phys_opt 
Execute       get_config_compile -pipeline_loops 
Execute       get_config_compile -name_max_length 
Execute       get_config_schedule -enable_dsp_full_reg 
Execute       get_config_rtl -register_reset_num 
Execute       get_config_rtl -module_auto_prefix 
Execute       get_config_interface -m_axi_addr64 
Execute       send_msg_by_id INFO @200-435@%s%s 'config_sdx -target' set_clock_uncertainty default 
INFO: [HLS 200-435] Setting 'config_sdx -target' configuration: set_clock_uncertainty default
Execute       set_clock_uncertainty default 
Execute     config_export -vivado_optimization_level=2 
Execute       get_config_export -vivado_impl_strategy 
Execute       get_config_export -vivado_phys_opt 
Command   open_solution done; 2.57 sec.
Execute   csim_design -O -ldflags -Wl,--stack,268435456 -clean -quiet 
INFO: [SIM 211-2] *************** CSIM start ***************
INFO: [SIM 211-4] CSIM will launch GCC as the compiler.
Execute     source csim/.lst_opt.tcl 
Execute     is_encrypted C:/Users/Aperture/Git/FracNetHLS-ImageNet-pg-alt/array_def.h 
Execute     is_xip C:/Users/Aperture/Git/FracNetHLS-ImageNet-pg-alt/array_def.h 
Execute     is_encrypted C:/Users/Aperture/Git/FracNetHLS-ImageNet-pg-alt/conv1_input.bin 
Execute     is_xip C:/Users/Aperture/Git/FracNetHLS-ImageNet-pg-alt/conv1_input.bin 
Execute     is_encrypted C:/Users/Aperture/Git/FracNetHLS-ImageNet-pg-alt/conv1x1_weights.bin 
Execute     is_xip C:/Users/Aperture/Git/FracNetHLS-ImageNet-pg-alt/conv1x1_weights.bin 
Execute     is_encrypted C:/Users/Aperture/Git/FracNetHLS-ImageNet-pg-alt/conv3x3_weights.bin 
Execute     is_xip C:/Users/Aperture/Git/FracNetHLS-ImageNet-pg-alt/conv3x3_weights.bin 
Execute     is_encrypted C:/Users/Aperture/Git/FracNetHLS-ImageNet-pg-alt/other_weights.bin 
Execute     is_xip C:/Users/Aperture/Git/FracNetHLS-ImageNet-pg-alt/other_weights.bin 
Execute     is_encrypted C:/Users/Aperture/Git/FracNetHLS-ImageNet-pg-alt/tb.cc 
Execute     is_xip C:/Users/Aperture/Git/FracNetHLS-ImageNet-pg-alt/tb.cc 
Execute     is_encrypted C:/Users/Aperture/Git/FracNetHLS-ImageNet-pg-alt/bnn.cc 
Execute     is_xip C:/Users/Aperture/Git/FracNetHLS-ImageNet-pg-alt/bnn.cc 
Execute     is_encrypted C:/Users/Aperture/Git/FracNetHLS-ImageNet-pg-alt/bnn.h 
Execute     is_xip C:/Users/Aperture/Git/FracNetHLS-ImageNet-pg-alt/bnn.h 
Execute     is_encrypted C:/Users/Aperture/Git/FracNetHLS-ImageNet-pg-alt/dimension_def.h 
Execute     is_xip C:/Users/Aperture/Git/FracNetHLS-ImageNet-pg-alt/dimension_def.h 
Execute     is_encrypted C:/Users/Aperture/Git/FracNetHLS-ImageNet-pg-alt/layer.h 
Execute     is_xip C:/Users/Aperture/Git/FracNetHLS-ImageNet-pg-alt/layer.h 
Execute     is_encrypted C:/Users/Aperture/Git/FracNetHLS-ImageNet-pg-alt/pgconv.h 
Execute     is_xip C:/Users/Aperture/Git/FracNetHLS-ImageNet-pg-alt/pgconv.h 
Execute     is_encrypted C:/Users/Aperture/Git/FracNetHLS-ImageNet-pg-alt/typedefs.h 
Execute     is_xip C:/Users/Aperture/Git/FracNetHLS-ImageNet-pg-alt/typedefs.h 
Execute     is_encrypted C:/Users/Aperture/Git/FracNetHLS-ImageNet-pg-alt/weights_conv1_32_ch32.h 
Execute     is_xip C:/Users/Aperture/Git/FracNetHLS-ImageNet-pg-alt/weights_conv1_32_ch32.h 
Execute     ap_part_info -name xczu3eg-sbva484-1-e -data info 
Execute     source run_sim.tcl 
Command     ap_source done; 159.916 sec.
INFO: [SIM 211-1] CSim done with 0 errors.
INFO: [SIM 211-3] *************** CSIM finish ***************
Command   csim_design done; 167.027 sec.
Command ap_source done; 169.602 sec.
Execute cleanup_all 
INFO-FLOW: Workspace C:/Users/Aperture/Git/FracNetHLS-ImageNet-pg-alt/model/solution1 opened at Mon Dec 07 20:52:28 -0600 2020
Execute     config_clock -quiet -name default -period 10 -default=false 
INFO: [SYN 201-201] Setting up clock 'default' with a period of 10ns.
Execute     config_clock -quiet -name default -uncertainty 1.25 -unit % 
INFO: [SYN 201-201] Setting up clock 'default' with an uncertainty of 1.25ns.
Execute     open_platform DefaultPlatform 
Execute     import_lib C:/Xilinx/Vivado/2019.2/common/technology/xilinx/zynquplus/zynquplus 
Execute       source C:/Xilinx/Vivado/2019.2/common/technology/xilinx/common/xilinx.lib 
Execute         source C:/Xilinx/Vivado/2019.2/common/technology/xilinx/interface/xilinx_interface.lib 
Execute           source C:/Xilinx/Vivado/2019.2/common/technology/xilinx/interface/plb46.lib 
Execute           source C:/Xilinx/Vivado/2019.2/common/technology/xilinx/interface/fsl.lib 
Execute           source C:/Xilinx/Vivado/2019.2/common/technology/xilinx/interface/axi4.lib 
Execute           source C:/Xilinx/Vivado/2019.2/common/technology/xilinx/interface/maxi.lib 
Execute           source C:/Xilinx/Vivado/2019.2/common/technology/xilinx/interface/saxilite.lib 
Execute         source C:/Xilinx/Vivado/2019.2/common/technology/xilinx/common/dsp48.lib 
Execute         source C:/Xilinx/Vivado/2019.2/common/technology/xilinx/ip/dds_compiler.lib 
Execute         source C:/Xilinx/Vivado/2019.2/common/technology/xilinx/ip/xfft.lib 
Execute         source C:/Xilinx/Vivado/2019.2/common/technology/xilinx/ip/xfir.lib 
Execute       source C:/Xilinx/Vivado/2019.2/common/technology/xilinx/common/xilinx.hlp 
Execute         source C:/Xilinx/Vivado/2019.2/common/technology/xilinx/common/target_info.tcl 
Execute         source C:/Xilinx/Vivado/2019.2/common/technology/xilinx/interface/xilinx_interface.hlp 
Execute           source C:/Xilinx/Vivado/2019.2/common/technology/xilinx/interface/maxi.hlp 
Execute           source C:/Xilinx/Vivado/2019.2/common/technology/xilinx/interface/saxilite.hlp 
Execute         source C:/Xilinx/Vivado/2019.2/common/technology/xilinx/common/dsp48.hlp 
Execute       source C:/Xilinx/Vivado/2019.2/common/technology/xilinx/zynquplus/dsp48e2.hlp 
Execute       source C:/Xilinx/Vivado/2019.2/common/technology/xilinx/common/xilinx.hlp 
Execute         source C:/Xilinx/Vivado/2019.2/common/technology/xilinx/common/target_info.tcl 
Execute         source C:/Xilinx/Vivado/2019.2/common/technology/xilinx/interface/xilinx_interface.hlp 
Execute           source C:/Xilinx/Vivado/2019.2/common/technology/xilinx/interface/maxi.hlp 
Execute           source C:/Xilinx/Vivado/2019.2/common/technology/xilinx/interface/saxilite.hlp 
Execute         source C:/Xilinx/Vivado/2019.2/common/technology/xilinx/common/dsp48.hlp 
Execute     source C:/Xilinx/Vivado/2019.2/common/technology/xilinx/zynquplus/zynquplus.gen 
Execute       source C:/Xilinx/Vivado/2019.2/common/technology/xilinx/common/xilinx.gen 
Execute         source C:/Xilinx/Vivado/2019.2/common/technology/xilinx/interface/plb46.gen 
Execute         source C:/Xilinx/Vivado/2019.2/common/technology/xilinx/interface/fsl.gen 
Execute         source C:/Xilinx/Vivado/2019.2/common/technology/xilinx/interface/axi4.gen 
Execute         source C:/Xilinx/Vivado/2019.2/common/technology/xilinx/interface/nativeAXI4.gen 
Execute           source C:/Xilinx/Vivado/2019.2/common/technology/xilinx/interface/saxilite.gen 
Execute           source C:/Xilinx/Vivado/2019.2/common/technology/xilinx/interface/maxi.gen 
Execute         source C:/Xilinx/Vivado/2019.2/common/technology/xilinx/scripts/xilinxcoregen.gen 
Execute         source C:/Xilinx/Vivado/2019.2/common/technology/xilinx/interface/XilEDKCoreGen.gen 
Execute         source C:/Xilinx/Vivado/2019.2/common/technology/xilinx/ip/dds_compiler.gen 
Execute         source C:/Xilinx/Vivado/2019.2/common/technology/xilinx/ip/util.gen 
Execute         source C:/Xilinx/Vivado/2019.2/common/technology/xilinx/ip/xfft.gen 
Command         ap_source done; 0.117 sec.
Execute         source C:/Xilinx/Vivado/2019.2/common/technology/xilinx/ip/xfir.gen 
Execute         source C:/Xilinx/Vivado/2019.2/common/technology/xilinx/common/dsp48.gen 
Command       ap_source done; 0.179 sec.
Command     ap_source done; 0.18 sec.
Execute     open_platform DefaultPlatform 
Execute     import_lib C:/Xilinx/Vivado/2019.2/common/technology/xilinx/zynquplus/zynquplus_fpv7 
Execute       source C:/Xilinx/Vivado/2019.2/common/technology/xilinx/common/xilinx_fp.lib 
Execute       source C:/Xilinx/Vivado/2019.2/common/technology/xilinx/common/xilinx_fp.hlp 
Execute         source C:/Xilinx/Vivado/2019.2/common/technology/xilinx/common/xilinx.hlp 
Execute           source C:/Xilinx/Vivado/2019.2/common/technology/xilinx/common/target_info.tcl 
Execute           source C:/Xilinx/Vivado/2019.2/common/technology/xilinx/interface/xilinx_interface.hlp 
Execute             source C:/Xilinx/Vivado/2019.2/common/technology/xilinx/interface/maxi.hlp 
Execute             source C:/Xilinx/Vivado/2019.2/common/technology/xilinx/interface/saxilite.hlp 
Execute           source C:/Xilinx/Vivado/2019.2/common/technology/xilinx/common/dsp48.hlp 
Execute     source C:/Xilinx/Vivado/2019.2/common/technology/xilinx/zynquplus/zynquplus_fpv7.gen 
Execute       source C:/Xilinx/Vivado/2019.2/common/technology/xilinx/common/xilinx_fp.gen 
Execute     set_part xczu3eg-sbva484-1-e 
Execute       ap_part_info -name xczu3eg-sbva484-1-e -data single -quiet 
Command       ap_part_info done; 2.022 sec.
Execute       ap_part_info -name xczu3eg-sbva484-1-e -data info 
Execute       add_library xilinx/zynquplus/zynquplus:xczu3eg:-sbva484:-1-e 
Execute         get_default_platform 
Execute         ap_part_info -data single -name xczu3eg-sbva484-1-e 
Execute         ap_part_info -name xczu3eg-sbva484-1-e -data resources 
Execute         ap_part_info -name xczu3eg-sbva484-1-e -data info 
Execute         ap_part_info -name xczu3eg-sbva484-1-e -data info 
Execute         config_chip_info -quiet -resource {SLICE 8820} {LUT 70560} {FF 141120} {DSP48E 360} {BRAM 432} {URAM 0} 
Execute         ap_part_info -name xczu3eg-sbva484-1-e -data info 
Execute         config_chip_info -quiet -speed slow 
Execute       add_library xilinx/zynquplus/zynquplus_fpv7 
Execute         get_default_platform 
INFO: [HLS 200-10] Setting target device to 'xczu3eg-sbva484-1-e'
Execute       ap_part_info -name xczu3eg-sbva484-1-e -data info 
Execute       get_default_platform 
Command     set_part done; 2.221 sec.
Execute     ap_part_info -data single -name xczu3eg-sbva484-1-e 
Execute     ap_part_info -name xczu3eg-sbva484-1-e -data resources 
Execute     ap_part_info -name xczu3eg-sbva484-1-e -data info 
Execute     ap_part_info -name xczu3eg-sbva484-1-e -data info 
Execute     config_chip_info -quiet -resource {SLICE 8820} {LUT 70560} {FF 141120} {DSP48E 360} {BRAM 432} {URAM 0} 
Execute     ap_part_info -name xczu3eg-sbva484-1-e -data info 
Execute     config_chip_info -quiet -speed slow 
Execute     config_sdx -optimization_level=none 
Execute       send_msg_by_id INFO @200-435@%s%s 'config_sdx -optimization_level' config_export -vivado_optimization_level=2 
INFO: [HLS 200-435] Setting 'config_sdx -optimization_level' configuration: config_export -vivado_optimization_level=2
Execute       config_export -vivado_optimization_level=2 
Execute         get_config_export -vivado_impl_strategy 
Execute         get_config_export -vivado_phys_opt 
Execute     config_sdx -target=none 
Execute       send_msg_by_id INFO @200-435@%s%s 'config_sdx -target' config_export -vivado_optimization_level=2 
INFO: [HLS 200-435] Setting 'config_sdx -target' configuration: config_export -vivado_optimization_level=2
Execute       config_export -vivado_optimization_level=2 
Execute         get_config_export -vivado_impl_strategy 
Execute         get_config_export -vivado_phys_opt 
Execute       get_config_compile -pipeline_loops 
Execute       get_config_compile -name_max_length 
Execute       get_config_schedule -enable_dsp_full_reg 
Execute       get_config_rtl -register_reset_num 
Execute       get_config_rtl -module_auto_prefix 
Execute       get_config_interface -m_axi_addr64 
Execute       send_msg_by_id INFO @200-435@%s%s 'config_sdx -target' set_clock_uncertainty default 
INFO: [HLS 200-435] Setting 'config_sdx -target' configuration: set_clock_uncertainty default
Execute       set_clock_uncertainty default 
Execute     config_export -vivado_optimization_level=2 
Execute       get_config_export -vivado_impl_strategy 
Execute       get_config_export -vivado_phys_opt 
Command   open_solution done; 2.573 sec.
Execute   csim_design -O -ldflags -Wl,--stack,268435456 -clean -quiet 
INFO: [SIM 211-2] *************** CSIM start ***************
INFO: [SIM 211-4] CSIM will launch GCC as the compiler.
Execute     source csim/.lst_opt.tcl 
Execute     is_encrypted C:/Users/Aperture/Git/FracNetHLS-ImageNet-pg-alt/array_def.h 
Execute     is_xip C:/Users/Aperture/Git/FracNetHLS-ImageNet-pg-alt/array_def.h 
Execute     is_encrypted C:/Users/Aperture/Git/FracNetHLS-ImageNet-pg-alt/conv1_input.bin 
Execute     is_xip C:/Users/Aperture/Git/FracNetHLS-ImageNet-pg-alt/conv1_input.bin 
Execute     is_encrypted C:/Users/Aperture/Git/FracNetHLS-ImageNet-pg-alt/conv1x1_weights.bin 
Execute     is_xip C:/Users/Aperture/Git/FracNetHLS-ImageNet-pg-alt/conv1x1_weights.bin 
Execute     is_encrypted C:/Users/Aperture/Git/FracNetHLS-ImageNet-pg-alt/conv3x3_weights.bin 
Execute     is_xip C:/Users/Aperture/Git/FracNetHLS-ImageNet-pg-alt/conv3x3_weights.bin 
Execute     is_encrypted C:/Users/Aperture/Git/FracNetHLS-ImageNet-pg-alt/other_weights.bin 
Execute     is_xip C:/Users/Aperture/Git/FracNetHLS-ImageNet-pg-alt/other_weights.bin 
Execute     is_encrypted C:/Users/Aperture/Git/FracNetHLS-ImageNet-pg-alt/tb.cc 
Execute     is_xip C:/Users/Aperture/Git/FracNetHLS-ImageNet-pg-alt/tb.cc 
Execute     is_encrypted C:/Users/Aperture/Git/FracNetHLS-ImageNet-pg-alt/bnn.cc 
Execute     is_xip C:/Users/Aperture/Git/FracNetHLS-ImageNet-pg-alt/bnn.cc 
Execute     is_encrypted C:/Users/Aperture/Git/FracNetHLS-ImageNet-pg-alt/bnn.h 
Execute     is_xip C:/Users/Aperture/Git/FracNetHLS-ImageNet-pg-alt/bnn.h 
Execute     is_encrypted C:/Users/Aperture/Git/FracNetHLS-ImageNet-pg-alt/dimension_def.h 
Execute     is_xip C:/Users/Aperture/Git/FracNetHLS-ImageNet-pg-alt/dimension_def.h 
Execute     is_encrypted C:/Users/Aperture/Git/FracNetHLS-ImageNet-pg-alt/layer.h 
Execute     is_xip C:/Users/Aperture/Git/FracNetHLS-ImageNet-pg-alt/layer.h 
Execute     is_encrypted C:/Users/Aperture/Git/FracNetHLS-ImageNet-pg-alt/pgconv.h 
Execute     is_xip C:/Users/Aperture/Git/FracNetHLS-ImageNet-pg-alt/pgconv.h 
Execute     is_encrypted C:/Users/Aperture/Git/FracNetHLS-ImageNet-pg-alt/typedefs.h 
Execute     is_xip C:/Users/Aperture/Git/FracNetHLS-ImageNet-pg-alt/typedefs.h 
Execute     is_encrypted C:/Users/Aperture/Git/FracNetHLS-ImageNet-pg-alt/weights_conv1_32_ch32.h 
Execute     is_xip C:/Users/Aperture/Git/FracNetHLS-ImageNet-pg-alt/weights_conv1_32_ch32.h 
Execute     ap_part_info -name xczu3eg-sbva484-1-e -data info 
Execute     source run_sim.tcl 
Command     ap_source done; 159.498 sec.
INFO: [SIM 211-1] CSim done with 0 errors.
INFO: [SIM 211-3] *************** CSIM finish ***************
Command   csim_design done; 166.485 sec.
Command ap_source done; 169.064 sec.
Execute cleanup_all 
INFO-FLOW: Workspace C:/Users/Aperture/Git/FracNetHLS-ImageNet-pg-alt/model/solution1 opened at Mon Dec 07 20:56:05 -0600 2020
Execute     config_clock -quiet -name default -period 10 -default=false 
INFO: [SYN 201-201] Setting up clock 'default' with a period of 10ns.
Execute     config_clock -quiet -name default -uncertainty 1.25 -unit % 
INFO: [SYN 201-201] Setting up clock 'default' with an uncertainty of 1.25ns.
Execute     open_platform DefaultPlatform 
Execute     import_lib C:/Xilinx/Vivado/2019.2/common/technology/xilinx/zynquplus/zynquplus 
Execute       source C:/Xilinx/Vivado/2019.2/common/technology/xilinx/common/xilinx.lib 
Execute         source C:/Xilinx/Vivado/2019.2/common/technology/xilinx/interface/xilinx_interface.lib 
Execute           source C:/Xilinx/Vivado/2019.2/common/technology/xilinx/interface/plb46.lib 
Execute           source C:/Xilinx/Vivado/2019.2/common/technology/xilinx/interface/fsl.lib 
Execute           source C:/Xilinx/Vivado/2019.2/common/technology/xilinx/interface/axi4.lib 
Execute           source C:/Xilinx/Vivado/2019.2/common/technology/xilinx/interface/maxi.lib 
Execute           source C:/Xilinx/Vivado/2019.2/common/technology/xilinx/interface/saxilite.lib 
Execute         source C:/Xilinx/Vivado/2019.2/common/technology/xilinx/common/dsp48.lib 
Execute         source C:/Xilinx/Vivado/2019.2/common/technology/xilinx/ip/dds_compiler.lib 
Execute         source C:/Xilinx/Vivado/2019.2/common/technology/xilinx/ip/xfft.lib 
Execute         source C:/Xilinx/Vivado/2019.2/common/technology/xilinx/ip/xfir.lib 
Execute       source C:/Xilinx/Vivado/2019.2/common/technology/xilinx/common/xilinx.hlp 
Execute         source C:/Xilinx/Vivado/2019.2/common/technology/xilinx/common/target_info.tcl 
Execute         source C:/Xilinx/Vivado/2019.2/common/technology/xilinx/interface/xilinx_interface.hlp 
Execute           source C:/Xilinx/Vivado/2019.2/common/technology/xilinx/interface/maxi.hlp 
Execute           source C:/Xilinx/Vivado/2019.2/common/technology/xilinx/interface/saxilite.hlp 
Execute         source C:/Xilinx/Vivado/2019.2/common/technology/xilinx/common/dsp48.hlp 
Execute       source C:/Xilinx/Vivado/2019.2/common/technology/xilinx/zynquplus/dsp48e2.hlp 
Execute       source C:/Xilinx/Vivado/2019.2/common/technology/xilinx/common/xilinx.hlp 
Execute         source C:/Xilinx/Vivado/2019.2/common/technology/xilinx/common/target_info.tcl 
Execute         source C:/Xilinx/Vivado/2019.2/common/technology/xilinx/interface/xilinx_interface.hlp 
Execute           source C:/Xilinx/Vivado/2019.2/common/technology/xilinx/interface/maxi.hlp 
Execute           source C:/Xilinx/Vivado/2019.2/common/technology/xilinx/interface/saxilite.hlp 
Execute         source C:/Xilinx/Vivado/2019.2/common/technology/xilinx/common/dsp48.hlp 
Execute     source C:/Xilinx/Vivado/2019.2/common/technology/xilinx/zynquplus/zynquplus.gen 
Execute       source C:/Xilinx/Vivado/2019.2/common/technology/xilinx/common/xilinx.gen 
Execute         source C:/Xilinx/Vivado/2019.2/common/technology/xilinx/interface/plb46.gen 
Execute         source C:/Xilinx/Vivado/2019.2/common/technology/xilinx/interface/fsl.gen 
Execute         source C:/Xilinx/Vivado/2019.2/common/technology/xilinx/interface/axi4.gen 
Execute         source C:/Xilinx/Vivado/2019.2/common/technology/xilinx/interface/nativeAXI4.gen 
Execute           source C:/Xilinx/Vivado/2019.2/common/technology/xilinx/interface/saxilite.gen 
Execute           source C:/Xilinx/Vivado/2019.2/common/technology/xilinx/interface/maxi.gen 
Execute         source C:/Xilinx/Vivado/2019.2/common/technology/xilinx/scripts/xilinxcoregen.gen 
Execute         source C:/Xilinx/Vivado/2019.2/common/technology/xilinx/interface/XilEDKCoreGen.gen 
Execute         source C:/Xilinx/Vivado/2019.2/common/technology/xilinx/ip/dds_compiler.gen 
Execute         source C:/Xilinx/Vivado/2019.2/common/technology/xilinx/ip/util.gen 
Execute         source C:/Xilinx/Vivado/2019.2/common/technology/xilinx/ip/xfft.gen 
Execute         source C:/Xilinx/Vivado/2019.2/common/technology/xilinx/ip/xfir.gen 
Execute         source C:/Xilinx/Vivado/2019.2/common/technology/xilinx/common/dsp48.gen 
Command       ap_source done; 0.116 sec.
Command     ap_source done; 0.117 sec.
Execute     open_platform DefaultPlatform 
Execute     import_lib C:/Xilinx/Vivado/2019.2/common/technology/xilinx/zynquplus/zynquplus_fpv7 
Execute       source C:/Xilinx/Vivado/2019.2/common/technology/xilinx/common/xilinx_fp.lib 
Execute       source C:/Xilinx/Vivado/2019.2/common/technology/xilinx/common/xilinx_fp.hlp 
Execute         source C:/Xilinx/Vivado/2019.2/common/technology/xilinx/common/xilinx.hlp 
Execute           source C:/Xilinx/Vivado/2019.2/common/technology/xilinx/common/target_info.tcl 
Execute           source C:/Xilinx/Vivado/2019.2/common/technology/xilinx/interface/xilinx_interface.hlp 
Execute             source C:/Xilinx/Vivado/2019.2/common/technology/xilinx/interface/maxi.hlp 
Execute             source C:/Xilinx/Vivado/2019.2/common/technology/xilinx/interface/saxilite.hlp 
Execute           source C:/Xilinx/Vivado/2019.2/common/technology/xilinx/common/dsp48.hlp 
Execute     source C:/Xilinx/Vivado/2019.2/common/technology/xilinx/zynquplus/zynquplus_fpv7.gen 
Execute       source C:/Xilinx/Vivado/2019.2/common/technology/xilinx/common/xilinx_fp.gen 
Execute     set_part xczu3eg-sbva484-1-e 
Execute       ap_part_info -name xczu3eg-sbva484-1-e -data single -quiet 
Command       ap_part_info done; 1.359 sec.
Execute       ap_part_info -name xczu3eg-sbva484-1-e -data info 
Execute       add_library xilinx/zynquplus/zynquplus:xczu3eg:-sbva484:-1-e 
Execute         get_default_platform 
Execute         ap_part_info -data single -name xczu3eg-sbva484-1-e 
Execute         ap_part_info -name xczu3eg-sbva484-1-e -data resources 
Execute         ap_part_info -name xczu3eg-sbva484-1-e -data info 
Execute         ap_part_info -name xczu3eg-sbva484-1-e -data info 
Execute         config_chip_info -quiet -resource {SLICE 8820} {LUT 70560} {FF 141120} {DSP48E 360} {BRAM 432} {URAM 0} 
Execute         ap_part_info -name xczu3eg-sbva484-1-e -data info 
Execute         config_chip_info -quiet -speed slow 
Execute       add_library xilinx/zynquplus/zynquplus_fpv7 
Execute         get_default_platform 
INFO: [HLS 200-10] Setting target device to 'xczu3eg-sbva484-1-e'
Execute       ap_part_info -name xczu3eg-sbva484-1-e -data info 
Execute       get_default_platform 
Command     set_part done; 1.5 sec.
Execute     ap_part_info -data single -name xczu3eg-sbva484-1-e 
Execute     ap_part_info -name xczu3eg-sbva484-1-e -data resources 
Execute     ap_part_info -name xczu3eg-sbva484-1-e -data info 
Execute     ap_part_info -name xczu3eg-sbva484-1-e -data info 
Execute     config_chip_info -quiet -resource {SLICE 8820} {LUT 70560} {FF 141120} {DSP48E 360} {BRAM 432} {URAM 0} 
Execute     ap_part_info -name xczu3eg-sbva484-1-e -data info 
Execute     config_chip_info -quiet -speed slow 
Execute     config_sdx -optimization_level=none 
Execute       send_msg_by_id INFO @200-435@%s%s 'config_sdx -optimization_level' config_export -vivado_optimization_level=2 
INFO: [HLS 200-435] Setting 'config_sdx -optimization_level' configuration: config_export -vivado_optimization_level=2
Execute       config_export -vivado_optimization_level=2 
Execute         get_config_export -vivado_impl_strategy 
Execute         get_config_export -vivado_phys_opt 
Execute     config_sdx -target=none 
Execute       send_msg_by_id INFO @200-435@%s%s 'config_sdx -target' config_export -vivado_optimization_level=2 
INFO: [HLS 200-435] Setting 'config_sdx -target' configuration: config_export -vivado_optimization_level=2
Execute       config_export -vivado_optimization_level=2 
Execute         get_config_export -vivado_impl_strategy 
Execute         get_config_export -vivado_phys_opt 
Execute       get_config_compile -pipeline_loops 
Execute       get_config_compile -name_max_length 
Execute       get_config_schedule -enable_dsp_full_reg 
Execute       get_config_rtl -register_reset_num 
Execute       get_config_rtl -module_auto_prefix 
Execute       get_config_interface -m_axi_addr64 
Execute       send_msg_by_id INFO @200-435@%s%s 'config_sdx -target' set_clock_uncertainty default 
INFO: [HLS 200-435] Setting 'config_sdx -target' configuration: set_clock_uncertainty default
Execute       set_clock_uncertainty default 
Execute     config_export -vivado_optimization_level=2 
Execute       get_config_export -vivado_impl_strategy 
Execute       get_config_export -vivado_phys_opt 
Command   open_solution done; 1.742 sec.
Execute   csim_design -O -ldflags -Wl,--stack,268435456 -clean -quiet 
INFO: [SIM 211-2] *************** CSIM start ***************
INFO: [SIM 211-4] CSIM will launch GCC as the compiler.
Execute     source csim/.lst_opt.tcl 
Execute     is_encrypted C:/Users/Aperture/Git/FracNetHLS-ImageNet-pg-alt/array_def.h 
Execute     is_xip C:/Users/Aperture/Git/FracNetHLS-ImageNet-pg-alt/array_def.h 
Execute     is_encrypted C:/Users/Aperture/Git/FracNetHLS-ImageNet-pg-alt/conv1_input.bin 
Execute     is_xip C:/Users/Aperture/Git/FracNetHLS-ImageNet-pg-alt/conv1_input.bin 
Execute     is_encrypted C:/Users/Aperture/Git/FracNetHLS-ImageNet-pg-alt/conv1x1_weights.bin 
Execute     is_xip C:/Users/Aperture/Git/FracNetHLS-ImageNet-pg-alt/conv1x1_weights.bin 
Execute     is_encrypted C:/Users/Aperture/Git/FracNetHLS-ImageNet-pg-alt/conv3x3_weights.bin 
Execute     is_xip C:/Users/Aperture/Git/FracNetHLS-ImageNet-pg-alt/conv3x3_weights.bin 
Execute     is_encrypted C:/Users/Aperture/Git/FracNetHLS-ImageNet-pg-alt/other_weights.bin 
Execute     is_xip C:/Users/Aperture/Git/FracNetHLS-ImageNet-pg-alt/other_weights.bin 
Execute     is_encrypted C:/Users/Aperture/Git/FracNetHLS-ImageNet-pg-alt/tb.cc 
Execute     is_xip C:/Users/Aperture/Git/FracNetHLS-ImageNet-pg-alt/tb.cc 
Execute     is_encrypted C:/Users/Aperture/Git/FracNetHLS-ImageNet-pg-alt/bnn.cc 
Execute     is_xip C:/Users/Aperture/Git/FracNetHLS-ImageNet-pg-alt/bnn.cc 
Execute     is_encrypted C:/Users/Aperture/Git/FracNetHLS-ImageNet-pg-alt/bnn.h 
Execute     is_xip C:/Users/Aperture/Git/FracNetHLS-ImageNet-pg-alt/bnn.h 
Execute     is_encrypted C:/Users/Aperture/Git/FracNetHLS-ImageNet-pg-alt/dimension_def.h 
Execute     is_xip C:/Users/Aperture/Git/FracNetHLS-ImageNet-pg-alt/dimension_def.h 
Execute     is_encrypted C:/Users/Aperture/Git/FracNetHLS-ImageNet-pg-alt/layer.h 
Execute     is_xip C:/Users/Aperture/Git/FracNetHLS-ImageNet-pg-alt/layer.h 
Execute     is_encrypted C:/Users/Aperture/Git/FracNetHLS-ImageNet-pg-alt/pgconv.h 
Execute     is_xip C:/Users/Aperture/Git/FracNetHLS-ImageNet-pg-alt/pgconv.h 
Execute     is_encrypted C:/Users/Aperture/Git/FracNetHLS-ImageNet-pg-alt/typedefs.h 
Execute     is_xip C:/Users/Aperture/Git/FracNetHLS-ImageNet-pg-alt/typedefs.h 
Execute     is_encrypted C:/Users/Aperture/Git/FracNetHLS-ImageNet-pg-alt/weights_conv1_32_ch32.h 
Execute     is_xip C:/Users/Aperture/Git/FracNetHLS-ImageNet-pg-alt/weights_conv1_32_ch32.h 
Execute     ap_part_info -name xczu3eg-sbva484-1-e -data info 
Execute     source run_sim.tcl 
Command     ap_source done; 159.061 sec.
INFO: [SIM 211-1] CSim done with 0 errors.
INFO: [SIM 211-3] *************** CSIM finish ***************
Command   csim_design done; 165.043 sec.
Command ap_source done; 166.79 sec.
Execute cleanup_all 
INFO-FLOW: Workspace C:/Users/Aperture/Git/FracNetHLS-ImageNet-pg-alt/model/solution1 opened at Mon Dec 07 21:01:47 -0600 2020
Execute     config_clock -quiet -name default -period 10 -default=false 
INFO: [SYN 201-201] Setting up clock 'default' with a period of 10ns.
Execute     config_clock -quiet -name default -uncertainty 1.25 -unit % 
INFO: [SYN 201-201] Setting up clock 'default' with an uncertainty of 1.25ns.
Execute     open_platform DefaultPlatform 
Execute     import_lib C:/Xilinx/Vivado/2019.2/common/technology/xilinx/zynquplus/zynquplus 
Execute       source C:/Xilinx/Vivado/2019.2/common/technology/xilinx/common/xilinx.lib 
Execute         source C:/Xilinx/Vivado/2019.2/common/technology/xilinx/interface/xilinx_interface.lib 
Execute           source C:/Xilinx/Vivado/2019.2/common/technology/xilinx/interface/plb46.lib 
Execute           source C:/Xilinx/Vivado/2019.2/common/technology/xilinx/interface/fsl.lib 
Execute           source C:/Xilinx/Vivado/2019.2/common/technology/xilinx/interface/axi4.lib 
Execute           source C:/Xilinx/Vivado/2019.2/common/technology/xilinx/interface/maxi.lib 
Execute           source C:/Xilinx/Vivado/2019.2/common/technology/xilinx/interface/saxilite.lib 
Execute         source C:/Xilinx/Vivado/2019.2/common/technology/xilinx/common/dsp48.lib 
Execute         source C:/Xilinx/Vivado/2019.2/common/technology/xilinx/ip/dds_compiler.lib 
Execute         source C:/Xilinx/Vivado/2019.2/common/technology/xilinx/ip/xfft.lib 
Execute         source C:/Xilinx/Vivado/2019.2/common/technology/xilinx/ip/xfir.lib 
Execute       source C:/Xilinx/Vivado/2019.2/common/technology/xilinx/common/xilinx.hlp 
Execute         source C:/Xilinx/Vivado/2019.2/common/technology/xilinx/common/target_info.tcl 
Execute         source C:/Xilinx/Vivado/2019.2/common/technology/xilinx/interface/xilinx_interface.hlp 
Execute           source C:/Xilinx/Vivado/2019.2/common/technology/xilinx/interface/maxi.hlp 
Execute           source C:/Xilinx/Vivado/2019.2/common/technology/xilinx/interface/saxilite.hlp 
Execute         source C:/Xilinx/Vivado/2019.2/common/technology/xilinx/common/dsp48.hlp 
Execute       source C:/Xilinx/Vivado/2019.2/common/technology/xilinx/zynquplus/dsp48e2.hlp 
Execute       source C:/Xilinx/Vivado/2019.2/common/technology/xilinx/common/xilinx.hlp 
Execute         source C:/Xilinx/Vivado/2019.2/common/technology/xilinx/common/target_info.tcl 
Execute         source C:/Xilinx/Vivado/2019.2/common/technology/xilinx/interface/xilinx_interface.hlp 
Execute           source C:/Xilinx/Vivado/2019.2/common/technology/xilinx/interface/maxi.hlp 
Execute           source C:/Xilinx/Vivado/2019.2/common/technology/xilinx/interface/saxilite.hlp 
Execute         source C:/Xilinx/Vivado/2019.2/common/technology/xilinx/common/dsp48.hlp 
Execute     source C:/Xilinx/Vivado/2019.2/common/technology/xilinx/zynquplus/zynquplus.gen 
Execute       source C:/Xilinx/Vivado/2019.2/common/technology/xilinx/common/xilinx.gen 
Execute         source C:/Xilinx/Vivado/2019.2/common/technology/xilinx/interface/plb46.gen 
Execute         source C:/Xilinx/Vivado/2019.2/common/technology/xilinx/interface/fsl.gen 
Execute         source C:/Xilinx/Vivado/2019.2/common/technology/xilinx/interface/axi4.gen 
Execute         source C:/Xilinx/Vivado/2019.2/common/technology/xilinx/interface/nativeAXI4.gen 
Execute           source C:/Xilinx/Vivado/2019.2/common/technology/xilinx/interface/saxilite.gen 
Execute           source C:/Xilinx/Vivado/2019.2/common/technology/xilinx/interface/maxi.gen 
Execute         source C:/Xilinx/Vivado/2019.2/common/technology/xilinx/scripts/xilinxcoregen.gen 
Execute         source C:/Xilinx/Vivado/2019.2/common/technology/xilinx/interface/XilEDKCoreGen.gen 
Execute         source C:/Xilinx/Vivado/2019.2/common/technology/xilinx/ip/dds_compiler.gen 
Execute         source C:/Xilinx/Vivado/2019.2/common/technology/xilinx/ip/util.gen 
Execute         source C:/Xilinx/Vivado/2019.2/common/technology/xilinx/ip/xfft.gen 
Execute         source C:/Xilinx/Vivado/2019.2/common/technology/xilinx/ip/xfir.gen 
Execute         source C:/Xilinx/Vivado/2019.2/common/technology/xilinx/common/dsp48.gen 
Command       ap_source done; 0.111 sec.
Command     ap_source done; 0.111 sec.
Execute     open_platform DefaultPlatform 
Execute     import_lib C:/Xilinx/Vivado/2019.2/common/technology/xilinx/zynquplus/zynquplus_fpv7 
Execute       source C:/Xilinx/Vivado/2019.2/common/technology/xilinx/common/xilinx_fp.lib 
Execute       source C:/Xilinx/Vivado/2019.2/common/technology/xilinx/common/xilinx_fp.hlp 
Execute         source C:/Xilinx/Vivado/2019.2/common/technology/xilinx/common/xilinx.hlp 
Execute           source C:/Xilinx/Vivado/2019.2/common/technology/xilinx/common/target_info.tcl 
Execute           source C:/Xilinx/Vivado/2019.2/common/technology/xilinx/interface/xilinx_interface.hlp 
Execute             source C:/Xilinx/Vivado/2019.2/common/technology/xilinx/interface/maxi.hlp 
Execute             source C:/Xilinx/Vivado/2019.2/common/technology/xilinx/interface/saxilite.hlp 
Execute           source C:/Xilinx/Vivado/2019.2/common/technology/xilinx/common/dsp48.hlp 
Execute     source C:/Xilinx/Vivado/2019.2/common/technology/xilinx/zynquplus/zynquplus_fpv7.gen 
Execute       source C:/Xilinx/Vivado/2019.2/common/technology/xilinx/common/xilinx_fp.gen 
Execute     set_part xczu3eg-sbva484-1-e 
Execute       ap_part_info -name xczu3eg-sbva484-1-e -data single -quiet 
Command       ap_part_info done; 1.556 sec.
Execute       ap_part_info -name xczu3eg-sbva484-1-e -data info 
Execute       add_library xilinx/zynquplus/zynquplus:xczu3eg:-sbva484:-1-e 
Execute         get_default_platform 
Execute         ap_part_info -data single -name xczu3eg-sbva484-1-e 
Execute         ap_part_info -name xczu3eg-sbva484-1-e -data resources 
Execute         ap_part_info -name xczu3eg-sbva484-1-e -data info 
Execute         ap_part_info -name xczu3eg-sbva484-1-e -data info 
Execute         config_chip_info -quiet -resource {SLICE 8820} {LUT 70560} {FF 141120} {DSP48E 360} {BRAM 432} {URAM 0} 
Execute         ap_part_info -name xczu3eg-sbva484-1-e -data info 
Execute         config_chip_info -quiet -speed slow 
Execute       add_library xilinx/zynquplus/zynquplus_fpv7 
Execute         get_default_platform 
INFO: [HLS 200-10] Setting target device to 'xczu3eg-sbva484-1-e'
Execute       ap_part_info -name xczu3eg-sbva484-1-e -data info 
Execute       get_default_platform 
Command     set_part done; 1.726 sec.
Execute     ap_part_info -data single -name xczu3eg-sbva484-1-e 
Execute     ap_part_info -name xczu3eg-sbva484-1-e -data resources 
Execute     ap_part_info -name xczu3eg-sbva484-1-e -data info 
Execute     ap_part_info -name xczu3eg-sbva484-1-e -data info 
Execute     config_chip_info -quiet -resource {SLICE 8820} {LUT 70560} {FF 141120} {DSP48E 360} {BRAM 432} {URAM 0} 
Execute     ap_part_info -name xczu3eg-sbva484-1-e -data info 
Execute     config_chip_info -quiet -speed slow 
Execute     config_sdx -optimization_level=none 
Execute       send_msg_by_id INFO @200-435@%s%s 'config_sdx -optimization_level' config_export -vivado_optimization_level=2 
INFO: [HLS 200-435] Setting 'config_sdx -optimization_level' configuration: config_export -vivado_optimization_level=2
Execute       config_export -vivado_optimization_level=2 
Execute         get_config_export -vivado_impl_strategy 
Execute         get_config_export -vivado_phys_opt 
Execute     config_sdx -target=none 
Execute       send_msg_by_id INFO @200-435@%s%s 'config_sdx -target' config_export -vivado_optimization_level=2 
INFO: [HLS 200-435] Setting 'config_sdx -target' configuration: config_export -vivado_optimization_level=2
Execute       config_export -vivado_optimization_level=2 
Execute         get_config_export -vivado_impl_strategy 
Execute         get_config_export -vivado_phys_opt 
Execute       get_config_compile -pipeline_loops 
Execute       get_config_compile -name_max_length 
Execute       get_config_schedule -enable_dsp_full_reg 
Execute       get_config_rtl -register_reset_num 
Execute       get_config_rtl -module_auto_prefix 
Execute       get_config_interface -m_axi_addr64 
Execute       send_msg_by_id INFO @200-435@%s%s 'config_sdx -target' set_clock_uncertainty default 
INFO: [HLS 200-435] Setting 'config_sdx -target' configuration: set_clock_uncertainty default
Execute       set_clock_uncertainty default 
Execute     config_export -vivado_optimization_level=2 
Execute       get_config_export -vivado_impl_strategy 
Execute       get_config_export -vivado_phys_opt 
Command   open_solution done; 1.965 sec.
Execute   csim_design -O -ldflags -Wl,--stack,268435456 -clean -quiet 
INFO: [SIM 211-2] *************** CSIM start ***************
INFO: [SIM 211-4] CSIM will launch GCC as the compiler.
Execute     source csim/.lst_opt.tcl 
Execute     is_encrypted C:/Users/Aperture/Git/FracNetHLS-ImageNet-pg-alt/array_def.h 
Execute     is_xip C:/Users/Aperture/Git/FracNetHLS-ImageNet-pg-alt/array_def.h 
Execute     is_encrypted C:/Users/Aperture/Git/FracNetHLS-ImageNet-pg-alt/conv1_input.bin 
Execute     is_xip C:/Users/Aperture/Git/FracNetHLS-ImageNet-pg-alt/conv1_input.bin 
Execute     is_encrypted C:/Users/Aperture/Git/FracNetHLS-ImageNet-pg-alt/conv1x1_weights.bin 
Execute     is_xip C:/Users/Aperture/Git/FracNetHLS-ImageNet-pg-alt/conv1x1_weights.bin 
Execute     is_encrypted C:/Users/Aperture/Git/FracNetHLS-ImageNet-pg-alt/conv3x3_weights.bin 
Execute     is_xip C:/Users/Aperture/Git/FracNetHLS-ImageNet-pg-alt/conv3x3_weights.bin 
Execute     is_encrypted C:/Users/Aperture/Git/FracNetHLS-ImageNet-pg-alt/other_weights.bin 
Execute     is_xip C:/Users/Aperture/Git/FracNetHLS-ImageNet-pg-alt/other_weights.bin 
Execute     is_encrypted C:/Users/Aperture/Git/FracNetHLS-ImageNet-pg-alt/tb.cc 
Execute     is_xip C:/Users/Aperture/Git/FracNetHLS-ImageNet-pg-alt/tb.cc 
Execute     is_encrypted C:/Users/Aperture/Git/FracNetHLS-ImageNet-pg-alt/bnn.cc 
Execute     is_xip C:/Users/Aperture/Git/FracNetHLS-ImageNet-pg-alt/bnn.cc 
Execute     is_encrypted C:/Users/Aperture/Git/FracNetHLS-ImageNet-pg-alt/bnn.h 
Execute     is_xip C:/Users/Aperture/Git/FracNetHLS-ImageNet-pg-alt/bnn.h 
Execute     is_encrypted C:/Users/Aperture/Git/FracNetHLS-ImageNet-pg-alt/dimension_def.h 
Execute     is_xip C:/Users/Aperture/Git/FracNetHLS-ImageNet-pg-alt/dimension_def.h 
Execute     is_encrypted C:/Users/Aperture/Git/FracNetHLS-ImageNet-pg-alt/layer.h 
Execute     is_xip C:/Users/Aperture/Git/FracNetHLS-ImageNet-pg-alt/layer.h 
Execute     is_encrypted C:/Users/Aperture/Git/FracNetHLS-ImageNet-pg-alt/pgconv.h 
Execute     is_xip C:/Users/Aperture/Git/FracNetHLS-ImageNet-pg-alt/pgconv.h 
Execute     is_encrypted C:/Users/Aperture/Git/FracNetHLS-ImageNet-pg-alt/typedefs.h 
Execute     is_xip C:/Users/Aperture/Git/FracNetHLS-ImageNet-pg-alt/typedefs.h 
Execute     is_encrypted C:/Users/Aperture/Git/FracNetHLS-ImageNet-pg-alt/weights_conv1_32_ch32.h 
Execute     is_xip C:/Users/Aperture/Git/FracNetHLS-ImageNet-pg-alt/weights_conv1_32_ch32.h 
Execute     ap_part_info -name xczu3eg-sbva484-1-e -data info 
Execute     source run_sim.tcl 
Command     ap_source done; 159.166 sec.
INFO: [SIM 211-1] CSim done with 0 errors.
INFO: [SIM 211-3] *************** CSIM finish ***************
Command   csim_design done; 164.117 sec.
Command ap_source done; 166.085 sec.
Execute cleanup_all 
INFO-FLOW: Workspace C:/Users/Aperture/Git/FracNetHLS-ImageNet-pg-alt/model/solution1 opened at Mon Dec 07 21:07:44 -0600 2020
Execute     config_clock -quiet -name default -period 10 -default=false 
INFO: [SYN 201-201] Setting up clock 'default' with a period of 10ns.
Execute     config_clock -quiet -name default -uncertainty 1.25 -unit % 
INFO: [SYN 201-201] Setting up clock 'default' with an uncertainty of 1.25ns.
Execute     open_platform DefaultPlatform 
Execute     import_lib C:/Xilinx/Vivado/2019.2/common/technology/xilinx/zynquplus/zynquplus 
Execute       source C:/Xilinx/Vivado/2019.2/common/technology/xilinx/common/xilinx.lib 
Execute         source C:/Xilinx/Vivado/2019.2/common/technology/xilinx/interface/xilinx_interface.lib 
Execute           source C:/Xilinx/Vivado/2019.2/common/technology/xilinx/interface/plb46.lib 
Execute           source C:/Xilinx/Vivado/2019.2/common/technology/xilinx/interface/fsl.lib 
Execute           source C:/Xilinx/Vivado/2019.2/common/technology/xilinx/interface/axi4.lib 
Execute           source C:/Xilinx/Vivado/2019.2/common/technology/xilinx/interface/maxi.lib 
Execute           source C:/Xilinx/Vivado/2019.2/common/technology/xilinx/interface/saxilite.lib 
Execute         source C:/Xilinx/Vivado/2019.2/common/technology/xilinx/common/dsp48.lib 
Execute         source C:/Xilinx/Vivado/2019.2/common/technology/xilinx/ip/dds_compiler.lib 
Execute         source C:/Xilinx/Vivado/2019.2/common/technology/xilinx/ip/xfft.lib 
Execute         source C:/Xilinx/Vivado/2019.2/common/technology/xilinx/ip/xfir.lib 
Execute       source C:/Xilinx/Vivado/2019.2/common/technology/xilinx/common/xilinx.hlp 
Execute         source C:/Xilinx/Vivado/2019.2/common/technology/xilinx/common/target_info.tcl 
Execute         source C:/Xilinx/Vivado/2019.2/common/technology/xilinx/interface/xilinx_interface.hlp 
Execute           source C:/Xilinx/Vivado/2019.2/common/technology/xilinx/interface/maxi.hlp 
Execute           source C:/Xilinx/Vivado/2019.2/common/technology/xilinx/interface/saxilite.hlp 
Execute         source C:/Xilinx/Vivado/2019.2/common/technology/xilinx/common/dsp48.hlp 
Execute       source C:/Xilinx/Vivado/2019.2/common/technology/xilinx/zynquplus/dsp48e2.hlp 
Execute       source C:/Xilinx/Vivado/2019.2/common/technology/xilinx/common/xilinx.hlp 
Execute         source C:/Xilinx/Vivado/2019.2/common/technology/xilinx/common/target_info.tcl 
Execute         source C:/Xilinx/Vivado/2019.2/common/technology/xilinx/interface/xilinx_interface.hlp 
Execute           source C:/Xilinx/Vivado/2019.2/common/technology/xilinx/interface/maxi.hlp 
Execute           source C:/Xilinx/Vivado/2019.2/common/technology/xilinx/interface/saxilite.hlp 
Execute         source C:/Xilinx/Vivado/2019.2/common/technology/xilinx/common/dsp48.hlp 
Execute     source C:/Xilinx/Vivado/2019.2/common/technology/xilinx/zynquplus/zynquplus.gen 
Execute       source C:/Xilinx/Vivado/2019.2/common/technology/xilinx/common/xilinx.gen 
Execute         source C:/Xilinx/Vivado/2019.2/common/technology/xilinx/interface/plb46.gen 
Execute         source C:/Xilinx/Vivado/2019.2/common/technology/xilinx/interface/fsl.gen 
Execute         source C:/Xilinx/Vivado/2019.2/common/technology/xilinx/interface/axi4.gen 
Execute         source C:/Xilinx/Vivado/2019.2/common/technology/xilinx/interface/nativeAXI4.gen 
Execute           source C:/Xilinx/Vivado/2019.2/common/technology/xilinx/interface/saxilite.gen 
Execute           source C:/Xilinx/Vivado/2019.2/common/technology/xilinx/interface/maxi.gen 
Execute         source C:/Xilinx/Vivado/2019.2/common/technology/xilinx/scripts/xilinxcoregen.gen 
Execute         source C:/Xilinx/Vivado/2019.2/common/technology/xilinx/interface/XilEDKCoreGen.gen 
Execute         source C:/Xilinx/Vivado/2019.2/common/technology/xilinx/ip/dds_compiler.gen 
Execute         source C:/Xilinx/Vivado/2019.2/common/technology/xilinx/ip/util.gen 
Execute         source C:/Xilinx/Vivado/2019.2/common/technology/xilinx/ip/xfft.gen 
Execute         source C:/Xilinx/Vivado/2019.2/common/technology/xilinx/ip/xfir.gen 
Execute         source C:/Xilinx/Vivado/2019.2/common/technology/xilinx/common/dsp48.gen 
Command       ap_source done; 0.147 sec.
Command     ap_source done; 0.148 sec.
Execute     open_platform DefaultPlatform 
Execute     import_lib C:/Xilinx/Vivado/2019.2/common/technology/xilinx/zynquplus/zynquplus_fpv7 
Execute       source C:/Xilinx/Vivado/2019.2/common/technology/xilinx/common/xilinx_fp.lib 
Execute       source C:/Xilinx/Vivado/2019.2/common/technology/xilinx/common/xilinx_fp.hlp 
Execute         source C:/Xilinx/Vivado/2019.2/common/technology/xilinx/common/xilinx.hlp 
Execute           source C:/Xilinx/Vivado/2019.2/common/technology/xilinx/common/target_info.tcl 
Execute           source C:/Xilinx/Vivado/2019.2/common/technology/xilinx/interface/xilinx_interface.hlp 
Execute             source C:/Xilinx/Vivado/2019.2/common/technology/xilinx/interface/maxi.hlp 
Execute             source C:/Xilinx/Vivado/2019.2/common/technology/xilinx/interface/saxilite.hlp 
Execute           source C:/Xilinx/Vivado/2019.2/common/technology/xilinx/common/dsp48.hlp 
Execute     source C:/Xilinx/Vivado/2019.2/common/technology/xilinx/zynquplus/zynquplus_fpv7.gen 
Execute       source C:/Xilinx/Vivado/2019.2/common/technology/xilinx/common/xilinx_fp.gen 
Execute     set_part xczu3eg-sbva484-1-e 
Execute       ap_part_info -name xczu3eg-sbva484-1-e -data single -quiet 
Command       ap_part_info done; 1.336 sec.
Execute       ap_part_info -name xczu3eg-sbva484-1-e -data info 
Execute       add_library xilinx/zynquplus/zynquplus:xczu3eg:-sbva484:-1-e 
Execute         get_default_platform 
Execute         ap_part_info -data single -name xczu3eg-sbva484-1-e 
Execute         ap_part_info -name xczu3eg-sbva484-1-e -data resources 
Execute         ap_part_info -name xczu3eg-sbva484-1-e -data info 
Execute         ap_part_info -name xczu3eg-sbva484-1-e -data info 
Execute         config_chip_info -quiet -resource {SLICE 8820} {LUT 70560} {FF 141120} {DSP48E 360} {BRAM 432} {URAM 0} 
Execute         ap_part_info -name xczu3eg-sbva484-1-e -data info 
Execute         config_chip_info -quiet -speed slow 
Execute       add_library xilinx/zynquplus/zynquplus_fpv7 
Execute         get_default_platform 
INFO: [HLS 200-10] Setting target device to 'xczu3eg-sbva484-1-e'
Execute       ap_part_info -name xczu3eg-sbva484-1-e -data info 
Execute       get_default_platform 
Command     set_part done; 1.53 sec.
Execute     ap_part_info -data single -name xczu3eg-sbva484-1-e 
Execute     ap_part_info -name xczu3eg-sbva484-1-e -data resources 
Execute     ap_part_info -name xczu3eg-sbva484-1-e -data info 
Execute     ap_part_info -name xczu3eg-sbva484-1-e -data info 
Execute     config_chip_info -quiet -resource {SLICE 8820} {LUT 70560} {FF 141120} {DSP48E 360} {BRAM 432} {URAM 0} 
Execute     ap_part_info -name xczu3eg-sbva484-1-e -data info 
Execute     config_chip_info -quiet -speed slow 
Execute     config_sdx -optimization_level=none 
Execute       send_msg_by_id INFO @200-435@%s%s 'config_sdx -optimization_level' config_export -vivado_optimization_level=2 
INFO: [HLS 200-435] Setting 'config_sdx -optimization_level' configuration: config_export -vivado_optimization_level=2
Execute       config_export -vivado_optimization_level=2 
Execute         get_config_export -vivado_impl_strategy 
Execute         get_config_export -vivado_phys_opt 
Execute     config_sdx -target=none 
Execute       send_msg_by_id INFO @200-435@%s%s 'config_sdx -target' config_export -vivado_optimization_level=2 
INFO: [HLS 200-435] Setting 'config_sdx -target' configuration: config_export -vivado_optimization_level=2
Execute       config_export -vivado_optimization_level=2 
Execute         get_config_export -vivado_impl_strategy 
Execute         get_config_export -vivado_phys_opt 
Execute       get_config_compile -pipeline_loops 
Execute       get_config_compile -name_max_length 
Execute       get_config_schedule -enable_dsp_full_reg 
Execute       get_config_rtl -register_reset_num 
Execute       get_config_rtl -module_auto_prefix 
Execute       get_config_interface -m_axi_addr64 
Execute       send_msg_by_id INFO @200-435@%s%s 'config_sdx -target' set_clock_uncertainty default 
INFO: [HLS 200-435] Setting 'config_sdx -target' configuration: set_clock_uncertainty default
Execute       set_clock_uncertainty default 
Execute     config_export -vivado_optimization_level=2 
Execute       get_config_export -vivado_impl_strategy 
Execute       get_config_export -vivado_phys_opt 
Command   open_solution done; 1.801 sec.
Execute   csim_design -O -ldflags -Wl,--stack,268435456 -clean -quiet 
INFO: [SIM 211-2] *************** CSIM start ***************
INFO: [SIM 211-4] CSIM will launch GCC as the compiler.
Execute     source csim/.lst_opt.tcl 
Execute     is_encrypted C:/Users/Aperture/Git/FracNetHLS-ImageNet-pg-alt/array_def.h 
Execute     is_xip C:/Users/Aperture/Git/FracNetHLS-ImageNet-pg-alt/array_def.h 
Execute     is_encrypted C:/Users/Aperture/Git/FracNetHLS-ImageNet-pg-alt/conv1_input.bin 
Execute     is_xip C:/Users/Aperture/Git/FracNetHLS-ImageNet-pg-alt/conv1_input.bin 
Execute     is_encrypted C:/Users/Aperture/Git/FracNetHLS-ImageNet-pg-alt/conv1x1_weights.bin 
Execute     is_xip C:/Users/Aperture/Git/FracNetHLS-ImageNet-pg-alt/conv1x1_weights.bin 
Execute     is_encrypted C:/Users/Aperture/Git/FracNetHLS-ImageNet-pg-alt/conv3x3_weights.bin 
Execute     is_xip C:/Users/Aperture/Git/FracNetHLS-ImageNet-pg-alt/conv3x3_weights.bin 
Execute     is_encrypted C:/Users/Aperture/Git/FracNetHLS-ImageNet-pg-alt/other_weights.bin 
Execute     is_xip C:/Users/Aperture/Git/FracNetHLS-ImageNet-pg-alt/other_weights.bin 
Execute     is_encrypted C:/Users/Aperture/Git/FracNetHLS-ImageNet-pg-alt/tb.cc 
Execute     is_xip C:/Users/Aperture/Git/FracNetHLS-ImageNet-pg-alt/tb.cc 
Execute     is_encrypted C:/Users/Aperture/Git/FracNetHLS-ImageNet-pg-alt/bnn.cc 
Execute     is_xip C:/Users/Aperture/Git/FracNetHLS-ImageNet-pg-alt/bnn.cc 
Execute     is_encrypted C:/Users/Aperture/Git/FracNetHLS-ImageNet-pg-alt/bnn.h 
Execute     is_xip C:/Users/Aperture/Git/FracNetHLS-ImageNet-pg-alt/bnn.h 
Execute     is_encrypted C:/Users/Aperture/Git/FracNetHLS-ImageNet-pg-alt/dimension_def.h 
Execute     is_xip C:/Users/Aperture/Git/FracNetHLS-ImageNet-pg-alt/dimension_def.h 
Execute     is_encrypted C:/Users/Aperture/Git/FracNetHLS-ImageNet-pg-alt/layer.h 
Execute     is_xip C:/Users/Aperture/Git/FracNetHLS-ImageNet-pg-alt/layer.h 
Execute     is_encrypted C:/Users/Aperture/Git/FracNetHLS-ImageNet-pg-alt/pgconv.h 
Execute     is_xip C:/Users/Aperture/Git/FracNetHLS-ImageNet-pg-alt/pgconv.h 
Execute     is_encrypted C:/Users/Aperture/Git/FracNetHLS-ImageNet-pg-alt/typedefs.h 
Execute     is_xip C:/Users/Aperture/Git/FracNetHLS-ImageNet-pg-alt/typedefs.h 
Execute     is_encrypted C:/Users/Aperture/Git/FracNetHLS-ImageNet-pg-alt/weights_conv1_32_ch32.h 
Execute     is_xip C:/Users/Aperture/Git/FracNetHLS-ImageNet-pg-alt/weights_conv1_32_ch32.h 
Execute     ap_part_info -name xczu3eg-sbva484-1-e -data info 
Execute     source run_sim.tcl 
Command     ap_source done; 158.074 sec.
INFO: [SIM 211-1] CSim done with 0 errors.
INFO: [SIM 211-3] *************** CSIM finish ***************
Command   csim_design done; 163.556 sec.
Command ap_source done; 165.362 sec.
Execute cleanup_all 
