INFO: [HLS 200-10] Running 'C:/Xilinx/Vivado/2019.2/bin/unwrapped/win64.o/vivado_hls.exe'
INFO: [HLS 200-10] For user 'Aperture' on host 'desktop-apertur' (Windows NT_amd64 version 6.2) on Tue Dec 08 04:05:18 -0600 2020
INFO: [HLS 200-10] In directory 'C:/Users/Aperture/Git/FracNetHLS-ImageNet-pg-alt'
Sourcing Tcl script 'C:/Users/Aperture/Git/FracNetHLS-ImageNet-pg-alt/model/solution1/csim.tcl'
INFO: [HLS 200-10] Opening project 'C:/Users/Aperture/Git/FracNetHLS-ImageNet-pg-alt/model'.
INFO: [HLS 200-10] Opening solution 'C:/Users/Aperture/Git/FracNetHLS-ImageNet-pg-alt/model/solution1'.
INFO: [SYN 201-201] Setting up clock 'default' with a period of 10ns.
INFO: [SYN 201-201] Setting up clock 'default' with an uncertainty of 1.25ns.
INFO: [HLS 200-10] Setting target device to 'xczu3eg-sbva484-1-e'
INFO: [HLS 200-435] Setting 'config_sdx -optimization_level' configuration: config_export -vivado_optimization_level=2
INFO: [HLS 200-435] Setting 'config_sdx -target' configuration: config_export -vivado_optimization_level=2
INFO: [HLS 200-435] Setting 'config_sdx -target' configuration: set_clock_uncertainty default
INFO: [SIM 211-2] *************** CSIM start ***************
INFO: [SIM 211-4] CSIM will launch GCC as the compiler.
   Compiling ../../../../tb.cc in release mode
   Compiling ../../../../bnn.cc in release mode
   Generating csim.exe
In file included from C:/Xilinx/Vivado/2019.2/include/floating_point_v7_0_bitacc_cmodel.h:143:0,
                 from C:/Xilinx/Vivado/2019.2/include/hls_fpo.h:186,
                 from C:/Xilinx/Vivado/2019.2/include/hls_half.h:44,
                 from C:/Xilinx/Vivado/2019.2/include/etc/ap_private.h:90,
                 from C:/Xilinx/Vivado/2019.2/include/ap_common.h:641,
                 from C:/Xilinx/Vivado/2019.2/include/ap_int.h:54,
                 from ../../../../typedefs.h:6,
                 from ../../../../bnn.h:4,
                 from ../../../../tb.cc:2:
C:/Xilinx/Vivado/2019.2/include/gmp.h:62:0: warning: "__GMP_LIBGMP_DLL" redefined
 #define __GMP_LIBGMP_DLL  0
 
In file included from C:/Xilinx/Vivado/2019.2/include/hls_fpo.h:186:0,
                 from C:/Xilinx/Vivado/2019.2/include/hls_half.h:44,
                 from C:/Xilinx/Vivado/2019.2/include/etc/ap_private.h:90,
                 from C:/Xilinx/Vivado/2019.2/include/ap_common.h:641,
                 from C:/Xilinx/Vivado/2019.2/include/ap_int.h:54,
                 from ../../../../typedefs.h:6,
                 from ../../../../bnn.h:4,
                 from ../../../../tb.cc:2:
C:/Xilinx/Vivado/2019.2/include/floating_point_v7_0_bitacc_cmodel.h:135:0: note: this is the location of the previous definition
 #define __GMP_LIBGMP_DLL 1
 
In file included from C:/Xilinx/Vivado/2019.2/include/floating_point_v7_0_bitacc_cmodel.h:143:0,
                 from C:/Xilinx/Vivado/2019.2/include/hls_fpo.h:186,
                 from C:/Xilinx/Vivado/2019.2/include/hls_half.h:44,
                 from C:/Xilinx/Vivado/2019.2/include/etc/ap_private.h:90,
                 from C:/Xilinx/Vivado/2019.2/include/ap_common.h:641,
                 from C:/Xilinx/Vivado/2019.2/include/ap_int.h:54,
                 from ../../../../typedefs.h:6,
                 from ../../../../bnn.h:4,
                 from ../../../../bnn.cc:1:
C:/Xilinx/Vivado/2019.2/include/gmp.h:62:0: warning: "__GMP_LIBGMP_DLL" redefined
 #define __GMP_LIBGMP_DLL  0
 
In file included from C:/Xilinx/Vivado/2019.2/include/hls_fpo.h:186:0,
                 from C:/Xilinx/Vivado/2019.2/include/hls_half.h:44,
                 from C:/Xilinx/Vivado/2019.2/include/etc/ap_private.h:90,
                 from C:/Xilinx/Vivado/2019.2/include/ap_common.h:641,
                 from C:/Xilinx/Vivado/2019.2/include/ap_int.h:54,
                 from ../../../../typedefs.h:6,
                 from ../../../../bnn.h:4,
                 from ../../../../bnn.cc:1:
C:/Xilinx/Vivado/2019.2/include/floating_point_v7_0_bitacc_cmodel.h:135:0: note: this is the location of the previous definition
 #define __GMP_LIBGMP_DLL 1
 
image 0
Weights loading success 
Done conv1
Done layer 1
-32  -12  1.33333  -18.6667  -2.66667  -9.33333  -20  -20  -13.3333  -17.3333  -10.6667  -4  -29.3333  -28  -34.6667  -13.3333  -40  -26.6667  -37.3333  -33.3333  -28  -37.3333  -36  -29.3333  -18.6667  -8  -1.33333  2.66667  -4  0.666666  -2.66667  -13.3333  
-38.6667  28  26.6667  47.3333  10  13.3333  24.6667  26.6667  30  27.3333  14.6667  10  13.3333  -2.66667  16.6667  1.33333  4.66666  1.33333  12  3.99999  20.6667  8.66668  1.99999  20  -14.6667  25.3333  22  20  0  21.3333  -1.3113e-006  -5.33333  
-36  24  37.3333  38.6667  28  26  19.3333  22.6667  24  28  18  18.6667  13.3333  13.3333  15.3333  16  2  16  19.3333  11.3333  26.6667  18  19.3333  14  -16  17.3333  27.3333  21.3333  8.00001  -1.33333  -9.33333  -10.6667  
-36  24  34.6666  45.3333  5.33333  18  1.33333  20  11.3333  20  14.6667  25.3333  17.3333  13.3333  16.6667  0  14  20.6667  16.6667  24.6667  17.3333  14  19.3333  2.66667  -1.33333  26  -4  25.3333  20.6667  2.66667  30.6667  36.6667  
-36  24  39.3333  42.6667  0  8.66667  21.3333  17.3333  16  22  14.6667  16.6667  17.3333  19.3333  15.3333  16.6667  16.6667  16.6667  16.6667  16.6667  16.6667  16.6667  30  24.6667  8.66667  1.33333  20  -10.6667  26  24  -1.33333  22.6667  
-36  24  35.3333  45.3333  6  21.3333  20  11.3333  12  18  20.6667  14.6667  16.6667  24  18.6667  16.6667  16.6667  16.6667  16.6667  17.3333  20  11.3333  30.6667  19.3333  19.3334  22.6667  24.6667  22  5.33333  19.3333  -8  16.6667  
-36  24  35.3333  40.6667  18  18.6667  20.6667  14  16.6667  16.6667  25.3333  24  4.66666  26.6667  14.6667  16.6667  16.6667  18  20.6667  21.3333  23.3333  13.3333  19.3333  16.6667  15.3333  20.6667  17.3333  39.3333  18.6667  12.6667  24  36  
-36  24  39.3333  52  17.3333  19.3333  19.3333  19.3333  16.6667  16.6667  16.6667  14.6667  16.6667  12.6667  18  19.3334  22.6667  14  22  16.6667  13.3333  17.3333  15.3333  -9.33333  30  22  22  12  -1.33333  3.99999  14.6667  34.6667  
-36  24  40  32.6667  14  20.6667  18.6667  16.6667  13.3333  16.6667  17.3333  21.3333  15.3333  14  36  20  8.66666  20  19.3333  16.6667  12.6667  11.3333  18  30  35.3333  17.3333  -1.33333  27.3333  2  20.6667  30.6667  38.6667  
-36  24  37.3333  38  13.3333  16  11.3333  26  7.33333  20.6667  22.6667  23.3333  19.3333  1.33333  20  12.6667  26  28  24.6667  23.3333  -1.33333  22  16  30.6667  45.3333  10  20.6667  22  24  26  27.3333  16.6667  
-36  24  44  46  22  22.6667  20.6667  30  1.33333  21.3333  17.3333  6  16.6667  16.6667  18.6667  20  16.6667  -4  26.6667  17.3333  3.99999  -9.33333  28.6667  26  48.6666  32  10.6667  -4  24  26.6667  2.66667  8.66667  
-36  24  39.3333  46.6667  8  18  15.3333  16.6667  16  18.6667  15.3333  16  16.6667  16.6667  19.3333  18.6667  8  2.66667  4  16.6667  33.3333  33.3333  31.3333  27.3333  64  18.6667  16.6667  24  19.3333  16.6667  14.6667  -5.33333  
-36  24  35.3333  46  5.33333  27.3333  21.3333  20.6667  12  17.3333  23.3333  15.3333  16.6667  19.3333  24.6667  22  -5.33333  -2.66667  33.3333  29.3333  25.3334  22.6667  30  20  53.3333  32.6667  29.3333  13.3333  24.6667  27.3333  -1.33333  -4  
-36  24  35.3333  46  5.33333  19.3333  12.6667  16  8.66666  18  20.6667  15.3333  16.6667  16  -1.33333  14  8.66667  14.6667  36.6667  24  34.6666  20  20  28  36  42  20.6667  7.33333  22  21.3333  22  -1.33333  
-36  24  35.3333  46  8  18  27.3333  24.6667  16.6667  16.6667  16.6667  20  14.6667  14.6667  22  0  2  1.33333  22.6667  28  22.6667  45.3333  14  24  32  44.6667  17.3333  10.6667  22.6667  -8  24.6666  16  
-36  24  37.3333  44  8.66667  12.6667  26.6667  10.6667  18.6667  16.6667  16.6667  16  16  20  16  -9.33333  7.33333  40  8  29.3333  2.66667  39.3334  18  23.3333  40  50.6667  33.3333  -1.33333  0  29.3333  8.66667  28  
-36  24  44.6666  38  22.6667  21.3333  20.6667  23.3333  15.3333  21.3333  19.3333  15.3333  17.3333  22  1.33333  2.66667  15.3333  20.6667  12.6667  16.6667  22  25.3333  2.66667  32.6667  18.6667  12.6667  35.3333  24  19.3333  6.00001  9.33333  13.3333  
-36  24  39.3333  38.6667  8.66666  16  22  1.33333  20.6667  28  14.6667  16.6667  16.6667  18.6667  1.33333  10.6667  -1.3113e-006  18  8.66666  22  8  20.6667  28.6667  21.3333  1.33333  51.3333  28.6667  32.6667  22.6667  20.6667  19.3333  2.66667  
-36  24  35.3333  47.3333  4  23.3333  14.6667  16  22.6667  2.66667  32.6667  14  14.6667  11.3333  2  8  12.6667  32  11.3333  18  26  28.6667  1.33333  18.6667  24  22  22  36  36  -5.33333  -1.33333  -8  
-36  24  35.3333  46  5.33333  16.6667  16.6667  16.6667  16.6667  13.3333  14  12.6667  20  16.6667  22  -25.3333  39.3333  -9.33333  35.3333  16.6667  9.99999  24  18  22  20  31.3333  34  45.3333  -5.33333  17.3333  21.3333  25.3333  
-36  24  35.3333  46  5.99999  20  14  16.6667  16.6667  16.6667  15.3333  18  17.3333  16  24.6667  -33.3333  58.6667  -17.3333  18.6667  36  8.66667  22  24  20  12  32.6667  30.6667  14.6667  6  9.33333  36  31.3333  
-36  24  35.3333  43.3333  27.3333  22.6667  19.3333  14.6667  15.3333  16  17.3333  0  26.6667  8  15.3333  -6.66667  14.6667  29.3333  -1.33333  19.3333  18.6667  24  -5.33333  16  26.6667  31.3333  30.6667  24  22.6667  33.3333  18  21.3333  
-36  24  35.3333  39.3333  2.68221e-007  15.3333  9.33333  14.6667  22.6667  23.3333  17.3333  24  18.6667  2.66667  13.3333  -5.33333  13.3333  47.3333  27.3333  12.6667  6  33.3333  23.3333  0  0  12.6667  -2.66667  28.6667  14  28  32.6667  8  
-36  24  35.3333  44.6667  11.3333  16.6667  20.6667  20  28  11.3333  20  16  20  22.6667  0  4.66666  2.66667  9.33333  30  9.33333  16.6667  24  19.3333  26.6667  22.6667  20.6667  28.6667  -1.33333  34  35.3333  21.3333  30.6667  
-36  24  35.3333  48  8.66666  26  24  14.6667  15.3333  12.6667  16.6667  19.3333  33.3333  -4  10.6667  9.33333  10.6667  2.66667  26  22  17.3333  26.6667  26.6667  -5.33333  24.6667  22  30.6667  1.33333  15.3333  7.33334  15.3333  24  
-36  24  35.3333  44.6667  0  23.3333  25.3333  18  12  14.6667  20  14  15.3333  28  24  6.66666  2.66667  6.66666  17.3333  15.3333  18.6667  46  32  22.6667  0  38.6667  0  -1.33333  14  21.3333  9.33334  28.6667  
-36  24  34  43.3333  -4  12  23.3333  17.3333  14  23.3333  21.3333  10.6667  18  24.6667  19.3333  -4  -2.66667  14.6667  35.3333  4  28.6667  32.6667  28  20  22.6667  24.6667  7.33334  18  28.6667  19.3333  24.6667  31.3333  
-36  24  37.3333  37.3333  20.6667  20  20.6667  22  16.6667  21.3333  14  24  28.6667  27.3333  24  20  -1.33333  -1.33333  -18.6667  -6.66667  7.33334  9.33333  -5.33333  20  18  9.33333  10  34  2.66667  10.6667  17.3333  30.6667  
-36  24  35.3333  39.3333  26  12  17.3333  8  24  -2.66667  16  25.3333  27.3333  27.3333  27.3333  26  14.6667  39.3333  -8  21.3333  20.6667  20.6667  -9.33333  12.6667  18  -5.33333  1.33333  36.6667  16  19.3333  25.3333  -1.33333  
-36  24  35.3333  48  12.6667  9.33333  16  21.3333  25.3333  9.33333  20  27.3333  27.3333  27.3333  27.3333  27.3333  20.6667  15.3333  -5.33333  18  16  29.3333  2.66667  -1.33333  23.3333  25.3333  -5.33333  15.3333  30  18.6667  25.3333  -1.33333  
-36  24  35.3333  42.6667  22  16  16.6667  14.6667  11.3333  -1.33333  25.3333  27.3333  30  16.6667  23.3333  28.6667  38.6667  34  -12  33.3333  15.3333  30  42  -6.66667  0  14.6667  7.33333  24  21.3333  26.6667  20.6667  22.6667  
-36  24  37.3333  40  22.6667  18.6667  16.6667  20  12.6667  20.6667  2  29.3333  25.3333  54.6667  -14.6667  24.6667  29.3333  34  -1.33333  30.6667  -1.33333  30  18.6667  18  0  20.6667  32  28  23.3333  27.3333  26  26.6667  
---------- SW above ------------
0  1.33333  1.33333  -2.66667  4  3.33333  -12  -6.66667  -2.66667  2  2.66667  7.33333  0  8.66667  -5.33333  4  0  2.66667  -8  -1.33333  -4.66667  -5.33333  -1.33333  -2.66667  -5.33333  -10.6667  -1.33333  8  14.6667  7.33333  -5.33333  20  
-12  32  -5.33333  36.6667  -1.33333  0  10  13.3333  14  10  2.66667  2.66667  21.3333  0  11.3333  14.6667  10  12.6667  10.6667  13.3333  19.3333  1.33333  12.6667  5.33333  10.6667  14.6667  14  18.6667  0  10.6667  1.33333  24.6667  
-9.33333  25.3333  12  38.6667  14.6667  12.6667  11.3333  12  24  21.3333  11.3333  17.3333  6.66667  17.3333  6  16  -4  5.33333  14  3.33333  16  12.6667  11.3333  2.66667  0  32  30  16  21.3333  -1.33333  1.33333  -5.33333  
-9.33333  25.3333  14.6667  44  1.33333  22  -1.33333  2.66667  24.6667  22.6667  18.6667  17.3333  2.66667  14.6667  19.3333  15.3333  1.33333  23.3333  15.3333  23.3333  0  12.6667  2.66667  -2.66667  29.3333  36.6667  -1.33333  26.6667  28.6667  26  22.6667  31.3333  
-9.33333  25.3333  14  42.6667  -8  18  14.6667  6.66667  17.3333  22  10.6667  2.66667  2.66667  7.33333  0  6  2.66667  2.66667  2.66667  2.66667  2.66667  2.66667  10  0.666667  20.6667  -9.33333  17.3333  11.3333  19.3333  32  6.66667  29.3333  
-9.33333  25.3333  12.6667  48  -12  2.66667  -1.33333  -10.6667  -9.33333  0  12.6667  6.66667  11.3333  9.33333  2.66667  2.66667  2.66667  2.66667  2.66667  2.66667  10.6667  8.66667  14.6667  -8  42  5.33333  19.3333  18  1.33333  -8  -5.33333  23.3333  
-9.33333  25.3333  12.6667  46  2.66667  14.6667  12.6667  10  2.66667  2.66667  2.66667  9.33333  16.6667  18.6667  10.6667  2.66667  2.66667  8.66667  12.6667  8  -1.33333  10.6667  -6  -16  24.6667  -2.66667  -13.3333  27.3333  1.33333  -4  -4  20  
-9.33333  25.3333  14  53.3333  10.6667  11.3333  11.3333  2.66667  2.66667  2.66667  -4  1.33333  -5.33333  -6.66667  10  1.33333  13.3333  2.66667  11.3333  6  -1.33333  13.3333  4.66667  -12  3.33333  -2.66667  0  1.33333  -14.6667  9.33333  9.33333  16  
-9.33333  25.3333  13.3333  34  12.6667  1.33333  -2.66667  -2.66667  13.3333  2.66667  6.66667  14.6667  -2.66667  0  25.3333  21.3333  1.33333  10.6667  -2.66667  12.6667  10  4.66667  2.66667  -2.66667  34  -2.66667  -12  16.6667  3.33333  19.3333  25.3333  21.3333  
-9.33333  25.3333  13.3333  46  -4  6.66667  -9.33333  12.6667  1.33333  16.6667  8  2.66667  11.3333  -6.66667  -1.33333  -5.33333  8.66667  10.6667  6  -2.66667  14  23.3333  13.3333  37.3333  30.6667  -2.66667  11.3333  1.33333  25.3333  28.6667  34  14  
-9.33333  25.3333  13.3333  47.3333  16.6667  22.6667  8.66667  20.6667  -1.33333  2.66667  -1.33333  1.33333  11.3333  2.66667  8  9.33333  2.66667  -1.33333  21.3333  -1.33333  2.66667  12  19.3333  22  20.6667  33.3333  20  -17.3333  1.33333  17.3333  3.33333  18  
-9.33333  25.3333  16.6667  44  0  -1.33333  -4  -4  20  9.33333  11.3333  10.6667  2.66667  2.66667  3.33333  16  -9.33333  -5.33333  -2.66667  11.3333  29.3333  21.3333  10  -2.66667  -8  36  22  12  2.66667  6  22.6667  2.66667  
-9.33333  25.3333  12.6667  46  10.6667  10  6.66667  11.3333  18.6667  2.66667  10  10  2.66667  6  -4  4.66667  22.6667  -2.66667  28  25.3333  25.3333  18.6667  26  25.3333  0  46  25.3333  -8  0  2.66667  28.6667  13.3333  
-9.33333  25.3333  12.6667  46  10.6667  -2.66667  8.66667  10.6667  2.66667  7.33333  -2.66667  8.66667  2.66667  -2.66667  8  34  -2  32  28.6667  25.3333  33.3333  13.3333  25.3333  25.3333  14.6667  30  15.3333  -5.33333  1.33333  17.3333  19.3333  4.66667  
-9.33333  25.3333  12.6667  46  2.66667  19.3333  12.6667  -6.66667  2.66667  2.66667  2.66667  9.33333  6.66667  2.66667  12.6667  14  -1.33333  8  28  25.3333  29.3333  22.6667  38  18.6667  26.6667  23.3333  24  21.3333  14.6667  0  34  8  
-9.33333  25.3333  13.3333  46.6667  8.66667  7.33333  10.6667  17.3333  1.33333  2.66667  2.66667  -2.66667  2.66667  12  0  -12  -12  21.3333  18.6667  12  26  19.3333  31.3333  10  33.3333  10.6667  24  1.33333  16  29.3333  6  26.6667  
-9.33333  25.3333  14  43.3333  1.33333  -6.66667  4.66667  19.3333  15.3333  1.33333  11.3333  1.33333  2.66667  6  -2.66667  -5.33333  14  22  11.3333  0  14  16  -2.66667  22  30.6667  -8  28.6667  29.3333  19.3333  16.6667  -4  37.3333  
-9.33333  25.3333  14  44  11.3333  14.6667  11.3333  -1.33333  27.3333  14.6667  14.6667  12.6667  2.66667  4  1.33333  -17.3333  -9.33333  1.33333  6  19.3333  12  12.6667  20.6667  22.6667  1.33333  34  -2.66667  18  30.6667  3.33333  11.3333  -5.33333  
-9.33333  25.3333  12.6667  50  -5.33333  1.33333  16  2.66667  12  -5.33333  2.66667  -4  8  -1.33333  8.66667  0  26  18.6667  8.66667  2.66667  30  15.3333  10  18.6667  13.3333  8.66667  24.6667  30.6667  22.6667  10.6667  26  -5.33333  
-9.33333  25.3333  12.6667  46  10.6667  2.66667  2.66667  2.66667  -2.66667  -2.66667  -1.33333  10  17.3333  7.33333  16.6667  -28  30  -9.33333  22  19.3333  15.3333  26.6667  0  27.3333  17.3333  15.3333  11.3333  24  32  25.3333  12  4  
-9.33333  25.3333  12.6667  46  12.6667  12  10  2.66667  2.66667  2.66667  0  8.66667  14.6667  -6.66667  11.3333  -25.3333  18.6667  -1.33333  9.33333  36  8.66667  27.3333  14.6667  -4  21.3333  16.6667  29.3333  22.6667  2.66667  -12  28  16.6667  
-9.33333  25.3333  12.6667  42  16.6667  8  19.3333  12  11.3333  2.66667  10.6667  -8  1.33333  1.33333  18  -1.33333  8  28  10.6667  16.6667  -1.33333  20  18  22.6667  1.33333  36.6667  25.3333  20  26.6667  18.6667  20.6667  -1.33333  
-9.33333  25.3333  12.6667  35.3333  6.66667  16.6667  -12  16  14.6667  12.6667  8  0  12  11.3333  -8  0  14.6667  19.3333  30  -1.33333  14  22.6667  18  14  19.3333  12.6667  25.3333  14  30  13.3333  15.3333  17.3333  
-9.33333  25.3333  12.6667  44.6667  -12  1.33333  14  9.33333  2.66667  1.33333  10.6667  -1.33333  -2.66667  12  16  6  0.666667  20  -2.66667  17.3333  4.66667  18.6667  15.3333  29.3333  14.6667  12.6667  28.6667  12  20.6667  20.6667  30.6667  30.6667  
-9.33333  25.3333  12.6667  46.6667  -1.33333  18  0  10.6667  -2.66667  12.6667  2.66667  7.33333  16  -1.33333  1.33333  2.66667  -5.33333  1.33333  16.6667  14  21.3333  8  21.3333  -8  -2.66667  16.6667  25.3333  22  22  8.66667  24.6667  21.3333  
-9.33333  25.3333  12.6667  44.6667  -8  15.3333  21.3333  14  -2.66667  10.6667  6.66667  3.33333  15.3333  34.6667  22.6667  20  14.6667  21.3333  2.66667  14  18.6667  28.6667  32  10.6667  28.6667  21.3333  15.3333  16  18  17.3333  16  15.3333  
-9.33333  25.3333  10  39.3333  -22.6667  -2.66667  15.3333  0  1.33333  11.3333  1.33333  13.3333  12.6667  18  12.6667  -1.33333  2.66667  24  19.3333  12  18  24.6667  14.6667  17.3333  21.3333  12.6667  28.6667  12.6667  19.3333  24.6667  16.6667  10  
-9.33333  25.3333  16  46.6667  12.6667  16  15.3333  10  -8  13.3333  4.66667  16  22  20.6667  22.6667  9.33333  -4  -8.66667  -13.3333  -9.33333  4.66667  12  2.66667  18.6667  6  25.3333  16.6667  23.3333  2.66667  18.6667  17.3333  30.6667  
-9.33333  25.3333  12.6667  40.6667  24.6667  -4  -4  1.33333  24  -2.66667  2.66667  17.3333  20.6667  20.6667  22  23.3333  9.33333  50  -18.6667  18.6667  10  23.3333  0  7.33333  15.3333  7.33333  26  14  4  22  22.6667  1.33333  
-9.33333  25.3333  12.6667  45.3333  -1.33333  6.66667  -1.33333  8  1.33333  16  18.6667  20.6667  20.6667  20.6667  20.6667  24.6667  -2  24.6667  -8  12.6667  12  14.6667  18  -6.66667  8.66667  13.3333  2  24.6667  22  24  24  -9.33333  
-9.33333  25.3333  12.6667  48  16.6667  1.33333  2.66667  2.66667  12.6667  1.33333  21.3333  20.6667  28.6667  10  15.3333  26  16  30  -28  24  -1.33333  22  14  18  18.6667  13.3333  -8  21.3333  16  17.3333  10  30.6667  
-9.33333  25.3333  12  48  14.6667  20  2.66667  2.66667  -9.33333  -3.33333  2.66667  17.3333  26.6667  14.6667  -20  0  10.6667  40.6667  -14.6667  24  -4  18  -5.33333  47.3333  -8  18  24  1.33333  3.33333  26  14  26.6667  

Total absolute error: 6.03766e+006
Total number of errors: 198740/200704
Maximum absolute pixel error: 182.667
Tested
INFO: [SIM 211-1] CSim done with 0 errors.
INFO: [SIM 211-3] *************** CSIM finish ***************
