INFO: [SIM 2] *************** CSIM start ***************
INFO: [SIM 4] CSIM will launch GCC as the compiler.
   Compiling ../../../../tb.cc in release mode
   Compiling ../../../../bnn.cc in release mode
   Generating csim.exe
image 0
Weights loading success 
layer 1 pw
layer 1 concat
0.494  -0.642348  -0.566955  -0.566955  -0.471385  -0.766958  -0.923855  -0.813256  -0.545264  -0.484135  -0.733376  -0.837919  -0.964043  -0.8655  -0.855598  -0.787134  -0.911941  -1.05975  -1.01048  -1.36421  -1.06113  -1.48533  -2.33101  -1.4972  -1.09986  -1.14913  -1.05058  -0.624347  -0.758127  -0.890163  -1.44085  -2.09998  
0.0625597  -0.327205  -0.128634  -0.128634  -0.176419  -0.63544  0.134789  -0.542292  -0.48702  -0.613198  -0.665442  -0.51617  -0.462357  -0.280962  -0.109971  -0.557872  -0.23169  -0.360842  -0.485506  -0.173391  -0.327205  -0.148783  -0.0532682  0.368483  0.0146931  0.242359  -0.0838494  -0.379504  -0.596711  -0.00396949  0.168507  0.266967  
0.164075  -0.000996649  -0.173446  -0.173446  -0.419802  -0.651075  0.546933  0.0192072  -0.0935111  -0.128606  -0.174905  -0.422775  -0.516776  -0.219635  -0.165877  -0.386111  -0.315204  -0.197999  -0.192054  0.199144  0.0543299  -0.167391  -0.292055  -0.26296  -0.287568  -0.644413  -0.216634  -0.17185  0.00803149  0.180508  0.152873  -0.344299  
0.164075  -0.000996649  -0.173446  -0.173446  -0.170473  -0.535384  0.196116  -0.413747  -0.0643615  -0.461504  -0.238297  -0.189026  -0.0658754  -0.167391  -0.284596  -0.136782  -0.239811  -0.115147  -0.0904835  -0.215148  -0.162904  -0.115119  -0.261446  -0.362962  -0.364475  -0.392111  -0.813862  -0.647441  -1.01695  -0.745983  -0.324233  0.0356674  
0.164075  -0.000996649  -0.173446  -0.173446  0.0295843  -0.80396  -0.172757  -0.274906  -0.268906  0.0588166  -0.238297  -0.713861  -0.816945  0.0759653  -0.213689  -0.669131  -0.269016  0.0438429  -0.0778763  -0.0808492  -0.0315778  -0.244353  -0.0532407  -0.51829  -0.00396949  -0.176419  0.042329  -0.136148  -0.163784  -0.210083  -0.0100248  -0.160729  
0.164075  -0.000996649  -0.173446  -0.173446  -0.0196869  -0.80396  0.175086  -0.285448  -0.48102  -0.370531  -1.11706  -0.481074  -1.01186  -1.10288  -1.14026  -0.955124  -1.27985  -1.52918  -1.17979  -1.15367  -1.12603  -0.89688  -0.601252  -1.05664  -1.40154  -0.653496  -1.08125  -0.782647  -0.437749  -0.388505  -1.30148  -1.19997  
0.164075  -0.000996649  -0.173446  -0.173446  -0.0196869  -1.01095  0.0273278  -0.750525  -0.876703  -0.524345  -0.133121  -0.724403  -0.930461  -0.730403  -0.333206  -0.605684  -0.654955  -0.602711  -0.530291  -0.454897  -0.454897  -0.408599  -0.307084  -0.825918  -0.382477  -0.631806  -0.428776  -0.333206  -0.45787  -0.654955  -0.179446  -0.234663  
0.164075  -0.000996649  -0.173446  -0.173446  -0.0196869  -0.854215  0.249021  0.042274  -0.359328  -0.286907  -0.77962  -0.234663  -0.533264  -0.253353  -0.237636  -0.285421  -0.23615  -0.30857  -0.334692  -0.533264  -0.510114  -0.510114  -0.510114  -0.510114  -0.510114  -0.510114  -0.510114  -0.510114  -0.431748  -0.431748  -0.359328  -0.510114  
0.164075  -0.000996649  -0.173446  -0.173446  -0.0196869  -0.857188  0.221413  -0.111485  -0.555041  -0.630347  -0.307084  -0.654955  -0.584049  -0.382477  -0.882649  -0.659497  -0.560899  -0.88119  -0.536291  -0.408599  -0.510114  -0.510114  -0.510114  -0.510114  -0.510114  -0.510114  -0.510114  -0.510114  -0.510114  -0.510114  -0.510114  -0.510114  
0.164075  -0.000996649  -0.173446  -0.173446  -0.0196869  -0.857188  0.221413  -0.0562686  -0.584049  -0.357869  -0.307084  -0.582535  -0.557927  -0.333206  -0.653496  -0.419141  -0.283934  -0.55944  -0.339206  -0.333206  -0.510114  -0.510114  -0.510114  -0.510114  -0.510114  -0.536236  -0.536236  -0.510114  -0.510114  -0.510114  -0.510114  -0.510114  
0.164075  -0.000996649  -0.173446  -0.173446  -0.0196869  -0.857188  0.221413  -0.0592412  -0.45787  -0.45787  -0.483992  -0.510114  -0.510114  -0.333206  -0.504169  -0.283934  -0.556413  -0.434721  -0.45787  -0.434721  -0.510114  -0.336178  -0.388422  -0.510114  -0.510114  -0.413058  -0.30257  -0.360842  -0.507142  -0.510114  -0.510114  -0.510114  
0.164075  -0.000996649  -0.173446  -0.173446  -0.0196869  -0.857188  0.319955  -0.0622138  -0.437694  -0.510114  -0.510114  -0.510114  -0.510114  -0.510114  -0.510114  -0.510114  -0.510114  -0.510114  -0.510114  -0.510114  -0.359328  -0.331719  -0.554899  -0.0898497  -0.22569  -0.251785  -0.379449  -0.904339  -0.559386  -0.510114  -0.510114  -0.510114  
0.164075  -0.000996649  -0.173446  -0.173446  -0.0196869  -0.857188  0.301265  0.0639095  -0.357814  -0.382477  -0.510114  -0.510114  -0.510114  -0.510114  -0.510114  -0.510114  -0.510114  -0.510114  -0.510114  -0.510114  -0.483992  -0.404112  -0.708713  -1.35821  -0.48102  -0.622833  -0.404167  -0.331719  -0.408599  -0.510114  -0.510114  -0.510114  
0.164075  -0.000996649  -0.173446  -0.173446  -0.0196869  -0.857188  0.19975  -0.557927  -0.430234  -0.382477  -0.510114  -0.357841  -0.428863  -0.582535  -0.408599  -0.510114  -0.510114  -0.510114  -0.510114  -0.510114  -0.608657  -0.507142  -0.704226  -0.23169  -0.434721  -0.628833  -0.307084  -0.382477  -0.510114  -0.510114  -0.510114  -0.510114  
0.164075  -0.000996649  -0.173446  -0.173446  -0.0196869  -0.703429  0.443134  0.0393015  -0.48102  -0.507142  -0.510114  -0.533264  -0.511628  -0.354841  -0.48102  -0.510114  -0.510114  -0.510114  -0.510114  -0.510114  -0.510114  -0.510114  -0.510114  -0.510114  -0.510114  -0.510114  -0.510114  -0.510114  -0.510114  -0.510114  -0.283934  -0.434721  
0.164075  -0.000996649  -0.173446  -0.173446  -0.0196869  -0.801971  0.138478  -0.10854  -0.38545  -0.510114  -0.510114  -0.460843  -0.431748  -0.556413  -0.533264  -0.510114  -0.510114  -0.510114  -0.510114  -0.510114  -0.510114  -0.510114  -0.510114  -0.510114  -0.510114  -0.536236  -0.330233  -0.486965  -0.336178  -0.357841  -0.333206  -0.357869  
0.164075  -0.000996649  -0.173446  -0.173446  -0.0196869  -0.906459  0.0152719  -0.5669  -0.359328  -0.510114  -0.510114  -0.510114  -0.510114  -0.536236  -0.536236  -0.510114  -0.510114  -0.510114  -0.510114  -0.510114  -0.510114  -0.510114  -0.510114  -0.510114  -0.336178  -0.507142  -0.139149  -0.105567  -0.208514  -0.431748  -0.582535  -0.714714  
0.164075  -0.000996649  -0.173446  -0.173446  -0.0196869  -0.935554  0.270656  -0.139121  -0.434721  -0.681077  -0.536236  -0.408599  -0.533264  -0.3623  -0.430207  -0.360842  -0.556413  -0.510114  -0.510114  -0.510114  -0.510114  -0.510114  -0.483992  -0.45787  -0.408599  -0.40114  -1.61208  -1.43815  -0.611684  -0.257812  -0.408599  -0.631806  
0.164075  -0.000996649  -0.173446  -0.173446  -0.0196869  -0.857188  0.246049  -0.280962  -0.308543  -0.204027  -0.333206  -0.30557  -0.133121  -0.179364  -0.396598  -0.807311  -0.411572  -0.408599  -0.628833  -0.510114  -0.510114  -0.310056  -0.433207  -0.556413  -0.408599  -0.605684  -0.382477  -0.48102  -0.283934  -0.434721  -0.510114  -0.510114  
0.164075  -0.000996649  -0.173446  -0.173446  -0.0196869  -0.755673  0.3752  0.196088  -0.22569  -0.147269  0.131072  -0.204055  -0.145755  -0.747497  -0.448897  -0.339206  -0.528777  -0.781134  -0.359328  -0.510114  -0.510114  -0.45787  -0.528777  -0.359328  -0.510114  -0.510114  -0.510114  -0.510114  -0.510114  -0.510114  -0.510114  -0.510114  
0.164075  -0.000996649  -0.173446  -0.173446  -0.0196869  -0.854215  0.255021  -0.581021  -0.996826  -0.322664  -0.94761  -1.47899  -0.748956  -0.727376  -0.501141  -0.755012  -0.307084  -0.307084  -0.333206  -0.510114  -0.510114  -0.431748  -0.530291  -0.333206  -0.510114  -0.510114  -0.510114  -0.510114  -0.510114  -0.510114  -0.510114  -0.510114  
0.164075  -0.000996649  -0.173446  -0.173446  -0.0196869  -0.906459  0.175114  -0.454898  -0.678105  -0.847554  -0.601252  -0.478047  -0.507142  -0.333206  -0.953555  -0.234663  -0.382477  -0.510114  -0.510114  -0.510114  -0.510114  -0.510114  -0.510114  -0.510114  -0.510114  -0.510114  -0.510114  -0.510114  -0.408599  -0.38545  -0.411572  -0.336178  
0.164075  -0.000996649  -0.173446  -0.173446  -0.0196869  -0.857188  0.221413  -0.108513  -0.585508  -0.530291  -0.431748  -0.407113  -0.191337  -0.280962  -0.080904  -0.7132  -0.382477  -0.510114  -0.510114  -0.510114  -0.510114  -0.510114  -0.510114  -0.510114  -0.510114  -0.510114  -0.510114  -0.510114  -0.45787  -0.207082  -0.256299  -0.380991  
0.164075  -0.000996649  -0.173446  -0.173446  -0.0196869  -0.857188  0.221413  -0.108513  -0.510114  -0.510114  -0.359328  -0.404085  -0.407085  -0.0316329  -1.06618  -0.631861  -0.310056  -0.510114  -0.510114  -0.333206  -0.408599  -0.608657  -0.510114  -0.510114  -0.510114  -0.510114  -0.510114  -0.510114  -0.654955  -0.878217  -0.530291  -0.176529  
0.164075  -0.000996649  -0.173446  -0.173446  -0.0196869  -0.857188  0.221413  -0.108513  -0.510114  -0.510114  -0.483992  -0.327205  -0.402599  -1.04913  -0.228718  -0.0346055  -0.582535  -0.510114  -0.510114  -0.654955  -0.584049  -0.38545  -0.510114  -0.510114  -0.510114  -0.510114  -0.510114  -0.459357  -0.434721  -0.288394  -0.23169  0.0757731  
0.164075  -0.000996649  -0.173446  -0.173446  -0.0196869  -0.857188  0.221413  -0.108513  -0.510114  -0.510114  -0.608657  -0.730348  -0.749011  -0.228718  -0.23615  -0.331719  -0.628833  -0.510114  -0.510114  -0.582535  -0.557927  -0.333206  -0.510114  -0.510114  -0.510114  -0.510114  -0.510114  -0.310056  -0.359328  -0.30857  -0.619915  -0.136947  
0.164075  -0.000996649  -0.173446  -0.173446  -0.0196869  -0.857188  0.221413  -0.108513  -0.510114  -0.510114  -0.510114  -0.585508  -0.605684  -0.382477  -0.360842  -0.630347  -0.307084  -0.510114  -0.510114  -0.510114  -0.510114  -0.510114  -0.510114  -0.510114  -0.510114  -0.510114  -0.510114  -0.605684  -0.831864  -0.360842  0.0393014  -0.173501  
0.164075  -0.000996649  -0.173446  -0.173446  -0.0196869  -0.857188  0.221413  -0.108513  -0.510114  -0.510114  -0.510114  -0.510114  -0.510114  -0.45787  -0.584049  -0.357869  -0.307084  -0.510114  -0.510114  -0.510114  -0.510114  -0.510114  -0.510114  -0.510114  -0.510114  -0.510114  -0.510114  -0.533264  -0.307084  -0.60428  0.284914  0.208034  
0.164075  -0.000996649  -0.173446  -0.173446  -0.0196869  -0.857188  0.221413  -0.108513  -0.510114  -0.310056  -0.0129426  -0.262272  -0.263758  -0.160756  -0.357841  -0.628833  -0.483992  -0.510114  -0.510114  -0.510114  -0.510114  -0.510114  -0.510114  -0.510114  -0.510114  -0.410085  -0.408599  -0.533264  -0.45787  -0.555009  -0.345923  -0.299569  
0.164075  -0.000996649  -0.173446  -0.173446  -0.0196869  -0.857188  0.221413  -0.108513  -0.510114  -0.87519  -1.22912  -0.339234  -0.559386  -0.958097  -0.33472  -0.310056  -0.408599  -0.510114  -0.510114  -0.510114  -0.510114  -0.510114  -0.333206  -0.408599  -0.608657  -0.408599  -0.433207  -0.283934  -0.359328  -0.456466  0.263196  -0.37552  
0.164075  -0.000996649  -0.173446  -0.173446  -0.0196869  -0.857188  0.221413  -0.108513  -0.510114  -0.730348  -0.681132  -0.365328  -0.588535  -0.385505  -0.463871  -0.330206  -0.48102  -0.510114  -0.510114  -0.510114  -0.510114  -0.510114  -0.507142  -0.386964  -0.411572  -0.382477  -0.605684  -0.282448  -0.53775  0.0422191  -0.616887  -0.796769  
0.164075  -0.000996649  -0.173446  -0.173446  -0.0196869  -0.703429  0.221413  -0.0562686  -0.510114  -0.585508  -0.510114  -0.333206  -0.360814  -0.259299  -0.356355  -0.556413  -0.533264  -0.510114  -0.510114  -0.510114  -0.510114  -0.510114  -0.855013  -0.711741  -0.259272  -0.48102  -0.510114  -0.431748  -0.733376  -0.228745  -0.592224  -1.04161  
---------- SW above ------------
0.494  -0.642348  -0.566955  -0.566955  -0.471385  -0.766958  -0.923855  -0.813256  -0.545265  -0.484135  -0.733376  -0.837919  -0.964043  -0.8655  -0.855598  -0.787134  -0.911941  -1.05975  -1.01048  -1.36421  -1.06113  -1.48533  -2.33101  -1.4972  -1.09986  -1.14913  -1.05058  -0.624347  -0.758127  -0.890164  -1.44085  -2.09998  
0.06256  -0.327205  -0.128634  -0.128634  -0.176419  -0.63544  0.134788  -0.542292  -0.48702  -0.613198  -0.665442  -0.51617  -0.462357  -0.280962  -0.109971  -0.557872  -0.231691  -0.360842  -0.485506  -0.173391  -0.327205  -0.148783  -0.0532681  0.368483  0.0146931  0.242359  -0.0838493  -0.379504  -0.596711  -0.00396943  0.168508  0.266968  
0.164075  -0.00099653  -0.173446  -0.173446  -0.419802  -0.651075  0.546933  0.0192072  -0.0935111  -0.128606  -0.174905  -0.422775  -0.516776  -0.219635  -0.165877  -0.386111  -0.315204  -0.197999  -0.192054  0.199144  0.0543302  -0.167391  -0.292055  -0.26296  -0.287568  -0.644413  -0.216634  -0.17185  0.00803161  0.180509  0.152873  -0.344299  
0.164075  -0.00099653  -0.173446  -0.173446  -0.170473  -0.535383  0.196116  -0.413747  -0.0643613  -0.461504  -0.238297  -0.189026  -0.0658752  -0.167391  -0.284596  -0.136782  -0.239811  -0.115147  -0.0904833  -0.215148  -0.162904  -0.115119  -0.261446  -0.362962  -0.364475  -0.392111  -0.813862  -0.647441  -1.01695  -0.745983  -0.324233  0.0356675  
0.164075  -0.00099653  -0.173446  -0.173446  0.0295844  -0.80396  -0.172757  -0.274906  -0.268906  0.0588169  -0.238297  -0.713861  -0.816945  0.0759656  -0.213689  -0.669131  -0.269016  0.043843  -0.0778762  -0.0808491  -0.0315778  -0.244353  -0.0532405  -0.51829  -0.00396943  -0.176419  0.0423291  -0.136148  -0.163784  -0.210083  -0.0100249  -0.160729  
0.164075  -0.00099653  -0.173446  -0.173446  -0.0196867  -0.80396  0.175087  -0.285448  -0.48102  -0.370531  -1.11706  -0.481075  -1.01186  -1.10288  -1.14026  -0.955124  -1.27985  -1.52918  -1.17979  -1.15367  -1.12603  -0.89688  -0.601252  -1.05664  -1.40154  -0.653496  -1.08125  -0.782648  -0.437749  -0.388505  -1.30148  -1.19997  
0.164075  -0.00099653  -0.173446  -0.173446  -0.0196867  -1.01095  0.0273278  -0.750525  -0.876704  -0.524345  -0.13312  -0.724403  -0.930461  -0.730404  -0.333206  -0.605684  -0.654955  -0.602711  -0.530291  -0.454898  -0.454898  -0.408599  -0.307084  -0.825918  -0.382477  -0.631806  -0.428776  -0.333206  -0.45787  -0.654955  -0.179447  -0.234663  
0.164075  -0.00099653  -0.173446  -0.173446  -0.0196867  -0.854215  0.249021  0.0422741  -0.359328  -0.286907  -0.77962  -0.234663  -0.533264  -0.253354  -0.237636  -0.285421  -0.23615  -0.30857  -0.334692  -0.533264  -0.510114  -0.510114  -0.510114  -0.510114  -0.510114  -0.510114  -0.510114  -0.510114  -0.431748  -0.431748  -0.359328  -0.510114  
0.164075  -0.00099653  -0.173446  -0.173446  -0.0196867  -0.857188  0.221413  -0.111485  -0.555041  -0.630347  -0.307084  -0.654955  -0.584049  -0.382477  -0.882649  -0.659497  -0.560899  -0.88119  -0.536291  -0.408599  -0.510114  -0.510114  -0.510114  -0.510114  -0.510114  -0.510114  -0.510114  -0.510114  -0.510114  -0.510114  -0.510114  -0.510114  
0.164075  -0.00099653  -0.173446  -0.173446  -0.0196867  -0.857188  0.221413  -0.0562683  -0.584049  -0.357869  -0.307084  -0.582535  -0.557927  -0.333206  -0.653496  -0.419141  -0.283935  -0.559441  -0.339206  -0.333206  -0.510114  -0.510114  -0.510114  -0.510114  -0.510114  -0.536236  -0.536236  -0.510114  -0.510114  -0.510114  -0.510114  -0.510114  
0.164075  -0.00099653  -0.173446  -0.173446  -0.0196867  -0.857188  0.221413  -0.0592412  -0.45787  -0.45787  -0.483992  -0.510114  -0.510114  -0.333206  -0.504169  -0.283935  -0.556413  -0.434721  -0.45787  -0.434721  -0.510114  -0.336179  -0.388422  -0.510114  -0.510114  -0.413058  -0.30257  -0.360842  -0.507142  -0.510114  -0.510114  -0.510114  
0.164075  -0.00099653  -0.173446  -0.173446  -0.0196867  -0.857188  0.319955  -0.0622138  -0.437694  -0.510114  -0.510114  -0.510114  -0.510114  -0.510114  -0.510114  -0.510114  -0.510114  -0.510114  -0.510114  -0.510114  -0.359328  -0.33172  -0.554899  -0.0898499  -0.22569  -0.251785  -0.379449  -0.904339  -0.559386  -0.510114  -0.510114  -0.510114  
0.164075  -0.00099653  -0.173446  -0.173446  -0.0196867  -0.857188  0.301265  0.0639094  -0.357814  -0.382477  -0.510114  -0.510114  -0.510114  -0.510114  -0.510114  -0.510114  -0.510114  -0.510114  -0.510114  -0.510114  -0.483992  -0.404112  -0.708713  -1.35821  -0.48102  -0.622833  -0.404167  -0.33172  -0.408599  -0.510114  -0.510114  -0.510114  
0.164075  -0.00099653  -0.173446  -0.173446  -0.0196867  -0.857188  0.19975  -0.557927  -0.430234  -0.382477  -0.510114  -0.357842  -0.428863  -0.582535  -0.408599  -0.510114  -0.510114  -0.510114  -0.510114  -0.510114  -0.608657  -0.507142  -0.704227  -0.231691  -0.434721  -0.628833  -0.307084  -0.382477  -0.510114  -0.510114  -0.510114  -0.510114  
0.164075  -0.00099653  -0.173446  -0.173446  -0.0196867  -0.703429  0.443133  0.0393013  -0.48102  -0.507142  -0.510114  -0.533264  -0.511628  -0.354841  -0.48102  -0.510114  -0.510114  -0.510114  -0.510114  -0.510114  -0.510114  -0.510114  -0.510114  -0.510114  -0.510114  -0.510114  -0.510114  -0.510114  -0.510114  -0.510114  -0.283935  -0.434721  
0.164075  -0.00099653  -0.173446  -0.173446  -0.0196867  -0.801971  0.138477  -0.10854  -0.38545  -0.510114  -0.510114  -0.460843  -0.431748  -0.556413  -0.533264  -0.510114  -0.510114  -0.510114  -0.510114  -0.510114  -0.510114  -0.510114  -0.510114  -0.510114  -0.510114  -0.536236  -0.330233  -0.486965  -0.336179  -0.357842  -0.333206  -0.357869  
0.164075  -0.00099653  -0.173446  -0.173446  -0.0196867  -0.906459  0.0152716  -0.5669  -0.359328  -0.510114  -0.510114  -0.510114  -0.510114  -0.536236  -0.536236  -0.510114  -0.510114  -0.510114  -0.510114  -0.510114  -0.510114  -0.510114  -0.510114  -0.510114  -0.336179  -0.507142  -0.139149  -0.105567  -0.208514  -0.431748  -0.582535  -0.714714  
0.164075  -0.00099653  -0.173446  -0.173446  -0.0196867  -0.935554  0.270656  -0.139121  -0.434721  -0.681077  -0.536236  -0.408599  -0.533264  -0.362301  -0.430207  -0.360842  -0.556413  -0.510114  -0.510114  -0.510114  -0.510114  -0.510114  -0.483992  -0.45787  -0.408599  -0.40114  -1.61208  -1.43815  -0.611685  -0.257812  -0.408599  -0.631806  
0.164075  -0.00099653  -0.173446  -0.173446  -0.0196867  -0.857188  0.246048  -0.280962  -0.308543  -0.204027  -0.333206  -0.30557  -0.13312  -0.179364  -0.396598  -0.807311  -0.411572  -0.408599  -0.628833  -0.510114  -0.510114  -0.310057  -0.433207  -0.556413  -0.408599  -0.605684  -0.382477  -0.48102  -0.283935  -0.434721  -0.510114  -0.510114  
0.164075  -0.00099653  -0.173446  -0.173446  -0.0196867  -0.755673  0.375199  0.196088  -0.22569  -0.147269  0.131072  -0.204055  -0.145755  -0.747497  -0.448897  -0.339206  -0.528777  -0.781134  -0.359328  -0.510114  -0.510114  -0.45787  -0.528777  -0.359328  -0.510114  -0.510114  -0.510114  -0.510114  -0.510114  -0.510114  -0.510114  -0.510114  
0.164075  -0.00099653  -0.173446  -0.173446  -0.0196867  -0.854215  0.255021  -0.581021  -0.996826  -0.322664  -0.94761  -1.47899  -0.748956  -0.727376  -0.501141  -0.755012  -0.307084  -0.307084  -0.333206  -0.510114  -0.510114  -0.431748  -0.530291  -0.333206  -0.510114  -0.510114  -0.510114  -0.510114  -0.510114  -0.510114  -0.510114  -0.510114  
0.164075  -0.00099653  -0.173446  -0.173446  -0.0196867  -0.906459  0.175114  -0.454898  -0.678105  -0.847554  -0.601252  -0.478047  -0.507142  -0.333206  -0.953556  -0.234663  -0.382477  -0.510114  -0.510114  -0.510114  -0.510114  -0.510114  -0.510114  -0.510114  -0.510114  -0.510114  -0.510114  -0.510114  -0.408599  -0.38545  -0.411572  -0.336179  
0.164075  -0.00099653  -0.173446  -0.173446  -0.0196867  -0.857188  0.221413  -0.108512  -0.585508  -0.530291  -0.431748  -0.407113  -0.191338  -0.280962  -0.080904  -0.7132  -0.382477  -0.510114  -0.510114  -0.510114  -0.510114  -0.510114  -0.510114  -0.510114  -0.510114  -0.510114  -0.510114  -0.510114  -0.45787  -0.207082  -0.256299  -0.380991  
0.164075  -0.00099653  -0.173446  -0.173446  -0.0196867  -0.857188  0.221413  -0.108512  -0.510114  -0.510114  -0.359328  -0.404085  -0.407085  -0.0316329  -1.06618  -0.631861  -0.310057  -0.510114  -0.510114  -0.333206  -0.408599  -0.608657  -0.510114  -0.510114  -0.510114  -0.510114  -0.510114  -0.510114  -0.654955  -0.878217  -0.530291  -0.176529  
0.164075  -0.00099653  -0.173446  -0.173446  -0.0196867  -0.857188  0.221413  -0.108512  -0.510114  -0.510114  -0.483992  -0.327205  -0.402599  -1.04913  -0.228718  -0.0346056  -0.582535  -0.510114  -0.510114  -0.654955  -0.584049  -0.38545  -0.510114  -0.510114  -0.510114  -0.510114  -0.510114  -0.459357  -0.434721  -0.288394  -0.23169  0.0757728  
0.164075  -0.00099653  -0.173446  -0.173446  -0.0196867  -0.857188  0.221413  -0.108512  -0.510114  -0.510114  -0.608657  -0.730349  -0.749011  -0.228718  -0.23615  -0.33172  -0.628833  -0.510114  -0.510114  -0.582535  -0.557927  -0.333206  -0.510114  -0.510114  -0.510114  -0.510114  -0.510114  -0.310057  -0.359328  -0.30857  -0.619915  -0.136947  
0.164075  -0.00099653  -0.173446  -0.173446  -0.0196867  -0.857188  0.221413  -0.108512  -0.510114  -0.510114  -0.510114  -0.585508  -0.605684  -0.382477  -0.360842  -0.630347  -0.307084  -0.510114  -0.510114  -0.510114  -0.510114  -0.510114  -0.510114  -0.510114  -0.510114  -0.510114  -0.510114  -0.605684  -0.831864  -0.360842  0.0393013  -0.173501  
0.164075  -0.00099653  -0.173446  -0.173446  -0.0196867  -0.857188  0.221413  -0.108512  -0.510114  -0.510114  -0.510114  -0.510114  -0.510114  -0.45787  -0.584049  -0.357869  -0.307084  -0.510114  -0.510114  -0.510114  -0.510114  -0.510114  -0.510114  -0.510114  -0.510114  -0.510114  -0.510114  -0.533264  -0.307084  -0.60428  0.284914  0.208034  
0.164075  -0.00099653  -0.173446  -0.173446  -0.0196867  -0.857188  0.221413  -0.108512  -0.510114  -0.310057  -0.0129427  -0.262272  -0.263758  -0.160756  -0.357842  -0.628833  -0.483992  -0.510114  -0.510114  -0.510114  -0.510114  -0.510114  -0.510114  -0.510114  -0.510114  -0.410086  -0.408599  -0.533264  -0.45787  -0.555009  -0.345923  -0.299569  
0.164075  -0.00099653  -0.173446  -0.173446  -0.0196867  -0.857188  0.221413  -0.108512  -0.510114  -0.87519  -1.22912  -0.339234  -0.559386  -0.958097  -0.33472  -0.310057  -0.408599  -0.510114  -0.510114  -0.510114  -0.510114  -0.510114  -0.333206  -0.408599  -0.608657  -0.408599  -0.433207  -0.283935  -0.359328  -0.456466  0.263196  -0.37552  
0.164075  -0.00099653  -0.173446  -0.173446  -0.0196867  -0.857188  0.221413  -0.108512  -0.510114  -0.730349  -0.681132  -0.365328  -0.588535  -0.385505  -0.463871  -0.330206  -0.48102  -0.510114  -0.510114  -0.510114  -0.510114  -0.510114  -0.507142  -0.386964  -0.411572  -0.382477  -0.605684  -0.282448  -0.53775  0.0422191  -0.616887  -0.796769  
0.164075  -0.00099653  -0.173446  -0.173446  -0.0196867  -0.703429  0.221413  -0.0562683  -0.510114  -0.585508  -0.510114  -0.333206  -0.360814  -0.259299  -0.356355  -0.556413  -0.533264  -0.510114  -0.510114  -0.510114  -0.510114  -0.510114  -0.855013  -0.711741  -0.259272  -0.48102  -0.510114  -0.431748  -0.733376  -0.228745  -0.592224  -1.04161  

Total absolute error: 0.23315
Total number of errors: 0/802816
Maximum absolute pixel error: 6.19888e-006
Tested
INFO: [SIM 1] CSim done with 0 errors.
INFO: [SIM 3] *************** CSIM finish ***************
