

================================================================
== Vivado HLS Report for 'relu'
================================================================
* Date:           Thu Sep  3 21:47:59 2020

* Version:        2019.2.1 (Build 2724168 on Thu Dec 05 05:19:09 MST 2019)
* Project:        FracNetHLS
* Solution:       solution1
* Product family: zynquplus
* Target device:  xczu3eg-sbva484-1-e


================================================================
== Performance Estimates
================================================================
+ Timing: 
    * Summary: 
    +--------+----------+----------+------------+
    |  Clock |  Target  | Estimated| Uncertainty|
    +--------+----------+----------+------------+
    |ap_clk  | 10.00 ns | 8.557 ns |   1.25 ns  |
    +--------+----------+----------+------------+

+ Latency: 
    * Summary: 
    +---------+---------+----------+----------+-----+-----+----------+
    |  Latency (cycles) |  Latency (absolute) |  Interval | Pipeline |
    |   min   |   max   |    min   |    max   | min | max |   Type   |
    +---------+---------+----------+----------+-----+-----+----------+
    |        0|        0|   0 ns   |   0 ns   |    1|    1| function |
    +---------+---------+----------+----------+-----+-----+----------+

    + Detail: 
        * Instance: 
        N/A

        * Loop: 
        N/A

============================================================
+ Verbose Summary: Synthesis Manager
============================================================
InlineROM: 1
ExposeGlobal: 0
============================================================
+ Verbose Summary: CDFG Model
============================================================
IsTopModel: 0
ResetActiveHigh: 1
IsCombinational: 0
IsDatapathOnly: 0
HasWiredReturn: 1
HasMFsm: 2
HasVarLatency: 0
IsPipeline: 1
IsRtlPipelined: 0
IsInstanceOverlapped: 0
IsDontTouch: 0
HasImplIP: 0
IsGatedGlobalClock: 0

+ Individual pipeline summary: 
  * Pipeline-0: initiation interval (II) = 1, depth = 1


============================================================
+ Verbose Summary: Schedule
============================================================
* Number of FSM states : 1
* Pipeline : 1
  Pipeline-0 : II = 1, D = 1, States = { 1 }
* Dataflow Pipeline: 0

* FSM state transitions: 
1 --> 

* FSM state operations: 

State 1 <SV = 0> <Delay = 8.55>
ST_1 : Operation 2 [1/1] (0.00ns)   --->   "%weight_V_read = call i11 @_ssdm_op_Read.ap_auto.i11(i11 %weight_V)" [FracNetHLS/pgconv.cc:63]   --->   Operation 2 'read' 'weight_V_read' <Predicate = true> <Delay = 0.00>
ST_1 : Operation 3 [1/1] (0.00ns)   --->   "%shifty_V_read = call i11 @_ssdm_op_Read.ap_auto.i11(i11 %shifty_V)" [FracNetHLS/pgconv.cc:63]   --->   Operation 3 'read' 'shifty_V_read' <Predicate = true> <Delay = 0.00>
ST_1 : Operation 4 [1/1] (0.00ns)   --->   "%shiftx_V_read = call i11 @_ssdm_op_Read.ap_auto.i11(i11 %shiftx_V)" [FracNetHLS/pgconv.cc:63]   --->   Operation 4 'read' 'shiftx_V_read' <Predicate = true> <Delay = 0.00>
ST_1 : Operation 5 [1/1] (0.00ns)   --->   "%norm_V_read = call i14 @_ssdm_op_Read.ap_auto.i14(i14 %norm_V)" [FracNetHLS/pgconv.cc:63]   --->   Operation 5 'read' 'norm_V_read' <Predicate = true> <Delay = 0.00>
ST_1 : Operation 6 [1/1] (0.00ns)   --->   "%lhs_V = sext i14 %norm_V_read to i15" [FracNetHLS/pgconv.cc:63]   --->   Operation 6 'sext' 'lhs_V' <Predicate = true> <Delay = 0.00>
ST_1 : Operation 7 [1/1] (0.00ns)   --->   "%rhs_V = call i12 @_ssdm_op_BitConcatenate.i12.i11.i1(i11 %shiftx_V_read, i1 false)" [FracNetHLS/pgconv.cc:63]   --->   Operation 7 'bitconcatenate' 'rhs_V' <Predicate = true> <Delay = 0.00>
ST_1 : Operation 8 [1/1] (0.00ns)   --->   "%sext_ln728 = sext i12 %rhs_V to i15" [FracNetHLS/pgconv.cc:63]   --->   Operation 8 'sext' 'sext_ln728' <Predicate = true> <Delay = 0.00>
ST_1 : Operation 9 [1/1] (0.00ns)   --->   "%sext_ln1192 = sext i12 %rhs_V to i14" [FracNetHLS/pgconv.cc:63]   --->   Operation 9 'sext' 'sext_ln1192' <Predicate = true> <Delay = 0.00>
ST_1 : Operation 10 [1/1] (0.98ns)   --->   "%ret_V = add nsw i15 %lhs_V, %sext_ln728" [FracNetHLS/pgconv.cc:63]   --->   Operation 10 'add' 'ret_V' <Predicate = true> <Delay = 0.98> <Core = "AddSub">   --->   Core 14 'AddSub' <Latency = 0> <II = 1> <Delay = 0.98> <FuncUnit> <Opcode : 'add' 'sub'> <InPorts = 2> <OutPorts = 1>
ST_1 : Operation 11 [1/1] (0.00ns)   --->   "%p_Result_s = call i1 @_ssdm_op_BitSelect.i1.i15.i32(i15 %ret_V, i32 14)" [FracNetHLS/pgconv.cc:63]   --->   Operation 11 'bitselect' 'p_Result_s' <Predicate = true> <Delay = 0.00>
ST_1 : Operation 12 [1/1] (0.98ns)   --->   "%tmp_V = add i14 %norm_V_read, %sext_ln1192" [FracNetHLS/pgconv.cc:63]   --->   Operation 12 'add' 'tmp_V' <Predicate = true> <Delay = 0.98> <Core = "AddSub">   --->   Core 14 'AddSub' <Latency = 0> <II = 1> <Delay = 0.98> <FuncUnit> <Opcode : 'add' 'sub'> <InPorts = 2> <OutPorts = 1>
ST_1 : Operation 13 [1/1] (0.00ns)   --->   "%p_Result_1 = call i1 @_ssdm_op_BitSelect.i1.i14.i32(i14 %tmp_V, i32 13)" [FracNetHLS/pgconv.cc:63]   --->   Operation 13 'bitselect' 'p_Result_1' <Predicate = true> <Delay = 0.00>
ST_1 : Operation 14 [1/1] (0.00ns) (grouped into LUT with out node select_ln388)   --->   "%xor_ln786 = xor i1 %p_Result_1, true" [FracNetHLS/pgconv.cc:63]   --->   Operation 14 'xor' 'xor_ln786' <Predicate = (!or_ln340)> <Delay = 0.00> <Core = "LogicGate">   --->   Core 27 'LogicGate' <Latency = 0> <II = 1> <Delay = 0.33> <FuncUnit> <Opcode : 'and' 'or' 'xor'> <InPorts = 2> <OutPorts = 1>
ST_1 : Operation 15 [1/1] (0.00ns) (grouped into LUT with out node select_ln388)   --->   "%underflow = and i1 %p_Result_s, %xor_ln786" [FracNetHLS/pgconv.cc:63]   --->   Operation 15 'and' 'underflow' <Predicate = (!or_ln340)> <Delay = 0.00> <Core = "LogicGate">   --->   Core 27 'LogicGate' <Latency = 0> <II = 1> <Delay = 0.33> <FuncUnit> <Opcode : 'and' 'or' 'xor'> <InPorts = 2> <OutPorts = 1>
ST_1 : Operation 16 [1/1] (0.00ns) (grouped into LUT with out node p_Val2_2)   --->   "%xor_ln340_2 = xor i1 %p_Result_s, %p_Result_1" [FracNetHLS/pgconv.cc:63]   --->   Operation 16 'xor' 'xor_ln340_2' <Predicate = (or_ln340)> <Delay = 0.00> <Core = "LogicGate">   --->   Core 27 'LogicGate' <Latency = 0> <II = 1> <Delay = 0.33> <FuncUnit> <Opcode : 'and' 'or' 'xor'> <InPorts = 2> <OutPorts = 1>
ST_1 : Operation 17 [1/1] (0.00ns) (grouped into LUT with out node p_Val2_2)   --->   "%xor_ln340 = xor i1 %p_Result_s, true" [FracNetHLS/pgconv.cc:63]   --->   Operation 17 'xor' 'xor_ln340' <Predicate = true> <Delay = 0.00> <Core = "LogicGate">   --->   Core 27 'LogicGate' <Latency = 0> <II = 1> <Delay = 0.33> <FuncUnit> <Opcode : 'and' 'or' 'xor'> <InPorts = 2> <OutPorts = 1>
ST_1 : Operation 18 [1/1] (0.00ns) (grouped into LUT with out node p_Val2_2)   --->   "%or_ln340 = or i1 %p_Result_1, %xor_ln340" [FracNetHLS/pgconv.cc:63]   --->   Operation 18 'or' 'or_ln340' <Predicate = true> <Delay = 0.00> <Core = "LogicGate">   --->   Core 27 'LogicGate' <Latency = 0> <II = 1> <Delay = 0.33> <FuncUnit> <Opcode : 'and' 'or' 'xor'> <InPorts = 2> <OutPorts = 1>
ST_1 : Operation 19 [1/1] (0.00ns) (grouped into LUT with out node p_Val2_2)   --->   "%select_ln340 = select i1 %xor_ln340_2, i14 8191, i14 %tmp_V" [FracNetHLS/pgconv.cc:63]   --->   Operation 19 'select' 'select_ln340' <Predicate = (or_ln340)> <Delay = 0.00> <Core = "Sel">   --->   Core 26 'Sel' <Latency = 0> <II = 1> <Delay = 0.54> <FuncUnit> <Opcode : 'select'> <InPorts = 3> <OutPorts = 1>
ST_1 : Operation 20 [1/1] (0.54ns) (out node of the LUT)   --->   "%select_ln388 = select i1 %underflow, i14 -8192, i14 %tmp_V" [FracNetHLS/pgconv.cc:63]   --->   Operation 20 'select' 'select_ln388' <Predicate = (!or_ln340)> <Delay = 0.54> <Core = "Sel">   --->   Core 26 'Sel' <Latency = 0> <II = 1> <Delay = 0.54> <FuncUnit> <Opcode : 'select'> <InPorts = 3> <OutPorts = 1>
ST_1 : Operation 21 [1/1] (0.54ns) (out node of the LUT)   --->   "%p_Val2_2 = select i1 %or_ln340, i14 %select_ln340, i14 %select_ln388" [FracNetHLS/pgconv.cc:63]   --->   Operation 21 'select' 'p_Val2_2' <Predicate = true> <Delay = 0.54> <Core = "Sel">   --->   Core 26 'Sel' <Latency = 0> <II = 1> <Delay = 0.54> <FuncUnit> <Opcode : 'select'> <InPorts = 3> <OutPorts = 1>
ST_1 : Operation 22 [1/1] (0.86ns)   --->   "%icmp_ln1494 = icmp sgt i14 %p_Val2_2, 0" [FracNetHLS/pgconv.cc:64]   --->   Operation 22 'icmp' 'icmp_ln1494' <Predicate = true> <Delay = 0.86> <Core = "Cmp">   --->   Core 25 'Cmp' <Latency = 0> <II = 1> <Delay = 0.88> <FuncUnit> <Opcode : 'icmp'> <InPorts = 2> <OutPorts = 1>
ST_1 : Operation 23 [1/1] (0.00ns)   --->   "%lhs_V_3 = zext i14 %p_Val2_2 to i15" [FracNetHLS/pgconv.cc:65]   --->   Operation 23 'zext' 'lhs_V_3' <Predicate = (!and_ln340_2)> <Delay = 0.00>
ST_1 : Operation 24 [1/1] (0.00ns)   --->   "%rhs_V_3 = call i12 @_ssdm_op_BitConcatenate.i12.i11.i1(i11 %shifty_V_read, i1 false)" [FracNetHLS/pgconv.cc:65]   --->   Operation 24 'bitconcatenate' 'rhs_V_3' <Predicate = (!and_ln340_2)> <Delay = 0.00>
ST_1 : Operation 25 [1/1] (0.00ns)   --->   "%sext_ln728_1 = sext i12 %rhs_V_3 to i15" [FracNetHLS/pgconv.cc:65]   --->   Operation 25 'sext' 'sext_ln728_1' <Predicate = (!and_ln340_2)> <Delay = 0.00>
ST_1 : Operation 26 [1/1] (0.00ns)   --->   "%sext_ln1192_1 = sext i12 %rhs_V_3 to i14" [FracNetHLS/pgconv.cc:65]   --->   Operation 26 'sext' 'sext_ln1192_1' <Predicate = (!and_ln340_2)> <Delay = 0.00>
ST_1 : Operation 27 [1/1] (0.98ns)   --->   "%ret_V_1 = add nsw i15 %lhs_V_3, %sext_ln728_1" [FracNetHLS/pgconv.cc:65]   --->   Operation 27 'add' 'ret_V_1' <Predicate = (!and_ln340_2)> <Delay = 0.98> <Core = "AddSub">   --->   Core 14 'AddSub' <Latency = 0> <II = 1> <Delay = 0.98> <FuncUnit> <Opcode : 'add' 'sub'> <InPorts = 2> <OutPorts = 1>
ST_1 : Operation 28 [1/1] (0.00ns)   --->   "%p_Result_2 = call i1 @_ssdm_op_BitSelect.i1.i15.i32(i15 %ret_V_1, i32 14)" [FracNetHLS/pgconv.cc:65]   --->   Operation 28 'bitselect' 'p_Result_2' <Predicate = (!and_ln340_2)> <Delay = 0.00>
ST_1 : Operation 29 [1/1] (0.98ns)   --->   "%p_Val2_4 = add i14 %sext_ln1192_1, %p_Val2_2" [FracNetHLS/pgconv.cc:65]   --->   Operation 29 'add' 'p_Val2_4' <Predicate = (!and_ln340_2)> <Delay = 0.98> <Core = "AddSub">   --->   Core 14 'AddSub' <Latency = 0> <II = 1> <Delay = 0.98> <FuncUnit> <Opcode : 'add' 'sub'> <InPorts = 2> <OutPorts = 1>
ST_1 : Operation 30 [1/1] (0.00ns)   --->   "%p_Result_3 = call i1 @_ssdm_op_BitSelect.i1.i14.i32(i14 %p_Val2_4, i32 13)" [FracNetHLS/pgconv.cc:65]   --->   Operation 30 'bitselect' 'p_Result_3' <Predicate = (!and_ln340_2)> <Delay = 0.00>
ST_1 : Operation 31 [1/1] (0.00ns)   --->   "%r_V = sext i14 %p_Val2_2 to i25" [FracNetHLS/pgconv.cc:67]   --->   Operation 31 'sext' 'r_V' <Predicate = true> <Delay = 0.00>
ST_1 : Operation 32 [1/1] (0.00ns)   --->   "%sext_ln1118 = sext i11 %weight_V_read to i25" [FracNetHLS/pgconv.cc:67]   --->   Operation 32 'sext' 'sext_ln1118' <Predicate = true> <Delay = 0.00>
ST_1 : Operation 33 [1/1] (0.63ns) (grouped into DSP with root node ret_V_2)   --->   "%r_V_2 = mul i25 %sext_ln1118, %r_V" [FracNetHLS/pgconv.cc:67]   --->   Operation 33 'mul' 'r_V_2' <Predicate = true> <Delay = 0.63> <Core = "DSP48">   --->   Core 88 'DSP48' <Latency = 0> <II = 1> <Delay = 2.84> <IPBlock> <Opcode : 'mul' 'add' 'sub' 'select'> <InPorts = 2> <OutPorts = 1> <Sync> <CReg>
ST_1 : Operation 34 [1/1] (0.00ns)   --->   "%rhs_V_4 = call i19 @_ssdm_op_BitConcatenate.i19.i11.i8(i11 %shifty_V_read, i8 0)" [FracNetHLS/pgconv.cc:67]   --->   Operation 34 'bitconcatenate' 'rhs_V_4' <Predicate = true> <Delay = 0.00>
ST_1 : Operation 35 [1/1] (0.00ns)   --->   "%sext_ln728_2 = sext i19 %rhs_V_4 to i25" [FracNetHLS/pgconv.cc:67]   --->   Operation 35 'sext' 'sext_ln728_2' <Predicate = true> <Delay = 0.00>
ST_1 : Operation 36 [1/1] (2.20ns) (root node of the DSP)   --->   "%ret_V_2 = add i25 %r_V_2, %sext_ln728_2" [FracNetHLS/pgconv.cc:67]   --->   Operation 36 'add' 'ret_V_2' <Predicate = true> <Delay = 2.20> <Core = "DSP48">   --->   Core 88 'DSP48' <Latency = 0> <II = 1> <Delay = 2.84> <IPBlock> <Opcode : 'mul' 'add' 'sub' 'select'> <InPorts = 2> <OutPorts = 1> <Sync> <CReg>
ST_1 : Operation 37 [1/1] (0.00ns)   --->   "%p_Result_4 = call i1 @_ssdm_op_BitSelect.i1.i25.i32(i25 %ret_V_2, i32 24)" [FracNetHLS/pgconv.cc:67]   --->   Operation 37 'bitselect' 'p_Result_4' <Predicate = true> <Delay = 0.00>
ST_1 : Operation 38 [1/1] (0.00ns)   --->   "%p_Val2_7 = call i14 @_ssdm_op_PartSelect.i14.i25.i32.i32(i25 %ret_V_2, i32 7, i32 20)" [FracNetHLS/pgconv.cc:67]   --->   Operation 38 'partselect' 'p_Val2_7' <Predicate = true> <Delay = 0.00>
ST_1 : Operation 39 [1/1] (0.00ns) (grouped into LUT with out node carry_1)   --->   "%p_Result_5 = call i1 @_ssdm_op_BitSelect.i1.i25.i32(i25 %ret_V_2, i32 20)" [FracNetHLS/pgconv.cc:67]   --->   Operation 39 'bitselect' 'p_Result_5' <Predicate = true> <Delay = 0.00>
ST_1 : Operation 40 [1/1] (0.00ns)   --->   "%tmp = call i1 @_ssdm_op_BitSelect.i1.i25.i32(i25 %ret_V_2, i32 6)" [FracNetHLS/pgconv.cc:67]   --->   Operation 40 'bitselect' 'tmp' <Predicate = true> <Delay = 0.00>
ST_1 : Operation 41 [1/1] (0.00ns)   --->   "%zext_ln415 = zext i1 %tmp to i14" [FracNetHLS/pgconv.cc:67]   --->   Operation 41 'zext' 'zext_ln415' <Predicate = true> <Delay = 0.00>
ST_1 : Operation 42 [1/1] (0.98ns)   --->   "%p_Val2_8 = add i14 %p_Val2_7, %zext_ln415" [FracNetHLS/pgconv.cc:67]   --->   Operation 42 'add' 'p_Val2_8' <Predicate = true> <Delay = 0.98> <Core = "AddSub">   --->   Core 14 'AddSub' <Latency = 0> <II = 1> <Delay = 0.98> <FuncUnit> <Opcode : 'add' 'sub'> <InPorts = 2> <OutPorts = 1>
ST_1 : Operation 43 [1/1] (0.00ns) (grouped into LUT with out node carry_1)   --->   "%tmp_3 = call i1 @_ssdm_op_BitSelect.i1.i14.i32(i14 %p_Val2_8, i32 13)" [FracNetHLS/pgconv.cc:67]   --->   Operation 43 'bitselect' 'tmp_3' <Predicate = true> <Delay = 0.00>
ST_1 : Operation 44 [1/1] (0.00ns) (grouped into LUT with out node carry_1)   --->   "%xor_ln416 = xor i1 %tmp_3, true" [FracNetHLS/pgconv.cc:67]   --->   Operation 44 'xor' 'xor_ln416' <Predicate = true> <Delay = 0.00> <Core = "LogicGate">   --->   Core 27 'LogicGate' <Latency = 0> <II = 1> <Delay = 0.33> <FuncUnit> <Opcode : 'and' 'or' 'xor'> <InPorts = 2> <OutPorts = 1>
ST_1 : Operation 45 [1/1] (0.33ns) (out node of the LUT)   --->   "%carry_1 = and i1 %p_Result_5, %xor_ln416" [FracNetHLS/pgconv.cc:67]   --->   Operation 45 'and' 'carry_1' <Predicate = true> <Delay = 0.33> <Core = "LogicGate">   --->   Core 27 'LogicGate' <Latency = 0> <II = 1> <Delay = 0.33> <FuncUnit> <Opcode : 'and' 'or' 'xor'> <InPorts = 2> <OutPorts = 1>
ST_1 : Operation 46 [1/1] (0.00ns)   --->   "%p_Result_6 = call i1 @_ssdm_op_BitSelect.i1.i14.i32(i14 %p_Val2_8, i32 13)" [FracNetHLS/pgconv.cc:67]   --->   Operation 46 'bitselect' 'p_Result_6' <Predicate = true> <Delay = 0.00>
ST_1 : Operation 47 [1/1] (0.00ns)   --->   "%tmp_1 = call i3 @_ssdm_op_PartSelect.i3.i25.i32.i32(i25 %ret_V_2, i32 22, i32 24)" [FracNetHLS/pgconv.cc:67]   --->   Operation 47 'partselect' 'tmp_1' <Predicate = (carry_1)> <Delay = 0.00>
ST_1 : Operation 48 [1/1] (0.69ns)   --->   "%Range2_all_ones = icmp eq i3 %tmp_1, -1" [FracNetHLS/pgconv.cc:67]   --->   Operation 48 'icmp' 'Range2_all_ones' <Predicate = (carry_1)> <Delay = 0.69> <Core = "Cmp">   --->   Core 25 'Cmp' <Latency = 0> <II = 1> <Delay = 0.88> <FuncUnit> <Opcode : 'icmp'> <InPorts = 2> <OutPorts = 1>
ST_1 : Operation 49 [1/1] (0.00ns)   --->   "%tmp_2 = call i4 @_ssdm_op_PartSelect.i4.i25.i32.i32(i25 %ret_V_2, i32 21, i32 24)" [FracNetHLS/pgconv.cc:67]   --->   Operation 49 'partselect' 'tmp_2' <Predicate = true> <Delay = 0.00>
ST_1 : Operation 50 [1/1] (0.88ns)   --->   "%Range1_all_ones = icmp eq i4 %tmp_2, -1" [FracNetHLS/pgconv.cc:67]   --->   Operation 50 'icmp' 'Range1_all_ones' <Predicate = true> <Delay = 0.88> <Core = "Cmp">   --->   Core 25 'Cmp' <Latency = 0> <II = 1> <Delay = 0.88> <FuncUnit> <Opcode : 'icmp'> <InPorts = 2> <OutPorts = 1>
ST_1 : Operation 51 [1/1] (0.88ns)   --->   "%Range1_all_zeros = icmp eq i4 %tmp_2, 0" [FracNetHLS/pgconv.cc:67]   --->   Operation 51 'icmp' 'Range1_all_zeros' <Predicate = (and_ln340_2 & !carry_1)> <Delay = 0.88> <Core = "Cmp">   --->   Core 25 'Cmp' <Latency = 0> <II = 1> <Delay = 0.88> <FuncUnit> <Opcode : 'icmp'> <InPorts = 2> <OutPorts = 1>
ST_1 : Operation 52 [1/1] (0.00ns) (grouped into LUT with out node or_ln340_2)   --->   "%deleted_zeros = select i1 %carry_1, i1 %Range1_all_ones, i1 %Range1_all_zeros" [FracNetHLS/pgconv.cc:67]   --->   Operation 52 'select' 'deleted_zeros' <Predicate = (and_ln340_2)> <Delay = 0.00> <Core = "Sel">   --->   Core 26 'Sel' <Latency = 0> <II = 1> <Delay = 0.54> <FuncUnit> <Opcode : 'select'> <InPorts = 3> <OutPorts = 1>
ST_1 : Operation 53 [1/1] (0.00ns) (grouped into LUT with out node underflow_1)   --->   "%xor_ln786_1 = xor i1 %p_Result_3, true" [FracNetHLS/pgconv.cc:65]   --->   Operation 53 'xor' 'xor_ln786_1' <Predicate = (!and_ln340_1 & !and_ln340_2)> <Delay = 0.00> <Core = "LogicGate">   --->   Core 27 'LogicGate' <Latency = 0> <II = 1> <Delay = 0.33> <FuncUnit> <Opcode : 'and' 'or' 'xor'> <InPorts = 2> <OutPorts = 1>
ST_1 : Operation 54 [1/1] (0.33ns) (out node of the LUT)   --->   "%underflow_1 = and i1 %p_Result_2, %xor_ln786_1" [FracNetHLS/pgconv.cc:65]   --->   Operation 54 'and' 'underflow_1' <Predicate = (!and_ln340_1 & !and_ln340_2)> <Delay = 0.33> <Core = "LogicGate">   --->   Core 27 'LogicGate' <Latency = 0> <II = 1> <Delay = 0.33> <FuncUnit> <Opcode : 'and' 'or' 'xor'> <InPorts = 2> <OutPorts = 1>
ST_1 : Operation 55 [1/1] (0.00ns) (grouped into LUT with out node select_ln340_5)   --->   "%xor_ln340_3 = xor i1 %p_Result_2, %p_Result_3" [FracNetHLS/pgconv.cc:65]   --->   Operation 55 'xor' 'xor_ln340_3' <Predicate = (and_ln340_1 & !and_ln340_2)> <Delay = 0.00> <Core = "LogicGate">   --->   Core 27 'LogicGate' <Latency = 0> <II = 1> <Delay = 0.33> <FuncUnit> <Opcode : 'and' 'or' 'xor'> <InPorts = 2> <OutPorts = 1>
ST_1 : Operation 56 [1/1] (0.00ns) (grouped into LUT with out node and_ln340_1)   --->   "%xor_ln340_1 = xor i1 %p_Result_2, true" [FracNetHLS/pgconv.cc:65]   --->   Operation 56 'xor' 'xor_ln340_1' <Predicate = (!and_ln340_2)> <Delay = 0.00> <Core = "LogicGate">   --->   Core 27 'LogicGate' <Latency = 0> <II = 1> <Delay = 0.33> <FuncUnit> <Opcode : 'and' 'or' 'xor'> <InPorts = 2> <OutPorts = 1>
ST_1 : Operation 57 [1/1] (0.00ns) (grouped into LUT with out node and_ln340_1)   --->   "%or_ln340_1 = or i1 %p_Result_3, %xor_ln340_1" [FracNetHLS/pgconv.cc:65]   --->   Operation 57 'or' 'or_ln340_1' <Predicate = (!and_ln340_2)> <Delay = 0.00> <Core = "LogicGate">   --->   Core 27 'LogicGate' <Latency = 0> <II = 1> <Delay = 0.33> <FuncUnit> <Opcode : 'and' 'or' 'xor'> <InPorts = 2> <OutPorts = 1>
ST_1 : Operation 58 [1/1] (0.00ns) (grouped into LUT with out node select_ln340_5)   --->   "%select_ln340_1 = select i1 %xor_ln340_3, i14 8191, i14 %p_Val2_4" [FracNetHLS/pgconv.cc:65]   --->   Operation 58 'select' 'select_ln340_1' <Predicate = (and_ln340_1 & !and_ln340_2)> <Delay = 0.00> <Core = "Sel">   --->   Core 26 'Sel' <Latency = 0> <II = 1> <Delay = 0.54> <FuncUnit> <Opcode : 'select'> <InPorts = 3> <OutPorts = 1>
ST_1 : Operation 59 [1/1] (0.00ns) (grouped into LUT with out node and_ln786)   --->   "%tmp_5 = call i1 @_ssdm_op_BitSelect.i1.i25.i32(i25 %ret_V_2, i32 21)" [FracNetHLS/pgconv.cc:67]   --->   Operation 59 'bitselect' 'tmp_5' <Predicate = (carry_1)> <Delay = 0.00>
ST_1 : Operation 60 [1/1] (0.00ns) (grouped into LUT with out node and_ln786)   --->   "%xor_ln779 = xor i1 %tmp_5, true" [FracNetHLS/pgconv.cc:67]   --->   Operation 60 'xor' 'xor_ln779' <Predicate = (carry_1)> <Delay = 0.00> <Core = "LogicGate">   --->   Core 27 'LogicGate' <Latency = 0> <II = 1> <Delay = 0.33> <FuncUnit> <Opcode : 'and' 'or' 'xor'> <InPorts = 2> <OutPorts = 1>
ST_1 : Operation 61 [1/1] (0.00ns) (grouped into LUT with out node and_ln786)   --->   "%and_ln779 = and i1 %Range2_all_ones, %xor_ln779" [FracNetHLS/pgconv.cc:67]   --->   Operation 61 'and' 'and_ln779' <Predicate = (carry_1)> <Delay = 0.00> <Core = "LogicGate">   --->   Core 27 'LogicGate' <Latency = 0> <II = 1> <Delay = 0.33> <FuncUnit> <Opcode : 'and' 'or' 'xor'> <InPorts = 2> <OutPorts = 1>
ST_1 : Operation 62 [1/1] (0.00ns) (grouped into LUT with out node and_ln786)   --->   "%deleted_ones = select i1 %carry_1, i1 %and_ln779, i1 %Range1_all_ones" [FracNetHLS/pgconv.cc:67]   --->   Operation 62 'select' 'deleted_ones' <Predicate = true> <Delay = 0.00> <Core = "Sel">   --->   Core 26 'Sel' <Latency = 0> <II = 1> <Delay = 0.54> <FuncUnit> <Opcode : 'select'> <InPorts = 3> <OutPorts = 1>
ST_1 : Operation 63 [1/1] (0.00ns) (grouped into LUT with out node select_ln340_4)   --->   "%select_ln388_1 = select i1 %underflow_1, i14 -8192, i14 %p_Val2_4" [FracNetHLS/pgconv.cc:65]   --->   Operation 63 'select' 'select_ln388_1' <Predicate = (and_ln340 & !and_ln340_1 & !and_ln340_2)> <Delay = 0.00> <Core = "Sel">   --->   Core 26 'Sel' <Latency = 0> <II = 1> <Delay = 0.54> <FuncUnit> <Opcode : 'select'> <InPorts = 3> <OutPorts = 1>
ST_1 : Operation 64 [1/1] (0.33ns)   --->   "%and_ln781 = and i1 %carry_1, %Range1_all_ones" [FracNetHLS/pgconv.cc:67]   --->   Operation 64 'and' 'and_ln781' <Predicate = true> <Delay = 0.33> <Core = "LogicGate">   --->   Core 27 'LogicGate' <Latency = 0> <II = 1> <Delay = 0.33> <FuncUnit> <Opcode : 'and' 'or' 'xor'> <InPorts = 2> <OutPorts = 1>
ST_1 : Operation 65 [1/1] (0.00ns) (grouped into LUT with out node or_ln340_2)   --->   "%xor_ln785 = xor i1 %deleted_zeros, true" [FracNetHLS/pgconv.cc:67]   --->   Operation 65 'xor' 'xor_ln785' <Predicate = (and_ln340_2)> <Delay = 0.00> <Core = "LogicGate">   --->   Core 27 'LogicGate' <Latency = 0> <II = 1> <Delay = 0.33> <FuncUnit> <Opcode : 'and' 'or' 'xor'> <InPorts = 2> <OutPorts = 1>
ST_1 : Operation 66 [1/1] (0.00ns) (grouped into LUT with out node or_ln340_2)   --->   "%or_ln785 = or i1 %p_Result_6, %xor_ln785" [FracNetHLS/pgconv.cc:67]   --->   Operation 66 'or' 'or_ln785' <Predicate = (and_ln340_2)> <Delay = 0.00> <Core = "LogicGate">   --->   Core 27 'LogicGate' <Latency = 0> <II = 1> <Delay = 0.33> <FuncUnit> <Opcode : 'and' 'or' 'xor'> <InPorts = 2> <OutPorts = 1>
ST_1 : Operation 67 [1/1] (0.33ns)   --->   "%xor_ln785_1 = xor i1 %p_Result_4, true" [FracNetHLS/pgconv.cc:67]   --->   Operation 67 'xor' 'xor_ln785_1' <Predicate = true> <Delay = 0.33> <Core = "LogicGate">   --->   Core 27 'LogicGate' <Latency = 0> <II = 1> <Delay = 0.33> <FuncUnit> <Opcode : 'and' 'or' 'xor'> <InPorts = 2> <OutPorts = 1>
ST_1 : Operation 68 [1/1] (0.00ns) (grouped into LUT with out node or_ln340_2)   --->   "%overflow = and i1 %or_ln785, %xor_ln785_1" [FracNetHLS/pgconv.cc:67]   --->   Operation 68 'and' 'overflow' <Predicate = (and_ln340_2)> <Delay = 0.00> <Core = "LogicGate">   --->   Core 27 'LogicGate' <Latency = 0> <II = 1> <Delay = 0.33> <FuncUnit> <Opcode : 'and' 'or' 'xor'> <InPorts = 2> <OutPorts = 1>
ST_1 : Operation 69 [1/1] (0.33ns) (out node of the LUT)   --->   "%and_ln786 = and i1 %p_Result_6, %deleted_ones" [FracNetHLS/pgconv.cc:67]   --->   Operation 69 'and' 'and_ln786' <Predicate = true> <Delay = 0.33> <Core = "LogicGate">   --->   Core 27 'LogicGate' <Latency = 0> <II = 1> <Delay = 0.33> <FuncUnit> <Opcode : 'and' 'or' 'xor'> <InPorts = 2> <OutPorts = 1>
ST_1 : Operation 70 [1/1] (0.00ns) (grouped into LUT with out node underflow_2)   --->   "%or_ln786 = or i1 %and_ln781, %and_ln786" [FracNetHLS/pgconv.cc:67]   --->   Operation 70 'or' 'or_ln786' <Predicate = true> <Delay = 0.00> <Core = "LogicGate">   --->   Core 27 'LogicGate' <Latency = 0> <II = 1> <Delay = 0.33> <FuncUnit> <Opcode : 'and' 'or' 'xor'> <InPorts = 2> <OutPorts = 1>
ST_1 : Operation 71 [1/1] (0.00ns) (grouped into LUT with out node underflow_2)   --->   "%xor_ln786_2 = xor i1 %or_ln786, true" [FracNetHLS/pgconv.cc:67]   --->   Operation 71 'xor' 'xor_ln786_2' <Predicate = true> <Delay = 0.00> <Core = "LogicGate">   --->   Core 27 'LogicGate' <Latency = 0> <II = 1> <Delay = 0.33> <FuncUnit> <Opcode : 'and' 'or' 'xor'> <InPorts = 2> <OutPorts = 1>
ST_1 : Operation 72 [1/1] (0.33ns) (out node of the LUT)   --->   "%underflow_2 = and i1 %p_Result_4, %xor_ln786_2" [FracNetHLS/pgconv.cc:67]   --->   Operation 72 'and' 'underflow_2' <Predicate = true> <Delay = 0.33> <Core = "LogicGate">   --->   Core 27 'LogicGate' <Latency = 0> <II = 1> <Delay = 0.33> <FuncUnit> <Opcode : 'and' 'or' 'xor'> <InPorts = 2> <OutPorts = 1>
ST_1 : Operation 73 [1/1] (0.33ns) (out node of the LUT)   --->   "%or_ln340_2 = or i1 %underflow_2, %overflow" [FracNetHLS/pgconv.cc:67]   --->   Operation 73 'or' 'or_ln340_2' <Predicate = (and_ln340_2)> <Delay = 0.33> <Core = "LogicGate">   --->   Core 27 'LogicGate' <Latency = 0> <II = 1> <Delay = 0.33> <FuncUnit> <Opcode : 'and' 'or' 'xor'> <InPorts = 2> <OutPorts = 1>
ST_1 : Operation 74 [1/1] (0.00ns) (grouped into LUT with out node and_ln340_2)   --->   "%or_ln340_3 = or i1 %and_ln786, %xor_ln785_1" [FracNetHLS/pgconv.cc:67]   --->   Operation 74 'or' 'or_ln340_3' <Predicate = true> <Delay = 0.00> <Core = "LogicGate">   --->   Core 27 'LogicGate' <Latency = 0> <II = 1> <Delay = 0.33> <FuncUnit> <Opcode : 'and' 'or' 'xor'> <InPorts = 2> <OutPorts = 1>
ST_1 : Operation 75 [1/1] (0.00ns) (grouped into LUT with out node and_ln340_2)   --->   "%or_ln340_4 = or i1 %or_ln340_3, %and_ln781" [FracNetHLS/pgconv.cc:67]   --->   Operation 75 'or' 'or_ln340_4' <Predicate = true> <Delay = 0.00> <Core = "LogicGate">   --->   Core 27 'LogicGate' <Latency = 0> <II = 1> <Delay = 0.33> <FuncUnit> <Opcode : 'and' 'or' 'xor'> <InPorts = 2> <OutPorts = 1>
ST_1 : Operation 76 [1/1] (0.00ns) (grouped into LUT with out node select_ln340_6)   --->   "%select_ln340_2 = select i1 %or_ln340_2, i14 8191, i14 %p_Val2_8" [FracNetHLS/pgconv.cc:67]   --->   Operation 76 'select' 'select_ln340_2' <Predicate = (and_ln340_2)> <Delay = 0.00> <Core = "Sel">   --->   Core 26 'Sel' <Latency = 0> <II = 1> <Delay = 0.54> <FuncUnit> <Opcode : 'select'> <InPorts = 3> <OutPorts = 1>
ST_1 : Operation 77 [1/1] (0.00ns) (grouped into LUT with out node select_ln340_4)   --->   "%select_ln388_2 = select i1 %underflow_2, i14 -8192, i14 %p_Val2_8" [FracNetHLS/pgconv.cc:67]   --->   Operation 77 'select' 'select_ln388_2' <Predicate = (!and_ln340 & !and_ln340_1 & !and_ln340_2)> <Delay = 0.00> <Core = "Sel">   --->   Core 26 'Sel' <Latency = 0> <II = 1> <Delay = 0.54> <FuncUnit> <Opcode : 'select'> <InPorts = 3> <OutPorts = 1>
ST_1 : Operation 78 [1/1] (0.00ns) (grouped into LUT with out node select_ln340_4)   --->   "%and_ln340 = and i1 %icmp_ln1494, %underflow_1" [FracNetHLS/pgconv.cc:65]   --->   Operation 78 'and' 'and_ln340' <Predicate = (!and_ln340_1 & !and_ln340_2)> <Delay = 0.00> <Core = "LogicGate">   --->   Core 27 'LogicGate' <Latency = 0> <II = 1> <Delay = 0.33> <FuncUnit> <Opcode : 'and' 'or' 'xor'> <InPorts = 2> <OutPorts = 1>
ST_1 : Operation 79 [1/1] (0.54ns) (out node of the LUT)   --->   "%select_ln340_4 = select i1 %and_ln340, i14 %select_ln388_1, i14 %select_ln388_2" [FracNetHLS/pgconv.cc:65]   --->   Operation 79 'select' 'select_ln340_4' <Predicate = (!and_ln340_1 & !and_ln340_2)> <Delay = 0.54> <Core = "Sel">   --->   Core 26 'Sel' <Latency = 0> <II = 1> <Delay = 0.54> <FuncUnit> <Opcode : 'select'> <InPorts = 3> <OutPorts = 1>
ST_1 : Operation 80 [1/1] (0.33ns) (out node of the LUT)   --->   "%and_ln340_1 = and i1 %icmp_ln1494, %or_ln340_1" [FracNetHLS/pgconv.cc:65]   --->   Operation 80 'and' 'and_ln340_1' <Predicate = (!and_ln340_2)> <Delay = 0.33> <Core = "LogicGate">   --->   Core 27 'LogicGate' <Latency = 0> <II = 1> <Delay = 0.33> <FuncUnit> <Opcode : 'and' 'or' 'xor'> <InPorts = 2> <OutPorts = 1>
ST_1 : Operation 81 [1/1] (0.54ns) (out node of the LUT)   --->   "%select_ln340_5 = select i1 %and_ln340_1, i14 %select_ln340_1, i14 %select_ln340_4" [FracNetHLS/pgconv.cc:65]   --->   Operation 81 'select' 'select_ln340_5' <Predicate = (!and_ln340_2)> <Delay = 0.54> <Core = "Sel">   --->   Core 26 'Sel' <Latency = 0> <II = 1> <Delay = 0.54> <FuncUnit> <Opcode : 'select'> <InPorts = 3> <OutPorts = 1>
ST_1 : Operation 82 [1/1] (0.00ns) (grouped into LUT with out node and_ln340_2)   --->   "%xor_ln1494 = xor i1 %icmp_ln1494, true" [FracNetHLS/pgconv.cc:64]   --->   Operation 82 'xor' 'xor_ln1494' <Predicate = true> <Delay = 0.00> <Core = "LogicGate">   --->   Core 27 'LogicGate' <Latency = 0> <II = 1> <Delay = 0.33> <FuncUnit> <Opcode : 'and' 'or' 'xor'> <InPorts = 2> <OutPorts = 1>
ST_1 : Operation 83 [1/1] (0.33ns) (out node of the LUT)   --->   "%and_ln340_2 = and i1 %or_ln340_4, %xor_ln1494" [FracNetHLS/pgconv.cc:67]   --->   Operation 83 'and' 'and_ln340_2' <Predicate = true> <Delay = 0.33> <Core = "LogicGate">   --->   Core 27 'LogicGate' <Latency = 0> <II = 1> <Delay = 0.33> <FuncUnit> <Opcode : 'and' 'or' 'xor'> <InPorts = 2> <OutPorts = 1>
ST_1 : Operation 84 [1/1] (0.54ns) (out node of the LUT)   --->   "%select_ln340_6 = select i1 %and_ln340_2, i14 %select_ln340_2, i14 %select_ln340_5" [FracNetHLS/pgconv.cc:67]   --->   Operation 84 'select' 'select_ln340_6' <Predicate = true> <Delay = 0.54> <Core = "Sel">   --->   Core 26 'Sel' <Latency = 0> <II = 1> <Delay = 0.54> <FuncUnit> <Opcode : 'select'> <InPorts = 3> <OutPorts = 1>
ST_1 : Operation 85 [1/1] (0.00ns)   --->   "ret i14 %select_ln340_6" [FracNetHLS/pgconv.cc:69]   --->   Operation 85 'ret' <Predicate = true> <Delay = 0.00>


============================================================
+ Verbose Summary: Timing violations
============================================================
Target clock period: 10ns, clock uncertainty: 1.25ns.

 <State 1>: 8.56ns
The critical path consists of the following:
	wire read on port 'shiftx_V' (FracNetHLS/pgconv.cc:63) [7]  (0 ns)
	'add' operation ('tmp.V', FracNetHLS/pgconv.cc:63) [15]  (0.989 ns)
	'select' operation ('select_ln388', FracNetHLS/pgconv.cc:63) [23]  (0.548 ns)
	'select' operation ('__Val2__', FracNetHLS/pgconv.cc:63) [24]  (0.548 ns)
	'mul' operation of DSP[39] ('r.V', FracNetHLS/pgconv.cc:67) [36]  (0.638 ns)
	'add' operation of DSP[39] ('ret.V', FracNetHLS/pgconv.cc:67) [39]  (2.21 ns)
	'add' operation ('__Val2__', FracNetHLS/pgconv.cc:67) [45]  (0.989 ns)
	'xor' operation ('xor_ln416', FracNetHLS/pgconv.cc:67) [47]  (0 ns)
	'and' operation ('carry', FracNetHLS/pgconv.cc:67) [48]  (0.331 ns)
	'and' operation ('and_ln781', FracNetHLS/pgconv.cc:67) [67]  (0.331 ns)
	'or' operation ('or_ln786', FracNetHLS/pgconv.cc:67) [73]  (0 ns)
	'xor' operation ('xor_ln786_2', FracNetHLS/pgconv.cc:67) [74]  (0 ns)
	'and' operation ('underflow', FracNetHLS/pgconv.cc:67) [75]  (0.331 ns)
	'select' operation ('select_ln388_2', FracNetHLS/pgconv.cc:67) [80]  (0 ns)
	'select' operation ('select_ln340_4', FracNetHLS/pgconv.cc:65) [82]  (0.548 ns)
	'select' operation ('select_ln340_5', FracNetHLS/pgconv.cc:65) [84]  (0.548 ns)
	'select' operation ('select_ln340_6', FracNetHLS/pgconv.cc:67) [87]  (0.548 ns)


============================================================
+ Verbose Summary: Binding
============================================================
N/A
* FSMD analyzer results:
  - Output states:
 - Input state : 
  - Chain level:
	State 1


============================================================
+ Verbose Summary: Datapath Resource usage 
============================================================
N/A
