INFO: [SIM 2] *************** CSIM start ***************
INFO: [SIM 4] CSIM will launch GCC as the compiler.
   Compiling ../../../../tb.cc in release mode
   Compiling ../../../../bnn.cc in release mode
   Generating csim.exe
image 0
LAYER 1
26
LAYER 2
74
2730
34730
34761
0
25141248
3139584
WRITE ALL WEIGHT OK
WRITE IMAGE OK
Weights loading success 
Done conv1
Done layer 1
Done layer 2
-1.413098  -1.104333  -0.841081  -1.379158  -0.972936  -1.241122  -1.417232  -1.453290  -1.313161  -1.390513  -1.231641  -1.183519  -1.631739  -1.592613  
-1.498811  0.072460  -0.104451  0.799123  -0.475997  -0.379131  -0.130016  -0.036225  -0.027427  0.078086  -0.274367  -0.502536  -0.388050  -0.876116  
-1.409569  -0.050494  0.268656  0.345408  -0.034225  -0.273465  -0.498075  -0.449343  -0.400088  -0.238202  -0.499137  -0.466552  -0.536617  -0.527309  
-1.409569  -0.050494  0.183024  0.553193  -0.695982  -0.312415  -0.929246  -0.237727  -0.495012  -0.281574  -0.441667  -0.245816  -0.412962  -0.485819  
-1.409569  -0.050494  0.366025  0.559337  -0.839798  -0.546139  -0.270186  -0.412546  -0.496620  -0.152933  -0.481052  -0.452303  -0.416557  -0.365989  
-1.409569  -0.050494  0.245471  0.670485  -0.702169  -0.331384  -0.304558  -0.539315  -0.567033  -0.360648  -0.229322  -0.403509  -0.336954  -0.256436  
-1.409569  -0.050494  0.245471  0.436287  -0.342138  -0.362850  -0.350178  -0.464712  -0.452303  -0.452303  -0.229079  -0.396574  -0.682665  -0.065077  
-1.409569  -0.050494  0.411266  0.896316  -0.352425  -0.316496  -0.342233  -0.362395  -0.452303  -0.452303  -0.452303  -0.502871  -0.433413  -0.530682  
-1.409569  -0.050494  0.419084  0.095726  -0.491719  -0.299081  -0.412509  -0.429543  -0.519954  -0.452303  -0.413629  -0.325528  -0.398957  -0.616697  
-1.409569  -0.050494  0.306217  0.400706  -0.385316  -0.342053  -0.493592  -0.167254  -0.741968  -0.325755  -0.272321  -0.265504  -0.384213  -0.713330  
-1.409569  -0.050494  0.505117  0.802504  -0.364011  -0.421214  -0.316672  -0.160457  -0.736533  -0.249028  -0.426664  -0.638975  -0.474121  -0.452303  
-1.409569  -0.050494  0.387843  0.674368  -0.616686  -0.304023  -0.337605  -0.470174  -0.388793  -0.360088  -0.507500  -0.469159  -0.452303  -0.452303  
-1.409569  -0.050494  0.245471  0.672458  -0.738853  -0.216728  -0.399730  -0.237448  -0.591718  -0.416162  -0.198133  -0.486015  -0.452303  -0.269494  
-1.409569  -0.050494  0.245471  0.672458  -0.738853  -0.349693  -0.500352  -0.413490  -0.565425  -0.374954  -0.307531  -0.486015  -0.452303  -0.395192  
---------- SW above -----------------------

-1.42188  -1.09375  -0.585938  -1.28125  -1.26563  -1.10156  -1.20313  -1.17188  -1.28125  -1.30469  -1.36719  -1.10938  -1.75781  -1.91406  
-1.53906  0.101563  0.015625  0.382813  -0.421875  -0.484375  0.0859375  0.09375  0.0234375  0.0546875  -0.226563  -0.296875  -0.46875  -0.523438  
-1.42188  0.0078125  0.203125  0.273438  0.0078125  -0.25  -0.382813  -0.359375  -0.25  -0.335938  -0.382813  -0.523438  -0.359375  -0.609375  
-1.42188  0.0078125  0.203125  0.382813  -0.875  -0.265625  -0.296875  -0.296875  -0.398438  -0.515625  -0.335938  -0.515625  -0.3125  -0.515625  
-1.42188  0.0078125  0.453125  0.453125  -0.421875  -0.546875  -0.265625  -0.507813  -0.257813  -0.265625  -0.492188  -0.515625  -0.507813  -0.492188  
-1.42188  0.0078125  0.601563  0.453125  -0.421875  -0.484375  -0.226563  -0.671875  -0.34375  -0.328125  -0.273438  -0.453125  -0.265625  -0.25  
-1.42188  0.0078125  0.601563  0.265625  -0.40625  -0.445313  -0.289063  -0.429688  -0.515625  -0.515625  -0.328125  -0.375  -0.617188  -0.203125  
-1.42188  0.0078125  0.601563  0.515625  -0.328125  -0.414063  -0.367188  -0.421875  -0.515625  -0.515625  -0.523438  -0.507813  -0.484375  -0.460938  
-1.42188  0.0078125  0.539063  -0.0625  -0.507813  -0.453125  -0.359375  -0.367188  -0.5  -0.515625  -0.46875  -0.367188  -0.195313  -0.78125  
-1.42188  0.0078125  0.5625  0.179688  -0.335938  -0.148438  -0.539063  -0.0234375  -0.609375  -0.367188  -0.335938  -0.351563  -0.273438  -0.765625  
-1.42188  0.0078125  0.4375  0.34375  -0.195313  -0.257813  -0.34375  -0.179688  -0.398438  -0.421875  -0.484375  -0.609375  -0.46875  -0.515625  
-1.42188  0.0078125  0.5  0.671875  -0.734375  -0.203125  -0.484375  -0.53125  -0.398438  -0.429688  -0.46875  -0.5  -0.515625  -0.515625  
-1.42188  0.0078125  0.601563  0.539063  -0.703125  -0.25  -0.296875  -0.140625  -0.445313  -0.484375  -0.15625  -0.46875  -0.515625  -0.382813  
-1.42188  0.0078125  0.601563  0.539063  -0.703125  -0.4375  -0.40625  -0.335938  -0.4375  -0.382813  -0.234375  -0.414063  -0.515625  -0.445313  
---------- HW above ------------


Total absolute error C vs hw: 98575.140625
Total number of errors C vs hw: 205520/401408
Maximum absolute pixel error C vs hw: 7.941526

Tested
INFO: [SIM 1] CSim done with 0 errors.
INFO: [SIM 3] *************** CSIM finish ***************
