INFO: [HLS 200-10] Running 'C:/Xilinx/Vivado/2019.2/bin/unwrapped/win64.o/vivado_hls.exe'
INFO: [HLS 200-10] For user 'Aperture' on host 'desktop-apertur' (Windows NT_amd64 version 6.2) on Thu Sep 03 21:46:58 -0500 2020
INFO: [HLS 200-10] In directory 'C:/Users/Aperture/Git/FracNetHLS'
Sourcing Tcl script 'C:/Users/Aperture/Git/FracNetHLS/FracNetHLS/solution1/csynth.tcl'
INFO: [HLS 200-10] Opening project 'C:/Users/Aperture/Git/FracNetHLS/FracNetHLS'.
INFO: [HLS 200-10] Adding design file 'FracNetHLS/biconv.cc' to the project
INFO: [HLS 200-10] Adding design file 'FracNetHLS/matmul.cc' to the project
INFO: [HLS 200-10] Adding design file 'FracNetHLS/net_hls.h' to the project
INFO: [HLS 200-10] Adding design file 'FracNetHLS/pgconv.cc' to the project
INFO: [HLS 200-10] Opening solution 'C:/Users/Aperture/Git/FracNetHLS/FracNetHLS/solution1'.
INFO: [SYN 201-201] Setting up clock 'default' with a period of 10ns.
INFO: [HLS 200-10] Setting target device to 'xczu3eg-sbva484-1-e'
INFO: [HLS 200-435] Setting 'config_sdx -optimization_level' configuration: config_export -vivado_optimization_level=2
INFO: [HLS 200-435] Setting 'config_sdx -target' configuration: config_export -vivado_optimization_level=2
INFO: [HLS 200-435] Setting 'config_sdx -target' configuration: set_clock_uncertainty default
INFO: [SYN 201-201] Setting up clock 'default' with an uncertainty of 1.25ns.
INFO: [SYN 201-201] Setting up clock 'default' with a period of 10ns.
WARNING: [HLS 200-483] The 'config_sdx -optimization_level' command is deprecated and will be removed in a future release. Use 'config_export -vivado_optimization_level' as its replacement.
INFO: [HLS 200-435] Setting 'config_sdx -optimization_level' configuration: config_export -vivado_optimization_level=2
INFO: [HLS 200-435] Setting 'config_sdx -target' configuration: config_export -vivado_optimization_level=2
INFO: [HLS 200-435] Setting 'config_sdx -target' configuration: set_clock_uncertainty default
WARNING: [HLS 200-484] The 'config_sdx -optimization_level' command is deprecated and will be removed in a future release.
INFO: [SCHED 204-61] Option 'relax_ii_for_timing' is enabled, will increase II to preserve clock frequency constraints.
INFO: [HLS 200-10] Analyzing design file 'FracNetHLS/pgconv.cc' ... 
INFO: [HLS 200-10] Analyzing design file 'FracNetHLS/matmul.cc' ... 
INFO: [HLS 200-10] Analyzing design file 'FracNetHLS/biconv.cc' ... 
INFO: [HLS 200-111] Finished Linking Time (s): cpu = 00:00:02 ; elapsed = 00:00:36 . Memory (MB): peak = 208.699 ; gain = 119.383
INFO: [HLS 200-111] Finished Checking Pragmas Time (s): cpu = 00:00:02 ; elapsed = 00:00:36 . Memory (MB): peak = 208.699 ; gain = 119.383
INFO: [HLS 200-10] Starting code transformations ...
INFO: [HLS 200-111] Finished Standard Transforms Time (s): cpu = 00:00:03 ; elapsed = 00:00:37 . Memory (MB): peak = 209.609 ; gain = 120.293
INFO: [HLS 200-10] Checking synthesizability ...
WARNING: [SYNCHK 200-23] FracNetHLS/pgconv.cc:99: variable-indexed range selection may cause suboptimal QoR.
INFO: [SYNCHK 200-10] 0 error(s), 1 warning(s).
INFO: [HLS 200-111] Finished Checking Synthesizability Time (s): cpu = 00:00:03 ; elapsed = 00:00:37 . Memory (MB): peak = 229.082 ; gain = 139.766
INFO: [XFORM 203-502] Unrolling all sub-loops inside loop 'Loop-1.1' (FracNetHLS/pgconv.cc:93) in function 'pgconv32_2bit' for pipelining.
INFO: [HLS 200-489] Unrolling loop 'Loop-1.1.1' (FracNetHLS/pgconv.cc:97) in function 'pgconv32_2bit' completely with a factor of 32.
INFO: [HLS 200-489] Unrolling loop 'Loop-1.1.2' (FracNetHLS/pgconv.cc:118) in function 'pgconv32_2bit' completely with a factor of 32.
INFO: [XFORM 203-101] Partitioning array 'bottom.V' (FracNetHLS/pgconv.cc:71) in dimension 1 completely.
INFO: [XFORM 203-101] Partitioning array 'weights.V' (FracNetHLS/pgconv.cc:72) in dimension 1 completely.
INFO: [XFORM 203-101] Partitioning array 'thres.V' (FracNetHLS/pgconv.cc:73) in dimension 1 completely.
INFO: [XFORM 203-101] Partitioning array 'bn_weights.V' (FracNetHLS/pgconv.cc:74) in dimension 1 completely.
INFO: [XFORM 203-101] Partitioning array 'bn_bias.V' (FracNetHLS/pgconv.cc:75) in dimension 1 completely.
INFO: [XFORM 203-101] Partitioning array 'relu_shiftx.V' (FracNetHLS/pgconv.cc:76) in dimension 1 completely.
INFO: [XFORM 203-101] Partitioning array 'relu_shifty.V' (FracNetHLS/pgconv.cc:77) in dimension 1 completely.
INFO: [XFORM 203-101] Partitioning array 'relu_weights.V' (FracNetHLS/pgconv.cc:78) in dimension 1 completely.
INFO: [XFORM 203-101] Partitioning array 'top.V' (FracNetHLS/pgconv.cc:79) in dimension 1 completely.
INFO: [XFORM 203-401] Performing if-conversion on hyperblock from (FracNetHLS/pgconv.cc:63:22) to (FracNetHLS/pgconv.cc:69:1) in function 'relu'... converting 16 basic blocks.
INFO: [XFORM 203-401] Performing if-conversion on hyperblock from (FracNetHLS/pgconv.cc:58:12) to (FracNetHLS/pgconv.cc:58:12) in function 'batch_norm'... converting 5 basic blocks.
INFO: [XFORM 203-11] Balancing expressions in function 'sum_engine' (FracNetHLS/pgconv.cc:39:12)...3 expression(s) balanced.
INFO: [HLS 200-111] Finished Pre-synthesis Time (s): cpu = 00:00:14 ; elapsed = 00:00:48 . Memory (MB): peak = 285.277 ; gain = 195.961
INFO: [XFORM 203-541] Flattening a loop nest 'Loop-1' (FracNetHLS/pgconv.cc:92:18) in function 'pgconv32_2bit'.
INFO: [HLS 200-472] Inferring partial write operation for 'bottom_buf_1.V' (FracNetHLS/pgconv.cc:99:28)
INFO: [HLS 200-472] Inferring partial write operation for 'bottom_buf_1.V' (FracNetHLS/pgconv.cc:100:43)
INFO: [HLS 200-472] Inferring partial write operation for 'bottom_buf_1.V' (FracNetHLS/pgconv.cc:101:43)
INFO: [HLS 200-472] Inferring partial write operation for 'bottom_buf_1.V' (FracNetHLS/pgconv.cc:102:43)
INFO: [HLS 200-472] Inferring partial write operation for 'bottom_buf_1.V' (FracNetHLS/pgconv.cc:103:43)
INFO: [HLS 200-472] Inferring partial write operation for 'bottom_buf_1.V' (FracNetHLS/pgconv.cc:104:43)
INFO: [HLS 200-472] Inferring partial write operation for 'bottom_buf_1.V' (FracNetHLS/pgconv.cc:105:43)
INFO: [HLS 200-472] Inferring partial write operation for 'bottom_buf_1.V' (FracNetHLS/pgconv.cc:106:43)
INFO: [HLS 200-472] Inferring partial write operation for 'bottom_buf_1.V' (FracNetHLS/pgconv.cc:107:43)
INFO: [HLS 200-472] Inferring partial write operation for 'bottom_buf_0.V' (FracNetHLS/pgconv.cc:108:31)
INFO: [HLS 200-472] Inferring partial write operation for 'bottom_buf_0.V' (FracNetHLS/pgconv.cc:109:43)
INFO: [HLS 200-472] Inferring partial write operation for 'bottom_buf_0.V' (FracNetHLS/pgconv.cc:110:43)
INFO: [HLS 200-472] Inferring partial write operation for 'bottom_buf_0.V' (FracNetHLS/pgconv.cc:111:43)
INFO: [HLS 200-472] Inferring partial write operation for 'bottom_buf_0.V' (FracNetHLS/pgconv.cc:112:43)
INFO: [HLS 200-472] Inferring partial write operation for 'bottom_buf_0.V' (FracNetHLS/pgconv.cc:113:43)
INFO: [HLS 200-472] Inferring partial write operation for 'bottom_buf_0.V' (FracNetHLS/pgconv.cc:114:43)
INFO: [HLS 200-472] Inferring partial write operation for 'bottom_buf_0.V' (FracNetHLS/pgconv.cc:115:43)
INFO: [HLS 200-472] Inferring partial write operation for 'bottom_buf_0.V' (FracNetHLS/pgconv.cc:116:43)
INFO: [HLS 200-111] Finished Architecture Synthesis Time (s): cpu = 00:00:25 ; elapsed = 00:00:59 . Memory (MB): peak = 332.379 ; gain = 243.062
INFO: [HLS 200-10] Starting hardware synthesis ...
INFO: [HLS 200-10] Synthesizing 'pgconv32_2bit' ...
INFO: [HLS 200-10] ----------------------------------------------------------------
INFO: [HLS 200-42] -- Implementing module 'compute_engine_32' 
INFO: [HLS 200-10] ----------------------------------------------------------------
INFO: [SCHED 204-11] Starting scheduling ...
INFO: [SCHED 204-61] Pipelining function 'compute_engine_32'.
INFO: [SCHED 204-61] Pipelining result : Target II = 1, Final II = 1, Depth = 2.
INFO: [SCHED 204-11] Finished scheduling.
INFO: [HLS 200-111]  Elapsed time: 59.985 seconds; current allocated memory: 266.885 MB.
INFO: [BIND 205-100] Starting micro-architecture generation ...
INFO: [BIND 205-101] Performing variable lifetime analysis.
INFO: [BIND 205-101] Exploring resource sharing.
INFO: [BIND 205-101] Binding ...
INFO: [BIND 205-100] Finished micro-architecture generation.
INFO: [HLS 200-111]  Elapsed time: 0.11 seconds; current allocated memory: 267.075 MB.
INFO: [HLS 200-10] ----------------------------------------------------------------
INFO: [HLS 200-42] -- Implementing module 'sum_engine' 
INFO: [HLS 200-10] ----------------------------------------------------------------
INFO: [SCHED 204-11] Starting scheduling ...
INFO: [SCHED 204-61] Pipelining function 'sum_engine'.
INFO: [SCHED 204-61] Pipelining result : Target II = 1, Final II = 1, Depth = 1.
INFO: [SCHED 204-11] Finished scheduling.
INFO: [HLS 200-111]  Elapsed time: 0.135 seconds; current allocated memory: 267.164 MB.
INFO: [BIND 205-100] Starting micro-architecture generation ...
INFO: [BIND 205-101] Performing variable lifetime analysis.
INFO: [BIND 205-101] Exploring resource sharing.
INFO: [BIND 205-101] Binding ...
INFO: [BIND 205-100] Finished micro-architecture generation.
INFO: [HLS 200-111]  Elapsed time: 0.083 seconds; current allocated memory: 267.250 MB.
INFO: [HLS 200-10] ----------------------------------------------------------------
INFO: [HLS 200-42] -- Implementing module 'batch_norm' 
INFO: [HLS 200-10] ----------------------------------------------------------------
INFO: [SCHED 204-11] Starting scheduling ...
INFO: [SCHED 204-61] Pipelining function 'batch_norm'.
INFO: [SCHED 204-61] Pipelining result : Target II = 1, Final II = 1, Depth = 1.
INFO: [SCHED 204-11] Finished scheduling.
INFO: [HLS 200-111]  Elapsed time: 0.105 seconds; current allocated memory: 267.391 MB.
INFO: [BIND 205-100] Starting micro-architecture generation ...
INFO: [BIND 205-101] Performing variable lifetime analysis.
INFO: [BIND 205-101] Exploring resource sharing.
INFO: [BIND 205-101] Binding ...
INFO: [BIND 205-100] Finished micro-architecture generation.
INFO: [HLS 200-111]  Elapsed time: 0.089 seconds; current allocated memory: 267.501 MB.
INFO: [HLS 200-10] ----------------------------------------------------------------
INFO: [HLS 200-42] -- Implementing module 'relu' 
INFO: [HLS 200-10] ----------------------------------------------------------------
INFO: [SCHED 204-11] Starting scheduling ...
INFO: [SCHED 204-61] Pipelining function 'relu'.
INFO: [SCHED 204-61] Pipelining result : Target II = 1, Final II = 1, Depth = 1.
INFO: [SCHED 204-11] Finished scheduling.
INFO: [HLS 200-111]  Elapsed time: 0.142 seconds; current allocated memory: 267.742 MB.
INFO: [BIND 205-100] Starting micro-architecture generation ...
INFO: [BIND 205-101] Performing variable lifetime analysis.
INFO: [BIND 205-101] Exploring resource sharing.
INFO: [BIND 205-101] Binding ...
INFO: [BIND 205-100] Finished micro-architecture generation.
INFO: [HLS 200-111]  Elapsed time: 0.133 seconds; current allocated memory: 268.046 MB.
INFO: [HLS 200-10] ----------------------------------------------------------------
INFO: [HLS 200-42] -- Implementing module 'pgconv32_2bit' 
INFO: [HLS 200-10] ----------------------------------------------------------------
INFO: [SCHED 204-11] Starting scheduling ...
INFO: [SCHED 204-61] Pipelining loop 'Loop 1'.
WARNING: [SCHED 204-69] Unable to schedule 'load' operation ('bottom_0_V_load_7', FracNetHLS/pgconv.cc:106) on array 'bottom_0_V' due to limited memory ports. Please consider using a memory core with more ports or partitioning the array 'bottom_0_V'.
WARNING: [SCHED 204-69] Unable to schedule 'load' operation ('bottom_buf_1_V_load_2', FracNetHLS/pgconv.cc:122) on array 'bottom_buf_1.V', FracNetHLS/pgconv.cc:95 due to limited memory ports. Please consider using a memory core with more ports or partitioning the array 'bottom_buf_1_V'.
INFO: [SCHED 204-61] Pipelining result : Target II = 1, Final II = 9, Depth = 19.
INFO: [SCHED 204-11] Finished scheduling.
INFO: [HLS 200-111]  Elapsed time: 72.683 seconds; current allocated memory: 275.728 MB.
INFO: [BIND 205-100] Starting micro-architecture generation ...
INFO: [BIND 205-101] Performing variable lifetime analysis.
INFO: [BIND 205-101] Exploring resource sharing.
INFO: [BIND 205-101] Binding ...
INFO: [BIND 205-100] Finished micro-architecture generation.
INFO: [HLS 200-111]  Elapsed time: 4.835 seconds; current allocated memory: 287.939 MB.
INFO: [HLS 200-10] ----------------------------------------------------------------
INFO: [HLS 200-10] -- Generating RTL for module 'compute_engine_32' 
INFO: [HLS 200-10] ----------------------------------------------------------------
INFO: [SYN 201-210] Renamed object name 'compute_engine_32_lut16_V' to 'compute_engine_32bkb' due to the length limit 20
INFO: [RTGEN 206-100] Finished creating RTL model for 'compute_engine_32'.
INFO: [HLS 200-111]  Elapsed time: 4.531 seconds; current allocated memory: 289.334 MB.
INFO: [HLS 200-10] ----------------------------------------------------------------
INFO: [HLS 200-10] -- Generating RTL for module 'sum_engine' 
INFO: [HLS 200-10] ----------------------------------------------------------------
INFO: [RTGEN 206-100] Finished creating RTL model for 'sum_engine'.
INFO: [HLS 200-111]  Elapsed time: 0.288 seconds; current allocated memory: 289.532 MB.
INFO: [HLS 200-10] ----------------------------------------------------------------
INFO: [HLS 200-10] -- Generating RTL for module 'batch_norm' 
INFO: [HLS 200-10] ----------------------------------------------------------------
INFO: [SYN 201-210] Renamed object name 'pgconv32_2bit_mul_mul_8ns_11s_19_1_1' to 'pgconv32_2bit_mulcud' due to the length limit 20
INFO: [RTGEN 206-100] Generating core module 'pgconv32_2bit_mulcud': 1 instance(s).
INFO: [RTGEN 206-100] Finished creating RTL model for 'batch_norm'.
INFO: [HLS 200-111]  Elapsed time: 0.19 seconds; current allocated memory: 289.756 MB.
INFO: [HLS 200-10] ----------------------------------------------------------------
INFO: [HLS 200-10] -- Generating RTL for module 'relu' 
INFO: [HLS 200-10] ----------------------------------------------------------------
INFO: [SYN 201-210] Renamed object name 'pgconv32_2bit_mac_muladd_11s_14s_19s_25_1_1' to 'pgconv32_2bit_macdEe' due to the length limit 20
INFO: [RTGEN 206-100] Generating core module 'pgconv32_2bit_macdEe': 1 instance(s).
INFO: [RTGEN 206-100] Finished creating RTL model for 'relu'.
INFO: [HLS 200-111]  Elapsed time: 0.232 seconds; current allocated memory: 290.308 MB.
INFO: [HLS 200-10] ----------------------------------------------------------------
INFO: [HLS 200-10] -- Generating RTL for module 'pgconv32_2bit' 
INFO: [HLS 200-10] ----------------------------------------------------------------
INFO: [RTGEN 206-500] Setting interface mode on port 'pgconv32_2bit/bottom_0_V' to 'ap_memory'.
INFO: [RTGEN 206-500] Setting interface mode on port 'pgconv32_2bit/bottom_1_V' to 'ap_memory'.
INFO: [RTGEN 206-500] Setting interface mode on port 'pgconv32_2bit/bottom_2_V' to 'ap_memory'.
INFO: [RTGEN 206-500] Setting interface mode on port 'pgconv32_2bit/bottom_3_V' to 'ap_memory'.
INFO: [RTGEN 206-500] Setting interface mode on port 'pgconv32_2bit/bottom_4_V' to 'ap_memory'.
INFO: [RTGEN 206-500] Setting interface mode on port 'pgconv32_2bit/bottom_5_V' to 'ap_memory'.
INFO: [RTGEN 206-500] Setting interface mode on port 'pgconv32_2bit/bottom_6_V' to 'ap_memory'.
INFO: [RTGEN 206-500] Setting interface mode on port 'pgconv32_2bit/bottom_7_V' to 'ap_memory'.
INFO: [RTGEN 206-500] Setting interface mode on port 'pgconv32_2bit/bottom_8_V' to 'ap_memory'.
INFO: [RTGEN 206-500] Setting interface mode on port 'pgconv32_2bit/bottom_9_V' to 'ap_memory'.
INFO: [RTGEN 206-500] Setting interface mode on port 'pgconv32_2bit/bottom_10_V' to 'ap_memory'.
INFO: [RTGEN 206-500] Setting interface mode on port 'pgconv32_2bit/bottom_11_V' to 'ap_memory'.
INFO: [RTGEN 206-500] Setting interface mode on port 'pgconv32_2bit/bottom_12_V' to 'ap_memory'.
INFO: [RTGEN 206-500] Setting interface mode on port 'pgconv32_2bit/bottom_13_V' to 'ap_memory'.
INFO: [RTGEN 206-500] Setting interface mode on port 'pgconv32_2bit/bottom_14_V' to 'ap_memory'.
INFO: [RTGEN 206-500] Setting interface mode on port 'pgconv32_2bit/bottom_15_V' to 'ap_memory'.
INFO: [RTGEN 206-500] Setting interface mode on port 'pgconv32_2bit/bottom_16_V' to 'ap_memory'.
INFO: [RTGEN 206-500] Setting interface mode on port 'pgconv32_2bit/bottom_17_V' to 'ap_memory'.
INFO: [RTGEN 206-500] Setting interface mode on port 'pgconv32_2bit/bottom_18_V' to 'ap_memory'.
INFO: [RTGEN 206-500] Setting interface mode on port 'pgconv32_2bit/bottom_19_V' to 'ap_memory'.
INFO: [RTGEN 206-500] Setting interface mode on port 'pgconv32_2bit/bottom_20_V' to 'ap_memory'.
INFO: [RTGEN 206-500] Setting interface mode on port 'pgconv32_2bit/bottom_21_V' to 'ap_memory'.
INFO: [RTGEN 206-500] Setting interface mode on port 'pgconv32_2bit/bottom_22_V' to 'ap_memory'.
INFO: [RTGEN 206-500] Setting interface mode on port 'pgconv32_2bit/bottom_23_V' to 'ap_memory'.
INFO: [RTGEN 206-500] Setting interface mode on port 'pgconv32_2bit/bottom_24_V' to 'ap_memory'.
INFO: [RTGEN 206-500] Setting interface mode on port 'pgconv32_2bit/bottom_25_V' to 'ap_memory'.
INFO: [RTGEN 206-500] Setting interface mode on port 'pgconv32_2bit/bottom_26_V' to 'ap_memory'.
INFO: [RTGEN 206-500] Setting interface mode on port 'pgconv32_2bit/bottom_27_V' to 'ap_memory'.
INFO: [RTGEN 206-500] Setting interface mode on port 'pgconv32_2bit/bottom_28_V' to 'ap_memory'.
INFO: [RTGEN 206-500] Setting interface mode on port 'pgconv32_2bit/bottom_29_V' to 'ap_memory'.
INFO: [RTGEN 206-500] Setting interface mode on port 'pgconv32_2bit/bottom_30_V' to 'ap_memory'.
INFO: [RTGEN 206-500] Setting interface mode on port 'pgconv32_2bit/bottom_31_V' to 'ap_memory'.
INFO: [RTGEN 206-500] Setting interface mode on port 'pgconv32_2bit/weights_0_V' to 'ap_memory'.
INFO: [RTGEN 206-500] Setting interface mode on port 'pgconv32_2bit/weights_1_V' to 'ap_memory'.
INFO: [RTGEN 206-500] Setting interface mode on port 'pgconv32_2bit/weights_2_V' to 'ap_memory'.
INFO: [RTGEN 206-500] Setting interface mode on port 'pgconv32_2bit/weights_3_V' to 'ap_memory'.
INFO: [RTGEN 206-500] Setting interface mode on port 'pgconv32_2bit/weights_4_V' to 'ap_memory'.
INFO: [RTGEN 206-500] Setting interface mode on port 'pgconv32_2bit/weights_5_V' to 'ap_memory'.
INFO: [RTGEN 206-500] Setting interface mode on port 'pgconv32_2bit/weights_6_V' to 'ap_memory'.
INFO: [RTGEN 206-500] Setting interface mode on port 'pgconv32_2bit/weights_7_V' to 'ap_memory'.
INFO: [RTGEN 206-500] Setting interface mode on port 'pgconv32_2bit/weights_8_V' to 'ap_memory'.
INFO: [RTGEN 206-500] Setting interface mode on port 'pgconv32_2bit/weights_9_V' to 'ap_memory'.
INFO: [RTGEN 206-500] Setting interface mode on port 'pgconv32_2bit/weights_10_V' to 'ap_memory'.
INFO: [RTGEN 206-500] Setting interface mode on port 'pgconv32_2bit/weights_11_V' to 'ap_memory'.
INFO: [RTGEN 206-500] Setting interface mode on port 'pgconv32_2bit/weights_12_V' to 'ap_memory'.
INFO: [RTGEN 206-500] Setting interface mode on port 'pgconv32_2bit/weights_13_V' to 'ap_memory'.
INFO: [RTGEN 206-500] Setting interface mode on port 'pgconv32_2bit/weights_14_V' to 'ap_memory'.
INFO: [RTGEN 206-500] Setting interface mode on port 'pgconv32_2bit/weights_15_V' to 'ap_memory'.
INFO: [RTGEN 206-500] Setting interface mode on port 'pgconv32_2bit/weights_16_V' to 'ap_memory'.
INFO: [RTGEN 206-500] Setting interface mode on port 'pgconv32_2bit/weights_17_V' to 'ap_memory'.
INFO: [RTGEN 206-500] Setting interface mode on port 'pgconv32_2bit/weights_18_V' to 'ap_memory'.
INFO: [RTGEN 206-500] Setting interface mode on port 'pgconv32_2bit/weights_19_V' to 'ap_memory'.
INFO: [RTGEN 206-500] Setting interface mode on port 'pgconv32_2bit/weights_20_V' to 'ap_memory'.
INFO: [RTGEN 206-500] Setting interface mode on port 'pgconv32_2bit/weights_21_V' to 'ap_memory'.
INFO: [RTGEN 206-500] Setting interface mode on port 'pgconv32_2bit/weights_22_V' to 'ap_memory'.
INFO: [RTGEN 206-500] Setting interface mode on port 'pgconv32_2bit/weights_23_V' to 'ap_memory'.
INFO: [RTGEN 206-500] Setting interface mode on port 'pgconv32_2bit/weights_24_V' to 'ap_memory'.
INFO: [RTGEN 206-500] Setting interface mode on port 'pgconv32_2bit/weights_25_V' to 'ap_memory'.
INFO: [RTGEN 206-500] Setting interface mode on port 'pgconv32_2bit/weights_26_V' to 'ap_memory'.
INFO: [RTGEN 206-500] Setting interface mode on port 'pgconv32_2bit/weights_27_V' to 'ap_memory'.
INFO: [RTGEN 206-500] Setting interface mode on port 'pgconv32_2bit/weights_28_V' to 'ap_memory'.
INFO: [RTGEN 206-500] Setting interface mode on port 'pgconv32_2bit/weights_29_V' to 'ap_memory'.
INFO: [RTGEN 206-500] Setting interface mode on port 'pgconv32_2bit/weights_30_V' to 'ap_memory'.
INFO: [RTGEN 206-500] Setting interface mode on port 'pgconv32_2bit/weights_31_V' to 'ap_memory'.
INFO: [RTGEN 206-500] Setting interface mode on port 'pgconv32_2bit/thres_0_V' to 'ap_none'.
INFO: [RTGEN 206-500] Setting interface mode on port 'pgconv32_2bit/thres_1_V' to 'ap_none'.
INFO: [RTGEN 206-500] Setting interface mode on port 'pgconv32_2bit/thres_2_V' to 'ap_none'.
INFO: [RTGEN 206-500] Setting interface mode on port 'pgconv32_2bit/thres_3_V' to 'ap_none'.
INFO: [RTGEN 206-500] Setting interface mode on port 'pgconv32_2bit/thres_4_V' to 'ap_none'.
INFO: [RTGEN 206-500] Setting interface mode on port 'pgconv32_2bit/thres_5_V' to 'ap_none'.
INFO: [RTGEN 206-500] Setting interface mode on port 'pgconv32_2bit/thres_6_V' to 'ap_none'.
INFO: [RTGEN 206-500] Setting interface mode on port 'pgconv32_2bit/thres_7_V' to 'ap_none'.
INFO: [RTGEN 206-500] Setting interface mode on port 'pgconv32_2bit/thres_8_V' to 'ap_none'.
INFO: [RTGEN 206-500] Setting interface mode on port 'pgconv32_2bit/thres_9_V' to 'ap_none'.
INFO: [RTGEN 206-500] Setting interface mode on port 'pgconv32_2bit/thres_10_V' to 'ap_none'.
INFO: [RTGEN 206-500] Setting interface mode on port 'pgconv32_2bit/thres_11_V' to 'ap_none'.
INFO: [RTGEN 206-500] Setting interface mode on port 'pgconv32_2bit/thres_12_V' to 'ap_none'.
INFO: [RTGEN 206-500] Setting interface mode on port 'pgconv32_2bit/thres_13_V' to 'ap_none'.
INFO: [RTGEN 206-500] Setting interface mode on port 'pgconv32_2bit/thres_14_V' to 'ap_none'.
INFO: [RTGEN 206-500] Setting interface mode on port 'pgconv32_2bit/thres_15_V' to 'ap_none'.
INFO: [RTGEN 206-500] Setting interface mode on port 'pgconv32_2bit/thres_16_V' to 'ap_none'.
INFO: [RTGEN 206-500] Setting interface mode on port 'pgconv32_2bit/thres_17_V' to 'ap_none'.
INFO: [RTGEN 206-500] Setting interface mode on port 'pgconv32_2bit/thres_18_V' to 'ap_none'.
INFO: [RTGEN 206-500] Setting interface mode on port 'pgconv32_2bit/thres_19_V' to 'ap_none'.
INFO: [RTGEN 206-500] Setting interface mode on port 'pgconv32_2bit/thres_20_V' to 'ap_none'.
INFO: [RTGEN 206-500] Setting interface mode on port 'pgconv32_2bit/thres_21_V' to 'ap_none'.
INFO: [RTGEN 206-500] Setting interface mode on port 'pgconv32_2bit/thres_22_V' to 'ap_none'.
INFO: [RTGEN 206-500] Setting interface mode on port 'pgconv32_2bit/thres_23_V' to 'ap_none'.
INFO: [RTGEN 206-500] Setting interface mode on port 'pgconv32_2bit/thres_24_V' to 'ap_none'.
INFO: [RTGEN 206-500] Setting interface mode on port 'pgconv32_2bit/thres_25_V' to 'ap_none'.
INFO: [RTGEN 206-500] Setting interface mode on port 'pgconv32_2bit/thres_26_V' to 'ap_none'.
INFO: [RTGEN 206-500] Setting interface mode on port 'pgconv32_2bit/thres_27_V' to 'ap_none'.
INFO: [RTGEN 206-500] Setting interface mode on port 'pgconv32_2bit/thres_28_V' to 'ap_none'.
INFO: [RTGEN 206-500] Setting interface mode on port 'pgconv32_2bit/thres_29_V' to 'ap_none'.
INFO: [RTGEN 206-500] Setting interface mode on port 'pgconv32_2bit/thres_30_V' to 'ap_none'.
INFO: [RTGEN 206-500] Setting interface mode on port 'pgconv32_2bit/thres_31_V' to 'ap_none'.
INFO: [RTGEN 206-500] Setting interface mode on port 'pgconv32_2bit/bn_weights_0_V' to 'ap_none'.
INFO: [RTGEN 206-500] Setting interface mode on port 'pgconv32_2bit/bn_weights_1_V' to 'ap_none'.
INFO: [RTGEN 206-500] Setting interface mode on port 'pgconv32_2bit/bn_weights_2_V' to 'ap_none'.
INFO: [RTGEN 206-500] Setting interface mode on port 'pgconv32_2bit/bn_weights_3_V' to 'ap_none'.
INFO: [RTGEN 206-500] Setting interface mode on port 'pgconv32_2bit/bn_weights_4_V' to 'ap_none'.
INFO: [RTGEN 206-500] Setting interface mode on port 'pgconv32_2bit/bn_weights_5_V' to 'ap_none'.
INFO: [RTGEN 206-500] Setting interface mode on port 'pgconv32_2bit/bn_weights_6_V' to 'ap_none'.
INFO: [RTGEN 206-500] Setting interface mode on port 'pgconv32_2bit/bn_weights_7_V' to 'ap_none'.
INFO: [RTGEN 206-500] Setting interface mode on port 'pgconv32_2bit/bn_weights_8_V' to 'ap_none'.
INFO: [RTGEN 206-500] Setting interface mode on port 'pgconv32_2bit/bn_weights_9_V' to 'ap_none'.
INFO: [RTGEN 206-500] Setting interface mode on port 'pgconv32_2bit/bn_weights_10_V' to 'ap_none'.
INFO: [RTGEN 206-500] Setting interface mode on port 'pgconv32_2bit/bn_weights_11_V' to 'ap_none'.
INFO: [RTGEN 206-500] Setting interface mode on port 'pgconv32_2bit/bn_weights_12_V' to 'ap_none'.
INFO: [RTGEN 206-500] Setting interface mode on port 'pgconv32_2bit/bn_weights_13_V' to 'ap_none'.
INFO: [RTGEN 206-500] Setting interface mode on port 'pgconv32_2bit/bn_weights_14_V' to 'ap_none'.
INFO: [RTGEN 206-500] Setting interface mode on port 'pgconv32_2bit/bn_weights_15_V' to 'ap_none'.
INFO: [RTGEN 206-500] Setting interface mode on port 'pgconv32_2bit/bn_weights_16_V' to 'ap_none'.
INFO: [RTGEN 206-500] Setting interface mode on port 'pgconv32_2bit/bn_weights_17_V' to 'ap_none'.
INFO: [RTGEN 206-500] Setting interface mode on port 'pgconv32_2bit/bn_weights_18_V' to 'ap_none'.
INFO: [RTGEN 206-500] Setting interface mode on port 'pgconv32_2bit/bn_weights_19_V' to 'ap_none'.
INFO: [RTGEN 206-500] Setting interface mode on port 'pgconv32_2bit/bn_weights_20_V' to 'ap_none'.
INFO: [RTGEN 206-500] Setting interface mode on port 'pgconv32_2bit/bn_weights_21_V' to 'ap_none'.
INFO: [RTGEN 206-500] Setting interface mode on port 'pgconv32_2bit/bn_weights_22_V' to 'ap_none'.
INFO: [RTGEN 206-500] Setting interface mode on port 'pgconv32_2bit/bn_weights_23_V' to 'ap_none'.
INFO: [RTGEN 206-500] Setting interface mode on port 'pgconv32_2bit/bn_weights_24_V' to 'ap_none'.
INFO: [RTGEN 206-500] Setting interface mode on port 'pgconv32_2bit/bn_weights_25_V' to 'ap_none'.
INFO: [RTGEN 206-500] Setting interface mode on port 'pgconv32_2bit/bn_weights_26_V' to 'ap_none'.
INFO: [RTGEN 206-500] Setting interface mode on port 'pgconv32_2bit/bn_weights_27_V' to 'ap_none'.
INFO: [RTGEN 206-500] Setting interface mode on port 'pgconv32_2bit/bn_weights_28_V' to 'ap_none'.
INFO: [RTGEN 206-500] Setting interface mode on port 'pgconv32_2bit/bn_weights_29_V' to 'ap_none'.
INFO: [RTGEN 206-500] Setting interface mode on port 'pgconv32_2bit/bn_weights_30_V' to 'ap_none'.
INFO: [RTGEN 206-500] Setting interface mode on port 'pgconv32_2bit/bn_weights_31_V' to 'ap_none'.
INFO: [RTGEN 206-500] Setting interface mode on port 'pgconv32_2bit/bn_bias_0_V' to 'ap_none'.
INFO: [RTGEN 206-500] Setting interface mode on port 'pgconv32_2bit/bn_bias_1_V' to 'ap_none'.
INFO: [RTGEN 206-500] Setting interface mode on port 'pgconv32_2bit/bn_bias_2_V' to 'ap_none'.
INFO: [RTGEN 206-500] Setting interface mode on port 'pgconv32_2bit/bn_bias_3_V' to 'ap_none'.
INFO: [RTGEN 206-500] Setting interface mode on port 'pgconv32_2bit/bn_bias_4_V' to 'ap_none'.
INFO: [RTGEN 206-500] Setting interface mode on port 'pgconv32_2bit/bn_bias_5_V' to 'ap_none'.
INFO: [RTGEN 206-500] Setting interface mode on port 'pgconv32_2bit/bn_bias_6_V' to 'ap_none'.
INFO: [RTGEN 206-500] Setting interface mode on port 'pgconv32_2bit/bn_bias_7_V' to 'ap_none'.
INFO: [RTGEN 206-500] Setting interface mode on port 'pgconv32_2bit/bn_bias_8_V' to 'ap_none'.
INFO: [RTGEN 206-500] Setting interface mode on port 'pgconv32_2bit/bn_bias_9_V' to 'ap_none'.
INFO: [RTGEN 206-500] Setting interface mode on port 'pgconv32_2bit/bn_bias_10_V' to 'ap_none'.
INFO: [RTGEN 206-500] Setting interface mode on port 'pgconv32_2bit/bn_bias_11_V' to 'ap_none'.
INFO: [RTGEN 206-500] Setting interface mode on port 'pgconv32_2bit/bn_bias_12_V' to 'ap_none'.
INFO: [RTGEN 206-500] Setting interface mode on port 'pgconv32_2bit/bn_bias_13_V' to 'ap_none'.
INFO: [RTGEN 206-500] Setting interface mode on port 'pgconv32_2bit/bn_bias_14_V' to 'ap_none'.
INFO: [RTGEN 206-500] Setting interface mode on port 'pgconv32_2bit/bn_bias_15_V' to 'ap_none'.
INFO: [RTGEN 206-500] Setting interface mode on port 'pgconv32_2bit/bn_bias_16_V' to 'ap_none'.
INFO: [RTGEN 206-500] Setting interface mode on port 'pgconv32_2bit/bn_bias_17_V' to 'ap_none'.
INFO: [RTGEN 206-500] Setting interface mode on port 'pgconv32_2bit/bn_bias_18_V' to 'ap_none'.
INFO: [RTGEN 206-500] Setting interface mode on port 'pgconv32_2bit/bn_bias_19_V' to 'ap_none'.
INFO: [RTGEN 206-500] Setting interface mode on port 'pgconv32_2bit/bn_bias_20_V' to 'ap_none'.
INFO: [RTGEN 206-500] Setting interface mode on port 'pgconv32_2bit/bn_bias_21_V' to 'ap_none'.
INFO: [RTGEN 206-500] Setting interface mode on port 'pgconv32_2bit/bn_bias_22_V' to 'ap_none'.
INFO: [RTGEN 206-500] Setting interface mode on port 'pgconv32_2bit/bn_bias_23_V' to 'ap_none'.
INFO: [RTGEN 206-500] Setting interface mode on port 'pgconv32_2bit/bn_bias_24_V' to 'ap_none'.
INFO: [RTGEN 206-500] Setting interface mode on port 'pgconv32_2bit/bn_bias_25_V' to 'ap_none'.
INFO: [RTGEN 206-500] Setting interface mode on port 'pgconv32_2bit/bn_bias_26_V' to 'ap_none'.
INFO: [RTGEN 206-500] Setting interface mode on port 'pgconv32_2bit/bn_bias_27_V' to 'ap_none'.
INFO: [RTGEN 206-500] Setting interface mode on port 'pgconv32_2bit/bn_bias_28_V' to 'ap_none'.
INFO: [RTGEN 206-500] Setting interface mode on port 'pgconv32_2bit/bn_bias_29_V' to 'ap_none'.
INFO: [RTGEN 206-500] Setting interface mode on port 'pgconv32_2bit/bn_bias_30_V' to 'ap_none'.
INFO: [RTGEN 206-500] Setting interface mode on port 'pgconv32_2bit/bn_bias_31_V' to 'ap_none'.
INFO: [RTGEN 206-500] Setting interface mode on port 'pgconv32_2bit/relu_shiftx_0_V' to 'ap_none'.
INFO: [RTGEN 206-500] Setting interface mode on port 'pgconv32_2bit/relu_shiftx_1_V' to 'ap_none'.
INFO: [RTGEN 206-500] Setting interface mode on port 'pgconv32_2bit/relu_shiftx_2_V' to 'ap_none'.
INFO: [RTGEN 206-500] Setting interface mode on port 'pgconv32_2bit/relu_shiftx_3_V' to 'ap_none'.
INFO: [RTGEN 206-500] Setting interface mode on port 'pgconv32_2bit/relu_shiftx_4_V' to 'ap_none'.
INFO: [RTGEN 206-500] Setting interface mode on port 'pgconv32_2bit/relu_shiftx_5_V' to 'ap_none'.
INFO: [RTGEN 206-500] Setting interface mode on port 'pgconv32_2bit/relu_shiftx_6_V' to 'ap_none'.
INFO: [RTGEN 206-500] Setting interface mode on port 'pgconv32_2bit/relu_shiftx_7_V' to 'ap_none'.
INFO: [RTGEN 206-500] Setting interface mode on port 'pgconv32_2bit/relu_shiftx_8_V' to 'ap_none'.
INFO: [RTGEN 206-500] Setting interface mode on port 'pgconv32_2bit/relu_shiftx_9_V' to 'ap_none'.
INFO: [RTGEN 206-500] Setting interface mode on port 'pgconv32_2bit/relu_shiftx_10_V' to 'ap_none'.
INFO: [RTGEN 206-500] Setting interface mode on port 'pgconv32_2bit/relu_shiftx_11_V' to 'ap_none'.
INFO: [RTGEN 206-500] Setting interface mode on port 'pgconv32_2bit/relu_shiftx_12_V' to 'ap_none'.
INFO: [RTGEN 206-500] Setting interface mode on port 'pgconv32_2bit/relu_shiftx_13_V' to 'ap_none'.
INFO: [RTGEN 206-500] Setting interface mode on port 'pgconv32_2bit/relu_shiftx_14_V' to 'ap_none'.
INFO: [RTGEN 206-500] Setting interface mode on port 'pgconv32_2bit/relu_shiftx_15_V' to 'ap_none'.
INFO: [RTGEN 206-500] Setting interface mode on port 'pgconv32_2bit/relu_shiftx_16_V' to 'ap_none'.
INFO: [RTGEN 206-500] Setting interface mode on port 'pgconv32_2bit/relu_shiftx_17_V' to 'ap_none'.
INFO: [RTGEN 206-500] Setting interface mode on port 'pgconv32_2bit/relu_shiftx_18_V' to 'ap_none'.
INFO: [RTGEN 206-500] Setting interface mode on port 'pgconv32_2bit/relu_shiftx_19_V' to 'ap_none'.
INFO: [RTGEN 206-500] Setting interface mode on port 'pgconv32_2bit/relu_shiftx_20_V' to 'ap_none'.
INFO: [RTGEN 206-500] Setting interface mode on port 'pgconv32_2bit/relu_shiftx_21_V' to 'ap_none'.
INFO: [RTGEN 206-500] Setting interface mode on port 'pgconv32_2bit/relu_shiftx_22_V' to 'ap_none'.
INFO: [RTGEN 206-500] Setting interface mode on port 'pgconv32_2bit/relu_shiftx_23_V' to 'ap_none'.
INFO: [RTGEN 206-500] Setting interface mode on port 'pgconv32_2bit/relu_shiftx_24_V' to 'ap_none'.
INFO: [RTGEN 206-500] Setting interface mode on port 'pgconv32_2bit/relu_shiftx_25_V' to 'ap_none'.
INFO: [RTGEN 206-500] Setting interface mode on port 'pgconv32_2bit/relu_shiftx_26_V' to 'ap_none'.
INFO: [RTGEN 206-500] Setting interface mode on port 'pgconv32_2bit/relu_shiftx_27_V' to 'ap_none'.
INFO: [RTGEN 206-500] Setting interface mode on port 'pgconv32_2bit/relu_shiftx_28_V' to 'ap_none'.
INFO: [RTGEN 206-500] Setting interface mode on port 'pgconv32_2bit/relu_shiftx_29_V' to 'ap_none'.
INFO: [RTGEN 206-500] Setting interface mode on port 'pgconv32_2bit/relu_shiftx_30_V' to 'ap_none'.
INFO: [RTGEN 206-500] Setting interface mode on port 'pgconv32_2bit/relu_shiftx_31_V' to 'ap_none'.
INFO: [RTGEN 206-500] Setting interface mode on port 'pgconv32_2bit/relu_shifty_0_V' to 'ap_none'.
INFO: [RTGEN 206-500] Setting interface mode on port 'pgconv32_2bit/relu_shifty_1_V' to 'ap_none'.
INFO: [RTGEN 206-500] Setting interface mode on port 'pgconv32_2bit/relu_shifty_2_V' to 'ap_none'.
INFO: [RTGEN 206-500] Setting interface mode on port 'pgconv32_2bit/relu_shifty_3_V' to 'ap_none'.
INFO: [RTGEN 206-500] Setting interface mode on port 'pgconv32_2bit/relu_shifty_4_V' to 'ap_none'.
INFO: [RTGEN 206-500] Setting interface mode on port 'pgconv32_2bit/relu_shifty_5_V' to 'ap_none'.
INFO: [RTGEN 206-500] Setting interface mode on port 'pgconv32_2bit/relu_shifty_6_V' to 'ap_none'.
INFO: [RTGEN 206-500] Setting interface mode on port 'pgconv32_2bit/relu_shifty_7_V' to 'ap_none'.
INFO: [RTGEN 206-500] Setting interface mode on port 'pgconv32_2bit/relu_shifty_8_V' to 'ap_none'.
INFO: [RTGEN 206-500] Setting interface mode on port 'pgconv32_2bit/relu_shifty_9_V' to 'ap_none'.
INFO: [RTGEN 206-500] Setting interface mode on port 'pgconv32_2bit/relu_shifty_10_V' to 'ap_none'.
INFO: [RTGEN 206-500] Setting interface mode on port 'pgconv32_2bit/relu_shifty_11_V' to 'ap_none'.
INFO: [RTGEN 206-500] Setting interface mode on port 'pgconv32_2bit/relu_shifty_12_V' to 'ap_none'.
INFO: [RTGEN 206-500] Setting interface mode on port 'pgconv32_2bit/relu_shifty_13_V' to 'ap_none'.
INFO: [RTGEN 206-500] Setting interface mode on port 'pgconv32_2bit/relu_shifty_14_V' to 'ap_none'.
INFO: [RTGEN 206-500] Setting interface mode on port 'pgconv32_2bit/relu_shifty_15_V' to 'ap_none'.
INFO: [RTGEN 206-500] Setting interface mode on port 'pgconv32_2bit/relu_shifty_16_V' to 'ap_none'.
INFO: [RTGEN 206-500] Setting interface mode on port 'pgconv32_2bit/relu_shifty_17_V' to 'ap_none'.
INFO: [RTGEN 206-500] Setting interface mode on port 'pgconv32_2bit/relu_shifty_18_V' to 'ap_none'.
INFO: [RTGEN 206-500] Setting interface mode on port 'pgconv32_2bit/relu_shifty_19_V' to 'ap_none'.
INFO: [RTGEN 206-500] Setting interface mode on port 'pgconv32_2bit/relu_shifty_20_V' to 'ap_none'.
INFO: [RTGEN 206-500] Setting interface mode on port 'pgconv32_2bit/relu_shifty_21_V' to 'ap_none'.
INFO: [RTGEN 206-500] Setting interface mode on port 'pgconv32_2bit/relu_shifty_22_V' to 'ap_none'.
INFO: [RTGEN 206-500] Setting interface mode on port 'pgconv32_2bit/relu_shifty_23_V' to 'ap_none'.
INFO: [RTGEN 206-500] Setting interface mode on port 'pgconv32_2bit/relu_shifty_24_V' to 'ap_none'.
INFO: [RTGEN 206-500] Setting interface mode on port 'pgconv32_2bit/relu_shifty_25_V' to 'ap_none'.
INFO: [RTGEN 206-500] Setting interface mode on port 'pgconv32_2bit/relu_shifty_26_V' to 'ap_none'.
INFO: [RTGEN 206-500] Setting interface mode on port 'pgconv32_2bit/relu_shifty_27_V' to 'ap_none'.
INFO: [RTGEN 206-500] Setting interface mode on port 'pgconv32_2bit/relu_shifty_28_V' to 'ap_none'.
INFO: [RTGEN 206-500] Setting interface mode on port 'pgconv32_2bit/relu_shifty_29_V' to 'ap_none'.
INFO: [RTGEN 206-500] Setting interface mode on port 'pgconv32_2bit/relu_shifty_30_V' to 'ap_none'.
INFO: [RTGEN 206-500] Setting interface mode on port 'pgconv32_2bit/relu_shifty_31_V' to 'ap_none'.
INFO: [RTGEN 206-500] Setting interface mode on port 'pgconv32_2bit/relu_weights_0_V' to 'ap_none'.
INFO: [RTGEN 206-500] Setting interface mode on port 'pgconv32_2bit/relu_weights_1_V' to 'ap_none'.
INFO: [RTGEN 206-500] Setting interface mode on port 'pgconv32_2bit/relu_weights_2_V' to 'ap_none'.
INFO: [RTGEN 206-500] Setting interface mode on port 'pgconv32_2bit/relu_weights_3_V' to 'ap_none'.
INFO: [RTGEN 206-500] Setting interface mode on port 'pgconv32_2bit/relu_weights_4_V' to 'ap_none'.
INFO: [RTGEN 206-500] Setting interface mode on port 'pgconv32_2bit/relu_weights_5_V' to 'ap_none'.
INFO: [RTGEN 206-500] Setting interface mode on port 'pgconv32_2bit/relu_weights_6_V' to 'ap_none'.
INFO: [RTGEN 206-500] Setting interface mode on port 'pgconv32_2bit/relu_weights_7_V' to 'ap_none'.
INFO: [RTGEN 206-500] Setting interface mode on port 'pgconv32_2bit/relu_weights_8_V' to 'ap_none'.
INFO: [RTGEN 206-500] Setting interface mode on port 'pgconv32_2bit/relu_weights_9_V' to 'ap_none'.
INFO: [RTGEN 206-500] Setting interface mode on port 'pgconv32_2bit/relu_weights_10_V' to 'ap_none'.
INFO: [RTGEN 206-500] Setting interface mode on port 'pgconv32_2bit/relu_weights_11_V' to 'ap_none'.
INFO: [RTGEN 206-500] Setting interface mode on port 'pgconv32_2bit/relu_weights_12_V' to 'ap_none'.
INFO: [RTGEN 206-500] Setting interface mode on port 'pgconv32_2bit/relu_weights_13_V' to 'ap_none'.
INFO: [RTGEN 206-500] Setting interface mode on port 'pgconv32_2bit/relu_weights_14_V' to 'ap_none'.
INFO: [RTGEN 206-500] Setting interface mode on port 'pgconv32_2bit/relu_weights_15_V' to 'ap_none'.
INFO: [RTGEN 206-500] Setting interface mode on port 'pgconv32_2bit/relu_weights_16_V' to 'ap_none'.
INFO: [RTGEN 206-500] Setting interface mode on port 'pgconv32_2bit/relu_weights_17_V' to 'ap_none'.
INFO: [RTGEN 206-500] Setting interface mode on port 'pgconv32_2bit/relu_weights_18_V' to 'ap_none'.
INFO: [RTGEN 206-500] Setting interface mode on port 'pgconv32_2bit/relu_weights_19_V' to 'ap_none'.
INFO: [RTGEN 206-500] Setting interface mode on port 'pgconv32_2bit/relu_weights_20_V' to 'ap_none'.
INFO: [RTGEN 206-500] Setting interface mode on port 'pgconv32_2bit/relu_weights_21_V' to 'ap_none'.
INFO: [RTGEN 206-500] Setting interface mode on port 'pgconv32_2bit/relu_weights_22_V' to 'ap_none'.
INFO: [RTGEN 206-500] Setting interface mode on port 'pgconv32_2bit/relu_weights_23_V' to 'ap_none'.
INFO: [RTGEN 206-500] Setting interface mode on port 'pgconv32_2bit/relu_weights_24_V' to 'ap_none'.
INFO: [RTGEN 206-500] Setting interface mode on port 'pgconv32_2bit/relu_weights_25_V' to 'ap_none'.
INFO: [RTGEN 206-500] Setting interface mode on port 'pgconv32_2bit/relu_weights_26_V' to 'ap_none'.
INFO: [RTGEN 206-500] Setting interface mode on port 'pgconv32_2bit/relu_weights_27_V' to 'ap_none'.
INFO: [RTGEN 206-500] Setting interface mode on port 'pgconv32_2bit/relu_weights_28_V' to 'ap_none'.
INFO: [RTGEN 206-500] Setting interface mode on port 'pgconv32_2bit/relu_weights_29_V' to 'ap_none'.
INFO: [RTGEN 206-500] Setting interface mode on port 'pgconv32_2bit/relu_weights_30_V' to 'ap_none'.
INFO: [RTGEN 206-500] Setting interface mode on port 'pgconv32_2bit/relu_weights_31_V' to 'ap_none'.
INFO: [RTGEN 206-500] Setting interface mode on port 'pgconv32_2bit/top_0_V' to 'ap_memory'.
INFO: [RTGEN 206-500] Setting interface mode on port 'pgconv32_2bit/top_1_V' to 'ap_memory'.
INFO: [RTGEN 206-500] Setting interface mode on port 'pgconv32_2bit/top_2_V' to 'ap_memory'.
INFO: [RTGEN 206-500] Setting interface mode on port 'pgconv32_2bit/top_3_V' to 'ap_memory'.
INFO: [RTGEN 206-500] Setting interface mode on port 'pgconv32_2bit/top_4_V' to 'ap_memory'.
INFO: [RTGEN 206-500] Setting interface mode on port 'pgconv32_2bit/top_5_V' to 'ap_memory'.
INFO: [RTGEN 206-500] Setting interface mode on port 'pgconv32_2bit/top_6_V' to 'ap_memory'.
INFO: [RTGEN 206-500] Setting interface mode on port 'pgconv32_2bit/top_7_V' to 'ap_memory'.
INFO: [RTGEN 206-500] Setting interface mode on port 'pgconv32_2bit/top_8_V' to 'ap_memory'.
INFO: [RTGEN 206-500] Setting interface mode on port 'pgconv32_2bit/top_9_V' to 'ap_memory'.
INFO: [RTGEN 206-500] Setting interface mode on port 'pgconv32_2bit/top_10_V' to 'ap_memory'.
INFO: [RTGEN 206-500] Setting interface mode on port 'pgconv32_2bit/top_11_V' to 'ap_memory'.
INFO: [RTGEN 206-500] Setting interface mode on port 'pgconv32_2bit/top_12_V' to 'ap_memory'.
INFO: [RTGEN 206-500] Setting interface mode on port 'pgconv32_2bit/top_13_V' to 'ap_memory'.
INFO: [RTGEN 206-500] Setting interface mode on port 'pgconv32_2bit/top_14_V' to 'ap_memory'.
INFO: [RTGEN 206-500] Setting interface mode on port 'pgconv32_2bit/top_15_V' to 'ap_memory'.
INFO: [RTGEN 206-500] Setting interface mode on port 'pgconv32_2bit/top_16_V' to 'ap_memory'.
INFO: [RTGEN 206-500] Setting interface mode on port 'pgconv32_2bit/top_17_V' to 'ap_memory'.
INFO: [RTGEN 206-500] Setting interface mode on port 'pgconv32_2bit/top_18_V' to 'ap_memory'.
INFO: [RTGEN 206-500] Setting interface mode on port 'pgconv32_2bit/top_19_V' to 'ap_memory'.
INFO: [RTGEN 206-500] Setting interface mode on port 'pgconv32_2bit/top_20_V' to 'ap_memory'.
INFO: [RTGEN 206-500] Setting interface mode on port 'pgconv32_2bit/top_21_V' to 'ap_memory'.
INFO: [RTGEN 206-500] Setting interface mode on port 'pgconv32_2bit/top_22_V' to 'ap_memory'.
INFO: [RTGEN 206-500] Setting interface mode on port 'pgconv32_2bit/top_23_V' to 'ap_memory'.
INFO: [RTGEN 206-500] Setting interface mode on port 'pgconv32_2bit/top_24_V' to 'ap_memory'.
INFO: [RTGEN 206-500] Setting interface mode on port 'pgconv32_2bit/top_25_V' to 'ap_memory'.
INFO: [RTGEN 206-500] Setting interface mode on port 'pgconv32_2bit/top_26_V' to 'ap_memory'.
INFO: [RTGEN 206-500] Setting interface mode on port 'pgconv32_2bit/top_27_V' to 'ap_memory'.
INFO: [RTGEN 206-500] Setting interface mode on port 'pgconv32_2bit/top_28_V' to 'ap_memory'.
INFO: [RTGEN 206-500] Setting interface mode on port 'pgconv32_2bit/top_29_V' to 'ap_memory'.
INFO: [RTGEN 206-500] Setting interface mode on port 'pgconv32_2bit/top_30_V' to 'ap_memory'.
INFO: [RTGEN 206-500] Setting interface mode on port 'pgconv32_2bit/top_31_V' to 'ap_memory'.
INFO: [RTGEN 206-500] Setting interface mode on function 'pgconv32_2bit' to 'ap_ctrl_hs'.
INFO: [SYN 201-210] Renamed object name 'pgconv32_2bit_bottom_buf_1_V' to 'pgconv32_2bit_boteOg' due to the length limit 20
INFO: [SYN 201-210] Renamed object name 'pgconv32_2bit_bottom_buf_0_V' to 'pgconv32_2bit_botfYi' due to the length limit 20
INFO: [RTGEN 206-100] Finished creating RTL model for 'pgconv32_2bit'.
INFO: [HLS 200-111]  Elapsed time: 11.854 seconds; current allocated memory: 305.818 MB.
INFO: [HLS 200-790] **** Loop Constraint Status: All loop constraints were NOT satisfied.
INFO: [HLS 200-789] **** Estimated Fmax: 116.87 MHz
INFO: [RTMG 210-279] Implementing memory 'compute_engine_32bkb_rom' using distributed ROMs.
INFO: [RTMG 210-278] Implementing memory 'pgconv32_2bit_boteOg_ram (RAM)' using block RAMs.
INFO: [HLS 200-111] Finished generating all RTL models Time (s): cpu = 00:02:17 ; elapsed = 00:03:05 . Memory (MB): peak = 468.387 ; gain = 379.070
INFO: [VHDL 208-304] Generating VHDL RTL for pgconv32_2bit.
INFO: [VLOG 209-307] Generating Verilog RTL for pgconv32_2bit.
INFO: [HLS 200-112] Total elapsed time: 184.62 seconds; peak allocated memory: 305.818 MB.
