

================================================================
== Vivado HLS Report for 'sum_engine'
================================================================
* Date:           Sun Sep  6 14:16:26 2020

* Version:        2019.2.1 (Build 2724168 on Thu Dec 05 05:19:09 MST 2019)
* Project:        ResNet
* Solution:       solution2
* Product family: zynquplus
* Target device:  xczu3eg-sbva484-1-e


================================================================
== Performance Estimates
================================================================
+ Timing: 
    * Summary: 
    +--------+---------+----------+------------+
    |  Clock |  Target | Estimated| Uncertainty|
    +--------+---------+----------+------------+
    |ap_clk  | 5.00 ns | 3.725 ns |   0.62 ns  |
    +--------+---------+----------+------------+

+ Latency: 
    * Summary: 
    +---------+---------+----------+----------+-----+-----+----------+
    |  Latency (cycles) |  Latency (absolute) |  Interval | Pipeline |
    |   min   |   max   |    min   |    max   | min | max |   Type   |
    +---------+---------+----------+----------+-----+-----+----------+
    |        0|        0|   0 ns   |   0 ns   |    1|    1| function |
    +---------+---------+----------+----------+-----+-----+----------+

    + Detail: 
        * Instance: 
        N/A

        * Loop: 
        N/A

============================================================
+ Verbose Summary: Synthesis Manager
============================================================
InlineROM: 1
ExposeGlobal: 0
============================================================
+ Verbose Summary: CDFG Model
============================================================
IsTopModel: 0
ResetActiveHigh: 1
IsCombinational: 0
IsDatapathOnly: 0
HasWiredReturn: 1
HasMFsm: 2
HasVarLatency: 0
IsPipeline: 1
IsRtlPipelined: 0
IsInstanceOverlapped: 0
IsDontTouch: 0
HasImplIP: 0
IsGatedGlobalClock: 0

+ Individual pipeline summary: 
  * Pipeline-0: initiation interval (II) = 1, depth = 1


============================================================
+ Verbose Summary: Schedule
============================================================
* Number of FSM states : 1
* Pipeline : 1
  Pipeline-0 : II = 1, D = 1, States = { 1 }
* Dataflow Pipeline: 0

* FSM state transitions: 
1 --> 

* FSM state operations: 

State 1 <SV = 0> <Delay = 3.72>
ST_1 : Operation 2 [1/1] (0.00ns)   --->   "call void (...)* @_ssdm_op_SpecPipeline(i32 -1, i32 1, i32 1, i32 0, [1 x i8]* @p_str251) nounwind" [ResNet/pgconv64.h:62]   --->   Operation 2 'specpipeline' <Predicate = true> <Delay = 0.00>
ST_1 : Operation 3 [1/1] (0.00ns)   --->   "%t8_V_read = call i6 @_ssdm_op_Read.ap_auto.i6(i6 %t8_V)" [ResNet/pgconv64.h:66]   --->   Operation 3 'read' 't8_V_read' <Predicate = true> <Delay = 0.00>
ST_1 : Operation 4 [1/1] (0.00ns)   --->   "%t7_V_read = call i6 @_ssdm_op_Read.ap_auto.i6(i6 %t7_V)" [ResNet/pgconv64.h:66]   --->   Operation 4 'read' 't7_V_read' <Predicate = true> <Delay = 0.00>
ST_1 : Operation 5 [1/1] (0.00ns)   --->   "%t6_V_read = call i6 @_ssdm_op_Read.ap_auto.i6(i6 %t6_V)" [ResNet/pgconv64.h:66]   --->   Operation 5 'read' 't6_V_read' <Predicate = true> <Delay = 0.00>
ST_1 : Operation 6 [1/1] (0.00ns)   --->   "%t5_V_read = call i6 @_ssdm_op_Read.ap_auto.i6(i6 %t5_V)" [ResNet/pgconv64.h:66]   --->   Operation 6 'read' 't5_V_read' <Predicate = true> <Delay = 0.00>
ST_1 : Operation 7 [1/1] (0.00ns)   --->   "%t4_V_read = call i6 @_ssdm_op_Read.ap_auto.i6(i6 %t4_V)" [ResNet/pgconv64.h:66]   --->   Operation 7 'read' 't4_V_read' <Predicate = true> <Delay = 0.00>
ST_1 : Operation 8 [1/1] (0.00ns)   --->   "%t3_V_read = call i6 @_ssdm_op_Read.ap_auto.i6(i6 %t3_V)" [ResNet/pgconv64.h:66]   --->   Operation 8 'read' 't3_V_read' <Predicate = true> <Delay = 0.00>
ST_1 : Operation 9 [1/1] (0.00ns)   --->   "%t2_V_read = call i6 @_ssdm_op_Read.ap_auto.i6(i6 %t2_V)" [ResNet/pgconv64.h:66]   --->   Operation 9 'read' 't2_V_read' <Predicate = true> <Delay = 0.00>
ST_1 : Operation 10 [1/1] (0.00ns)   --->   "%t1_V_read = call i6 @_ssdm_op_Read.ap_auto.i6(i6 %t1_V)" [ResNet/pgconv64.h:66]   --->   Operation 10 'read' 't1_V_read' <Predicate = true> <Delay = 0.00>
ST_1 : Operation 11 [1/1] (0.00ns)   --->   "%t0_V_read = call i6 @_ssdm_op_Read.ap_auto.i6(i6 %t0_V)" [ResNet/pgconv64.h:66]   --->   Operation 11 'read' 't0_V_read' <Predicate = true> <Delay = 0.00>
ST_1 : Operation 12 [1/1] (0.88ns)   --->   "%add0_V = add i6 %t1_V_read, %t0_V_read" [ResNet/pgconv64.h:66]   --->   Operation 12 'add' 'add0_V' <Predicate = true> <Delay = 0.88> <Core = "AddSub">   --->   Core 14 'AddSub' <Latency = 0> <II = 1> <Delay = 0.89> <FuncUnit> <Opcode : 'add' 'sub'> <InPorts = 2> <OutPorts = 1>
ST_1 : Operation 13 [1/1] (0.88ns)   --->   "%add1_V = add i6 %t3_V_read, %t2_V_read" [ResNet/pgconv64.h:67]   --->   Operation 13 'add' 'add1_V' <Predicate = true> <Delay = 0.88> <Core = "AddSub">   --->   Core 14 'AddSub' <Latency = 0> <II = 1> <Delay = 0.89> <FuncUnit> <Opcode : 'add' 'sub'> <InPorts = 2> <OutPorts = 1>
ST_1 : Operation 14 [1/1] (0.88ns)   --->   "%add2_V = add i6 %t5_V_read, %t4_V_read" [ResNet/pgconv64.h:68]   --->   Operation 14 'add' 'add2_V' <Predicate = true> <Delay = 0.88> <Core = "AddSub">   --->   Core 14 'AddSub' <Latency = 0> <II = 1> <Delay = 0.89> <FuncUnit> <Opcode : 'add' 'sub'> <InPorts = 2> <OutPorts = 1>
ST_1 : Operation 15 [1/1] (0.88ns)   --->   "%add3_V = add i6 %t7_V_read, %t6_V_read" [ResNet/pgconv64.h:69]   --->   Operation 15 'add' 'add3_V' <Predicate = true> <Delay = 0.88> <Core = "AddSub">   --->   Core 14 'AddSub' <Latency = 0> <II = 1> <Delay = 0.89> <FuncUnit> <Opcode : 'add' 'sub'> <InPorts = 2> <OutPorts = 1>
ST_1 : Operation 16 [1/1] (0.00ns)   --->   "%lhs_V = sext i6 %add0_V to i7" [ResNet/pgconv64.h:71]   --->   Operation 16 'sext' 'lhs_V' <Predicate = true> <Delay = 0.00>
ST_1 : Operation 17 [1/1] (0.00ns)   --->   "%rhs_V = sext i6 %add1_V to i7" [ResNet/pgconv64.h:71]   --->   Operation 17 'sext' 'rhs_V' <Predicate = true> <Delay = 0.00>
ST_1 : Operation 18 [1/1] (0.00ns)   --->   "%lhs_V_1 = sext i6 %add2_V to i7" [ResNet/pgconv64.h:72]   --->   Operation 18 'sext' 'lhs_V_1' <Predicate = true> <Delay = 0.00>
ST_1 : Operation 19 [1/1] (0.00ns)   --->   "%rhs_V_1 = sext i6 %add3_V to i7" [ResNet/pgconv64.h:72]   --->   Operation 19 'sext' 'rhs_V_1' <Predicate = true> <Delay = 0.00>
ST_1 : Operation 20 [1/1] (0.00ns) (grouped into TernaryAdder)   --->   "%add_ln68 = add i7 %rhs_V, %lhs_V" [ResNet/pgconv64.h:74]   --->   Operation 20 'add' 'add_ln68' <Predicate = true> <Delay = 0.00> <Core = "TAddSub">   --->   Core 83 'TAddSub' <Latency = 0> <II = 1> <Delay = 0.52> <IPBlock> <Opcode : 'add' 'sub'> <InPorts = 3> <OutPorts = 1> <Sync> <CReg>
ST_1 : Operation 21 [1/1] (0.88ns)   --->   "%add_ln68_1 = add i7 %lhs_V_1, %rhs_V_1" [ResNet/pgconv64.h:74]   --->   Operation 21 'add' 'add_ln68_1' <Predicate = true> <Delay = 0.88> <Core = "AddSub">   --->   Core 14 'AddSub' <Latency = 0> <II = 1> <Delay = 0.89> <FuncUnit> <Opcode : 'add' 'sub'> <InPorts = 2> <OutPorts = 1>
ST_1 : Operation 22 [1/1] (1.05ns) (root node of TernaryAdder)   --->   "%add6_V = add i7 %add_ln68_1, %add_ln68" [ResNet/pgconv64.h:74]   --->   Operation 22 'add' 'add6_V' <Predicate = true> <Delay = 1.05> <Core = "TAddSub">   --->   Core 83 'TAddSub' <Latency = 0> <II = 1> <Delay = 0.52> <IPBlock> <Opcode : 'add' 'sub'> <InPorts = 3> <OutPorts = 1> <Sync> <CReg>
ST_1 : Operation 23 [1/1] (0.00ns)   --->   "%lhs_V_2 = sext i7 %add6_V to i8" [ResNet/pgconv64.h:76]   --->   Operation 23 'sext' 'lhs_V_2' <Predicate = true> <Delay = 0.00>
ST_1 : Operation 24 [1/1] (0.00ns)   --->   "%rhs_V_2 = zext i6 %t8_V_read to i8" [ResNet/pgconv64.h:76]   --->   Operation 24 'zext' 'rhs_V_2' <Predicate = true> <Delay = 0.00>
ST_1 : Operation 25 [1/1] (0.89ns)   --->   "%ret_V = add i8 %lhs_V_2, %rhs_V_2" [ResNet/pgconv64.h:76]   --->   Operation 25 'add' 'ret_V' <Predicate = true> <Delay = 0.89> <Core = "AddSub">   --->   Core 14 'AddSub' <Latency = 0> <II = 1> <Delay = 0.89> <FuncUnit> <Opcode : 'add' 'sub'> <InPorts = 2> <OutPorts = 1>
ST_1 : Operation 26 [1/1] (0.00ns)   --->   "ret i8 %ret_V" [ResNet/pgconv64.h:76]   --->   Operation 26 'ret' <Predicate = true> <Delay = 0.00>


============================================================
+ Verbose Summary: Binding
============================================================
STG Binding: 
---------------- STG Properties BEGIN ----------------
- Is combinational: 1
- Is one-state seq: 0
- Is datapath-only: 0
- Is pipelined: 1
- Is top level: 0
Port [ Return ] is wired: 1; IO mode=ap_ctrl_hs:ce=0
Port [ t0_V]:  wired=1; compound=0; hidden=0; nouse=0; global=0; static=0; extern=0; dir=0; type=0; pingpong=0; private_global=0; IO mode=ap_none:ce=0
Port [ t1_V]:  wired=1; compound=0; hidden=0; nouse=0; global=0; static=0; extern=0; dir=0; type=0; pingpong=0; private_global=0; IO mode=ap_none:ce=0
Port [ t2_V]:  wired=1; compound=0; hidden=0; nouse=0; global=0; static=0; extern=0; dir=0; type=0; pingpong=0; private_global=0; IO mode=ap_none:ce=0
Port [ t3_V]:  wired=1; compound=0; hidden=0; nouse=0; global=0; static=0; extern=0; dir=0; type=0; pingpong=0; private_global=0; IO mode=ap_none:ce=0
Port [ t4_V]:  wired=1; compound=0; hidden=0; nouse=0; global=0; static=0; extern=0; dir=0; type=0; pingpong=0; private_global=0; IO mode=ap_none:ce=0
Port [ t5_V]:  wired=1; compound=0; hidden=0; nouse=0; global=0; static=0; extern=0; dir=0; type=0; pingpong=0; private_global=0; IO mode=ap_none:ce=0
Port [ t6_V]:  wired=1; compound=0; hidden=0; nouse=0; global=0; static=0; extern=0; dir=0; type=0; pingpong=0; private_global=0; IO mode=ap_none:ce=0
Port [ t7_V]:  wired=1; compound=0; hidden=0; nouse=0; global=0; static=0; extern=0; dir=0; type=0; pingpong=0; private_global=0; IO mode=ap_none:ce=0
Port [ t8_V]:  wired=1; compound=0; hidden=0; nouse=0; global=0; static=0; extern=0; dir=0; type=0; pingpong=0; private_global=0; IO mode=ap_none:ce=0
---------------- STG Properties END ------------------

---------------- Datapath Model BEGIN ----------------

<LifeTime>
<method=bitvector/>
specpipeline_ln62 (specpipeline) [ 00]
t8_V_read         (read        ) [ 00]
t7_V_read         (read        ) [ 00]
t6_V_read         (read        ) [ 00]
t5_V_read         (read        ) [ 00]
t4_V_read         (read        ) [ 00]
t3_V_read         (read        ) [ 00]
t2_V_read         (read        ) [ 00]
t1_V_read         (read        ) [ 00]
t0_V_read         (read        ) [ 00]
add0_V            (add         ) [ 00]
add1_V            (add         ) [ 00]
add2_V            (add         ) [ 00]
add3_V            (add         ) [ 00]
lhs_V             (sext        ) [ 00]
rhs_V             (sext        ) [ 00]
lhs_V_1           (sext        ) [ 00]
rhs_V_1           (sext        ) [ 00]
add_ln68          (add         ) [ 00]
add_ln68_1        (add         ) [ 00]
add6_V            (add         ) [ 00]
lhs_V_2           (sext        ) [ 00]
rhs_V_2           (zext        ) [ 00]
ret_V             (add         ) [ 00]
ret_ln76          (ret         ) [ 00]
</LifeTime>

<model>

<comp_list>
<comp id="0" class="1000" name="t0_V">
<pin_list>
<pin id="1" dir="1" index="0" bw="1" slack="0"/>
</pin_list>
<bind>
<StgValue><ssdm name="t0_V"/></StgValue>
</bind>
</comp>

<comp id="2" class="1000" name="t1_V">
<pin_list>
<pin id="3" dir="1" index="0" bw="1" slack="0"/>
</pin_list>
<bind>
<StgValue><ssdm name="t1_V"/></StgValue>
</bind>
</comp>

<comp id="4" class="1000" name="t2_V">
<pin_list>
<pin id="5" dir="1" index="0" bw="1" slack="0"/>
</pin_list>
<bind>
<StgValue><ssdm name="t2_V"/></StgValue>
</bind>
</comp>

<comp id="6" class="1000" name="t3_V">
<pin_list>
<pin id="7" dir="1" index="0" bw="1" slack="0"/>
</pin_list>
<bind>
<StgValue><ssdm name="t3_V"/></StgValue>
</bind>
</comp>

<comp id="8" class="1000" name="t4_V">
<pin_list>
<pin id="9" dir="1" index="0" bw="1" slack="0"/>
</pin_list>
<bind>
<StgValue><ssdm name="t4_V"/></StgValue>
</bind>
</comp>

<comp id="10" class="1000" name="t5_V">
<pin_list>
<pin id="11" dir="1" index="0" bw="1" slack="0"/>
</pin_list>
<bind>
<StgValue><ssdm name="t5_V"/></StgValue>
</bind>
</comp>

<comp id="12" class="1000" name="t6_V">
<pin_list>
<pin id="13" dir="1" index="0" bw="1" slack="0"/>
</pin_list>
<bind>
<StgValue><ssdm name="t6_V"/></StgValue>
</bind>
</comp>

<comp id="14" class="1000" name="t7_V">
<pin_list>
<pin id="15" dir="1" index="0" bw="1" slack="0"/>
</pin_list>
<bind>
<StgValue><ssdm name="t7_V"/></StgValue>
</bind>
</comp>

<comp id="16" class="1000" name="t8_V">
<pin_list>
<pin id="17" dir="1" index="0" bw="1" slack="0"/>
</pin_list>
<bind>
<StgValue><ssdm name="t8_V"/></StgValue>
</bind>
</comp>

<comp id="18" class="1001" name="const_18">
<pin_list>
<pin id="19" dir="1" index="0" bw="1" slack="2147483647"/>
</pin_list>
<bind>
<StgValue><ssdm name="_ssdm_op_SpecPipeline"/></StgValue>
</bind>
</comp>

<comp id="20" class="1001" name="const_20">
<pin_list>
<pin id="21" dir="1" index="0" bw="1" slack="2147483647"/>
</pin_list>
<bind>
<StgValue><ssdm name=""/></StgValue>
</bind>
</comp>

<comp id="22" class="1001" name="const_22">
<pin_list>
<pin id="23" dir="1" index="0" bw="1" slack="2147483647"/>
</pin_list>
<bind>
<StgValue><ssdm name=""/></StgValue>
</bind>
</comp>

<comp id="24" class="1001" name="const_24">
<pin_list>
<pin id="25" dir="1" index="0" bw="1" slack="2147483647"/>
</pin_list>
<bind>
<StgValue><ssdm name=""/></StgValue>
</bind>
</comp>

<comp id="26" class="1001" name="const_26">
<pin_list>
<pin id="27" dir="1" index="0" bw="1" slack="2147483647"/>
</pin_list>
<bind>
<StgValue><ssdm name="p_str251"/></StgValue>
</bind>
</comp>

<comp id="28" class="1001" name="const_28">
<pin_list>
<pin id="29" dir="1" index="0" bw="1" slack="0"/>
</pin_list>
<bind>
<StgValue><ssdm name="_ssdm_op_Read.ap_auto.i6"/></StgValue>
</bind>
</comp>

<comp id="30" class="1004" name="t8_V_read_read_fu_30">
<pin_list>
<pin id="31" dir="0" index="0" bw="6" slack="0"/>
<pin id="32" dir="0" index="1" bw="6" slack="0"/>
<pin id="33" dir="1" index="2" bw="6" slack="0"/>
</pin_list>
<bind>
<opcode="read(1150) " fcode="read"/>
<opset="t8_V_read/1 "/>
</bind>
</comp>

<comp id="36" class="1004" name="t7_V_read_read_fu_36">
<pin_list>
<pin id="37" dir="0" index="0" bw="6" slack="0"/>
<pin id="38" dir="0" index="1" bw="6" slack="0"/>
<pin id="39" dir="1" index="2" bw="6" slack="0"/>
</pin_list>
<bind>
<opcode="read(1150) " fcode="read"/>
<opset="t7_V_read/1 "/>
</bind>
</comp>

<comp id="42" class="1004" name="t6_V_read_read_fu_42">
<pin_list>
<pin id="43" dir="0" index="0" bw="6" slack="0"/>
<pin id="44" dir="0" index="1" bw="6" slack="0"/>
<pin id="45" dir="1" index="2" bw="6" slack="0"/>
</pin_list>
<bind>
<opcode="read(1150) " fcode="read"/>
<opset="t6_V_read/1 "/>
</bind>
</comp>

<comp id="48" class="1004" name="t5_V_read_read_fu_48">
<pin_list>
<pin id="49" dir="0" index="0" bw="6" slack="0"/>
<pin id="50" dir="0" index="1" bw="6" slack="0"/>
<pin id="51" dir="1" index="2" bw="6" slack="0"/>
</pin_list>
<bind>
<opcode="read(1150) " fcode="read"/>
<opset="t5_V_read/1 "/>
</bind>
</comp>

<comp id="54" class="1004" name="t4_V_read_read_fu_54">
<pin_list>
<pin id="55" dir="0" index="0" bw="6" slack="0"/>
<pin id="56" dir="0" index="1" bw="6" slack="0"/>
<pin id="57" dir="1" index="2" bw="6" slack="0"/>
</pin_list>
<bind>
<opcode="read(1150) " fcode="read"/>
<opset="t4_V_read/1 "/>
</bind>
</comp>

<comp id="60" class="1004" name="t3_V_read_read_fu_60">
<pin_list>
<pin id="61" dir="0" index="0" bw="6" slack="0"/>
<pin id="62" dir="0" index="1" bw="6" slack="0"/>
<pin id="63" dir="1" index="2" bw="6" slack="0"/>
</pin_list>
<bind>
<opcode="read(1150) " fcode="read"/>
<opset="t3_V_read/1 "/>
</bind>
</comp>

<comp id="66" class="1004" name="t2_V_read_read_fu_66">
<pin_list>
<pin id="67" dir="0" index="0" bw="6" slack="0"/>
<pin id="68" dir="0" index="1" bw="6" slack="0"/>
<pin id="69" dir="1" index="2" bw="6" slack="0"/>
</pin_list>
<bind>
<opcode="read(1150) " fcode="read"/>
<opset="t2_V_read/1 "/>
</bind>
</comp>

<comp id="72" class="1004" name="t1_V_read_read_fu_72">
<pin_list>
<pin id="73" dir="0" index="0" bw="6" slack="0"/>
<pin id="74" dir="0" index="1" bw="6" slack="0"/>
<pin id="75" dir="1" index="2" bw="6" slack="0"/>
</pin_list>
<bind>
<opcode="read(1150) " fcode="read"/>
<opset="t1_V_read/1 "/>
</bind>
</comp>

<comp id="78" class="1004" name="t0_V_read_read_fu_78">
<pin_list>
<pin id="79" dir="0" index="0" bw="6" slack="0"/>
<pin id="80" dir="0" index="1" bw="6" slack="0"/>
<pin id="81" dir="1" index="2" bw="6" slack="0"/>
</pin_list>
<bind>
<opcode="read(1150) " fcode="read"/>
<opset="t0_V_read/1 "/>
</bind>
</comp>

<comp id="84" class="1004" name="add0_V_fu_84">
<pin_list>
<pin id="85" dir="0" index="0" bw="6" slack="0"/>
<pin id="86" dir="0" index="1" bw="6" slack="0"/>
<pin id="87" dir="1" index="2" bw="6" slack="0"/>
</pin_list>
<bind>
<opcode="add(8) " fcode="add"/>
<opset="add0_V/1 "/>
</bind>
</comp>

<comp id="90" class="1004" name="add1_V_fu_90">
<pin_list>
<pin id="91" dir="0" index="0" bw="6" slack="0"/>
<pin id="92" dir="0" index="1" bw="6" slack="0"/>
<pin id="93" dir="1" index="2" bw="6" slack="0"/>
</pin_list>
<bind>
<opcode="add(8) " fcode="add"/>
<opset="add1_V/1 "/>
</bind>
</comp>

<comp id="96" class="1004" name="add2_V_fu_96">
<pin_list>
<pin id="97" dir="0" index="0" bw="6" slack="0"/>
<pin id="98" dir="0" index="1" bw="6" slack="0"/>
<pin id="99" dir="1" index="2" bw="6" slack="0"/>
</pin_list>
<bind>
<opcode="add(8) " fcode="add"/>
<opset="add2_V/1 "/>
</bind>
</comp>

<comp id="102" class="1004" name="add3_V_fu_102">
<pin_list>
<pin id="103" dir="0" index="0" bw="6" slack="0"/>
<pin id="104" dir="0" index="1" bw="6" slack="0"/>
<pin id="105" dir="1" index="2" bw="6" slack="0"/>
</pin_list>
<bind>
<opcode="add(8) " fcode="add"/>
<opset="add3_V/1 "/>
</bind>
</comp>

<comp id="108" class="1004" name="lhs_V_fu_108">
<pin_list>
<pin id="109" dir="0" index="0" bw="6" slack="0"/>
<pin id="110" dir="1" index="1" bw="7" slack="0"/>
</pin_list>
<bind>
<opcode="sext(35) " fcode="sext"/>
<opset="lhs_V/1 "/>
</bind>
</comp>

<comp id="112" class="1004" name="rhs_V_fu_112">
<pin_list>
<pin id="113" dir="0" index="0" bw="6" slack="0"/>
<pin id="114" dir="1" index="1" bw="7" slack="0"/>
</pin_list>
<bind>
<opcode="sext(35) " fcode="sext"/>
<opset="rhs_V/1 "/>
</bind>
</comp>

<comp id="116" class="1004" name="lhs_V_1_fu_116">
<pin_list>
<pin id="117" dir="0" index="0" bw="6" slack="0"/>
<pin id="118" dir="1" index="1" bw="7" slack="0"/>
</pin_list>
<bind>
<opcode="sext(35) " fcode="sext"/>
<opset="lhs_V_1/1 "/>
</bind>
</comp>

<comp id="120" class="1004" name="rhs_V_1_fu_120">
<pin_list>
<pin id="121" dir="0" index="0" bw="6" slack="0"/>
<pin id="122" dir="1" index="1" bw="7" slack="0"/>
</pin_list>
<bind>
<opcode="sext(35) " fcode="sext"/>
<opset="rhs_V_1/1 "/>
</bind>
</comp>

<comp id="124" class="1004" name="add_ln68_fu_124">
<pin_list>
<pin id="125" dir="0" index="0" bw="6" slack="0"/>
<pin id="126" dir="0" index="1" bw="6" slack="0"/>
<pin id="127" dir="1" index="2" bw="7" slack="0"/>
</pin_list>
<bind>
<opcode="add(8) " fcode="add"/>
<opset="add_ln68/1 "/>
</bind>
</comp>

<comp id="130" class="1004" name="add_ln68_1_fu_130">
<pin_list>
<pin id="131" dir="0" index="0" bw="6" slack="0"/>
<pin id="132" dir="0" index="1" bw="6" slack="0"/>
<pin id="133" dir="1" index="2" bw="7" slack="0"/>
</pin_list>
<bind>
<opcode="add(8) " fcode="add"/>
<opset="add_ln68_1/1 "/>
</bind>
</comp>

<comp id="136" class="1004" name="add6_V_fu_136">
<pin_list>
<pin id="137" dir="0" index="0" bw="7" slack="0"/>
<pin id="138" dir="0" index="1" bw="7" slack="0"/>
<pin id="139" dir="1" index="2" bw="7" slack="0"/>
</pin_list>
<bind>
<opcode="add(8) " fcode="add"/>
<opset="add6_V/1 "/>
</bind>
</comp>

<comp id="142" class="1004" name="lhs_V_2_fu_142">
<pin_list>
<pin id="143" dir="0" index="0" bw="7" slack="0"/>
<pin id="144" dir="1" index="1" bw="8" slack="0"/>
</pin_list>
<bind>
<opcode="sext(35) " fcode="sext"/>
<opset="lhs_V_2/1 "/>
</bind>
</comp>

<comp id="146" class="1004" name="rhs_V_2_fu_146">
<pin_list>
<pin id="147" dir="0" index="0" bw="6" slack="0"/>
<pin id="148" dir="1" index="1" bw="8" slack="0"/>
</pin_list>
<bind>
<opcode="zext(34) " fcode="zext"/>
<opset="rhs_V_2/1 "/>
</bind>
</comp>

<comp id="150" class="1004" name="ret_V_fu_150">
<pin_list>
<pin id="151" dir="0" index="0" bw="7" slack="0"/>
<pin id="152" dir="0" index="1" bw="6" slack="0"/>
<pin id="153" dir="1" index="2" bw="8" slack="2147483647"/>
</pin_list>
<bind>
<opcode="add(8) " fcode="add"/>
<opset="ret_V/1 "/>
</bind>
</comp>

</comp_list>

<net_list>
<net id="34"><net_src comp="28" pin="0"/><net_sink comp="30" pin=0"/></net>

<net id="35"><net_src comp="16" pin="0"/><net_sink comp="30" pin=1"/></net>

<net id="40"><net_src comp="28" pin="0"/><net_sink comp="36" pin=0"/></net>

<net id="41"><net_src comp="14" pin="0"/><net_sink comp="36" pin=1"/></net>

<net id="46"><net_src comp="28" pin="0"/><net_sink comp="42" pin=0"/></net>

<net id="47"><net_src comp="12" pin="0"/><net_sink comp="42" pin=1"/></net>

<net id="52"><net_src comp="28" pin="0"/><net_sink comp="48" pin=0"/></net>

<net id="53"><net_src comp="10" pin="0"/><net_sink comp="48" pin=1"/></net>

<net id="58"><net_src comp="28" pin="0"/><net_sink comp="54" pin=0"/></net>

<net id="59"><net_src comp="8" pin="0"/><net_sink comp="54" pin=1"/></net>

<net id="64"><net_src comp="28" pin="0"/><net_sink comp="60" pin=0"/></net>

<net id="65"><net_src comp="6" pin="0"/><net_sink comp="60" pin=1"/></net>

<net id="70"><net_src comp="28" pin="0"/><net_sink comp="66" pin=0"/></net>

<net id="71"><net_src comp="4" pin="0"/><net_sink comp="66" pin=1"/></net>

<net id="76"><net_src comp="28" pin="0"/><net_sink comp="72" pin=0"/></net>

<net id="77"><net_src comp="2" pin="0"/><net_sink comp="72" pin=1"/></net>

<net id="82"><net_src comp="28" pin="0"/><net_sink comp="78" pin=0"/></net>

<net id="83"><net_src comp="0" pin="0"/><net_sink comp="78" pin=1"/></net>

<net id="88"><net_src comp="72" pin="2"/><net_sink comp="84" pin=0"/></net>

<net id="89"><net_src comp="78" pin="2"/><net_sink comp="84" pin=1"/></net>

<net id="94"><net_src comp="60" pin="2"/><net_sink comp="90" pin=0"/></net>

<net id="95"><net_src comp="66" pin="2"/><net_sink comp="90" pin=1"/></net>

<net id="100"><net_src comp="48" pin="2"/><net_sink comp="96" pin=0"/></net>

<net id="101"><net_src comp="54" pin="2"/><net_sink comp="96" pin=1"/></net>

<net id="106"><net_src comp="36" pin="2"/><net_sink comp="102" pin=0"/></net>

<net id="107"><net_src comp="42" pin="2"/><net_sink comp="102" pin=1"/></net>

<net id="111"><net_src comp="84" pin="2"/><net_sink comp="108" pin=0"/></net>

<net id="115"><net_src comp="90" pin="2"/><net_sink comp="112" pin=0"/></net>

<net id="119"><net_src comp="96" pin="2"/><net_sink comp="116" pin=0"/></net>

<net id="123"><net_src comp="102" pin="2"/><net_sink comp="120" pin=0"/></net>

<net id="128"><net_src comp="112" pin="1"/><net_sink comp="124" pin=0"/></net>

<net id="129"><net_src comp="108" pin="1"/><net_sink comp="124" pin=1"/></net>

<net id="134"><net_src comp="116" pin="1"/><net_sink comp="130" pin=0"/></net>

<net id="135"><net_src comp="120" pin="1"/><net_sink comp="130" pin=1"/></net>

<net id="140"><net_src comp="130" pin="2"/><net_sink comp="136" pin=0"/></net>

<net id="141"><net_src comp="124" pin="2"/><net_sink comp="136" pin=1"/></net>

<net id="145"><net_src comp="136" pin="2"/><net_sink comp="142" pin=0"/></net>

<net id="149"><net_src comp="30" pin="2"/><net_sink comp="146" pin=0"/></net>

<net id="154"><net_src comp="142" pin="1"/><net_sink comp="150" pin=0"/></net>

<net id="155"><net_src comp="146" pin="1"/><net_sink comp="150" pin=1"/></net>

</net_list>

</model> 
---------------- Datapath Model END ------------------

* FSMD analyzer results:
  - Output states:
 - Input state : 
	Port: sum_engine : t0_V | {1 }
	Port: sum_engine : t1_V | {1 }
	Port: sum_engine : t2_V | {1 }
	Port: sum_engine : t3_V | {1 }
	Port: sum_engine : t4_V | {1 }
	Port: sum_engine : t5_V | {1 }
	Port: sum_engine : t6_V | {1 }
	Port: sum_engine : t7_V | {1 }
	Port: sum_engine : t8_V | {1 }
  - Chain level:
	State 1
		lhs_V : 1
		rhs_V : 1
		lhs_V_1 : 1
		rhs_V_1 : 1
		add_ln68 : 2
		add_ln68_1 : 2
		add6_V : 3
		lhs_V_2 : 4
		ret_V : 5
		ret_ln76 : 6


============================================================
+ Verbose Summary: Datapath Resource usage 
============================================================

* Functional unit list:
|----------|----------------------|---------|---------|
| Operation|    Functional Unit   |    FF   |   LUT   |
|----------|----------------------|---------|---------|
|          |     add0_V_fu_84     |    0    |    15   |
|          |     add1_V_fu_90     |    0    |    15   |
|          |     add2_V_fu_96     |    0    |    15   |
|    add   |     add3_V_fu_102    |    0    |    15   |
|          |    add_ln68_fu_124   |    0    |    16   |
|          |   add_ln68_1_fu_130  |    0    |    15   |
|          |     add6_V_fu_136    |    0    |    16   |
|          |     ret_V_fu_150     |    0    |    15   |
|----------|----------------------|---------|---------|
|          | t8_V_read_read_fu_30 |    0    |    0    |
|          | t7_V_read_read_fu_36 |    0    |    0    |
|          | t6_V_read_read_fu_42 |    0    |    0    |
|          | t5_V_read_read_fu_48 |    0    |    0    |
|   read   | t4_V_read_read_fu_54 |    0    |    0    |
|          | t3_V_read_read_fu_60 |    0    |    0    |
|          | t2_V_read_read_fu_66 |    0    |    0    |
|          | t1_V_read_read_fu_72 |    0    |    0    |
|          | t0_V_read_read_fu_78 |    0    |    0    |
|----------|----------------------|---------|---------|
|          |     lhs_V_fu_108     |    0    |    0    |
|          |     rhs_V_fu_112     |    0    |    0    |
|   sext   |    lhs_V_1_fu_116    |    0    |    0    |
|          |    rhs_V_1_fu_120    |    0    |    0    |
|          |    lhs_V_2_fu_142    |    0    |    0    |
|----------|----------------------|---------|---------|
|   zext   |    rhs_V_2_fu_146    |    0    |    0    |
|----------|----------------------|---------|---------|
|   Total  |                      |    0    |   122   |
|----------|----------------------|---------|---------|

Memories:
N/A

* Register list:
N/A

* Multiplexer (MUX) list: 
|--------|------|------|------|--------|
|  Comp  |  Pin | Size |  BW  | S x BW |
|--------|------|------|------|--------|
|  Total |      |      |      |    0   |
|--------|------|------|------|--------|



* Summary:
+-----------+--------+--------+
|           |   FF   |   LUT  |
+-----------+--------+--------+
|  Function |    0   |   122  |
|   Memory  |    -   |    -   |
|Multiplexer|    -   |    -   |
|  Register |    -   |    -   |
+-----------+--------+--------+
|   Total   |    0   |   122  |
+-----------+--------+--------+
