

================================================================
== Vivado HLS Report for 'compute_engine_32_1'
================================================================
* Date:           Sat Dec 12 04:58:50 2020

* Version:        2019.2.1 (Build 2724168 on Thu Dec 05 05:19:09 MST 2019)
* Project:        model
* Solution:       solution1
* Product family: zynquplus
* Target device:  xczu3eg-sbva484-1-e


================================================================
== Performance Estimates
================================================================
+ Timing: 
    * Summary: 
    +--------+---------+----------+------------+
    |  Clock |  Target | Estimated| Uncertainty|
    +--------+---------+----------+------------+
    |ap_clk  | 4.00 ns | 3.265 ns |   0.50 ns  |
    +--------+---------+----------+------------+

+ Latency: 
    * Summary: 
    +---------+---------+----------+----------+-----+-----+----------+
    |  Latency (cycles) |  Latency (absolute) |  Interval | Pipeline |
    |   min   |   max   |    min   |    max   | min | max |   Type   |
    +---------+---------+----------+----------+-----+-----+----------+
    |        1|        1| 4.000 ns | 4.000 ns |    1|    1| function |
    +---------+---------+----------+----------+-----+-----+----------+

    + Detail: 
        * Instance: 
        N/A

        * Loop: 
        N/A



================================================================
== Utilization Estimates
================================================================
* Summary: 
+-----------------+---------+-------+--------+-------+-----+
|       Name      | BRAM_18K| DSP48E|   FF   |  LUT  | URAM|
+-----------------+---------+-------+--------+-------+-----+
|DSP              |        -|      -|       -|      -|    -|
|Expression       |        -|      -|       0|   1222|    -|
|FIFO             |        -|      -|       -|      -|    -|
|Instance         |        -|      -|       -|      -|    -|
|Memory           |        -|      -|       -|      -|    -|
|Multiplexer      |        -|      -|       -|      -|    -|
|Register         |        -|      -|      10|      -|    -|
+-----------------+---------+-------+--------+-------+-----+
|Total            |        0|      0|      10|   1222|    0|
+-----------------+---------+-------+--------+-------+-----+
|Available        |      432|    360|  141120|  70560|    0|
+-----------------+---------+-------+--------+-------+-----+
|Utilization (%)  |        0|      0|   ~0   |      1|    0|
+-----------------+---------+-------+--------+-------+-----+

+ Detail: 
    * Instance: 
    N/A

    * DSP48E: 
    N/A

    * Memory: 
    N/A

    * FIFO: 
    N/A

    * Expression: 
    +--------------------------+----------+-------+---+----+------------+------------+
    |       Variable Name      | Operation| DSP48E| FF| LUT| Bitwidth P0| Bitwidth P1|
    +--------------------------+----------+-------+---+----+------------+------------+
    |add_ln700_639_fu_1056_p2  |     +    |      0|  0|   9|           2|           2|
    |add_ln700_640_fu_1066_p2  |     +    |      0|  0|  11|           3|           3|
    |add_ln700_641_fu_1076_p2  |     +    |      0|  0|   9|           2|           2|
    |add_ln700_642_fu_1086_p2  |     +    |      0|  0|   9|           2|           2|
    |add_ln700_643_fu_1096_p2  |     +    |      0|  0|  11|           3|           3|
    |add_ln700_644_fu_1106_p2  |     +    |      0|  0|  12|           4|           4|
    |add_ln700_645_fu_1116_p2  |     +    |      0|  0|   9|           2|           2|
    |add_ln700_646_fu_1126_p2  |     +    |      0|  0|   9|           2|           2|
    |add_ln700_647_fu_1136_p2  |     +    |      0|  0|  11|           3|           3|
    |add_ln700_648_fu_1146_p2  |     +    |      0|  0|   9|           2|           2|
    |add_ln700_649_fu_1156_p2  |     +    |      0|  0|   9|           2|           2|
    |add_ln700_650_fu_1166_p2  |     +    |      0|  0|  11|           3|           3|
    |add_ln700_651_fu_1176_p2  |     +    |      0|  0|  12|           4|           4|
    |add_ln700_652_fu_1186_p2  |     +    |      0|  0|  15|           5|           5|
    |add_ln700_653_fu_1192_p2  |     +    |      0|  0|   9|           2|           2|
    |add_ln700_654_fu_1202_p2  |     +    |      0|  0|   9|           2|           2|
    |add_ln700_655_fu_1212_p2  |     +    |      0|  0|  11|           3|           3|
    |add_ln700_656_fu_1222_p2  |     +    |      0|  0|   9|           2|           2|
    |add_ln700_657_fu_1232_p2  |     +    |      0|  0|   9|           2|           2|
    |add_ln700_658_fu_1242_p2  |     +    |      0|  0|  11|           3|           3|
    |add_ln700_659_fu_1252_p2  |     +    |      0|  0|  12|           4|           4|
    |add_ln700_660_fu_1262_p2  |     +    |      0|  0|   9|           2|           2|
    |add_ln700_661_fu_1272_p2  |     +    |      0|  0|   9|           2|           2|
    |add_ln700_662_fu_1282_p2  |     +    |      0|  0|  11|           3|           3|
    |add_ln700_663_fu_1292_p2  |     +    |      0|  0|   9|           2|           2|
    |add_ln700_664_fu_1302_p2  |     +    |      0|  0|   9|           2|           2|
    |add_ln700_665_fu_1312_p2  |     +    |      0|  0|  11|           3|           3|
    |add_ln700_666_fu_1322_p2  |     +    |      0|  0|  12|           4|           4|
    |add_ln700_667_fu_1332_p2  |     +    |      0|  0|  15|           5|           5|
    |add_ln700_fu_1046_p2      |     +    |      0|  0|   9|           2|           2|
    |ap_return                 |     +    |      0|  0|  15|           6|           6|
    |r_V_fu_416_p2             |    xor   |      0|  0|  32|          32|          32|
    |xor_ln700_1_fu_634_p2     |    xor   |      0|  0|   7|           7|           7|
    |xor_ln700_2_fu_640_p2     |    xor   |      0|  0|   6|           6|           6|
    |xor_ln700_3_fu_646_p2     |    xor   |      0|  0|   5|           5|           5|
    |xor_ln700_4_fu_652_p2     |    xor   |      0|  0|   4|           4|           4|
    |xor_ln700_5_fu_658_p2     |    xor   |      0|  0|   3|           3|           3|
    |xor_ln700_6_fu_664_p2     |    xor   |      0|  0|   2|           2|           2|
    |xor_ln700_fu_628_p2       |    xor   |      0|  0|   2|           1|           1|
    |xor_ln769_10_fu_350_p2    |    xor   |      0|  0|  25|          25|          18|
    |xor_ln769_11_fu_360_p2    |    xor   |      0|  0|  26|          26|          19|
    |xor_ln769_12_fu_370_p2    |    xor   |      0|  0|  27|          27|          20|
    |xor_ln769_13_fu_380_p2    |    xor   |      0|  0|  28|          28|          21|
    |xor_ln769_14_fu_390_p2    |    xor   |      0|  0|  29|          29|          22|
    |xor_ln769_15_fu_400_p2    |    xor   |      0|  0|  30|          30|          23|
    |xor_ln769_16_fu_410_p2    |    xor   |      0|  0|  31|          31|          24|
    |xor_ln769_18_fu_422_p2    |    xor   |      0|  0|  31|          31|          31|
    |xor_ln769_19_fu_428_p2    |    xor   |      0|  0|  30|          30|          30|
    |xor_ln769_1_fu_260_p2     |    xor   |      0|  0|  16|          16|           9|
    |xor_ln769_20_fu_434_p2    |    xor   |      0|  0|  29|          29|          29|
    |xor_ln769_21_fu_440_p2    |    xor   |      0|  0|  28|          28|          28|
    |xor_ln769_22_fu_446_p2    |    xor   |      0|  0|  27|          27|          27|
    |xor_ln769_23_fu_452_p2    |    xor   |      0|  0|  26|          26|          26|
    |xor_ln769_24_fu_458_p2    |    xor   |      0|  0|  25|          25|          25|
    |xor_ln769_25_fu_464_p2    |    xor   |      0|  0|  24|          24|          24|
    |xor_ln769_26_fu_470_p2    |    xor   |      0|  0|  23|          23|          23|
    |xor_ln769_27_fu_476_p2    |    xor   |      0|  0|  22|          22|          22|
    |xor_ln769_28_fu_482_p2    |    xor   |      0|  0|  21|          21|          21|
    |xor_ln769_29_fu_488_p2    |    xor   |      0|  0|  20|          20|          20|
    |xor_ln769_2_fu_270_p2     |    xor   |      0|  0|  17|          17|          10|
    |xor_ln769_30_fu_494_p2    |    xor   |      0|  0|  19|          19|          19|
    |xor_ln769_31_fu_500_p2    |    xor   |      0|  0|  18|          18|          18|
    |xor_ln769_32_fu_506_p2    |    xor   |      0|  0|  17|          17|          17|
    |xor_ln769_33_fu_512_p2    |    xor   |      0|  0|  16|          16|          16|
    |xor_ln769_3_fu_280_p2     |    xor   |      0|  0|  18|          18|          11|
    |xor_ln769_4_fu_290_p2     |    xor   |      0|  0|  19|          19|          12|
    |xor_ln769_5_fu_300_p2     |    xor   |      0|  0|  20|          20|          13|
    |xor_ln769_6_fu_310_p2     |    xor   |      0|  0|  21|          21|          14|
    |xor_ln769_7_fu_320_p2     |    xor   |      0|  0|  22|          22|          15|
    |xor_ln769_8_fu_330_p2     |    xor   |      0|  0|  23|          23|          16|
    |xor_ln769_9_fu_340_p2     |    xor   |      0|  0|  24|          24|          17|
    |xor_ln769_fu_250_p2       |    xor   |      0|  0|  32|          32|           2|
    |xor_ln791_1_fu_546_p2     |    xor   |      0|  0|   9|           8|           9|
    |xor_ln791_2_fu_552_p2     |    xor   |      0|  0|   3|           2|           3|
    |xor_ln791_3_fu_562_p2     |    xor   |      0|  0|   4|           3|           4|
    |xor_ln791_4_fu_572_p2     |    xor   |      0|  0|   5|           4|           5|
    |xor_ln791_5_fu_582_p2     |    xor   |      0|  0|   6|           5|           6|
    |xor_ln791_6_fu_592_p2     |    xor   |      0|  0|   7|           6|           7|
    |xor_ln791_7_fu_602_p2     |    xor   |      0|  0|   8|           7|           8|
    |xor_ln791_8_fu_612_p2     |    xor   |      0|  0|   2|           1|           2|
    |xor_ln791_fu_622_p2       |    xor   |      0|  0|   8|           8|           8|
    +--------------------------+----------+-------+---+----+------------+------------+
    |Total                     |          |      0|  0|1222|         976|         842|
    +--------------------------+----------+-------+---+----+------------+------------+

    * Multiplexer: 
    N/A

    * Register: 
    +------------------------+---+----+-----+-----------+
    |          Name          | FF| LUT| Bits| Const Bits|
    +------------------------+---+----+-----+-----------+
    |add_ln700_652_reg_1350  |  5|   0|    5|          0|
    |add_ln700_667_reg_1355  |  5|   0|    5|          0|
    +------------------------+---+----+-----+-----------+
    |Total                   | 10|   0|   10|          0|
    +------------------------+---+----+-----+-----------+



================================================================
== Interface
================================================================
* Summary: 
+-----------+-----+-----+------------+---------------------+--------------+
| RTL Ports | Dir | Bits|  Protocol  |    Source Object    |    C Type    |
+-----------+-----+-----+------------+---------------------+--------------+
|ap_clk     |  in |    1| ap_ctrl_hs | compute_engine_32_1 | return value |
|ap_rst     |  in |    1| ap_ctrl_hs | compute_engine_32_1 | return value |
|ap_return  | out |    6| ap_ctrl_hs | compute_engine_32_1 | return value |
|b_V        |  in |   32|   ap_none  |         b_V         |    scalar    |
|w_V        |  in |   32|   ap_none  |         w_V         |    scalar    |
+-----------+-----+-----+------------+---------------------+--------------+

