

================================================================
== Vivado HLS Report for 'avgpool'
================================================================
* Date:           Sat Dec 12 05:04:50 2020

* Version:        2019.2.1 (Build 2724168 on Thu Dec 05 05:19:09 MST 2019)
* Project:        model
* Solution:       solution1
* Product family: zynquplus
* Target device:  xczu3eg-sbva484-1-e


================================================================
== Performance Estimates
================================================================
+ Timing: 
    * Summary: 
    +--------+---------+----------+------------+
    |  Clock |  Target | Estimated| Uncertainty|
    +--------+---------+----------+------------+
    |ap_clk  | 4.00 ns | 3.360 ns |   0.50 ns  |
    +--------+---------+----------+------------+

+ Latency: 
    * Summary: 
    +---------+---------+----------+----------+-----+------+---------+
    |  Latency (cycles) |  Latency (absolute) |  Interval  | Pipeline|
    |   min   |   max   |    min   |    max   | min |  max |   Type  |
    +---------+---------+----------+----------+-----+------+---------+
    |      281|     2241| 1.124 us | 8.964 us |  281|  2241|   none  |
    +---------+---------+----------+----------+-----+------+---------+

    + Detail: 
        * Instance: 
        N/A

        * Loop: 
        +-------------+---------+---------+----------+-----------+-----------+----------+----------+
        |             |  Latency (cycles) | Iteration|  Initiation Interval  |   Trip   |          |
        |  Loop Name  |   min   |   max   |  Latency |  achieved |   target  |   Count  | Pipelined|
        +-------------+---------+---------+----------+-----------+-----------+----------+----------+
        |- Loop 1     |      280|     2240|        10|          -|          -| 28 ~ 224 |    no    |
        | + Loop 1.1  |        6|        6|         4|          1|          1|         4|    yes   |
        +-------------+---------+---------+----------+-----------+-----------+----------+----------+



================================================================
== Utilization Estimates
================================================================
* Summary: 
+-----------------+---------+-------+--------+-------+-----+
|       Name      | BRAM_18K| DSP48E|   FF   |  LUT  | URAM|
+-----------------+---------+-------+--------+-------+-----+
|DSP              |        -|      1|       -|      -|    -|
|Expression       |        -|      0|       0|   8316|    -|
|FIFO             |        -|      -|       -|      -|    -|
|Instance         |        -|      -|       -|      -|    -|
|Memory           |        -|      -|       -|      -|    -|
|Multiplexer      |        -|      -|       -|    594|    -|
|Register         |        0|      -|    1267|     64|    -|
+-----------------+---------+-------+--------+-------+-----+
|Total            |        0|      1|    1267|   8974|    0|
+-----------------+---------+-------+--------+-------+-----+
|Available        |      432|    360|  141120|  70560|    0|
+-----------------+---------+-------+--------+-------+-----+
|Utilization (%)  |        0|   ~0  |   ~0   |     12|    0|
+-----------------+---------+-------+--------+-------+-----+

+ Detail: 
    * Instance: 
    N/A

    * DSP48E: 
    +----------------------------+----------------------+--------------+
    |          Instance          |        Module        |  Expression  |
    +----------------------------+----------------------+--------------+
    |FracNet_mac_muladzec_U1306  |FracNet_mac_muladzec  | i0 * i1 + i2 |
    +----------------------------+----------------------+--------------+

    * Memory: 
    N/A

    * FIFO: 
    N/A

    * Expression: 
    +-----------------------------+----------+-------+---+----+------------+------------+
    |        Variable Name        | Operation| DSP48E| FF| LUT| Bitwidth P0| Bitwidth P1|
    +-----------------------------+----------+-------+---+----+------------+------------+
    |mul_ln203_fu_1196_p2         |     *    |      0|  0|  30|           7|           3|
    |add_ln1192_286_fu_1447_p2    |     +    |      0|  0|  24|          17|          17|
    |add_ln1192_287_fu_1550_p2    |     +    |      0|  0|  24|          17|          17|
    |add_ln1192_288_fu_1653_p2    |     +    |      0|  0|  24|          17|          17|
    |add_ln1192_289_fu_1756_p2    |     +    |      0|  0|  24|          17|          17|
    |add_ln1192_290_fu_1859_p2    |     +    |      0|  0|  24|          17|          17|
    |add_ln1192_291_fu_1962_p2    |     +    |      0|  0|  24|          17|          17|
    |add_ln1192_292_fu_2065_p2    |     +    |      0|  0|  24|          17|          17|
    |add_ln1192_293_fu_2168_p2    |     +    |      0|  0|  24|          17|          17|
    |add_ln1192_294_fu_2271_p2    |     +    |      0|  0|  24|          17|          17|
    |add_ln1192_295_fu_2374_p2    |     +    |      0|  0|  24|          17|          17|
    |add_ln1192_296_fu_2477_p2    |     +    |      0|  0|  24|          17|          17|
    |add_ln1192_297_fu_2580_p2    |     +    |      0|  0|  24|          17|          17|
    |add_ln1192_298_fu_2683_p2    |     +    |      0|  0|  24|          17|          17|
    |add_ln1192_299_fu_2786_p2    |     +    |      0|  0|  24|          17|          17|
    |add_ln1192_300_fu_2889_p2    |     +    |      0|  0|  24|          17|          17|
    |add_ln1192_301_fu_2992_p2    |     +    |      0|  0|  24|          17|          17|
    |add_ln1192_302_fu_3095_p2    |     +    |      0|  0|  24|          17|          17|
    |add_ln1192_303_fu_3198_p2    |     +    |      0|  0|  24|          17|          17|
    |add_ln1192_304_fu_3301_p2    |     +    |      0|  0|  24|          17|          17|
    |add_ln1192_305_fu_3404_p2    |     +    |      0|  0|  24|          17|          17|
    |add_ln1192_306_fu_3507_p2    |     +    |      0|  0|  24|          17|          17|
    |add_ln1192_307_fu_3610_p2    |     +    |      0|  0|  24|          17|          17|
    |add_ln1192_308_fu_3713_p2    |     +    |      0|  0|  24|          17|          17|
    |add_ln1192_309_fu_3816_p2    |     +    |      0|  0|  24|          17|          17|
    |add_ln1192_310_fu_3919_p2    |     +    |      0|  0|  24|          17|          17|
    |add_ln1192_311_fu_4022_p2    |     +    |      0|  0|  24|          17|          17|
    |add_ln1192_312_fu_4125_p2    |     +    |      0|  0|  24|          17|          17|
    |add_ln1192_313_fu_4228_p2    |     +    |      0|  0|  24|          17|          17|
    |add_ln1192_314_fu_4331_p2    |     +    |      0|  0|  24|          17|          17|
    |add_ln1192_315_fu_4434_p2    |     +    |      0|  0|  24|          17|          17|
    |add_ln1192_316_fu_4537_p2    |     +    |      0|  0|  24|          17|          17|
    |add_ln1192_fu_1339_p2        |     +    |      0|  0|  24|          17|          17|
    |add_ln203_fu_4795_p2         |     +    |      0|  0|  17|          10|          10|
    |add_ln497_fu_1153_p2         |     +    |      0|  0|  15|           8|           1|
    |add_ln501_1_fu_1216_p2       |     +    |      0|  0|  11|           3|           1|
    |add_ln501_fu_1254_p2         |     +    |      0|  0|  11|           3|           3|
    |add_ln505_fu_1287_p2         |     +    |      0|  0|  15|           7|           7|
    |col_fu_9344_p2               |     +    |      0|  0|  15|           6|           1|
    |ii_fu_1222_p2                |     +    |      0|  0|   9|           2|           1|
    |jj_fu_1275_p2                |     +    |      0|  0|   9|           2|           1|
    |row_fu_1159_p2               |     +    |      0|  0|  11|           1|           3|
    |tmp_0_V_20_fu_1353_p2        |     +    |      0|  0|  23|          16|          16|
    |tmp_10_V_20_fu_2388_p2       |     +    |      0|  0|  23|          16|          16|
    |tmp_11_V_20_fu_2491_p2       |     +    |      0|  0|  23|          16|          16|
    |tmp_12_V_20_fu_2594_p2       |     +    |      0|  0|  23|          16|          16|
    |tmp_13_V_20_fu_2697_p2       |     +    |      0|  0|  23|          16|          16|
    |tmp_14_V_20_fu_2800_p2       |     +    |      0|  0|  23|          16|          16|
    |tmp_15_V_20_fu_2903_p2       |     +    |      0|  0|  23|          16|          16|
    |tmp_16_V_6_fu_3006_p2        |     +    |      0|  0|  23|          16|          16|
    |tmp_17_V_6_fu_3109_p2        |     +    |      0|  0|  23|          16|          16|
    |tmp_18_V_6_fu_3212_p2        |     +    |      0|  0|  23|          16|          16|
    |tmp_19_V_6_fu_3315_p2        |     +    |      0|  0|  23|          16|          16|
    |tmp_1_V_20_fu_1461_p2        |     +    |      0|  0|  23|          16|          16|
    |tmp_20_V_6_fu_3418_p2        |     +    |      0|  0|  23|          16|          16|
    |tmp_21_V_6_fu_3521_p2        |     +    |      0|  0|  23|          16|          16|
    |tmp_22_V_6_fu_3624_p2        |     +    |      0|  0|  23|          16|          16|
    |tmp_23_V_6_fu_3727_p2        |     +    |      0|  0|  23|          16|          16|
    |tmp_24_V_6_fu_3830_p2        |     +    |      0|  0|  23|          16|          16|
    |tmp_25_V_6_fu_3933_p2        |     +    |      0|  0|  23|          16|          16|
    |tmp_26_V_6_fu_4036_p2        |     +    |      0|  0|  23|          16|          16|
    |tmp_27_V_6_fu_4139_p2        |     +    |      0|  0|  23|          16|          16|
    |tmp_28_V_6_fu_4242_p2        |     +    |      0|  0|  23|          16|          16|
    |tmp_29_V_6_fu_4345_p2        |     +    |      0|  0|  23|          16|          16|
    |tmp_2_V_20_fu_1564_p2        |     +    |      0|  0|  23|          16|          16|
    |tmp_30_V_6_fu_4448_p2        |     +    |      0|  0|  23|          16|          16|
    |tmp_31_V_6_fu_4551_p2        |     +    |      0|  0|  23|          16|          16|
    |tmp_3_V_20_fu_1667_p2        |     +    |      0|  0|  23|          16|          16|
    |tmp_4_V_20_fu_1770_p2        |     +    |      0|  0|  23|          16|          16|
    |tmp_5_V_20_fu_1873_p2        |     +    |      0|  0|  23|          16|          16|
    |tmp_6_V_20_fu_1976_p2        |     +    |      0|  0|  23|          16|          16|
    |tmp_7_V_20_fu_2079_p2        |     +    |      0|  0|  23|          16|          16|
    |tmp_8_V_20_fu_2182_p2        |     +    |      0|  0|  23|          16|          16|
    |tmp_9_V_20_fu_2285_p2        |     +    |      0|  0|  23|          16|          16|
    |sub_ln1148_10_fu_5530_p2     |     -    |      0|  0|  31|           1|          24|
    |sub_ln1148_11_fu_5550_p2     |     -    |      0|  0|  23|           1|          16|
    |sub_ln1148_12_fu_5672_p2     |     -    |      0|  0|  31|           1|          24|
    |sub_ln1148_13_fu_5692_p2     |     -    |      0|  0|  23|           1|          16|
    |sub_ln1148_14_fu_5814_p2     |     -    |      0|  0|  31|           1|          24|
    |sub_ln1148_15_fu_5834_p2     |     -    |      0|  0|  23|           1|          16|
    |sub_ln1148_16_fu_5956_p2     |     -    |      0|  0|  31|           1|          24|
    |sub_ln1148_17_fu_5976_p2     |     -    |      0|  0|  23|           1|          16|
    |sub_ln1148_18_fu_6098_p2     |     -    |      0|  0|  31|           1|          24|
    |sub_ln1148_19_fu_6118_p2     |     -    |      0|  0|  23|           1|          16|
    |sub_ln1148_1_fu_4840_p2      |     -    |      0|  0|  23|           1|          16|
    |sub_ln1148_20_fu_6240_p2     |     -    |      0|  0|  31|           1|          24|
    |sub_ln1148_21_fu_6260_p2     |     -    |      0|  0|  23|           1|          16|
    |sub_ln1148_22_fu_6382_p2     |     -    |      0|  0|  31|           1|          24|
    |sub_ln1148_23_fu_6402_p2     |     -    |      0|  0|  23|           1|          16|
    |sub_ln1148_24_fu_6524_p2     |     -    |      0|  0|  31|           1|          24|
    |sub_ln1148_25_fu_6544_p2     |     -    |      0|  0|  23|           1|          16|
    |sub_ln1148_26_fu_6666_p2     |     -    |      0|  0|  31|           1|          24|
    |sub_ln1148_27_fu_6686_p2     |     -    |      0|  0|  23|           1|          16|
    |sub_ln1148_28_fu_6808_p2     |     -    |      0|  0|  31|           1|          24|
    |sub_ln1148_29_fu_6828_p2     |     -    |      0|  0|  23|           1|          16|
    |sub_ln1148_2_fu_4962_p2      |     -    |      0|  0|  31|           1|          24|
    |sub_ln1148_30_fu_6950_p2     |     -    |      0|  0|  31|           1|          24|
    |sub_ln1148_31_fu_6970_p2     |     -    |      0|  0|  23|           1|          16|
    |sub_ln1148_32_fu_7092_p2     |     -    |      0|  0|  31|           1|          24|
    |sub_ln1148_33_fu_7112_p2     |     -    |      0|  0|  23|           1|          16|
    |sub_ln1148_34_fu_7234_p2     |     -    |      0|  0|  31|           1|          24|
    |sub_ln1148_35_fu_7254_p2     |     -    |      0|  0|  23|           1|          16|
    |sub_ln1148_36_fu_7376_p2     |     -    |      0|  0|  31|           1|          24|
    |sub_ln1148_37_fu_7396_p2     |     -    |      0|  0|  23|           1|          16|
    |sub_ln1148_38_fu_7518_p2     |     -    |      0|  0|  31|           1|          24|
    |sub_ln1148_39_fu_7538_p2     |     -    |      0|  0|  23|           1|          16|
    |sub_ln1148_3_fu_4982_p2      |     -    |      0|  0|  23|           1|          16|
    |sub_ln1148_40_fu_7660_p2     |     -    |      0|  0|  31|           1|          24|
    |sub_ln1148_41_fu_7680_p2     |     -    |      0|  0|  23|           1|          16|
    |sub_ln1148_42_fu_7802_p2     |     -    |      0|  0|  31|           1|          24|
    |sub_ln1148_43_fu_7822_p2     |     -    |      0|  0|  23|           1|          16|
    |sub_ln1148_44_fu_7944_p2     |     -    |      0|  0|  31|           1|          24|
    |sub_ln1148_45_fu_7964_p2     |     -    |      0|  0|  23|           1|          16|
    |sub_ln1148_46_fu_8086_p2     |     -    |      0|  0|  31|           1|          24|
    |sub_ln1148_47_fu_8106_p2     |     -    |      0|  0|  23|           1|          16|
    |sub_ln1148_48_fu_8228_p2     |     -    |      0|  0|  31|           1|          24|
    |sub_ln1148_49_fu_8248_p2     |     -    |      0|  0|  23|           1|          16|
    |sub_ln1148_4_fu_5104_p2      |     -    |      0|  0|  31|           1|          24|
    |sub_ln1148_50_fu_8370_p2     |     -    |      0|  0|  31|           1|          24|
    |sub_ln1148_51_fu_8390_p2     |     -    |      0|  0|  23|           1|          16|
    |sub_ln1148_52_fu_8512_p2     |     -    |      0|  0|  31|           1|          24|
    |sub_ln1148_53_fu_8532_p2     |     -    |      0|  0|  23|           1|          16|
    |sub_ln1148_54_fu_8654_p2     |     -    |      0|  0|  31|           1|          24|
    |sub_ln1148_55_fu_8674_p2     |     -    |      0|  0|  23|           1|          16|
    |sub_ln1148_56_fu_8796_p2     |     -    |      0|  0|  31|           1|          24|
    |sub_ln1148_57_fu_8816_p2     |     -    |      0|  0|  23|           1|          16|
    |sub_ln1148_58_fu_8938_p2     |     -    |      0|  0|  31|           1|          24|
    |sub_ln1148_59_fu_8958_p2     |     -    |      0|  0|  23|           1|          16|
    |sub_ln1148_5_fu_5124_p2      |     -    |      0|  0|  23|           1|          16|
    |sub_ln1148_60_fu_9080_p2     |     -    |      0|  0|  31|           1|          24|
    |sub_ln1148_61_fu_9100_p2     |     -    |      0|  0|  23|           1|          16|
    |sub_ln1148_62_fu_9222_p2     |     -    |      0|  0|  31|           1|          24|
    |sub_ln1148_63_fu_9242_p2     |     -    |      0|  0|  23|           1|          16|
    |sub_ln1148_6_fu_5246_p2      |     -    |      0|  0|  31|           1|          24|
    |sub_ln1148_7_fu_5266_p2      |     -    |      0|  0|  23|           1|          16|
    |sub_ln1148_8_fu_5388_p2      |     -    |      0|  0|  31|           1|          24|
    |sub_ln1148_9_fu_5408_p2      |     -    |      0|  0|  23|           1|          16|
    |sub_ln1148_fu_4820_p2        |     -    |      0|  0|  31|           1|          24|
    |sub_ln505_fu_1259_p2         |     -    |      0|  0|   9|           1|           2|
    |and_ln340_100_fu_1940_p2     |    and   |      0|  0|   2|           1|           1|
    |and_ln340_101_fu_2043_p2     |    and   |      0|  0|   2|           1|           1|
    |and_ln340_102_fu_2146_p2     |    and   |      0|  0|   2|           1|           1|
    |and_ln340_103_fu_2249_p2     |    and   |      0|  0|   2|           1|           1|
    |and_ln340_104_fu_2352_p2     |    and   |      0|  0|   2|           1|           1|
    |and_ln340_105_fu_2455_p2     |    and   |      0|  0|   2|           1|           1|
    |and_ln340_106_fu_2558_p2     |    and   |      0|  0|   2|           1|           1|
    |and_ln340_107_fu_2661_p2     |    and   |      0|  0|   2|           1|           1|
    |and_ln340_108_fu_2764_p2     |    and   |      0|  0|   2|           1|           1|
    |and_ln340_109_fu_2867_p2     |    and   |      0|  0|   2|           1|           1|
    |and_ln340_110_fu_2970_p2     |    and   |      0|  0|   2|           1|           1|
    |and_ln340_111_fu_3073_p2     |    and   |      0|  0|   2|           1|           1|
    |and_ln340_112_fu_3176_p2     |    and   |      0|  0|   2|           1|           1|
    |and_ln340_113_fu_3279_p2     |    and   |      0|  0|   2|           1|           1|
    |and_ln340_114_fu_3382_p2     |    and   |      0|  0|   2|           1|           1|
    |and_ln340_115_fu_3485_p2     |    and   |      0|  0|   2|           1|           1|
    |and_ln340_116_fu_3588_p2     |    and   |      0|  0|   2|           1|           1|
    |and_ln340_117_fu_3691_p2     |    and   |      0|  0|   2|           1|           1|
    |and_ln340_118_fu_3794_p2     |    and   |      0|  0|   2|           1|           1|
    |and_ln340_119_fu_3897_p2     |    and   |      0|  0|   2|           1|           1|
    |and_ln340_120_fu_4000_p2     |    and   |      0|  0|   2|           1|           1|
    |and_ln340_121_fu_4103_p2     |    and   |      0|  0|   2|           1|           1|
    |and_ln340_122_fu_4206_p2     |    and   |      0|  0|   2|           1|           1|
    |and_ln340_123_fu_4309_p2     |    and   |      0|  0|   2|           1|           1|
    |and_ln340_124_fu_4412_p2     |    and   |      0|  0|   2|           1|           1|
    |and_ln340_125_fu_4515_p2     |    and   |      0|  0|   2|           1|           1|
    |and_ln340_126_fu_4618_p2     |    and   |      0|  0|   2|           1|           1|
    |and_ln340_96_fu_1528_p2      |    and   |      0|  0|   2|           1|           1|
    |and_ln340_97_fu_1631_p2      |    and   |      0|  0|   2|           1|           1|
    |and_ln340_98_fu_1734_p2      |    and   |      0|  0|   2|           1|           1|
    |and_ln340_99_fu_1837_p2      |    and   |      0|  0|   2|           1|           1|
    |and_ln340_fu_1425_p2         |    and   |      0|  0|   2|           1|           1|
    |and_ln786_614_fu_5042_p2     |    and   |      0|  0|   2|           1|           1|
    |and_ln786_615_fu_1373_p2     |    and   |      0|  0|   2|           1|           1|
    |and_ln786_616_fu_5184_p2     |    and   |      0|  0|   2|           1|           1|
    |and_ln786_617_fu_1481_p2     |    and   |      0|  0|   2|           1|           1|
    |and_ln786_618_fu_5326_p2     |    and   |      0|  0|   2|           1|           1|
    |and_ln786_619_fu_1584_p2     |    and   |      0|  0|   2|           1|           1|
    |and_ln786_620_fu_5468_p2     |    and   |      0|  0|   2|           1|           1|
    |and_ln786_621_fu_5610_p2     |    and   |      0|  0|   2|           1|           1|
    |and_ln786_622_fu_1687_p2     |    and   |      0|  0|   2|           1|           1|
    |and_ln786_623_fu_5752_p2     |    and   |      0|  0|   2|           1|           1|
    |and_ln786_624_fu_1790_p2     |    and   |      0|  0|   2|           1|           1|
    |and_ln786_625_fu_5894_p2     |    and   |      0|  0|   2|           1|           1|
    |and_ln786_626_fu_1893_p2     |    and   |      0|  0|   2|           1|           1|
    |and_ln786_627_fu_6036_p2     |    and   |      0|  0|   2|           1|           1|
    |and_ln786_628_fu_6178_p2     |    and   |      0|  0|   2|           1|           1|
    |and_ln786_629_fu_1996_p2     |    and   |      0|  0|   2|           1|           1|
    |and_ln786_630_fu_6320_p2     |    and   |      0|  0|   2|           1|           1|
    |and_ln786_631_fu_2099_p2     |    and   |      0|  0|   2|           1|           1|
    |and_ln786_632_fu_6462_p2     |    and   |      0|  0|   2|           1|           1|
    |and_ln786_633_fu_2202_p2     |    and   |      0|  0|   2|           1|           1|
    |and_ln786_634_fu_6604_p2     |    and   |      0|  0|   2|           1|           1|
    |and_ln786_635_fu_6746_p2     |    and   |      0|  0|   2|           1|           1|
    |and_ln786_636_fu_2305_p2     |    and   |      0|  0|   2|           1|           1|
    |and_ln786_637_fu_6888_p2     |    and   |      0|  0|   2|           1|           1|
    |and_ln786_638_fu_2408_p2     |    and   |      0|  0|   2|           1|           1|
    |and_ln786_639_fu_7030_p2     |    and   |      0|  0|   2|           1|           1|
    |and_ln786_640_fu_2511_p2     |    and   |      0|  0|   2|           1|           1|
    |and_ln786_641_fu_7172_p2     |    and   |      0|  0|   2|           1|           1|
    |and_ln786_642_fu_7314_p2     |    and   |      0|  0|   2|           1|           1|
    |and_ln786_643_fu_2614_p2     |    and   |      0|  0|   2|           1|           1|
    |and_ln786_644_fu_7456_p2     |    and   |      0|  0|   2|           1|           1|
    |and_ln786_645_fu_2717_p2     |    and   |      0|  0|   2|           1|           1|
    |and_ln786_646_fu_7598_p2     |    and   |      0|  0|   2|           1|           1|
    |and_ln786_647_fu_2820_p2     |    and   |      0|  0|   2|           1|           1|
    |and_ln786_648_fu_7740_p2     |    and   |      0|  0|   2|           1|           1|
    |and_ln786_649_fu_7882_p2     |    and   |      0|  0|   2|           1|           1|
    |and_ln786_650_fu_2923_p2     |    and   |      0|  0|   2|           1|           1|
    |and_ln786_651_fu_8024_p2     |    and   |      0|  0|   2|           1|           1|
    |and_ln786_652_fu_3026_p2     |    and   |      0|  0|   2|           1|           1|
    |and_ln786_653_fu_8166_p2     |    and   |      0|  0|   2|           1|           1|
    |and_ln786_654_fu_3129_p2     |    and   |      0|  0|   2|           1|           1|
    |and_ln786_655_fu_8308_p2     |    and   |      0|  0|   2|           1|           1|
    |and_ln786_656_fu_8450_p2     |    and   |      0|  0|   2|           1|           1|
    |and_ln786_657_fu_3232_p2     |    and   |      0|  0|   2|           1|           1|
    |and_ln786_658_fu_8592_p2     |    and   |      0|  0|   2|           1|           1|
    |and_ln786_659_fu_3335_p2     |    and   |      0|  0|   2|           1|           1|
    |and_ln786_660_fu_8734_p2     |    and   |      0|  0|   2|           1|           1|
    |and_ln786_661_fu_3438_p2     |    and   |      0|  0|   2|           1|           1|
    |and_ln786_662_fu_8876_p2     |    and   |      0|  0|   2|           1|           1|
    |and_ln786_663_fu_9018_p2     |    and   |      0|  0|   2|           1|           1|
    |and_ln786_664_fu_3541_p2     |    and   |      0|  0|   2|           1|           1|
    |and_ln786_665_fu_9160_p2     |    and   |      0|  0|   2|           1|           1|
    |and_ln786_666_fu_3644_p2     |    and   |      0|  0|   2|           1|           1|
    |and_ln786_667_fu_9302_p2     |    and   |      0|  0|   2|           1|           1|
    |and_ln786_668_fu_3747_p2     |    and   |      0|  0|   2|           1|           1|
    |and_ln786_669_fu_3850_p2     |    and   |      0|  0|   2|           1|           1|
    |and_ln786_670_fu_3953_p2     |    and   |      0|  0|   2|           1|           1|
    |and_ln786_671_fu_4056_p2     |    and   |      0|  0|   2|           1|           1|
    |and_ln786_672_fu_4159_p2     |    and   |      0|  0|   2|           1|           1|
    |and_ln786_673_fu_4262_p2     |    and   |      0|  0|   2|           1|           1|
    |and_ln786_674_fu_4365_p2     |    and   |      0|  0|   2|           1|           1|
    |and_ln786_675_fu_4468_p2     |    and   |      0|  0|   2|           1|           1|
    |and_ln786_676_fu_4571_p2     |    and   |      0|  0|   2|           1|           1|
    |and_ln786_fu_4900_p2         |    and   |      0|  0|   2|           1|           1|
    |icmp_ln497_fu_1148_p2        |   icmp   |      0|  0|  11|           8|           8|
    |icmp_ln498_fu_1165_p2        |   icmp   |      0|  0|  11|           6|           6|
    |icmp_ln501_fu_1210_p2        |   icmp   |      0|  0|   9|           3|           4|
    |icmp_ln502_fu_1228_p2        |   icmp   |      0|  0|   9|           2|           3|
    |icmp_ln505_fu_1269_p2        |   icmp   |      0|  0|   9|           3|           3|
    |or_ln340_787_fu_1391_p2      |    or    |      0|  0|   2|           1|           1|
    |or_ln340_790_fu_1499_p2      |    or    |      0|  0|   2|           1|           1|
    |or_ln340_793_fu_1602_p2      |    or    |      0|  0|   2|           1|           1|
    |or_ln340_797_fu_1705_p2      |    or    |      0|  0|   2|           1|           1|
    |or_ln340_800_fu_1808_p2      |    or    |      0|  0|   2|           1|           1|
    |or_ln340_803_fu_1911_p2      |    or    |      0|  0|   2|           1|           1|
    |or_ln340_807_fu_2014_p2      |    or    |      0|  0|   2|           1|           1|
    |or_ln340_810_fu_2117_p2      |    or    |      0|  0|   2|           1|           1|
    |or_ln340_813_fu_2220_p2      |    or    |      0|  0|   2|           1|           1|
    |or_ln340_817_fu_2323_p2      |    or    |      0|  0|   2|           1|           1|
    |or_ln340_820_fu_2426_p2      |    or    |      0|  0|   2|           1|           1|
    |or_ln340_823_fu_2529_p2      |    or    |      0|  0|   2|           1|           1|
    |or_ln340_827_fu_2632_p2      |    or    |      0|  0|   2|           1|           1|
    |or_ln340_830_fu_2735_p2      |    or    |      0|  0|   2|           1|           1|
    |or_ln340_834_fu_2838_p2      |    or    |      0|  0|   2|           1|           1|
    |or_ln340_838_fu_2941_p2      |    or    |      0|  0|   2|           1|           1|
    |or_ln340_841_fu_3044_p2      |    or    |      0|  0|   2|           1|           1|
    |or_ln340_844_fu_3147_p2      |    or    |      0|  0|   2|           1|           1|
    |or_ln340_848_fu_3250_p2      |    or    |      0|  0|   2|           1|           1|
    |or_ln340_851_fu_3353_p2      |    or    |      0|  0|   2|           1|           1|
    |or_ln340_854_fu_3456_p2      |    or    |      0|  0|   2|           1|           1|
    |or_ln340_858_fu_3559_p2      |    or    |      0|  0|   2|           1|           1|
    |or_ln340_861_fu_3662_p2      |    or    |      0|  0|   2|           1|           1|
    |or_ln340_864_fu_3765_p2      |    or    |      0|  0|   2|           1|           1|
    |or_ln340_866_fu_3868_p2      |    or    |      0|  0|   2|           1|           1|
    |or_ln340_868_fu_3971_p2      |    or    |      0|  0|   2|           1|           1|
    |or_ln340_870_fu_4074_p2      |    or    |      0|  0|   2|           1|           1|
    |or_ln340_872_fu_4177_p2      |    or    |      0|  0|   2|           1|           1|
    |or_ln340_874_fu_4280_p2      |    or    |      0|  0|   2|           1|           1|
    |or_ln340_876_fu_4383_p2      |    or    |      0|  0|   2|           1|           1|
    |or_ln340_878_fu_4486_p2      |    or    |      0|  0|   2|           1|           1|
    |or_ln340_880_fu_4589_p2      |    or    |      0|  0|   2|           1|           1|
    |or_ln340_896_fu_5054_p2      |    or    |      0|  0|   2|           1|           1|
    |or_ln340_897_fu_5196_p2      |    or    |      0|  0|   2|           1|           1|
    |or_ln340_898_fu_5338_p2      |    or    |      0|  0|   2|           1|           1|
    |or_ln340_899_fu_5480_p2      |    or    |      0|  0|   2|           1|           1|
    |or_ln340_900_fu_5622_p2      |    or    |      0|  0|   2|           1|           1|
    |or_ln340_901_fu_5764_p2      |    or    |      0|  0|   2|           1|           1|
    |or_ln340_902_fu_5906_p2      |    or    |      0|  0|   2|           1|           1|
    |or_ln340_903_fu_6048_p2      |    or    |      0|  0|   2|           1|           1|
    |or_ln340_904_fu_6190_p2      |    or    |      0|  0|   2|           1|           1|
    |or_ln340_905_fu_6332_p2      |    or    |      0|  0|   2|           1|           1|
    |or_ln340_906_fu_6474_p2      |    or    |      0|  0|   2|           1|           1|
    |or_ln340_907_fu_6616_p2      |    or    |      0|  0|   2|           1|           1|
    |or_ln340_908_fu_6758_p2      |    or    |      0|  0|   2|           1|           1|
    |or_ln340_909_fu_6900_p2      |    or    |      0|  0|   2|           1|           1|
    |or_ln340_910_fu_7042_p2      |    or    |      0|  0|   2|           1|           1|
    |or_ln340_911_fu_7184_p2      |    or    |      0|  0|   2|           1|           1|
    |or_ln340_912_fu_7326_p2      |    or    |      0|  0|   2|           1|           1|
    |or_ln340_913_fu_7468_p2      |    or    |      0|  0|   2|           1|           1|
    |or_ln340_914_fu_7610_p2      |    or    |      0|  0|   2|           1|           1|
    |or_ln340_915_fu_7752_p2      |    or    |      0|  0|   2|           1|           1|
    |or_ln340_916_fu_7894_p2      |    or    |      0|  0|   2|           1|           1|
    |or_ln340_917_fu_8036_p2      |    or    |      0|  0|   2|           1|           1|
    |or_ln340_918_fu_8178_p2      |    or    |      0|  0|   2|           1|           1|
    |or_ln340_919_fu_8320_p2      |    or    |      0|  0|   2|           1|           1|
    |or_ln340_920_fu_8462_p2      |    or    |      0|  0|   2|           1|           1|
    |or_ln340_921_fu_8604_p2      |    or    |      0|  0|   2|           1|           1|
    |or_ln340_922_fu_8746_p2      |    or    |      0|  0|   2|           1|           1|
    |or_ln340_923_fu_8888_p2      |    or    |      0|  0|   2|           1|           1|
    |or_ln340_924_fu_9030_p2      |    or    |      0|  0|   2|           1|           1|
    |or_ln340_925_fu_9172_p2      |    or    |      0|  0|   2|           1|           1|
    |or_ln340_926_fu_9314_p2      |    or    |      0|  0|   2|           1|           1|
    |or_ln340_fu_4912_p2          |    or    |      0|  0|   2|           1|           1|
    |select_ln1148_10_fu_6284_p3  |  select  |      0|  0|  16|           1|          16|
    |select_ln1148_11_fu_6426_p3  |  select  |      0|  0|  16|           1|          16|
    |select_ln1148_12_fu_6568_p3  |  select  |      0|  0|  16|           1|          16|
    |select_ln1148_13_fu_6710_p3  |  select  |      0|  0|  16|           1|          16|
    |select_ln1148_14_fu_6852_p3  |  select  |      0|  0|  16|           1|          16|
    |select_ln1148_15_fu_6994_p3  |  select  |      0|  0|  16|           1|          16|
    |select_ln1148_16_fu_7136_p3  |  select  |      0|  0|  16|           1|          16|
    |select_ln1148_17_fu_7278_p3  |  select  |      0|  0|  16|           1|          16|
    |select_ln1148_18_fu_7420_p3  |  select  |      0|  0|  16|           1|          16|
    |select_ln1148_19_fu_7562_p3  |  select  |      0|  0|  16|           1|          16|
    |select_ln1148_1_fu_5006_p3   |  select  |      0|  0|  16|           1|          16|
    |select_ln1148_20_fu_7704_p3  |  select  |      0|  0|  16|           1|          16|
    |select_ln1148_21_fu_7846_p3  |  select  |      0|  0|  16|           1|          16|
    |select_ln1148_22_fu_7988_p3  |  select  |      0|  0|  16|           1|          16|
    |select_ln1148_23_fu_8130_p3  |  select  |      0|  0|  16|           1|          16|
    |select_ln1148_24_fu_8272_p3  |  select  |      0|  0|  16|           1|          16|
    |select_ln1148_25_fu_8414_p3  |  select  |      0|  0|  16|           1|          16|
    |select_ln1148_26_fu_8556_p3  |  select  |      0|  0|  16|           1|          16|
    |select_ln1148_27_fu_8698_p3  |  select  |      0|  0|  16|           1|          16|
    |select_ln1148_28_fu_8840_p3  |  select  |      0|  0|  16|           1|          16|
    |select_ln1148_29_fu_8982_p3  |  select  |      0|  0|  16|           1|          16|
    |select_ln1148_2_fu_5148_p3   |  select  |      0|  0|  16|           1|          16|
    |select_ln1148_30_fu_9124_p3  |  select  |      0|  0|  16|           1|          16|
    |select_ln1148_31_fu_9266_p3  |  select  |      0|  0|  16|           1|          16|
    |select_ln1148_3_fu_5290_p3   |  select  |      0|  0|  16|           1|          16|
    |select_ln1148_4_fu_5432_p3   |  select  |      0|  0|  16|           1|          16|
    |select_ln1148_5_fu_5574_p3   |  select  |      0|  0|  16|           1|          16|
    |select_ln1148_6_fu_5716_p3   |  select  |      0|  0|  16|           1|          16|
    |select_ln1148_7_fu_5858_p3   |  select  |      0|  0|  16|           1|          16|
    |select_ln1148_8_fu_6000_p3   |  select  |      0|  0|  16|           1|          16|
    |select_ln1148_9_fu_6142_p3   |  select  |      0|  0|  16|           1|          16|
    |select_ln1148_fu_4864_p3     |  select  |      0|  0|  16|           1|          16|
    |select_ln340_10_fu_6338_p3   |  select  |      0|  0|  16|           1|          15|
    |select_ln340_11_fu_6480_p3   |  select  |      0|  0|  16|           1|          15|
    |select_ln340_12_fu_6622_p3   |  select  |      0|  0|  16|           1|          15|
    |select_ln340_13_fu_6764_p3   |  select  |      0|  0|  16|           1|          15|
    |select_ln340_14_fu_6906_p3   |  select  |      0|  0|  16|           1|          15|
    |select_ln340_15_fu_7048_p3   |  select  |      0|  0|  16|           1|          15|
    |select_ln340_16_fu_7190_p3   |  select  |      0|  0|  16|           1|          15|
    |select_ln340_17_fu_7332_p3   |  select  |      0|  0|  16|           1|          15|
    |select_ln340_18_fu_7474_p3   |  select  |      0|  0|  16|           1|          15|
    |select_ln340_19_fu_7616_p3   |  select  |      0|  0|  16|           1|          15|
    |select_ln340_1_fu_5060_p3    |  select  |      0|  0|  16|           1|          15|
    |select_ln340_20_fu_7758_p3   |  select  |      0|  0|  16|           1|          15|
    |select_ln340_21_fu_7900_p3   |  select  |      0|  0|  16|           1|          15|
    |select_ln340_22_fu_8042_p3   |  select  |      0|  0|  16|           1|          15|
    |select_ln340_23_fu_8184_p3   |  select  |      0|  0|  16|           1|          15|
    |select_ln340_24_fu_8326_p3   |  select  |      0|  0|  16|           1|          15|
    |select_ln340_25_fu_8468_p3   |  select  |      0|  0|  16|           1|          15|
    |select_ln340_26_fu_8610_p3   |  select  |      0|  0|  16|           1|          15|
    |select_ln340_27_fu_8752_p3   |  select  |      0|  0|  16|           1|          15|
    |select_ln340_28_fu_8894_p3   |  select  |      0|  0|  16|           1|          15|
    |select_ln340_29_fu_9036_p3   |  select  |      0|  0|  16|           1|          15|
    |select_ln340_2_fu_5202_p3    |  select  |      0|  0|  16|           1|          15|
    |select_ln340_30_fu_9178_p3   |  select  |      0|  0|  16|           1|          15|
    |select_ln340_31_fu_9320_p3   |  select  |      0|  0|  16|           1|          15|
    |select_ln340_352_fu_1397_p3  |  select  |      0|  0|  16|           1|          15|
    |select_ln340_353_fu_1505_p3  |  select  |      0|  0|  16|           1|          15|
    |select_ln340_354_fu_1608_p3  |  select  |      0|  0|  16|           1|          15|
    |select_ln340_355_fu_1711_p3  |  select  |      0|  0|  16|           1|          15|
    |select_ln340_356_fu_1814_p3  |  select  |      0|  0|  16|           1|          15|
    |select_ln340_357_fu_1917_p3  |  select  |      0|  0|  16|           1|          15|
    |select_ln340_358_fu_2020_p3  |  select  |      0|  0|  16|           1|          15|
    |select_ln340_359_fu_2123_p3  |  select  |      0|  0|  16|           1|          15|
    |select_ln340_360_fu_2226_p3  |  select  |      0|  0|  16|           1|          15|
    |select_ln340_361_fu_2329_p3  |  select  |      0|  0|  16|           1|          15|
    |select_ln340_362_fu_2432_p3  |  select  |      0|  0|  16|           1|          15|
    |select_ln340_363_fu_2535_p3  |  select  |      0|  0|  16|           1|          15|
    |select_ln340_364_fu_2638_p3  |  select  |      0|  0|  16|           1|          15|
    |select_ln340_365_fu_2741_p3  |  select  |      0|  0|  16|           1|          15|
    |select_ln340_366_fu_2844_p3  |  select  |      0|  0|  16|           1|          15|
    |select_ln340_367_fu_2947_p3  |  select  |      0|  0|  16|           1|          15|
    |select_ln340_368_fu_3050_p3  |  select  |      0|  0|  16|           1|          15|
    |select_ln340_369_fu_3153_p3  |  select  |      0|  0|  16|           1|          15|
    |select_ln340_370_fu_3256_p3  |  select  |      0|  0|  16|           1|          15|
    |select_ln340_371_fu_3359_p3  |  select  |      0|  0|  16|           1|          15|
    |select_ln340_372_fu_3462_p3  |  select  |      0|  0|  16|           1|          15|
    |select_ln340_373_fu_3565_p3  |  select  |      0|  0|  16|           1|          15|
    |select_ln340_374_fu_3668_p3  |  select  |      0|  0|  16|           1|          15|
    |select_ln340_375_fu_3771_p3  |  select  |      0|  0|  16|           1|          15|
    |select_ln340_376_fu_3874_p3  |  select  |      0|  0|  16|           1|          15|
    |select_ln340_377_fu_3977_p3  |  select  |      0|  0|  16|           1|          15|
    |select_ln340_378_fu_4080_p3  |  select  |      0|  0|  16|           1|          15|
    |select_ln340_379_fu_4183_p3  |  select  |      0|  0|  16|           1|          15|
    |select_ln340_380_fu_4286_p3  |  select  |      0|  0|  16|           1|          15|
    |select_ln340_381_fu_4389_p3  |  select  |      0|  0|  16|           1|          15|
    |select_ln340_382_fu_4492_p3  |  select  |      0|  0|  16|           1|          15|
    |select_ln340_383_fu_4595_p3  |  select  |      0|  0|  16|           1|          15|
    |select_ln340_3_fu_5344_p3    |  select  |      0|  0|  16|           1|          15|
    |select_ln340_4_fu_5486_p3    |  select  |      0|  0|  16|           1|          15|
    |select_ln340_5_fu_5628_p3    |  select  |      0|  0|  16|           1|          15|
    |select_ln340_6_fu_5770_p3    |  select  |      0|  0|  16|           1|          15|
    |select_ln340_705_fu_4934_p3  |  select  |      0|  0|  16|           1|          16|
    |select_ln340_706_fu_5076_p3  |  select  |      0|  0|  16|           1|          16|
    |select_ln340_707_fu_5218_p3  |  select  |      0|  0|  16|           1|          16|
    |select_ln340_708_fu_5360_p3  |  select  |      0|  0|  16|           1|          16|
    |select_ln340_709_fu_5502_p3  |  select  |      0|  0|  16|           1|          16|
    |select_ln340_710_fu_5644_p3  |  select  |      0|  0|  16|           1|          16|
    |select_ln340_711_fu_5786_p3  |  select  |      0|  0|  16|           1|          16|
    |select_ln340_712_fu_5928_p3  |  select  |      0|  0|  16|           1|          16|
    |select_ln340_713_fu_6070_p3  |  select  |      0|  0|  16|           1|          16|
    |select_ln340_714_fu_6212_p3  |  select  |      0|  0|  16|           1|          16|
    |select_ln340_715_fu_6354_p3  |  select  |      0|  0|  16|           1|          16|
    |select_ln340_716_fu_6496_p3  |  select  |      0|  0|  16|           1|          16|
    |select_ln340_717_fu_6638_p3  |  select  |      0|  0|  16|           1|          16|
    |select_ln340_718_fu_6780_p3  |  select  |      0|  0|  16|           1|          16|
    |select_ln340_719_fu_6922_p3  |  select  |      0|  0|  16|           1|          16|
    |select_ln340_720_fu_7064_p3  |  select  |      0|  0|  16|           1|          16|
    |select_ln340_721_fu_7206_p3  |  select  |      0|  0|  16|           1|          16|
    |select_ln340_722_fu_7348_p3  |  select  |      0|  0|  16|           1|          16|
    |select_ln340_723_fu_7490_p3  |  select  |      0|  0|  16|           1|          16|
    |select_ln340_724_fu_7632_p3  |  select  |      0|  0|  16|           1|          16|
    |select_ln340_725_fu_7774_p3  |  select  |      0|  0|  16|           1|          16|
    |select_ln340_726_fu_7916_p3  |  select  |      0|  0|  16|           1|          16|
    |select_ln340_727_fu_8058_p3  |  select  |      0|  0|  16|           1|          16|
    |select_ln340_728_fu_8200_p3  |  select  |      0|  0|  16|           1|          16|
    |select_ln340_729_fu_8342_p3  |  select  |      0|  0|  16|           1|          16|
    |select_ln340_730_fu_8484_p3  |  select  |      0|  0|  16|           1|          16|
    |select_ln340_731_fu_8626_p3  |  select  |      0|  0|  16|           1|          16|
    |select_ln340_732_fu_8768_p3  |  select  |      0|  0|  16|           1|          16|
    |select_ln340_733_fu_8910_p3  |  select  |      0|  0|  16|           1|          16|
    |select_ln340_734_fu_9052_p3  |  select  |      0|  0|  16|           1|          16|
    |select_ln340_735_fu_9194_p3  |  select  |      0|  0|  16|           1|          16|
    |select_ln340_736_fu_9336_p3  |  select  |      0|  0|  16|           1|          16|
    |select_ln340_7_fu_5912_p3    |  select  |      0|  0|  16|           1|          15|
    |select_ln340_8_fu_6054_p3    |  select  |      0|  0|  16|           1|          15|
    |select_ln340_9_fu_6196_p3    |  select  |      0|  0|  16|           1|          15|
    |select_ln340_fu_4918_p3      |  select  |      0|  0|  16|           1|          15|
    |select_ln388_10_fu_6346_p3   |  select  |      0|  0|  17|           1|          17|
    |select_ln388_11_fu_6488_p3   |  select  |      0|  0|  17|           1|          17|
    |select_ln388_12_fu_6630_p3   |  select  |      0|  0|  17|           1|          17|
    |select_ln388_13_fu_6772_p3   |  select  |      0|  0|  17|           1|          17|
    |select_ln388_14_fu_6914_p3   |  select  |      0|  0|  17|           1|          17|
    |select_ln388_15_fu_7056_p3   |  select  |      0|  0|  17|           1|          17|
    |select_ln388_16_fu_7198_p3   |  select  |      0|  0|  17|           1|          17|
    |select_ln388_17_fu_7340_p3   |  select  |      0|  0|  17|           1|          17|
    |select_ln388_18_fu_7482_p3   |  select  |      0|  0|  17|           1|          17|
    |select_ln388_19_fu_7624_p3   |  select  |      0|  0|  17|           1|          17|
    |select_ln388_1_fu_5068_p3    |  select  |      0|  0|  17|           1|          17|
    |select_ln388_20_fu_7766_p3   |  select  |      0|  0|  17|           1|          17|
    |select_ln388_21_fu_7908_p3   |  select  |      0|  0|  17|           1|          17|
    |select_ln388_22_fu_8050_p3   |  select  |      0|  0|  17|           1|          17|
    |select_ln388_23_fu_8192_p3   |  select  |      0|  0|  17|           1|          17|
    |select_ln388_24_fu_8334_p3   |  select  |      0|  0|  17|           1|          17|
    |select_ln388_25_fu_8476_p3   |  select  |      0|  0|  17|           1|          17|
    |select_ln388_26_fu_8618_p3   |  select  |      0|  0|  17|           1|          17|
    |select_ln388_27_fu_8760_p3   |  select  |      0|  0|  17|           1|          17|
    |select_ln388_28_fu_8902_p3   |  select  |      0|  0|  17|           1|          17|
    |select_ln388_29_fu_9044_p3   |  select  |      0|  0|  17|           1|          17|
    |select_ln388_2_fu_5210_p3    |  select  |      0|  0|  17|           1|          17|
    |select_ln388_30_fu_9186_p3   |  select  |      0|  0|  17|           1|          17|
    |select_ln388_31_fu_9328_p3   |  select  |      0|  0|  17|           1|          17|
    |select_ln388_3_fu_5352_p3    |  select  |      0|  0|  17|           1|          17|
    |select_ln388_4_fu_5494_p3    |  select  |      0|  0|  17|           1|          17|
    |select_ln388_5_fu_5636_p3    |  select  |      0|  0|  17|           1|          17|
    |select_ln388_6_fu_5778_p3    |  select  |      0|  0|  17|           1|          17|
    |select_ln388_7_fu_5920_p3    |  select  |      0|  0|  17|           1|          17|
    |select_ln388_8_fu_6062_p3    |  select  |      0|  0|  17|           1|          17|
    |select_ln388_9_fu_6204_p3    |  select  |      0|  0|  17|           1|          17|
    |select_ln388_fu_4926_p3      |  select  |      0|  0|  17|           1|          17|
    |select_ln501_1_fu_1242_p3    |  select  |      0|  0|   2|           1|           2|
    |select_ln501_fu_1234_p3      |  select  |      0|  0|   2|           1|           1|
    |select_ln505_1_fu_1178_p3    |  select  |      0|  0|   3|           1|           3|
    |select_ln505_fu_1170_p3      |  select  |      0|  0|   6|           1|           6|
    |tmp_0_V_21_fu_1405_p3        |  select  |      0|  0|  17|           1|          17|
    |tmp_0_V_22_fu_1413_p3        |  select  |      0|  0|  16|           1|          16|
    |tmp_0_V_23_fu_1431_p3        |  select  |      0|  0|  16|           1|          16|
    |tmp_10_V_21_fu_2440_p3       |  select  |      0|  0|  17|           1|          17|
    |tmp_10_V_22_fu_2448_p3       |  select  |      0|  0|  16|           1|          16|
    |tmp_10_V_23_fu_2461_p3       |  select  |      0|  0|  16|           1|          16|
    |tmp_11_V_21_fu_2543_p3       |  select  |      0|  0|  17|           1|          17|
    |tmp_11_V_22_fu_2551_p3       |  select  |      0|  0|  16|           1|          16|
    |tmp_11_V_23_fu_2564_p3       |  select  |      0|  0|  16|           1|          16|
    |tmp_12_V_21_fu_2646_p3       |  select  |      0|  0|  17|           1|          17|
    |tmp_12_V_22_fu_2654_p3       |  select  |      0|  0|  16|           1|          16|
    |tmp_12_V_23_fu_2667_p3       |  select  |      0|  0|  16|           1|          16|
    |tmp_13_V_21_fu_2749_p3       |  select  |      0|  0|  17|           1|          17|
    |tmp_13_V_22_fu_2757_p3       |  select  |      0|  0|  16|           1|          16|
    |tmp_13_V_23_fu_2770_p3       |  select  |      0|  0|  16|           1|          16|
    |tmp_14_V_21_fu_2852_p3       |  select  |      0|  0|  17|           1|          17|
    |tmp_14_V_22_fu_2860_p3       |  select  |      0|  0|  16|           1|          16|
    |tmp_14_V_23_fu_2873_p3       |  select  |      0|  0|  16|           1|          16|
    |tmp_15_V_21_fu_2955_p3       |  select  |      0|  0|  17|           1|          17|
    |tmp_15_V_22_fu_2963_p3       |  select  |      0|  0|  16|           1|          16|
    |tmp_15_V_23_fu_2976_p3       |  select  |      0|  0|  16|           1|          16|
    |tmp_16_V_7_fu_3058_p3        |  select  |      0|  0|  17|           1|          17|
    |tmp_16_V_8_fu_3066_p3        |  select  |      0|  0|  16|           1|          16|
    |tmp_16_V_9_fu_3079_p3        |  select  |      0|  0|  16|           1|          16|
    |tmp_17_V_7_fu_3161_p3        |  select  |      0|  0|  17|           1|          17|
    |tmp_17_V_8_fu_3169_p3        |  select  |      0|  0|  16|           1|          16|
    |tmp_17_V_9_fu_3182_p3        |  select  |      0|  0|  16|           1|          16|
    |tmp_18_V_7_fu_3264_p3        |  select  |      0|  0|  17|           1|          17|
    |tmp_18_V_8_fu_3272_p3        |  select  |      0|  0|  16|           1|          16|
    |tmp_18_V_9_fu_3285_p3        |  select  |      0|  0|  16|           1|          16|
    |tmp_19_V_7_fu_3367_p3        |  select  |      0|  0|  17|           1|          17|
    |tmp_19_V_8_fu_3375_p3        |  select  |      0|  0|  16|           1|          16|
    |tmp_19_V_9_fu_3388_p3        |  select  |      0|  0|  16|           1|          16|
    |tmp_1_V_21_fu_1513_p3        |  select  |      0|  0|  17|           1|          17|
    |tmp_1_V_22_fu_1521_p3        |  select  |      0|  0|  16|           1|          16|
    |tmp_1_V_23_fu_1534_p3        |  select  |      0|  0|  16|           1|          16|
    |tmp_20_V_7_fu_3470_p3        |  select  |      0|  0|  17|           1|          17|
    |tmp_20_V_8_fu_3478_p3        |  select  |      0|  0|  16|           1|          16|
    |tmp_20_V_9_fu_3491_p3        |  select  |      0|  0|  16|           1|          16|
    |tmp_21_V_7_fu_3573_p3        |  select  |      0|  0|  17|           1|          17|
    |tmp_21_V_8_fu_3581_p3        |  select  |      0|  0|  16|           1|          16|
    |tmp_21_V_9_fu_3594_p3        |  select  |      0|  0|  16|           1|          16|
    |tmp_22_V_7_fu_3676_p3        |  select  |      0|  0|  17|           1|          17|
    |tmp_22_V_8_fu_3684_p3        |  select  |      0|  0|  16|           1|          16|
    |tmp_22_V_9_fu_3697_p3        |  select  |      0|  0|  16|           1|          16|
    |tmp_23_V_7_fu_3779_p3        |  select  |      0|  0|  17|           1|          17|
    |tmp_23_V_8_fu_3787_p3        |  select  |      0|  0|  16|           1|          16|
    |tmp_23_V_9_fu_3800_p3        |  select  |      0|  0|  16|           1|          16|
    |tmp_24_V_7_fu_3882_p3        |  select  |      0|  0|  17|           1|          17|
    |tmp_24_V_8_fu_3890_p3        |  select  |      0|  0|  16|           1|          16|
    |tmp_24_V_9_fu_3903_p3        |  select  |      0|  0|  16|           1|          16|
    |tmp_25_V_7_fu_3985_p3        |  select  |      0|  0|  17|           1|          17|
    |tmp_25_V_8_fu_3993_p3        |  select  |      0|  0|  16|           1|          16|
    |tmp_25_V_9_fu_4006_p3        |  select  |      0|  0|  16|           1|          16|
    |tmp_26_V_7_fu_4088_p3        |  select  |      0|  0|  17|           1|          17|
    |tmp_26_V_8_fu_4096_p3        |  select  |      0|  0|  16|           1|          16|
    |tmp_26_V_9_fu_4109_p3        |  select  |      0|  0|  16|           1|          16|
    |tmp_27_V_7_fu_4191_p3        |  select  |      0|  0|  17|           1|          17|
    |tmp_27_V_8_fu_4199_p3        |  select  |      0|  0|  16|           1|          16|
    |tmp_27_V_9_fu_4212_p3        |  select  |      0|  0|  16|           1|          16|
    |tmp_28_V_7_fu_4294_p3        |  select  |      0|  0|  17|           1|          17|
    |tmp_28_V_8_fu_4302_p3        |  select  |      0|  0|  16|           1|          16|
    |tmp_28_V_9_fu_4315_p3        |  select  |      0|  0|  16|           1|          16|
    |tmp_29_V_7_fu_4397_p3        |  select  |      0|  0|  17|           1|          17|
    |tmp_29_V_8_fu_4405_p3        |  select  |      0|  0|  16|           1|          16|
    |tmp_29_V_9_fu_4418_p3        |  select  |      0|  0|  16|           1|          16|
    |tmp_2_V_21_fu_1616_p3        |  select  |      0|  0|  17|           1|          17|
    |tmp_2_V_22_fu_1624_p3        |  select  |      0|  0|  16|           1|          16|
    |tmp_2_V_23_fu_1637_p3        |  select  |      0|  0|  16|           1|          16|
    |tmp_30_V_7_fu_4500_p3        |  select  |      0|  0|  17|           1|          17|
    |tmp_30_V_8_fu_4508_p3        |  select  |      0|  0|  16|           1|          16|
    |tmp_30_V_9_fu_4521_p3        |  select  |      0|  0|  16|           1|          16|
    |tmp_31_V_7_fu_4603_p3        |  select  |      0|  0|  17|           1|          17|
    |tmp_31_V_8_fu_4611_p3        |  select  |      0|  0|  16|           1|          16|
    |tmp_31_V_9_fu_4624_p3        |  select  |      0|  0|  16|           1|          16|
    |tmp_3_V_21_fu_1719_p3        |  select  |      0|  0|  17|           1|          17|
    |tmp_3_V_22_fu_1727_p3        |  select  |      0|  0|  16|           1|          16|
    |tmp_3_V_23_fu_1740_p3        |  select  |      0|  0|  16|           1|          16|
    |tmp_4_V_21_fu_1822_p3        |  select  |      0|  0|  17|           1|          17|
    |tmp_4_V_22_fu_1830_p3        |  select  |      0|  0|  16|           1|          16|
    |tmp_4_V_23_fu_1843_p3        |  select  |      0|  0|  16|           1|          16|
    |tmp_5_V_21_fu_1925_p3        |  select  |      0|  0|  17|           1|          17|
    |tmp_5_V_22_fu_1933_p3        |  select  |      0|  0|  16|           1|          16|
    |tmp_5_V_23_fu_1946_p3        |  select  |      0|  0|  16|           1|          16|
    |tmp_6_V_21_fu_2028_p3        |  select  |      0|  0|  17|           1|          17|
    |tmp_6_V_22_fu_2036_p3        |  select  |      0|  0|  16|           1|          16|
    |tmp_6_V_23_fu_2049_p3        |  select  |      0|  0|  16|           1|          16|
    |tmp_7_V_21_fu_2131_p3        |  select  |      0|  0|  17|           1|          17|
    |tmp_7_V_22_fu_2139_p3        |  select  |      0|  0|  16|           1|          16|
    |tmp_7_V_23_fu_2152_p3        |  select  |      0|  0|  16|           1|          16|
    |tmp_8_V_21_fu_2234_p3        |  select  |      0|  0|  17|           1|          17|
    |tmp_8_V_22_fu_2242_p3        |  select  |      0|  0|  16|           1|          16|
    |tmp_8_V_23_fu_2255_p3        |  select  |      0|  0|  16|           1|          16|
    |tmp_9_V_21_fu_2337_p3        |  select  |      0|  0|  17|           1|          17|
    |tmp_9_V_22_fu_2345_p3        |  select  |      0|  0|  16|           1|          16|
    |tmp_9_V_23_fu_2358_p3        |  select  |      0|  0|  16|           1|          16|
    |ap_enable_pp0                |    xor   |      0|  0|   2|           1|           2|
    |ap_enable_reg_pp0_iter1      |    xor   |      0|  0|   2|           2|           1|
    |xor_ln340_160_fu_5048_p2     |    xor   |      0|  0|   2|           1|           1|
    |xor_ln340_161_fu_5190_p2     |    xor   |      0|  0|   2|           1|           1|
    |xor_ln340_162_fu_5332_p2     |    xor   |      0|  0|   2|           1|           1|
    |xor_ln340_163_fu_5474_p2     |    xor   |      0|  0|   2|           1|           1|
    |xor_ln340_164_fu_5616_p2     |    xor   |      0|  0|   2|           1|           1|
    |xor_ln340_165_fu_5758_p2     |    xor   |      0|  0|   2|           1|           1|
    |xor_ln340_166_fu_5900_p2     |    xor   |      0|  0|   2|           1|           1|
    |xor_ln340_167_fu_6042_p2     |    xor   |      0|  0|   2|           1|           1|
    |xor_ln340_168_fu_6184_p2     |    xor   |      0|  0|   2|           1|           1|
    |xor_ln340_169_fu_6326_p2     |    xor   |      0|  0|   2|           1|           1|
    |xor_ln340_170_fu_6468_p2     |    xor   |      0|  0|   2|           1|           1|
    |xor_ln340_171_fu_6610_p2     |    xor   |      0|  0|   2|           1|           1|
    |xor_ln340_172_fu_6752_p2     |    xor   |      0|  0|   2|           1|           1|
    |xor_ln340_173_fu_6894_p2     |    xor   |      0|  0|   2|           1|           1|
    |xor_ln340_174_fu_7036_p2     |    xor   |      0|  0|   2|           1|           1|
    |xor_ln340_175_fu_7178_p2     |    xor   |      0|  0|   2|           1|           1|
    |xor_ln340_176_fu_7320_p2     |    xor   |      0|  0|   2|           1|           1|
    |xor_ln340_177_fu_7462_p2     |    xor   |      0|  0|   2|           1|           1|
    |xor_ln340_178_fu_7604_p2     |    xor   |      0|  0|   2|           1|           1|
    |xor_ln340_179_fu_7746_p2     |    xor   |      0|  0|   2|           1|           1|
    |xor_ln340_180_fu_7888_p2     |    xor   |      0|  0|   2|           1|           1|
    |xor_ln340_181_fu_8030_p2     |    xor   |      0|  0|   2|           1|           1|
    |xor_ln340_182_fu_8172_p2     |    xor   |      0|  0|   2|           1|           1|
    |xor_ln340_183_fu_8314_p2     |    xor   |      0|  0|   2|           1|           1|
    |xor_ln340_184_fu_8456_p2     |    xor   |      0|  0|   2|           1|           1|
    |xor_ln340_185_fu_8598_p2     |    xor   |      0|  0|   2|           1|           1|
    |xor_ln340_186_fu_8740_p2     |    xor   |      0|  0|   2|           1|           1|
    |xor_ln340_187_fu_8882_p2     |    xor   |      0|  0|   2|           1|           1|
    |xor_ln340_188_fu_9024_p2     |    xor   |      0|  0|   2|           1|           1|
    |xor_ln340_189_fu_9166_p2     |    xor   |      0|  0|   2|           1|           1|
    |xor_ln340_190_fu_9308_p2     |    xor   |      0|  0|   2|           1|           1|
    |xor_ln340_191_fu_1379_p2     |    xor   |      0|  0|   2|           1|           1|
    |xor_ln340_192_fu_1385_p2     |    xor   |      0|  0|   2|           1|           2|
    |xor_ln340_193_fu_1487_p2     |    xor   |      0|  0|   2|           1|           1|
    |xor_ln340_194_fu_1493_p2     |    xor   |      0|  0|   2|           1|           2|
    |xor_ln340_195_fu_1590_p2     |    xor   |      0|  0|   2|           1|           1|
    |xor_ln340_196_fu_1596_p2     |    xor   |      0|  0|   2|           1|           2|
    |xor_ln340_197_fu_1693_p2     |    xor   |      0|  0|   2|           1|           1|
    |xor_ln340_198_fu_1699_p2     |    xor   |      0|  0|   2|           1|           2|
    |xor_ln340_199_fu_1796_p2     |    xor   |      0|  0|   2|           1|           1|
    |xor_ln340_200_fu_1802_p2     |    xor   |      0|  0|   2|           1|           2|
    |xor_ln340_201_fu_1899_p2     |    xor   |      0|  0|   2|           1|           1|
    |xor_ln340_202_fu_1905_p2     |    xor   |      0|  0|   2|           1|           2|
    |xor_ln340_203_fu_2002_p2     |    xor   |      0|  0|   2|           1|           1|
    |xor_ln340_204_fu_2008_p2     |    xor   |      0|  0|   2|           1|           2|
    |xor_ln340_205_fu_2105_p2     |    xor   |      0|  0|   2|           1|           1|
    |xor_ln340_206_fu_2111_p2     |    xor   |      0|  0|   2|           1|           2|
    |xor_ln340_207_fu_2208_p2     |    xor   |      0|  0|   2|           1|           1|
    |xor_ln340_208_fu_2214_p2     |    xor   |      0|  0|   2|           1|           2|
    |xor_ln340_209_fu_2311_p2     |    xor   |      0|  0|   2|           1|           1|
    |xor_ln340_210_fu_2317_p2     |    xor   |      0|  0|   2|           1|           2|
    |xor_ln340_211_fu_2414_p2     |    xor   |      0|  0|   2|           1|           1|
    |xor_ln340_212_fu_2420_p2     |    xor   |      0|  0|   2|           1|           2|
    |xor_ln340_213_fu_2517_p2     |    xor   |      0|  0|   2|           1|           1|
    |xor_ln340_214_fu_2523_p2     |    xor   |      0|  0|   2|           1|           2|
    |xor_ln340_215_fu_2620_p2     |    xor   |      0|  0|   2|           1|           1|
    |xor_ln340_216_fu_2626_p2     |    xor   |      0|  0|   2|           1|           2|
    |xor_ln340_217_fu_2723_p2     |    xor   |      0|  0|   2|           1|           1|
    |xor_ln340_218_fu_2729_p2     |    xor   |      0|  0|   2|           1|           2|
    |xor_ln340_219_fu_2826_p2     |    xor   |      0|  0|   2|           1|           1|
    |xor_ln340_220_fu_2832_p2     |    xor   |      0|  0|   2|           1|           2|
    |xor_ln340_221_fu_2929_p2     |    xor   |      0|  0|   2|           1|           1|
    |xor_ln340_222_fu_2935_p2     |    xor   |      0|  0|   2|           1|           2|
    |xor_ln340_223_fu_3032_p2     |    xor   |      0|  0|   2|           1|           1|
    |xor_ln340_224_fu_3038_p2     |    xor   |      0|  0|   2|           1|           2|
    |xor_ln340_225_fu_3135_p2     |    xor   |      0|  0|   2|           1|           1|
    |xor_ln340_226_fu_3141_p2     |    xor   |      0|  0|   2|           1|           2|
    |xor_ln340_227_fu_3238_p2     |    xor   |      0|  0|   2|           1|           1|
    |xor_ln340_228_fu_3244_p2     |    xor   |      0|  0|   2|           1|           2|
    |xor_ln340_229_fu_3341_p2     |    xor   |      0|  0|   2|           1|           1|
    |xor_ln340_230_fu_3347_p2     |    xor   |      0|  0|   2|           1|           2|
    |xor_ln340_231_fu_3444_p2     |    xor   |      0|  0|   2|           1|           1|
    |xor_ln340_232_fu_3450_p2     |    xor   |      0|  0|   2|           1|           2|
    |xor_ln340_233_fu_3547_p2     |    xor   |      0|  0|   2|           1|           1|
    |xor_ln340_234_fu_3553_p2     |    xor   |      0|  0|   2|           1|           2|
    |xor_ln340_235_fu_3650_p2     |    xor   |      0|  0|   2|           1|           1|
    |xor_ln340_236_fu_3656_p2     |    xor   |      0|  0|   2|           1|           2|
    |xor_ln340_237_fu_3753_p2     |    xor   |      0|  0|   2|           1|           1|
    |xor_ln340_238_fu_3759_p2     |    xor   |      0|  0|   2|           1|           2|
    |xor_ln340_239_fu_3856_p2     |    xor   |      0|  0|   2|           1|           1|
    |xor_ln340_240_fu_3862_p2     |    xor   |      0|  0|   2|           1|           2|
    |xor_ln340_241_fu_3959_p2     |    xor   |      0|  0|   2|           1|           1|
    |xor_ln340_242_fu_3965_p2     |    xor   |      0|  0|   2|           1|           2|
    |xor_ln340_243_fu_4062_p2     |    xor   |      0|  0|   2|           1|           1|
    |xor_ln340_244_fu_4068_p2     |    xor   |      0|  0|   2|           1|           2|
    |xor_ln340_245_fu_4165_p2     |    xor   |      0|  0|   2|           1|           1|
    |xor_ln340_246_fu_4171_p2     |    xor   |      0|  0|   2|           1|           2|
    |xor_ln340_247_fu_4268_p2     |    xor   |      0|  0|   2|           1|           1|
    |xor_ln340_248_fu_4274_p2     |    xor   |      0|  0|   2|           1|           2|
    |xor_ln340_249_fu_4371_p2     |    xor   |      0|  0|   2|           1|           1|
    |xor_ln340_250_fu_4377_p2     |    xor   |      0|  0|   2|           1|           2|
    |xor_ln340_251_fu_4474_p2     |    xor   |      0|  0|   2|           1|           1|
    |xor_ln340_252_fu_4480_p2     |    xor   |      0|  0|   2|           1|           2|
    |xor_ln340_253_fu_4577_p2     |    xor   |      0|  0|   2|           1|           1|
    |xor_ln340_254_fu_4583_p2     |    xor   |      0|  0|   2|           1|           2|
    |xor_ln340_fu_4906_p2         |    xor   |      0|  0|   2|           1|           1|
    |xor_ln505_fu_1420_p2         |    xor   |      0|  0|   2|           1|           2|
    |xor_ln785_10_fu_6308_p2      |    xor   |      0|  0|   2|           1|           2|
    |xor_ln785_11_fu_6450_p2      |    xor   |      0|  0|   2|           1|           2|
    |xor_ln785_12_fu_6592_p2      |    xor   |      0|  0|   2|           1|           2|
    |xor_ln785_13_fu_6734_p2      |    xor   |      0|  0|   2|           1|           2|
    |xor_ln785_14_fu_6876_p2      |    xor   |      0|  0|   2|           1|           2|
    |xor_ln785_15_fu_7018_p2      |    xor   |      0|  0|   2|           1|           2|
    |xor_ln785_16_fu_7160_p2      |    xor   |      0|  0|   2|           1|           2|
    |xor_ln785_17_fu_7302_p2      |    xor   |      0|  0|   2|           1|           2|
    |xor_ln785_18_fu_7444_p2      |    xor   |      0|  0|   2|           1|           2|
    |xor_ln785_19_fu_7586_p2      |    xor   |      0|  0|   2|           1|           2|
    |xor_ln785_1_fu_5030_p2       |    xor   |      0|  0|   2|           1|           2|
    |xor_ln785_20_fu_7728_p2      |    xor   |      0|  0|   2|           1|           2|
    |xor_ln785_21_fu_7870_p2      |    xor   |      0|  0|   2|           1|           2|
    |xor_ln785_22_fu_8012_p2      |    xor   |      0|  0|   2|           1|           2|
    |xor_ln785_23_fu_8154_p2      |    xor   |      0|  0|   2|           1|           2|
    |xor_ln785_24_fu_8296_p2      |    xor   |      0|  0|   2|           1|           2|
    |xor_ln785_25_fu_8438_p2      |    xor   |      0|  0|   2|           1|           2|
    |xor_ln785_26_fu_8580_p2      |    xor   |      0|  0|   2|           1|           2|
    |xor_ln785_27_fu_8722_p2      |    xor   |      0|  0|   2|           1|           2|
    |xor_ln785_28_fu_8864_p2      |    xor   |      0|  0|   2|           1|           2|
    |xor_ln785_29_fu_9006_p2      |    xor   |      0|  0|   2|           1|           2|
    |xor_ln785_2_fu_5172_p2       |    xor   |      0|  0|   2|           1|           2|
    |xor_ln785_30_fu_9148_p2      |    xor   |      0|  0|   2|           1|           2|
    |xor_ln785_31_fu_9290_p2      |    xor   |      0|  0|   2|           1|           2|
    |xor_ln785_3_fu_5314_p2       |    xor   |      0|  0|   2|           1|           2|
    |xor_ln785_4_fu_5456_p2       |    xor   |      0|  0|   2|           1|           2|
    |xor_ln785_5_fu_5598_p2       |    xor   |      0|  0|   2|           1|           2|
    |xor_ln785_6_fu_5740_p2       |    xor   |      0|  0|   2|           1|           2|
    |xor_ln785_7_fu_5882_p2       |    xor   |      0|  0|   2|           1|           2|
    |xor_ln785_8_fu_6024_p2       |    xor   |      0|  0|   2|           1|           2|
    |xor_ln785_9_fu_6166_p2       |    xor   |      0|  0|   2|           1|           2|
    |xor_ln785_fu_4888_p2         |    xor   |      0|  0|   2|           1|           2|
    |xor_ln786_361_fu_1367_p2     |    xor   |      0|  0|   2|           1|           2|
    |xor_ln786_362_fu_1475_p2     |    xor   |      0|  0|   2|           1|           2|
    |xor_ln786_363_fu_1578_p2     |    xor   |      0|  0|   2|           1|           2|
    |xor_ln786_364_fu_1681_p2     |    xor   |      0|  0|   2|           1|           2|
    |xor_ln786_365_fu_1784_p2     |    xor   |      0|  0|   2|           1|           2|
    |xor_ln786_366_fu_1887_p2     |    xor   |      0|  0|   2|           1|           2|
    |xor_ln786_367_fu_1990_p2     |    xor   |      0|  0|   2|           1|           2|
    |xor_ln786_368_fu_2093_p2     |    xor   |      0|  0|   2|           1|           2|
    |xor_ln786_369_fu_2196_p2     |    xor   |      0|  0|   2|           1|           2|
    |xor_ln786_370_fu_2299_p2     |    xor   |      0|  0|   2|           1|           2|
    |xor_ln786_371_fu_2402_p2     |    xor   |      0|  0|   2|           1|           2|
    |xor_ln786_372_fu_2505_p2     |    xor   |      0|  0|   2|           1|           2|
    |xor_ln786_373_fu_2608_p2     |    xor   |      0|  0|   2|           1|           2|
    |xor_ln786_374_fu_2711_p2     |    xor   |      0|  0|   2|           1|           2|
    |xor_ln786_375_fu_2814_p2     |    xor   |      0|  0|   2|           1|           2|
    |xor_ln786_376_fu_2917_p2     |    xor   |      0|  0|   2|           1|           2|
    |xor_ln786_377_fu_3020_p2     |    xor   |      0|  0|   2|           1|           2|
    |xor_ln786_378_fu_3123_p2     |    xor   |      0|  0|   2|           1|           2|
    |xor_ln786_379_fu_3226_p2     |    xor   |      0|  0|   2|           1|           2|
    |xor_ln786_380_fu_3329_p2     |    xor   |      0|  0|   2|           1|           2|
    |xor_ln786_381_fu_3432_p2     |    xor   |      0|  0|   2|           1|           2|
    |xor_ln786_382_fu_3535_p2     |    xor   |      0|  0|   2|           1|           2|
    |xor_ln786_383_fu_3638_p2     |    xor   |      0|  0|   2|           1|           2|
    |xor_ln786_384_fu_3741_p2     |    xor   |      0|  0|   2|           1|           2|
    |xor_ln786_385_fu_3844_p2     |    xor   |      0|  0|   2|           1|           2|
    |xor_ln786_386_fu_3947_p2     |    xor   |      0|  0|   2|           1|           2|
    |xor_ln786_387_fu_4050_p2     |    xor   |      0|  0|   2|           1|           2|
    |xor_ln786_388_fu_4153_p2     |    xor   |      0|  0|   2|           1|           2|
    |xor_ln786_389_fu_4256_p2     |    xor   |      0|  0|   2|           1|           2|
    |xor_ln786_390_fu_4359_p2     |    xor   |      0|  0|   2|           1|           2|
    |xor_ln786_391_fu_4462_p2     |    xor   |      0|  0|   2|           1|           2|
    |xor_ln786_392_fu_4565_p2     |    xor   |      0|  0|   2|           1|           2|
    |xor_ln786_393_fu_5036_p2     |    xor   |      0|  0|   2|           1|           2|
    |xor_ln786_394_fu_5178_p2     |    xor   |      0|  0|   2|           1|           2|
    |xor_ln786_395_fu_5320_p2     |    xor   |      0|  0|   2|           1|           2|
    |xor_ln786_396_fu_5462_p2     |    xor   |      0|  0|   2|           1|           2|
    |xor_ln786_397_fu_5604_p2     |    xor   |      0|  0|   2|           1|           2|
    |xor_ln786_398_fu_5746_p2     |    xor   |      0|  0|   2|           1|           2|
    |xor_ln786_399_fu_5888_p2     |    xor   |      0|  0|   2|           1|           2|
    |xor_ln786_400_fu_6030_p2     |    xor   |      0|  0|   2|           1|           2|
    |xor_ln786_401_fu_6172_p2     |    xor   |      0|  0|   2|           1|           2|
    |xor_ln786_402_fu_6314_p2     |    xor   |      0|  0|   2|           1|           2|
    |xor_ln786_403_fu_6456_p2     |    xor   |      0|  0|   2|           1|           2|
    |xor_ln786_404_fu_6598_p2     |    xor   |      0|  0|   2|           1|           2|
    |xor_ln786_405_fu_6740_p2     |    xor   |      0|  0|   2|           1|           2|
    |xor_ln786_406_fu_6882_p2     |    xor   |      0|  0|   2|           1|           2|
    |xor_ln786_407_fu_7024_p2     |    xor   |      0|  0|   2|           1|           2|
    |xor_ln786_408_fu_7166_p2     |    xor   |      0|  0|   2|           1|           2|
    |xor_ln786_409_fu_7308_p2     |    xor   |      0|  0|   2|           1|           2|
    |xor_ln786_410_fu_7450_p2     |    xor   |      0|  0|   2|           1|           2|
    |xor_ln786_411_fu_7592_p2     |    xor   |      0|  0|   2|           1|           2|
    |xor_ln786_412_fu_7734_p2     |    xor   |      0|  0|   2|           1|           2|
    |xor_ln786_413_fu_7876_p2     |    xor   |      0|  0|   2|           1|           2|
    |xor_ln786_414_fu_8018_p2     |    xor   |      0|  0|   2|           1|           2|
    |xor_ln786_415_fu_8160_p2     |    xor   |      0|  0|   2|           1|           2|
    |xor_ln786_416_fu_8302_p2     |    xor   |      0|  0|   2|           1|           2|
    |xor_ln786_417_fu_8444_p2     |    xor   |      0|  0|   2|           1|           2|
    |xor_ln786_418_fu_8586_p2     |    xor   |      0|  0|   2|           1|           2|
    |xor_ln786_419_fu_8728_p2     |    xor   |      0|  0|   2|           1|           2|
    |xor_ln786_420_fu_8870_p2     |    xor   |      0|  0|   2|           1|           2|
    |xor_ln786_421_fu_9012_p2     |    xor   |      0|  0|   2|           1|           2|
    |xor_ln786_422_fu_9154_p2     |    xor   |      0|  0|   2|           1|           2|
    |xor_ln786_423_fu_9296_p2     |    xor   |      0|  0|   2|           1|           2|
    |xor_ln786_fu_4894_p2         |    xor   |      0|  0|   2|           1|           2|
    +-----------------------------+----------+-------+---+----+------------+------------+
    |Total                        |          |      0|  0|8316|        1808|        6986|
    +-----------------------------+----------+-------+---+----+------------+------------+

    * Multiplexer: 
    +--------------------------------+----+-----------+-----+-----------+
    |              Name              | LUT| Input Size| Bits| Total Bits|
    +--------------------------------+----+-----------+-----+-----------+
    |ap_NS_fsm                       |  33|          6|    1|          6|
    |ap_enable_reg_pp0_iter1         |   9|          2|    1|          2|
    |ap_enable_reg_pp0_iter3         |   9|          2|    1|          2|
    |ap_phi_mux_ii_0_phi_fu_1016_p4  |   9|          2|    2|          4|
    |col_0_reg_990                   |   9|          2|    6|         12|
    |ii_0_reg_1012                   |   9|          2|    2|          4|
    |indvar_flatten6_reg_968         |   9|          2|    8|         16|
    |indvar_flatten_reg_1001         |   9|          2|    3|          6|
    |jj_0_reg_1023                   |   9|          2|    2|          4|
    |out_buf_sc_V_0_address0         |  15|          3|   10|         30|
    |out_buf_sc_V_10_address0        |  15|          3|   10|         30|
    |out_buf_sc_V_11_address0        |  15|          3|   10|         30|
    |out_buf_sc_V_12_address0        |  15|          3|   10|         30|
    |out_buf_sc_V_13_address0        |  15|          3|   10|         30|
    |out_buf_sc_V_14_address0        |  15|          3|   10|         30|
    |out_buf_sc_V_15_address0        |  15|          3|   10|         30|
    |out_buf_sc_V_16_address0        |  15|          3|   10|         30|
    |out_buf_sc_V_17_address0        |  15|          3|   10|         30|
    |out_buf_sc_V_18_address0        |  15|          3|   10|         30|
    |out_buf_sc_V_19_address0        |  15|          3|   10|         30|
    |out_buf_sc_V_1_address0         |  15|          3|   10|         30|
    |out_buf_sc_V_20_address0        |  15|          3|   10|         30|
    |out_buf_sc_V_21_address0        |  15|          3|   10|         30|
    |out_buf_sc_V_22_address0        |  15|          3|   10|         30|
    |out_buf_sc_V_23_address0        |  15|          3|   10|         30|
    |out_buf_sc_V_24_address0        |  15|          3|   10|         30|
    |out_buf_sc_V_25_address0        |  15|          3|   10|         30|
    |out_buf_sc_V_26_address0        |  15|          3|   10|         30|
    |out_buf_sc_V_27_address0        |  15|          3|   10|         30|
    |out_buf_sc_V_28_address0        |  15|          3|   10|         30|
    |out_buf_sc_V_29_address0        |  15|          3|   10|         30|
    |out_buf_sc_V_2_address0         |  15|          3|   10|         30|
    |out_buf_sc_V_30_address0        |  15|          3|   10|         30|
    |out_buf_sc_V_31_address0        |  15|          3|   10|         30|
    |out_buf_sc_V_3_address0         |  15|          3|   10|         30|
    |out_buf_sc_V_4_address0         |  15|          3|   10|         30|
    |out_buf_sc_V_5_address0         |  15|          3|   10|         30|
    |out_buf_sc_V_6_address0         |  15|          3|   10|         30|
    |out_buf_sc_V_7_address0         |  15|          3|   10|         30|
    |out_buf_sc_V_8_address0         |  15|          3|   10|         30|
    |out_buf_sc_V_9_address0         |  15|          3|   10|         30|
    |row_0_reg_979                   |   9|          2|    3|          6|
    +--------------------------------+----+-----------+-----+-----------+
    |Total                           | 594|        120|  349|       1022|
    +--------------------------------+----+-----------+-----+-----------+

    * Register: 
    +----------------------------+----+----+-----+-----------+
    |            Name            | FF | LUT| Bits| Const Bits|
    +----------------------------+----+----+-----+-----------+
    |add_ln203_2_reg_9695        |  10|   0|   10|          0|
    |add_ln203_reg_9860          |  10|   0|   10|          0|
    |add_ln497_reg_9598          |   8|   0|    8|          0|
    |add_ln501_reg_9648          |   3|   0|    3|          0|
    |ap_CS_fsm                   |   5|   0|    5|          0|
    |ap_enable_reg_pp0_iter0     |   1|   0|    1|          0|
    |ap_enable_reg_pp0_iter1     |   1|   0|    1|          0|
    |ap_enable_reg_pp0_iter2     |   1|   0|    1|          0|
    |ap_enable_reg_pp0_iter3     |   1|   0|    1|          0|
    |col_0_reg_990               |   6|   0|    6|          0|
    |col_reg_10025               |   6|   0|    6|          0|
    |icmp_ln501_reg_9629         |   1|   0|    1|          0|
    |icmp_ln505_reg_9653         |   1|   0|    1|          0|
    |ii_0_reg_1012               |   2|   0|    2|          0|
    |indvar_flatten6_reg_968     |   8|   0|    8|          0|
    |indvar_flatten_reg_1001     |   3|   0|    3|          0|
    |jj_0_reg_1023               |   2|   0|    2|          0|
    |mul_ln203_reg_9619          |  10|   0|   10|          0|
    |row_0_reg_979               |   3|   0|    3|          0|
    |select_ln340_705_reg_9865   |  16|   0|   16|          0|
    |select_ln340_706_reg_9870   |  16|   0|   16|          0|
    |select_ln340_707_reg_9875   |  16|   0|   16|          0|
    |select_ln340_708_reg_9880   |  16|   0|   16|          0|
    |select_ln340_709_reg_9885   |  16|   0|   16|          0|
    |select_ln340_710_reg_9890   |  16|   0|   16|          0|
    |select_ln340_711_reg_9895   |  16|   0|   16|          0|
    |select_ln340_712_reg_9900   |  16|   0|   16|          0|
    |select_ln340_713_reg_9905   |  16|   0|   16|          0|
    |select_ln340_714_reg_9910   |  16|   0|   16|          0|
    |select_ln340_715_reg_9915   |  16|   0|   16|          0|
    |select_ln340_716_reg_9920   |  16|   0|   16|          0|
    |select_ln340_717_reg_9925   |  16|   0|   16|          0|
    |select_ln340_718_reg_9930   |  16|   0|   16|          0|
    |select_ln340_719_reg_9935   |  16|   0|   16|          0|
    |select_ln340_720_reg_9940   |  16|   0|   16|          0|
    |select_ln340_721_reg_9945   |  16|   0|   16|          0|
    |select_ln340_722_reg_9950   |  16|   0|   16|          0|
    |select_ln340_723_reg_9955   |  16|   0|   16|          0|
    |select_ln340_724_reg_9960   |  16|   0|   16|          0|
    |select_ln340_725_reg_9965   |  16|   0|   16|          0|
    |select_ln340_726_reg_9970   |  16|   0|   16|          0|
    |select_ln340_727_reg_9975   |  16|   0|   16|          0|
    |select_ln340_728_reg_9980   |  16|   0|   16|          0|
    |select_ln340_729_reg_9985   |  16|   0|   16|          0|
    |select_ln340_730_reg_9990   |  16|   0|   16|          0|
    |select_ln340_731_reg_9995   |  16|   0|   16|          0|
    |select_ln340_732_reg_10000  |  16|   0|   16|          0|
    |select_ln340_733_reg_10005  |  16|   0|   16|          0|
    |select_ln340_734_reg_10010  |  16|   0|   16|          0|
    |select_ln340_735_reg_10015  |  16|   0|   16|          0|
    |select_ln340_736_reg_10020  |  16|   0|   16|          0|
    |select_ln501_1_reg_9643     |   2|   0|    2|          0|
    |select_ln501_reg_9638       |   2|   0|    2|          0|
    |select_ln505_1_reg_9609     |   3|   0|    3|          0|
    |select_ln505_reg_9603       |   6|   0|    6|          0|
    |shl_ln505_1_reg_9624        |   6|   0|    7|          1|
    |shl_ln505_reg_9614          |   2|   0|    3|          1|
    |tmp_0_V_19_fu_162           |  16|   0|   16|          0|
    |tmp_10_V_19_fu_202          |  16|   0|   16|          0|
    |tmp_11_V_19_fu_206          |  16|   0|   16|          0|
    |tmp_12_V_19_fu_210          |  16|   0|   16|          0|
    |tmp_13_V_19_fu_214          |  16|   0|   16|          0|
    |tmp_14_V_19_fu_218          |  16|   0|   16|          0|
    |tmp_15_V_19_fu_222          |  16|   0|   16|          0|
    |tmp_16_V_5_fu_226           |  16|   0|   16|          0|
    |tmp_17_V_5_fu_230           |  16|   0|   16|          0|
    |tmp_18_V_5_fu_234           |  16|   0|   16|          0|
    |tmp_19_V_5_fu_238           |  16|   0|   16|          0|
    |tmp_1_V_19_fu_166           |  16|   0|   16|          0|
    |tmp_20_V_5_fu_242           |  16|   0|   16|          0|
    |tmp_21_V_5_fu_246           |  16|   0|   16|          0|
    |tmp_22_V_5_fu_250           |  16|   0|   16|          0|
    |tmp_23_V_5_fu_254           |  16|   0|   16|          0|
    |tmp_24_V_5_fu_258           |  16|   0|   16|          0|
    |tmp_25_V_5_fu_262           |  16|   0|   16|          0|
    |tmp_26_V_5_fu_266           |  16|   0|   16|          0|
    |tmp_27_V_5_fu_270           |  16|   0|   16|          0|
    |tmp_28_V_5_fu_274           |  16|   0|   16|          0|
    |tmp_29_V_5_fu_278           |  16|   0|   16|          0|
    |tmp_2_V_19_fu_170           |  16|   0|   16|          0|
    |tmp_30_V_5_fu_282           |  16|   0|   16|          0|
    |tmp_31_V_5_fu_286           |  16|   0|   16|          0|
    |tmp_359_reg_9589            |   6|   0|    8|          2|
    |tmp_3_V_19_fu_174           |  16|   0|   16|          0|
    |tmp_4_V_19_fu_178           |  16|   0|   16|          0|
    |tmp_5_V_19_fu_182           |  16|   0|   16|          0|
    |tmp_6_V_19_fu_186           |  16|   0|   16|          0|
    |tmp_7_V_19_fu_190           |  16|   0|   16|          0|
    |tmp_8_V_19_fu_194           |  16|   0|   16|          0|
    |tmp_9_V_19_fu_198           |  16|   0|   16|          0|
    |trunc_ln498_3_reg_9584      |   6|   0|    6|          0|
    |icmp_ln501_reg_9629         |  64|  32|    1|          0|
    |icmp_ln505_reg_9653         |  64|  32|    1|          0|
    +----------------------------+----+----+-----+-----------+
    |Total                       |1267|  64| 1145|          4|
    +----------------------------+----+----+-----+-----------+



================================================================
== Interface
================================================================
* Summary: 
+--------------------------+-----+-----+------------+-----------------+--------------+
|         RTL Ports        | Dir | Bits|  Protocol  |  Source Object  |    C Type    |
+--------------------------+-----+-----+------------+-----------------+--------------+
|ap_clk                    |  in |    1| ap_ctrl_hs |     avgpool     | return value |
|ap_rst                    |  in |    1| ap_ctrl_hs |     avgpool     | return value |
|ap_start                  |  in |    1| ap_ctrl_hs |     avgpool     | return value |
|ap_done                   | out |    1| ap_ctrl_hs |     avgpool     | return value |
|ap_idle                   | out |    1| ap_ctrl_hs |     avgpool     | return value |
|ap_ready                  | out |    1| ap_ctrl_hs |     avgpool     | return value |
|H_fmap                    |  in |    8|   ap_none  |      H_fmap     |    scalar    |
|out_buf_sc_V_0_address0   | out |   10|  ap_memory |  out_buf_sc_V_0 |     array    |
|out_buf_sc_V_0_ce0        | out |    1|  ap_memory |  out_buf_sc_V_0 |     array    |
|out_buf_sc_V_0_we0        | out |    1|  ap_memory |  out_buf_sc_V_0 |     array    |
|out_buf_sc_V_0_d0         | out |   16|  ap_memory |  out_buf_sc_V_0 |     array    |
|out_buf_sc_V_0_q0         |  in |   16|  ap_memory |  out_buf_sc_V_0 |     array    |
|out_buf_sc_V_1_address0   | out |   10|  ap_memory |  out_buf_sc_V_1 |     array    |
|out_buf_sc_V_1_ce0        | out |    1|  ap_memory |  out_buf_sc_V_1 |     array    |
|out_buf_sc_V_1_we0        | out |    1|  ap_memory |  out_buf_sc_V_1 |     array    |
|out_buf_sc_V_1_d0         | out |   16|  ap_memory |  out_buf_sc_V_1 |     array    |
|out_buf_sc_V_1_q0         |  in |   16|  ap_memory |  out_buf_sc_V_1 |     array    |
|out_buf_sc_V_2_address0   | out |   10|  ap_memory |  out_buf_sc_V_2 |     array    |
|out_buf_sc_V_2_ce0        | out |    1|  ap_memory |  out_buf_sc_V_2 |     array    |
|out_buf_sc_V_2_we0        | out |    1|  ap_memory |  out_buf_sc_V_2 |     array    |
|out_buf_sc_V_2_d0         | out |   16|  ap_memory |  out_buf_sc_V_2 |     array    |
|out_buf_sc_V_2_q0         |  in |   16|  ap_memory |  out_buf_sc_V_2 |     array    |
|out_buf_sc_V_3_address0   | out |   10|  ap_memory |  out_buf_sc_V_3 |     array    |
|out_buf_sc_V_3_ce0        | out |    1|  ap_memory |  out_buf_sc_V_3 |     array    |
|out_buf_sc_V_3_we0        | out |    1|  ap_memory |  out_buf_sc_V_3 |     array    |
|out_buf_sc_V_3_d0         | out |   16|  ap_memory |  out_buf_sc_V_3 |     array    |
|out_buf_sc_V_3_q0         |  in |   16|  ap_memory |  out_buf_sc_V_3 |     array    |
|out_buf_sc_V_4_address0   | out |   10|  ap_memory |  out_buf_sc_V_4 |     array    |
|out_buf_sc_V_4_ce0        | out |    1|  ap_memory |  out_buf_sc_V_4 |     array    |
|out_buf_sc_V_4_we0        | out |    1|  ap_memory |  out_buf_sc_V_4 |     array    |
|out_buf_sc_V_4_d0         | out |   16|  ap_memory |  out_buf_sc_V_4 |     array    |
|out_buf_sc_V_4_q0         |  in |   16|  ap_memory |  out_buf_sc_V_4 |     array    |
|out_buf_sc_V_5_address0   | out |   10|  ap_memory |  out_buf_sc_V_5 |     array    |
|out_buf_sc_V_5_ce0        | out |    1|  ap_memory |  out_buf_sc_V_5 |     array    |
|out_buf_sc_V_5_we0        | out |    1|  ap_memory |  out_buf_sc_V_5 |     array    |
|out_buf_sc_V_5_d0         | out |   16|  ap_memory |  out_buf_sc_V_5 |     array    |
|out_buf_sc_V_5_q0         |  in |   16|  ap_memory |  out_buf_sc_V_5 |     array    |
|out_buf_sc_V_6_address0   | out |   10|  ap_memory |  out_buf_sc_V_6 |     array    |
|out_buf_sc_V_6_ce0        | out |    1|  ap_memory |  out_buf_sc_V_6 |     array    |
|out_buf_sc_V_6_we0        | out |    1|  ap_memory |  out_buf_sc_V_6 |     array    |
|out_buf_sc_V_6_d0         | out |   16|  ap_memory |  out_buf_sc_V_6 |     array    |
|out_buf_sc_V_6_q0         |  in |   16|  ap_memory |  out_buf_sc_V_6 |     array    |
|out_buf_sc_V_7_address0   | out |   10|  ap_memory |  out_buf_sc_V_7 |     array    |
|out_buf_sc_V_7_ce0        | out |    1|  ap_memory |  out_buf_sc_V_7 |     array    |
|out_buf_sc_V_7_we0        | out |    1|  ap_memory |  out_buf_sc_V_7 |     array    |
|out_buf_sc_V_7_d0         | out |   16|  ap_memory |  out_buf_sc_V_7 |     array    |
|out_buf_sc_V_7_q0         |  in |   16|  ap_memory |  out_buf_sc_V_7 |     array    |
|out_buf_sc_V_8_address0   | out |   10|  ap_memory |  out_buf_sc_V_8 |     array    |
|out_buf_sc_V_8_ce0        | out |    1|  ap_memory |  out_buf_sc_V_8 |     array    |
|out_buf_sc_V_8_we0        | out |    1|  ap_memory |  out_buf_sc_V_8 |     array    |
|out_buf_sc_V_8_d0         | out |   16|  ap_memory |  out_buf_sc_V_8 |     array    |
|out_buf_sc_V_8_q0         |  in |   16|  ap_memory |  out_buf_sc_V_8 |     array    |
|out_buf_sc_V_9_address0   | out |   10|  ap_memory |  out_buf_sc_V_9 |     array    |
|out_buf_sc_V_9_ce0        | out |    1|  ap_memory |  out_buf_sc_V_9 |     array    |
|out_buf_sc_V_9_we0        | out |    1|  ap_memory |  out_buf_sc_V_9 |     array    |
|out_buf_sc_V_9_d0         | out |   16|  ap_memory |  out_buf_sc_V_9 |     array    |
|out_buf_sc_V_9_q0         |  in |   16|  ap_memory |  out_buf_sc_V_9 |     array    |
|out_buf_sc_V_10_address0  | out |   10|  ap_memory | out_buf_sc_V_10 |     array    |
|out_buf_sc_V_10_ce0       | out |    1|  ap_memory | out_buf_sc_V_10 |     array    |
|out_buf_sc_V_10_we0       | out |    1|  ap_memory | out_buf_sc_V_10 |     array    |
|out_buf_sc_V_10_d0        | out |   16|  ap_memory | out_buf_sc_V_10 |     array    |
|out_buf_sc_V_10_q0        |  in |   16|  ap_memory | out_buf_sc_V_10 |     array    |
|out_buf_sc_V_11_address0  | out |   10|  ap_memory | out_buf_sc_V_11 |     array    |
|out_buf_sc_V_11_ce0       | out |    1|  ap_memory | out_buf_sc_V_11 |     array    |
|out_buf_sc_V_11_we0       | out |    1|  ap_memory | out_buf_sc_V_11 |     array    |
|out_buf_sc_V_11_d0        | out |   16|  ap_memory | out_buf_sc_V_11 |     array    |
|out_buf_sc_V_11_q0        |  in |   16|  ap_memory | out_buf_sc_V_11 |     array    |
|out_buf_sc_V_12_address0  | out |   10|  ap_memory | out_buf_sc_V_12 |     array    |
|out_buf_sc_V_12_ce0       | out |    1|  ap_memory | out_buf_sc_V_12 |     array    |
|out_buf_sc_V_12_we0       | out |    1|  ap_memory | out_buf_sc_V_12 |     array    |
|out_buf_sc_V_12_d0        | out |   16|  ap_memory | out_buf_sc_V_12 |     array    |
|out_buf_sc_V_12_q0        |  in |   16|  ap_memory | out_buf_sc_V_12 |     array    |
|out_buf_sc_V_13_address0  | out |   10|  ap_memory | out_buf_sc_V_13 |     array    |
|out_buf_sc_V_13_ce0       | out |    1|  ap_memory | out_buf_sc_V_13 |     array    |
|out_buf_sc_V_13_we0       | out |    1|  ap_memory | out_buf_sc_V_13 |     array    |
|out_buf_sc_V_13_d0        | out |   16|  ap_memory | out_buf_sc_V_13 |     array    |
|out_buf_sc_V_13_q0        |  in |   16|  ap_memory | out_buf_sc_V_13 |     array    |
|out_buf_sc_V_14_address0  | out |   10|  ap_memory | out_buf_sc_V_14 |     array    |
|out_buf_sc_V_14_ce0       | out |    1|  ap_memory | out_buf_sc_V_14 |     array    |
|out_buf_sc_V_14_we0       | out |    1|  ap_memory | out_buf_sc_V_14 |     array    |
|out_buf_sc_V_14_d0        | out |   16|  ap_memory | out_buf_sc_V_14 |     array    |
|out_buf_sc_V_14_q0        |  in |   16|  ap_memory | out_buf_sc_V_14 |     array    |
|out_buf_sc_V_15_address0  | out |   10|  ap_memory | out_buf_sc_V_15 |     array    |
|out_buf_sc_V_15_ce0       | out |    1|  ap_memory | out_buf_sc_V_15 |     array    |
|out_buf_sc_V_15_we0       | out |    1|  ap_memory | out_buf_sc_V_15 |     array    |
|out_buf_sc_V_15_d0        | out |   16|  ap_memory | out_buf_sc_V_15 |     array    |
|out_buf_sc_V_15_q0        |  in |   16|  ap_memory | out_buf_sc_V_15 |     array    |
|out_buf_sc_V_16_address0  | out |   10|  ap_memory | out_buf_sc_V_16 |     array    |
|out_buf_sc_V_16_ce0       | out |    1|  ap_memory | out_buf_sc_V_16 |     array    |
|out_buf_sc_V_16_we0       | out |    1|  ap_memory | out_buf_sc_V_16 |     array    |
|out_buf_sc_V_16_d0        | out |   16|  ap_memory | out_buf_sc_V_16 |     array    |
|out_buf_sc_V_16_q0        |  in |   16|  ap_memory | out_buf_sc_V_16 |     array    |
|out_buf_sc_V_17_address0  | out |   10|  ap_memory | out_buf_sc_V_17 |     array    |
|out_buf_sc_V_17_ce0       | out |    1|  ap_memory | out_buf_sc_V_17 |     array    |
|out_buf_sc_V_17_we0       | out |    1|  ap_memory | out_buf_sc_V_17 |     array    |
|out_buf_sc_V_17_d0        | out |   16|  ap_memory | out_buf_sc_V_17 |     array    |
|out_buf_sc_V_17_q0        |  in |   16|  ap_memory | out_buf_sc_V_17 |     array    |
|out_buf_sc_V_18_address0  | out |   10|  ap_memory | out_buf_sc_V_18 |     array    |
|out_buf_sc_V_18_ce0       | out |    1|  ap_memory | out_buf_sc_V_18 |     array    |
|out_buf_sc_V_18_we0       | out |    1|  ap_memory | out_buf_sc_V_18 |     array    |
|out_buf_sc_V_18_d0        | out |   16|  ap_memory | out_buf_sc_V_18 |     array    |
|out_buf_sc_V_18_q0        |  in |   16|  ap_memory | out_buf_sc_V_18 |     array    |
|out_buf_sc_V_19_address0  | out |   10|  ap_memory | out_buf_sc_V_19 |     array    |
|out_buf_sc_V_19_ce0       | out |    1|  ap_memory | out_buf_sc_V_19 |     array    |
|out_buf_sc_V_19_we0       | out |    1|  ap_memory | out_buf_sc_V_19 |     array    |
|out_buf_sc_V_19_d0        | out |   16|  ap_memory | out_buf_sc_V_19 |     array    |
|out_buf_sc_V_19_q0        |  in |   16|  ap_memory | out_buf_sc_V_19 |     array    |
|out_buf_sc_V_20_address0  | out |   10|  ap_memory | out_buf_sc_V_20 |     array    |
|out_buf_sc_V_20_ce0       | out |    1|  ap_memory | out_buf_sc_V_20 |     array    |
|out_buf_sc_V_20_we0       | out |    1|  ap_memory | out_buf_sc_V_20 |     array    |
|out_buf_sc_V_20_d0        | out |   16|  ap_memory | out_buf_sc_V_20 |     array    |
|out_buf_sc_V_20_q0        |  in |   16|  ap_memory | out_buf_sc_V_20 |     array    |
|out_buf_sc_V_21_address0  | out |   10|  ap_memory | out_buf_sc_V_21 |     array    |
|out_buf_sc_V_21_ce0       | out |    1|  ap_memory | out_buf_sc_V_21 |     array    |
|out_buf_sc_V_21_we0       | out |    1|  ap_memory | out_buf_sc_V_21 |     array    |
|out_buf_sc_V_21_d0        | out |   16|  ap_memory | out_buf_sc_V_21 |     array    |
|out_buf_sc_V_21_q0        |  in |   16|  ap_memory | out_buf_sc_V_21 |     array    |
|out_buf_sc_V_22_address0  | out |   10|  ap_memory | out_buf_sc_V_22 |     array    |
|out_buf_sc_V_22_ce0       | out |    1|  ap_memory | out_buf_sc_V_22 |     array    |
|out_buf_sc_V_22_we0       | out |    1|  ap_memory | out_buf_sc_V_22 |     array    |
|out_buf_sc_V_22_d0        | out |   16|  ap_memory | out_buf_sc_V_22 |     array    |
|out_buf_sc_V_22_q0        |  in |   16|  ap_memory | out_buf_sc_V_22 |     array    |
|out_buf_sc_V_23_address0  | out |   10|  ap_memory | out_buf_sc_V_23 |     array    |
|out_buf_sc_V_23_ce0       | out |    1|  ap_memory | out_buf_sc_V_23 |     array    |
|out_buf_sc_V_23_we0       | out |    1|  ap_memory | out_buf_sc_V_23 |     array    |
|out_buf_sc_V_23_d0        | out |   16|  ap_memory | out_buf_sc_V_23 |     array    |
|out_buf_sc_V_23_q0        |  in |   16|  ap_memory | out_buf_sc_V_23 |     array    |
|out_buf_sc_V_24_address0  | out |   10|  ap_memory | out_buf_sc_V_24 |     array    |
|out_buf_sc_V_24_ce0       | out |    1|  ap_memory | out_buf_sc_V_24 |     array    |
|out_buf_sc_V_24_we0       | out |    1|  ap_memory | out_buf_sc_V_24 |     array    |
|out_buf_sc_V_24_d0        | out |   16|  ap_memory | out_buf_sc_V_24 |     array    |
|out_buf_sc_V_24_q0        |  in |   16|  ap_memory | out_buf_sc_V_24 |     array    |
|out_buf_sc_V_25_address0  | out |   10|  ap_memory | out_buf_sc_V_25 |     array    |
|out_buf_sc_V_25_ce0       | out |    1|  ap_memory | out_buf_sc_V_25 |     array    |
|out_buf_sc_V_25_we0       | out |    1|  ap_memory | out_buf_sc_V_25 |     array    |
|out_buf_sc_V_25_d0        | out |   16|  ap_memory | out_buf_sc_V_25 |     array    |
|out_buf_sc_V_25_q0        |  in |   16|  ap_memory | out_buf_sc_V_25 |     array    |
|out_buf_sc_V_26_address0  | out |   10|  ap_memory | out_buf_sc_V_26 |     array    |
|out_buf_sc_V_26_ce0       | out |    1|  ap_memory | out_buf_sc_V_26 |     array    |
|out_buf_sc_V_26_we0       | out |    1|  ap_memory | out_buf_sc_V_26 |     array    |
|out_buf_sc_V_26_d0        | out |   16|  ap_memory | out_buf_sc_V_26 |     array    |
|out_buf_sc_V_26_q0        |  in |   16|  ap_memory | out_buf_sc_V_26 |     array    |
|out_buf_sc_V_27_address0  | out |   10|  ap_memory | out_buf_sc_V_27 |     array    |
|out_buf_sc_V_27_ce0       | out |    1|  ap_memory | out_buf_sc_V_27 |     array    |
|out_buf_sc_V_27_we0       | out |    1|  ap_memory | out_buf_sc_V_27 |     array    |
|out_buf_sc_V_27_d0        | out |   16|  ap_memory | out_buf_sc_V_27 |     array    |
|out_buf_sc_V_27_q0        |  in |   16|  ap_memory | out_buf_sc_V_27 |     array    |
|out_buf_sc_V_28_address0  | out |   10|  ap_memory | out_buf_sc_V_28 |     array    |
|out_buf_sc_V_28_ce0       | out |    1|  ap_memory | out_buf_sc_V_28 |     array    |
|out_buf_sc_V_28_we0       | out |    1|  ap_memory | out_buf_sc_V_28 |     array    |
|out_buf_sc_V_28_d0        | out |   16|  ap_memory | out_buf_sc_V_28 |     array    |
|out_buf_sc_V_28_q0        |  in |   16|  ap_memory | out_buf_sc_V_28 |     array    |
|out_buf_sc_V_29_address0  | out |   10|  ap_memory | out_buf_sc_V_29 |     array    |
|out_buf_sc_V_29_ce0       | out |    1|  ap_memory | out_buf_sc_V_29 |     array    |
|out_buf_sc_V_29_we0       | out |    1|  ap_memory | out_buf_sc_V_29 |     array    |
|out_buf_sc_V_29_d0        | out |   16|  ap_memory | out_buf_sc_V_29 |     array    |
|out_buf_sc_V_29_q0        |  in |   16|  ap_memory | out_buf_sc_V_29 |     array    |
|out_buf_sc_V_30_address0  | out |   10|  ap_memory | out_buf_sc_V_30 |     array    |
|out_buf_sc_V_30_ce0       | out |    1|  ap_memory | out_buf_sc_V_30 |     array    |
|out_buf_sc_V_30_we0       | out |    1|  ap_memory | out_buf_sc_V_30 |     array    |
|out_buf_sc_V_30_d0        | out |   16|  ap_memory | out_buf_sc_V_30 |     array    |
|out_buf_sc_V_30_q0        |  in |   16|  ap_memory | out_buf_sc_V_30 |     array    |
|out_buf_sc_V_31_address0  | out |   10|  ap_memory | out_buf_sc_V_31 |     array    |
|out_buf_sc_V_31_ce0       | out |    1|  ap_memory | out_buf_sc_V_31 |     array    |
|out_buf_sc_V_31_we0       | out |    1|  ap_memory | out_buf_sc_V_31 |     array    |
|out_buf_sc_V_31_d0        | out |   16|  ap_memory | out_buf_sc_V_31 |     array    |
|out_buf_sc_V_31_q0        |  in |   16|  ap_memory | out_buf_sc_V_31 |     array    |
+--------------------------+-----+-----+------------+-----------------+--------------+

