Copyright 1986-2019 Xilinx, Inc. All Rights Reserved.
-----------------------------------------------------------------------------------------------------------------------------
| Tool Version : Vivado v.2019.2.1 (win64) Build 2729669 Thu Dec  5 04:49:17 MST 2019
| Date         : Sun Sep  6 14:52:31 2020
| Host         : DESKTOP-APERTURE running 64-bit major release  (build 9200)
| Command      : report_utilization -file design_1_wrapper_utilization_placed.rpt -pb design_1_wrapper_utilization_placed.pb
| Design       : design_1_wrapper
| Device       : xczu3egsbva484-1
| Design State : Fully Placed
-----------------------------------------------------------------------------------------------------------------------------

Utilization Design Information

Table of Contents
-----------------
1. CLB Logic
1.1 Summary of Registers by Type
2. CLB Logic Distribution
3. BLOCKRAM
4. ARITHMETIC
5. I/O
6. CLOCK
7. ADVANCED
8. CONFIGURATION
9. Primitives
10. Black Boxes
11. Instantiated Netlists

1. CLB Logic
------------

+----------------------------+-------+-------+-----------+-------+
|          Site Type         |  Used | Fixed | Available | Util% |
+----------------------------+-------+-------+-----------+-------+
| CLB LUTs                   | 15398 |     0 |     70560 | 21.82 |
|   LUT as Logic             | 14748 |     0 |     70560 | 20.90 |
|   LUT as Memory            |   650 |     0 |     28800 |  2.26 |
|     LUT as Distributed RAM |   528 |     0 |           |       |
|     LUT as Shift Register  |   122 |     0 |           |       |
| CLB Registers              | 10875 |     0 |    141120 |  7.71 |
|   Register as Flip Flop    | 10875 |     0 |    141120 |  7.71 |
|   Register as Latch        |     0 |     0 |    141120 |  0.00 |
| CARRY8                     |   908 |     0 |      8820 | 10.29 |
| F7 Muxes                   |    32 |     0 |     35280 |  0.09 |
| F8 Muxes                   |     8 |     0 |     17640 |  0.05 |
| F9 Muxes                   |     0 |     0 |      8820 |  0.00 |
+----------------------------+-------+-------+-----------+-------+


1.1 Summary of Registers by Type
--------------------------------

+-------+--------------+-------------+--------------+
| Total | Clock Enable | Synchronous | Asynchronous |
+-------+--------------+-------------+--------------+
| 0     |            _ |           - |            - |
| 0     |            _ |           - |          Set |
| 0     |            _ |           - |        Reset |
| 0     |            _ |         Set |            - |
| 0     |            _ |       Reset |            - |
| 0     |          Yes |           - |            - |
| 33    |          Yes |           - |          Set |
| 69    |          Yes |           - |        Reset |
| 1587  |          Yes |         Set |            - |
| 9186  |          Yes |       Reset |            - |
+-------+--------------+-------------+--------------+


2. CLB Logic Distribution
-------------------------

+--------------------------------------------+-------+-------+-----------+-------+
|                  Site Type                 |  Used | Fixed | Available | Util% |
+--------------------------------------------+-------+-------+-----------+-------+
| CLB                                        |  3034 |     0 |      8820 | 34.40 |
|   CLBL                                     |  1911 |     0 |           |       |
|   CLBM                                     |  1123 |     0 |           |       |
| LUT as Logic                               | 14748 |     0 |     70560 | 20.90 |
|   using O5 output only                     |   400 |       |           |       |
|   using O6 output only                     | 11077 |       |           |       |
|   using O5 and O6                          |  3271 |       |           |       |
| LUT as Memory                              |   650 |     0 |     28800 |  2.26 |
|   LUT as Distributed RAM                   |   528 |     0 |           |       |
|     using O5 output only                   |     0 |       |           |       |
|     using O6 output only                   |     0 |       |           |       |
|     using O5 and O6                        |   528 |       |           |       |
|   LUT as Shift Register                    |   122 |     0 |           |       |
|     using O5 output only                   |     0 |       |           |       |
|     using O6 output only                   |    93 |       |           |       |
|     using O5 and O6                        |    29 |       |           |       |
| CLB Registers                              | 10875 |     0 |    141120 |  7.71 |
|   Register driven from within the CLB      |  6844 |       |           |       |
|   Register driven from outside the CLB     |  4031 |       |           |       |
|     LUT in front of the register is unused |  2537 |       |           |       |
|     LUT in front of the register is used   |  1494 |       |           |       |
| Unique Control Sets                        |   505 |       |     17640 |  2.86 |
+--------------------------------------------+-------+-------+-----------+-------+
* Note: Available Control Sets calculated as CLB Registers / 8, Review the Control Sets Report for more information regarding control sets.


3. BLOCKRAM
-----------

+-------------------+------+-------+-----------+-------+
|     Site Type     | Used | Fixed | Available | Util% |
+-------------------+------+-------+-----------+-------+
| Block RAM Tile    |   84 |     0 |       216 | 38.89 |
|   RAMB36/FIFO*    |   64 |     0 |       216 | 29.63 |
|     RAMB36E2 only |   64 |       |           |       |
|   RAMB18          |   40 |     0 |       432 |  9.26 |
|     RAMB18E2 only |   40 |       |           |       |
+-------------------+------+-------+-----------+-------+
* Note: Each Block RAM Tile only has one FIFO logic available and therefore can accommodate only one FIFO36E2 or one FIFO18E2. However, if a FIFO18E2 occupies a Block RAM Tile, that tile can still accommodate a RAMB18E2


4. ARITHMETIC
-------------

+----------------+------+-------+-----------+-------+
|    Site Type   | Used | Fixed | Available | Util% |
+----------------+------+-------+-----------+-------+
| DSPs           |   15 |     0 |       360 |  4.17 |
|   DSP48E2 only |   15 |       |           |       |
+----------------+------+-------+-----------+-------+


5. I/O
------

+------------------+------+-------+-----------+-------+
|     Site Type    | Used | Fixed | Available | Util% |
+------------------+------+-------+-----------+-------+
| Bonded IOB       |    0 |     0 |        82 |  0.00 |
| HPIOB_M          |    0 |     0 |        26 |  0.00 |
| HPIOB_S          |    0 |     0 |        26 |  0.00 |
| HDIOB_M          |    0 |     0 |        12 |  0.00 |
| HDIOB_S          |    0 |     0 |        12 |  0.00 |
| HPIOB_SNGL       |    0 |     0 |         6 |  0.00 |
| HPIOBDIFFINBUF   |    0 |     0 |        72 |  0.00 |
| HPIOBDIFFOUTBUF  |    0 |     0 |        72 |  0.00 |
| HDIOBDIFFINBUF   |    0 |     0 |        48 |  0.00 |
| BITSLICE_CONTROL |    0 |     0 |        24 |  0.00 |
| BITSLICE_RX_TX   |    0 |     0 |       156 |  0.00 |
| BITSLICE_TX      |    0 |     0 |        24 |  0.00 |
| RIU_OR           |    0 |     0 |        12 |  0.00 |
+------------------+------+-------+-----------+-------+


6. CLOCK
--------

+----------------------+------+-------+-----------+-------+
|       Site Type      | Used | Fixed | Available | Util% |
+----------------------+------+-------+-----------+-------+
| GLOBAL CLOCK BUFFERs |    2 |     0 |       196 |  1.02 |
|   BUFGCE             |    1 |     0 |        88 |  1.14 |
|   BUFGCE_DIV         |    0 |     0 |        12 |  0.00 |
|   BUFG_PS            |    1 |     0 |        72 |  1.39 |
|   BUFGCTRL*          |    0 |     0 |        24 |  0.00 |
| PLL                  |    0 |     0 |         6 |  0.00 |
| MMCM                 |    0 |     0 |         3 |  0.00 |
+----------------------+------+-------+-----------+-------+
* Note: Each used BUFGCTRL counts as two GLOBAL CLOCK BUFFERs. This table does not include global clocking resources, only buffer cell usage. See the Clock Utilization Report (report_clock_utilization) for detailed accounting of global clocking resource availability.


7. ADVANCED
-----------

+-----------+------+-------+-----------+--------+
| Site Type | Used | Fixed | Available |  Util% |
+-----------+------+-------+-----------+--------+
| PS8       |    1 |     0 |         1 | 100.00 |
| SYSMONE4  |    0 |     0 |         1 |   0.00 |
+-----------+------+-------+-----------+--------+


8. CONFIGURATION
----------------

+-------------+------+-------+-----------+-------+
|  Site Type  | Used | Fixed | Available | Util% |
+-------------+------+-------+-----------+-------+
| BSCANE2     |    0 |     0 |         4 |  0.00 |
| DNA_PORTE2  |    0 |     0 |         1 |  0.00 |
| EFUSE_USR   |    0 |     0 |         1 |  0.00 |
| FRAME_ECCE4 |    0 |     0 |         1 |  0.00 |
| ICAPE3      |    0 |     0 |         2 |  0.00 |
| MASTER_JTAG |    0 |     0 |         1 |  0.00 |
| STARTUPE3   |    0 |     0 |         1 |  0.00 |
+-------------+------+-------+-----------+-------+


9. Primitives
-------------

+----------+------+---------------------+
| Ref Name | Used | Functional Category |
+----------+------+---------------------+
| FDRE     | 9186 |            Register |
| LUT6     | 4021 |                 CLB |
| LUT2     | 3765 |                 CLB |
| LUT3     | 3215 |                 CLB |
| LUT4     | 2540 |                 CLB |
| LUT5     | 2393 |                 CLB |
| LUT1     | 2085 |                 CLB |
| FDSE     | 1587 |            Register |
| RAMD32   |  928 |                 CLB |
| CARRY8   |  908 |                 CLB |
| RAMS32   |  128 |                 CLB |
| SRL16E   |  118 |                 CLB |
| FDCE     |   69 |            Register |
| RAMB36E2 |   64 |           Block Ram |
| RAMB18E2 |   40 |           Block Ram |
| SRLC32E  |   33 |                 CLB |
| FDPE     |   33 |            Register |
| MUXF7    |   32 |                 CLB |
| DSP48E2  |   15 |          Arithmetic |
| MUXF8    |    8 |                 CLB |
| PS8      |    1 |            Advanced |
| BUFG_PS  |    1 |               Clock |
| BUFGCE   |    1 |               Clock |
+----------+------+---------------------+


10. Black Boxes
---------------

+----------+------+
| Ref Name | Used |
+----------+------+


11. Instantiated Netlists
-------------------------

+----------+------+
| Ref Name | Used |
+----------+------+


