

================================================================
== Vivado HLS Report for 'compute_engine_64'
================================================================
* Date:           Sun Sep  6 13:24:53 2020

* Version:        2019.2.1 (Build 2724168 on Thu Dec 05 05:19:09 MST 2019)
* Project:        ResNet
* Solution:       solution1
* Product family: zynquplus
* Target device:  xczu3eg-sbva484-1-e


================================================================
== Performance Estimates
================================================================
+ Timing: 
    * Summary: 
    +--------+----------+----------+------------+
    |  Clock |  Target  | Estimated| Uncertainty|
    +--------+----------+----------+------------+
    |ap_clk  | 10.00 ns | 4.729 ns |   1.25 ns  |
    +--------+----------+----------+------------+

+ Latency: 
    * Summary: 
    +---------+---------+-----------+-----------+-----+-----+----------+
    |  Latency (cycles) |   Latency (absolute)  |  Interval | Pipeline |
    |   min   |   max   |    min    |    max    | min | max |   Type   |
    +---------+---------+-----------+-----------+-----+-----+----------+
    |        1|        1| 10.000 ns | 10.000 ns |    1|    1| function |
    +---------+---------+-----------+-----------+-----+-----+----------+

    + Detail: 
        * Instance: 
        N/A

        * Loop: 
        N/A

============================================================
+ Verbose Summary: Synthesis Manager
============================================================
InlineROM: 1
ExposeGlobal: 0
============================================================
+ Verbose Summary: CDFG Model
============================================================
IsTopModel: 0
ResetActiveHigh: 1
IsCombinational: 0
IsDatapathOnly: 0
HasWiredReturn: 1
HasMFsm: 2
HasVarLatency: 0
IsPipeline: 1
IsRtlPipelined: 1
IsInstanceOverlapped: 0
IsDontTouch: 0
HasImplIP: 0
IsGatedGlobalClock: 0

+ Individual pipeline summary: 
  * Pipeline-0: initiation interval (II) = 1, depth = 2


============================================================
+ Verbose Summary: Schedule
============================================================
* Number of FSM states : 2
* Pipeline : 1
  Pipeline-0 : II = 1, D = 2, States = { 1 2 }
* Dataflow Pipeline: 0

* FSM state transitions: 
1 --> 2 
2 --> 

* FSM state operations: 

State 1 <SV = 0> <Delay = 1.79>
ST_1 : Operation 3 [1/1] (0.00ns)   --->   "%w_V_read = call i64 @_ssdm_op_Read.ap_auto.i64(i64 %w_V)" [ResNet/pgconv64.h:11]   --->   Operation 3 'read' 'w_V_read' <Predicate = true> <Delay = 0.00>
ST_1 : Operation 4 [1/1] (0.00ns)   --->   "%b_V_read = call i64 @_ssdm_op_Read.ap_auto.i64(i64 %b_V)" [ResNet/pgconv64.h:11]   --->   Operation 4 'read' 'b_V_read' <Predicate = true> <Delay = 0.00>
ST_1 : Operation 5 [1/1] (0.00ns) (grouped into LUT with out node r_V)   --->   "%xor_ln769 = xor i64 %w_V_read, -1" [ResNet/pgconv64.h:11]   --->   Operation 5 'xor' 'xor_ln769' <Predicate = true> <Delay = 0.00> <Core = "LogicGate">   --->   Core 27 'LogicGate' <Latency = 0> <II = 1> <Delay = 0.44> <FuncUnit> <Opcode : 'and' 'or' 'xor'> <InPorts = 2> <OutPorts = 1>
ST_1 : Operation 6 [1/1] (0.44ns) (out node of the LUT)   --->   "%r_V = xor i64 %b_V_read, %xor_ln769" [ResNet/pgconv64.h:11]   --->   Operation 6 'xor' 'r_V' <Predicate = true> <Delay = 0.44> <Core = "LogicGate">   --->   Core 27 'LogicGate' <Latency = 0> <II = 1> <Delay = 0.44> <FuncUnit> <Opcode : 'and' 'or' 'xor'> <InPorts = 2> <OutPorts = 1>
ST_1 : Operation 7 [1/1] (0.00ns)   --->   "%trunc_ln681 = trunc i64 %r_V to i4" [ResNet/pgconv64.h:16]   --->   Operation 7 'trunc' 'trunc_ln681' <Predicate = true> <Delay = 0.00>
ST_1 : Operation 8 [1/1] (0.00ns)   --->   "%zext_ln16 = zext i4 %trunc_ln681 to i64" [ResNet/pgconv64.h:16]   --->   Operation 8 'zext' 'zext_ln16' <Predicate = true> <Delay = 0.00>
ST_1 : Operation 9 [1/1] (0.00ns)   --->   "%p_Result_1 = call i4 @_ssdm_op_PartSelect.i4.i64.i32.i32(i64 %r_V, i32 4, i32 7)" [ResNet/pgconv64.h:16]   --->   Operation 9 'partselect' 'p_Result_1' <Predicate = true> <Delay = 0.00>
ST_1 : Operation 10 [1/1] (0.00ns)   --->   "%zext_ln16_1 = zext i4 %p_Result_1 to i64" [ResNet/pgconv64.h:16]   --->   Operation 10 'zext' 'zext_ln16_1' <Predicate = true> <Delay = 0.00>
ST_1 : Operation 11 [1/1] (0.00ns)   --->   "%lut16_V_1_addr = getelementptr [16 x i3]* @lut16_V_1, i64 0, i64 %zext_ln16" [ResNet/pgconv64.h:16]   --->   Operation 11 'getelementptr' 'lut16_V_1_addr' <Predicate = true> <Delay = 0.00>
ST_1 : Operation 12 [2/2] (1.35ns)   --->   "%lut16_V_1_load = load i3* %lut16_V_1_addr, align 1" [ResNet/pgconv64.h:16]   --->   Operation 12 'load' 'lut16_V_1_load' <Predicate = true> <Delay = 1.35> <Core = "ROM_nP">   --->   Core 52 'ROM_nP' <Latency = 1> <II = 1> <Delay = 1.35> <Storage> <Opcode : 'load'> <Ports = 0> <Width = 3> <Depth = 16> <ROM>
ST_1 : Operation 13 [1/1] (0.00ns)   --->   "%lut16_V_1_addr_1 = getelementptr [16 x i3]* @lut16_V_1, i64 0, i64 %zext_ln16_1" [ResNet/pgconv64.h:16]   --->   Operation 13 'getelementptr' 'lut16_V_1_addr_1' <Predicate = true> <Delay = 0.00>
ST_1 : Operation 14 [2/2] (1.35ns)   --->   "%lut16_V_1_load_1 = load i3* %lut16_V_1_addr_1, align 1" [ResNet/pgconv64.h:16]   --->   Operation 14 'load' 'lut16_V_1_load_1' <Predicate = true> <Delay = 1.35> <Core = "ROM_nP">   --->   Core 52 'ROM_nP' <Latency = 1> <II = 1> <Delay = 1.35> <Storage> <Opcode : 'load'> <Ports = 0> <Width = 3> <Depth = 16> <ROM>
ST_1 : Operation 15 [1/1] (0.00ns)   --->   "%p_Result_s = call i4 @_ssdm_op_PartSelect.i4.i64.i32.i32(i64 %r_V, i32 8, i32 11)" [ResNet/pgconv64.h:17]   --->   Operation 15 'partselect' 'p_Result_s' <Predicate = true> <Delay = 0.00>
ST_1 : Operation 16 [1/1] (0.00ns)   --->   "%zext_ln17 = zext i4 %p_Result_s to i64" [ResNet/pgconv64.h:17]   --->   Operation 16 'zext' 'zext_ln17' <Predicate = true> <Delay = 0.00>
ST_1 : Operation 17 [1/1] (0.00ns)   --->   "%p_Result_2 = call i4 @_ssdm_op_PartSelect.i4.i64.i32.i32(i64 %r_V, i32 12, i32 15)" [ResNet/pgconv64.h:17]   --->   Operation 17 'partselect' 'p_Result_2' <Predicate = true> <Delay = 0.00>
ST_1 : Operation 18 [1/1] (0.00ns)   --->   "%zext_ln17_1 = zext i4 %p_Result_2 to i64" [ResNet/pgconv64.h:17]   --->   Operation 18 'zext' 'zext_ln17_1' <Predicate = true> <Delay = 0.00>
ST_1 : Operation 19 [1/1] (0.00ns)   --->   "%lut16_V_1_addr_2 = getelementptr [16 x i3]* @lut16_V_1, i64 0, i64 %zext_ln17" [ResNet/pgconv64.h:17]   --->   Operation 19 'getelementptr' 'lut16_V_1_addr_2' <Predicate = true> <Delay = 0.00>
ST_1 : Operation 20 [2/2] (1.35ns)   --->   "%lut16_V_1_load_2 = load i3* %lut16_V_1_addr_2, align 1" [ResNet/pgconv64.h:17]   --->   Operation 20 'load' 'lut16_V_1_load_2' <Predicate = true> <Delay = 1.35> <Core = "ROM_nP">   --->   Core 52 'ROM_nP' <Latency = 1> <II = 1> <Delay = 1.35> <Storage> <Opcode : 'load'> <Ports = 0> <Width = 3> <Depth = 16> <ROM>
ST_1 : Operation 21 [1/1] (0.00ns)   --->   "%lut16_V_1_addr_3 = getelementptr [16 x i3]* @lut16_V_1, i64 0, i64 %zext_ln17_1" [ResNet/pgconv64.h:17]   --->   Operation 21 'getelementptr' 'lut16_V_1_addr_3' <Predicate = true> <Delay = 0.00>
ST_1 : Operation 22 [2/2] (1.35ns)   --->   "%lut16_V_1_load_3 = load i3* %lut16_V_1_addr_3, align 1" [ResNet/pgconv64.h:17]   --->   Operation 22 'load' 'lut16_V_1_load_3' <Predicate = true> <Delay = 1.35> <Core = "ROM_nP">   --->   Core 52 'ROM_nP' <Latency = 1> <II = 1> <Delay = 1.35> <Storage> <Opcode : 'load'> <Ports = 0> <Width = 3> <Depth = 16> <ROM>
ST_1 : Operation 23 [1/1] (0.00ns)   --->   "%p_Result_3 = call i4 @_ssdm_op_PartSelect.i4.i64.i32.i32(i64 %r_V, i32 16, i32 19)" [ResNet/pgconv64.h:18]   --->   Operation 23 'partselect' 'p_Result_3' <Predicate = true> <Delay = 0.00>
ST_1 : Operation 24 [1/1] (0.00ns)   --->   "%zext_ln18 = zext i4 %p_Result_3 to i64" [ResNet/pgconv64.h:18]   --->   Operation 24 'zext' 'zext_ln18' <Predicate = true> <Delay = 0.00>
ST_1 : Operation 25 [1/1] (0.00ns)   --->   "%p_Result_4 = call i4 @_ssdm_op_PartSelect.i4.i64.i32.i32(i64 %r_V, i32 20, i32 23)" [ResNet/pgconv64.h:18]   --->   Operation 25 'partselect' 'p_Result_4' <Predicate = true> <Delay = 0.00>
ST_1 : Operation 26 [1/1] (0.00ns)   --->   "%zext_ln18_1 = zext i4 %p_Result_4 to i64" [ResNet/pgconv64.h:18]   --->   Operation 26 'zext' 'zext_ln18_1' <Predicate = true> <Delay = 0.00>
ST_1 : Operation 27 [1/1] (0.00ns)   --->   "%lut16_V_1_addr_4 = getelementptr [16 x i3]* @lut16_V_1, i64 0, i64 %zext_ln18" [ResNet/pgconv64.h:18]   --->   Operation 27 'getelementptr' 'lut16_V_1_addr_4' <Predicate = true> <Delay = 0.00>
ST_1 : Operation 28 [2/2] (1.35ns)   --->   "%lut16_V_1_load_4 = load i3* %lut16_V_1_addr_4, align 1" [ResNet/pgconv64.h:18]   --->   Operation 28 'load' 'lut16_V_1_load_4' <Predicate = true> <Delay = 1.35> <Core = "ROM_nP">   --->   Core 52 'ROM_nP' <Latency = 1> <II = 1> <Delay = 1.35> <Storage> <Opcode : 'load'> <Ports = 0> <Width = 3> <Depth = 16> <ROM>
ST_1 : Operation 29 [1/1] (0.00ns)   --->   "%lut16_V_1_addr_5 = getelementptr [16 x i3]* @lut16_V_1, i64 0, i64 %zext_ln18_1" [ResNet/pgconv64.h:18]   --->   Operation 29 'getelementptr' 'lut16_V_1_addr_5' <Predicate = true> <Delay = 0.00>
ST_1 : Operation 30 [2/2] (1.35ns)   --->   "%lut16_V_1_load_5 = load i3* %lut16_V_1_addr_5, align 1" [ResNet/pgconv64.h:18]   --->   Operation 30 'load' 'lut16_V_1_load_5' <Predicate = true> <Delay = 1.35> <Core = "ROM_nP">   --->   Core 52 'ROM_nP' <Latency = 1> <II = 1> <Delay = 1.35> <Storage> <Opcode : 'load'> <Ports = 0> <Width = 3> <Depth = 16> <ROM>
ST_1 : Operation 31 [1/1] (0.00ns)   --->   "%p_Result_5 = call i4 @_ssdm_op_PartSelect.i4.i64.i32.i32(i64 %r_V, i32 24, i32 27)" [ResNet/pgconv64.h:19]   --->   Operation 31 'partselect' 'p_Result_5' <Predicate = true> <Delay = 0.00>
ST_1 : Operation 32 [1/1] (0.00ns)   --->   "%zext_ln19 = zext i4 %p_Result_5 to i64" [ResNet/pgconv64.h:19]   --->   Operation 32 'zext' 'zext_ln19' <Predicate = true> <Delay = 0.00>
ST_1 : Operation 33 [1/1] (0.00ns)   --->   "%p_Result_6 = call i4 @_ssdm_op_PartSelect.i4.i64.i32.i32(i64 %r_V, i32 28, i32 31)" [ResNet/pgconv64.h:19]   --->   Operation 33 'partselect' 'p_Result_6' <Predicate = true> <Delay = 0.00>
ST_1 : Operation 34 [1/1] (0.00ns)   --->   "%zext_ln19_1 = zext i4 %p_Result_6 to i64" [ResNet/pgconv64.h:19]   --->   Operation 34 'zext' 'zext_ln19_1' <Predicate = true> <Delay = 0.00>
ST_1 : Operation 35 [1/1] (0.00ns)   --->   "%lut16_V_1_addr_6 = getelementptr [16 x i3]* @lut16_V_1, i64 0, i64 %zext_ln19" [ResNet/pgconv64.h:19]   --->   Operation 35 'getelementptr' 'lut16_V_1_addr_6' <Predicate = true> <Delay = 0.00>
ST_1 : Operation 36 [2/2] (1.35ns)   --->   "%lut16_V_1_load_6 = load i3* %lut16_V_1_addr_6, align 1" [ResNet/pgconv64.h:19]   --->   Operation 36 'load' 'lut16_V_1_load_6' <Predicate = true> <Delay = 1.35> <Core = "ROM_nP">   --->   Core 52 'ROM_nP' <Latency = 1> <II = 1> <Delay = 1.35> <Storage> <Opcode : 'load'> <Ports = 0> <Width = 3> <Depth = 16> <ROM>
ST_1 : Operation 37 [1/1] (0.00ns)   --->   "%lut16_V_1_addr_7 = getelementptr [16 x i3]* @lut16_V_1, i64 0, i64 %zext_ln19_1" [ResNet/pgconv64.h:19]   --->   Operation 37 'getelementptr' 'lut16_V_1_addr_7' <Predicate = true> <Delay = 0.00>
ST_1 : Operation 38 [2/2] (1.35ns)   --->   "%lut16_V_1_load_7 = load i3* %lut16_V_1_addr_7, align 1" [ResNet/pgconv64.h:19]   --->   Operation 38 'load' 'lut16_V_1_load_7' <Predicate = true> <Delay = 1.35> <Core = "ROM_nP">   --->   Core 52 'ROM_nP' <Latency = 1> <II = 1> <Delay = 1.35> <Storage> <Opcode : 'load'> <Ports = 0> <Width = 3> <Depth = 16> <ROM>
ST_1 : Operation 39 [1/1] (0.00ns)   --->   "%p_Result_7 = call i4 @_ssdm_op_PartSelect.i4.i64.i32.i32(i64 %r_V, i32 32, i32 35)" [ResNet/pgconv64.h:20]   --->   Operation 39 'partselect' 'p_Result_7' <Predicate = true> <Delay = 0.00>
ST_1 : Operation 40 [1/1] (0.00ns)   --->   "%zext_ln20 = zext i4 %p_Result_7 to i64" [ResNet/pgconv64.h:20]   --->   Operation 40 'zext' 'zext_ln20' <Predicate = true> <Delay = 0.00>
ST_1 : Operation 41 [1/1] (0.00ns)   --->   "%p_Result_8 = call i4 @_ssdm_op_PartSelect.i4.i64.i32.i32(i64 %r_V, i32 36, i32 39)" [ResNet/pgconv64.h:20]   --->   Operation 41 'partselect' 'p_Result_8' <Predicate = true> <Delay = 0.00>
ST_1 : Operation 42 [1/1] (0.00ns)   --->   "%zext_ln20_1 = zext i4 %p_Result_8 to i64" [ResNet/pgconv64.h:20]   --->   Operation 42 'zext' 'zext_ln20_1' <Predicate = true> <Delay = 0.00>
ST_1 : Operation 43 [1/1] (0.00ns)   --->   "%lut16_V_1_addr_8 = getelementptr [16 x i3]* @lut16_V_1, i64 0, i64 %zext_ln20" [ResNet/pgconv64.h:20]   --->   Operation 43 'getelementptr' 'lut16_V_1_addr_8' <Predicate = true> <Delay = 0.00>
ST_1 : Operation 44 [2/2] (1.35ns)   --->   "%lut16_V_1_load_8 = load i3* %lut16_V_1_addr_8, align 1" [ResNet/pgconv64.h:20]   --->   Operation 44 'load' 'lut16_V_1_load_8' <Predicate = true> <Delay = 1.35> <Core = "ROM_nP">   --->   Core 52 'ROM_nP' <Latency = 1> <II = 1> <Delay = 1.35> <Storage> <Opcode : 'load'> <Ports = 0> <Width = 3> <Depth = 16> <ROM>
ST_1 : Operation 45 [1/1] (0.00ns)   --->   "%lut16_V_1_addr_9 = getelementptr [16 x i3]* @lut16_V_1, i64 0, i64 %zext_ln20_1" [ResNet/pgconv64.h:20]   --->   Operation 45 'getelementptr' 'lut16_V_1_addr_9' <Predicate = true> <Delay = 0.00>
ST_1 : Operation 46 [2/2] (1.35ns)   --->   "%lut16_V_1_load_9 = load i3* %lut16_V_1_addr_9, align 1" [ResNet/pgconv64.h:20]   --->   Operation 46 'load' 'lut16_V_1_load_9' <Predicate = true> <Delay = 1.35> <Core = "ROM_nP">   --->   Core 52 'ROM_nP' <Latency = 1> <II = 1> <Delay = 1.35> <Storage> <Opcode : 'load'> <Ports = 0> <Width = 3> <Depth = 16> <ROM>
ST_1 : Operation 47 [1/1] (0.00ns)   --->   "%p_Result_9 = call i4 @_ssdm_op_PartSelect.i4.i64.i32.i32(i64 %r_V, i32 40, i32 43)" [ResNet/pgconv64.h:21]   --->   Operation 47 'partselect' 'p_Result_9' <Predicate = true> <Delay = 0.00>
ST_1 : Operation 48 [1/1] (0.00ns)   --->   "%zext_ln21 = zext i4 %p_Result_9 to i64" [ResNet/pgconv64.h:21]   --->   Operation 48 'zext' 'zext_ln21' <Predicate = true> <Delay = 0.00>
ST_1 : Operation 49 [1/1] (0.00ns)   --->   "%p_Result_10 = call i4 @_ssdm_op_PartSelect.i4.i64.i32.i32(i64 %r_V, i32 44, i32 47)" [ResNet/pgconv64.h:21]   --->   Operation 49 'partselect' 'p_Result_10' <Predicate = true> <Delay = 0.00>
ST_1 : Operation 50 [1/1] (0.00ns)   --->   "%zext_ln21_1 = zext i4 %p_Result_10 to i64" [ResNet/pgconv64.h:21]   --->   Operation 50 'zext' 'zext_ln21_1' <Predicate = true> <Delay = 0.00>
ST_1 : Operation 51 [1/1] (0.00ns)   --->   "%lut16_V_1_addr_10 = getelementptr [16 x i3]* @lut16_V_1, i64 0, i64 %zext_ln21" [ResNet/pgconv64.h:21]   --->   Operation 51 'getelementptr' 'lut16_V_1_addr_10' <Predicate = true> <Delay = 0.00>
ST_1 : Operation 52 [2/2] (1.35ns)   --->   "%lut16_V_1_load_10 = load i3* %lut16_V_1_addr_10, align 1" [ResNet/pgconv64.h:21]   --->   Operation 52 'load' 'lut16_V_1_load_10' <Predicate = true> <Delay = 1.35> <Core = "ROM_nP">   --->   Core 52 'ROM_nP' <Latency = 1> <II = 1> <Delay = 1.35> <Storage> <Opcode : 'load'> <Ports = 0> <Width = 3> <Depth = 16> <ROM>
ST_1 : Operation 53 [1/1] (0.00ns)   --->   "%lut16_V_1_addr_11 = getelementptr [16 x i3]* @lut16_V_1, i64 0, i64 %zext_ln21_1" [ResNet/pgconv64.h:21]   --->   Operation 53 'getelementptr' 'lut16_V_1_addr_11' <Predicate = true> <Delay = 0.00>
ST_1 : Operation 54 [2/2] (1.35ns)   --->   "%lut16_V_1_load_11 = load i3* %lut16_V_1_addr_11, align 1" [ResNet/pgconv64.h:21]   --->   Operation 54 'load' 'lut16_V_1_load_11' <Predicate = true> <Delay = 1.35> <Core = "ROM_nP">   --->   Core 52 'ROM_nP' <Latency = 1> <II = 1> <Delay = 1.35> <Storage> <Opcode : 'load'> <Ports = 0> <Width = 3> <Depth = 16> <ROM>
ST_1 : Operation 55 [1/1] (0.00ns)   --->   "%p_Result_11 = call i4 @_ssdm_op_PartSelect.i4.i64.i32.i32(i64 %r_V, i32 48, i32 51)" [ResNet/pgconv64.h:22]   --->   Operation 55 'partselect' 'p_Result_11' <Predicate = true> <Delay = 0.00>
ST_1 : Operation 56 [1/1] (0.00ns)   --->   "%zext_ln22 = zext i4 %p_Result_11 to i64" [ResNet/pgconv64.h:22]   --->   Operation 56 'zext' 'zext_ln22' <Predicate = true> <Delay = 0.00>
ST_1 : Operation 57 [1/1] (0.00ns)   --->   "%p_Result_12 = call i4 @_ssdm_op_PartSelect.i4.i64.i32.i32(i64 %r_V, i32 52, i32 55)" [ResNet/pgconv64.h:22]   --->   Operation 57 'partselect' 'p_Result_12' <Predicate = true> <Delay = 0.00>
ST_1 : Operation 58 [1/1] (0.00ns)   --->   "%zext_ln22_1 = zext i4 %p_Result_12 to i64" [ResNet/pgconv64.h:22]   --->   Operation 58 'zext' 'zext_ln22_1' <Predicate = true> <Delay = 0.00>
ST_1 : Operation 59 [1/1] (0.00ns)   --->   "%lut16_V_1_addr_12 = getelementptr [16 x i3]* @lut16_V_1, i64 0, i64 %zext_ln22" [ResNet/pgconv64.h:22]   --->   Operation 59 'getelementptr' 'lut16_V_1_addr_12' <Predicate = true> <Delay = 0.00>
ST_1 : Operation 60 [2/2] (1.35ns)   --->   "%lut16_V_1_load_12 = load i3* %lut16_V_1_addr_12, align 1" [ResNet/pgconv64.h:22]   --->   Operation 60 'load' 'lut16_V_1_load_12' <Predicate = true> <Delay = 1.35> <Core = "ROM_nP">   --->   Core 52 'ROM_nP' <Latency = 1> <II = 1> <Delay = 1.35> <Storage> <Opcode : 'load'> <Ports = 0> <Width = 3> <Depth = 16> <ROM>
ST_1 : Operation 61 [1/1] (0.00ns)   --->   "%lut16_V_1_addr_13 = getelementptr [16 x i3]* @lut16_V_1, i64 0, i64 %zext_ln22_1" [ResNet/pgconv64.h:22]   --->   Operation 61 'getelementptr' 'lut16_V_1_addr_13' <Predicate = true> <Delay = 0.00>
ST_1 : Operation 62 [2/2] (1.35ns)   --->   "%lut16_V_1_load_13 = load i3* %lut16_V_1_addr_13, align 1" [ResNet/pgconv64.h:22]   --->   Operation 62 'load' 'lut16_V_1_load_13' <Predicate = true> <Delay = 1.35> <Core = "ROM_nP">   --->   Core 52 'ROM_nP' <Latency = 1> <II = 1> <Delay = 1.35> <Storage> <Opcode : 'load'> <Ports = 0> <Width = 3> <Depth = 16> <ROM>
ST_1 : Operation 63 [1/1] (0.00ns)   --->   "%p_Result_13 = call i4 @_ssdm_op_PartSelect.i4.i64.i32.i32(i64 %r_V, i32 56, i32 59)" [ResNet/pgconv64.h:23]   --->   Operation 63 'partselect' 'p_Result_13' <Predicate = true> <Delay = 0.00>
ST_1 : Operation 64 [1/1] (0.00ns)   --->   "%zext_ln23 = zext i4 %p_Result_13 to i64" [ResNet/pgconv64.h:23]   --->   Operation 64 'zext' 'zext_ln23' <Predicate = true> <Delay = 0.00>
ST_1 : Operation 65 [1/1] (0.00ns)   --->   "%p_Result_14 = call i4 @_ssdm_op_PartSelect.i4.i64.i32.i32(i64 %r_V, i32 60, i32 63)" [ResNet/pgconv64.h:23]   --->   Operation 65 'partselect' 'p_Result_14' <Predicate = true> <Delay = 0.00>
ST_1 : Operation 66 [1/1] (0.00ns)   --->   "%zext_ln23_1 = zext i4 %p_Result_14 to i64" [ResNet/pgconv64.h:23]   --->   Operation 66 'zext' 'zext_ln23_1' <Predicate = true> <Delay = 0.00>
ST_1 : Operation 67 [1/1] (0.00ns)   --->   "%lut16_V_1_addr_14 = getelementptr [16 x i3]* @lut16_V_1, i64 0, i64 %zext_ln23" [ResNet/pgconv64.h:23]   --->   Operation 67 'getelementptr' 'lut16_V_1_addr_14' <Predicate = true> <Delay = 0.00>
ST_1 : Operation 68 [2/2] (1.35ns)   --->   "%lut16_V_1_load_14 = load i3* %lut16_V_1_addr_14, align 1" [ResNet/pgconv64.h:23]   --->   Operation 68 'load' 'lut16_V_1_load_14' <Predicate = true> <Delay = 1.35> <Core = "ROM_nP">   --->   Core 52 'ROM_nP' <Latency = 1> <II = 1> <Delay = 1.35> <Storage> <Opcode : 'load'> <Ports = 0> <Width = 3> <Depth = 16> <ROM>
ST_1 : Operation 69 [1/1] (0.00ns)   --->   "%lut16_V_1_addr_15 = getelementptr [16 x i3]* @lut16_V_1, i64 0, i64 %zext_ln23_1" [ResNet/pgconv64.h:23]   --->   Operation 69 'getelementptr' 'lut16_V_1_addr_15' <Predicate = true> <Delay = 0.00>
ST_1 : Operation 70 [2/2] (1.35ns)   --->   "%lut16_V_1_load_15 = load i3* %lut16_V_1_addr_15, align 1" [ResNet/pgconv64.h:23]   --->   Operation 70 'load' 'lut16_V_1_load_15' <Predicate = true> <Delay = 1.35> <Core = "ROM_nP">   --->   Core 52 'ROM_nP' <Latency = 1> <II = 1> <Delay = 1.35> <Storage> <Opcode : 'load'> <Ports = 0> <Width = 3> <Depth = 16> <ROM>

State 2 <SV = 1> <Delay = 4.72>
ST_2 : Operation 71 [1/1] (0.00ns)   --->   "call void (...)* @_ssdm_op_SpecPipeline(i32 -1, i32 1, i32 1, i32 0, [1 x i8]* @p_str251) nounwind" [ResNet/pgconv64.h:10]   --->   Operation 71 'specpipeline' <Predicate = true> <Delay = 0.00>
ST_2 : Operation 72 [1/2] (1.35ns)   --->   "%lut16_V_1_load = load i3* %lut16_V_1_addr, align 1" [ResNet/pgconv64.h:16]   --->   Operation 72 'load' 'lut16_V_1_load' <Predicate = true> <Delay = 1.35> <Core = "ROM_nP">   --->   Core 52 'ROM_nP' <Latency = 1> <II = 1> <Delay = 1.35> <Storage> <Opcode : 'load'> <Ports = 0> <Width = 3> <Depth = 16> <ROM>
ST_2 : Operation 73 [1/1] (0.00ns)   --->   "%zext_ln215 = zext i3 %lut16_V_1_load to i4" [ResNet/pgconv64.h:16]   --->   Operation 73 'zext' 'zext_ln215' <Predicate = true> <Delay = 0.00>
ST_2 : Operation 74 [1/2] (1.35ns)   --->   "%lut16_V_1_load_1 = load i3* %lut16_V_1_addr_1, align 1" [ResNet/pgconv64.h:16]   --->   Operation 74 'load' 'lut16_V_1_load_1' <Predicate = true> <Delay = 1.35> <Core = "ROM_nP">   --->   Core 52 'ROM_nP' <Latency = 1> <II = 1> <Delay = 1.35> <Storage> <Opcode : 'load'> <Ports = 0> <Width = 3> <Depth = 16> <ROM>
ST_2 : Operation 75 [1/1] (0.00ns)   --->   "%zext_ln215_1 = zext i3 %lut16_V_1_load_1 to i4" [ResNet/pgconv64.h:16]   --->   Operation 75 'zext' 'zext_ln215_1' <Predicate = true> <Delay = 0.00>
ST_2 : Operation 76 [1/1] (0.74ns)   --->   "%add0_V = add i4 %zext_ln215_1, %zext_ln215" [ResNet/pgconv64.h:16]   --->   Operation 76 'add' 'add0_V' <Predicate = true> <Delay = 0.74> <Core = "AddSub">   --->   Core 14 'AddSub' <Latency = 0> <II = 1> <Delay = 0.87> <FuncUnit> <Opcode : 'add' 'sub'> <InPorts = 2> <OutPorts = 1>
ST_2 : Operation 77 [1/2] (1.35ns)   --->   "%lut16_V_1_load_2 = load i3* %lut16_V_1_addr_2, align 1" [ResNet/pgconv64.h:17]   --->   Operation 77 'load' 'lut16_V_1_load_2' <Predicate = true> <Delay = 1.35> <Core = "ROM_nP">   --->   Core 52 'ROM_nP' <Latency = 1> <II = 1> <Delay = 1.35> <Storage> <Opcode : 'load'> <Ports = 0> <Width = 3> <Depth = 16> <ROM>
ST_2 : Operation 78 [1/1] (0.00ns)   --->   "%zext_ln215_2 = zext i3 %lut16_V_1_load_2 to i4" [ResNet/pgconv64.h:17]   --->   Operation 78 'zext' 'zext_ln215_2' <Predicate = true> <Delay = 0.00>
ST_2 : Operation 79 [1/2] (1.35ns)   --->   "%lut16_V_1_load_3 = load i3* %lut16_V_1_addr_3, align 1" [ResNet/pgconv64.h:17]   --->   Operation 79 'load' 'lut16_V_1_load_3' <Predicate = true> <Delay = 1.35> <Core = "ROM_nP">   --->   Core 52 'ROM_nP' <Latency = 1> <II = 1> <Delay = 1.35> <Storage> <Opcode : 'load'> <Ports = 0> <Width = 3> <Depth = 16> <ROM>
ST_2 : Operation 80 [1/1] (0.00ns)   --->   "%zext_ln215_3 = zext i3 %lut16_V_1_load_3 to i4" [ResNet/pgconv64.h:17]   --->   Operation 80 'zext' 'zext_ln215_3' <Predicate = true> <Delay = 0.00>
ST_2 : Operation 81 [1/1] (0.74ns)   --->   "%add1_V = add i4 %zext_ln215_3, %zext_ln215_2" [ResNet/pgconv64.h:17]   --->   Operation 81 'add' 'add1_V' <Predicate = true> <Delay = 0.74> <Core = "AddSub">   --->   Core 14 'AddSub' <Latency = 0> <II = 1> <Delay = 0.87> <FuncUnit> <Opcode : 'add' 'sub'> <InPorts = 2> <OutPorts = 1>
ST_2 : Operation 82 [1/2] (1.35ns)   --->   "%lut16_V_1_load_4 = load i3* %lut16_V_1_addr_4, align 1" [ResNet/pgconv64.h:18]   --->   Operation 82 'load' 'lut16_V_1_load_4' <Predicate = true> <Delay = 1.35> <Core = "ROM_nP">   --->   Core 52 'ROM_nP' <Latency = 1> <II = 1> <Delay = 1.35> <Storage> <Opcode : 'load'> <Ports = 0> <Width = 3> <Depth = 16> <ROM>
ST_2 : Operation 83 [1/1] (0.00ns)   --->   "%zext_ln215_4 = zext i3 %lut16_V_1_load_4 to i4" [ResNet/pgconv64.h:18]   --->   Operation 83 'zext' 'zext_ln215_4' <Predicate = true> <Delay = 0.00>
ST_2 : Operation 84 [1/2] (1.35ns)   --->   "%lut16_V_1_load_5 = load i3* %lut16_V_1_addr_5, align 1" [ResNet/pgconv64.h:18]   --->   Operation 84 'load' 'lut16_V_1_load_5' <Predicate = true> <Delay = 1.35> <Core = "ROM_nP">   --->   Core 52 'ROM_nP' <Latency = 1> <II = 1> <Delay = 1.35> <Storage> <Opcode : 'load'> <Ports = 0> <Width = 3> <Depth = 16> <ROM>
ST_2 : Operation 85 [1/1] (0.00ns)   --->   "%zext_ln215_5 = zext i3 %lut16_V_1_load_5 to i4" [ResNet/pgconv64.h:18]   --->   Operation 85 'zext' 'zext_ln215_5' <Predicate = true> <Delay = 0.00>
ST_2 : Operation 86 [1/1] (0.74ns)   --->   "%add2_V = add i4 %zext_ln215_5, %zext_ln215_4" [ResNet/pgconv64.h:18]   --->   Operation 86 'add' 'add2_V' <Predicate = true> <Delay = 0.74> <Core = "AddSub">   --->   Core 14 'AddSub' <Latency = 0> <II = 1> <Delay = 0.87> <FuncUnit> <Opcode : 'add' 'sub'> <InPorts = 2> <OutPorts = 1>
ST_2 : Operation 87 [1/2] (1.35ns)   --->   "%lut16_V_1_load_6 = load i3* %lut16_V_1_addr_6, align 1" [ResNet/pgconv64.h:19]   --->   Operation 87 'load' 'lut16_V_1_load_6' <Predicate = true> <Delay = 1.35> <Core = "ROM_nP">   --->   Core 52 'ROM_nP' <Latency = 1> <II = 1> <Delay = 1.35> <Storage> <Opcode : 'load'> <Ports = 0> <Width = 3> <Depth = 16> <ROM>
ST_2 : Operation 88 [1/1] (0.00ns)   --->   "%zext_ln215_6 = zext i3 %lut16_V_1_load_6 to i4" [ResNet/pgconv64.h:19]   --->   Operation 88 'zext' 'zext_ln215_6' <Predicate = true> <Delay = 0.00>
ST_2 : Operation 89 [1/2] (1.35ns)   --->   "%lut16_V_1_load_7 = load i3* %lut16_V_1_addr_7, align 1" [ResNet/pgconv64.h:19]   --->   Operation 89 'load' 'lut16_V_1_load_7' <Predicate = true> <Delay = 1.35> <Core = "ROM_nP">   --->   Core 52 'ROM_nP' <Latency = 1> <II = 1> <Delay = 1.35> <Storage> <Opcode : 'load'> <Ports = 0> <Width = 3> <Depth = 16> <ROM>
ST_2 : Operation 90 [1/1] (0.00ns)   --->   "%zext_ln215_7 = zext i3 %lut16_V_1_load_7 to i4" [ResNet/pgconv64.h:19]   --->   Operation 90 'zext' 'zext_ln215_7' <Predicate = true> <Delay = 0.00>
ST_2 : Operation 91 [1/1] (0.74ns)   --->   "%add3_V = add i4 %zext_ln215_7, %zext_ln215_6" [ResNet/pgconv64.h:19]   --->   Operation 91 'add' 'add3_V' <Predicate = true> <Delay = 0.74> <Core = "AddSub">   --->   Core 14 'AddSub' <Latency = 0> <II = 1> <Delay = 0.87> <FuncUnit> <Opcode : 'add' 'sub'> <InPorts = 2> <OutPorts = 1>
ST_2 : Operation 92 [1/2] (1.35ns)   --->   "%lut16_V_1_load_8 = load i3* %lut16_V_1_addr_8, align 1" [ResNet/pgconv64.h:20]   --->   Operation 92 'load' 'lut16_V_1_load_8' <Predicate = true> <Delay = 1.35> <Core = "ROM_nP">   --->   Core 52 'ROM_nP' <Latency = 1> <II = 1> <Delay = 1.35> <Storage> <Opcode : 'load'> <Ports = 0> <Width = 3> <Depth = 16> <ROM>
ST_2 : Operation 93 [1/1] (0.00ns)   --->   "%zext_ln215_8 = zext i3 %lut16_V_1_load_8 to i4" [ResNet/pgconv64.h:20]   --->   Operation 93 'zext' 'zext_ln215_8' <Predicate = true> <Delay = 0.00>
ST_2 : Operation 94 [1/2] (1.35ns)   --->   "%lut16_V_1_load_9 = load i3* %lut16_V_1_addr_9, align 1" [ResNet/pgconv64.h:20]   --->   Operation 94 'load' 'lut16_V_1_load_9' <Predicate = true> <Delay = 1.35> <Core = "ROM_nP">   --->   Core 52 'ROM_nP' <Latency = 1> <II = 1> <Delay = 1.35> <Storage> <Opcode : 'load'> <Ports = 0> <Width = 3> <Depth = 16> <ROM>
ST_2 : Operation 95 [1/1] (0.00ns)   --->   "%zext_ln215_9 = zext i3 %lut16_V_1_load_9 to i4" [ResNet/pgconv64.h:20]   --->   Operation 95 'zext' 'zext_ln215_9' <Predicate = true> <Delay = 0.00>
ST_2 : Operation 96 [1/1] (0.74ns)   --->   "%add4_V = add i4 %zext_ln215_9, %zext_ln215_8" [ResNet/pgconv64.h:20]   --->   Operation 96 'add' 'add4_V' <Predicate = true> <Delay = 0.74> <Core = "AddSub">   --->   Core 14 'AddSub' <Latency = 0> <II = 1> <Delay = 0.87> <FuncUnit> <Opcode : 'add' 'sub'> <InPorts = 2> <OutPorts = 1>
ST_2 : Operation 97 [1/2] (1.35ns)   --->   "%lut16_V_1_load_10 = load i3* %lut16_V_1_addr_10, align 1" [ResNet/pgconv64.h:21]   --->   Operation 97 'load' 'lut16_V_1_load_10' <Predicate = true> <Delay = 1.35> <Core = "ROM_nP">   --->   Core 52 'ROM_nP' <Latency = 1> <II = 1> <Delay = 1.35> <Storage> <Opcode : 'load'> <Ports = 0> <Width = 3> <Depth = 16> <ROM>
ST_2 : Operation 98 [1/1] (0.00ns)   --->   "%zext_ln215_10 = zext i3 %lut16_V_1_load_10 to i4" [ResNet/pgconv64.h:21]   --->   Operation 98 'zext' 'zext_ln215_10' <Predicate = true> <Delay = 0.00>
ST_2 : Operation 99 [1/2] (1.35ns)   --->   "%lut16_V_1_load_11 = load i3* %lut16_V_1_addr_11, align 1" [ResNet/pgconv64.h:21]   --->   Operation 99 'load' 'lut16_V_1_load_11' <Predicate = true> <Delay = 1.35> <Core = "ROM_nP">   --->   Core 52 'ROM_nP' <Latency = 1> <II = 1> <Delay = 1.35> <Storage> <Opcode : 'load'> <Ports = 0> <Width = 3> <Depth = 16> <ROM>
ST_2 : Operation 100 [1/1] (0.00ns)   --->   "%zext_ln215_11 = zext i3 %lut16_V_1_load_11 to i4" [ResNet/pgconv64.h:21]   --->   Operation 100 'zext' 'zext_ln215_11' <Predicate = true> <Delay = 0.00>
ST_2 : Operation 101 [1/1] (0.74ns)   --->   "%add5_V = add i4 %zext_ln215_11, %zext_ln215_10" [ResNet/pgconv64.h:21]   --->   Operation 101 'add' 'add5_V' <Predicate = true> <Delay = 0.74> <Core = "AddSub">   --->   Core 14 'AddSub' <Latency = 0> <II = 1> <Delay = 0.87> <FuncUnit> <Opcode : 'add' 'sub'> <InPorts = 2> <OutPorts = 1>
ST_2 : Operation 102 [1/2] (1.35ns)   --->   "%lut16_V_1_load_12 = load i3* %lut16_V_1_addr_12, align 1" [ResNet/pgconv64.h:22]   --->   Operation 102 'load' 'lut16_V_1_load_12' <Predicate = true> <Delay = 1.35> <Core = "ROM_nP">   --->   Core 52 'ROM_nP' <Latency = 1> <II = 1> <Delay = 1.35> <Storage> <Opcode : 'load'> <Ports = 0> <Width = 3> <Depth = 16> <ROM>
ST_2 : Operation 103 [1/1] (0.00ns)   --->   "%zext_ln215_12 = zext i3 %lut16_V_1_load_12 to i4" [ResNet/pgconv64.h:22]   --->   Operation 103 'zext' 'zext_ln215_12' <Predicate = true> <Delay = 0.00>
ST_2 : Operation 104 [1/2] (1.35ns)   --->   "%lut16_V_1_load_13 = load i3* %lut16_V_1_addr_13, align 1" [ResNet/pgconv64.h:22]   --->   Operation 104 'load' 'lut16_V_1_load_13' <Predicate = true> <Delay = 1.35> <Core = "ROM_nP">   --->   Core 52 'ROM_nP' <Latency = 1> <II = 1> <Delay = 1.35> <Storage> <Opcode : 'load'> <Ports = 0> <Width = 3> <Depth = 16> <ROM>
ST_2 : Operation 105 [1/1] (0.00ns)   --->   "%zext_ln215_13 = zext i3 %lut16_V_1_load_13 to i4" [ResNet/pgconv64.h:22]   --->   Operation 105 'zext' 'zext_ln215_13' <Predicate = true> <Delay = 0.00>
ST_2 : Operation 106 [1/1] (0.74ns)   --->   "%add6_V = add i4 %zext_ln215_13, %zext_ln215_12" [ResNet/pgconv64.h:22]   --->   Operation 106 'add' 'add6_V' <Predicate = true> <Delay = 0.74> <Core = "AddSub">   --->   Core 14 'AddSub' <Latency = 0> <II = 1> <Delay = 0.87> <FuncUnit> <Opcode : 'add' 'sub'> <InPorts = 2> <OutPorts = 1>
ST_2 : Operation 107 [1/2] (1.35ns)   --->   "%lut16_V_1_load_14 = load i3* %lut16_V_1_addr_14, align 1" [ResNet/pgconv64.h:23]   --->   Operation 107 'load' 'lut16_V_1_load_14' <Predicate = true> <Delay = 1.35> <Core = "ROM_nP">   --->   Core 52 'ROM_nP' <Latency = 1> <II = 1> <Delay = 1.35> <Storage> <Opcode : 'load'> <Ports = 0> <Width = 3> <Depth = 16> <ROM>
ST_2 : Operation 108 [1/1] (0.00ns)   --->   "%zext_ln215_14 = zext i3 %lut16_V_1_load_14 to i4" [ResNet/pgconv64.h:23]   --->   Operation 108 'zext' 'zext_ln215_14' <Predicate = true> <Delay = 0.00>
ST_2 : Operation 109 [1/2] (1.35ns)   --->   "%lut16_V_1_load_15 = load i3* %lut16_V_1_addr_15, align 1" [ResNet/pgconv64.h:23]   --->   Operation 109 'load' 'lut16_V_1_load_15' <Predicate = true> <Delay = 1.35> <Core = "ROM_nP">   --->   Core 52 'ROM_nP' <Latency = 1> <II = 1> <Delay = 1.35> <Storage> <Opcode : 'load'> <Ports = 0> <Width = 3> <Depth = 16> <ROM>
ST_2 : Operation 110 [1/1] (0.00ns)   --->   "%zext_ln215_15 = zext i3 %lut16_V_1_load_15 to i4" [ResNet/pgconv64.h:23]   --->   Operation 110 'zext' 'zext_ln215_15' <Predicate = true> <Delay = 0.00>
ST_2 : Operation 111 [1/1] (0.74ns)   --->   "%add7_V = add i4 %zext_ln215_15, %zext_ln215_14" [ResNet/pgconv64.h:23]   --->   Operation 111 'add' 'add7_V' <Predicate = true> <Delay = 0.74> <Core = "AddSub">   --->   Core 14 'AddSub' <Latency = 0> <II = 1> <Delay = 0.87> <FuncUnit> <Opcode : 'add' 'sub'> <InPorts = 2> <OutPorts = 1>
ST_2 : Operation 112 [1/1] (0.00ns)   --->   "%lhs_V = sext i4 %add0_V to i5" [ResNet/pgconv64.h:25]   --->   Operation 112 'sext' 'lhs_V' <Predicate = true> <Delay = 0.00>
ST_2 : Operation 113 [1/1] (0.00ns)   --->   "%rhs_V = sext i4 %add1_V to i5" [ResNet/pgconv64.h:25]   --->   Operation 113 'sext' 'rhs_V' <Predicate = true> <Delay = 0.00>
ST_2 : Operation 114 [1/1] (0.86ns)   --->   "%ret_V = add nsw i5 %rhs_V, %lhs_V" [ResNet/pgconv64.h:25]   --->   Operation 114 'add' 'ret_V' <Predicate = true> <Delay = 0.86> <Core = "AddSub">   --->   Core 14 'AddSub' <Latency = 0> <II = 1> <Delay = 0.87> <FuncUnit> <Opcode : 'add' 'sub'> <InPorts = 2> <OutPorts = 1>
ST_2 : Operation 115 [1/1] (0.00ns)   --->   "%lhs_V_4 = sext i4 %add2_V to i5" [ResNet/pgconv64.h:26]   --->   Operation 115 'sext' 'lhs_V_4' <Predicate = true> <Delay = 0.00>
ST_2 : Operation 116 [1/1] (0.00ns)   --->   "%rhs_V_3 = sext i4 %add3_V to i5" [ResNet/pgconv64.h:26]   --->   Operation 116 'sext' 'rhs_V_3' <Predicate = true> <Delay = 0.00>
ST_2 : Operation 117 [1/1] (0.86ns)   --->   "%ret_V_4 = add nsw i5 %rhs_V_3, %lhs_V_4" [ResNet/pgconv64.h:26]   --->   Operation 117 'add' 'ret_V_4' <Predicate = true> <Delay = 0.86> <Core = "AddSub">   --->   Core 14 'AddSub' <Latency = 0> <II = 1> <Delay = 0.87> <FuncUnit> <Opcode : 'add' 'sub'> <InPorts = 2> <OutPorts = 1>
ST_2 : Operation 118 [1/1] (0.00ns)   --->   "%lhs_V_5 = sext i4 %add4_V to i5" [ResNet/pgconv64.h:27]   --->   Operation 118 'sext' 'lhs_V_5' <Predicate = true> <Delay = 0.00>
ST_2 : Operation 119 [1/1] (0.00ns)   --->   "%rhs_V_4 = sext i4 %add5_V to i5" [ResNet/pgconv64.h:27]   --->   Operation 119 'sext' 'rhs_V_4' <Predicate = true> <Delay = 0.00>
ST_2 : Operation 120 [1/1] (0.86ns)   --->   "%ret_V_5 = add nsw i5 %rhs_V_4, %lhs_V_5" [ResNet/pgconv64.h:27]   --->   Operation 120 'add' 'ret_V_5' <Predicate = true> <Delay = 0.86> <Core = "AddSub">   --->   Core 14 'AddSub' <Latency = 0> <II = 1> <Delay = 0.87> <FuncUnit> <Opcode : 'add' 'sub'> <InPorts = 2> <OutPorts = 1>
ST_2 : Operation 121 [1/1] (0.00ns)   --->   "%lhs_V_6 = sext i4 %add6_V to i5" [ResNet/pgconv64.h:28]   --->   Operation 121 'sext' 'lhs_V_6' <Predicate = true> <Delay = 0.00>
ST_2 : Operation 122 [1/1] (0.00ns)   --->   "%rhs_V_5 = sext i4 %add7_V to i5" [ResNet/pgconv64.h:28]   --->   Operation 122 'sext' 'rhs_V_5' <Predicate = true> <Delay = 0.00>
ST_2 : Operation 123 [1/1] (0.86ns)   --->   "%ret_V_6 = add nsw i5 %rhs_V_5, %lhs_V_6" [ResNet/pgconv64.h:28]   --->   Operation 123 'add' 'ret_V_6' <Predicate = true> <Delay = 0.86> <Core = "AddSub">   --->   Core 14 'AddSub' <Latency = 0> <II = 1> <Delay = 0.87> <FuncUnit> <Opcode : 'add' 'sub'> <InPorts = 2> <OutPorts = 1>
ST_2 : Operation 124 [1/1] (0.00ns)   --->   "%lhs_V_7 = sext i5 %ret_V to i6" [ResNet/pgconv64.h:30]   --->   Operation 124 'sext' 'lhs_V_7' <Predicate = true> <Delay = 0.00>
ST_2 : Operation 125 [1/1] (0.00ns)   --->   "%rhs_V_6 = sext i5 %ret_V_4 to i6" [ResNet/pgconv64.h:30]   --->   Operation 125 'sext' 'rhs_V_6' <Predicate = true> <Delay = 0.00>
ST_2 : Operation 126 [1/1] (0.00ns)   --->   "%lhs_V_8 = sext i5 %ret_V_5 to i6" [ResNet/pgconv64.h:31]   --->   Operation 126 'sext' 'lhs_V_8' <Predicate = true> <Delay = 0.00>
ST_2 : Operation 127 [1/1] (0.00ns)   --->   "%rhs_V_7 = sext i5 %ret_V_6 to i6" [ResNet/pgconv64.h:31]   --->   Operation 127 'sext' 'rhs_V_7' <Predicate = true> <Delay = 0.00>
ST_2 : Operation 128 [1/1] (0.87ns)   --->   "%add_ln214_1 = add i6 %rhs_V_6, %lhs_V_7" [ResNet/pgconv64.h:33]   --->   Operation 128 'add' 'add_ln214_1' <Predicate = true> <Delay = 0.87> <Core = "AddSub">   --->   Core 14 'AddSub' <Latency = 0> <II = 1> <Delay = 0.87> <FuncUnit> <Opcode : 'add' 'sub'> <InPorts = 2> <OutPorts = 1>
ST_2 : Operation 129 [1/1] (0.00ns) (grouped into TernaryAdder)   --->   "%add_ln214_2 = add i6 %rhs_V_7, %lhs_V_8" [ResNet/pgconv64.h:33]   --->   Operation 129 'add' 'add_ln214_2' <Predicate = true> <Delay = 0.00> <Core = "TAddSub">   --->   Core 83 'TAddSub' <Latency = 0> <II = 1> <Delay = 0.44> <IPBlock> <Opcode : 'add' 'sub'> <InPorts = 3> <OutPorts = 1> <Sync> <CReg>
ST_2 : Operation 130 [1/1] (0.88ns) (root node of TernaryAdder)   --->   "%add_ln214 = add i6 %add_ln214_1, %add_ln214_2" [ResNet/pgconv64.h:33]   --->   Operation 130 'add' 'add_ln214' <Predicate = true> <Delay = 0.88> <Core = "TAddSub">   --->   Core 83 'TAddSub' <Latency = 0> <II = 1> <Delay = 0.44> <IPBlock> <Opcode : 'add' 'sub'> <InPorts = 3> <OutPorts = 1> <Sync> <CReg>
ST_2 : Operation 131 [1/1] (0.00ns)   --->   "ret i6 %add_ln214" [ResNet/pgconv64.h:33]   --->   Operation 131 'ret' <Predicate = true> <Delay = 0.00>


============================================================
+ Verbose Summary: Timing violations
============================================================
Target clock period: 10ns, clock uncertainty: 1.25ns.

 <State 1>: 1.79ns
The critical path consists of the following:
	wire read on port 'w_V' (ResNet/pgconv64.h:11) [6]  (0 ns)
	'xor' operation ('xor_ln769', ResNet/pgconv64.h:11) [8]  (0 ns)
	'xor' operation ('r.V', ResNet/pgconv64.h:11) [9]  (0.441 ns)
	'getelementptr' operation ('lut16_V_1_addr', ResNet/pgconv64.h:16) [14]  (0 ns)
	'load' operation ('lut16_V_1_load', ResNet/pgconv64.h:16) on array 'lut16_V_1' [15]  (1.35 ns)

 <State 2>: 4.73ns
The critical path consists of the following:
	'load' operation ('lut16_V_1_load', ResNet/pgconv64.h:16) on array 'lut16_V_1' [15]  (1.35 ns)
	'add' operation ('add0.V', ResNet/pgconv64.h:16) [20]  (0.746 ns)
	'add' operation ('ret.V', ResNet/pgconv64.h:25) [100]  (0.868 ns)
	'add' operation ('add_ln214_1', ResNet/pgconv64.h:33) [114]  (0.878 ns)
	'add' operation ('add_ln214', ResNet/pgconv64.h:33) [116]  (0.885 ns)


============================================================
+ Verbose Summary: Binding
============================================================
N/A
* FSMD analyzer results:
  - Output states:
 - Input state : 
  - Chain level:
	State 1
	State 2


============================================================
+ Verbose Summary: Datapath Resource usage 
============================================================
N/A
