

================================================================
== Vivado HLS Report for 'pgconv64_64u_s'
================================================================
* Date:           Sun Sep  6 13:25:23 2020

* Version:        2019.2.1 (Build 2724168 on Thu Dec 05 05:19:09 MST 2019)
* Project:        ResNet
* Solution:       solution1
* Product family: zynquplus
* Target device:  xczu3eg-sbva484-1-e


================================================================
== Performance Estimates
================================================================
+ Timing: 
    * Summary: 
    +--------+----------+----------+------------+
    |  Clock |  Target  | Estimated| Uncertainty|
    +--------+----------+----------+------------+
    |ap_clk  | 10.00 ns | 8.454 ns |   1.25 ns  |
    +--------+----------+----------+------------+

+ Latency: 
    * Summary: 
    +---------+---------+----------+----------+-----+-----+---------+
    |  Latency (cycles) |  Latency (absolute) |  Interval | Pipeline|
    |   min   |   max   |    min   |    max   | min | max |   Type  |
    +---------+---------+----------+----------+-----+-----+---------+
    |      327|      327| 3.270 us | 3.270 us |  327|  327|   none  |
    +---------+---------+----------+----------+-----+-----+---------+

    + Detail: 
        * Instance: 
        N/A

        * Loop: 
        +-------------------------+---------+---------+----------+-----------+-----------+------+----------+
        |                         |  Latency (cycles) | Iteration|  Initiation Interval  | Trip |          |
        |        Loop Name        |   min   |   max   |  Latency |  achieved |   target  | Count| Pipelined|
        +-------------------------+---------+---------+----------+-----------+-----------+------+----------+
        |- biconv_row_biconv_col  |      325|      325|        11|          5|          5|    64|    yes   |
        +-------------------------+---------+---------+----------+-----------+-----------+------+----------+

============================================================
+ Verbose Summary: Synthesis Manager
============================================================
InlineROM: 1
ExposeGlobal: 0
============================================================
+ Verbose Summary: CDFG Model
============================================================
IsTopModel: 0
ResetActiveHigh: 1
IsCombinational: 0
IsDatapathOnly: 0
HasWiredReturn: 1
HasMFsm: 0
HasVarLatency: 1
IsPipeline: 0
IsRtlPipelined: 0
IsInstanceOverlapped: 0
IsDontTouch: 0
HasImplIP: 0
IsGatedGlobalClock: 0

+ Individual pipeline summary: 
  * Pipeline-0: initiation interval (II) = 5, depth = 11


============================================================
+ Verbose Summary: Schedule
============================================================
* Number of FSM states : 13
* Pipeline : 1
  Pipeline-0 : II = 5, D = 11, States = { 2 3 4 5 6 7 8 9 10 11 12 }
* Dataflow Pipeline: 0

* FSM state transitions: 
1 --> 2 
2 --> 13 3 
3 --> 4 
4 --> 5 
5 --> 6 
6 --> 7 
7 --> 8 
8 --> 9 
9 --> 10 
10 --> 11 
11 --> 12 
12 --> 2 
13 --> 

* FSM state operations: 

State 1 <SV = 0> <Delay = 0.75>
ST_1 : Operation 14 [1/1] (0.00ns)   --->   "%c_read = call i3 @_ssdm_op_Read.ap_auto.i3(i3 %c)" [ResNet/pgconv64.h:80]   --->   Operation 14 'read' 'c_read' <Predicate = true> <Delay = 0.00>
ST_1 : Operation 15 [1/1] (0.00ns)   --->   "%trunc_ln109 = trunc i3 %c_read to i2" [ResNet/pgconv64.h:109]   --->   Operation 15 'trunc' 'trunc_ln109' <Predicate = true> <Delay = 0.00>
ST_1 : Operation 16 [1/1] (0.75ns)   --->   "br label %1" [ResNet/pgconv64.h:103]   --->   Operation 16 'br' <Predicate = true> <Delay = 0.75>

State 2 <SV = 1> <Delay = 4.49>
ST_2 : Operation 17 [1/1] (0.00ns)   --->   "%indvar_flatten = phi i7 [ 0, %0 ], [ %add_ln103, %biconv_col ]" [ResNet/pgconv64.h:103]   --->   Operation 17 'phi' 'indvar_flatten' <Predicate = true> <Delay = 0.00>
ST_2 : Operation 18 [1/1] (0.00ns)   --->   "%row_0 = phi i4 [ 1, %0 ], [ %select_ln109_2, %biconv_col ]" [ResNet/pgconv64.h:109]   --->   Operation 18 'phi' 'row_0' <Predicate = true> <Delay = 0.00>
ST_2 : Operation 19 [1/1] (0.00ns)   --->   "%col_0 = phi i4 [ 1, %0 ], [ %col, %biconv_col ]"   --->   Operation 19 'phi' 'col_0' <Predicate = true> <Delay = 0.00>
ST_2 : Operation 20 [1/1] (0.86ns)   --->   "%add_ln109 = add i4 %row_0, -1" [ResNet/pgconv64.h:109]   --->   Operation 20 'add' 'add_ln109' <Predicate = true> <Delay = 0.86> <Core = "AddSub">   --->   Core 14 'AddSub' <Latency = 0> <II = 1> <Delay = 0.90> <FuncUnit> <Opcode : 'add' 'sub'> <InPorts = 2> <OutPorts = 1>
ST_2 : Operation 21 [1/1] (0.86ns)   --->   "%row = add i4 %row_0, 1" [ResNet/pgconv64.h:115]   --->   Operation 21 'add' 'row' <Predicate = true> <Delay = 0.86> <Core = "AddSub">   --->   Core 14 'AddSub' <Latency = 0> <II = 1> <Delay = 0.90> <FuncUnit> <Opcode : 'add' 'sub'> <InPorts = 2> <OutPorts = 1>
ST_2 : Operation 22 [1/1] (0.86ns)   --->   "%icmp_ln103 = icmp eq i7 %indvar_flatten, -64" [ResNet/pgconv64.h:103]   --->   Operation 22 'icmp' 'icmp_ln103' <Predicate = true> <Delay = 0.86> <Core = "Cmp">   --->   Core 25 'Cmp' <Latency = 0> <II = 1> <Delay = 0.87> <FuncUnit> <Opcode : 'icmp'> <InPorts = 2> <OutPorts = 1>
ST_2 : Operation 23 [1/1] (0.89ns)   --->   "%add_ln103 = add i7 %indvar_flatten, 1" [ResNet/pgconv64.h:103]   --->   Operation 23 'add' 'add_ln103' <Predicate = true> <Delay = 0.89> <Core = "AddSub">   --->   Core 14 'AddSub' <Latency = 0> <II = 1> <Delay = 0.90> <FuncUnit> <Opcode : 'add' 'sub'> <InPorts = 2> <OutPorts = 1>
ST_2 : Operation 24 [1/1] (0.00ns)   --->   "br i1 %icmp_ln103, label %2, label %biconv_col" [ResNet/pgconv64.h:103]   --->   Operation 24 'br' <Predicate = true> <Delay = 0.00>
ST_2 : Operation 25 [1/1] (0.88ns)   --->   "%icmp_ln104 = icmp eq i4 %col_0, -7" [ResNet/pgconv64.h:104]   --->   Operation 25 'icmp' 'icmp_ln104' <Predicate = (!icmp_ln103)> <Delay = 0.88> <Core = "Cmp">   --->   Core 25 'Cmp' <Latency = 0> <II = 1> <Delay = 0.87> <FuncUnit> <Opcode : 'icmp'> <InPorts = 2> <OutPorts = 1>
ST_2 : Operation 26 [1/1] (0.45ns)   --->   "%select_ln109 = select i1 %icmp_ln104, i4 1, i4 %col_0" [ResNet/pgconv64.h:109]   --->   Operation 26 'select' 'select_ln109' <Predicate = (!icmp_ln103)> <Delay = 0.45> <Core = "Sel">   --->   Core 26 'Sel' <Latency = 0> <II = 1> <Delay = 0.44> <FuncUnit> <Opcode : 'select'> <InPorts = 3> <OutPorts = 1>
ST_2 : Operation 27 [1/1] (0.45ns)   --->   "%select_ln109_1 = select i1 %icmp_ln104, i4 %row_0, i4 %add_ln109" [ResNet/pgconv64.h:109]   --->   Operation 27 'select' 'select_ln109_1' <Predicate = (!icmp_ln103)> <Delay = 0.45> <Core = "Sel">   --->   Core 26 'Sel' <Latency = 0> <II = 1> <Delay = 0.44> <FuncUnit> <Opcode : 'select'> <InPorts = 3> <OutPorts = 1>
ST_2 : Operation 28 [1/1] (0.00ns)   --->   "%tmp = call i7 @_ssdm_op_BitConcatenate.i7.i4.i3(i4 %select_ln109_1, i3 0)" [ResNet/pgconv64.h:109]   --->   Operation 28 'bitconcatenate' 'tmp' <Predicate = (!icmp_ln103)> <Delay = 0.00>
ST_2 : Operation 29 [1/1] (0.00ns)   --->   "%zext_ln109 = zext i7 %tmp to i8" [ResNet/pgconv64.h:109]   --->   Operation 29 'zext' 'zext_ln109' <Predicate = (!icmp_ln103)> <Delay = 0.00>
ST_2 : Operation 30 [1/1] (0.00ns)   --->   "%tmp_101 = call i5 @_ssdm_op_BitConcatenate.i5.i4.i1(i4 %select_ln109_1, i1 false)" [ResNet/pgconv64.h:109]   --->   Operation 30 'bitconcatenate' 'tmp_101' <Predicate = (!icmp_ln103)> <Delay = 0.00>
ST_2 : Operation 31 [1/1] (0.00ns)   --->   "%zext_ln109_1 = zext i5 %tmp_101 to i8" [ResNet/pgconv64.h:109]   --->   Operation 31 'zext' 'zext_ln109_1' <Predicate = (!icmp_ln103)> <Delay = 0.00>
ST_2 : Operation 32 [1/1] (0.89ns)   --->   "%add_ln109_2 = add i8 %zext_ln109_1, %zext_ln109" [ResNet/pgconv64.h:109]   --->   Operation 32 'add' 'add_ln109_2' <Predicate = (!icmp_ln103)> <Delay = 0.89> <Core = "AddSub">   --->   Core 14 'AddSub' <Latency = 0> <II = 1> <Delay = 0.90> <FuncUnit> <Opcode : 'add' 'sub'> <InPorts = 2> <OutPorts = 1>
ST_2 : Operation 33 [1/1] (0.45ns)   --->   "%select_ln109_2 = select i1 %icmp_ln104, i4 %row, i4 %row_0" [ResNet/pgconv64.h:109]   --->   Operation 33 'select' 'select_ln109_2' <Predicate = (!icmp_ln103)> <Delay = 0.45> <Core = "Sel">   --->   Core 26 'Sel' <Latency = 0> <II = 1> <Delay = 0.44> <FuncUnit> <Opcode : 'select'> <InPorts = 3> <OutPorts = 1>
ST_2 : Operation 34 [1/1] (0.86ns)   --->   "%add_ln115 = add i4 2, %row_0" [ResNet/pgconv64.h:115]   --->   Operation 34 'add' 'add_ln115' <Predicate = (!icmp_ln103)> <Delay = 0.86> <Core = "AddSub">   --->   Core 14 'AddSub' <Latency = 0> <II = 1> <Delay = 0.90> <FuncUnit> <Opcode : 'add' 'sub'> <InPorts = 2> <OutPorts = 1>
ST_2 : Operation 35 [1/1] (0.45ns)   --->   "%select_ln109_3 = select i1 %icmp_ln104, i4 %add_ln115, i4 %row" [ResNet/pgconv64.h:109]   --->   Operation 35 'select' 'select_ln109_3' <Predicate = (!icmp_ln103)> <Delay = 0.45> <Core = "Sel">   --->   Core 26 'Sel' <Latency = 0> <II = 1> <Delay = 0.44> <FuncUnit> <Opcode : 'select'> <InPorts = 3> <OutPorts = 1>
ST_2 : Operation 36 [1/1] (0.86ns)   --->   "%add_ln109_1 = add i4 -1, %select_ln109" [ResNet/pgconv64.h:109]   --->   Operation 36 'add' 'add_ln109_1' <Predicate = (!icmp_ln103)> <Delay = 0.86> <Core = "AddSub">   --->   Core 14 'AddSub' <Latency = 0> <II = 1> <Delay = 0.90> <FuncUnit> <Opcode : 'add' 'sub'> <InPorts = 2> <OutPorts = 1>
ST_2 : Operation 37 [1/1] (0.00ns)   --->   "%zext_ln109_2 = zext i4 %add_ln109_1 to i8" [ResNet/pgconv64.h:109]   --->   Operation 37 'zext' 'zext_ln109_2' <Predicate = (!icmp_ln103)> <Delay = 0.00>
ST_2 : Operation 38 [1/1] (0.90ns)   --->   "%add_ln109_3 = add i8 %add_ln109_2, %zext_ln109_2" [ResNet/pgconv64.h:109]   --->   Operation 38 'add' 'add_ln109_3' <Predicate = (!icmp_ln103)> <Delay = 0.90> <Core = "AddSub">   --->   Core 14 'AddSub' <Latency = 0> <II = 1> <Delay = 0.90> <FuncUnit> <Opcode : 'add' 'sub'> <InPorts = 2> <OutPorts = 1>
ST_2 : Operation 39 [1/1] (0.00ns)   --->   "%zext_ln109_3 = zext i8 %add_ln109_3 to i64" [ResNet/pgconv64.h:109]   --->   Operation 39 'zext' 'zext_ln109_3' <Predicate = (!icmp_ln103)> <Delay = 0.00>
ST_2 : Operation 40 [1/1] (0.00ns)   --->   "%bottom1_V_addr = getelementptr [100 x i64]* %bottom1_V, i64 0, i64 %zext_ln109_3" [ResNet/pgconv64.h:109]   --->   Operation 40 'getelementptr' 'bottom1_V_addr' <Predicate = (!icmp_ln103)> <Delay = 0.00>
ST_2 : Operation 41 [1/1] (0.00ns)   --->   "%zext_ln110 = zext i4 %select_ln109 to i8" [ResNet/pgconv64.h:110]   --->   Operation 41 'zext' 'zext_ln110' <Predicate = (!icmp_ln103)> <Delay = 0.00>
ST_2 : Operation 42 [1/1] (0.90ns)   --->   "%add_ln110 = add i8 %add_ln109_2, %zext_ln110" [ResNet/pgconv64.h:110]   --->   Operation 42 'add' 'add_ln110' <Predicate = (!icmp_ln103)> <Delay = 0.90> <Core = "AddSub">   --->   Core 14 'AddSub' <Latency = 0> <II = 1> <Delay = 0.90> <FuncUnit> <Opcode : 'add' 'sub'> <InPorts = 2> <OutPorts = 1>
ST_2 : Operation 43 [1/1] (0.00ns)   --->   "%zext_ln110_1 = zext i8 %add_ln110 to i64" [ResNet/pgconv64.h:110]   --->   Operation 43 'zext' 'zext_ln110_1' <Predicate = (!icmp_ln103)> <Delay = 0.00>
ST_2 : Operation 44 [1/1] (0.00ns)   --->   "%bottom1_V_addr_17 = getelementptr [100 x i64]* %bottom1_V, i64 0, i64 %zext_ln110_1" [ResNet/pgconv64.h:110]   --->   Operation 44 'getelementptr' 'bottom1_V_addr_17' <Predicate = (!icmp_ln103)> <Delay = 0.00>
ST_2 : Operation 45 [2/2] (1.35ns)   --->   "%bottom1_V_load = load i64* %bottom1_V_addr, align 8" [ResNet/pgconv64.h:109]   --->   Operation 45 'load' 'bottom1_V_load' <Predicate = (!icmp_ln103)> <Delay = 1.35> <Core = "RAM">   --->   Core 37 'RAM' <Latency = 1> <II = 1> <Delay = 1.35> <Storage> <Opcode : 'load' 'store'> <Ports = 2> <Width = 12> <Depth = 100> <RAM>
ST_2 : Operation 46 [2/2] (1.35ns)   --->   "%bottom1_V_load_17 = load i64* %bottom1_V_addr_17, align 8" [ResNet/pgconv64.h:110]   --->   Operation 46 'load' 'bottom1_V_load_17' <Predicate = (!icmp_ln103)> <Delay = 1.35> <Core = "RAM">   --->   Core 37 'RAM' <Latency = 1> <II = 1> <Delay = 1.35> <Storage> <Opcode : 'load' 'store'> <Ports = 2> <Width = 12> <Depth = 100> <RAM>

State 3 <SV = 2> <Delay = 3.15>
ST_3 : Operation 47 [1/1] (0.00ns)   --->   "%tmp_102 = call i7 @_ssdm_op_BitConcatenate.i7.i4.i3(i4 %select_ln109_2, i3 0)" [ResNet/pgconv64.h:112]   --->   Operation 47 'bitconcatenate' 'tmp_102' <Predicate = (!icmp_ln103)> <Delay = 0.00>
ST_3 : Operation 48 [1/1] (0.00ns)   --->   "%zext_ln112 = zext i7 %tmp_102 to i8" [ResNet/pgconv64.h:112]   --->   Operation 48 'zext' 'zext_ln112' <Predicate = (!icmp_ln103)> <Delay = 0.00>
ST_3 : Operation 49 [1/1] (0.00ns)   --->   "%tmp_103 = call i5 @_ssdm_op_BitConcatenate.i5.i4.i1(i4 %select_ln109_2, i1 false)" [ResNet/pgconv64.h:112]   --->   Operation 49 'bitconcatenate' 'tmp_103' <Predicate = (!icmp_ln103)> <Delay = 0.00>
ST_3 : Operation 50 [1/1] (0.00ns)   --->   "%zext_ln112_1 = zext i5 %tmp_103 to i8" [ResNet/pgconv64.h:112]   --->   Operation 50 'zext' 'zext_ln112_1' <Predicate = (!icmp_ln103)> <Delay = 0.00>
ST_3 : Operation 51 [1/1] (0.89ns)   --->   "%add_ln112 = add i8 %zext_ln112_1, %zext_ln112" [ResNet/pgconv64.h:112]   --->   Operation 51 'add' 'add_ln112' <Predicate = (!icmp_ln103)> <Delay = 0.89> <Core = "AddSub">   --->   Core 14 'AddSub' <Latency = 0> <II = 1> <Delay = 0.90> <FuncUnit> <Opcode : 'add' 'sub'> <InPorts = 2> <OutPorts = 1>
ST_3 : Operation 52 [1/1] (0.90ns)   --->   "%add_ln112_1 = add i8 %add_ln112, %zext_ln109_2" [ResNet/pgconv64.h:112]   --->   Operation 52 'add' 'add_ln112_1' <Predicate = (!icmp_ln103)> <Delay = 0.90> <Core = "AddSub">   --->   Core 14 'AddSub' <Latency = 0> <II = 1> <Delay = 0.90> <FuncUnit> <Opcode : 'add' 'sub'> <InPorts = 2> <OutPorts = 1>
ST_3 : Operation 53 [1/1] (0.00ns)   --->   "%zext_ln112_2 = zext i8 %add_ln112_1 to i64" [ResNet/pgconv64.h:112]   --->   Operation 53 'zext' 'zext_ln112_2' <Predicate = (!icmp_ln103)> <Delay = 0.00>
ST_3 : Operation 54 [1/1] (0.00ns)   --->   "%bottom1_V_addr_19 = getelementptr [100 x i64]* %bottom1_V, i64 0, i64 %zext_ln112_2" [ResNet/pgconv64.h:112]   --->   Operation 54 'getelementptr' 'bottom1_V_addr_19' <Predicate = (!icmp_ln103)> <Delay = 0.00>
ST_3 : Operation 55 [1/1] (0.86ns)   --->   "%col = add i4 1, %select_ln109" [ResNet/pgconv64.h:111]   --->   Operation 55 'add' 'col' <Predicate = (!icmp_ln103)> <Delay = 0.86> <Core = "AddSub">   --->   Core 14 'AddSub' <Latency = 0> <II = 1> <Delay = 0.90> <FuncUnit> <Opcode : 'add' 'sub'> <InPorts = 2> <OutPorts = 1>
ST_3 : Operation 56 [1/1] (0.00ns)   --->   "%zext_ln111 = zext i4 %col to i8" [ResNet/pgconv64.h:111]   --->   Operation 56 'zext' 'zext_ln111' <Predicate = (!icmp_ln103)> <Delay = 0.00>
ST_3 : Operation 57 [1/1] (0.90ns)   --->   "%add_ln111_1 = add i8 %add_ln109_2, %zext_ln111" [ResNet/pgconv64.h:111]   --->   Operation 57 'add' 'add_ln111_1' <Predicate = (!icmp_ln103)> <Delay = 0.90> <Core = "AddSub">   --->   Core 14 'AddSub' <Latency = 0> <II = 1> <Delay = 0.90> <FuncUnit> <Opcode : 'add' 'sub'> <InPorts = 2> <OutPorts = 1>
ST_3 : Operation 58 [1/1] (0.00ns)   --->   "%zext_ln111_1 = zext i8 %add_ln111_1 to i64" [ResNet/pgconv64.h:111]   --->   Operation 58 'zext' 'zext_ln111_1' <Predicate = (!icmp_ln103)> <Delay = 0.00>
ST_3 : Operation 59 [1/1] (0.00ns)   --->   "%bottom1_V_addr_18 = getelementptr [100 x i64]* %bottom1_V, i64 0, i64 %zext_ln111_1" [ResNet/pgconv64.h:111]   --->   Operation 59 'getelementptr' 'bottom1_V_addr_18' <Predicate = (!icmp_ln103)> <Delay = 0.00>
ST_3 : Operation 60 [1/2] (1.35ns)   --->   "%bottom1_V_load = load i64* %bottom1_V_addr, align 8" [ResNet/pgconv64.h:109]   --->   Operation 60 'load' 'bottom1_V_load' <Predicate = (!icmp_ln103)> <Delay = 1.35> <Core = "RAM">   --->   Core 37 'RAM' <Latency = 1> <II = 1> <Delay = 1.35> <Storage> <Opcode : 'load' 'store'> <Ports = 2> <Width = 12> <Depth = 100> <RAM>
ST_3 : Operation 61 [1/1] (0.00ns) (grouped into LUT with out node select_ln109_4)   --->   "%weights_0_0_0_V_r = call i1 @_ssdm_op_Mux.ap_auto.4i1.i2(i1 true, i1 true, i1 true, i1 true, i2 %trunc_ln109)" [ResNet/pgconv64.h:109]   --->   Operation 61 'mux' 'weights_0_0_0_V_r' <Predicate = (!icmp_ln103)> <Delay = 0.00> <Core = "MuxnS">   --->   Core 31 'MuxnS' <Latency = 0> <II = 1> <Delay = 0.65> <FuncUnit> <Opcode : 'mux'> <InPorts = 2> <OutPorts = 1>
ST_3 : Operation 62 [1/1] (0.65ns) (out node of the LUT)   --->   "%select_ln109_4 = select i1 %weights_0_0_0_V_r, i64 -1, i64 0" [ResNet/pgconv64.h:109]   --->   Operation 62 'select' 'select_ln109_4' <Predicate = (!icmp_ln103)> <Delay = 0.65> <Core = "Sel">   --->   Core 26 'Sel' <Latency = 0> <II = 1> <Delay = 0.44> <FuncUnit> <Opcode : 'select'> <InPorts = 3> <OutPorts = 1>
ST_3 : Operation 63 [2/2] (1.79ns)   --->   "%p_s = call fastcc i6 @compute_engine_64(i64 %bottom1_V_load, i64 %select_ln109_4)" [ResNet/pgconv64.h:109]   --->   Operation 63 'call' 'p_s' <Predicate = (!icmp_ln103)> <Delay = 1.79> <CoreType = "Generic">   --->   Core 0 '' <Latency = 0> <II = 1> <Delay = 1.00> <Generic> <Opcode : >
ST_3 : Operation 64 [1/2] (1.35ns)   --->   "%bottom1_V_load_17 = load i64* %bottom1_V_addr_17, align 8" [ResNet/pgconv64.h:110]   --->   Operation 64 'load' 'bottom1_V_load_17' <Predicate = (!icmp_ln103)> <Delay = 1.35> <Core = "RAM">   --->   Core 37 'RAM' <Latency = 1> <II = 1> <Delay = 1.35> <Storage> <Opcode : 'load' 'store'> <Ports = 2> <Width = 12> <Depth = 100> <RAM>
ST_3 : Operation 65 [1/1] (0.00ns) (grouped into LUT with out node select_ln110)   --->   "%weights_0_0_1_V_r = call i1 @_ssdm_op_Mux.ap_auto.4i1.i2(i1 true, i1 true, i1 true, i1 true, i2 %trunc_ln109)" [ResNet/pgconv64.h:109]   --->   Operation 65 'mux' 'weights_0_0_1_V_r' <Predicate = (!icmp_ln103)> <Delay = 0.00> <Core = "MuxnS">   --->   Core 31 'MuxnS' <Latency = 0> <II = 1> <Delay = 0.65> <FuncUnit> <Opcode : 'mux'> <InPorts = 2> <OutPorts = 1>
ST_3 : Operation 66 [1/1] (0.65ns) (out node of the LUT)   --->   "%select_ln110 = select i1 %weights_0_0_1_V_r, i64 -1, i64 0" [ResNet/pgconv64.h:110]   --->   Operation 66 'select' 'select_ln110' <Predicate = (!icmp_ln103)> <Delay = 0.65> <Core = "Sel">   --->   Core 26 'Sel' <Latency = 0> <II = 1> <Delay = 0.44> <FuncUnit> <Opcode : 'select'> <InPorts = 3> <OutPorts = 1>
ST_3 : Operation 67 [2/2] (1.79ns)   --->   "%tmp1_V = call fastcc i6 @compute_engine_64(i64 %bottom1_V_load_17, i64 %select_ln110)" [ResNet/pgconv64.h:110]   --->   Operation 67 'call' 'tmp1_V' <Predicate = (!icmp_ln103)> <Delay = 1.79> <CoreType = "Generic">   --->   Core 0 '' <Latency = 0> <II = 1> <Delay = 1.00> <Generic> <Opcode : >
ST_3 : Operation 68 [2/2] (1.35ns)   --->   "%bottom1_V_load_18 = load i64* %bottom1_V_addr_18, align 8" [ResNet/pgconv64.h:111]   --->   Operation 68 'load' 'bottom1_V_load_18' <Predicate = (!icmp_ln103)> <Delay = 1.35> <Core = "RAM">   --->   Core 37 'RAM' <Latency = 1> <II = 1> <Delay = 1.35> <Storage> <Opcode : 'load' 'store'> <Ports = 2> <Width = 12> <Depth = 100> <RAM>
ST_3 : Operation 69 [2/2] (1.35ns)   --->   "%bottom1_V_load_19 = load i64* %bottom1_V_addr_19, align 8" [ResNet/pgconv64.h:112]   --->   Operation 69 'load' 'bottom1_V_load_19' <Predicate = (!icmp_ln103)> <Delay = 1.35> <Core = "RAM">   --->   Core 37 'RAM' <Latency = 1> <II = 1> <Delay = 1.35> <Storage> <Opcode : 'load' 'store'> <Ports = 2> <Width = 12> <Depth = 100> <RAM>
ST_3 : Operation 70 [1/1] (0.00ns) (grouped into LUT with out node select_ln109_5)   --->   "%weights_1_0_0_V_r = call i1 @_ssdm_op_Mux.ap_auto.4i1.i2(i1 true, i1 true, i1 true, i1 true, i2 %trunc_ln109)" [ResNet/pgconv64.h:109]   --->   Operation 70 'mux' 'weights_1_0_0_V_r' <Predicate = (!icmp_ln103)> <Delay = 0.00> <Core = "MuxnS">   --->   Core 31 'MuxnS' <Latency = 0> <II = 1> <Delay = 0.65> <FuncUnit> <Opcode : 'mux'> <InPorts = 2> <OutPorts = 1>
ST_3 : Operation 71 [1/1] (0.65ns) (out node of the LUT)   --->   "%select_ln109_5 = select i1 %weights_1_0_0_V_r, i64 -1, i64 0" [ResNet/pgconv64.h:109]   --->   Operation 71 'select' 'select_ln109_5' <Predicate = (!icmp_ln103)> <Delay = 0.65> <Core = "Sel">   --->   Core 26 'Sel' <Latency = 0> <II = 1> <Delay = 0.44> <FuncUnit> <Opcode : 'select'> <InPorts = 3> <OutPorts = 1>
ST_3 : Operation 72 [2/2] (1.79ns)   --->   "%p_080_1 = call fastcc i6 @compute_engine_64(i64 %bottom1_V_load, i64 %select_ln109_5)" [ResNet/pgconv64.h:109]   --->   Operation 72 'call' 'p_080_1' <Predicate = (!icmp_ln103)> <Delay = 1.79> <CoreType = "Generic">   --->   Core 0 '' <Latency = 0> <II = 1> <Delay = 1.00> <Generic> <Opcode : >
ST_3 : Operation 73 [1/1] (0.00ns) (grouped into LUT with out node select_ln110_1)   --->   "%weights_1_0_1_V_r = call i1 @_ssdm_op_Mux.ap_auto.4i1.i2(i1 true, i1 true, i1 true, i1 true, i2 %trunc_ln109)" [ResNet/pgconv64.h:109]   --->   Operation 73 'mux' 'weights_1_0_1_V_r' <Predicate = (!icmp_ln103)> <Delay = 0.00> <Core = "MuxnS">   --->   Core 31 'MuxnS' <Latency = 0> <II = 1> <Delay = 0.65> <FuncUnit> <Opcode : 'mux'> <InPorts = 2> <OutPorts = 1>
ST_3 : Operation 74 [1/1] (0.65ns) (out node of the LUT)   --->   "%select_ln110_1 = select i1 %weights_1_0_1_V_r, i64 -1, i64 0" [ResNet/pgconv64.h:110]   --->   Operation 74 'select' 'select_ln110_1' <Predicate = (!icmp_ln103)> <Delay = 0.65> <Core = "Sel">   --->   Core 26 'Sel' <Latency = 0> <II = 1> <Delay = 0.44> <FuncUnit> <Opcode : 'select'> <InPorts = 3> <OutPorts = 1>
ST_3 : Operation 75 [2/2] (1.79ns)   --->   "%tmp1_V_0_1 = call fastcc i6 @compute_engine_64(i64 %bottom1_V_load_17, i64 %select_ln110_1)" [ResNet/pgconv64.h:110]   --->   Operation 75 'call' 'tmp1_V_0_1' <Predicate = (!icmp_ln103)> <Delay = 1.79> <CoreType = "Generic">   --->   Core 0 '' <Latency = 0> <II = 1> <Delay = 1.00> <Generic> <Opcode : >
ST_3 : Operation 76 [2/2] (1.79ns)   --->   "%p_080_2 = call fastcc i6 @compute_engine_64(i64 %bottom1_V_load, i64 -1)" [ResNet/pgconv64.h:109]   --->   Operation 76 'call' 'p_080_2' <Predicate = (!icmp_ln103)> <Delay = 1.79> <CoreType = "Generic">   --->   Core 0 '' <Latency = 0> <II = 1> <Delay = 1.00> <Generic> <Opcode : >
ST_3 : Operation 77 [2/2] (1.79ns)   --->   "%tmp1_V_0_2 = call fastcc i6 @compute_engine_64(i64 %bottom1_V_load_17, i64 -1)" [ResNet/pgconv64.h:110]   --->   Operation 77 'call' 'tmp1_V_0_2' <Predicate = (!icmp_ln103)> <Delay = 1.79> <CoreType = "Generic">   --->   Core 0 '' <Latency = 0> <II = 1> <Delay = 1.00> <Generic> <Opcode : >

State 4 <SV = 3> <Delay = 4.72>
ST_4 : Operation 78 [1/1] (0.00ns)   --->   "%tmp_104 = call i7 @_ssdm_op_BitConcatenate.i7.i4.i3(i4 %select_ln109_3, i3 0)" [ResNet/pgconv64.h:115]   --->   Operation 78 'bitconcatenate' 'tmp_104' <Predicate = (!icmp_ln103)> <Delay = 0.00>
ST_4 : Operation 79 [1/1] (0.00ns)   --->   "%zext_ln115 = zext i7 %tmp_104 to i8" [ResNet/pgconv64.h:115]   --->   Operation 79 'zext' 'zext_ln115' <Predicate = (!icmp_ln103)> <Delay = 0.00>
ST_4 : Operation 80 [1/1] (0.00ns)   --->   "%tmp_105 = call i5 @_ssdm_op_BitConcatenate.i5.i4.i1(i4 %select_ln109_3, i1 false)" [ResNet/pgconv64.h:115]   --->   Operation 80 'bitconcatenate' 'tmp_105' <Predicate = (!icmp_ln103)> <Delay = 0.00>
ST_4 : Operation 81 [1/1] (0.00ns)   --->   "%zext_ln115_1 = zext i5 %tmp_105 to i8" [ResNet/pgconv64.h:115]   --->   Operation 81 'zext' 'zext_ln115_1' <Predicate = (!icmp_ln103)> <Delay = 0.00>
ST_4 : Operation 82 [1/1] (0.89ns)   --->   "%add_ln115_1 = add i8 %zext_ln115_1, %zext_ln115" [ResNet/pgconv64.h:115]   --->   Operation 82 'add' 'add_ln115_1' <Predicate = (!icmp_ln103)> <Delay = 0.89> <Core = "AddSub">   --->   Core 14 'AddSub' <Latency = 0> <II = 1> <Delay = 0.90> <FuncUnit> <Opcode : 'add' 'sub'> <InPorts = 2> <OutPorts = 1>
ST_4 : Operation 83 [1/1] (0.90ns)   --->   "%add_ln115_2 = add i8 %add_ln115_1, %zext_ln109_2" [ResNet/pgconv64.h:115]   --->   Operation 83 'add' 'add_ln115_2' <Predicate = (!icmp_ln103)> <Delay = 0.90> <Core = "AddSub">   --->   Core 14 'AddSub' <Latency = 0> <II = 1> <Delay = 0.90> <FuncUnit> <Opcode : 'add' 'sub'> <InPorts = 2> <OutPorts = 1>
ST_4 : Operation 84 [1/1] (0.90ns)   --->   "%add_ln113 = add i8 %add_ln112, %zext_ln110" [ResNet/pgconv64.h:113]   --->   Operation 84 'add' 'add_ln113' <Predicate = (!icmp_ln103)> <Delay = 0.90> <Core = "AddSub">   --->   Core 14 'AddSub' <Latency = 0> <II = 1> <Delay = 0.90> <FuncUnit> <Opcode : 'add' 'sub'> <InPorts = 2> <OutPorts = 1>
ST_4 : Operation 85 [1/1] (0.00ns)   --->   "%zext_ln113 = zext i8 %add_ln113 to i64" [ResNet/pgconv64.h:113]   --->   Operation 85 'zext' 'zext_ln113' <Predicate = (!icmp_ln103)> <Delay = 0.00>
ST_4 : Operation 86 [1/1] (0.00ns)   --->   "%bottom1_V_addr_20 = getelementptr [100 x i64]* %bottom1_V, i64 0, i64 %zext_ln113" [ResNet/pgconv64.h:113]   --->   Operation 86 'getelementptr' 'bottom1_V_addr_20' <Predicate = (!icmp_ln103)> <Delay = 0.00>
ST_4 : Operation 87 [1/1] (0.90ns)   --->   "%add_ln116 = add i8 %add_ln115_1, %zext_ln110" [ResNet/pgconv64.h:116]   --->   Operation 87 'add' 'add_ln116' <Predicate = (!icmp_ln103)> <Delay = 0.90> <Core = "AddSub">   --->   Core 14 'AddSub' <Latency = 0> <II = 1> <Delay = 0.90> <FuncUnit> <Opcode : 'add' 'sub'> <InPorts = 2> <OutPorts = 1>
ST_4 : Operation 88 [1/1] (0.90ns)   --->   "%add_ln114 = add i8 %add_ln112, %zext_ln111" [ResNet/pgconv64.h:114]   --->   Operation 88 'add' 'add_ln114' <Predicate = (!icmp_ln103)> <Delay = 0.90> <Core = "AddSub">   --->   Core 14 'AddSub' <Latency = 0> <II = 1> <Delay = 0.90> <FuncUnit> <Opcode : 'add' 'sub'> <InPorts = 2> <OutPorts = 1>
ST_4 : Operation 89 [1/1] (0.00ns)   --->   "%zext_ln114 = zext i8 %add_ln114 to i64" [ResNet/pgconv64.h:114]   --->   Operation 89 'zext' 'zext_ln114' <Predicate = (!icmp_ln103)> <Delay = 0.00>
ST_4 : Operation 90 [1/1] (0.00ns)   --->   "%bottom1_V_addr_21 = getelementptr [100 x i64]* %bottom1_V, i64 0, i64 %zext_ln114" [ResNet/pgconv64.h:114]   --->   Operation 90 'getelementptr' 'bottom1_V_addr_21' <Predicate = (!icmp_ln103)> <Delay = 0.00>
ST_4 : Operation 91 [1/1] (0.90ns)   --->   "%add_ln117 = add i8 %add_ln115_1, %zext_ln111" [ResNet/pgconv64.h:117]   --->   Operation 91 'add' 'add_ln117' <Predicate = (!icmp_ln103)> <Delay = 0.90> <Core = "AddSub">   --->   Core 14 'AddSub' <Latency = 0> <II = 1> <Delay = 0.90> <FuncUnit> <Opcode : 'add' 'sub'> <InPorts = 2> <OutPorts = 1>
ST_4 : Operation 92 [1/2] (4.72ns)   --->   "%p_s = call fastcc i6 @compute_engine_64(i64 %bottom1_V_load, i64 %select_ln109_4)" [ResNet/pgconv64.h:109]   --->   Operation 92 'call' 'p_s' <Predicate = (!icmp_ln103)> <Delay = 4.72> <CoreType = "Generic">   --->   Core 0 '' <Latency = 0> <II = 1> <Delay = 1.00> <Generic> <Opcode : >
ST_4 : Operation 93 [1/2] (4.72ns)   --->   "%tmp1_V = call fastcc i6 @compute_engine_64(i64 %bottom1_V_load_17, i64 %select_ln110)" [ResNet/pgconv64.h:110]   --->   Operation 93 'call' 'tmp1_V' <Predicate = (!icmp_ln103)> <Delay = 4.72> <CoreType = "Generic">   --->   Core 0 '' <Latency = 0> <II = 1> <Delay = 1.00> <Generic> <Opcode : >
ST_4 : Operation 94 [1/2] (1.35ns)   --->   "%bottom1_V_load_18 = load i64* %bottom1_V_addr_18, align 8" [ResNet/pgconv64.h:111]   --->   Operation 94 'load' 'bottom1_V_load_18' <Predicate = (!icmp_ln103)> <Delay = 1.35> <Core = "RAM">   --->   Core 37 'RAM' <Latency = 1> <II = 1> <Delay = 1.35> <Storage> <Opcode : 'load' 'store'> <Ports = 2> <Width = 12> <Depth = 100> <RAM>
ST_4 : Operation 95 [1/1] (0.00ns) (grouped into LUT with out node select_ln111)   --->   "%weights_0_0_2_V_r = call i1 @_ssdm_op_Mux.ap_auto.4i1.i2(i1 true, i1 true, i1 true, i1 true, i2 %trunc_ln109)" [ResNet/pgconv64.h:109]   --->   Operation 95 'mux' 'weights_0_0_2_V_r' <Predicate = (!icmp_ln103)> <Delay = 0.00> <Core = "MuxnS">   --->   Core 31 'MuxnS' <Latency = 0> <II = 1> <Delay = 0.65> <FuncUnit> <Opcode : 'mux'> <InPorts = 2> <OutPorts = 1>
ST_4 : Operation 96 [1/1] (0.65ns) (out node of the LUT)   --->   "%select_ln111 = select i1 %weights_0_0_2_V_r, i64 -1, i64 0" [ResNet/pgconv64.h:111]   --->   Operation 96 'select' 'select_ln111' <Predicate = (!icmp_ln103)> <Delay = 0.65> <Core = "Sel">   --->   Core 26 'Sel' <Latency = 0> <II = 1> <Delay = 0.44> <FuncUnit> <Opcode : 'select'> <InPorts = 3> <OutPorts = 1>
ST_4 : Operation 97 [2/2] (1.79ns)   --->   "%tmp2_V = call fastcc i6 @compute_engine_64(i64 %bottom1_V_load_18, i64 %select_ln111)" [ResNet/pgconv64.h:111]   --->   Operation 97 'call' 'tmp2_V' <Predicate = (!icmp_ln103)> <Delay = 1.79> <CoreType = "Generic">   --->   Core 0 '' <Latency = 0> <II = 1> <Delay = 1.00> <Generic> <Opcode : >
ST_4 : Operation 98 [1/2] (1.35ns)   --->   "%bottom1_V_load_19 = load i64* %bottom1_V_addr_19, align 8" [ResNet/pgconv64.h:112]   --->   Operation 98 'load' 'bottom1_V_load_19' <Predicate = (!icmp_ln103)> <Delay = 1.35> <Core = "RAM">   --->   Core 37 'RAM' <Latency = 1> <II = 1> <Delay = 1.35> <Storage> <Opcode : 'load' 'store'> <Ports = 2> <Width = 12> <Depth = 100> <RAM>
ST_4 : Operation 99 [1/1] (0.00ns) (grouped into LUT with out node select_ln112)   --->   "%weights_0_1_0_V_r = call i1 @_ssdm_op_Mux.ap_auto.4i1.i2(i1 true, i1 true, i1 true, i1 true, i2 %trunc_ln109)" [ResNet/pgconv64.h:109]   --->   Operation 99 'mux' 'weights_0_1_0_V_r' <Predicate = (!icmp_ln103)> <Delay = 0.00> <Core = "MuxnS">   --->   Core 31 'MuxnS' <Latency = 0> <II = 1> <Delay = 0.65> <FuncUnit> <Opcode : 'mux'> <InPorts = 2> <OutPorts = 1>
ST_4 : Operation 100 [1/1] (0.65ns) (out node of the LUT)   --->   "%select_ln112 = select i1 %weights_0_1_0_V_r, i64 -1, i64 0" [ResNet/pgconv64.h:112]   --->   Operation 100 'select' 'select_ln112' <Predicate = (!icmp_ln103)> <Delay = 0.65> <Core = "Sel">   --->   Core 26 'Sel' <Latency = 0> <II = 1> <Delay = 0.44> <FuncUnit> <Opcode : 'select'> <InPorts = 3> <OutPorts = 1>
ST_4 : Operation 101 [2/2] (1.79ns)   --->   "%tmp3_V = call fastcc i6 @compute_engine_64(i64 %bottom1_V_load_19, i64 %select_ln112)" [ResNet/pgconv64.h:112]   --->   Operation 101 'call' 'tmp3_V' <Predicate = (!icmp_ln103)> <Delay = 1.79> <CoreType = "Generic">   --->   Core 0 '' <Latency = 0> <II = 1> <Delay = 1.00> <Generic> <Opcode : >
ST_4 : Operation 102 [2/2] (1.35ns)   --->   "%bottom1_V_load_20 = load i64* %bottom1_V_addr_20, align 8" [ResNet/pgconv64.h:113]   --->   Operation 102 'load' 'bottom1_V_load_20' <Predicate = (!icmp_ln103)> <Delay = 1.35> <Core = "RAM">   --->   Core 37 'RAM' <Latency = 1> <II = 1> <Delay = 1.35> <Storage> <Opcode : 'load' 'store'> <Ports = 2> <Width = 12> <Depth = 100> <RAM>
ST_4 : Operation 103 [2/2] (1.35ns)   --->   "%bottom1_V_load_21 = load i64* %bottom1_V_addr_21, align 8" [ResNet/pgconv64.h:114]   --->   Operation 103 'load' 'bottom1_V_load_21' <Predicate = (!icmp_ln103)> <Delay = 1.35> <Core = "RAM">   --->   Core 37 'RAM' <Latency = 1> <II = 1> <Delay = 1.35> <Storage> <Opcode : 'load' 'store'> <Ports = 2> <Width = 12> <Depth = 100> <RAM>
ST_4 : Operation 104 [1/2] (4.72ns)   --->   "%p_080_1 = call fastcc i6 @compute_engine_64(i64 %bottom1_V_load, i64 %select_ln109_5)" [ResNet/pgconv64.h:109]   --->   Operation 104 'call' 'p_080_1' <Predicate = (!icmp_ln103)> <Delay = 4.72> <CoreType = "Generic">   --->   Core 0 '' <Latency = 0> <II = 1> <Delay = 1.00> <Generic> <Opcode : >
ST_4 : Operation 105 [1/2] (4.72ns)   --->   "%tmp1_V_0_1 = call fastcc i6 @compute_engine_64(i64 %bottom1_V_load_17, i64 %select_ln110_1)" [ResNet/pgconv64.h:110]   --->   Operation 105 'call' 'tmp1_V_0_1' <Predicate = (!icmp_ln103)> <Delay = 4.72> <CoreType = "Generic">   --->   Core 0 '' <Latency = 0> <II = 1> <Delay = 1.00> <Generic> <Opcode : >
ST_4 : Operation 106 [1/1] (0.00ns) (grouped into LUT with out node select_ln111_1)   --->   "%weights_1_0_2_V_r = call i1 @_ssdm_op_Mux.ap_auto.4i1.i2(i1 true, i1 true, i1 true, i1 true, i2 %trunc_ln109)" [ResNet/pgconv64.h:109]   --->   Operation 106 'mux' 'weights_1_0_2_V_r' <Predicate = (!icmp_ln103)> <Delay = 0.00> <Core = "MuxnS">   --->   Core 31 'MuxnS' <Latency = 0> <II = 1> <Delay = 0.65> <FuncUnit> <Opcode : 'mux'> <InPorts = 2> <OutPorts = 1>
ST_4 : Operation 107 [1/1] (0.65ns) (out node of the LUT)   --->   "%select_ln111_1 = select i1 %weights_1_0_2_V_r, i64 -1, i64 0" [ResNet/pgconv64.h:111]   --->   Operation 107 'select' 'select_ln111_1' <Predicate = (!icmp_ln103)> <Delay = 0.65> <Core = "Sel">   --->   Core 26 'Sel' <Latency = 0> <II = 1> <Delay = 0.44> <FuncUnit> <Opcode : 'select'> <InPorts = 3> <OutPorts = 1>
ST_4 : Operation 108 [2/2] (1.79ns)   --->   "%tmp2_V_0_1 = call fastcc i6 @compute_engine_64(i64 %bottom1_V_load_18, i64 %select_ln111_1)" [ResNet/pgconv64.h:111]   --->   Operation 108 'call' 'tmp2_V_0_1' <Predicate = (!icmp_ln103)> <Delay = 1.79> <CoreType = "Generic">   --->   Core 0 '' <Latency = 0> <II = 1> <Delay = 1.00> <Generic> <Opcode : >
ST_4 : Operation 109 [1/1] (0.00ns) (grouped into LUT with out node select_ln112_1)   --->   "%weights_1_1_0_V_r = call i1 @_ssdm_op_Mux.ap_auto.4i1.i2(i1 true, i1 true, i1 true, i1 true, i2 %trunc_ln109)" [ResNet/pgconv64.h:109]   --->   Operation 109 'mux' 'weights_1_1_0_V_r' <Predicate = (!icmp_ln103)> <Delay = 0.00> <Core = "MuxnS">   --->   Core 31 'MuxnS' <Latency = 0> <II = 1> <Delay = 0.65> <FuncUnit> <Opcode : 'mux'> <InPorts = 2> <OutPorts = 1>
ST_4 : Operation 110 [1/1] (0.65ns) (out node of the LUT)   --->   "%select_ln112_1 = select i1 %weights_1_1_0_V_r, i64 -1, i64 0" [ResNet/pgconv64.h:112]   --->   Operation 110 'select' 'select_ln112_1' <Predicate = (!icmp_ln103)> <Delay = 0.65> <Core = "Sel">   --->   Core 26 'Sel' <Latency = 0> <II = 1> <Delay = 0.44> <FuncUnit> <Opcode : 'select'> <InPorts = 3> <OutPorts = 1>
ST_4 : Operation 111 [2/2] (1.79ns)   --->   "%tmp3_V_0_1 = call fastcc i6 @compute_engine_64(i64 %bottom1_V_load_19, i64 %select_ln112_1)" [ResNet/pgconv64.h:112]   --->   Operation 111 'call' 'tmp3_V_0_1' <Predicate = (!icmp_ln103)> <Delay = 1.79> <CoreType = "Generic">   --->   Core 0 '' <Latency = 0> <II = 1> <Delay = 1.00> <Generic> <Opcode : >
ST_4 : Operation 112 [1/2] (4.72ns)   --->   "%p_080_2 = call fastcc i6 @compute_engine_64(i64 %bottom1_V_load, i64 -1)" [ResNet/pgconv64.h:109]   --->   Operation 112 'call' 'p_080_2' <Predicate = (!icmp_ln103)> <Delay = 4.72> <CoreType = "Generic">   --->   Core 0 '' <Latency = 0> <II = 1> <Delay = 1.00> <Generic> <Opcode : >
ST_4 : Operation 113 [1/2] (4.72ns)   --->   "%tmp1_V_0_2 = call fastcc i6 @compute_engine_64(i64 %bottom1_V_load_17, i64 -1)" [ResNet/pgconv64.h:110]   --->   Operation 113 'call' 'tmp1_V_0_2' <Predicate = (!icmp_ln103)> <Delay = 4.72> <CoreType = "Generic">   --->   Core 0 '' <Latency = 0> <II = 1> <Delay = 1.00> <Generic> <Opcode : >
ST_4 : Operation 114 [2/2] (1.79ns)   --->   "%tmp2_V_0_2 = call fastcc i6 @compute_engine_64(i64 %bottom1_V_load_18, i64 -1)" [ResNet/pgconv64.h:111]   --->   Operation 114 'call' 'tmp2_V_0_2' <Predicate = (!icmp_ln103)> <Delay = 1.79> <CoreType = "Generic">   --->   Core 0 '' <Latency = 0> <II = 1> <Delay = 1.00> <Generic> <Opcode : >
ST_4 : Operation 115 [2/2] (1.79ns)   --->   "%tmp3_V_0_2 = call fastcc i6 @compute_engine_64(i64 %bottom1_V_load_19, i64 -1)" [ResNet/pgconv64.h:112]   --->   Operation 115 'call' 'tmp3_V_0_2' <Predicate = (!icmp_ln103)> <Delay = 1.79> <CoreType = "Generic">   --->   Core 0 '' <Latency = 0> <II = 1> <Delay = 1.00> <Generic> <Opcode : >

State 5 <SV = 4> <Delay = 4.72>
ST_5 : Operation 116 [1/1] (0.00ns)   --->   "%zext_ln115_2 = zext i8 %add_ln115_2 to i64" [ResNet/pgconv64.h:115]   --->   Operation 116 'zext' 'zext_ln115_2' <Predicate = (!icmp_ln103)> <Delay = 0.00>
ST_5 : Operation 117 [1/1] (0.00ns)   --->   "%bottom1_V_addr_22 = getelementptr [100 x i64]* %bottom1_V, i64 0, i64 %zext_ln115_2" [ResNet/pgconv64.h:115]   --->   Operation 117 'getelementptr' 'bottom1_V_addr_22' <Predicate = (!icmp_ln103)> <Delay = 0.00>
ST_5 : Operation 118 [1/1] (0.00ns)   --->   "%zext_ln116 = zext i8 %add_ln116 to i64" [ResNet/pgconv64.h:116]   --->   Operation 118 'zext' 'zext_ln116' <Predicate = (!icmp_ln103)> <Delay = 0.00>
ST_5 : Operation 119 [1/1] (0.00ns)   --->   "%bottom1_V_addr_23 = getelementptr [100 x i64]* %bottom1_V, i64 0, i64 %zext_ln116" [ResNet/pgconv64.h:116]   --->   Operation 119 'getelementptr' 'bottom1_V_addr_23' <Predicate = (!icmp_ln103)> <Delay = 0.00>
ST_5 : Operation 120 [1/2] (4.72ns)   --->   "%tmp2_V = call fastcc i6 @compute_engine_64(i64 %bottom1_V_load_18, i64 %select_ln111)" [ResNet/pgconv64.h:111]   --->   Operation 120 'call' 'tmp2_V' <Predicate = (!icmp_ln103)> <Delay = 4.72> <CoreType = "Generic">   --->   Core 0 '' <Latency = 0> <II = 1> <Delay = 1.00> <Generic> <Opcode : >
ST_5 : Operation 121 [1/2] (4.72ns)   --->   "%tmp3_V = call fastcc i6 @compute_engine_64(i64 %bottom1_V_load_19, i64 %select_ln112)" [ResNet/pgconv64.h:112]   --->   Operation 121 'call' 'tmp3_V' <Predicate = (!icmp_ln103)> <Delay = 4.72> <CoreType = "Generic">   --->   Core 0 '' <Latency = 0> <II = 1> <Delay = 1.00> <Generic> <Opcode : >
ST_5 : Operation 122 [1/2] (1.35ns)   --->   "%bottom1_V_load_20 = load i64* %bottom1_V_addr_20, align 8" [ResNet/pgconv64.h:113]   --->   Operation 122 'load' 'bottom1_V_load_20' <Predicate = (!icmp_ln103)> <Delay = 1.35> <Core = "RAM">   --->   Core 37 'RAM' <Latency = 1> <II = 1> <Delay = 1.35> <Storage> <Opcode : 'load' 'store'> <Ports = 2> <Width = 12> <Depth = 100> <RAM>
ST_5 : Operation 123 [1/1] (0.00ns) (grouped into LUT with out node select_ln113)   --->   "%weights_0_1_1_V_r = call i1 @_ssdm_op_Mux.ap_auto.4i1.i2(i1 true, i1 true, i1 true, i1 true, i2 %trunc_ln109)" [ResNet/pgconv64.h:109]   --->   Operation 123 'mux' 'weights_0_1_1_V_r' <Predicate = (!icmp_ln103)> <Delay = 0.00> <Core = "MuxnS">   --->   Core 31 'MuxnS' <Latency = 0> <II = 1> <Delay = 0.65> <FuncUnit> <Opcode : 'mux'> <InPorts = 2> <OutPorts = 1>
ST_5 : Operation 124 [1/1] (0.65ns) (out node of the LUT)   --->   "%select_ln113 = select i1 %weights_0_1_1_V_r, i64 -1, i64 0" [ResNet/pgconv64.h:113]   --->   Operation 124 'select' 'select_ln113' <Predicate = (!icmp_ln103)> <Delay = 0.65> <Core = "Sel">   --->   Core 26 'Sel' <Latency = 0> <II = 1> <Delay = 0.44> <FuncUnit> <Opcode : 'select'> <InPorts = 3> <OutPorts = 1>
ST_5 : Operation 125 [2/2] (1.79ns)   --->   "%tmp4_V = call fastcc i6 @compute_engine_64(i64 %bottom1_V_load_20, i64 %select_ln113)" [ResNet/pgconv64.h:113]   --->   Operation 125 'call' 'tmp4_V' <Predicate = (!icmp_ln103)> <Delay = 1.79> <CoreType = "Generic">   --->   Core 0 '' <Latency = 0> <II = 1> <Delay = 1.00> <Generic> <Opcode : >
ST_5 : Operation 126 [1/2] (1.35ns)   --->   "%bottom1_V_load_21 = load i64* %bottom1_V_addr_21, align 8" [ResNet/pgconv64.h:114]   --->   Operation 126 'load' 'bottom1_V_load_21' <Predicate = (!icmp_ln103)> <Delay = 1.35> <Core = "RAM">   --->   Core 37 'RAM' <Latency = 1> <II = 1> <Delay = 1.35> <Storage> <Opcode : 'load' 'store'> <Ports = 2> <Width = 12> <Depth = 100> <RAM>
ST_5 : Operation 127 [1/1] (0.00ns) (grouped into LUT with out node select_ln114)   --->   "%weights_0_1_2_V_r = call i1 @_ssdm_op_Mux.ap_auto.4i1.i2(i1 true, i1 true, i1 true, i1 true, i2 %trunc_ln109)" [ResNet/pgconv64.h:109]   --->   Operation 127 'mux' 'weights_0_1_2_V_r' <Predicate = (!icmp_ln103)> <Delay = 0.00> <Core = "MuxnS">   --->   Core 31 'MuxnS' <Latency = 0> <II = 1> <Delay = 0.65> <FuncUnit> <Opcode : 'mux'> <InPorts = 2> <OutPorts = 1>
ST_5 : Operation 128 [1/1] (0.65ns) (out node of the LUT)   --->   "%select_ln114 = select i1 %weights_0_1_2_V_r, i64 -1, i64 0" [ResNet/pgconv64.h:114]   --->   Operation 128 'select' 'select_ln114' <Predicate = (!icmp_ln103)> <Delay = 0.65> <Core = "Sel">   --->   Core 26 'Sel' <Latency = 0> <II = 1> <Delay = 0.44> <FuncUnit> <Opcode : 'select'> <InPorts = 3> <OutPorts = 1>
ST_5 : Operation 129 [2/2] (1.79ns)   --->   "%tmp5_V = call fastcc i6 @compute_engine_64(i64 %bottom1_V_load_21, i64 %select_ln114)" [ResNet/pgconv64.h:114]   --->   Operation 129 'call' 'tmp5_V' <Predicate = (!icmp_ln103)> <Delay = 1.79> <CoreType = "Generic">   --->   Core 0 '' <Latency = 0> <II = 1> <Delay = 1.00> <Generic> <Opcode : >
ST_5 : Operation 130 [2/2] (1.35ns)   --->   "%bottom1_V_load_22 = load i64* %bottom1_V_addr_22, align 8" [ResNet/pgconv64.h:115]   --->   Operation 130 'load' 'bottom1_V_load_22' <Predicate = (!icmp_ln103)> <Delay = 1.35> <Core = "RAM">   --->   Core 37 'RAM' <Latency = 1> <II = 1> <Delay = 1.35> <Storage> <Opcode : 'load' 'store'> <Ports = 2> <Width = 12> <Depth = 100> <RAM>
ST_5 : Operation 131 [2/2] (1.35ns)   --->   "%bottom1_V_load_23 = load i64* %bottom1_V_addr_23, align 8" [ResNet/pgconv64.h:116]   --->   Operation 131 'load' 'bottom1_V_load_23' <Predicate = (!icmp_ln103)> <Delay = 1.35> <Core = "RAM">   --->   Core 37 'RAM' <Latency = 1> <II = 1> <Delay = 1.35> <Storage> <Opcode : 'load' 'store'> <Ports = 2> <Width = 12> <Depth = 100> <RAM>
ST_5 : Operation 132 [1/2] (4.72ns)   --->   "%tmp2_V_0_1 = call fastcc i6 @compute_engine_64(i64 %bottom1_V_load_18, i64 %select_ln111_1)" [ResNet/pgconv64.h:111]   --->   Operation 132 'call' 'tmp2_V_0_1' <Predicate = (!icmp_ln103)> <Delay = 4.72> <CoreType = "Generic">   --->   Core 0 '' <Latency = 0> <II = 1> <Delay = 1.00> <Generic> <Opcode : >
ST_5 : Operation 133 [1/2] (4.72ns)   --->   "%tmp3_V_0_1 = call fastcc i6 @compute_engine_64(i64 %bottom1_V_load_19, i64 %select_ln112_1)" [ResNet/pgconv64.h:112]   --->   Operation 133 'call' 'tmp3_V_0_1' <Predicate = (!icmp_ln103)> <Delay = 4.72> <CoreType = "Generic">   --->   Core 0 '' <Latency = 0> <II = 1> <Delay = 1.00> <Generic> <Opcode : >
ST_5 : Operation 134 [1/1] (0.00ns) (grouped into LUT with out node select_ln113_1)   --->   "%weights_1_1_1_V_r = call i1 @_ssdm_op_Mux.ap_auto.4i1.i2(i1 true, i1 true, i1 true, i1 true, i2 %trunc_ln109)" [ResNet/pgconv64.h:109]   --->   Operation 134 'mux' 'weights_1_1_1_V_r' <Predicate = (!icmp_ln103)> <Delay = 0.00> <Core = "MuxnS">   --->   Core 31 'MuxnS' <Latency = 0> <II = 1> <Delay = 0.65> <FuncUnit> <Opcode : 'mux'> <InPorts = 2> <OutPorts = 1>
ST_5 : Operation 135 [1/1] (0.65ns) (out node of the LUT)   --->   "%select_ln113_1 = select i1 %weights_1_1_1_V_r, i64 -1, i64 0" [ResNet/pgconv64.h:113]   --->   Operation 135 'select' 'select_ln113_1' <Predicate = (!icmp_ln103)> <Delay = 0.65> <Core = "Sel">   --->   Core 26 'Sel' <Latency = 0> <II = 1> <Delay = 0.44> <FuncUnit> <Opcode : 'select'> <InPorts = 3> <OutPorts = 1>
ST_5 : Operation 136 [2/2] (1.79ns)   --->   "%tmp4_V_0_1 = call fastcc i6 @compute_engine_64(i64 %bottom1_V_load_20, i64 %select_ln113_1)" [ResNet/pgconv64.h:113]   --->   Operation 136 'call' 'tmp4_V_0_1' <Predicate = (!icmp_ln103)> <Delay = 1.79> <CoreType = "Generic">   --->   Core 0 '' <Latency = 0> <II = 1> <Delay = 1.00> <Generic> <Opcode : >
ST_5 : Operation 137 [1/1] (0.00ns) (grouped into LUT with out node select_ln114_1)   --->   "%weights_1_1_2_V_r = call i1 @_ssdm_op_Mux.ap_auto.4i1.i2(i1 true, i1 true, i1 true, i1 true, i2 %trunc_ln109)" [ResNet/pgconv64.h:109]   --->   Operation 137 'mux' 'weights_1_1_2_V_r' <Predicate = (!icmp_ln103)> <Delay = 0.00> <Core = "MuxnS">   --->   Core 31 'MuxnS' <Latency = 0> <II = 1> <Delay = 0.65> <FuncUnit> <Opcode : 'mux'> <InPorts = 2> <OutPorts = 1>
ST_5 : Operation 138 [1/1] (0.65ns) (out node of the LUT)   --->   "%select_ln114_1 = select i1 %weights_1_1_2_V_r, i64 -1, i64 0" [ResNet/pgconv64.h:114]   --->   Operation 138 'select' 'select_ln114_1' <Predicate = (!icmp_ln103)> <Delay = 0.65> <Core = "Sel">   --->   Core 26 'Sel' <Latency = 0> <II = 1> <Delay = 0.44> <FuncUnit> <Opcode : 'select'> <InPorts = 3> <OutPorts = 1>
ST_5 : Operation 139 [2/2] (1.79ns)   --->   "%tmp5_V_0_1 = call fastcc i6 @compute_engine_64(i64 %bottom1_V_load_21, i64 %select_ln114_1)" [ResNet/pgconv64.h:114]   --->   Operation 139 'call' 'tmp5_V_0_1' <Predicate = (!icmp_ln103)> <Delay = 1.79> <CoreType = "Generic">   --->   Core 0 '' <Latency = 0> <II = 1> <Delay = 1.00> <Generic> <Opcode : >
ST_5 : Operation 140 [1/2] (4.72ns)   --->   "%tmp2_V_0_2 = call fastcc i6 @compute_engine_64(i64 %bottom1_V_load_18, i64 -1)" [ResNet/pgconv64.h:111]   --->   Operation 140 'call' 'tmp2_V_0_2' <Predicate = (!icmp_ln103)> <Delay = 4.72> <CoreType = "Generic">   --->   Core 0 '' <Latency = 0> <II = 1> <Delay = 1.00> <Generic> <Opcode : >
ST_5 : Operation 141 [1/2] (4.72ns)   --->   "%tmp3_V_0_2 = call fastcc i6 @compute_engine_64(i64 %bottom1_V_load_19, i64 -1)" [ResNet/pgconv64.h:112]   --->   Operation 141 'call' 'tmp3_V_0_2' <Predicate = (!icmp_ln103)> <Delay = 4.72> <CoreType = "Generic">   --->   Core 0 '' <Latency = 0> <II = 1> <Delay = 1.00> <Generic> <Opcode : >
ST_5 : Operation 142 [2/2] (1.79ns)   --->   "%tmp4_V_0_2 = call fastcc i6 @compute_engine_64(i64 %bottom1_V_load_20, i64 -1)" [ResNet/pgconv64.h:113]   --->   Operation 142 'call' 'tmp4_V_0_2' <Predicate = (!icmp_ln103)> <Delay = 1.79> <CoreType = "Generic">   --->   Core 0 '' <Latency = 0> <II = 1> <Delay = 1.00> <Generic> <Opcode : >
ST_5 : Operation 143 [2/2] (1.79ns)   --->   "%tmp5_V_0_2 = call fastcc i6 @compute_engine_64(i64 %bottom1_V_load_21, i64 -1)" [ResNet/pgconv64.h:114]   --->   Operation 143 'call' 'tmp5_V_0_2' <Predicate = (!icmp_ln103)> <Delay = 1.79> <CoreType = "Generic">   --->   Core 0 '' <Latency = 0> <II = 1> <Delay = 1.00> <Generic> <Opcode : >

State 6 <SV = 5> <Delay = 4.72>
ST_6 : Operation 144 [1/1] (0.00ns)   --->   "%zext_ln117 = zext i8 %add_ln117 to i64" [ResNet/pgconv64.h:117]   --->   Operation 144 'zext' 'zext_ln117' <Predicate = (!icmp_ln103)> <Delay = 0.00>
ST_6 : Operation 145 [1/1] (0.00ns)   --->   "%bottom1_V_addr_24 = getelementptr [100 x i64]* %bottom1_V, i64 0, i64 %zext_ln117" [ResNet/pgconv64.h:117]   --->   Operation 145 'getelementptr' 'bottom1_V_addr_24' <Predicate = (!icmp_ln103)> <Delay = 0.00>
ST_6 : Operation 146 [1/2] (4.72ns)   --->   "%tmp4_V = call fastcc i6 @compute_engine_64(i64 %bottom1_V_load_20, i64 %select_ln113)" [ResNet/pgconv64.h:113]   --->   Operation 146 'call' 'tmp4_V' <Predicate = (!icmp_ln103)> <Delay = 4.72> <CoreType = "Generic">   --->   Core 0 '' <Latency = 0> <II = 1> <Delay = 1.00> <Generic> <Opcode : >
ST_6 : Operation 147 [1/2] (4.72ns)   --->   "%tmp5_V = call fastcc i6 @compute_engine_64(i64 %bottom1_V_load_21, i64 %select_ln114)" [ResNet/pgconv64.h:114]   --->   Operation 147 'call' 'tmp5_V' <Predicate = (!icmp_ln103)> <Delay = 4.72> <CoreType = "Generic">   --->   Core 0 '' <Latency = 0> <II = 1> <Delay = 1.00> <Generic> <Opcode : >
ST_6 : Operation 148 [1/2] (1.35ns)   --->   "%bottom1_V_load_22 = load i64* %bottom1_V_addr_22, align 8" [ResNet/pgconv64.h:115]   --->   Operation 148 'load' 'bottom1_V_load_22' <Predicate = (!icmp_ln103)> <Delay = 1.35> <Core = "RAM">   --->   Core 37 'RAM' <Latency = 1> <II = 1> <Delay = 1.35> <Storage> <Opcode : 'load' 'store'> <Ports = 2> <Width = 12> <Depth = 100> <RAM>
ST_6 : Operation 149 [1/1] (0.00ns) (grouped into LUT with out node select_ln115)   --->   "%weights_0_2_0_V_r = call i1 @_ssdm_op_Mux.ap_auto.4i1.i2(i1 true, i1 true, i1 true, i1 true, i2 %trunc_ln109)" [ResNet/pgconv64.h:109]   --->   Operation 149 'mux' 'weights_0_2_0_V_r' <Predicate = (!icmp_ln103)> <Delay = 0.00> <Core = "MuxnS">   --->   Core 31 'MuxnS' <Latency = 0> <II = 1> <Delay = 0.65> <FuncUnit> <Opcode : 'mux'> <InPorts = 2> <OutPorts = 1>
ST_6 : Operation 150 [1/1] (0.65ns) (out node of the LUT)   --->   "%select_ln115 = select i1 %weights_0_2_0_V_r, i64 -1, i64 0" [ResNet/pgconv64.h:115]   --->   Operation 150 'select' 'select_ln115' <Predicate = (!icmp_ln103)> <Delay = 0.65> <Core = "Sel">   --->   Core 26 'Sel' <Latency = 0> <II = 1> <Delay = 0.44> <FuncUnit> <Opcode : 'select'> <InPorts = 3> <OutPorts = 1>
ST_6 : Operation 151 [2/2] (1.79ns)   --->   "%tmp6_V = call fastcc i6 @compute_engine_64(i64 %bottom1_V_load_22, i64 %select_ln115)" [ResNet/pgconv64.h:115]   --->   Operation 151 'call' 'tmp6_V' <Predicate = (!icmp_ln103)> <Delay = 1.79> <CoreType = "Generic">   --->   Core 0 '' <Latency = 0> <II = 1> <Delay = 1.00> <Generic> <Opcode : >
ST_6 : Operation 152 [1/2] (1.35ns)   --->   "%bottom1_V_load_23 = load i64* %bottom1_V_addr_23, align 8" [ResNet/pgconv64.h:116]   --->   Operation 152 'load' 'bottom1_V_load_23' <Predicate = (!icmp_ln103)> <Delay = 1.35> <Core = "RAM">   --->   Core 37 'RAM' <Latency = 1> <II = 1> <Delay = 1.35> <Storage> <Opcode : 'load' 'store'> <Ports = 2> <Width = 12> <Depth = 100> <RAM>
ST_6 : Operation 153 [1/1] (0.00ns) (grouped into LUT with out node select_ln116)   --->   "%weights_0_2_1_V_r = call i1 @_ssdm_op_Mux.ap_auto.4i1.i2(i1 true, i1 true, i1 true, i1 true, i2 %trunc_ln109)" [ResNet/pgconv64.h:109]   --->   Operation 153 'mux' 'weights_0_2_1_V_r' <Predicate = (!icmp_ln103)> <Delay = 0.00> <Core = "MuxnS">   --->   Core 31 'MuxnS' <Latency = 0> <II = 1> <Delay = 0.65> <FuncUnit> <Opcode : 'mux'> <InPorts = 2> <OutPorts = 1>
ST_6 : Operation 154 [1/1] (0.65ns) (out node of the LUT)   --->   "%select_ln116 = select i1 %weights_0_2_1_V_r, i64 -1, i64 0" [ResNet/pgconv64.h:116]   --->   Operation 154 'select' 'select_ln116' <Predicate = (!icmp_ln103)> <Delay = 0.65> <Core = "Sel">   --->   Core 26 'Sel' <Latency = 0> <II = 1> <Delay = 0.44> <FuncUnit> <Opcode : 'select'> <InPorts = 3> <OutPorts = 1>
ST_6 : Operation 155 [2/2] (1.79ns)   --->   "%tmp7_V = call fastcc i6 @compute_engine_64(i64 %bottom1_V_load_23, i64 %select_ln116)" [ResNet/pgconv64.h:116]   --->   Operation 155 'call' 'tmp7_V' <Predicate = (!icmp_ln103)> <Delay = 1.79> <CoreType = "Generic">   --->   Core 0 '' <Latency = 0> <II = 1> <Delay = 1.00> <Generic> <Opcode : >
ST_6 : Operation 156 [2/2] (1.35ns)   --->   "%bottom1_V_load_24 = load i64* %bottom1_V_addr_24, align 8" [ResNet/pgconv64.h:117]   --->   Operation 156 'load' 'bottom1_V_load_24' <Predicate = (!icmp_ln103)> <Delay = 1.35> <Core = "RAM">   --->   Core 37 'RAM' <Latency = 1> <II = 1> <Delay = 1.35> <Storage> <Opcode : 'load' 'store'> <Ports = 2> <Width = 12> <Depth = 100> <RAM>
ST_6 : Operation 157 [1/2] (4.72ns)   --->   "%tmp4_V_0_1 = call fastcc i6 @compute_engine_64(i64 %bottom1_V_load_20, i64 %select_ln113_1)" [ResNet/pgconv64.h:113]   --->   Operation 157 'call' 'tmp4_V_0_1' <Predicate = (!icmp_ln103)> <Delay = 4.72> <CoreType = "Generic">   --->   Core 0 '' <Latency = 0> <II = 1> <Delay = 1.00> <Generic> <Opcode : >
ST_6 : Operation 158 [1/2] (4.72ns)   --->   "%tmp5_V_0_1 = call fastcc i6 @compute_engine_64(i64 %bottom1_V_load_21, i64 %select_ln114_1)" [ResNet/pgconv64.h:114]   --->   Operation 158 'call' 'tmp5_V_0_1' <Predicate = (!icmp_ln103)> <Delay = 4.72> <CoreType = "Generic">   --->   Core 0 '' <Latency = 0> <II = 1> <Delay = 1.00> <Generic> <Opcode : >
ST_6 : Operation 159 [1/1] (0.00ns) (grouped into LUT with out node select_ln115_1)   --->   "%weights_1_2_0_V_r = call i1 @_ssdm_op_Mux.ap_auto.4i1.i2(i1 true, i1 true, i1 true, i1 true, i2 %trunc_ln109)" [ResNet/pgconv64.h:109]   --->   Operation 159 'mux' 'weights_1_2_0_V_r' <Predicate = (!icmp_ln103)> <Delay = 0.00> <Core = "MuxnS">   --->   Core 31 'MuxnS' <Latency = 0> <II = 1> <Delay = 0.65> <FuncUnit> <Opcode : 'mux'> <InPorts = 2> <OutPorts = 1>
ST_6 : Operation 160 [1/1] (0.65ns) (out node of the LUT)   --->   "%select_ln115_1 = select i1 %weights_1_2_0_V_r, i64 -1, i64 0" [ResNet/pgconv64.h:115]   --->   Operation 160 'select' 'select_ln115_1' <Predicate = (!icmp_ln103)> <Delay = 0.65> <Core = "Sel">   --->   Core 26 'Sel' <Latency = 0> <II = 1> <Delay = 0.44> <FuncUnit> <Opcode : 'select'> <InPorts = 3> <OutPorts = 1>
ST_6 : Operation 161 [2/2] (1.79ns)   --->   "%tmp6_V_0_1 = call fastcc i6 @compute_engine_64(i64 %bottom1_V_load_22, i64 %select_ln115_1)" [ResNet/pgconv64.h:115]   --->   Operation 161 'call' 'tmp6_V_0_1' <Predicate = (!icmp_ln103)> <Delay = 1.79> <CoreType = "Generic">   --->   Core 0 '' <Latency = 0> <II = 1> <Delay = 1.00> <Generic> <Opcode : >
ST_6 : Operation 162 [1/1] (0.00ns) (grouped into LUT with out node select_ln116_1)   --->   "%weights_1_2_1_V_r = call i1 @_ssdm_op_Mux.ap_auto.4i1.i2(i1 true, i1 true, i1 true, i1 true, i2 %trunc_ln109)" [ResNet/pgconv64.h:109]   --->   Operation 162 'mux' 'weights_1_2_1_V_r' <Predicate = (!icmp_ln103)> <Delay = 0.00> <Core = "MuxnS">   --->   Core 31 'MuxnS' <Latency = 0> <II = 1> <Delay = 0.65> <FuncUnit> <Opcode : 'mux'> <InPorts = 2> <OutPorts = 1>
ST_6 : Operation 163 [1/1] (0.65ns) (out node of the LUT)   --->   "%select_ln116_1 = select i1 %weights_1_2_1_V_r, i64 -1, i64 0" [ResNet/pgconv64.h:116]   --->   Operation 163 'select' 'select_ln116_1' <Predicate = (!icmp_ln103)> <Delay = 0.65> <Core = "Sel">   --->   Core 26 'Sel' <Latency = 0> <II = 1> <Delay = 0.44> <FuncUnit> <Opcode : 'select'> <InPorts = 3> <OutPorts = 1>
ST_6 : Operation 164 [2/2] (1.79ns)   --->   "%tmp7_V_0_1 = call fastcc i6 @compute_engine_64(i64 %bottom1_V_load_23, i64 %select_ln116_1)" [ResNet/pgconv64.h:116]   --->   Operation 164 'call' 'tmp7_V_0_1' <Predicate = (!icmp_ln103)> <Delay = 1.79> <CoreType = "Generic">   --->   Core 0 '' <Latency = 0> <II = 1> <Delay = 1.00> <Generic> <Opcode : >
ST_6 : Operation 165 [1/2] (4.72ns)   --->   "%tmp4_V_0_2 = call fastcc i6 @compute_engine_64(i64 %bottom1_V_load_20, i64 -1)" [ResNet/pgconv64.h:113]   --->   Operation 165 'call' 'tmp4_V_0_2' <Predicate = (!icmp_ln103)> <Delay = 4.72> <CoreType = "Generic">   --->   Core 0 '' <Latency = 0> <II = 1> <Delay = 1.00> <Generic> <Opcode : >
ST_6 : Operation 166 [1/2] (4.72ns)   --->   "%tmp5_V_0_2 = call fastcc i6 @compute_engine_64(i64 %bottom1_V_load_21, i64 -1)" [ResNet/pgconv64.h:114]   --->   Operation 166 'call' 'tmp5_V_0_2' <Predicate = (!icmp_ln103)> <Delay = 4.72> <CoreType = "Generic">   --->   Core 0 '' <Latency = 0> <II = 1> <Delay = 1.00> <Generic> <Opcode : >
ST_6 : Operation 167 [2/2] (1.79ns)   --->   "%tmp6_V_0_2 = call fastcc i6 @compute_engine_64(i64 %bottom1_V_load_22, i64 -1)" [ResNet/pgconv64.h:115]   --->   Operation 167 'call' 'tmp6_V_0_2' <Predicate = (!icmp_ln103)> <Delay = 1.79> <CoreType = "Generic">   --->   Core 0 '' <Latency = 0> <II = 1> <Delay = 1.00> <Generic> <Opcode : >
ST_6 : Operation 168 [2/2] (1.79ns)   --->   "%tmp7_V_0_2 = call fastcc i6 @compute_engine_64(i64 %bottom1_V_load_23, i64 -1)" [ResNet/pgconv64.h:116]   --->   Operation 168 'call' 'tmp7_V_0_2' <Predicate = (!icmp_ln103)> <Delay = 1.79> <CoreType = "Generic">   --->   Core 0 '' <Latency = 0> <II = 1> <Delay = 1.00> <Generic> <Opcode : >

State 7 <SV = 6> <Delay = 4.72>
ST_7 : Operation 169 [1/2] (4.72ns)   --->   "%tmp6_V = call fastcc i6 @compute_engine_64(i64 %bottom1_V_load_22, i64 %select_ln115)" [ResNet/pgconv64.h:115]   --->   Operation 169 'call' 'tmp6_V' <Predicate = (!icmp_ln103)> <Delay = 4.72> <CoreType = "Generic">   --->   Core 0 '' <Latency = 0> <II = 1> <Delay = 1.00> <Generic> <Opcode : >
ST_7 : Operation 170 [1/2] (4.72ns)   --->   "%tmp7_V = call fastcc i6 @compute_engine_64(i64 %bottom1_V_load_23, i64 %select_ln116)" [ResNet/pgconv64.h:116]   --->   Operation 170 'call' 'tmp7_V' <Predicate = (!icmp_ln103)> <Delay = 4.72> <CoreType = "Generic">   --->   Core 0 '' <Latency = 0> <II = 1> <Delay = 1.00> <Generic> <Opcode : >
ST_7 : Operation 171 [1/2] (1.35ns)   --->   "%bottom1_V_load_24 = load i64* %bottom1_V_addr_24, align 8" [ResNet/pgconv64.h:117]   --->   Operation 171 'load' 'bottom1_V_load_24' <Predicate = (!icmp_ln103)> <Delay = 1.35> <Core = "RAM">   --->   Core 37 'RAM' <Latency = 1> <II = 1> <Delay = 1.35> <Storage> <Opcode : 'load' 'store'> <Ports = 2> <Width = 12> <Depth = 100> <RAM>
ST_7 : Operation 172 [1/1] (0.00ns) (grouped into LUT with out node select_ln117)   --->   "%weights_0_2_2_V_r = call i1 @_ssdm_op_Mux.ap_auto.4i1.i2(i1 true, i1 true, i1 true, i1 true, i2 %trunc_ln109)" [ResNet/pgconv64.h:109]   --->   Operation 172 'mux' 'weights_0_2_2_V_r' <Predicate = (!icmp_ln103)> <Delay = 0.00> <Core = "MuxnS">   --->   Core 31 'MuxnS' <Latency = 0> <II = 1> <Delay = 0.65> <FuncUnit> <Opcode : 'mux'> <InPorts = 2> <OutPorts = 1>
ST_7 : Operation 173 [1/1] (0.65ns) (out node of the LUT)   --->   "%select_ln117 = select i1 %weights_0_2_2_V_r, i64 -1, i64 0" [ResNet/pgconv64.h:117]   --->   Operation 173 'select' 'select_ln117' <Predicate = (!icmp_ln103)> <Delay = 0.65> <Core = "Sel">   --->   Core 26 'Sel' <Latency = 0> <II = 1> <Delay = 0.44> <FuncUnit> <Opcode : 'select'> <InPorts = 3> <OutPorts = 1>
ST_7 : Operation 174 [2/2] (1.79ns)   --->   "%tmp8_V = call fastcc i6 @compute_engine_64(i64 %bottom1_V_load_24, i64 %select_ln117)" [ResNet/pgconv64.h:117]   --->   Operation 174 'call' 'tmp8_V' <Predicate = (!icmp_ln103)> <Delay = 1.79> <CoreType = "Generic">   --->   Core 0 '' <Latency = 0> <II = 1> <Delay = 1.00> <Generic> <Opcode : >
ST_7 : Operation 175 [1/2] (4.72ns)   --->   "%tmp6_V_0_1 = call fastcc i6 @compute_engine_64(i64 %bottom1_V_load_22, i64 %select_ln115_1)" [ResNet/pgconv64.h:115]   --->   Operation 175 'call' 'tmp6_V_0_1' <Predicate = (!icmp_ln103)> <Delay = 4.72> <CoreType = "Generic">   --->   Core 0 '' <Latency = 0> <II = 1> <Delay = 1.00> <Generic> <Opcode : >
ST_7 : Operation 176 [1/2] (4.72ns)   --->   "%tmp7_V_0_1 = call fastcc i6 @compute_engine_64(i64 %bottom1_V_load_23, i64 %select_ln116_1)" [ResNet/pgconv64.h:116]   --->   Operation 176 'call' 'tmp7_V_0_1' <Predicate = (!icmp_ln103)> <Delay = 4.72> <CoreType = "Generic">   --->   Core 0 '' <Latency = 0> <II = 1> <Delay = 1.00> <Generic> <Opcode : >
ST_7 : Operation 177 [1/1] (0.00ns) (grouped into LUT with out node select_ln117_1)   --->   "%weights_1_2_2_V_r = call i1 @_ssdm_op_Mux.ap_auto.4i1.i2(i1 true, i1 true, i1 true, i1 true, i2 %trunc_ln109)" [ResNet/pgconv64.h:109]   --->   Operation 177 'mux' 'weights_1_2_2_V_r' <Predicate = (!icmp_ln103)> <Delay = 0.00> <Core = "MuxnS">   --->   Core 31 'MuxnS' <Latency = 0> <II = 1> <Delay = 0.65> <FuncUnit> <Opcode : 'mux'> <InPorts = 2> <OutPorts = 1>
ST_7 : Operation 178 [1/1] (0.65ns) (out node of the LUT)   --->   "%select_ln117_1 = select i1 %weights_1_2_2_V_r, i64 -1, i64 0" [ResNet/pgconv64.h:117]   --->   Operation 178 'select' 'select_ln117_1' <Predicate = (!icmp_ln103)> <Delay = 0.65> <Core = "Sel">   --->   Core 26 'Sel' <Latency = 0> <II = 1> <Delay = 0.44> <FuncUnit> <Opcode : 'select'> <InPorts = 3> <OutPorts = 1>
ST_7 : Operation 179 [2/2] (1.79ns)   --->   "%tmp8_V_0_1 = call fastcc i6 @compute_engine_64(i64 %bottom1_V_load_24, i64 %select_ln117_1)" [ResNet/pgconv64.h:117]   --->   Operation 179 'call' 'tmp8_V_0_1' <Predicate = (!icmp_ln103)> <Delay = 1.79> <CoreType = "Generic">   --->   Core 0 '' <Latency = 0> <II = 1> <Delay = 1.00> <Generic> <Opcode : >
ST_7 : Operation 180 [1/2] (4.72ns)   --->   "%tmp6_V_0_2 = call fastcc i6 @compute_engine_64(i64 %bottom1_V_load_22, i64 -1)" [ResNet/pgconv64.h:115]   --->   Operation 180 'call' 'tmp6_V_0_2' <Predicate = (!icmp_ln103)> <Delay = 4.72> <CoreType = "Generic">   --->   Core 0 '' <Latency = 0> <II = 1> <Delay = 1.00> <Generic> <Opcode : >
ST_7 : Operation 181 [1/2] (4.72ns)   --->   "%tmp7_V_0_2 = call fastcc i6 @compute_engine_64(i64 %bottom1_V_load_23, i64 -1)" [ResNet/pgconv64.h:116]   --->   Operation 181 'call' 'tmp7_V_0_2' <Predicate = (!icmp_ln103)> <Delay = 4.72> <CoreType = "Generic">   --->   Core 0 '' <Latency = 0> <II = 1> <Delay = 1.00> <Generic> <Opcode : >
ST_7 : Operation 182 [2/2] (1.79ns)   --->   "%tmp8_V_0_2 = call fastcc i6 @compute_engine_64(i64 %bottom1_V_load_24, i64 -1)" [ResNet/pgconv64.h:117]   --->   Operation 182 'call' 'tmp8_V_0_2' <Predicate = (!icmp_ln103)> <Delay = 1.79> <CoreType = "Generic">   --->   Core 0 '' <Latency = 0> <II = 1> <Delay = 1.00> <Generic> <Opcode : >

State 8 <SV = 7> <Delay = 8.45>
ST_8 : Operation 183 [1/2] (4.72ns)   --->   "%tmp8_V = call fastcc i6 @compute_engine_64(i64 %bottom1_V_load_24, i64 %select_ln117)" [ResNet/pgconv64.h:117]   --->   Operation 183 'call' 'tmp8_V' <Predicate = (!icmp_ln103)> <Delay = 4.72> <CoreType = "Generic">   --->   Core 0 '' <Latency = 0> <II = 1> <Delay = 1.00> <Generic> <Opcode : >
ST_8 : Operation 184 [1/1] (3.72ns)   --->   "%sum_V_ret = call fastcc i8 @sum_engine(i6 %p_s, i6 %tmp1_V, i6 %tmp2_V, i6 %tmp3_V, i6 %tmp4_V, i6 %tmp5_V, i6 %tmp6_V, i6 %tmp7_V, i6 %tmp8_V)" [ResNet/pgconv64.h:118]   --->   Operation 184 'call' 'sum_V_ret' <Predicate = (!icmp_ln103)> <Delay = 3.72> <CoreType = "Generic">   --->   Core 0 '' <Latency = 0> <II = 1> <Delay = 1.00> <Generic> <Opcode : >
ST_8 : Operation 185 [1/1] (0.00ns)   --->   "%tmp_106 = call i5 @_ssdm_op_PartSelect.i5.i8.i32.i32(i8 %sum_V_ret, i32 3, i32 7)" [ResNet/pgconv64.h:131]   --->   Operation 185 'partselect' 'tmp_106' <Predicate = (!icmp_ln103)> <Delay = 0.00>
ST_8 : Operation 186 [1/2] (4.72ns)   --->   "%tmp8_V_0_1 = call fastcc i6 @compute_engine_64(i64 %bottom1_V_load_24, i64 %select_ln117_1)" [ResNet/pgconv64.h:117]   --->   Operation 186 'call' 'tmp8_V_0_1' <Predicate = (!icmp_ln103)> <Delay = 4.72> <CoreType = "Generic">   --->   Core 0 '' <Latency = 0> <II = 1> <Delay = 1.00> <Generic> <Opcode : >
ST_8 : Operation 187 [1/2] (4.72ns)   --->   "%tmp8_V_0_2 = call fastcc i6 @compute_engine_64(i64 %bottom1_V_load_24, i64 -1)" [ResNet/pgconv64.h:117]   --->   Operation 187 'call' 'tmp8_V_0_2' <Predicate = (!icmp_ln103)> <Delay = 4.72> <CoreType = "Generic">   --->   Core 0 '' <Latency = 0> <II = 1> <Delay = 1.00> <Generic> <Opcode : >

State 9 <SV = 8> <Delay = 5.04>
ST_9 : Operation 188 [1/1] (0.87ns)   --->   "%icmp_ln1494 = icmp ne i5 %tmp_106, 0" [ResNet/pgconv64.h:131]   --->   Operation 188 'icmp' 'icmp_ln1494' <Predicate = (!icmp_ln103)> <Delay = 0.87> <Core = "Cmp">   --->   Core 25 'Cmp' <Latency = 0> <II = 1> <Delay = 0.87> <FuncUnit> <Opcode : 'icmp'> <InPorts = 2> <OutPorts = 1>
ST_9 : Operation 189 [1/1] (0.00ns) (grouped into LUT with out node select_ln131)   --->   "%shl_ln700 = shl i8 %sum_V_ret, 1" [ResNet/pgconv64.h:132]   --->   Operation 189 'shl' 'shl_ln700' <Predicate = (!icmp_ln103)> <Delay = 0.00>
ST_9 : Operation 190 [1/1] (0.44ns) (out node of the LUT)   --->   "%select_ln131 = select i1 %icmp_ln1494, i8 %shl_ln700, i8 %sum_V_ret" [ResNet/pgconv64.h:131]   --->   Operation 190 'select' 'select_ln131' <Predicate = (!icmp_ln103)> <Delay = 0.44> <Core = "Sel">   --->   Core 26 'Sel' <Latency = 0> <II = 1> <Delay = 0.44> <FuncUnit> <Opcode : 'select'> <InPorts = 3> <OutPorts = 1>
ST_9 : Operation 191 [1/1] (3.37ns)   --->   "%norm_V = call fastcc i12 @batch_norm(i8 %select_ln131)" [ResNet/pgconv64.h:134]   --->   Operation 191 'call' 'norm_V' <Predicate = (!icmp_ln103)> <Delay = 3.37> <CoreType = "Generic">   --->   Core 0 '' <Latency = 0> <II = 1> <Delay = 1.00> <Generic> <Opcode : >
ST_9 : Operation 192 [1/1] (3.72ns)   --->   "%sum_V_ret_1 = call fastcc i8 @sum_engine(i6 %p_080_1, i6 %tmp1_V_0_1, i6 %tmp2_V_0_1, i6 %tmp3_V_0_1, i6 %tmp4_V_0_1, i6 %tmp5_V_0_1, i6 %tmp6_V_0_1, i6 %tmp7_V_0_1, i6 %tmp8_V_0_1)" [ResNet/pgconv64.h:118]   --->   Operation 192 'call' 'sum_V_ret_1' <Predicate = (!icmp_ln103)> <Delay = 3.72> <CoreType = "Generic">   --->   Core 0 '' <Latency = 0> <II = 1> <Delay = 1.00> <Generic> <Opcode : >
ST_9 : Operation 193 [1/1] (0.00ns)   --->   "%tmp_107 = call i5 @_ssdm_op_PartSelect.i5.i8.i32.i32(i8 %sum_V_ret_1, i32 3, i32 7)" [ResNet/pgconv64.h:131]   --->   Operation 193 'partselect' 'tmp_107' <Predicate = (!icmp_ln103)> <Delay = 0.00>
ST_9 : Operation 194 [1/1] (0.87ns)   --->   "%icmp_ln1494_17 = icmp ne i5 %tmp_107, 0" [ResNet/pgconv64.h:131]   --->   Operation 194 'icmp' 'icmp_ln1494_17' <Predicate = (!icmp_ln103)> <Delay = 0.87> <Core = "Cmp">   --->   Core 25 'Cmp' <Latency = 0> <II = 1> <Delay = 0.87> <FuncUnit> <Opcode : 'icmp'> <InPorts = 2> <OutPorts = 1>
ST_9 : Operation 195 [1/1] (0.00ns) (grouped into LUT with out node select_ln131_1)   --->   "%shl_ln700_16 = shl i8 %sum_V_ret_1, 1" [ResNet/pgconv64.h:132]   --->   Operation 195 'shl' 'shl_ln700_16' <Predicate = (!icmp_ln103)> <Delay = 0.00>
ST_9 : Operation 196 [1/1] (0.44ns) (out node of the LUT)   --->   "%select_ln131_1 = select i1 %icmp_ln1494_17, i8 %shl_ln700_16, i8 %sum_V_ret_1" [ResNet/pgconv64.h:131]   --->   Operation 196 'select' 'select_ln131_1' <Predicate = (!icmp_ln103)> <Delay = 0.44> <Core = "Sel">   --->   Core 26 'Sel' <Latency = 0> <II = 1> <Delay = 0.44> <FuncUnit> <Opcode : 'select'> <InPorts = 3> <OutPorts = 1>

State 10 <SV = 9> <Delay = 8.19>
ST_10 : Operation 197 [1/1] (0.00ns)   --->   "%top_0_V_addr = getelementptr [100 x i12]* %top_0_V, i64 0, i64 %zext_ln113" [ResNet/pgconv64.h:135]   --->   Operation 197 'getelementptr' 'top_0_V_addr' <Predicate = (!icmp_ln103)> <Delay = 0.00>
ST_10 : Operation 198 [1/1] (6.84ns)   --->   "%op_V_assign = call fastcc i12 @relu(i12 %norm_V)" [ResNet/pgconv64.h:135]   --->   Operation 198 'call' 'op_V_assign' <Predicate = (!icmp_ln103)> <Delay = 6.84> <CoreType = "Generic">   --->   Core 0 '' <Latency = 0> <II = 1> <Delay = 1.00> <Generic> <Opcode : >
ST_10 : Operation 199 [1/1] (1.35ns)   --->   "store i12 %op_V_assign, i12* %top_0_V_addr, align 2" [ResNet/pgconv64.h:135]   --->   Operation 199 'store' <Predicate = (!icmp_ln103)> <Delay = 1.35> <Core = "RAM">   --->   Core 37 'RAM' <Latency = 1> <II = 1> <Delay = 1.35> <Storage> <Opcode : 'load' 'store'> <Ports = 2> <Width = 12> <Depth = 100> <RAM>
ST_10 : Operation 200 [1/1] (3.37ns)   --->   "%norm_V_0_1 = call fastcc i12 @batch_norm(i8 %select_ln131_1)" [ResNet/pgconv64.h:134]   --->   Operation 200 'call' 'norm_V_0_1' <Predicate = (!icmp_ln103)> <Delay = 3.37> <CoreType = "Generic">   --->   Core 0 '' <Latency = 0> <II = 1> <Delay = 1.00> <Generic> <Opcode : >
ST_10 : Operation 201 [1/1] (3.72ns)   --->   "%sum_V_ret_2 = call fastcc i8 @sum_engine(i6 %p_080_2, i6 %tmp1_V_0_2, i6 %tmp2_V_0_2, i6 %tmp3_V_0_2, i6 %tmp4_V_0_2, i6 %tmp5_V_0_2, i6 %tmp6_V_0_2, i6 %tmp7_V_0_2, i6 %tmp8_V_0_2)" [ResNet/pgconv64.h:118]   --->   Operation 201 'call' 'sum_V_ret_2' <Predicate = (!icmp_ln103)> <Delay = 3.72> <CoreType = "Generic">   --->   Core 0 '' <Latency = 0> <II = 1> <Delay = 1.00> <Generic> <Opcode : >
ST_10 : Operation 202 [1/1] (0.00ns)   --->   "%tmp_108 = call i5 @_ssdm_op_PartSelect.i5.i8.i32.i32(i8 %sum_V_ret_2, i32 3, i32 7)" [ResNet/pgconv64.h:131]   --->   Operation 202 'partselect' 'tmp_108' <Predicate = (!icmp_ln103)> <Delay = 0.00>
ST_10 : Operation 203 [1/1] (0.87ns)   --->   "%icmp_ln1494_18 = icmp ne i5 %tmp_108, 0" [ResNet/pgconv64.h:131]   --->   Operation 203 'icmp' 'icmp_ln1494_18' <Predicate = (!icmp_ln103)> <Delay = 0.87> <Core = "Cmp">   --->   Core 25 'Cmp' <Latency = 0> <II = 1> <Delay = 0.87> <FuncUnit> <Opcode : 'icmp'> <InPorts = 2> <OutPorts = 1>
ST_10 : Operation 204 [1/1] (0.00ns) (grouped into LUT with out node select_ln131_2)   --->   "%shl_ln700_17 = shl i8 %sum_V_ret_2, 1" [ResNet/pgconv64.h:132]   --->   Operation 204 'shl' 'shl_ln700_17' <Predicate = (!icmp_ln103)> <Delay = 0.00>
ST_10 : Operation 205 [1/1] (0.44ns) (out node of the LUT)   --->   "%select_ln131_2 = select i1 %icmp_ln1494_18, i8 %shl_ln700_17, i8 %sum_V_ret_2" [ResNet/pgconv64.h:131]   --->   Operation 205 'select' 'select_ln131_2' <Predicate = (!icmp_ln103)> <Delay = 0.44> <Core = "Sel">   --->   Core 26 'Sel' <Latency = 0> <II = 1> <Delay = 0.44> <FuncUnit> <Opcode : 'select'> <InPorts = 3> <OutPorts = 1>

State 11 <SV = 10> <Delay = 8.19>
ST_11 : Operation 206 [1/1] (0.00ns)   --->   "%top_1_V_addr = getelementptr [100 x i12]* %top_1_V, i64 0, i64 %zext_ln113" [ResNet/pgconv64.h:135]   --->   Operation 206 'getelementptr' 'top_1_V_addr' <Predicate = (!icmp_ln103)> <Delay = 0.00>
ST_11 : Operation 207 [1/1] (6.84ns)   --->   "%op_V_assign_0_1 = call fastcc i12 @relu(i12 %norm_V_0_1)" [ResNet/pgconv64.h:135]   --->   Operation 207 'call' 'op_V_assign_0_1' <Predicate = (!icmp_ln103)> <Delay = 6.84> <CoreType = "Generic">   --->   Core 0 '' <Latency = 0> <II = 1> <Delay = 1.00> <Generic> <Opcode : >
ST_11 : Operation 208 [1/1] (1.35ns)   --->   "store i12 %op_V_assign_0_1, i12* %top_1_V_addr, align 2" [ResNet/pgconv64.h:135]   --->   Operation 208 'store' <Predicate = (!icmp_ln103)> <Delay = 1.35> <Core = "RAM">   --->   Core 37 'RAM' <Latency = 1> <II = 1> <Delay = 1.35> <Storage> <Opcode : 'load' 'store'> <Ports = 2> <Width = 12> <Depth = 100> <RAM>
ST_11 : Operation 209 [1/1] (3.37ns)   --->   "%norm_V_0_2 = call fastcc i12 @batch_norm(i8 %select_ln131_2)" [ResNet/pgconv64.h:134]   --->   Operation 209 'call' 'norm_V_0_2' <Predicate = (!icmp_ln103)> <Delay = 3.37> <CoreType = "Generic">   --->   Core 0 '' <Latency = 0> <II = 1> <Delay = 1.00> <Generic> <Opcode : >

State 12 <SV = 11> <Delay = 8.19>
ST_12 : Operation 210 [1/1] (0.00ns)   --->   "call void (...)* @_ssdm_op_SpecLoopName([22 x i8]* @biconv_row_biconv_co)"   --->   Operation 210 'specloopname' <Predicate = (!icmp_ln103)> <Delay = 0.00>
ST_12 : Operation 211 [1/1] (0.00ns)   --->   "%empty = call i32 (...)* @_ssdm_op_SpecLoopTripCount(i64 64, i64 64, i64 64)"   --->   Operation 211 'speclooptripcount' 'empty' <Predicate = (!icmp_ln103)> <Delay = 0.00>
ST_12 : Operation 212 [1/1] (0.00ns)   --->   "call void (...)* @_ssdm_op_SpecLoopName([11 x i8]* @p_str267) nounwind" [ResNet/pgconv64.h:104]   --->   Operation 212 'specloopname' <Predicate = (!icmp_ln103)> <Delay = 0.00>
ST_12 : Operation 213 [1/1] (0.00ns)   --->   "%tmp_3 = call i32 (...)* @_ssdm_op_SpecRegionBegin([11 x i8]* @p_str267)" [ResNet/pgconv64.h:104]   --->   Operation 213 'specregionbegin' 'tmp_3' <Predicate = (!icmp_ln103)> <Delay = 0.00>
ST_12 : Operation 214 [1/1] (0.00ns)   --->   "call void (...)* @_ssdm_op_SpecPipeline(i32 5, i32 1, i32 1, i32 0, [1 x i8]* @p_str251) nounwind" [ResNet/pgconv64.h:105]   --->   Operation 214 'specpipeline' <Predicate = (!icmp_ln103)> <Delay = 0.00>
ST_12 : Operation 215 [1/1] (0.00ns)   --->   "%top_2_V_addr = getelementptr [100 x i12]* %top_2_V, i64 0, i64 %zext_ln113" [ResNet/pgconv64.h:135]   --->   Operation 215 'getelementptr' 'top_2_V_addr' <Predicate = (!icmp_ln103)> <Delay = 0.00>
ST_12 : Operation 216 [1/1] (0.00ns)   --->   "%top_3_V_addr = getelementptr [100 x i12]* %top_3_V, i64 0, i64 %zext_ln113" [ResNet/pgconv64.h:135]   --->   Operation 216 'getelementptr' 'top_3_V_addr' <Predicate = (!icmp_ln103)> <Delay = 0.00>
ST_12 : Operation 217 [1/1] (0.00ns)   --->   "%top_4_V_addr = getelementptr [100 x i12]* %top_4_V, i64 0, i64 %zext_ln113" [ResNet/pgconv64.h:135]   --->   Operation 217 'getelementptr' 'top_4_V_addr' <Predicate = (!icmp_ln103)> <Delay = 0.00>
ST_12 : Operation 218 [1/1] (0.00ns)   --->   "%top_5_V_addr = getelementptr [100 x i12]* %top_5_V, i64 0, i64 %zext_ln113" [ResNet/pgconv64.h:135]   --->   Operation 218 'getelementptr' 'top_5_V_addr' <Predicate = (!icmp_ln103)> <Delay = 0.00>
ST_12 : Operation 219 [1/1] (0.00ns)   --->   "%top_6_V_addr = getelementptr [100 x i12]* %top_6_V, i64 0, i64 %zext_ln113" [ResNet/pgconv64.h:135]   --->   Operation 219 'getelementptr' 'top_6_V_addr' <Predicate = (!icmp_ln103)> <Delay = 0.00>
ST_12 : Operation 220 [1/1] (0.00ns)   --->   "%top_7_V_addr = getelementptr [100 x i12]* %top_7_V, i64 0, i64 %zext_ln113" [ResNet/pgconv64.h:135]   --->   Operation 220 'getelementptr' 'top_7_V_addr' <Predicate = (!icmp_ln103)> <Delay = 0.00>
ST_12 : Operation 221 [1/1] (0.00ns)   --->   "%top_8_V_addr = getelementptr [100 x i12]* %top_8_V, i64 0, i64 %zext_ln113" [ResNet/pgconv64.h:135]   --->   Operation 221 'getelementptr' 'top_8_V_addr' <Predicate = (!icmp_ln103)> <Delay = 0.00>
ST_12 : Operation 222 [1/1] (0.00ns)   --->   "%top_9_V_addr = getelementptr [100 x i12]* %top_9_V, i64 0, i64 %zext_ln113" [ResNet/pgconv64.h:135]   --->   Operation 222 'getelementptr' 'top_9_V_addr' <Predicate = (!icmp_ln103)> <Delay = 0.00>
ST_12 : Operation 223 [1/1] (0.00ns)   --->   "%top_10_V_addr = getelementptr [100 x i12]* %top_10_V, i64 0, i64 %zext_ln113" [ResNet/pgconv64.h:135]   --->   Operation 223 'getelementptr' 'top_10_V_addr' <Predicate = (!icmp_ln103)> <Delay = 0.00>
ST_12 : Operation 224 [1/1] (0.00ns)   --->   "%top_11_V_addr = getelementptr [100 x i12]* %top_11_V, i64 0, i64 %zext_ln113" [ResNet/pgconv64.h:135]   --->   Operation 224 'getelementptr' 'top_11_V_addr' <Predicate = (!icmp_ln103)> <Delay = 0.00>
ST_12 : Operation 225 [1/1] (0.00ns)   --->   "%top_12_V_addr = getelementptr [100 x i12]* %top_12_V, i64 0, i64 %zext_ln113" [ResNet/pgconv64.h:135]   --->   Operation 225 'getelementptr' 'top_12_V_addr' <Predicate = (!icmp_ln103)> <Delay = 0.00>
ST_12 : Operation 226 [1/1] (0.00ns)   --->   "%top_13_V_addr = getelementptr [100 x i12]* %top_13_V, i64 0, i64 %zext_ln113" [ResNet/pgconv64.h:135]   --->   Operation 226 'getelementptr' 'top_13_V_addr' <Predicate = (!icmp_ln103)> <Delay = 0.00>
ST_12 : Operation 227 [1/1] (0.00ns)   --->   "%top_14_V_addr = getelementptr [100 x i12]* %top_14_V, i64 0, i64 %zext_ln113" [ResNet/pgconv64.h:135]   --->   Operation 227 'getelementptr' 'top_14_V_addr' <Predicate = (!icmp_ln103)> <Delay = 0.00>
ST_12 : Operation 228 [1/1] (0.00ns)   --->   "%top_15_V_addr = getelementptr [100 x i12]* %top_15_V, i64 0, i64 %zext_ln113" [ResNet/pgconv64.h:135]   --->   Operation 228 'getelementptr' 'top_15_V_addr' <Predicate = (!icmp_ln103)> <Delay = 0.00>
ST_12 : Operation 229 [1/1] (6.84ns)   --->   "%op_V_assign_0_2 = call fastcc i12 @relu(i12 %norm_V_0_2)" [ResNet/pgconv64.h:135]   --->   Operation 229 'call' 'op_V_assign_0_2' <Predicate = (!icmp_ln103)> <Delay = 6.84> <CoreType = "Generic">   --->   Core 0 '' <Latency = 0> <II = 1> <Delay = 1.00> <Generic> <Opcode : >
ST_12 : Operation 230 [1/1] (1.35ns)   --->   "store i12 %op_V_assign_0_2, i12* %top_2_V_addr, align 2" [ResNet/pgconv64.h:135]   --->   Operation 230 'store' <Predicate = (!icmp_ln103)> <Delay = 1.35> <Core = "RAM">   --->   Core 37 'RAM' <Latency = 1> <II = 1> <Delay = 1.35> <Storage> <Opcode : 'load' 'store'> <Ports = 2> <Width = 12> <Depth = 100> <RAM>
ST_12 : Operation 231 [1/1] (1.35ns)   --->   "store i12 %op_V_assign_0_2, i12* %top_3_V_addr, align 2" [ResNet/pgconv64.h:135]   --->   Operation 231 'store' <Predicate = (!icmp_ln103)> <Delay = 1.35> <Core = "RAM">   --->   Core 37 'RAM' <Latency = 1> <II = 1> <Delay = 1.35> <Storage> <Opcode : 'load' 'store'> <Ports = 2> <Width = 12> <Depth = 100> <RAM>
ST_12 : Operation 232 [1/1] (1.35ns)   --->   "store i12 %op_V_assign_0_2, i12* %top_4_V_addr, align 2" [ResNet/pgconv64.h:135]   --->   Operation 232 'store' <Predicate = (!icmp_ln103)> <Delay = 1.35> <Core = "RAM">   --->   Core 37 'RAM' <Latency = 1> <II = 1> <Delay = 1.35> <Storage> <Opcode : 'load' 'store'> <Ports = 2> <Width = 12> <Depth = 100> <RAM>
ST_12 : Operation 233 [1/1] (1.35ns)   --->   "store i12 %op_V_assign_0_2, i12* %top_5_V_addr, align 2" [ResNet/pgconv64.h:135]   --->   Operation 233 'store' <Predicate = (!icmp_ln103)> <Delay = 1.35> <Core = "RAM">   --->   Core 37 'RAM' <Latency = 1> <II = 1> <Delay = 1.35> <Storage> <Opcode : 'load' 'store'> <Ports = 2> <Width = 12> <Depth = 100> <RAM>
ST_12 : Operation 234 [1/1] (1.35ns)   --->   "store i12 %op_V_assign_0_2, i12* %top_6_V_addr, align 2" [ResNet/pgconv64.h:135]   --->   Operation 234 'store' <Predicate = (!icmp_ln103)> <Delay = 1.35> <Core = "RAM">   --->   Core 37 'RAM' <Latency = 1> <II = 1> <Delay = 1.35> <Storage> <Opcode : 'load' 'store'> <Ports = 2> <Width = 12> <Depth = 100> <RAM>
ST_12 : Operation 235 [1/1] (1.35ns)   --->   "store i12 %op_V_assign_0_2, i12* %top_7_V_addr, align 2" [ResNet/pgconv64.h:135]   --->   Operation 235 'store' <Predicate = (!icmp_ln103)> <Delay = 1.35> <Core = "RAM">   --->   Core 37 'RAM' <Latency = 1> <II = 1> <Delay = 1.35> <Storage> <Opcode : 'load' 'store'> <Ports = 2> <Width = 12> <Depth = 100> <RAM>
ST_12 : Operation 236 [1/1] (1.35ns)   --->   "store i12 %op_V_assign_0_2, i12* %top_8_V_addr, align 2" [ResNet/pgconv64.h:135]   --->   Operation 236 'store' <Predicate = (!icmp_ln103)> <Delay = 1.35> <Core = "RAM">   --->   Core 37 'RAM' <Latency = 1> <II = 1> <Delay = 1.35> <Storage> <Opcode : 'load' 'store'> <Ports = 2> <Width = 12> <Depth = 100> <RAM>
ST_12 : Operation 237 [1/1] (1.35ns)   --->   "store i12 %op_V_assign_0_2, i12* %top_9_V_addr, align 2" [ResNet/pgconv64.h:135]   --->   Operation 237 'store' <Predicate = (!icmp_ln103)> <Delay = 1.35> <Core = "RAM">   --->   Core 37 'RAM' <Latency = 1> <II = 1> <Delay = 1.35> <Storage> <Opcode : 'load' 'store'> <Ports = 2> <Width = 12> <Depth = 100> <RAM>
ST_12 : Operation 238 [1/1] (1.35ns)   --->   "store i12 %op_V_assign_0_2, i12* %top_10_V_addr, align 2" [ResNet/pgconv64.h:135]   --->   Operation 238 'store' <Predicate = (!icmp_ln103)> <Delay = 1.35> <Core = "RAM">   --->   Core 37 'RAM' <Latency = 1> <II = 1> <Delay = 1.35> <Storage> <Opcode : 'load' 'store'> <Ports = 2> <Width = 12> <Depth = 100> <RAM>
ST_12 : Operation 239 [1/1] (1.35ns)   --->   "store i12 %op_V_assign_0_2, i12* %top_11_V_addr, align 2" [ResNet/pgconv64.h:135]   --->   Operation 239 'store' <Predicate = (!icmp_ln103)> <Delay = 1.35> <Core = "RAM">   --->   Core 37 'RAM' <Latency = 1> <II = 1> <Delay = 1.35> <Storage> <Opcode : 'load' 'store'> <Ports = 2> <Width = 12> <Depth = 100> <RAM>
ST_12 : Operation 240 [1/1] (1.35ns)   --->   "store i12 %op_V_assign_0_2, i12* %top_12_V_addr, align 2" [ResNet/pgconv64.h:135]   --->   Operation 240 'store' <Predicate = (!icmp_ln103)> <Delay = 1.35> <Core = "RAM">   --->   Core 37 'RAM' <Latency = 1> <II = 1> <Delay = 1.35> <Storage> <Opcode : 'load' 'store'> <Ports = 2> <Width = 12> <Depth = 100> <RAM>
ST_12 : Operation 241 [1/1] (1.35ns)   --->   "store i12 %op_V_assign_0_2, i12* %top_13_V_addr, align 2" [ResNet/pgconv64.h:135]   --->   Operation 241 'store' <Predicate = (!icmp_ln103)> <Delay = 1.35> <Core = "RAM">   --->   Core 37 'RAM' <Latency = 1> <II = 1> <Delay = 1.35> <Storage> <Opcode : 'load' 'store'> <Ports = 2> <Width = 12> <Depth = 100> <RAM>
ST_12 : Operation 242 [1/1] (1.35ns)   --->   "store i12 %op_V_assign_0_2, i12* %top_14_V_addr, align 2" [ResNet/pgconv64.h:135]   --->   Operation 242 'store' <Predicate = (!icmp_ln103)> <Delay = 1.35> <Core = "RAM">   --->   Core 37 'RAM' <Latency = 1> <II = 1> <Delay = 1.35> <Storage> <Opcode : 'load' 'store'> <Ports = 2> <Width = 12> <Depth = 100> <RAM>
ST_12 : Operation 243 [1/1] (1.35ns)   --->   "store i12 %op_V_assign_0_2, i12* %top_15_V_addr, align 2" [ResNet/pgconv64.h:135]   --->   Operation 243 'store' <Predicate = (!icmp_ln103)> <Delay = 1.35> <Core = "RAM">   --->   Core 37 'RAM' <Latency = 1> <II = 1> <Delay = 1.35> <Storage> <Opcode : 'load' 'store'> <Ports = 2> <Width = 12> <Depth = 100> <RAM>
ST_12 : Operation 244 [1/1] (0.00ns)   --->   "%empty_33 = call i32 (...)* @_ssdm_op_SpecRegionEnd([11 x i8]* @p_str267, i32 %tmp_3)" [ResNet/pgconv64.h:138]   --->   Operation 244 'specregionend' 'empty_33' <Predicate = (!icmp_ln103)> <Delay = 0.00>
ST_12 : Operation 245 [1/1] (0.00ns)   --->   "br label %1" [ResNet/pgconv64.h:104]   --->   Operation 245 'br' <Predicate = (!icmp_ln103)> <Delay = 0.00>

State 13 <SV = 2> <Delay = 0.00>
ST_13 : Operation 246 [1/1] (0.00ns)   --->   "ret void" [ResNet/pgconv64.h:140]   --->   Operation 246 'ret' <Predicate = true> <Delay = 0.00>


============================================================
+ Verbose Summary: Timing violations
============================================================
Target clock period: 10ns, clock uncertainty: 1.25ns.

 <State 1>: 0.755ns
The critical path consists of the following:
	multiplexor before 'phi' operation ('indvar_flatten', ResNet/pgconv64.h:103) with incoming values : ('add_ln103', ResNet/pgconv64.h:103) [25]  (0.755 ns)

 <State 2>: 4.49ns
The critical path consists of the following:
	'phi' operation ('col') with incoming values : ('col', ResNet/pgconv64.h:111) [27]  (0 ns)
	'icmp' operation ('icmp_ln104', ResNet/pgconv64.h:104) [36]  (0.884 ns)
	'select' operation ('select_ln109_1', ResNet/pgconv64.h:109) [38]  (0.45 ns)
	'add' operation ('add_ln109_2', ResNet/pgconv64.h:109) [43]  (0.897 ns)
	'add' operation ('add_ln109_3', ResNet/pgconv64.h:109) [62]  (0.907 ns)
	'getelementptr' operation ('bottom1_V_addr', ResNet/pgconv64.h:109) [64]  (0 ns)
	'load' operation ('bottom1_V_load', ResNet/pgconv64.h:109) on array 'bottom1_V' [108]  (1.35 ns)

 <State 3>: 3.16ns
The critical path consists of the following:
	'add' operation ('add_ln112', ResNet/pgconv64.h:112) [49]  (0.897 ns)
	'add' operation ('add_ln112_1', ResNet/pgconv64.h:112) [65]  (0.907 ns)
	'getelementptr' operation ('bottom1_V_addr_19', ResNet/pgconv64.h:112) [67]  (0 ns)
	'load' operation ('bottom1_V_load_19', ResNet/pgconv64.h:112) on array 'bottom1_V' [120]  (1.35 ns)

 <State 4>: 4.73ns
The critical path consists of the following:
	'call' operation ('p_s', ResNet/pgconv64.h:109) to 'compute_engine_64' [111]  (4.73 ns)

 <State 5>: 4.73ns
The critical path consists of the following:
	'call' operation ('tmp2_V', ResNet/pgconv64.h:111) to 'compute_engine_64' [119]  (4.73 ns)

 <State 6>: 4.73ns
The critical path consists of the following:
	'call' operation ('tmp4_V', ResNet/pgconv64.h:113) to 'compute_engine_64' [127]  (4.73 ns)

 <State 7>: 4.73ns
The critical path consists of the following:
	'call' operation ('tmp6_V', ResNet/pgconv64.h:115) to 'compute_engine_64' [135]  (4.73 ns)

 <State 8>: 8.45ns
The critical path consists of the following:
	'call' operation ('tmp8_V', ResNet/pgconv64.h:117) to 'compute_engine_64' [143]  (4.73 ns)
	'call' operation ('sum_V_ret', ResNet/pgconv64.h:118) to 'sum_engine' [144]  (3.73 ns)

 <State 9>: 5.05ns
The critical path consists of the following:
	'call' operation ('sum_V_ret_1', ResNet/pgconv64.h:118) to 'sum_engine' [179]  (3.73 ns)
	'icmp' operation ('icmp_ln1494_17', ResNet/pgconv64.h:131) [181]  (0.877 ns)
	'select' operation ('select_ln131_1', ResNet/pgconv64.h:131) [183]  (0.445 ns)

 <State 10>: 8.2ns
The critical path consists of the following:
	'call' operation ('op_V_assign', ResNet/pgconv64.h:135) to 'relu' [150]  (6.84 ns)
	'store' operation ('store_ln135', ResNet/pgconv64.h:135) of variable 'op_V_assign', ResNet/pgconv64.h:135 on array 'top_0_V' [151]  (1.35 ns)

 <State 11>: 8.2ns
The critical path consists of the following:
	'call' operation ('op_V_assign_0_1', ResNet/pgconv64.h:135) to 'relu' [185]  (6.84 ns)
	'store' operation ('store_ln135', ResNet/pgconv64.h:135) of variable 'op_V_assign_0_1', ResNet/pgconv64.h:135 on array 'top_1_V' [186]  (1.35 ns)

 <State 12>: 8.2ns
The critical path consists of the following:
	'call' operation ('op_V_assign_0_2', ResNet/pgconv64.h:135) to 'relu' [202]  (6.84 ns)
	'store' operation ('store_ln135', ResNet/pgconv64.h:135) of variable 'op_V_assign_0_2', ResNet/pgconv64.h:135 on array 'top_2_V' [203]  (1.35 ns)

 <State 13>: 0ns
The critical path consists of the following:


============================================================
+ Verbose Summary: Binding
============================================================
N/A
* FSMD analyzer results:
  - Output states:
 - Input state : 
  - Chain level:
	State 1
	State 2
	State 3
	State 4
	State 5
	State 6
	State 7
	State 8
	State 9
	State 10
	State 11
	State 12
	State 13


============================================================
+ Verbose Summary: Datapath Resource usage 
============================================================
N/A
