INFO: [HLS 200-10] Running 'C:/Xilinx/Vivado/2019.2/bin/unwrapped/win64.o/vivado_hls.exe'
INFO: [HLS 200-10] For user 'Aperture' on host 'desktop-apertur' (Windows NT_amd64 version 6.2) on Fri Dec 04 22:08:18 -0600 2020
INFO: [HLS 200-10] In directory 'C:/Users/Aperture/Git/FracNetHLS-ImageNet-pg-alt'
Sourcing Tcl script 'C:/Users/Aperture/Git/FracNetHLS-ImageNet-pg-alt/model/solution1/csim.tcl'
INFO: [HLS 200-10] Opening project 'C:/Users/Aperture/Git/FracNetHLS-ImageNet-pg-alt/model'.
INFO: [HLS 200-10] Opening solution 'C:/Users/Aperture/Git/FracNetHLS-ImageNet-pg-alt/model/solution1'.
INFO: [SYN 201-201] Setting up clock 'default' with a period of 10ns.
INFO: [SYN 201-201] Setting up clock 'default' with an uncertainty of 1.25ns.
INFO: [HLS 200-10] Setting target device to 'xczu3eg-sbva484-1-e'
INFO: [HLS 200-435] Setting 'config_sdx -optimization_level' configuration: config_export -vivado_optimization_level=2
INFO: [HLS 200-435] Setting 'config_sdx -target' configuration: config_export -vivado_optimization_level=2
INFO: [HLS 200-435] Setting 'config_sdx -target' configuration: set_clock_uncertainty default
INFO: [SIM 211-2] *************** CSIM start ***************
INFO: [SIM 211-4] CSIM will launch GCC as the compiler.
   Compiling ../../../../tb.cc in release mode
   Compiling ../../../../bnn.cc in release mode
   Generating csim.exe
In file included from C:/Xilinx/Vivado/2019.2/include/floating_point_v7_0_bitacc_cmodel.h:143:0,
                 from C:/Xilinx/Vivado/2019.2/include/hls_fpo.h:186,
                 from C:/Xilinx/Vivado/2019.2/include/hls_half.h:44,
                 from C:/Xilinx/Vivado/2019.2/include/etc/ap_private.h:90,
                 from C:/Xilinx/Vivado/2019.2/include/ap_common.h:641,
                 from C:/Xilinx/Vivado/2019.2/include/ap_int.h:54,
                 from ../../../../typedefs.h:6,
                 from ../../../../bnn.h:4,
                 from ../../../../tb.cc:2:
C:/Xilinx/Vivado/2019.2/include/gmp.h:62:0: warning: "__GMP_LIBGMP_DLL" redefined
 #define __GMP_LIBGMP_DLL  0
 
In file included from C:/Xilinx/Vivado/2019.2/include/hls_fpo.h:186:0,
                 from C:/Xilinx/Vivado/2019.2/include/hls_half.h:44,
                 from C:/Xilinx/Vivado/2019.2/include/etc/ap_private.h:90,
                 from C:/Xilinx/Vivado/2019.2/include/ap_common.h:641,
                 from C:/Xilinx/Vivado/2019.2/include/ap_int.h:54,
                 from ../../../../typedefs.h:6,
                 from ../../../../bnn.h:4,
                 from ../../../../tb.cc:2:
C:/Xilinx/Vivado/2019.2/include/floating_point_v7_0_bitacc_cmodel.h:135:0: note: this is the location of the previous definition
 #define __GMP_LIBGMP_DLL 1
 
In file included from C:/Xilinx/Vivado/2019.2/include/floating_point_v7_0_bitacc_cmodel.h:143:0,
                 from C:/Xilinx/Vivado/2019.2/include/hls_fpo.h:186,
                 from C:/Xilinx/Vivado/2019.2/include/hls_half.h:44,
                 from C:/Xilinx/Vivado/2019.2/include/etc/ap_private.h:90,
                 from C:/Xilinx/Vivado/2019.2/include/ap_common.h:641,
                 from C:/Xilinx/Vivado/2019.2/include/ap_int.h:54,
                 from ../../../../typedefs.h:6,
                 from ../../../../bnn.h:4,
                 from ../../../../bnn.cc:1:
C:/Xilinx/Vivado/2019.2/include/gmp.h:62:0: warning: "__GMP_LIBGMP_DLL" redefined
 #define __GMP_LIBGMP_DLL  0
 
In file included from C:/Xilinx/Vivado/2019.2/include/hls_fpo.h:186:0,
                 from C:/Xilinx/Vivado/2019.2/include/hls_half.h:44,
                 from C:/Xilinx/Vivado/2019.2/include/etc/ap_private.h:90,
                 from C:/Xilinx/Vivado/2019.2/include/ap_common.h:641,
                 from C:/Xilinx/Vivado/2019.2/include/ap_int.h:54,
                 from ../../../../typedefs.h:6,
                 from ../../../../bnn.h:4,
                 from ../../../../bnn.cc:1:
C:/Xilinx/Vivado/2019.2/include/floating_point_v7_0_bitacc_cmodel.h:135:0: note: this is the location of the previous definition
 #define __GMP_LIBGMP_DLL 1
 
image 0
Weights loading success 
Conv1
0.237299  -0.48196  -0.48196  -0.48196  -0.48196  -0.371305  -0.70327  -0.371305  -0.426632  -0.315977  -0.315977  -0.426632  -0.371305  -0.371305  -0.371305  -0.371305  -0.48196  -0.48196  -0.48196  -0.48196  -0.426632  -0.426632  -0.426632  -0.371305  -0.149994  -0.149994  -0.149994  -0.149994  -0.371305  -0.426632  -0.260649  -0.260649  
0.458609  -0.0946667  -0.0946667  -0.0946667  -0.0946667  0.181971  -0.371305  -0.426632  -0.315977  -0.371305  -0.371305  -0.426632  -0.260649  -0.205322  -0.149994  -0.149994  -0.205322  -0.260649  -0.260649  0.0159885  -0.0946667  -0.0393391  -0.149994  -0.205322  -0.149994  -0.149994  -0.149994  -0.205322  -0.0946667  -0.0946667  -0.0393391  -0.205322  
0.458609  -0.0946667  -0.0946667  -0.0946667  -0.0946667  0.347954  -0.0946667  -0.0393391  0.0713161  -0.0393391  -0.0393391  -0.0946667  0.0713161  0.126644  0.181971  0.181971  0.126644  0.0713161  0.0713161  0.0713161  0.126644  0.126644  0.126644  0.126644  0.181971  0.0713161  0.181971  0.126644  0.126644  0.181971  0.126644  0.126644  
0.458609  -0.0946667  -0.0946667  -0.0946667  -0.0946667  0.237299  -0.0393391  0.126644  0.181971  0.181971  0.181971  0.181971  0.126644  0.126644  0.181971  0.181971  0.126644  0.126644  0.181971  0.181971  0.181971  0.181971  0.181971  0.181971  0.126644  0.0713161  0.126644  -0.0393391  0.0159885  -0.0393391  -0.0946667  0.181971  
0.458609  -0.0946667  -0.0946667  -0.0946667  -0.0946667  0.126644  -0.426632  0.0159885  0.126644  0.181971  0.181971  0.0713161  -0.0946667  0.0713161  0.126644  -0.0946667  -0.0946667  -0.0393391  -0.0946667  -0.0946667  -0.0946667  -0.0393391  -0.0946667  0.0159885  -0.0946667  -0.0946667  -0.0946667  -0.260649  -0.315977  -0.315977  -0.315977  -0.149994  
0.458609  -0.0946667  -0.0946667  -0.0946667  -0.0946667  0.126644  -0.48196  -0.260649  -0.205322  -0.0946667  -0.149994  -0.315977  -0.426632  -0.260649  -0.260649  -0.371305  -0.371305  -0.371305  -0.315977  -0.315977  -0.260649  -0.260649  -0.260649  -0.371305  -0.371305  -0.260649  -0.315977  -0.315977  -0.315977  -0.371305  -0.315977  -0.315977  
0.458609  -0.0946667  -0.0946667  -0.0946667  -0.0946667  0.126644  -0.371305  -0.205322  -0.260649  -0.205322  -0.149994  -0.205322  -0.315977  -0.315977  -0.205322  -0.205322  -0.205322  -0.205322  -0.205322  -0.205322  -0.205322  -0.205322  -0.205322  -0.205322  -0.205322  -0.205322  -0.205322  -0.205322  -0.205322  -0.205322  -0.205322  -0.205322  
0.458609  -0.0946667  -0.0946667  -0.0946667  -0.0946667  0.126644  -0.426632  -0.205322  -0.205322  -0.205322  -0.205322  -0.205322  -0.205322  -0.205322  -0.205322  -0.205322  -0.205322  -0.205322  -0.205322  -0.205322  -0.205322  -0.205322  -0.205322  -0.205322  -0.205322  -0.205322  -0.205322  -0.205322  -0.205322  -0.205322  -0.205322  -0.205322  
0.458609  -0.0946667  -0.0946667  -0.0946667  -0.0946667  0.126644  -0.426632  -0.205322  -0.260649  -0.260649  -0.205322  -0.205322  -0.260649  -0.205322  -0.260649  -0.371305  -0.260649  -0.315977  -0.315977  -0.205322  -0.205322  -0.205322  -0.205322  -0.205322  -0.205322  -0.205322  -0.205322  -0.205322  -0.205322  -0.205322  -0.205322  -0.205322  
0.458609  -0.0946667  -0.0946667  -0.0946667  -0.0946667  0.126644  -0.426632  -0.205322  -0.260649  -0.260649  -0.205322  -0.205322  -0.260649  -0.205322  -0.260649  -0.48196  -0.205322  -0.315977  -0.315977  -0.205322  -0.205322  -0.205322  -0.205322  -0.205322  -0.205322  -0.205322  -0.205322  -0.205322  -0.205322  -0.205322  -0.205322  -0.205322  
0.458609  -0.0946667  -0.0946667  -0.0946667  -0.0946667  0.126644  -0.426632  -0.205322  -0.205322  -0.205322  -0.205322  -0.205322  -0.205322  -0.205322  -0.205322  -0.205322  -0.205322  -0.205322  -0.205322  -0.205322  -0.205322  -0.205322  -0.205322  -0.205322  -0.205322  -0.205322  -0.0946667  -0.260649  -0.205322  -0.205322  -0.205322  -0.205322  
0.458609  -0.0946667  -0.0946667  -0.0946667  -0.0946667  0.126644  -0.426632  -0.205322  -0.205322  -0.205322  -0.205322  -0.205322  -0.205322  -0.205322  -0.205322  -0.205322  -0.205322  -0.205322  -0.205322  -0.205322  -0.205322  -0.205322  -0.149994  -0.260649  -0.0946667  -0.0393391  -0.0946667  -0.315977  -0.205322  -0.205322  -0.205322  -0.205322  
0.458609  -0.0946667  -0.0946667  -0.0946667  -0.0946667  0.126644  -0.426632  -0.260649  -0.149994  -0.205322  -0.205322  -0.205322  -0.205322  -0.205322  -0.205322  -0.205322  -0.205322  -0.205322  -0.205322  -0.205322  -0.205322  -0.149994  -0.260649  -0.371305  -0.205322  -0.0946667  -0.260649  -0.205322  -0.205322  -0.205322  -0.205322  -0.205322  
0.458609  -0.0946667  -0.0946667  -0.0946667  -0.0946667  0.126644  -0.426632  -0.260649  -0.149994  -0.205322  -0.205322  -0.205322  -0.205322  -0.205322  -0.205322  -0.205322  -0.205322  -0.205322  -0.205322  -0.205322  -0.205322  -0.205322  -0.205322  -0.205322  -0.205322  -0.205322  -0.205322  -0.205322  -0.205322  -0.205322  -0.205322  -0.205322  
0.458609  -0.0946667  -0.0946667  -0.0946667  -0.0946667  0.126644  -0.426632  -0.205322  -0.205322  -0.205322  -0.205322  -0.205322  -0.260649  -0.149994  -0.205322  -0.205322  -0.205322  -0.205322  -0.205322  -0.205322  -0.205322  -0.205322  -0.205322  -0.205322  -0.205322  -0.205322  -0.205322  -0.205322  -0.205322  -0.205322  -0.205322  -0.205322  
0.458609  -0.0946667  -0.0946667  -0.0946667  -0.0946667  0.126644  -0.647943  -0.260649  -0.205322  -0.205322  -0.205322  -0.205322  -0.205322  -0.205322  -0.205322  -0.205322  -0.205322  -0.205322  -0.205322  -0.205322  -0.205322  -0.205322  -0.205322  -0.205322  -0.205322  -0.205322  -0.205322  -0.205322  -0.205322  -0.205322  -0.205322  -0.260649  
0.458609  -0.0946667  -0.0946667  -0.0946667  -0.0946667  0.126644  -0.70327  -0.371305  -0.205322  -0.205322  -0.205322  -0.205322  -0.205322  -0.205322  -0.205322  -0.205322  -0.205322  -0.205322  -0.205322  -0.205322  -0.205322  -0.205322  -0.205322  -0.205322  -0.205322  -0.205322  -0.315977  -0.260649  -0.149994  -0.205322  -0.205322  -0.371305  
0.458609  -0.0946667  -0.0946667  -0.0946667  -0.0946667  0.126644  -0.48196  -0.260649  -0.205322  -0.205322  -0.205322  -0.205322  -0.205322  -0.205322  -0.0946667  -0.260649  -0.205322  -0.205322  -0.205322  -0.205322  -0.205322  -0.205322  -0.205322  -0.205322  -0.205322  -0.149994  -0.537287  -0.537287  -0.315977  -0.205322  -0.205322  -0.205322  
0.458609  -0.0946667  -0.0946667  -0.0946667  -0.0946667  0.126644  -0.426632  -0.205322  -0.149994  -0.0946667  -0.205322  -0.149994  -0.149994  -0.0393391  0.0159885  -0.371305  -0.205322  -0.205322  -0.205322  -0.205322  -0.205322  -0.205322  -0.149994  -0.205322  -0.205322  -0.205322  -0.205322  -0.205322  -0.205322  -0.205322  -0.205322  -0.205322  
0.458609  -0.0946667  -0.0946667  -0.0946667  -0.0946667  0.126644  -0.371305  -0.0946667  -0.0946667  0.0159885  -0.149994  -0.149994  0.0713161  -0.0946667  -0.0946667  -0.315977  -0.149994  -0.260649  -0.205322  -0.205322  -0.205322  -0.205322  -0.149994  -0.205322  -0.205322  -0.205322  -0.205322  -0.205322  -0.205322  -0.205322  -0.205322  -0.205322  
0.458609  -0.0946667  -0.0946667  -0.0946667  -0.0946667  0.126644  -0.315977  -0.149994  -0.0946667  0.0713161  -0.205322  -0.149994  -0.0393391  -0.205322  -0.0946667  -0.260649  -0.205322  -0.205322  -0.205322  -0.205322  -0.205322  -0.205322  -0.205322  -0.205322  -0.205322  -0.205322  -0.205322  -0.205322  -0.205322  -0.205322  -0.205322  -0.205322  
0.458609  -0.0946667  -0.0946667  -0.0946667  -0.0946667  0.126644  -0.426632  -0.205322  -0.205322  -0.149994  -0.260649  -0.205322  -0.205322  -0.205322  -0.205322  -0.205322  -0.205322  -0.205322  -0.205322  -0.205322  -0.205322  -0.205322  -0.205322  -0.205322  -0.205322  -0.205322  -0.205322  -0.205322  -0.205322  -0.205322  -0.205322  -0.205322  
0.458609  -0.0946667  -0.0946667  -0.0946667  -0.0946667  0.126644  -0.426632  -0.205322  -0.205322  -0.205322  -0.205322  -0.205322  -0.205322  -0.205322  -0.205322  -0.315977  -0.205322  -0.205322  -0.205322  -0.205322  -0.205322  -0.205322  -0.205322  -0.205322  -0.205322  -0.205322  -0.205322  -0.205322  -0.205322  -0.260649  -0.149994  -0.205322  
0.458609  -0.0946667  -0.0946667  -0.0946667  -0.0946667  0.126644  -0.426632  -0.205322  -0.205322  -0.205322  -0.205322  -0.0946667  -0.149994  -0.205322  -0.205322  -0.315977  -0.205322  -0.205322  -0.205322  -0.205322  -0.205322  -0.205322  -0.205322  -0.205322  -0.205322  -0.205322  -0.205322  -0.205322  -0.205322  -0.315977  -0.205322  -0.315977  
0.458609  -0.0946667  -0.0946667  -0.0946667  -0.0946667  0.126644  -0.426632  -0.205322  -0.205322  -0.205322  -0.205322  -0.0946667  -0.0946667  -0.205322  -0.205322  -0.205322  -0.205322  -0.205322  -0.205322  -0.205322  -0.260649  -0.205322  -0.205322  -0.205322  -0.205322  -0.205322  -0.205322  -0.205322  -0.205322  -0.205322  -0.205322  -0.315977  
0.458609  -0.0946667  -0.0946667  -0.0946667  -0.0946667  0.126644  -0.426632  -0.205322  -0.205322  -0.205322  -0.205322  -0.205322  -0.149994  -0.205322  -0.205322  -0.205322  -0.205322  -0.205322  -0.205322  -0.205322  -0.260649  -0.205322  -0.205322  -0.205322  -0.205322  -0.205322  -0.205322  -0.205322  -0.205322  -0.205322  -0.205322  -0.149994  
0.458609  -0.0946667  -0.0946667  -0.0946667  -0.0946667  0.126644  -0.426632  -0.205322  -0.205322  -0.205322  -0.205322  -0.205322  -0.205322  -0.205322  -0.260649  -0.260649  -0.205322  -0.205322  -0.205322  -0.205322  -0.205322  -0.205322  -0.205322  -0.205322  -0.205322  -0.205322  -0.205322  -0.205322  -0.205322  -0.260649  -0.205322  -0.205322  
0.458609  -0.0946667  -0.0946667  -0.0946667  -0.0946667  0.126644  -0.426632  -0.205322  -0.205322  -0.205322  -0.205322  -0.205322  -0.205322  -0.205322  -0.260649  -0.260649  -0.205322  -0.205322  -0.205322  -0.205322  -0.205322  -0.205322  -0.205322  -0.205322  -0.205322  -0.205322  -0.205322  -0.205322  -0.205322  -0.371305  0.0159885  0.0159885  
0.458609  -0.0946667  -0.0946667  -0.0946667  -0.0946667  0.126644  -0.426632  -0.205322  -0.205322  -0.205322  -0.205322  -0.205322  -0.205322  -0.205322  -0.205322  -0.205322  -0.205322  -0.205322  -0.205322  -0.205322  -0.205322  -0.205322  -0.205322  -0.205322  -0.205322  -0.205322  -0.205322  -0.205322  -0.205322  -0.371305  -0.149994  -0.0393391  
0.458609  -0.0946667  -0.0946667  -0.0946667  -0.0946667  0.126644  -0.426632  -0.205322  -0.205322  -0.205322  -0.426632  -0.371305  -0.205322  -0.371305  -0.260649  -0.205322  -0.205322  -0.205322  -0.205322  -0.205322  -0.205322  -0.205322  -0.205322  -0.205322  -0.205322  -0.205322  -0.149994  -0.205322  -0.205322  -0.371305  -0.0946667  -0.149994  
0.458609  -0.0946667  -0.0946667  -0.0946667  -0.0946667  0.126644  -0.426632  -0.205322  -0.205322  -0.205322  -0.315977  -0.315977  -0.315977  -0.315977  -0.315977  -0.149994  -0.205322  -0.205322  -0.205322  -0.205322  -0.205322  -0.205322  -0.205322  -0.260649  -0.205322  -0.205322  -0.205322  -0.205322  -0.260649  -0.315977  -0.0946667  -0.0946667  
0.458609  -0.0946667  -0.0946667  -0.0946667  -0.0946667  0.126644  -0.426632  -0.205322  -0.205322  -0.205322  -0.205322  -0.205322  -0.205322  -0.205322  -0.205322  -0.205322  -0.205322  -0.205322  -0.205322  -0.205322  -0.205322  -0.205322  -0.205322  -0.371305  -0.149994  -0.205322  -0.205322  -0.205322  -0.315977  -0.260649  -0.0393391  -0.0393391  
---------- SW above ------------
0.237299  -0.48196  -0.48196  -0.48196  -0.48196  -0.371305  -0.703271  -0.371305  -0.426633  -0.315977  -0.315977  -0.426633  -0.371305  -0.371305  -0.371305  -0.371305  -0.48196  -0.48196  -0.48196  -0.48196  -0.426633  -0.426633  -0.426633  -0.371305  -0.149994  -0.149994  -0.149994  -0.149994  -0.371305  -0.426633  -0.26065  -0.26065  
0.45861  -0.0946667  -0.0946667  -0.0946667  -0.0946667  0.181972  -0.371305  -0.426633  -0.315977  -0.371305  -0.371305  -0.426633  -0.26065  -0.205322  -0.149994  -0.149994  -0.205322  -0.26065  -0.26065  0.0159886  -0.0946667  -0.039339  -0.149994  -0.205322  -0.149994  -0.149994  -0.149994  -0.205322  -0.0946667  -0.0946667  -0.039339  -0.205322  
0.45861  -0.0946667  -0.0946667  -0.0946667  -0.0946667  0.347955  -0.0946667  -0.039339  0.0713163  -0.039339  -0.039339  -0.0946667  0.0713163  0.126644  0.181972  0.181972  0.126644  0.0713163  0.0713163  0.0713163  0.126644  0.126644  0.126644  0.126644  0.181972  0.0713163  0.181972  0.126644  0.126644  0.181972  0.126644  0.126644  
0.45861  -0.0946667  -0.0946667  -0.0946667  -0.0946667  0.237299  -0.039339  0.126644  0.181972  0.181972  0.181972  0.181972  0.126644  0.126644  0.181972  0.181972  0.126644  0.126644  0.181972  0.181972  0.181972  0.181972  0.181972  0.181972  0.126644  0.0713163  0.126644  -0.039339  0.0159886  -0.039339  -0.0946667  0.181972  
0.45861  -0.0946667  -0.0946667  -0.0946667  -0.0946667  0.126644  -0.426633  0.0159886  0.126644  0.181972  0.181972  0.0713163  -0.0946667  0.0713163  0.126644  -0.0946667  -0.0946667  -0.039339  -0.0946667  -0.0946667  -0.0946667  -0.039339  -0.0946667  0.0159886  -0.0946667  -0.0946667  -0.0946667  -0.26065  -0.315977  -0.315977  -0.315977  -0.149994  
0.45861  -0.0946667  -0.0946667  -0.0946667  -0.0946667  0.126644  -0.48196  -0.26065  -0.205322  -0.0946667  -0.149994  -0.315977  -0.426633  -0.26065  -0.26065  -0.371305  -0.371305  -0.371305  -0.315977  -0.315977  -0.26065  -0.26065  -0.26065  -0.371305  -0.371305  -0.26065  -0.315977  -0.315977  -0.315977  -0.371305  -0.315977  -0.315977  
0.45861  -0.0946667  -0.0946667  -0.0946667  -0.0946667  0.126644  -0.371305  -0.205322  -0.26065  -0.205322  -0.149994  -0.205322  -0.315977  -0.315977  -0.205322  -0.205322  -0.205322  -0.205322  -0.205322  -0.205322  -0.205322  -0.205322  -0.205322  -0.205322  -0.205322  -0.205322  -0.205322  -0.205322  -0.205322  -0.205322  -0.205322  -0.205322  
0.45861  -0.0946667  -0.0946667  -0.0946667  -0.0946667  0.126644  -0.426633  -0.205322  -0.205322  -0.205322  -0.205322  -0.205322  -0.205322  -0.205322  -0.205322  -0.205322  -0.205322  -0.205322  -0.205322  -0.205322  -0.205322  -0.205322  -0.205322  -0.205322  -0.205322  -0.205322  -0.205322  -0.205322  -0.205322  -0.205322  -0.205322  -0.205322  
0.45861  -0.0946667  -0.0946667  -0.0946667  -0.0946667  0.126644  -0.426633  -0.205322  -0.26065  -0.26065  -0.205322  -0.205322  -0.26065  -0.205322  -0.26065  -0.371305  -0.26065  -0.315977  -0.315977  -0.205322  -0.205322  -0.205322  -0.205322  -0.205322  -0.205322  -0.205322  -0.205322  -0.205322  -0.205322  -0.205322  -0.205322  -0.205322  
0.45861  -0.0946667  -0.0946667  -0.0946667  -0.0946667  0.126644  -0.426633  -0.205322  -0.26065  -0.26065  -0.205322  -0.205322  -0.26065  -0.205322  -0.26065  -0.48196  -0.205322  -0.315977  -0.315977  -0.205322  -0.205322  -0.205322  -0.205322  -0.205322  -0.205322  -0.205322  -0.205322  -0.205322  -0.205322  -0.205322  -0.205322  -0.205322  
0.45861  -0.0946667  -0.0946667  -0.0946667  -0.0946667  0.126644  -0.426633  -0.205322  -0.205322  -0.205322  -0.205322  -0.205322  -0.205322  -0.205322  -0.205322  -0.205322  -0.205322  -0.205322  -0.205322  -0.205322  -0.205322  -0.205322  -0.205322  -0.205322  -0.205322  -0.205322  -0.0946667  -0.26065  -0.205322  -0.205322  -0.205322  -0.205322  
0.45861  -0.0946667  -0.0946667  -0.0946667  -0.0946667  0.126644  -0.426633  -0.205322  -0.205322  -0.205322  -0.205322  -0.205322  -0.205322  -0.205322  -0.205322  -0.205322  -0.205322  -0.205322  -0.205322  -0.205322  -0.205322  -0.205322  -0.149994  -0.26065  -0.0946667  -0.039339  -0.0946667  -0.315977  -0.205322  -0.205322  -0.205322  -0.205322  
0.45861  -0.0946667  -0.0946667  -0.0946667  -0.0946667  0.126644  -0.426633  -0.26065  -0.149994  -0.205322  -0.205322  -0.205322  -0.205322  -0.205322  -0.205322  -0.205322  -0.205322  -0.205322  -0.205322  -0.205322  -0.205322  -0.149994  -0.26065  -0.371305  -0.205322  -0.0946667  -0.26065  -0.205322  -0.205322  -0.205322  -0.205322  -0.205322  
0.45861  -0.0946667  -0.0946667  -0.0946667  -0.0946667  0.126644  -0.426633  -0.26065  -0.149994  -0.205322  -0.205322  -0.205322  -0.205322  -0.205322  -0.205322  -0.205322  -0.205322  -0.205322  -0.205322  -0.205322  -0.205322  -0.205322  -0.205322  -0.205322  -0.205322  -0.205322  -0.205322  -0.205322  -0.205322  -0.205322  -0.205322  -0.205322  
0.45861  -0.0946667  -0.0946667  -0.0946667  -0.0946667  0.126644  -0.426633  -0.205322  -0.205322  -0.205322  -0.205322  -0.205322  -0.26065  -0.149994  -0.205322  -0.205322  -0.205322  -0.205322  -0.205322  -0.205322  -0.205322  -0.205322  -0.205322  -0.205322  -0.205322  -0.205322  -0.205322  -0.205322  -0.205322  -0.205322  -0.205322  -0.205322  
0.45861  -0.0946667  -0.0946667  -0.0946667  -0.0946667  0.126644  -0.647943  -0.26065  -0.205322  -0.205322  -0.205322  -0.205322  -0.205322  -0.205322  -0.205322  -0.205322  -0.205322  -0.205322  -0.205322  -0.205322  -0.205322  -0.205322  -0.205322  -0.205322  -0.205322  -0.205322  -0.205322  -0.205322  -0.205322  -0.205322  -0.205322  -0.26065  
0.45861  -0.0946667  -0.0946667  -0.0946667  -0.0946667  0.126644  -0.703271  -0.371305  -0.205322  -0.205322  -0.205322  -0.205322  -0.205322  -0.205322  -0.205322  -0.205322  -0.205322  -0.205322  -0.205322  -0.205322  -0.205322  -0.205322  -0.205322  -0.205322  -0.205322  -0.205322  -0.315977  -0.26065  -0.149994  -0.205322  -0.205322  -0.371305  
0.45861  -0.0946667  -0.0946667  -0.0946667  -0.0946667  0.126644  -0.48196  -0.26065  -0.205322  -0.205322  -0.205322  -0.205322  -0.205322  -0.205322  -0.0946667  -0.26065  -0.205322  -0.205322  -0.205322  -0.205322  -0.205322  -0.205322  -0.205322  -0.205322  -0.205322  -0.149994  -0.537288  -0.537288  -0.315977  -0.205322  -0.205322  -0.205322  
0.45861  -0.0946667  -0.0946667  -0.0946667  -0.0946667  0.126644  -0.426633  -0.205322  -0.149994  -0.0946667  -0.205322  -0.149994  -0.149994  -0.039339  0.0159886  -0.371305  -0.205322  -0.205322  -0.205322  -0.205322  -0.205322  -0.205322  -0.149994  -0.205322  -0.205322  -0.205322  -0.205322  -0.205322  -0.205322  -0.205322  -0.205322  -0.205322  
0.45861  -0.0946667  -0.0946667  -0.0946667  -0.0946667  0.126644  -0.371305  -0.0946667  -0.0946667  0.0159886  -0.149994  -0.149994  0.0713163  -0.0946667  -0.0946667  -0.315977  -0.149994  -0.26065  -0.205322  -0.205322  -0.205322  -0.205322  -0.149994  -0.205322  -0.205322  -0.205322  -0.205322  -0.205322  -0.205322  -0.205322  -0.205322  -0.205322  
0.45861  -0.0946667  -0.0946667  -0.0946667  -0.0946667  0.126644  -0.315977  -0.149994  -0.0946667  0.0713163  -0.205322  -0.149994  -0.039339  -0.205322  -0.0946667  -0.26065  -0.205322  -0.205322  -0.205322  -0.205322  -0.205322  -0.205322  -0.205322  -0.205322  -0.205322  -0.205322  -0.205322  -0.205322  -0.205322  -0.205322  -0.205322  -0.205322  
0.45861  -0.0946667  -0.0946667  -0.0946667  -0.0946667  0.126644  -0.426633  -0.205322  -0.205322  -0.149994  -0.26065  -0.205322  -0.205322  -0.205322  -0.205322  -0.205322  -0.205322  -0.205322  -0.205322  -0.205322  -0.205322  -0.205322  -0.205322  -0.205322  -0.205322  -0.205322  -0.205322  -0.205322  -0.205322  -0.205322  -0.205322  -0.205322  
0.45861  -0.0946667  -0.0946667  -0.0946667  -0.0946667  0.126644  -0.426633  -0.205322  -0.205322  -0.205322  -0.205322  -0.205322  -0.205322  -0.205322  -0.205322  -0.315977  -0.205322  -0.205322  -0.205322  -0.205322  -0.205322  -0.205322  -0.205322  -0.205322  -0.205322  -0.205322  -0.205322  -0.205322  -0.205322  -0.26065  -0.149994  -0.205322  
0.45861  -0.0946667  -0.0946667  -0.0946667  -0.0946667  0.126644  -0.426633  -0.205322  -0.205322  -0.205322  -0.205322  -0.0946667  -0.149994  -0.205322  -0.205322  -0.315977  -0.205322  -0.205322  -0.205322  -0.205322  -0.205322  -0.205322  -0.205322  -0.205322  -0.205322  -0.205322  -0.205322  -0.205322  -0.205322  -0.315977  -0.205322  -0.315977  
0.45861  -0.0946667  -0.0946667  -0.0946667  -0.0946667  0.126644  -0.426633  -0.205322  -0.205322  -0.205322  -0.205322  -0.0946667  -0.0946667  -0.205322  -0.205322  -0.205322  -0.205322  -0.205322  -0.205322  -0.205322  -0.26065  -0.205322  -0.205322  -0.205322  -0.205322  -0.205322  -0.205322  -0.205322  -0.205322  -0.205322  -0.205322  -0.315977  
0.45861  -0.0946667  -0.0946667  -0.0946667  -0.0946667  0.126644  -0.426633  -0.205322  -0.205322  -0.205322  -0.205322  -0.205322  -0.149994  -0.205322  -0.205322  -0.205322  -0.205322  -0.205322  -0.205322  -0.205322  -0.26065  -0.205322  -0.205322  -0.205322  -0.205322  -0.205322  -0.205322  -0.205322  -0.205322  -0.205322  -0.205322  -0.149994  
0.45861  -0.0946667  -0.0946667  -0.0946667  -0.0946667  0.126644  -0.426633  -0.205322  -0.205322  -0.205322  -0.205322  -0.205322  -0.205322  -0.205322  -0.26065  -0.26065  -0.205322  -0.205322  -0.205322  -0.205322  -0.205322  -0.205322  -0.205322  -0.205322  -0.205322  -0.205322  -0.205322  -0.205322  -0.205322  -0.26065  -0.205322  -0.205322  
0.45861  -0.0946667  -0.0946667  -0.0946667  -0.0946667  0.126644  -0.426633  -0.205322  -0.205322  -0.205322  -0.205322  -0.205322  -0.205322  -0.205322  -0.26065  -0.26065  -0.205322  -0.205322  -0.205322  -0.205322  -0.205322  -0.205322  -0.205322  -0.205322  -0.205322  -0.205322  -0.205322  -0.205322  -0.205322  -0.371305  0.0159886  0.0159886  
0.45861  -0.0946667  -0.0946667  -0.0946667  -0.0946667  0.126644  -0.426633  -0.205322  -0.205322  -0.205322  -0.205322  -0.205322  -0.205322  -0.205322  -0.205322  -0.205322  -0.205322  -0.205322  -0.205322  -0.205322  -0.205322  -0.205322  -0.205322  -0.205322  -0.205322  -0.205322  -0.205322  -0.205322  -0.205322  -0.371305  -0.149994  -0.039339  
0.45861  -0.0946667  -0.0946667  -0.0946667  -0.0946667  0.126644  -0.426633  -0.205322  -0.205322  -0.205322  -0.426633  -0.371305  -0.205322  -0.371305  -0.26065  -0.205322  -0.205322  -0.205322  -0.205322  -0.205322  -0.205322  -0.205322  -0.205322  -0.205322  -0.205322  -0.205322  -0.149994  -0.205322  -0.205322  -0.371305  -0.0946667  -0.149994  
0.45861  -0.0946667  -0.0946667  -0.0946667  -0.0946667  0.126644  -0.426633  -0.205322  -0.205322  -0.205322  -0.315977  -0.315977  -0.315977  -0.315977  -0.315977  -0.149994  -0.205322  -0.205322  -0.205322  -0.205322  -0.205322  -0.205322  -0.205322  -0.26065  -0.205322  -0.205322  -0.205322  -0.205322  -0.26065  -0.315977  -0.0946667  -0.0946667  
0.45861  -0.0946667  -0.0946667  -0.0946667  -0.0946667  0.126644  -0.426633  -0.205322  -0.205322  -0.205322  -0.205322  -0.205322  -0.205322  -0.205322  -0.205322  -0.205322  -0.205322  -0.205322  -0.205322  -0.205322  -0.205322  -0.205322  -0.205322  -0.371305  -0.149994  -0.205322  -0.205322  -0.205322  -0.315977  -0.26065  -0.039339  -0.039339  

Total absolute error: 0.101084
Total number of errors: 0/401408
Maximum absolute pixel error: 4.29153e-006
Tested
INFO: [SIM 211-1] CSim done with 0 errors.
INFO: [SIM 211-3] *************** CSIM finish ***************
