

================================================================
== Vivado HLS Report for 'batch_norm'
================================================================
* Date:           Mon Sep 14 09:28:43 2020

* Version:        2019.2.1 (Build 2724168 on Thu Dec 05 05:19:09 MST 2019)
* Project:        model
* Solution:       solution2
* Product family: zynquplus
* Target device:  xczu3eg-sbva484-1-e


================================================================
== Performance Estimates
================================================================
+ Timing: 
    * Summary: 
    +--------+---------+----------+------------+
    |  Clock |  Target | Estimated| Uncertainty|
    +--------+---------+----------+------------+
    |ap_clk  | 4.00 ns | 3.286 ns |   0.50 ns  |
    +--------+---------+----------+------------+

+ Latency: 
    * Summary: 
    +---------+---------+----------+----------+-----+-----+----------+
    |  Latency (cycles) |  Latency (absolute) |  Interval | Pipeline |
    |   min   |   max   |    min   |    max   | min | max |   Type   |
    +---------+---------+----------+----------+-----+-----+----------+
    |        2|        2| 8.000 ns | 8.000 ns |    1|    1| function |
    +---------+---------+----------+----------+-----+-----+----------+

    + Detail: 
        * Instance: 
        N/A

        * Loop: 
        N/A



================================================================
== Utilization Estimates
================================================================
* Summary: 
+-----------------+---------+-------+--------+-------+-----+
|       Name      | BRAM_18K| DSP48E|   FF   |  LUT  | URAM|
+-----------------+---------+-------+--------+-------+-----+
|DSP              |        -|      1|       -|      -|    -|
|Expression       |        -|      -|       0|    179|    -|
|FIFO             |        -|      -|       -|      -|    -|
|Instance         |        -|      -|       -|      -|    -|
|Memory           |        -|      -|       -|      -|    -|
|Multiplexer      |        -|      -|       -|      9|    -|
|Register         |        -|      -|      93|      -|    -|
+-----------------+---------+-------+--------+-------+-----+
|Total            |        0|      1|      93|    188|    0|
+-----------------+---------+-------+--------+-------+-----+
|Available        |      432|    360|  141120|  70560|    0|
+-----------------+---------+-------+--------+-------+-----+
|Utilization (%)  |        0|   ~0  |   ~0   |   ~0  |    0|
+-----------------+---------+-------+--------+-------+-----+

+ Detail: 
    * Instance: 
    N/A

    * DSP48E: 
    +--------------------------+----------------------+-----------+
    |         Instance         |        Module        | Expression|
    +--------------------------+----------------------+-----------+
    |FracNet_mul_mul_8fYi_U25  |FracNet_mul_mul_8fYi  |  i0 * i1  |
    +--------------------------+----------------------+-----------+

    * Memory: 
    N/A

    * FIFO: 
    N/A

    * Expression: 
    +----------------------------+----------+-------+---+----+------------+------------+
    |        Variable Name       | Operation| DSP48E| FF| LUT| Bitwidth P0| Bitwidth P1|
    +----------------------------+----------+-------+---+----+------------+------------+
    |ret_V_10_fu_218_p2          |     +    |      0|  0|  21|          14|          14|
    |ret_V_fu_204_p2             |     +    |      0|  0|  22|          15|          15|
    |overflow_fu_116_p2          |    and   |      0|  0|   2|           1|           1|
    |underflow_3_fu_237_p2       |    and   |      0|  0|   2|           1|           1|
    |underflow_fu_138_p2         |    and   |      0|  0|   2|           1|           1|
    |icmp_ln785_fu_101_p2        |   icmp   |      0|  0|  11|           6|           1|
    |icmp_ln786_fu_127_p2        |   icmp   |      0|  0|  11|           6|           2|
    |or_ln340_35_fu_155_p2       |    or    |      0|  0|   2|           1|           1|
    |or_ln340_444_fu_251_p2      |    or    |      0|  0|   2|           1|           1|
    |or_ln340_fu_143_p2          |    or    |      0|  0|   2|           1|           1|
    |or_ln785_fu_106_p2          |    or    |      0|  0|   2|           1|           1|
    |or_ln786_fu_132_p2          |    or    |      0|  0|   2|           1|           1|
    |p_Val2_18_fu_177_p3         |  select  |      0|  0|  14|           1|          14|
    |select_ln340_492_fu_256_p3  |  select  |      0|  0|  14|           1|          13|
    |select_ln340_525_fu_270_p3  |  select  |      0|  0|  14|           1|          14|
    |select_ln340_fu_161_p3      |  select  |      0|  0|  14|           1|          13|
    |select_ln388_173_fu_263_p3  |  select  |      0|  0|  15|           1|          15|
    |select_ln388_fu_169_p3      |  select  |      0|  0|  15|           1|          15|
    |xor_ln340_174_fu_246_p2     |    xor   |      0|  0|   2|           1|           2|
    |xor_ln340_316_fu_242_p2     |    xor   |      0|  0|   2|           1|           1|
    |xor_ln340_fu_149_p2         |    xor   |      0|  0|   2|           1|           2|
    |xor_ln785_fu_111_p2         |    xor   |      0|  0|   2|           1|           2|
    |xor_ln786_9_fu_232_p2       |    xor   |      0|  0|   2|           1|           2|
    |xor_ln786_fu_122_p2         |    xor   |      0|  0|   2|           1|           2|
    +----------------------------+----------+-------+---+----+------------+------------+
    |Total                       |          |      0|  0| 179|          61|         135|
    +----------------------------+----------+-------+---+----+------------+------------+

    * Multiplexer: 
    +-----------+----+-----------+-----+-----------+
    |    Name   | LUT| Input Size| Bits| Total Bits|
    +-----------+----+-----------+-----+-----------+
    |ap_return  |   9|          2|   14|         28|
    +-----------+----+-----------+-----+-----------+
    |Total      |   9|          2|   14|         28|
    +-----------+----+-----------+-----+-----------+

    * Register: 
    +-----------------------+----+----+-----+-----------+
    |          Name         | FF | LUT| Bits| Const Bits|
    +-----------------------+----+----+-----+-----------+
    |ap_ce_reg              |   1|   0|    1|          0|
    |ap_return_int_reg      |  14|   0|   14|          0|
    |bias_V_int_reg         |  11|   0|   11|          0|
    |bias_V_read_reg_288    |  11|   0|   11|          0|
    |p_Result_7_reg_304     |   1|   0|    1|          0|
    |p_Result_8_reg_316     |   1|   0|    1|          0|
    |p_Result_9_reg_329     |   1|   0|    1|          0|
    |p_Result_s_52_reg_310  |   6|   0|    6|          0|
    |p_Result_s_reg_293     |   1|   0|    1|          0|
    |ret_V_10_reg_323       |  14|   0|   14|          0|
    |sum_V_int_reg          |   8|   0|    8|          0|
    |trunc_ln731_reg_299    |  13|   0|   13|          0|
    |weight_V_int_reg       |  11|   0|   11|          0|
    +-----------------------+----+----+-----+-----------+
    |Total                  |  93|   0|   93|          0|
    +-----------------------+----+----+-----+-----------+



================================================================
== Interface
================================================================
* Summary: 
+-----------+-----+-----+------------+--------------+--------------+
| RTL Ports | Dir | Bits|  Protocol  | Source Object|    C Type    |
+-----------+-----+-----+------------+--------------+--------------+
|ap_clk     |  in |    1| ap_ctrl_hs |  batch_norm  | return value |
|ap_rst     |  in |    1| ap_ctrl_hs |  batch_norm  | return value |
|ap_return  | out |   14| ap_ctrl_hs |  batch_norm  | return value |
|ap_ce      |  in |    1| ap_ctrl_hs |  batch_norm  | return value |
|sum_V      |  in |    8|   ap_none  |     sum_V    |    scalar    |
|weight_V   |  in |   11|   ap_none  |   weight_V   |    scalar    |
|bias_V     |  in |   11|   ap_none  |    bias_V    |    scalar    |
+-----------+-----+-----+------------+--------------+--------------+

