

================================================================
== Vivado HLS Report for 'compute_engine_16'
================================================================
* Date:           Mon Sep 14 09:28:42 2020

* Version:        2019.2.1 (Build 2724168 on Thu Dec 05 05:19:09 MST 2019)
* Project:        model
* Solution:       solution2
* Product family: zynquplus
* Target device:  xczu3eg-sbva484-1-e


================================================================
== Performance Estimates
================================================================
+ Timing: 
    * Summary: 
    +--------+---------+----------+------------+
    |  Clock |  Target | Estimated| Uncertainty|
    +--------+---------+----------+------------+
    |ap_clk  | 4.00 ns | 2.966 ns |   0.50 ns  |
    +--------+---------+----------+------------+

+ Latency: 
    * Summary: 
    +---------+---------+----------+----------+-----+-----+----------+
    |  Latency (cycles) |  Latency (absolute) |  Interval | Pipeline |
    |   min   |   max   |    min   |    max   | min | max |   Type   |
    +---------+---------+----------+----------+-----+-----+----------+
    |        1|        1| 4.000 ns | 4.000 ns |    1|    1| function |
    +---------+---------+----------+----------+-----+-----+----------+

    + Detail: 
        * Instance: 
        N/A

        * Loop: 
        N/A



================================================================
== Utilization Estimates
================================================================
* Summary: 
+-----------------+---------+-------+--------+-------+-----+
|       Name      | BRAM_18K| DSP48E|   FF   |  LUT  | URAM|
+-----------------+---------+-------+--------+-------+-----+
|DSP              |        -|      -|       -|      -|    -|
|Expression       |        -|      -|       0|     77|    -|
|FIFO             |        -|      -|       -|      -|    -|
|Instance         |        -|      -|       -|      -|    -|
|Memory           |        0|      -|      12|      1|    -|
|Multiplexer      |        -|      -|       -|      -|    -|
|Register         |        -|      -|       2|      -|    -|
+-----------------+---------+-------+--------+-------+-----+
|Total            |        0|      0|      14|     78|    0|
+-----------------+---------+-------+--------+-------+-----+
|Available        |      432|    360|  141120|  70560|    0|
+-----------------+---------+-------+--------+-------+-----+
|Utilization (%)  |        0|      0|   ~0   |   ~0  |    0|
+-----------------+---------+-------+--------+-------+-----+

+ Detail: 
    * Instance: 
    N/A

    * DSP48E: 
    N/A

    * Memory: 
    +-------------+----------------------+---------+----+----+-----+------+-----+------+-------------+
    |    Memory   |        Module        | BRAM_18K| FF | LUT| URAM| Words| Bits| Banks| W*Bits*Banks|
    +-------------+----------------------+---------+----+----+-----+------+-----+------+-------------+
    |lut16_V_1_U  |compute_engine_16eOg  |        0|  12|   1|    0|    16|    3|     1|           48|
    +-------------+----------------------+---------+----+----+-----+------+-----+------+-------------+
    |Total        |                      |        0|  12|   1|    0|    16|    3|     1|           48|
    +-------------+----------------------+---------+----+----+-----+------+-----+------+-------------+

    * FIFO: 
    N/A

    * Expression: 
    +-----------------------------+----------+-------+---+----+------------+------------+
    |        Variable Name        | Operation| DSP48E| FF| LUT| Bitwidth P0| Bitwidth P1|
    +-----------------------------+----------+-------+---+----+------------+------------+
    |add0_V_fu_171_p2             |     +    |      0|  0|  12|           4|           4|
    |add1_V_fu_185_p2             |     +    |      0|  0|  12|           4|           4|
    |ap_return                    |     +    |      0|  0|  15|           5|           5|
    |ap_block_pp0_stage0_11001    |    and   |      0|  0|   2|           1|           1|
    |ap_block_pp0_stage0_subdone  |    or    |      0|  0|   2|           1|           1|
    |ap_enable_pp0                |    xor   |      0|  0|   2|           1|           2|
    |r_V_fu_103_p2                |    xor   |      0|  0|  16|          16|          16|
    |xor_ln769_fu_97_p2           |    xor   |      0|  0|  16|          16|           2|
    +-----------------------------+----------+-------+---+----+------------+------------+
    |Total                        |          |      0|  0|  77|          48|          35|
    +-----------------------------+----------+-------+---+----+------------+------------+

    * Multiplexer: 
    N/A

    * Register: 
    +-------------------------+---+----+-----+-----------+
    |           Name          | FF| LUT| Bits| Const Bits|
    +-------------------------+---+----+-----+-----------+
    |ap_CS_fsm                |  1|   0|    1|          0|
    |ap_enable_reg_pp0_iter1  |  1|   0|    1|          0|
    +-------------------------+---+----+-----+-----------+
    |Total                    |  2|   0|    2|          0|
    +-------------------------+---+----+-----+-----------+



================================================================
== Interface
================================================================
* Summary: 
+-----------+-----+-----+------------+-------------------+--------------+
| RTL Ports | Dir | Bits|  Protocol  |   Source Object   |    C Type    |
+-----------+-----+-----+------------+-------------------+--------------+
|ap_clk     |  in |    1| ap_ctrl_hs | compute_engine_16 | return value |
|ap_rst     |  in |    1| ap_ctrl_hs | compute_engine_16 | return value |
|ap_start   |  in |    1| ap_ctrl_hs | compute_engine_16 | return value |
|ap_done    | out |    1| ap_ctrl_hs | compute_engine_16 | return value |
|ap_idle    | out |    1| ap_ctrl_hs | compute_engine_16 | return value |
|ap_ready   | out |    1| ap_ctrl_hs | compute_engine_16 | return value |
|ap_ce      |  in |    1| ap_ctrl_hs | compute_engine_16 | return value |
|ap_return  | out |    5| ap_ctrl_hs | compute_engine_16 | return value |
|b_V        |  in |   16|   ap_none  |        b_V        |    scalar    |
|w_V        |  in |   16|   ap_none  |        w_V        |    scalar    |
+-----------+-----+-----+------------+-------------------+--------------+

