

================================================================
== Vivado HLS Report for 'load_input'
================================================================
* Date:           Mon Sep 14 09:28:40 2020

* Version:        2019.2.1 (Build 2724168 on Thu Dec 05 05:19:09 MST 2019)
* Project:        model
* Solution:       solution2
* Product family: zynquplus
* Target device:  xczu3eg-sbva484-1-e


================================================================
== Performance Estimates
================================================================
+ Timing: 
    * Summary: 
    +--------+---------+----------+------------+
    |  Clock |  Target | Estimated| Uncertainty|
    +--------+---------+----------+------------+
    |ap_clk  | 4.00 ns | 3.500 ns |   0.50 ns  |
    +--------+---------+----------+------------+

+ Latency: 
    * Summary: 
    +---------+---------+----------+----------+-----+-----+---------+
    |  Latency (cycles) |  Latency (absolute) |  Interval | Pipeline|
    |   min   |   max   |    min   |    max   | min | max |   Type  |
    +---------+---------+----------+----------+-----+-----+---------+
    |      101|      101| 0.404 us | 0.404 us |  101|  101|   none  |
    +---------+---------+----------+----------+-----+-----+---------+

    + Detail: 
        * Instance: 
        N/A

        * Loop: 
        +----------+---------+---------+----------+-----------+-----------+------+----------+
        |          |  Latency (cycles) | Iteration|  Initiation Interval  | Trip |          |
        | Loop Name|   min   |   max   |  Latency |  achieved |   target  | Count| Pipelined|
        +----------+---------+---------+----------+-----------+-----------+------+----------+
        |- Loop 1  |       99|       99|        20|          1|          1|    81|    yes   |
        +----------+---------+---------+----------+-----------+-----------+------+----------+



================================================================
== Utilization Estimates
================================================================
* Summary: 
+-----------------+---------+-------+--------+-------+-----+
|       Name      | BRAM_18K| DSP48E|   FF   |  LUT  | URAM|
+-----------------+---------+-------+--------+-------+-----+
|DSP              |        -|      2|       -|      -|    -|
|Expression       |        -|      -|       0|    214|    -|
|FIFO             |        -|      -|       -|      -|    -|
|Instance         |        -|      -|     159|     88|    -|
|Memory           |        -|      -|       -|      -|    -|
|Multiplexer      |        -|      -|       -|    111|    -|
|Register         |        0|      -|     388|     96|    -|
+-----------------+---------+-------+--------+-------+-----+
|Total            |        0|      2|     547|    509|    0|
+-----------------+---------+-------+--------+-------+-----+
|Available        |      432|    360|  141120|  70560|    0|
+-----------------+---------+-------+--------+-------+-----+
|Utilization (%)  |        0|   ~0  |   ~0   |   ~0  |    0|
+-----------------+---------+-------+--------+-------+-----+

+ Detail: 
    * Instance: 
    +-------------------------+----------------------+---------+-------+-----+----+-----+
    |         Instance        |        Module        | BRAM_18K| DSP48E|  FF | LUT| URAM|
    +-------------------------+----------------------+---------+-------+-----+----+-----+
    |FracNet_urem_7ns_bkb_U1  |FracNet_urem_7ns_bkb  |        0|      0|  159|  88|    0|
    +-------------------------+----------------------+---------+-------+-----+----+-----+
    |Total                    |                      |        0|      0|  159|  88|    0|
    +-------------------------+----------------------+---------+-------+-----+----+-----+

    * DSP48E: 
    +-------------------------+----------------------+--------------+
    |         Instance        |        Module        |  Expression  |
    +-------------------------+----------------------+--------------+
    |FracNet_mac_muladcud_U2  |FracNet_mac_muladcud  | i0 + i1 * i2 |
    |FracNet_mac_muladdEe_U3  |FracNet_mac_muladdEe  | i0 + i1 * i2 |
    +-------------------------+----------------------+--------------+

    * Memory: 
    N/A

    * FIFO: 
    N/A

    * Expression: 
    +------------------------------------+----------+-------+---+----+------------+------------+
    |            Variable Name           | Operation| DSP48E| FF| LUT| Bitwidth P0| Bitwidth P1|
    +------------------------------------+----------+-------+---+----+------------+------------+
    |add_ln321_1_fu_334_p2               |     +    |      0|  0|  19|           8|           8|
    |add_ln321_2_fu_290_p2               |     +    |      0|  0|  40|          33|          33|
    |add_ln321_fu_325_p2                 |     +    |      0|  0|  19|           8|           8|
    |add_ln356_2_fu_229_p2               |     +    |      0|  0|  15|           7|           1|
    |add_ln356_fu_273_p2                 |     +    |      0|  0|  16|           9|           9|
    |mm_fu_241_p2                        |     +    |      0|  0|  12|           4|           1|
    |nn_fu_278_p2                        |     +    |      0|  0|  12|           4|           1|
    |sub_ln365_1_fu_209_p2               |     -    |      0|  0|  16|           9|           9|
    |sub_ln365_fu_187_p2                 |     -    |      0|  0|  16|           9|           9|
    |ap_block_state13_io                 |    and   |      0|  0|   2|           1|           1|
    |ap_block_state20_pp0_stage0_iter18  |    and   |      0|  0|   2|           1|           1|
    |empty_40_fu_305_p2                  |   icmp   |      0|  0|  11|           7|           1|
    |icmp_ln356_fu_223_p2                |   icmp   |      0|  0|  11|           7|           7|
    |icmp_ln357_fu_247_p2                |   icmp   |      0|  0|   9|           4|           4|
    |ap_block_pp0_stage0_11001           |    or    |      0|  0|   2|           1|           1|
    |select_ln356_1_fu_261_p3            |  select  |      0|  0|   4|           1|           4|
    |select_ln356_fu_253_p3              |  select  |      0|  0|   4|           1|           1|
    |ap_enable_pp0                       |    xor   |      0|  0|   2|           1|           2|
    |ap_enable_reg_pp0_iter1             |    xor   |      0|  0|   2|           2|           1|
    +------------------------------------+----------+-------+---+----+------------+------------+
    |Total                               |          |      0|  0| 214|         117|         102|
    +------------------------------------+----------+-------+---+----+------------+------------+

    * Multiplexer: 
    +-----------------------------------------+----+-----------+-----+-----------+
    |                   Name                  | LUT| Input Size| Bits| Total Bits|
    +-----------------------------------------+----+-----------+-----+-----------+
    |ap_NS_fsm                                |  21|          4|    1|          4|
    |ap_enable_reg_pp0_iter1                  |   9|          2|    1|          2|
    |ap_enable_reg_pp0_iter19                 |   9|          2|    1|          2|
    |ap_phi_mux_indvar_flatten_phi_fu_135_p4  |   9|          2|    7|         14|
    |ap_phi_mux_mm_0_phi_fu_147_p4            |   9|          2|    4|          8|
    |ap_phi_mux_nn_0_phi_fu_159_p4            |   9|          2|    4|          8|
    |img_V_blk_n_AR                           |   9|          2|    1|          2|
    |img_V_blk_n_R                            |   9|          2|    1|          2|
    |indvar_flatten_reg_131                   |   9|          2|    7|         14|
    |mm_0_reg_143                             |   9|          2|    4|          8|
    |nn_0_reg_155                             |   9|          2|    4|          8|
    +-----------------------------------------+----+-----------+-----+-----------+
    |Total                                    | 111|         24|   35|         72|
    +-----------------------------------------+----+-----------+-----+-----------+

    * Register: 
    +--------------------------+----+----+-----+-----------+
    |           Name           | FF | LUT| Bits| Const Bits|
    +--------------------------+----+----+-----+-----------+
    |add_ln356_1_reg_406       |  20|   0|   20|          0|
    |add_ln356_2_reg_379       |   7|   0|    7|          0|
    |add_ln356_reg_396         |   9|   0|    9|          0|
    |add_ln365_reg_365         |  20|   0|   20|          0|
    |ap_CS_fsm                 |   3|   0|    3|          0|
    |ap_enable_reg_pp0_iter0   |   1|   0|    1|          0|
    |ap_enable_reg_pp0_iter1   |   1|   0|    1|          0|
    |ap_enable_reg_pp0_iter10  |   1|   0|    1|          0|
    |ap_enable_reg_pp0_iter11  |   1|   0|    1|          0|
    |ap_enable_reg_pp0_iter12  |   1|   0|    1|          0|
    |ap_enable_reg_pp0_iter13  |   1|   0|    1|          0|
    |ap_enable_reg_pp0_iter14  |   1|   0|    1|          0|
    |ap_enable_reg_pp0_iter15  |   1|   0|    1|          0|
    |ap_enable_reg_pp0_iter16  |   1|   0|    1|          0|
    |ap_enable_reg_pp0_iter17  |   1|   0|    1|          0|
    |ap_enable_reg_pp0_iter18  |   1|   0|    1|          0|
    |ap_enable_reg_pp0_iter19  |   1|   0|    1|          0|
    |ap_enable_reg_pp0_iter2   |   1|   0|    1|          0|
    |ap_enable_reg_pp0_iter3   |   1|   0|    1|          0|
    |ap_enable_reg_pp0_iter4   |   1|   0|    1|          0|
    |ap_enable_reg_pp0_iter5   |   1|   0|    1|          0|
    |ap_enable_reg_pp0_iter6   |   1|   0|    1|          0|
    |ap_enable_reg_pp0_iter7   |   1|   0|    1|          0|
    |ap_enable_reg_pp0_iter8   |   1|   0|    1|          0|
    |ap_enable_reg_pp0_iter9   |   1|   0|    1|          0|
    |empty_40_reg_417          |   1|   0|    1|          0|
    |icmp_ln356_reg_375        |   1|   0|    1|          0|
    |img_V_addr_read_reg_421   |  16|   0|   16|          0|
    |img_V_addr_reg_411        |  32|   0|   32|          0|
    |indvar_flatten_reg_131    |   7|   0|    7|          0|
    |mm_0_reg_143              |   4|   0|    4|          0|
    |nn_0_reg_155              |   4|   0|    4|          0|
    |nn_reg_401                |   4|   0|    4|          0|
    |select_ln356_1_reg_389    |   4|   0|    4|          0|
    |select_ln356_reg_384      |   4|   0|    4|          0|
    |sub_ln365_reg_360         |   9|   0|    9|          0|
    |zext_ln356_1_reg_370      |  31|   0|   33|          2|
    |icmp_ln356_reg_375        |  64|  32|    1|          0|
    |select_ln356_1_reg_389    |  64|  32|    4|          0|
    |select_ln356_reg_384      |  64|  32|    4|          0|
    +--------------------------+----+----+-----+-----------+
    |Total                     | 388|  96|  207|          2|
    +--------------------------+----+----+-----+-----------+



================================================================
== Interface
================================================================
* Summary: 
+----------------------+-----+-----+------------+--------------+--------------+
|       RTL Ports      | Dir | Bits|  Protocol  | Source Object|    C Type    |
+----------------------+-----+-----+------------+--------------+--------------+
|ap_clk                |  in |    1| ap_ctrl_hs |  load_input  | return value |
|ap_rst                |  in |    1| ap_ctrl_hs |  load_input  | return value |
|ap_start              |  in |    1| ap_ctrl_hs |  load_input  | return value |
|ap_done               | out |    1| ap_ctrl_hs |  load_input  | return value |
|ap_idle               | out |    1| ap_ctrl_hs |  load_input  | return value |
|ap_ready              | out |    1| ap_ctrl_hs |  load_input  | return value |
|row                   |  in |    5|   ap_none  |      row     |    scalar    |
|col                   |  in |    5|   ap_none  |      col     |    scalar    |
|c                     |  in |    3|   ap_none  |       c      |    scalar    |
|buf_V_address0        | out |    7|  ap_memory |     buf_V    |     array    |
|buf_V_ce0             | out |    1|  ap_memory |     buf_V    |     array    |
|buf_V_we0             | out |    1|  ap_memory |     buf_V    |     array    |
|buf_V_d0              | out |   16|  ap_memory |     buf_V    |     array    |
|m_axi_img_V_AWVALID   | out |    1|    m_axi   |     img_V    |    pointer   |
|m_axi_img_V_AWREADY   |  in |    1|    m_axi   |     img_V    |    pointer   |
|m_axi_img_V_AWADDR    | out |   32|    m_axi   |     img_V    |    pointer   |
|m_axi_img_V_AWID      | out |    1|    m_axi   |     img_V    |    pointer   |
|m_axi_img_V_AWLEN     | out |   32|    m_axi   |     img_V    |    pointer   |
|m_axi_img_V_AWSIZE    | out |    3|    m_axi   |     img_V    |    pointer   |
|m_axi_img_V_AWBURST   | out |    2|    m_axi   |     img_V    |    pointer   |
|m_axi_img_V_AWLOCK    | out |    2|    m_axi   |     img_V    |    pointer   |
|m_axi_img_V_AWCACHE   | out |    4|    m_axi   |     img_V    |    pointer   |
|m_axi_img_V_AWPROT    | out |    3|    m_axi   |     img_V    |    pointer   |
|m_axi_img_V_AWQOS     | out |    4|    m_axi   |     img_V    |    pointer   |
|m_axi_img_V_AWREGION  | out |    4|    m_axi   |     img_V    |    pointer   |
|m_axi_img_V_AWUSER    | out |    1|    m_axi   |     img_V    |    pointer   |
|m_axi_img_V_WVALID    | out |    1|    m_axi   |     img_V    |    pointer   |
|m_axi_img_V_WREADY    |  in |    1|    m_axi   |     img_V    |    pointer   |
|m_axi_img_V_WDATA     | out |   16|    m_axi   |     img_V    |    pointer   |
|m_axi_img_V_WSTRB     | out |    2|    m_axi   |     img_V    |    pointer   |
|m_axi_img_V_WLAST     | out |    1|    m_axi   |     img_V    |    pointer   |
|m_axi_img_V_WID       | out |    1|    m_axi   |     img_V    |    pointer   |
|m_axi_img_V_WUSER     | out |    1|    m_axi   |     img_V    |    pointer   |
|m_axi_img_V_ARVALID   | out |    1|    m_axi   |     img_V    |    pointer   |
|m_axi_img_V_ARREADY   |  in |    1|    m_axi   |     img_V    |    pointer   |
|m_axi_img_V_ARADDR    | out |   32|    m_axi   |     img_V    |    pointer   |
|m_axi_img_V_ARID      | out |    1|    m_axi   |     img_V    |    pointer   |
|m_axi_img_V_ARLEN     | out |   32|    m_axi   |     img_V    |    pointer   |
|m_axi_img_V_ARSIZE    | out |    3|    m_axi   |     img_V    |    pointer   |
|m_axi_img_V_ARBURST   | out |    2|    m_axi   |     img_V    |    pointer   |
|m_axi_img_V_ARLOCK    | out |    2|    m_axi   |     img_V    |    pointer   |
|m_axi_img_V_ARCACHE   | out |    4|    m_axi   |     img_V    |    pointer   |
|m_axi_img_V_ARPROT    | out |    3|    m_axi   |     img_V    |    pointer   |
|m_axi_img_V_ARQOS     | out |    4|    m_axi   |     img_V    |    pointer   |
|m_axi_img_V_ARREGION  | out |    4|    m_axi   |     img_V    |    pointer   |
|m_axi_img_V_ARUSER    | out |    1|    m_axi   |     img_V    |    pointer   |
|m_axi_img_V_RVALID    |  in |    1|    m_axi   |     img_V    |    pointer   |
|m_axi_img_V_RREADY    | out |    1|    m_axi   |     img_V    |    pointer   |
|m_axi_img_V_RDATA     |  in |   16|    m_axi   |     img_V    |    pointer   |
|m_axi_img_V_RLAST     |  in |    1|    m_axi   |     img_V    |    pointer   |
|m_axi_img_V_RID       |  in |    1|    m_axi   |     img_V    |    pointer   |
|m_axi_img_V_RUSER     |  in |    1|    m_axi   |     img_V    |    pointer   |
|m_axi_img_V_RRESP     |  in |    2|    m_axi   |     img_V    |    pointer   |
|m_axi_img_V_BVALID    |  in |    1|    m_axi   |     img_V    |    pointer   |
|m_axi_img_V_BREADY    | out |    1|    m_axi   |     img_V    |    pointer   |
|m_axi_img_V_BRESP     |  in |    2|    m_axi   |     img_V    |    pointer   |
|m_axi_img_V_BID       |  in |    1|    m_axi   |     img_V    |    pointer   |
|m_axi_img_V_BUSER     |  in |    1|    m_axi   |     img_V    |    pointer   |
|img_V_offset          |  in |   31|   ap_none  | img_V_offset |    scalar    |
+----------------------+-----+-----+------------+--------------+--------------+

