

================================================================
== Vivado HLS Report for 'sum_engine_1'
================================================================
* Date:           Mon Sep 14 09:31:02 2020

* Version:        2019.2.1 (Build 2724168 on Thu Dec 05 05:19:09 MST 2019)
* Project:        model
* Solution:       solution2
* Product family: zynquplus
* Target device:  xczu3eg-sbva484-1-e


================================================================
== Performance Estimates
================================================================
+ Timing: 
    * Summary: 
    +--------+---------+----------+------------+
    |  Clock |  Target | Estimated| Uncertainty|
    +--------+---------+----------+------------+
    |ap_clk  | 4.00 ns | 2.857 ns |   0.50 ns  |
    +--------+---------+----------+------------+

+ Latency: 
    * Summary: 
    +---------+---------+----------+----------+-----+-----+----------+
    |  Latency (cycles) |  Latency (absolute) |  Interval | Pipeline |
    |   min   |   max   |    min   |    max   | min | max |   Type   |
    +---------+---------+----------+----------+-----+-----+----------+
    |        0|        0|   0 ns   |   0 ns   |    1|    1| function |
    +---------+---------+----------+----------+-----+-----+----------+

    + Detail: 
        * Instance: 
        N/A

        * Loop: 
        N/A



================================================================
== Utilization Estimates
================================================================
* Summary: 
+-----------------+---------+-------+--------+-------+-----+
|       Name      | BRAM_18K| DSP48E|   FF   |  LUT  | URAM|
+-----------------+---------+-------+--------+-------+-----+
|DSP              |        -|      -|       -|      -|    -|
|Expression       |        -|      -|       0|    110|    -|
|FIFO             |        -|      -|       -|      -|    -|
|Instance         |        -|      -|       -|      -|    -|
|Memory           |        -|      -|       -|      -|    -|
|Multiplexer      |        -|      -|       -|      -|    -|
|Register         |        -|      -|       -|      -|    -|
+-----------------+---------+-------+--------+-------+-----+
|Total            |        0|      0|       0|    110|    0|
+-----------------+---------+-------+--------+-------+-----+
|Available        |      432|    360|  141120|  70560|    0|
+-----------------+---------+-------+--------+-------+-----+
|Utilization (%)  |        0|      0|       0|   ~0  |    0|
+-----------------+---------+-------+--------+-------+-----+

+ Detail: 
    * Instance: 
    N/A

    * DSP48E: 
    N/A

    * Memory: 
    N/A

    * FIFO: 
    N/A

    * Expression: 
    +----------------------+----------+-------+---+----+------------+------------+
    |     Variable Name    | Operation| DSP48E| FF| LUT| Bitwidth P0| Bitwidth P1|
    +----------------------+----------+-------+---+----+------------+------------+
    |add_ln1192_fu_138_p2  |     +    |      0|  0|  18|          11|          11|
    |ap_return             |     +    |      0|  0|  21|          14|          14|
    |ret_V_1_fu_98_p2      |     +    |      0|  0|  17|          10|          10|
    |ret_V_2_fu_112_p2     |     +    |      0|  0|  17|          10|          10|
    |ret_V_3_fu_168_p2     |     +    |      0|  0|  20|          13|          13|
    |ret_V_fu_84_p2        |     +    |      0|  0|  17|          10|          10|
    +----------------------+----------+-------+---+----+------------+------------+
    |Total                 |          |      0|  0| 110|          68|          68|
    +----------------------+----------+-------+---+----+------------+------------+

    * Multiplexer: 
    N/A

    * Register: 
    N/A



================================================================
== Interface
================================================================
* Summary: 
+-----------+-----+-----+------------+--------------+--------------+
| RTL Ports | Dir | Bits|  Protocol  | Source Object|    C Type    |
+-----------+-----+-----+------------+--------------+--------------+
|ap_ready   | out |    1| ap_ctrl_hs | sum_engine.1 | return value |
|ap_return  | out |   14| ap_ctrl_hs | sum_engine.1 | return value |
|t0_V       |  in |    9|   ap_none  |     t0_V     |    scalar    |
|t1_V       |  in |    9|   ap_none  |     t1_V     |    scalar    |
|t2_V       |  in |    9|   ap_none  |     t2_V     |    scalar    |
|t3_V       |  in |    9|   ap_none  |     t3_V     |    scalar    |
|t4_V       |  in |    9|   ap_none  |     t4_V     |    scalar    |
|t5_V       |  in |    9|   ap_none  |     t5_V     |    scalar    |
|t6_V       |  in |    9|   ap_none  |     t6_V     |    scalar    |
+-----------+-----+-----+------------+--------------+--------------+

