
****** Vivado v2019.2.1 (64-bit)
  **** SW Build 2729669 on Thu Dec  5 04:49:17 MST 2019
  **** IP Build 2729494 on Thu Dec  5 07:38:25 MST 2019
    ** Copyright 1986-2019 Xilinx, Inc. All Rights Reserved.

source run_ippack.tcl -notrace
INFO: [IP_Flow 19-234] Refreshing IP repositories
INFO: [IP_Flow 19-1704] No user IP repositories specified
INFO: [IP_Flow 19-2313] Loaded Vivado IP repository 'C:/Xilinx/Vivado/2019.2/data/ip'.
WARNING: [IP_Flow 19-4832] The IP name 'FracNet_ap_dmul_13_max_dsp_64' you have specified is long. The Windows operating system has path length limitations. It is recommended you use shorter names to reduce the likelihood of issues.
INFO: [IP_Flow 19-1686] Generating 'Synthesis' target for IP 'FracNet_ap_dmul_13_max_dsp_64'...
INFO: [IP_Flow 19-1686] Generating 'Simulation' target for IP 'FracNet_ap_dmul_13_max_dsp_64'...
WARNING: [IP_Flow 19-4832] The IP name 'FracNet_ap_fcmp_0_no_dsp_32' you have specified is long. The Windows operating system has path length limitations. It is recommended you use shorter names to reduce the likelihood of issues.
INFO: [IP_Flow 19-1686] Generating 'Synthesis' target for IP 'FracNet_ap_fcmp_0_no_dsp_32'...
INFO: [IP_Flow 19-1686] Generating 'Simulation' target for IP 'FracNet_ap_fcmp_0_no_dsp_32'...
WARNING: [IP_Flow 19-4832] The IP name 'FracNet_ap_fptrunc_0_no_dsp_64' you have specified is long. The Windows operating system has path length limitations. It is recommended you use shorter names to reduce the likelihood of issues.
INFO: [IP_Flow 19-1686] Generating 'Synthesis' target for IP 'FracNet_ap_fptrunc_0_no_dsp_64'...
INFO: [IP_Flow 19-1686] Generating 'Simulation' target for IP 'FracNet_ap_fptrunc_0_no_dsp_64'...
WARNING: [IP_Flow 19-4832] The IP name 'FracNet_ap_sitodp_6_no_dsp_32' you have specified is long. The Windows operating system has path length limitations. It is recommended you use shorter names to reduce the likelihood of issues.
INFO: [IP_Flow 19-1686] Generating 'Synthesis' target for IP 'FracNet_ap_sitodp_6_no_dsp_32'...
INFO: [IP_Flow 19-1686] Generating 'Simulation' target for IP 'FracNet_ap_sitodp_6_no_dsp_32'...
WARNING: [IP_Flow 19-4832] The IP name 'FracNet_ap_sitofp_4_no_dsp_32' you have specified is long. The Windows operating system has path length limitations. It is recommended you use shorter names to reduce the likelihood of issues.
INFO: [IP_Flow 19-1686] Generating 'Synthesis' target for IP 'FracNet_ap_sitofp_4_no_dsp_32'...
INFO: [IP_Flow 19-1686] Generating 'Simulation' target for IP 'FracNet_ap_sitofp_4_no_dsp_32'...
INFO: [IP_Flow 19-234] Refreshing IP repositories
INFO: [IP_Flow 19-1704] No user IP repositories specified
INFO: [IP_Flow 19-2313] Loaded Vivado IP repository 'C:/Xilinx/Vivado/2019.2/data/ip'.
INFO: [Common 17-206] Exiting Vivado at Fri Apr 30 22:14:59 2021...
