INFO: [HLS 200-10] Running 'C:/Xilinx/Vivado/2019.2/bin/unwrapped/win64.o/vivado_hls.exe'
INFO: [HLS 200-10] For user 'Aperture' on host 'desktop-apertur' (Windows NT_amd64 version 6.2) on Thu Nov 26 15:01:30 -0600 2020
INFO: [HLS 200-10] In directory 'C:/Users/Aperture/Git/FracNetHLS-CIFAR10-alt-64'
Sourcing Tcl script 'C:/Users/Aperture/Git/FracNetHLS-CIFAR10-alt-64/model/solution1/cosim.tcl'
INFO: [HLS 200-10] Opening project 'C:/Users/Aperture/Git/FracNetHLS-CIFAR10-alt-64/model'.
INFO: [HLS 200-10] Opening solution 'C:/Users/Aperture/Git/FracNetHLS-CIFAR10-alt-64/model/solution1'.
INFO: [SYN 201-201] Setting up clock 'default' with a period of 4ns.
INFO: [SYN 201-201] Setting up clock 'default' with an uncertainty of 0.5ns.
INFO: [HLS 200-10] Setting target device to 'xczu3eg-sbva484-1-e'
INFO: [HLS 200-435] Setting 'config_sdx -target' configuration: config_export -vivado_optimization_level=2
INFO: [HLS 200-435] Setting 'config_sdx -target' configuration: set_clock_uncertainty default
INFO: [COSIM 212-47] Using XSIM for RTL simulation.
INFO: [COSIM 212-14] Instrumenting C test bench ...
   Build using "C:/Xilinx/Vivado/2019.2/tps/win64/msys64/mingw64/bin/g++"
   Compiling apatb_avgpool_8x8.cpp
   Compiling bnn_tiled.cc_pre.cc.tb.cc
   Compiling tb.cc_pre.cc.tb.cc
   Generating cosim.tv.exe
INFO: [COSIM 212-302] Starting C TB testing ... 
-10.9614  -11.7294  3.51449  6.11509  4.34935  7.71973  11.0499  -2.65855  -11.032  -10.8181  
Processed 1 pictures. 
Software has 1/1 correct.
tb output avg_pool_out
-0.473975-0.00117506-0.4448860.1691780.0354011-0.513642-0.2622240.133627-0.1861710.413621-0.3762290.03682840.1329861.61807-1.15035-0.3929760.01858680.491575-0.1673180.230042-0.0639666-0.03369260.934929-0.4720580.03406570.4895871.70981-1.002720.84950.6724660.9133442.01867-1.01422-0.56362-0.380527-0.511074-0.4017140.271491-0.2844420.04004050.563318-0.8699550.305336-0.92466-0.9637290.0200566-0.737731-0.1682090.250636-0.5982980.260306-0.2715680.511076-0.4463370.098461.07779-0.6775-0.00164366-0.2217-0.3224211.36791-0.4264670.532109-0.170015
-------------------- above is tb.cc output ---------------------------

accelerator output: 
-0.473978-0.00117564-0.4448870.1691810.0354054-0.51364-0.2622220.133632-0.1861680.413624-0.3762280.03682590.1329841.61807-1.15035-0.3929750.01858040.491578-0.1673170.230043-0.0639608-0.03369380.934934-0.4720550.03406570.4895881.70982-1.002730.8495010.6724690.9133442.01868-1.01421-0.56362-0.380531-0.511076-0.4017160.271494-0.2844420.0400410.563323-0.8699530.305336-0.924662-0.9637310.0200539-0.737731-0.1682090.250639-0.5982960.260306-0.2715690.511077-0.4463370.09845831.0778-0.677499-0.00164342-0.221703-0.3224191.36791-0.4264650.532109-0.170014

Total absolute error: 0.000125885
Total number of errors: 0/64
Maximum absolute pixel error: 7.62939e-06
3.58585  9.31056  -2.45366  -5.59091  -12.7619  -4.43106  -9.78982  -5.12266  9.51355  22.3269  
Processed 2 pictures. 
Software has 2/2 correct.
tb output avg_pool_out
1.75872-0.350615-1.027330.7013381.08377-0.2009440.327246-0.2208580.6531170.563405-0.05289661.10682-0.155408-0.1321621.931271.62213-0.1949360.0767350.3355990.04951720.2820512.756220.1478060.02243540.380172-1.196220.3249452.88705-0.131405-0.000201512-0.8747061.005611.18730.996002-0.0680190.9986170.5022811.576970.6426780.826104-0.3238340.1622240.8355252.570750.5207130.4738880.4518140.6960120.611433-0.110454-0.774095-0.07095410.989794-0.3494811.03152-0.1906340.9968682.042641.865840.135206-0.06877130.820201-0.000157103-0.807264
-------------------- above is tb.cc output ---------------------------

accelerator output: 
1.75871-0.350617-1.027330.701341.08377-0.200940.327249-0.2208520.6531220.563408-0.05289411.10682-0.15541-0.132161.931271.62213-0.1949410.07673650.3356010.04951830.2820582.756220.147810.02243880.380172-1.196220.3249472.88704-0.131405-0.000199556-0.8747051.005621.18730.996002-0.06802030.9986150.5022781.576970.6426770.826104-0.3238310.1622260.8355272.570750.520710.4738850.4518140.6960130.611434-0.110454-0.774095-0.07095410.989796-0.3494821.03151-0.1906310.996872.042641.865840.135205-0.0687730.820202-0.000156403-0.807261

Total absolute error: 0.000146866
Total number of errors: 0/64
Maximum absolute pixel error: 1.14441e-05
4.1161  -3.43399  -0.227822  -2.26997  -3.35481  -4.1724  -6.2412  -3.00258  2.29431  14.5464  
Processed 3 pictures. 
Software has 3/3 correct.
tb output avg_pool_out
1.07294-0.373668-0.195021.37050.4859520.9541850.70454-0.0536015-0.200349-0.1721080.2284780.5653880.338274-0.5167370.07304810.5728950.68396-0.4275580.4961450.309036-0.1277310.450904-0.5892860.348379-0.20524-0.278067-0.1785020.683281-0.446642-0.793952-0.0135667-0.2286021.14649-0.02934870.2370231.584760.9990352.064670.361925-0.6329990.673690.3878730.3982931.306840.529001-0.1596150.1964130.9978520.1290510.0965428-0.6745790.2934451.54433-0.1714820.4394180.2717921.088510.4476320.297271-0.5184740.4003131.378130.307972-0.943831
-------------------- above is tb.cc output ---------------------------

accelerator output: 
1.07294-0.373668-0.1950211.37050.4859560.9541870.704543-0.0535953-0.200346-0.1721030.228480.5653860.338273-0.5167350.07304880.5728960.683955-0.4275560.4961460.309036-0.1277240.450903-0.5892820.348381-0.20524-0.278066-0.17850.683275-0.446641-0.793951-0.0135653-0.2285871.1465-0.02934960.237021.584760.9990322.064670.361925-0.6329980.6736950.3878770.3982951.306830.529-0.1596170.1964120.9978510.1290550.0965447-0.674580.2934451.54434-0.1714820.4394150.2717951.088520.4476320.297267-0.5184730.4003111.378130.307973-0.943828

Total absolute error: 0.000143051
Total number of errors: 0/64
Maximum absolute pixel error: 1.52588e-05
-7.45413  -11.0433  3.01526  1.48434  17.4552  -0.0411579  -0.656911  0.0479536  -10.0071  -8.48474  
Processed 4 pictures. 
Software has 4/4 correct.
tb output avg_pool_out
0.04010210.177276-0.8551330.755652-0.2606020.665869-0.140408-0.4464930.3961290.7075630.420562-0.4467990.3869580.937123-0.523606-0.3317381.518281.165640.818160.428397-0.4917130.1455811.494390.3984950.670003-0.1795220.501001-1.505252.08181-0.4071941.774721.360640.5271751.25718-1.573980.1610712.113740.110185-0.0165936-0.7868791.958850.764854-0.0843536-0.34785-0.1016750.185843-0.9557860.02292930.2892210.497759-0.607452-0.2884910.1391321.949340.3326190.583576-0.442943-1.05795-0.2885350.3806780.203503-0.7779260.7709850.241484
-------------------- above is tb.cc output ---------------------------

accelerator output: 
0.04009840.177274-0.8551330.755655-0.2605970.665872-0.140406-0.4464860.3961310.7075650.420563-0.4468020.3869550.937125-0.523606-0.3317361.518281.165640.8181620.428397-0.4917080.1455811.494390.3984990.670003-0.1795220.501002-1.505262.08181-0.4071921.774721.360650.5271791.25718-1.573990.161072.113730.110187-0.0165946-0.7868781.958850.764855-0.0843511-0.347851-0.1016780.18584-0.9557860.02292990.2892230.49776-0.607453-0.2884910.1391331.949340.3326150.58358-0.442941-1.05796-0.2885370.3806790.203501-0.7779240.7709850.241486

Total absolute error: 0.000141144
Total number of errors: 0/64
Maximum absolute pixel error: 9.53674e-06
0.89232  25.75  -3.85413  -3.96836  -6.773  -7.88513  -7.27494  -6.10117  5.68892  10.7544  
Processed 5 pictures. 
Software has 5/5 correct.
tb output avg_pool_out
2.714-0.131267-0.161222-0.5236650.890802-0.200405-0.307979-0.2359440.8681890.4852950.09644340.689036-0.343368-0.1554271.267140.8825150.1004430.4256930.8873840.4247340.06956780.808589-0.1244420.7279530.166790.832269-0.5524031.78658-0.5137080.5517290.403255-0.819381.65294-0.1424990.1649130.585702-0.243880.243741.425330.7423350.8016390.7201191.260840.1836291.03222.256861.752790.4205980.408432-0.300173-0.5741030.492012-0.6099860.7171290.210554-0.3169041.049411.092832.899871.1221-0.4272282.30480.02533620.83529
-------------------- above is tb.cc output ---------------------------

accelerator output: 
2.714-0.131269-0.161223-0.5236620.890806-0.200402-0.307977-0.2359380.8681930.4852990.09644560.689033-0.343369-0.1554251.267140.8825170.1004380.4256950.8873860.4247340.06957440.808588-0.1244370.7279550.1667890.832269-0.5524011.78657-0.5137060.5517310.403256-0.8193681.65294-0.1424990.164910.585701-0.2438820.2437421.425320.7423350.8016430.7201211.260840.1836261.03222.256861.752790.4205980.408433-0.300171-0.5741030.492013-0.6099850.7171290.210552-0.3168991.049411.092832.899871.1221-0.4272292.30480.02533770.835293

Total absolute error: 0.000156403
Total number of errors: 0/64
Maximum absolute pixel error: 1.14441e-05
-4.03798  22.5764  -6.28874  0.590563  -5.11668  -2.81485  -0.886565  -2.07347  -3.40043  7.01794  
Processed 6 pictures. 
Software has 6/6 correct.
tb output avg_pool_out
1.20695-0.7026570.209467-0.0940959-0.329018-0.9438510.7824830.2598551.395010.2892870.4381240.401734-0.1937470.2627260.433851.33593-0.299803-0.38960.0254717-0.1773730.3693230.225107-0.4786270.953166-0.92008-0.180281-0.5204760.248548-0.2056960.5707540.0448004-0.6022880.608672-0.213447-0.2419750.182342-0.9538240.221750.7774420.258786-0.236091-0.0853875-0.49709-0.624163-0.8068122.265580.920867-0.715347-0.912145-0.3056050.02301981.9-0.6808981.329310.06787340.518165-0.4008181.512362.233190.5327390.8508822.42975-1.115840.278386
-------------------- above is tb.cc output ---------------------------

accelerator output: 
1.20694-0.7026570.209467-0.0940924-0.329013-0.9438480.7824860.259861.395020.289290.4381250.401731-0.1937480.2627280.433851.33593-0.299809-0.3895980.0254745-0.1773720.3693290.225107-0.4786230.953167-0.92008-0.18028-0.5204740.248541-0.2056970.5707560.0448015-0.6022750.608676-0.213446-0.2419790.182341-0.9538250.2217530.7774420.258786-0.236088-0.0853846-0.497089-0.624165-0.8068152.265580.920867-0.715347-0.912142-0.3056020.02302071.9-0.6808961.329310.06787110.518167-0.4008171.512362.233190.5327390.850882.42976-1.115840.278389

Total absolute error: 0.000152588
Total number of errors: 0/64
Maximum absolute pixel error: 1.33514e-05
-4.19641  -10.5706  13.5278  -4.07896  4.71681  0.0173887  2.73967  3.74722  -10.3252  -9.04679  
Processed 7 pictures. 
Software has 7/7 correct.
tb output avg_pool_out
-0.691197-1.01086-0.5646580.8331470.9961990.574902-0.226948-0.305971-0.3361720.0927090.383484-0.4555590.3998180.348411-0.4839810.44204-0.1319390.363610.8145090.4503140.3564610.1285371.16612-0.16046-0.4456190.342791.55202-0.515390.7606241.454040.9162210.537254-0.2724710.214873-0.969606-0.1017612.524780.1432740.364632-0.161938-0.2883750.4215460.600027-0.238594-0.01071920.618419-0.4491210.4699180.2426460.403870.00979916-0.2046020.631768-0.2318560.6939191.50349-0.911906-0.4975320.08589591.24070.4907960.5151472.238530.124495
-------------------- above is tb.cc output ---------------------------

accelerator output: 
-0.691201-1.01086-0.5646570.833150.9962020.574904-0.226946-0.305964-0.336170.09271190.383487-0.4555610.3998170.348413-0.4839810.442042-0.1319450.3636120.8145110.4503140.3564670.1285371.16612-0.160456-0.4456190.342791.55202-0.5153950.7606241.454040.9162210.537267-0.2724670.214873-0.969608-0.1017612.524780.1432760.364631-0.161937-0.2883710.4215490.600028-0.238596-0.01072070.618417-0.449120.4699180.2426480.4038720.009799-0.2046020.63177-0.2318570.6939151.50349-0.911903-0.4975320.08589271.24070.4907930.5151482.238540.124497

Total absolute error: 0.000143051
Total number of errors: 0/64
Maximum absolute pixel error: 1.33514e-05
-16.5185  -18.3455  -1.63967  2.90615  11.6742  8.10846  -8.99087  29.5396  -19.816  -22.2274  
Processed 8 pictures. 
Software has 8/8 correct.
tb output avg_pool_out
-0.0985624-0.4105240.4511350.02423550.358660.114797-0.2127462.48240.822669-0.1055150.18017-0.3812150.06824090.4195181.18303-0.06213722.040391.818060.3102691.291521.35518-0.1707571.70066-0.7098570.1927290.03366873.02967-1.073014.504452.658922.05563-0.5867231.911791.536520.0727071.070643.52243-0.139986-1.14319-0.1448120.9743451.9710.5524180.2779381.318180.9187360.7884870.4588681.367850.426230.3351531.283250.8556650.188479-0.5196031.8832-2.0403-1.02733-0.637451-0.9428123.10595-0.1404891.42341.71194
-------------------- above is tb.cc output ---------------------------

accelerator output: 
-0.0985675-0.4105240.4511340.02423910.3586630.114799-0.2127432.482410.822671-0.1055120.180171-0.3812180.06823870.4195191.18303-0.0621352.040391.818070.3102711.291521.35519-0.1707581.70066-0.7098540.1927290.03366953.02967-1.073014.504452.658922.05563-0.5867121.911791.536520.07270291.070643.52243-0.139983-1.14319-0.1448110.9743491.9710.5524190.2779351.318180.9187330.7884870.4588681.367860.4262310.3351531.283250.8556660.188478-0.5196061.8832-2.0403-1.02733-0.637455-0.9428113.10595-0.1404871.42341.71194

Total absolute error: 0.000150681
Total number of errors: 0/64
Maximum absolute pixel error: 1.14441e-05
9.10724  -2.51393  2.00633  -5.65187  -2.19117  -6.31835  -3.05203  -2.38059  19.4412  -5.1024  
Processed 9 pictures. 
Software has 9/9 correct.
tb output avg_pool_out
0.9803890.0415662-0.625975-0.3673860.5613140.4821581.428260.576224-0.4859350.301680.1671360.1428720.286163-0.9898230.2504690.507865-0.801096-0.169798-0.068543-0.1675240.3334490.3126050.1610950.3389380.571098-0.6419880.7886861.218170.2207980.0788589-0.478454-0.3994330.751246-0.5967730.08844370.3150010.0233663-0.3495640.7930860.6534490.83449-1.229920.7501121.207732.550550.0916201-0.3570821.24253-0.1106490.305103-0.003727540.101019-0.198133-0.06517842.33684-0.454197-0.451269-0.162886-0.3580091.98333-0.6245920.2573060.495631.11835
-------------------- above is tb.cc output ---------------------------

accelerator output: 
0.9803830.0415659-0.625978-0.3673830.5613170.4821611.428260.576231-0.4859320.3016830.1671380.142870.286161-0.9898230.250470.507866-0.8011-0.169796-0.0685418-0.1675240.3334550.3126050.16110.338940.571098-0.6419870.7886871.218160.2207990.0788603-0.478451-0.3994180.751249-0.5967740.08843950.3150010.023365-0.3495610.7930850.653450.834493-1.229910.7501141.207722.550550.0916173-0.3570811.24253-0.1106460.305104-0.003727670.101019-0.198132-0.06517892.33683-0.454193-0.451269-0.162887-0.3580121.98333-0.6245930.2573080.495631.11836

Total absolute error: 0.000150681
Total number of errors: 0/64
Maximum absolute pixel error: 1.52588e-05
-1.82722  -6.42789  -5.74457  10.8084  1.80382  1.91875  -9.90305  2.36465  -4.10336  -2.6579  
Processed 10 pictures. 
Software has 10/10 correct.
tb output avg_pool_out
0.3814010.729879-0.926310.6095320.1507470.06904950.1625161.583830.242551-0.8166680.597915-0.266870.179839-0.0259997-0.589275-0.3494560.6639980.9083380.5028270.5086440.1098110.142639-0.360815-0.383732-0.2492780.0485728-0.195255-1.039150.1385940.5512850.1692160.17512.366510.04779890.7998930.6562310.1916190.2305790.0478146-0.3107190.4239040.03247710.817537-0.390337-0.313918-0.1566450.8741920.559224-0.809058-0.550574-0.4041840.1122510.772056-0.256653-0.417556-0.694249-0.510479-0.0601414-1.10204-1.229051.571780.430491-0.552551-0.761443
-------------------- above is tb.cc output ---------------------------

accelerator output: 
0.3813970.729878-0.9263110.6095340.1507510.06905150.1625181.583830.242555-0.8166650.597916-0.2668720.179837-0.0259969-0.589274-0.3494540.6639910.908340.5028290.5086450.1098160.142639-0.360811-0.383728-0.2492790.0485728-0.195255-1.039150.1385950.5512870.1692160.1751112.366520.04779840.7998880.656230.1916170.2305810.0478141-0.3107180.4239080.0324790.817538-0.390339-0.313918-0.1566470.8741920.559224-0.809056-0.550572-0.4041830.1122510.772058-0.256653-0.417559-0.694245-0.510478-0.0601423-1.10205-1.229051.571770.430493-0.55255-0.76144

Total absolute error: 0.000133514
Total number of errors: 0/64
Maximum absolute pixel error: 9.53674e-06
INFO: [COSIM 212-333] Generating C post check test bench ...
INFO: [COSIM 212-12] Generating RTL test bench ...
INFO: [COSIM 212-1] *** C/RTL co-simulation file generation completed. ***
INFO: [COSIM 212-323] Starting verilog simulation. 
INFO: [COSIM 212-15] Starting XSIM ...

C:\Users\Aperture\Git\FracNetHLS-CIFAR10-alt-64\model\solution1\sim\verilog>set PATH= 

C:\Users\Aperture\Git\FracNetHLS-CIFAR10-alt-64\model\solution1\sim\verilog>call C:/Xilinx/Vivado/2019.2/bin/xelab xil_defaultlib.apatb_avgpool_8x8_top glbl -prj avgpool_8x8.prj -L smartconnect_v1_0 -L axi_protocol_checker_v1_1_12 -L axi_protocol_checker_v1_1_13 -L axis_protocol_checker_v1_1_11 -L axis_protocol_checker_v1_1_12 -L xil_defaultlib -L unisims_ver -L xpm --initfile "C:/Xilinx/Vivado/2019.2/data/xsim/ip/xsim_ip.ini" --lib "ieee_proposed=./ieee_proposed" -s avgpool_8x8 -debug wave 
INFO: [XSIM 43-3496] Using init file passed via -initfile option "C:/Xilinx/Vivado/2019.2/data/xsim/ip/xsim_ip.ini".
Vivado Simulator 2019.2
Copyright 1986-1999, 2001-2019 Xilinx, Inc. All Rights Reserved.
Running: C:/Xilinx/Vivado/2019.2/bin/unwrapped/win64.o/xelab.exe xil_defaultlib.apatb_avgpool_8x8_top glbl -prj avgpool_8x8.prj -L smartconnect_v1_0 -L axi_protocol_checker_v1_1_12 -L axi_protocol_checker_v1_1_13 -L axis_protocol_checker_v1_1_11 -L axis_protocol_checker_v1_1_12 -L xil_defaultlib -L unisims_ver -L xpm --initfile C:/Xilinx/Vivado/2019.2/data/xsim/ip/xsim_ip.ini --lib ieee_proposed=./ieee_proposed -s avgpool_8x8 -debug wave 
Multi-threading is on. Using 10 slave threads.
INFO: [VRFC 10-2263] Analyzing SystemVerilog file "C:/Users/Aperture/Git/FracNetHLS-CIFAR10-alt-64/model/solution1/sim/verilog/glbl.v" into library work
INFO: [VRFC 10-311] analyzing module glbl
INFO: [VRFC 10-2263] Analyzing SystemVerilog file "C:/Users/Aperture/Git/FracNetHLS-CIFAR10-alt-64/model/solution1/sim/verilog/AESL_automem_inputs_0_V.v" into library xil_defaultlib
INFO: [VRFC 10-311] analyzing module AESL_automem_inputs_0_V
INFO: [VRFC 10-2263] Analyzing SystemVerilog file "C:/Users/Aperture/Git/FracNetHLS-CIFAR10-alt-64/model/solution1/sim/verilog/AESL_automem_inputs_1_V.v" into library xil_defaultlib
INFO: [VRFC 10-311] analyzing module AESL_automem_inputs_1_V
INFO: [VRFC 10-2263] Analyzing SystemVerilog file "C:/Users/Aperture/Git/FracNetHLS-CIFAR10-alt-64/model/solution1/sim/verilog/AESL_automem_inputs_2_V.v" into library xil_defaultlib
INFO: [VRFC 10-311] analyzing module AESL_automem_inputs_2_V
INFO: [VRFC 10-2263] Analyzing SystemVerilog file "C:/Users/Aperture/Git/FracNetHLS-CIFAR10-alt-64/model/solution1/sim/verilog/AESL_automem_inputs_3_V.v" into library xil_defaultlib
INFO: [VRFC 10-311] analyzing module AESL_automem_inputs_3_V
INFO: [VRFC 10-2263] Analyzing SystemVerilog file "C:/Users/Aperture/Git/FracNetHLS-CIFAR10-alt-64/model/solution1/sim/verilog/AESL_automem_inputs_4_V.v" into library xil_defaultlib
INFO: [VRFC 10-311] analyzing module AESL_automem_inputs_4_V
INFO: [VRFC 10-2263] Analyzing SystemVerilog file "C:/Users/Aperture/Git/FracNetHLS-CIFAR10-alt-64/model/solution1/sim/verilog/AESL_automem_inputs_5_V.v" into library xil_defaultlib
INFO: [VRFC 10-311] analyzing module AESL_automem_inputs_5_V
INFO: [VRFC 10-2263] Analyzing SystemVerilog file "C:/Users/Aperture/Git/FracNetHLS-CIFAR10-alt-64/model/solution1/sim/verilog/AESL_automem_inputs_6_V.v" into library xil_defaultlib
INFO: [VRFC 10-311] analyzing module AESL_automem_inputs_6_V
INFO: [VRFC 10-2263] Analyzing SystemVerilog file "C:/Users/Aperture/Git/FracNetHLS-CIFAR10-alt-64/model/solution1/sim/verilog/AESL_automem_inputs_7_V.v" into library xil_defaultlib
INFO: [VRFC 10-311] analyzing module AESL_automem_inputs_7_V
INFO: [VRFC 10-2263] Analyzing SystemVerilog file "C:/Users/Aperture/Git/FracNetHLS-CIFAR10-alt-64/model/solution1/sim/verilog/AESL_automem_outputs_V.v" into library xil_defaultlib
INFO: [VRFC 10-311] analyzing module AESL_automem_outputs_V
INFO: [VRFC 10-2263] Analyzing SystemVerilog file "C:/Users/Aperture/Git/FracNetHLS-CIFAR10-alt-64/model/solution1/sim/verilog/avgpool_8x8.autotb.v" into library xil_defaultlib
INFO: [VRFC 10-311] analyzing module apatb_avgpool_8x8_top
INFO: [VRFC 10-2263] Analyzing SystemVerilog file "C:/Users/Aperture/Git/FracNetHLS-CIFAR10-alt-64/model/solution1/sim/verilog/avgpool_8x8.v" into library xil_defaultlib
INFO: [VRFC 10-311] analyzing module avgpool_8x8
INFO: [VRFC 10-2263] Analyzing SystemVerilog file "C:/Users/Aperture/Git/FracNetHLS-CIFAR10-alt-64/model/solution1/sim/verilog/avgpool_8x8_mux_8bkb.v" into library xil_defaultlib
INFO: [VRFC 10-311] analyzing module avgpool_8x8_mux_8bkb
Starting static elaboration
Pass Through NonSizing Optimizer
Completed static elaboration
Starting simulation data flow analysis
Completed simulation data flow analysis
Time Resolution for simulation is 1ps
Compiling module xil_defaultlib.avgpool_8x8_mux_8bkb(ID=1,din8_W...
Compiling module xil_defaultlib.avgpool_8x8
Compiling module xil_defaultlib.AESL_automem_inputs_0_V
Compiling module xil_defaultlib.AESL_automem_inputs_1_V
Compiling module xil_defaultlib.AESL_automem_inputs_2_V
Compiling module xil_defaultlib.AESL_automem_inputs_3_V
Compiling module xil_defaultlib.AESL_automem_inputs_4_V
Compiling module xil_defaultlib.AESL_automem_inputs_5_V
Compiling module xil_defaultlib.AESL_automem_inputs_6_V
Compiling module xil_defaultlib.AESL_automem_inputs_7_V
Compiling module xil_defaultlib.AESL_automem_outputs_V
Compiling module xil_defaultlib.apatb_avgpool_8x8_top
Compiling module work.glbl
Built simulation snapshot avgpool_8x8

****** Webtalk v2019.2.1 (64-bit)
  **** SW Build 2729669 on Thu Dec  5 04:49:17 MST 2019
  **** IP Build 2729494 on Thu Dec  5 07:38:25 MST 2019
    ** Copyright 1986-2019 Xilinx, Inc. All Rights Reserved.

source C:/Users/Aperture/Git/FracNetHLS-CIFAR10-alt-64/model/solution1/sim/verilog/xsim.dir/avgpool_8x8/webtalk/xsim_webtalk.tcl -notrace
INFO: [Common 17-186] 'C:/Users/Aperture/Git/FracNetHLS-CIFAR10-alt-64/model/solution1/sim/verilog/xsim.dir/avgpool_8x8/webtalk/usage_statistics_ext_xsim.xml' has been successfully sent to Xilinx on Thu Nov 26 15:04:22 2020. For additional details about this file, please refer to the WebTalk help file at C:/Xilinx/Vivado/2019.2/doc/webtalk_introduction.html.
INFO: [Common 17-206] Exiting Webtalk at Thu Nov 26 15:04:22 2020...

****** xsim v2019.2.1 (64-bit)
  **** SW Build 2729669 on Thu Dec  5 04:49:17 MST 2019
  **** IP Build 2729494 on Thu Dec  5 07:38:25 MST 2019
    ** Copyright 1986-2019 Xilinx, Inc. All Rights Reserved.

source xsim.dir/avgpool_8x8/xsim_script.tcl
# xsim {avgpool_8x8} -autoloadwcfg -tclbatch {avgpool_8x8.tcl}
Vivado Simulator 2019.2
Time resolution is 1 ps
source avgpool_8x8.tcl
## log_wave -r /
WARNING: [Simtcl 6-197] One or more HDL objects could not be logged because of object type or size limitations.  To see details please rerun the command with -verbose (-v).
## set designtopgroup [add_wave_group "Design Top Signals"]
## set coutputgroup [add_wave_group "C Outputs" -into $designtopgroup]
## set outputs_group [add_wave_group outputs(memory) -into $coutputgroup]
## add_wave /apatb_avgpool_8x8_top/AESL_inst_avgpool_8x8/outputs_V_d0 -into $outputs_group -radix hex
## add_wave /apatb_avgpool_8x8_top/AESL_inst_avgpool_8x8/outputs_V_we0 -into $outputs_group -color #ffff00 -radix hex
## add_wave /apatb_avgpool_8x8_top/AESL_inst_avgpool_8x8/outputs_V_ce0 -into $outputs_group -color #ffff00 -radix hex
## add_wave /apatb_avgpool_8x8_top/AESL_inst_avgpool_8x8/outputs_V_address0 -into $outputs_group -radix hex
## set cinputgroup [add_wave_group "C Inputs" -into $designtopgroup]
## set inputs_group [add_wave_group inputs(memory) -into $cinputgroup]
## add_wave /apatb_avgpool_8x8_top/AESL_inst_avgpool_8x8/inputs_7_V_q0 -into $inputs_group -radix hex
## add_wave /apatb_avgpool_8x8_top/AESL_inst_avgpool_8x8/inputs_7_V_ce0 -into $inputs_group -color #ffff00 -radix hex
## add_wave /apatb_avgpool_8x8_top/AESL_inst_avgpool_8x8/inputs_7_V_address0 -into $inputs_group -radix hex
## add_wave /apatb_avgpool_8x8_top/AESL_inst_avgpool_8x8/inputs_6_V_q0 -into $inputs_group -radix hex
## add_wave /apatb_avgpool_8x8_top/AESL_inst_avgpool_8x8/inputs_6_V_ce0 -into $inputs_group -color #ffff00 -radix hex
## add_wave /apatb_avgpool_8x8_top/AESL_inst_avgpool_8x8/inputs_6_V_address0 -into $inputs_group -radix hex
## add_wave /apatb_avgpool_8x8_top/AESL_inst_avgpool_8x8/inputs_5_V_q0 -into $inputs_group -radix hex
## add_wave /apatb_avgpool_8x8_top/AESL_inst_avgpool_8x8/inputs_5_V_ce0 -into $inputs_group -color #ffff00 -radix hex
## add_wave /apatb_avgpool_8x8_top/AESL_inst_avgpool_8x8/inputs_5_V_address0 -into $inputs_group -radix hex
## add_wave /apatb_avgpool_8x8_top/AESL_inst_avgpool_8x8/inputs_4_V_q0 -into $inputs_group -radix hex
## add_wave /apatb_avgpool_8x8_top/AESL_inst_avgpool_8x8/inputs_4_V_ce0 -into $inputs_group -color #ffff00 -radix hex
## add_wave /apatb_avgpool_8x8_top/AESL_inst_avgpool_8x8/inputs_4_V_address0 -into $inputs_group -radix hex
## add_wave /apatb_avgpool_8x8_top/AESL_inst_avgpool_8x8/inputs_3_V_q0 -into $inputs_group -radix hex
## add_wave /apatb_avgpool_8x8_top/AESL_inst_avgpool_8x8/inputs_3_V_ce0 -into $inputs_group -color #ffff00 -radix hex
## add_wave /apatb_avgpool_8x8_top/AESL_inst_avgpool_8x8/inputs_3_V_address0 -into $inputs_group -radix hex
## add_wave /apatb_avgpool_8x8_top/AESL_inst_avgpool_8x8/inputs_2_V_q0 -into $inputs_group -radix hex
## add_wave /apatb_avgpool_8x8_top/AESL_inst_avgpool_8x8/inputs_2_V_ce0 -into $inputs_group -color #ffff00 -radix hex
## add_wave /apatb_avgpool_8x8_top/AESL_inst_avgpool_8x8/inputs_2_V_address0 -into $inputs_group -radix hex
## add_wave /apatb_avgpool_8x8_top/AESL_inst_avgpool_8x8/inputs_1_V_q0 -into $inputs_group -radix hex
## add_wave /apatb_avgpool_8x8_top/AESL_inst_avgpool_8x8/inputs_1_V_ce0 -into $inputs_group -color #ffff00 -radix hex
## add_wave /apatb_avgpool_8x8_top/AESL_inst_avgpool_8x8/inputs_1_V_address0 -into $inputs_group -radix hex
## add_wave /apatb_avgpool_8x8_top/AESL_inst_avgpool_8x8/inputs_0_V_q0 -into $inputs_group -radix hex
## add_wave /apatb_avgpool_8x8_top/AESL_inst_avgpool_8x8/inputs_0_V_ce0 -into $inputs_group -color #ffff00 -radix hex
## add_wave /apatb_avgpool_8x8_top/AESL_inst_avgpool_8x8/inputs_0_V_address0 -into $inputs_group -radix hex
## set blocksiggroup [add_wave_group "Block-level IO Handshake" -into $designtopgroup]
## add_wave /apatb_avgpool_8x8_top/AESL_inst_avgpool_8x8/ap_start -into $blocksiggroup
## add_wave /apatb_avgpool_8x8_top/AESL_inst_avgpool_8x8/ap_done -into $blocksiggroup
## add_wave /apatb_avgpool_8x8_top/AESL_inst_avgpool_8x8/ap_idle -into $blocksiggroup
## add_wave /apatb_avgpool_8x8_top/AESL_inst_avgpool_8x8/ap_ready -into $blocksiggroup
## set resetgroup [add_wave_group "Reset" -into $designtopgroup]
## add_wave /apatb_avgpool_8x8_top/AESL_inst_avgpool_8x8/ap_rst -into $resetgroup
## set clockgroup [add_wave_group "Clock" -into $designtopgroup]
## add_wave /apatb_avgpool_8x8_top/AESL_inst_avgpool_8x8/ap_clk -into $clockgroup
## set testbenchgroup [add_wave_group "Test Bench Signals"]
## set tbinternalsiggroup [add_wave_group "Internal Signals" -into $testbenchgroup]
## set tb_simstatus_group [add_wave_group "Simulation Status" -into $tbinternalsiggroup]
## set tb_portdepth_group [add_wave_group "Port Depth" -into $tbinternalsiggroup]
## add_wave /apatb_avgpool_8x8_top/AUTOTB_TRANSACTION_NUM -into $tb_simstatus_group -radix hex
## add_wave /apatb_avgpool_8x8_top/ready_cnt -into $tb_simstatus_group -radix hex
## add_wave /apatb_avgpool_8x8_top/done_cnt -into $tb_simstatus_group -radix hex
## add_wave /apatb_avgpool_8x8_top/LENGTH_inputs_0_V -into $tb_portdepth_group -radix hex
## add_wave /apatb_avgpool_8x8_top/LENGTH_inputs_1_V -into $tb_portdepth_group -radix hex
## add_wave /apatb_avgpool_8x8_top/LENGTH_inputs_2_V -into $tb_portdepth_group -radix hex
## add_wave /apatb_avgpool_8x8_top/LENGTH_inputs_3_V -into $tb_portdepth_group -radix hex
## add_wave /apatb_avgpool_8x8_top/LENGTH_inputs_4_V -into $tb_portdepth_group -radix hex
## add_wave /apatb_avgpool_8x8_top/LENGTH_inputs_5_V -into $tb_portdepth_group -radix hex
## add_wave /apatb_avgpool_8x8_top/LENGTH_inputs_6_V -into $tb_portdepth_group -radix hex
## add_wave /apatb_avgpool_8x8_top/LENGTH_inputs_7_V -into $tb_portdepth_group -radix hex
## add_wave /apatb_avgpool_8x8_top/LENGTH_outputs_V -into $tb_portdepth_group -radix hex
## set tbcoutputgroup [add_wave_group "C Outputs" -into $testbenchgroup]
## set tb_outputs_group [add_wave_group outputs(memory) -into $tbcoutputgroup]
## add_wave /apatb_avgpool_8x8_top/outputs_V_d0 -into $tb_outputs_group -radix hex
## add_wave /apatb_avgpool_8x8_top/outputs_V_we0 -into $tb_outputs_group -color #ffff00 -radix hex
## add_wave /apatb_avgpool_8x8_top/outputs_V_ce0 -into $tb_outputs_group -color #ffff00 -radix hex
## add_wave /apatb_avgpool_8x8_top/outputs_V_address0 -into $tb_outputs_group -radix hex
## set tbcinputgroup [add_wave_group "C Inputs" -into $testbenchgroup]
## set tb_inputs_group [add_wave_group inputs(memory) -into $tbcinputgroup]
## add_wave /apatb_avgpool_8x8_top/inputs_7_V_q0 -into $tb_inputs_group -radix hex
## add_wave /apatb_avgpool_8x8_top/inputs_7_V_ce0 -into $tb_inputs_group -color #ffff00 -radix hex
## add_wave /apatb_avgpool_8x8_top/inputs_7_V_address0 -into $tb_inputs_group -radix hex
## add_wave /apatb_avgpool_8x8_top/inputs_6_V_q0 -into $tb_inputs_group -radix hex
## add_wave /apatb_avgpool_8x8_top/inputs_6_V_ce0 -into $tb_inputs_group -color #ffff00 -radix hex
## add_wave /apatb_avgpool_8x8_top/inputs_6_V_address0 -into $tb_inputs_group -radix hex
## add_wave /apatb_avgpool_8x8_top/inputs_5_V_q0 -into $tb_inputs_group -radix hex
## add_wave /apatb_avgpool_8x8_top/inputs_5_V_ce0 -into $tb_inputs_group -color #ffff00 -radix hex
## add_wave /apatb_avgpool_8x8_top/inputs_5_V_address0 -into $tb_inputs_group -radix hex
## add_wave /apatb_avgpool_8x8_top/inputs_4_V_q0 -into $tb_inputs_group -radix hex
## add_wave /apatb_avgpool_8x8_top/inputs_4_V_ce0 -into $tb_inputs_group -color #ffff00 -radix hex
## add_wave /apatb_avgpool_8x8_top/inputs_4_V_address0 -into $tb_inputs_group -radix hex
## add_wave /apatb_avgpool_8x8_top/inputs_3_V_q0 -into $tb_inputs_group -radix hex
## add_wave /apatb_avgpool_8x8_top/inputs_3_V_ce0 -into $tb_inputs_group -color #ffff00 -radix hex
## add_wave /apatb_avgpool_8x8_top/inputs_3_V_address0 -into $tb_inputs_group -radix hex
## add_wave /apatb_avgpool_8x8_top/inputs_2_V_q0 -into $tb_inputs_group -radix hex
## add_wave /apatb_avgpool_8x8_top/inputs_2_V_ce0 -into $tb_inputs_group -color #ffff00 -radix hex
## add_wave /apatb_avgpool_8x8_top/inputs_2_V_address0 -into $tb_inputs_group -radix hex
## add_wave /apatb_avgpool_8x8_top/inputs_1_V_q0 -into $tb_inputs_group -radix hex
## add_wave /apatb_avgpool_8x8_top/inputs_1_V_ce0 -into $tb_inputs_group -color #ffff00 -radix hex
## add_wave /apatb_avgpool_8x8_top/inputs_1_V_address0 -into $tb_inputs_group -radix hex
## add_wave /apatb_avgpool_8x8_top/inputs_0_V_q0 -into $tb_inputs_group -radix hex
## add_wave /apatb_avgpool_8x8_top/inputs_0_V_ce0 -into $tb_inputs_group -color #ffff00 -radix hex
## add_wave /apatb_avgpool_8x8_top/inputs_0_V_address0 -into $tb_inputs_group -radix hex
## save_wave_config avgpool_8x8.wcfg
## run all
////////////////////////////////////////////////////////////////////////////////////
// Inter-Transaction Progress: Completed Transaction / Total Transaction
// Intra-Transaction Progress: Measured Latency / Latency Estimation * 100%
//
// RTL Simulation : "Inter-Transaction Progress" ["Intra-Transaction Progress"] @ "Simulation Time"
////////////////////////////////////////////////////////////////////////////////////
// RTL Simulation : 0 / 10 [0.00%] @ "110000"
// RTL Simulation : 1 / 10 [100.00%] @ "4762000"
// RTL Simulation : 2 / 10 [100.00%] @ "9410000"
// RTL Simulation : 3 / 10 [100.00%] @ "14058000"
// RTL Simulation : 4 / 10 [100.00%] @ "18706000"
// RTL Simulation : 5 / 10 [100.00%] @ "23354000"
// RTL Simulation : 6 / 10 [100.00%] @ "28002000"
// RTL Simulation : 7 / 10 [100.00%] @ "32650000"
// RTL Simulation : 8 / 10 [100.00%] @ "37298000"
// RTL Simulation : 9 / 10 [100.00%] @ "41946000"
// RTL Simulation : 10 / 10 [100.00%] @ "46594000"
////////////////////////////////////////////////////////////////////////////////////
$finish called at time : 46610 ns : File "C:/Users/Aperture/Git/FracNetHLS-CIFAR10-alt-64/model/solution1/sim/verilog/avgpool_8x8.autotb.v" Line 622
## quit
INFO: [Common 17-206] Exiting xsim at Thu Nov 26 15:04:39 2020...
INFO: [COSIM 212-316] Starting C post checking ...
-10.9614  -11.7294  3.51449  6.11509  4.34935  7.71973  11.0499  -2.65855  -11.032  -10.8181  
Processed 1 pictures. 
Software has 1/1 correct.
tb output avg_pool_out
-0.473975-0.00117506-0.4448860.1691780.0354011-0.513642-0.2622240.133627-0.1861710.413621-0.3762290.03682840.1329861.61807-1.15035-0.3929760.01858680.491575-0.1673180.230042-0.0639666-0.03369260.934929-0.4720580.03406570.4895871.70981-1.002720.84950.6724660.9133442.01867-1.01422-0.56362-0.380527-0.511074-0.4017140.271491-0.2844420.04004050.563318-0.8699550.305336-0.92466-0.9637290.0200566-0.737731-0.1682090.250636-0.5982980.260306-0.2715680.511076-0.4463370.098461.07779-0.6775-0.00164366-0.2217-0.3224211.36791-0.4264670.532109-0.170015
-------------------- above is tb.cc output ---------------------------

accelerator output: 
-0.677499-0.00164342-0.221703-0.3224191.36791-0.4264650.532109-0.170014-0.677499-0.00164342-0.221703-0.3224191.36791-0.4264650.532109-0.170014-0.677499-0.00164342-0.221703-0.3224191.36791-0.4264650.532109-0.170014-0.677499-0.00164342-0.221703-0.3224191.36791-0.4264650.532109-0.170014-0.677499-0.00164342-0.221703-0.3224191.36791-0.4264650.532109-0.170014-0.677499-0.00164342-0.221703-0.3224191.36791-0.4264650.532109-0.170014-0.677499-0.00164342-0.221703-0.3224191.36791-0.4264650.532109-0.170014-0.677499-0.00164342-0.221703-0.3224191.36791-0.4264650.532109-0.170014
(0, 0, 0) 
(0, 0, 2) 
(0, 0, 3) 
(0, 0, 4) 
(0, 0, 6) 
(0, 0, 7) 
(0, 0, 8) 
(0, 0, 9) 
(0, 0, 10) 
(0, 0, 11) 
(0, 0, 12) 
(0, 0, 13) 
(0, 0, 14) 
(0, 0, 15) 
(0, 0, 16) 
(0, 0, 17) 
(0, 0, 19) 
(0, 0, 20) 
(0, 0, 21) 
(0, 0, 22) 
(0, 0, 23) 
(0, 0, 24) 
(0, 0, 25) 
(0, 0, 26) 
(0, 0, 27) 
(0, 0, 28) 
(0, 0, 29) 
(0, 0, 30) 
(0, 0, 31) 
(0, 0, 32) 
(0, 0, 33) 
(0, 0, 34) 
(0, 0, 35) 
(0, 0, 36) 
(0, 0, 37) 
(0, 0, 38) 
(0, 0, 39) 
(0, 0, 40) 
(0, 0, 41) 
(0, 0, 42) 
(0, 0, 43) 
(0, 0, 44) 
(0, 0, 45) 
(0, 0, 46) 
(0, 0, 48) 
(0, 0, 49) 
(0, 0, 50) 
(0, 0, 52) 
(0, 0, 54) 
(0, 0, 55) 

Total absolute error: 39.0136
Total number of errors: 50/64
Maximum absolute pixel error: 2.33164
3.58585  9.31056  -2.45366  -5.59091  -12.7619  -4.43106  -9.78982  -5.12266  9.51355  22.3269  
Processed 2 pictures. 
Software has 2/2 correct.
tb output avg_pool_out
1.75872-0.350615-1.027330.7013381.08377-0.2009440.327246-0.2208580.6531170.563405-0.05289661.10682-0.155408-0.1321621.931271.62213-0.1949360.0767350.3355990.04951720.2820512.756220.1478060.02243540.380172-1.196220.3249452.88705-0.131405-0.000201512-0.8747061.005611.18730.996002-0.0680190.9986170.5022811.576970.6426780.826104-0.3238340.1622240.8355252.570750.5207130.4738880.4518140.6960120.611433-0.110454-0.774095-0.07095410.989794-0.3494811.03152-0.1906340.9968682.042641.865840.135206-0.06877130.820201-0.000157103-0.807264
-------------------- above is tb.cc output ---------------------------

accelerator output: 
0.996872.042641.865840.135205-0.0687730.820202-0.000156403-0.8072610.996872.042641.865840.135205-0.0687730.820202-0.000156403-0.8072610.996872.042641.865840.135205-0.0687730.820202-0.000156403-0.8072610.996872.042641.865840.135205-0.0687730.820202-0.000156403-0.8072610.996872.042641.865840.135205-0.0687730.820202-0.000156403-0.8072610.996872.042641.865840.135205-0.0687730.820202-0.000156403-0.8072610.996872.042641.865840.135205-0.0687730.820202-0.000156403-0.8072610.996872.042641.865840.135205-0.0687730.820202-0.000156403-0.807261
(0, 0, 0) 
(0, 0, 1) 
(0, 0, 2) 
(0, 0, 3) 
(0, 0, 4) 
(0, 0, 5) 
(0, 0, 6) 
(0, 0, 7) 
(0, 0, 8) 
(0, 0, 9) 
(0, 0, 10) 
(0, 0, 11) 
(0, 0, 13) 
(0, 0, 14) 
(0, 0, 15) 
(0, 0, 16) 
(0, 0, 17) 
(0, 0, 18) 
(0, 0, 20) 
(0, 0, 21) 
(0, 0, 22) 
(0, 0, 23) 
(0, 0, 24) 
(0, 0, 25) 
(0, 0, 26) 
(0, 0, 27) 
(0, 0, 29) 
(0, 0, 30) 
(0, 0, 31) 
(0, 0, 32) 
(0, 0, 33) 
(0, 0, 34) 
(0, 0, 35) 
(0, 0, 36) 
(0, 0, 37) 
(0, 0, 38) 
(0, 0, 39) 
(0, 0, 40) 
(0, 0, 41) 
(0, 0, 42) 
(0, 0, 43) 
(0, 0, 44) 
(0, 0, 45) 
(0, 0, 46) 
(0, 0, 47) 
(0, 0, 48) 
(0, 0, 49) 
(0, 0, 50) 
(0, 0, 51) 
(0, 0, 52) 
(0, 0, 53) 
(0, 0, 54) 
(0, 0, 55) 

Total absolute error: 66.0295
Total number of errors: 53/64
Maximum absolute pixel error: 3.23886
4.1161  -3.43399  -0.227822  -2.26997  -3.35481  -4.1724  -6.2412  -3.00258  2.29431  14.5464  
Processed 3 pictures. 
Software has 3/3 correct.
tb output avg_pool_out
1.07294-0.373668-0.195021.37050.4859520.9541850.70454-0.0536015-0.200349-0.1721080.2284780.5653880.338274-0.5167370.07304810.5728950.68396-0.4275580.4961450.309036-0.1277310.450904-0.5892860.348379-0.20524-0.278067-0.1785020.683281-0.446642-0.793952-0.0135667-0.2286021.14649-0.02934870.2370231.584760.9990352.064670.361925-0.6329990.673690.3878730.3982931.306840.529001-0.1596150.1964130.9978520.1290510.0965428-0.6745790.2934451.54433-0.1714820.4394180.2717921.088510.4476320.297271-0.5184740.4003131.378130.307972-0.943831
-------------------- above is tb.cc output ---------------------------

accelerator output: 
1.088520.4476320.297267-0.5184730.4003111.378130.307973-0.9438281.088520.4476320.297267-0.5184730.4003111.378130.307973-0.9438281.088520.4476320.297267-0.5184730.4003111.378130.307973-0.9438281.088520.4476320.297267-0.5184730.4003111.378130.307973-0.9438281.088520.4476320.297267-0.5184730.4003111.378130.307973-0.9438281.088520.4476320.297267-0.5184730.4003111.378130.307973-0.9438281.088520.4476320.297267-0.5184730.4003111.378130.307973-0.9438281.088520.4476320.297267-0.5184730.4003111.378130.307973-0.943828
(0, 0, 1) 
(0, 0, 2) 
(0, 0, 3) 
(0, 0, 5) 
(0, 0, 6) 
(0, 0, 7) 
(0, 0, 8) 
(0, 0, 9) 
(0, 0, 11) 
(0, 0, 13) 
(0, 0, 14) 
(0, 0, 15) 
(0, 0, 16) 
(0, 0, 17) 
(0, 0, 18) 
(0, 0, 19) 
(0, 0, 20) 
(0, 0, 21) 
(0, 0, 22) 
(0, 0, 23) 
(0, 0, 24) 
(0, 0, 25) 
(0, 0, 26) 
(0, 0, 27) 
(0, 0, 28) 
(0, 0, 29) 
(0, 0, 30) 
(0, 0, 31) 
(0, 0, 33) 
(0, 0, 35) 
(0, 0, 36) 
(0, 0, 37) 
(0, 0, 39) 
(0, 0, 40) 
(0, 0, 42) 
(0, 0, 43) 
(0, 0, 44) 
(0, 0, 45) 
(0, 0, 46) 
(0, 0, 47) 
(0, 0, 48) 
(0, 0, 49) 
(0, 0, 50) 
(0, 0, 51) 
(0, 0, 52) 
(0, 0, 53) 
(0, 0, 54) 
(0, 0, 55) 

Total absolute error: 43.0921
Total number of errors: 48/64
Maximum absolute pixel error: 2.17208
-7.45413  -11.0433  3.01526  1.48434  17.4552  -0.0411579  -0.656911  0.0479536  -10.0071  -8.48474  
Processed 4 pictures. 
Software has 4/4 correct.
tb output avg_pool_out
0.04010210.177276-0.8551330.755652-0.2606020.665869-0.140408-0.4464930.3961290.7075630.420562-0.4467990.3869580.937123-0.523606-0.3317381.518281.165640.818160.428397-0.4917130.1455811.494390.3984950.670003-0.1795220.501001-1.505252.08181-0.4071941.774721.360640.5271751.25718-1.573980.1610712.113740.110185-0.0165936-0.7868791.958850.764854-0.0843536-0.34785-0.1016750.185843-0.9557860.02292930.2892210.497759-0.607452-0.2884910.1391321.949340.3326190.583576-0.442943-1.05795-0.2885350.3806780.203503-0.7779260.7709850.241484
-------------------- above is tb.cc output ---------------------------

accelerator output: 
-0.442941-1.05796-0.2885370.3806790.203501-0.7779240.7709850.241486-0.442941-1.05796-0.2885370.3806790.203501-0.7779240.7709850.241486-0.442941-1.05796-0.2885370.3806790.203501-0.7779240.7709850.241486-0.442941-1.05796-0.2885370.3806790.203501-0.7779240.7709850.241486-0.442941-1.05796-0.2885370.3806790.203501-0.7779240.7709850.241486-0.442941-1.05796-0.2885370.3806790.203501-0.7779240.7709850.241486-0.442941-1.05796-0.2885370.3806790.203501-0.7779240.7709850.241486-0.442941-1.05796-0.2885370.3806790.203501-0.7779240.7709850.241486
(0, 0, 0) 
(0, 0, 1) 
(0, 0, 2) 
(0, 0, 3) 
(0, 0, 4) 
(0, 0, 5) 
(0, 0, 6) 
(0, 0, 7) 
(0, 0, 8) 
(0, 0, 9) 
(0, 0, 10) 
(0, 0, 11) 
(0, 0, 12) 
(0, 0, 13) 
(0, 0, 14) 
(0, 0, 15) 
(0, 0, 16) 
(0, 0, 17) 
(0, 0, 18) 
(0, 0, 20) 
(0, 0, 21) 
(0, 0, 22) 
(0, 0, 23) 
(0, 0, 24) 
(0, 0, 25) 
(0, 0, 26) 
(0, 0, 27) 
(0, 0, 28) 
(0, 0, 29) 
(0, 0, 30) 
(0, 0, 31) 
(0, 0, 32) 
(0, 0, 33) 
(0, 0, 34) 
(0, 0, 35) 
(0, 0, 36) 
(0, 0, 37) 
(0, 0, 38) 
(0, 0, 39) 
(0, 0, 40) 
(0, 0, 41) 
(0, 0, 42) 
(0, 0, 43) 
(0, 0, 44) 
(0, 0, 45) 
(0, 0, 46) 
(0, 0, 47) 
(0, 0, 48) 
(0, 0, 49) 
(0, 0, 50) 
(0, 0, 51) 
(0, 0, 53) 
(0, 0, 54) 
(0, 0, 55) 

Total absolute error: 55.576
Total number of errors: 54/64
Maximum absolute pixel error: 2.72727
0.89232  25.75  -3.85413  -3.96836  -6.773  -7.88513  -7.27494  -6.10117  5.68892  10.7544  
Processed 5 pictures. 
Software has 5/5 correct.
tb output avg_pool_out
2.714-0.131267-0.161222-0.5236650.890802-0.200405-0.307979-0.2359440.8681890.4852950.09644340.689036-0.343368-0.1554271.267140.8825150.1004430.4256930.8873840.4247340.06956780.808589-0.1244420.7279530.166790.832269-0.5524031.78658-0.5137080.5517290.403255-0.819381.65294-0.1424990.1649130.585702-0.243880.243741.425330.7423350.8016390.7201191.260840.1836291.03222.256861.752790.4205980.408432-0.300173-0.5741030.492012-0.6099860.7171290.210554-0.3169041.049411.092832.899871.1221-0.4272282.30480.02533620.83529
-------------------- above is tb.cc output ---------------------------

accelerator output: 
1.049411.092832.899871.1221-0.4272292.30480.02533770.8352931.049411.092832.899871.1221-0.4272292.30480.02533770.8352931.049411.092832.899871.1221-0.4272292.30480.02533770.8352931.049411.092832.899871.1221-0.4272292.30480.02533770.8352931.049411.092832.899871.1221-0.4272292.30480.02533770.8352931.049411.092832.899871.1221-0.4272292.30480.02533770.8352931.049411.092832.899871.1221-0.4272292.30480.02533770.8352931.049411.092832.899871.1221-0.4272292.30480.02533770.835293
(0, 0, 0) 
(0, 0, 1) 
(0, 0, 2) 
(0, 0, 3) 
(0, 0, 4) 
(0, 0, 5) 
(0, 0, 6) 
(0, 0, 7) 
(0, 0, 8) 
(0, 0, 9) 
(0, 0, 10) 
(0, 0, 11) 
(0, 0, 13) 
(0, 0, 14) 
(0, 0, 16) 
(0, 0, 17) 
(0, 0, 18) 
(0, 0, 19) 
(0, 0, 20) 
(0, 0, 21) 
(0, 0, 22) 
(0, 0, 23) 
(0, 0, 24) 
(0, 0, 25) 
(0, 0, 26) 
(0, 0, 27) 
(0, 0, 29) 
(0, 0, 30) 
(0, 0, 31) 
(0, 0, 32) 
(0, 0, 33) 
(0, 0, 34) 
(0, 0, 35) 
(0, 0, 36) 
(0, 0, 37) 
(0, 0, 38) 
(0, 0, 40) 
(0, 0, 41) 
(0, 0, 42) 
(0, 0, 43) 
(0, 0, 44) 
(0, 0, 46) 
(0, 0, 47) 
(0, 0, 48) 
(0, 0, 49) 
(0, 0, 50) 
(0, 0, 51) 
(0, 0, 52) 
(0, 0, 53) 
(0, 0, 54) 
(0, 0, 55) 

Total absolute error: 61.3309
Total number of errors: 51/64
Maximum absolute pixel error: 3.47397
-4.03798  22.5764  -6.28874  0.590563  -5.11668  -2.81485  -0.886565  -2.07347  -3.40043  7.01794  
Processed 6 pictures. 
Software has 6/6 correct.
tb output avg_pool_out
1.20695-0.7026570.209467-0.0940959-0.329018-0.9438510.7824830.2598551.395010.2892870.4381240.401734-0.1937470.2627260.433851.33593-0.299803-0.38960.0254717-0.1773730.3693230.225107-0.4786270.953166-0.92008-0.180281-0.5204760.248548-0.2056960.5707540.0448004-0.6022880.608672-0.213447-0.2419750.182342-0.9538240.221750.7774420.258786-0.236091-0.0853875-0.49709-0.624163-0.8068122.265580.920867-0.715347-0.912145-0.3056050.02301981.9-0.6808981.329310.06787340.518165-0.4008181.512362.233190.5327390.8508822.42975-1.115840.278386
-------------------- above is tb.cc output ---------------------------

accelerator output: 
-0.4008171.512362.233190.5327390.850882.42976-1.115840.278389-0.4008171.512362.233190.5327390.850882.42976-1.115840.278389-0.4008171.512362.233190.5327390.850882.42976-1.115840.278389-0.4008171.512362.233190.5327390.850882.42976-1.115840.278389-0.4008171.512362.233190.5327390.850882.42976-1.115840.278389-0.4008171.512362.233190.5327390.850882.42976-1.115840.278389-0.4008171.512362.233190.5327390.850882.42976-1.115840.278389-0.4008171.512362.233190.5327390.850882.42976-1.115840.278389
(0, 0, 0) 
(0, 0, 1) 
(0, 0, 2) 
(0, 0, 3) 
(0, 0, 4) 
(0, 0, 5) 
(0, 0, 6) 
(0, 0, 8) 
(0, 0, 9) 
(0, 0, 10) 
(0, 0, 11) 
(0, 0, 12) 
(0, 0, 13) 
(0, 0, 14) 
(0, 0, 15) 
(0, 0, 16) 
(0, 0, 17) 
(0, 0, 18) 
(0, 0, 19) 
(0, 0, 20) 
(0, 0, 21) 
(0, 0, 22) 
(0, 0, 23) 
(0, 0, 24) 
(0, 0, 25) 
(0, 0, 26) 
(0, 0, 27) 
(0, 0, 28) 
(0, 0, 29) 
(0, 0, 30) 
(0, 0, 31) 
(0, 0, 32) 
(0, 0, 33) 
(0, 0, 34) 
(0, 0, 35) 
(0, 0, 36) 
(0, 0, 37) 
(0, 0, 38) 
(0, 0, 40) 
(0, 0, 41) 
(0, 0, 42) 
(0, 0, 43) 
(0, 0, 44) 
(0, 0, 45) 
(0, 0, 46) 
(0, 0, 47) 
(0, 0, 48) 
(0, 0, 49) 
(0, 0, 50) 
(0, 0, 51) 
(0, 0, 52) 
(0, 0, 53) 
(0, 0, 54) 
(0, 0, 55) 

Total absolute error: 74.784
Total number of errors: 54/64
Maximum absolute pixel error: 3.37361
-4.19641  -10.5706  13.5278  -4.07896  4.71681  0.0173887  2.73967  3.74722  -10.3252  -9.04679  
Processed 7 pictures. 
Software has 7/7 correct.
tb output avg_pool_out
-0.691197-1.01086-0.5646580.8331470.9961990.574902-0.226948-0.305971-0.3361720.0927090.383484-0.4555590.3998180.348411-0.4839810.44204-0.1319390.363610.8145090.4503140.3564610.1285371.16612-0.16046-0.4456190.342791.55202-0.515390.7606241.454040.9162210.537254-0.2724710.214873-0.969606-0.1017612.524780.1432740.364632-0.161938-0.2883750.4215460.600027-0.238594-0.01071920.618419-0.4491210.4699180.2426460.403870.00979916-0.2046020.631768-0.2318560.6939191.50349-0.911906-0.4975320.08589591.24070.4907960.5151472.238530.124495
-------------------- above is tb.cc output ---------------------------

accelerator output: 
-0.911903-0.4975320.08589271.24070.4907930.5151482.238540.124497-0.911903-0.4975320.08589271.24070.4907930.5151482.238540.124497-0.911903-0.4975320.08589271.24070.4907930.5151482.238540.124497-0.911903-0.4975320.08589271.24070.4907930.5151482.238540.124497-0.911903-0.4975320.08589271.24070.4907930.5151482.238540.124497-0.911903-0.4975320.08589271.24070.4907930.5151482.238540.124497-0.911903-0.4975320.08589271.24070.4907930.5151482.238540.124497-0.911903-0.4975320.08589271.24070.4907930.5151482.238540.124497
(0, 0, 0) 
(0, 0, 1) 
(0, 0, 2) 
(0, 0, 3) 
(0, 0, 4) 
(0, 0, 6) 
(0, 0, 7) 
(0, 0, 8) 
(0, 0, 9) 
(0, 0, 10) 
(0, 0, 11) 
(0, 0, 13) 
(0, 0, 14) 
(0, 0, 15) 
(0, 0, 16) 
(0, 0, 17) 
(0, 0, 18) 
(0, 0, 19) 
(0, 0, 20) 
(0, 0, 21) 
(0, 0, 22) 
(0, 0, 23) 
(0, 0, 24) 
(0, 0, 25) 
(0, 0, 26) 
(0, 0, 27) 
(0, 0, 28) 
(0, 0, 29) 
(0, 0, 30) 
(0, 0, 31) 
(0, 0, 32) 
(0, 0, 33) 
(0, 0, 34) 
(0, 0, 35) 
(0, 0, 36) 
(0, 0, 37) 
(0, 0, 38) 
(0, 0, 39) 
(0, 0, 40) 
(0, 0, 41) 
(0, 0, 42) 
(0, 0, 43) 
(0, 0, 44) 
(0, 0, 45) 
(0, 0, 46) 
(0, 0, 47) 
(0, 0, 48) 
(0, 0, 49) 
(0, 0, 51) 
(0, 0, 52) 
(0, 0, 53) 
(0, 0, 54) 
(0, 0, 55) 

Total absolute error: 47.1007
Total number of errors: 53/64
Maximum absolute pixel error: 2.72252
-16.5185  -18.3455  -1.63967  2.90615  11.6742  8.10846  -8.99087  29.5396  -19.816  -22.2274  
Processed 8 pictures. 
Software has 8/8 correct.
tb output avg_pool_out
-0.0985624-0.4105240.4511350.02423550.358660.114797-0.2127462.48240.822669-0.1055150.18017-0.3812150.06824090.4195181.18303-0.06213722.040391.818060.3102691.291521.35518-0.1707571.70066-0.7098570.1927290.03366873.02967-1.073014.504452.658922.05563-0.5867231.911791.536520.0727071.070643.52243-0.139986-1.14319-0.1448120.9743451.9710.5524180.2779381.318180.9187360.7884870.4588681.367850.426230.3351531.283250.8556650.188479-0.5196031.8832-2.0403-1.02733-0.637451-0.9428123.10595-0.1404891.42341.71194
-------------------- above is tb.cc output ---------------------------

accelerator output: 
-2.0403-1.02733-0.637455-0.9428113.10595-0.1404871.42341.71194-2.0403-1.02733-0.637455-0.9428113.10595-0.1404871.42341.71194-2.0403-1.02733-0.637455-0.9428113.10595-0.1404871.42341.71194-2.0403-1.02733-0.637455-0.9428113.10595-0.1404871.42341.71194-2.0403-1.02733-0.637455-0.9428113.10595-0.1404871.42341.71194-2.0403-1.02733-0.637455-0.9428113.10595-0.1404871.42341.71194-2.0403-1.02733-0.637455-0.9428113.10595-0.1404871.42341.71194-2.0403-1.02733-0.637455-0.9428113.10595-0.1404871.42341.71194
(0, 0, 0) 
(0, 0, 1) 
(0, 0, 2) 
(0, 0, 3) 
(0, 0, 4) 
(0, 0, 5) 
(0, 0, 6) 
(0, 0, 7) 
(0, 0, 8) 
(0, 0, 9) 
(0, 0, 10) 
(0, 0, 11) 
(0, 0, 12) 
(0, 0, 13) 
(0, 0, 14) 
(0, 0, 15) 
(0, 0, 16) 
(0, 0, 17) 
(0, 0, 18) 
(0, 0, 19) 
(0, 0, 20) 
(0, 0, 22) 
(0, 0, 23) 
(0, 0, 24) 
(0, 0, 25) 
(0, 0, 26) 
(0, 0, 27) 
(0, 0, 28) 
(0, 0, 29) 
(0, 0, 30) 
(0, 0, 31) 
(0, 0, 32) 
(0, 0, 33) 
(0, 0, 34) 
(0, 0, 35) 
(0, 0, 36) 
(0, 0, 38) 
(0, 0, 39) 
(0, 0, 40) 
(0, 0, 41) 
(0, 0, 42) 
(0, 0, 43) 
(0, 0, 44) 
(0, 0, 45) 
(0, 0, 46) 
(0, 0, 47) 
(0, 0, 48) 
(0, 0, 49) 
(0, 0, 50) 
(0, 0, 51) 
(0, 0, 52) 
(0, 0, 53) 
(0, 0, 54) 
(0, 0, 55) 

Total absolute error: 89.6003
Total number of errors: 54/64
Maximum absolute pixel error: 4.08069
9.10724  -2.51393  2.00633  -5.65187  -2.19117  -6.31835  -3.05203  -2.38059  19.4412  -5.1024  
Processed 9 pictures. 
Software has 9/9 correct.
tb output avg_pool_out
0.9803890.0415662-0.625975-0.3673860.5613140.4821581.428260.576224-0.4859350.301680.1671360.1428720.286163-0.9898230.2504690.507865-0.801096-0.169798-0.068543-0.1675240.3334490.3126050.1610950.3389380.571098-0.6419880.7886861.218170.2207980.0788589-0.478454-0.3994330.751246-0.5967730.08844370.3150010.0233663-0.3495640.7930860.6534490.83449-1.229920.7501121.207732.550550.0916201-0.3570821.24253-0.1106490.305103-0.003727540.101019-0.198133-0.06517842.33684-0.454197-0.451269-0.162886-0.3580091.98333-0.6245920.2573060.495631.11835
-------------------- above is tb.cc output ---------------------------

accelerator output: 
-0.451269-0.162887-0.3580121.98333-0.6245930.2573080.495631.11836-0.451269-0.162887-0.3580121.98333-0.6245930.2573080.495631.11836-0.451269-0.162887-0.3580121.98333-0.6245930.2573080.495631.11836-0.451269-0.162887-0.3580121.98333-0.6245930.2573080.495631.11836-0.451269-0.162887-0.3580121.98333-0.6245930.2573080.495631.11836-0.451269-0.162887-0.3580121.98333-0.6245930.2573080.495631.11836-0.451269-0.162887-0.3580121.98333-0.6245930.2573080.495631.11836-0.451269-0.162887-0.3580121.98333-0.6245930.2573080.495631.11836
(0, 0, 0) 
(0, 0, 1) 
(0, 0, 2) 
(0, 0, 3) 
(0, 0, 4) 
(0, 0, 5) 
(0, 0, 6) 
(0, 0, 7) 
(0, 0, 9) 
(0, 0, 10) 
(0, 0, 11) 
(0, 0, 12) 
(0, 0, 13) 
(0, 0, 14) 
(0, 0, 15) 
(0, 0, 16) 
(0, 0, 18) 
(0, 0, 19) 
(0, 0, 20) 
(0, 0, 22) 
(0, 0, 23) 
(0, 0, 24) 
(0, 0, 25) 
(0, 0, 26) 
(0, 0, 27) 
(0, 0, 28) 
(0, 0, 29) 
(0, 0, 30) 
(0, 0, 31) 
(0, 0, 32) 
(0, 0, 33) 
(0, 0, 34) 
(0, 0, 35) 
(0, 0, 36) 
(0, 0, 37) 
(0, 0, 38) 
(0, 0, 39) 
(0, 0, 40) 
(0, 0, 41) 
(0, 0, 42) 
(0, 0, 43) 
(0, 0, 44) 
(0, 0, 45) 
(0, 0, 46) 
(0, 0, 47) 
(0, 0, 48) 
(0, 0, 49) 
(0, 0, 50) 
(0, 0, 51) 
(0, 0, 52) 
(0, 0, 53) 
(0, 0, 54) 
(0, 0, 55) 

Total absolute error: 46.4026
Total number of errors: 53/64
Maximum absolute pixel error: 3.17515
-1.82722  -6.42789  -5.74457  10.8084  1.80382  1.91875  -9.90305  2.36465  -4.10336  -2.6579  
Processed 10 pictures. 
Software has 10/10 correct.
tb output avg_pool_out
0.3814010.729879-0.926310.6095320.1507470.06904950.1625161.583830.242551-0.8166680.597915-0.266870.179839-0.0259997-0.589275-0.3494560.6639980.9083380.5028270.5086440.1098110.142639-0.360815-0.383732-0.2492780.0485728-0.195255-1.039150.1385940.5512850.1692160.17512.366510.04779890.7998930.6562310.1916190.2305790.0478146-0.3107190.4239040.03247710.817537-0.390337-0.313918-0.1566450.8741920.559224-0.809058-0.550574-0.4041840.1122510.772056-0.256653-0.417556-0.694249-0.510479-0.0601414-1.10204-1.229051.571780.430491-0.552551-0.761443
-------------------- above is tb.cc output ---------------------------

accelerator output: 
-0.510478-0.0601423-1.10205-1.229051.571770.430493-0.55255-0.76144-0.510478-0.0601423-1.10205-1.229051.571770.430493-0.55255-0.76144-0.510478-0.0601423-1.10205-1.229051.571770.430493-0.55255-0.76144-0.510478-0.0601423-1.10205-1.229051.571770.430493-0.55255-0.76144-0.510478-0.0601423-1.10205-1.229051.571770.430493-0.55255-0.76144-0.510478-0.0601423-1.10205-1.229051.571770.430493-0.55255-0.76144-0.510478-0.0601423-1.10205-1.229051.571770.430493-0.55255-0.76144-0.510478-0.0601423-1.10205-1.229051.571770.430493-0.55255-0.76144
(0, 0, 0) 
(0, 0, 1) 
(0, 0, 2) 
(0, 0, 3) 
(0, 0, 4) 
(0, 0, 5) 
(0, 0, 6) 
(0, 0, 7) 
(0, 0, 8) 
(0, 0, 9) 
(0, 0, 10) 
(0, 0, 11) 
(0, 0, 12) 
(0, 0, 13) 
(0, 0, 15) 
(0, 0, 16) 
(0, 0, 17) 
(0, 0, 18) 
(0, 0, 19) 
(0, 0, 20) 
(0, 0, 21) 
(0, 0, 22) 
(0, 0, 23) 
(0, 0, 24) 
(0, 0, 25) 
(0, 0, 26) 
(0, 0, 27) 
(0, 0, 28) 
(0, 0, 29) 
(0, 0, 30) 
(0, 0, 31) 
(0, 0, 32) 
(0, 0, 33) 
(0, 0, 34) 
(0, 0, 35) 
(0, 0, 36) 
(0, 0, 37) 
(0, 0, 38) 
(0, 0, 39) 
(0, 0, 40) 
(0, 0, 42) 
(0, 0, 43) 
(0, 0, 44) 
(0, 0, 45) 
(0, 0, 46) 
(0, 0, 47) 
(0, 0, 48) 
(0, 0, 49) 
(0, 0, 50) 
(0, 0, 51) 
(0, 0, 52) 
(0, 0, 53) 
(0, 0, 54) 

Total absolute error: 50.4176
Total number of errors: 53/64
Maximum absolute pixel error: 2.87699
INFO: [COSIM 212-1000] *** C/RTL co-simulation finished: PASS ***
