#-----------------------------------------------------------
# Vivado v2019.2.1 (64-bit)
# SW Build 2729669 on Thu Dec  5 04:49:17 MST 2019
# IP Build 2729494 on Thu Dec  5 07:38:25 MST 2019
# Start of session at: Wed Nov 25 14:43:38 2020
# Process ID: 29948
# Current directory: C:/Users/Aperture/Git/FracNetHLS-CIFAR10-alt-64
# Command line: vivado.exe -mode batch -source vivado_script.tcl -tclargs FracNet-CIFAR10 ./ ./
# Log file: C:/Users/Aperture/Git/FracNetHLS-CIFAR10-alt-64/vivado.log
# Journal file: C:/Users/Aperture/Git/FracNetHLS-CIFAR10-alt-64\vivado.jou
#-----------------------------------------------------------
source vivado_script.tcl
# create_project [lindex $argv 0] [lindex $argv 1]/[lindex $argv 0]/ -part xczu3eg-sbva484-1-e
# create_bd_design "design_1"
Wrote  : <C:\Users\Aperture\Git\FracNetHLS-CIFAR10-alt-64\FracNet-CIFAR10\FracNet-CIFAR10.srcs\sources_1\bd\design_1\design_1.bd> 
# update_compile_order -fileset sources_1
CRITICAL WARNING: [filemgmt 20-730] Could not find a top module in the fileset sources_1.
Resolution: With the gui up, review the source files in the Sources window. Use Add Sources to add any needed sources. If the files are disabled, enable them. You can also select the file and choose Set Used In from the pop-up menu. Review if they are being used at the proper points of the flow.
# startgroup
# create_bd_cell -type ip -vlnv xilinx.com:ip:zynq_ultra_ps_e:3.2 zynq_ultra_ps_e_0
ERROR: [BD 5-216] VLNV <xilinx.com:ip:zynq_ultra_ps_e:3.2> is not supported for the current part. The latest supported version for this part is: <3.3>
ERROR: [Common 17-39] 'create_bd_cell' failed due to earlier errors.

    while executing
"create_bd_cell -type ip -vlnv xilinx.com:ip:zynq_ultra_ps_e:3.2 zynq_ultra_ps_e_0"
    (file "vivado_script.tcl" line 7)
INFO: [Common 17-17] undo 'startgroup'
INFO: [Common 17-206] Exiting Vivado at Wed Nov 25 14:43:52 2020...
