INFO-FLOW: Workspace C:/Users/Aperture/Git/ReActNetHLS_test_64_boo3/model/solution1 opened at Mon Sep 14 20:10:43 -0500 2020
Execute     config_clock -quiet -name default -period 4 -default=false 
INFO: [SYN 201-201] Setting up clock 'default' with a period of 4ns.
Execute     config_clock -quiet -name default -uncertainty 0.5 -unit % 
INFO: [SYN 201-201] Setting up clock 'default' with an uncertainty of 0.5ns.
Execute     open_platform DefaultPlatform 
Execute     import_lib C:/Xilinx/Vivado/2019.2/common/technology/xilinx/zynquplus/zynquplus 
Execute       source C:/Xilinx/Vivado/2019.2/common/technology/xilinx/common/xilinx.lib 
Execute         source C:/Xilinx/Vivado/2019.2/common/technology/xilinx/interface/xilinx_interface.lib 
Execute           source C:/Xilinx/Vivado/2019.2/common/technology/xilinx/interface/plb46.lib 
Execute           source C:/Xilinx/Vivado/2019.2/common/technology/xilinx/interface/fsl.lib 
Execute           source C:/Xilinx/Vivado/2019.2/common/technology/xilinx/interface/axi4.lib 
Execute           source C:/Xilinx/Vivado/2019.2/common/technology/xilinx/interface/maxi.lib 
Execute           source C:/Xilinx/Vivado/2019.2/common/technology/xilinx/interface/saxilite.lib 
Execute         source C:/Xilinx/Vivado/2019.2/common/technology/xilinx/common/dsp48.lib 
Execute         source C:/Xilinx/Vivado/2019.2/common/technology/xilinx/ip/dds_compiler.lib 
Execute         source C:/Xilinx/Vivado/2019.2/common/technology/xilinx/ip/xfft.lib 
Execute         source C:/Xilinx/Vivado/2019.2/common/technology/xilinx/ip/xfir.lib 
Execute       source C:/Xilinx/Vivado/2019.2/common/technology/xilinx/common/xilinx.hlp 
Execute         source C:/Xilinx/Vivado/2019.2/common/technology/xilinx/common/target_info.tcl 
Execute         source C:/Xilinx/Vivado/2019.2/common/technology/xilinx/interface/xilinx_interface.hlp 
Execute           source C:/Xilinx/Vivado/2019.2/common/technology/xilinx/interface/maxi.hlp 
Execute           source C:/Xilinx/Vivado/2019.2/common/technology/xilinx/interface/saxilite.hlp 
Execute         source C:/Xilinx/Vivado/2019.2/common/technology/xilinx/common/dsp48.hlp 
Execute       source C:/Xilinx/Vivado/2019.2/common/technology/xilinx/zynquplus/dsp48e2.hlp 
Execute       source C:/Xilinx/Vivado/2019.2/common/technology/xilinx/common/xilinx.hlp 
Execute         source C:/Xilinx/Vivado/2019.2/common/technology/xilinx/common/target_info.tcl 
Execute         source C:/Xilinx/Vivado/2019.2/common/technology/xilinx/interface/xilinx_interface.hlp 
Execute           source C:/Xilinx/Vivado/2019.2/common/technology/xilinx/interface/maxi.hlp 
Execute           source C:/Xilinx/Vivado/2019.2/common/technology/xilinx/interface/saxilite.hlp 
Execute         source C:/Xilinx/Vivado/2019.2/common/technology/xilinx/common/dsp48.hlp 
Execute     source C:/Xilinx/Vivado/2019.2/common/technology/xilinx/zynquplus/zynquplus.gen 
Execute       source C:/Xilinx/Vivado/2019.2/common/technology/xilinx/common/xilinx.gen 
Execute         source C:/Xilinx/Vivado/2019.2/common/technology/xilinx/interface/plb46.gen 
Execute         source C:/Xilinx/Vivado/2019.2/common/technology/xilinx/interface/fsl.gen 
Execute         source C:/Xilinx/Vivado/2019.2/common/technology/xilinx/interface/axi4.gen 
Execute         source C:/Xilinx/Vivado/2019.2/common/technology/xilinx/interface/nativeAXI4.gen 
Execute           source C:/Xilinx/Vivado/2019.2/common/technology/xilinx/interface/saxilite.gen 
Execute           source C:/Xilinx/Vivado/2019.2/common/technology/xilinx/interface/maxi.gen 
Execute         source C:/Xilinx/Vivado/2019.2/common/technology/xilinx/scripts/xilinxcoregen.gen 
Execute         source C:/Xilinx/Vivado/2019.2/common/technology/xilinx/interface/XilEDKCoreGen.gen 
Execute         source C:/Xilinx/Vivado/2019.2/common/technology/xilinx/ip/dds_compiler.gen 
Execute         source C:/Xilinx/Vivado/2019.2/common/technology/xilinx/ip/util.gen 
Execute         source C:/Xilinx/Vivado/2019.2/common/technology/xilinx/ip/xfft.gen 
Command         ap_source done; 0.159 sec.
Execute         source C:/Xilinx/Vivado/2019.2/common/technology/xilinx/ip/xfir.gen 
Execute         source C:/Xilinx/Vivado/2019.2/common/technology/xilinx/common/dsp48.gen 
Command       ap_source done; 0.26 sec.
Command     ap_source done; 0.262 sec.
Execute     set_part xczu3eg-sbva484-1-e 
Execute       ap_part_info -name xczu3eg-sbva484-1-e -data single -quiet 
Command       ap_part_info done; 1.354 sec.
Execute       ap_part_info -name xczu3eg-sbva484-1-e -data info 
Execute       add_library xilinx/zynquplus/zynquplus:xczu3eg:-sbva484:-1-e 
Execute         get_default_platform 
Execute         ap_part_info -data single -name xczu3eg-sbva484-1-e 
Execute         ap_part_info -name xczu3eg-sbva484-1-e -data resources 
Execute         ap_part_info -name xczu3eg-sbva484-1-e -data info 
Execute         ap_part_info -name xczu3eg-sbva484-1-e -data info 
Execute         config_chip_info -quiet -resource {SLICE 8820} {LUT 70560} {FF 141120} {DSP48E 360} {BRAM 432} {URAM 0} 
Execute         ap_part_info -name xczu3eg-sbva484-1-e -data info 
Execute         config_chip_info -quiet -speed slow 
Command       add_library done; 0.123 sec.
Execute       add_library xilinx/zynquplus/zynquplus_fpv7 
Execute         get_default_platform 
Execute         open_platform DefaultPlatform 
Execute         import_lib C:/Xilinx/Vivado/2019.2/common/technology/xilinx/zynquplus/zynquplus_fpv7 
Execute           source C:/Xilinx/Vivado/2019.2/common/technology/xilinx/common/xilinx_fp.lib 
Execute           source C:/Xilinx/Vivado/2019.2/common/technology/xilinx/common/xilinx_fp.hlp 
Execute             source C:/Xilinx/Vivado/2019.2/common/technology/xilinx/common/xilinx.hlp 
Execute               source C:/Xilinx/Vivado/2019.2/common/technology/xilinx/common/target_info.tcl 
Execute               source C:/Xilinx/Vivado/2019.2/common/technology/xilinx/interface/xilinx_interface.hlp 
Execute                 source C:/Xilinx/Vivado/2019.2/common/technology/xilinx/interface/maxi.hlp 
Execute                 source C:/Xilinx/Vivado/2019.2/common/technology/xilinx/interface/saxilite.hlp 
Execute               source C:/Xilinx/Vivado/2019.2/common/technology/xilinx/common/dsp48.hlp 
Execute         source C:/Xilinx/Vivado/2019.2/common/technology/xilinx/zynquplus/zynquplus_fpv7.gen 
Execute           source C:/Xilinx/Vivado/2019.2/common/technology/xilinx/common/xilinx_fp.gen 
INFO: [HLS 200-10] Setting target device to 'xczu3eg-sbva484-1-e'
Execute       ap_part_info -name xczu3eg-sbva484-1-e -data info 
Execute       get_default_platform 
Command     set_part done; 1.674 sec.
Execute     ap_part_info -data single -name xczu3eg-sbva484-1-e 
Execute     ap_part_info -name xczu3eg-sbva484-1-e -data resources 
Execute     ap_part_info -name xczu3eg-sbva484-1-e -data info 
Execute     ap_part_info -name xczu3eg-sbva484-1-e -data info 
Execute     config_chip_info -quiet -resource {SLICE 8820} {LUT 70560} {FF 141120} {DSP48E 360} {BRAM 432} {URAM 0} 
Execute     ap_part_info -name xczu3eg-sbva484-1-e -data info 
Execute     config_chip_info -quiet -speed slow 
Execute     config_sdx -target=none 
Execute       send_msg_by_id INFO @200-435@%s%s 'config_sdx -target' config_export -vivado_optimization_level=2 
INFO: [HLS 200-435] Setting 'config_sdx -target' configuration: config_export -vivado_optimization_level=2
Execute       config_export -vivado_optimization_level=2 
Execute         get_config_export -vivado_impl_strategy 
Execute         get_config_export -vivado_phys_opt 
Execute       get_config_compile -pipeline_loops 
Execute       get_config_compile -name_max_length 
Execute       get_config_schedule -enable_dsp_full_reg 
Execute       get_config_rtl -register_reset_num 
Execute       get_config_rtl -module_auto_prefix 
Execute       get_config_interface -m_axi_addr64 
Execute       send_msg_by_id INFO @200-435@%s%s 'config_sdx -target' set_clock_uncertainty default 
INFO: [HLS 200-435] Setting 'config_sdx -target' configuration: set_clock_uncertainty default
Execute       set_clock_uncertainty default 
Execute     config_export -format=ip_catalog 
Execute     config_export -rtl=verilog 
Execute     config_export -vivado_optimization_level=2 
Execute       get_config_export -vivado_impl_strategy 
Execute       get_config_export -vivado_phys_opt 
Execute     config_export -vivado_phys_opt=place 
Execute     config_export -vivado_report_level=0 
Command   open_solution done; 2.2 sec.
Execute   set_part xczu3eg-sbva484-1-e 
Execute     ap_part_info -name xczu3eg-sbva484-1-e -data single -quiet 
Execute     ap_part_info -name xczu3eg-sbva484-1-e -data info 
Execute     add_library xilinx/zynquplus/zynquplus:xczu3eg:-sbva484:-1-e 
Execute       get_default_platform 
Execute       ap_part_info -data single -name xczu3eg-sbva484-1-e 
Execute       ap_part_info -name xczu3eg-sbva484-1-e -data resources 
Execute       ap_part_info -name xczu3eg-sbva484-1-e -data info 
Execute       ap_part_info -name xczu3eg-sbva484-1-e -data info 
Execute       config_chip_info -quiet -resource {SLICE 8820} {LUT 70560} {FF 141120} {DSP48E 360} {BRAM 432} {URAM 0} 
Execute       ap_part_info -name xczu3eg-sbva484-1-e -data info 
Execute       config_chip_info -quiet -speed slow 
Command     add_library done; 0.154 sec.
Execute     add_library xilinx/zynquplus/zynquplus_fpv7 
Execute       get_default_platform 
Execute       open_platform DefaultPlatform 
Execute       import_lib C:/Xilinx/Vivado/2019.2/common/technology/xilinx/zynquplus/zynquplus_fpv7 
Execute         source C:/Xilinx/Vivado/2019.2/common/technology/xilinx/common/xilinx_fp.lib 
Execute         source C:/Xilinx/Vivado/2019.2/common/technology/xilinx/common/xilinx_fp.hlp 
Execute           source C:/Xilinx/Vivado/2019.2/common/technology/xilinx/common/xilinx.hlp 
Execute             source C:/Xilinx/Vivado/2019.2/common/technology/xilinx/common/target_info.tcl 
Execute             source C:/Xilinx/Vivado/2019.2/common/technology/xilinx/interface/xilinx_interface.hlp 
Execute               source C:/Xilinx/Vivado/2019.2/common/technology/xilinx/interface/maxi.hlp 
Execute               source C:/Xilinx/Vivado/2019.2/common/technology/xilinx/interface/saxilite.hlp 
Execute             source C:/Xilinx/Vivado/2019.2/common/technology/xilinx/common/dsp48.hlp 
Execute       source C:/Xilinx/Vivado/2019.2/common/technology/xilinx/zynquplus/zynquplus_fpv7.gen 
Execute         source C:/Xilinx/Vivado/2019.2/common/technology/xilinx/common/xilinx_fp.gen 
Execute     ap_part_info -name xczu3eg-sbva484-1-e -data info 
Execute     get_default_platform 
Command   set_part done; 0.406 sec.
Execute   create_clock -period 3 -name default 
Execute     config_clock -quiet -name default -period 3 -default=false 
INFO: [SYN 201-201] Setting up clock 'default' with a period of 3ns.
Execute   config_sdx -target none 
Execute     send_msg_by_id INFO @200-435@%s%s 'config_sdx -target' config_export -vivado_optimization_level=2 
INFO: [HLS 200-435] Setting 'config_sdx -target' configuration: config_export -vivado_optimization_level=2
Execute     config_export -vivado_optimization_level=2 
Execute       get_config_export -vivado_impl_strategy 
Execute       get_config_export -vivado_phys_opt 
Execute     get_config_compile -pipeline_loops 
Execute     get_config_compile -name_max_length 
Execute     get_config_schedule -enable_dsp_full_reg 
Execute     get_config_rtl -register_reset_num 
Execute     get_config_rtl -module_auto_prefix 
Execute     get_config_interface -m_axi_addr64 
Execute     send_msg_by_id INFO @200-435@%s%s 'config_sdx -target' set_clock_uncertainty default 
INFO: [HLS 200-435] Setting 'config_sdx -target' configuration: set_clock_uncertainty default
Execute     set_clock_uncertainty default 
Execute   config_export -format ip_catalog -rtl verilog -vivado_optimization_level 2 -vivado_phys_opt place -vivado_report_level 0 
Execute     get_config_export -vivado_impl_strategy 
Execute   set_clock_uncertainty 12.5% 
Execute   csynth_design 
Execute     get_config_compile -dump_cfg 
Execute     get_config_compile -effort 
Execute     get_config_compile -enable_clang39 
Execute     get_config_compile -g 
Execute     get_config_compile -ng 
Execute     get_config_compile -opt_fp 
Execute     get_config_compile -skip_cdt 
Execute     get_config_compile -skip_syncheck 
Execute     get_config_compile -skip_transform 
Execute     get_config_compile -keep_printf 
Execute     elaborate -effort=medium -skip_syncheck=0 -keep_printf=0 -skip_cdt=0 -skip_transform=0 -ng=0 -g=0 -opt_fp=0 -from_csynth_design=1 
Execute       get_config_schedule -relax_ii_for_timing 
INFO: [SCHED 204-61] Option 'relax_ii_for_timing' is enabled, will increase II to preserve clock frequency constraints.
Execute       get_config_schedule -suppress_dependence_error_break 
INFO: [HLS 200-10] Analyzing design file 'biconv.cc' ... 
INFO-FLOW: Compiling one TU...
Execute       is_m_axi_addr64 
INFO-FLOW: Handling biconv.cc as C++
Execute       ap_part_info -name xczu3eg-sbva484-1-e -data info 
Execute       is_encrypted biconv.cc 
Execute       ap_part_info -name xczu3eg-sbva484-1-e -data info 
INFO-FLOW: Running: GCC PP
INFO-FLOW: Source preprocessing
Execute       clang  -fno-limit-debug-info -gcc-toolchain "C:/Xilinx/Vivado/2019.2/msys" -hls  -fno-exceptions  -D__llvm__  -E "biconv.cc"     -fno-math-errno -c -emit-llvm -O0  -mllvm -disable-llvm-optzns -fno-threadsafe-statics  -fno-use-cxa-atexit  -fno-threadsafe-statics -fno-use-cxa-atexit -D__CLANG_3_1__ -D__cdecl= -DAESL_SYN -D__SYNTHESIS__ -D__HLS_SYN__ -I "C:/Xilinx/Vivado/2019.2/common/technology/autopilot" -I "C:/Xilinx/Vivado/2019.2/common/technology/autopilot/ap_sysc" -include etc/autopilot_ssdm_op.h -D__DSP48E2__  -o "C:/Users/Aperture/Git/ReActNetHLS_test_64_boo3/model/solution1/.autopilot/db/biconv.pp.0.cc" 
INFO-FLOW: exec C:/Xilinx/Vivado/2019.2/win64/tools/clang/bin/clang -fno-limit-debug-info -gcc-toolchain C:/Xilinx/Vivado/2019.2/msys -hls -fno-exceptions -D__llvm__ -E biconv.cc -fno-math-errno -c -emit-llvm -O0 -mllvm -disable-llvm-optzns -fno-threadsafe-statics -fno-use-cxa-atexit -fno-threadsafe-statics -fno-use-cxa-atexit -D__CLANG_3_1__ -D__cdecl= -DAESL_SYN -D__SYNTHESIS__ -D__HLS_SYN__ -I C:/Xilinx/Vivado/2019.2/common/technology/autopilot -I C:/Xilinx/Vivado/2019.2/common/technology/autopilot/ap_sysc -include etc/autopilot_ssdm_op.h -D__DSP48E2__ -o C:/Users/Aperture/Git/ReActNetHLS_test_64_boo3/model/solution1/.autopilot/db/biconv.pp.0.cc
Command       clang done; 1.999 sec.
Execute       tidy_31 xilinx-xfmat-array-geometry C:/Users/Aperture/Git/ReActNetHLS_test_64_boo3/model/solution1/.autopilot/db/biconv.pp.0.cc std=gnu++98 
INFO-FLOW: exec C:/Xilinx/Vivado/2019.2/win64/tools/clang-3.9-csynth/bin/tidy-3.1 -header-filter=.* -checks=-*,xilinx-xfmat-array-geometry -quiet -fix C:/Users/Aperture/Git/ReActNetHLS_test_64_boo3/model/solution1/.autopilot/db/biconv.pp.0.cc -- -std=gnu++98 -fhls -ferror-limit=0
Command       tidy_31 done; 2.138 sec.
INFO-FLOW: Syntax Checking before pre-processing...
Execute       clang -syntaxcheck -src C:/Users/Aperture/Git/ReActNetHLS_test_64_boo3/model/solution1/.autopilot/db/biconv.pp.0.cc  -fno-limit-debug-info -gcc-toolchain "C:/Xilinx/Vivado/2019.2/msys" -hls    -fno-math-errno -c -emit-llvm -O0  -mllvm -disable-llvm-optzns -fno-threadsafe-statics  -fno-use-cxa-atexit  -fno-threadsafe-statics -fno-use-cxa-atexit -D__CLANG_3_1__ -D__cdecl= -DAESL_SYN -D__SYNTHESIS__ -D__HLS_SYN__ -I "C:/Xilinx/Vivado/2019.2/common/technology/autopilot" -I "C:/Xilinx/Vivado/2019.2/common/technology/autopilot/ap_sysc" -include etc/autopilot_ssdm_op.h -D__DSP48E2__  "C:/Users/Aperture/Git/ReActNetHLS_test_64_boo3/model/solution1/.autopilot/db/biconv.pp.0.cc"  -o "C:/Users/Aperture/Git/ReActNetHLS_test_64_boo3/model/solution1/.autopilot/db/useless.bc"  
INFO-FLOW: exec C:/Xilinx/Vivado/2019.2/win64/tools/clang/bin/clang -fno-limit-debug-info -gcc-toolchain C:/Xilinx/Vivado/2019.2/msys -hls -fno-math-errno -c -emit-llvm -O0 -mllvm -disable-llvm-optzns -fno-threadsafe-statics -fno-use-cxa-atexit -fno-threadsafe-statics -fno-use-cxa-atexit -D__CLANG_3_1__ -D__cdecl= -DAESL_SYN -D__SYNTHESIS__ -D__HLS_SYN__ -I C:/Xilinx/Vivado/2019.2/common/technology/autopilot -I C:/Xilinx/Vivado/2019.2/common/technology/autopilot/ap_sysc -include etc/autopilot_ssdm_op.h -D__DSP48E2__ C:/Users/Aperture/Git/ReActNetHLS_test_64_boo3/model/solution1/.autopilot/db/biconv.pp.0.cc -o C:/Users/Aperture/Git/ReActNetHLS_test_64_boo3/model/solution1/.autopilot/db/useless.bc
Command       clang done; 2.702 sec.
INFO-FLOW: Done: GCC PP time: 6.8 seconds per iteration
Execute       source C:/Xilinx/Vivado/2019.2/tps/tcl/tcllib1.11.1/yaml/huddle.tcl 
Execute       source C:/Xilinx/Vivado/2019.2/tps/tcl/tcllib1.11.1/yaml/json2huddle.tcl 
Execute         source C:/Xilinx/Vivado/2019.2/tps/tcl/tcllib1.11.1/try/try.tcl 
Execute       list_core -type functional_unit 
Execute       tidy_31 xilinx-systemc-detector C:/Users/Aperture/Git/ReActNetHLS_test_64_boo3/model/solution1/.autopilot/db/biconv.pp.0.cc std=gnu++98 -directive=C:/Users/Aperture/Git/ReActNetHLS_test_64_boo3/model/solution1/.autopilot/db/.systemc_flag 
INFO-FLOW: exec C:/Xilinx/Vivado/2019.2/win64/tools/clang-3.9-csynth/bin/tidy-3.1 -header-filter=.* -checks=-*,xilinx-systemc-detector -import-directive=C:/Users/Aperture/Git/ReActNetHLS_test_64_boo3/model/solution1/.autopilot/db/.systemc_flag -quiet -fix-errors C:/Users/Aperture/Git/ReActNetHLS_test_64_boo3/model/solution1/.autopilot/db/biconv.pp.0.cc -- -std=gnu++98 -fhls -ferror-limit=0
Command       tidy_31 done; 1.635 sec.
INFO-FLOW: Running: tidy-3.1 CDT preprocess
Execute       tidy_31 xilinx-directive2pragma C:/Users/Aperture/Git/ReActNetHLS_test_64_boo3/model/solution1/.autopilot/db/biconv.pp.0.cc std=gnu++98 -directive=C:/Users/Aperture/Git/ReActNetHLS_test_64_boo3/model/solution1/.autopilot/db/all.directive.json 
INFO-FLOW: exec C:/Xilinx/Vivado/2019.2/win64/tools/clang-3.9-csynth/bin/tidy-3.1 -header-filter=.* -checks=-*,xilinx-directive2pragma -import-directive=C:/Users/Aperture/Git/ReActNetHLS_test_64_boo3/model/solution1/.autopilot/db/all.directive.json -quiet -fix-errors C:/Users/Aperture/Git/ReActNetHLS_test_64_boo3/model/solution1/.autopilot/db/biconv.pp.0.cc -- -std=gnu++98 -fhls -ferror-limit=0
Command       tidy_31 done; 1.357 sec.
Execute       get_config_dataflow -strict_mode 
Execute       ap_eval exec -ignorestderr C:/Xilinx/Vivado/2019.2/win64/tools/clang-3.9-csynth/bin/xilinx-dataflow-lawyer -export-fixes=C:/Users/Aperture/Git/ReActNetHLS_test_64_boo3/model/solution1/.autopilot/db/xilinx-dataflow-lawyer.biconv.pp.0.cc.diag.yml C:/Users/Aperture/Git/ReActNetHLS_test_64_boo3/model/solution1/.autopilot/db/biconv.pp.0.cc -- -std=gnu++98 -fhls -ferror-limit=0 -fstrict-dataflow > C:/Users/Aperture/Git/ReActNetHLS_test_64_boo3/model/solution1/.autopilot/db/xilinx-dataflow-lawyer.biconv.pp.0.cc.out.log 2> C:/Users/Aperture/Git/ReActNetHLS_test_64_boo3/model/solution1/.autopilot/db/xilinx-dataflow-lawyer.biconv.pp.0.cc.err.log 
Command       ap_eval done; 1.218 sec.
Execute       tidy_31 -errorcheck xilinx-constantarray-param,xilinx-resource-pragma-transformer,xilinx-xfmat-array-geometry C:/Users/Aperture/Git/ReActNetHLS_test_64_boo3/model/solution1/.autopilot/db/biconv.pp.0.cc std=gnu++98 
Execute         ap_eval exec -ignorestderr C:/Xilinx/Vivado/2019.2/win64/tools/clang-3.9-csynth/bin/tidy-3.1 -export-fixes=C:/Users/Aperture/Git/ReActNetHLS_test_64_boo3/model/solution1/.autopilot/db/tidy-3.1.biconv.pp.0.cc.diag.yml -header-filter=.* -checks=-*,xilinx-constantarray-param,xilinx-resource-pragma-transformer,xilinx-xfmat-array-geometry -quiet -fix-errors C:/Users/Aperture/Git/ReActNetHLS_test_64_boo3/model/solution1/.autopilot/db/biconv.pp.0.cc -- -std=gnu++98 -fhls -ferror-limit=0 > C:/Users/Aperture/Git/ReActNetHLS_test_64_boo3/model/solution1/.autopilot/db/tidy-3.1.biconv.pp.0.cc.out.log 2> C:/Users/Aperture/Git/ReActNetHLS_test_64_boo3/model/solution1/.autopilot/db/tidy-3.1.biconv.pp.0.cc.err.log 
Command         ap_eval done; 2.59 sec.
Execute         source C:/Xilinx/Vivado/2019.2/tps/tcl/tcllib1.11.1/yaml/yaml.tcl 
Execute           source C:/Xilinx/Vivado/2019.2/tps/tcl/tcllib1.11.1/cmdline/cmdline.tcl 
Execute         ap_eval exec -ignorestderr C:/Xilinx/Vivado/2019.2/win64/tools/clang-3.9-csynth/bin/xilinx-legacy-rewriter C:/Users/Aperture/Git/ReActNetHLS_test_64_boo3/model/solution1/.autopilot/db/biconv.pp.0.cc -- -std=gnu++98 -fhls -ferror-limit=0 > C:/Users/Aperture/Git/ReActNetHLS_test_64_boo3/model/solution1/.autopilot/db/xilinx-legacy-rewriter.biconv.pp.0.cc.out.log 2> C:/Users/Aperture/Git/ReActNetHLS_test_64_boo3/model/solution1/.autopilot/db/xilinx-legacy-rewriter.biconv.pp.0.cc.err.log 
Command         ap_eval done; 0.829 sec.
Command       tidy_31 done; 3.478 sec.
INFO-FLOW: Done: tidy-3.1 CDT preprocess time: 6.1 seconds per iteration
INFO-FLOW: Pragma Handling...
Execute       tidy_31 xilinx-ssdm-intrinsics-arguments C:/Users/Aperture/Git/ReActNetHLS_test_64_boo3/model/solution1/.autopilot/db/biconv.pragma.1.cc std=gnu++98 
INFO-FLOW: exec C:/Xilinx/Vivado/2019.2/win64/tools/clang-3.9-csynth/bin/tidy-3.1 -header-filter=.* -checks=-*,xilinx-ssdm-intrinsics-arguments -quiet -fix-errors C:/Users/Aperture/Git/ReActNetHLS_test_64_boo3/model/solution1/.autopilot/db/biconv.pragma.1.cc -- -std=gnu++98 -fhls -ferror-limit=0
Command       tidy_31 done; 2.251 sec.
Execute       ap_part_info -name xczu3eg-sbva484-1-e -data info 
INFO-FLOW: Processing labels
Execute       clang -src C:/Users/Aperture/Git/ReActNetHLS_test_64_boo3/model/solution1/.autopilot/db/biconv.pragma.2.cc  -fno-limit-debug-info -gcc-toolchain C:/Xilinx/Vivado/2019.2/msys -hls -hls-analyze-label -hls-analyze-pragma -fno-exceptions  -D__llvm__  -w  "C:/Users/Aperture/Git/ReActNetHLS_test_64_boo3/model/solution1/.autopilot/db/biconv.pragma.2.cc"    -fno-math-errno -c -emit-llvm -O0  -mllvm -disable-llvm-optzns -fno-threadsafe-statics  -fno-use-cxa-atexit -DAESL_SYN -D__SYNTHESIS__ -D__HLS_SYN__ -I "C:/Xilinx/Vivado/2019.2/common/technology/autopilot" -I "C:/Xilinx/Vivado/2019.2/common/technology/autopilot/ap_sysc" -include etc/autopilot_ssdm_op.h -D__DSP48E2__ -g -o "C:/Users/Aperture/Git/ReActNetHLS_test_64_boo3/model/solution1/.autopilot/db/biconv.bc" 
INFO-FLOW: exec C:/Xilinx/Vivado/2019.2/win64/tools/clang/bin/clang -fno-limit-debug-info -gcc-toolchain C:/Xilinx/Vivado/2019.2/msys -hls -hls-analyze-label -hls-analyze-pragma -fno-exceptions -D__llvm__ -w C:/Users/Aperture/Git/ReActNetHLS_test_64_boo3/model/solution1/.autopilot/db/biconv.pragma.2.cc -fno-math-errno -c -emit-llvm -O0 -mllvm -disable-llvm-optzns -fno-threadsafe-statics -fno-use-cxa-atexit -DAESL_SYN -D__SYNTHESIS__ -D__HLS_SYN__ -I C:/Xilinx/Vivado/2019.2/common/technology/autopilot -I C:/Xilinx/Vivado/2019.2/common/technology/autopilot/ap_sysc -include etc/autopilot_ssdm_op.h -D__DSP48E2__ -g -o C:/Users/Aperture/Git/ReActNetHLS_test_64_boo3/model/solution1/.autopilot/db/biconv.bc
Command       clang done; 2.676 sec.
INFO: [HLS 200-10] Analyzing design file 'matmul.cc' ... 
INFO-FLOW: Compiling one TU...
Execute       is_m_axi_addr64 
INFO-FLOW: Handling matmul.cc as C++
Execute       ap_part_info -name xczu3eg-sbva484-1-e -data info 
Execute       is_encrypted matmul.cc 
Execute       ap_part_info -name xczu3eg-sbva484-1-e -data info 
INFO-FLOW: Running: GCC PP
INFO-FLOW: Source preprocessing
Execute       clang  -fno-limit-debug-info -gcc-toolchain "C:/Xilinx/Vivado/2019.2/msys" -hls  -fno-exceptions  -D__llvm__  -E "matmul.cc"     -fno-math-errno -c -emit-llvm -O0  -mllvm -disable-llvm-optzns -fno-threadsafe-statics  -fno-use-cxa-atexit  -fno-threadsafe-statics -fno-use-cxa-atexit -D__CLANG_3_1__ -D__cdecl= -DAESL_SYN -D__SYNTHESIS__ -D__HLS_SYN__ -I "C:/Xilinx/Vivado/2019.2/common/technology/autopilot" -I "C:/Xilinx/Vivado/2019.2/common/technology/autopilot/ap_sysc" -include etc/autopilot_ssdm_op.h -D__DSP48E2__  -o "C:/Users/Aperture/Git/ReActNetHLS_test_64_boo3/model/solution1/.autopilot/db/matmul.pp.0.cc" 
INFO-FLOW: exec C:/Xilinx/Vivado/2019.2/win64/tools/clang/bin/clang -fno-limit-debug-info -gcc-toolchain C:/Xilinx/Vivado/2019.2/msys -hls -fno-exceptions -D__llvm__ -E matmul.cc -fno-math-errno -c -emit-llvm -O0 -mllvm -disable-llvm-optzns -fno-threadsafe-statics -fno-use-cxa-atexit -fno-threadsafe-statics -fno-use-cxa-atexit -D__CLANG_3_1__ -D__cdecl= -DAESL_SYN -D__SYNTHESIS__ -D__HLS_SYN__ -I C:/Xilinx/Vivado/2019.2/common/technology/autopilot -I C:/Xilinx/Vivado/2019.2/common/technology/autopilot/ap_sysc -include etc/autopilot_ssdm_op.h -D__DSP48E2__ -o C:/Users/Aperture/Git/ReActNetHLS_test_64_boo3/model/solution1/.autopilot/db/matmul.pp.0.cc
Command       clang done; 1.374 sec.
Execute       tidy_31 xilinx-xfmat-array-geometry C:/Users/Aperture/Git/ReActNetHLS_test_64_boo3/model/solution1/.autopilot/db/matmul.pp.0.cc std=gnu++98 
INFO-FLOW: exec C:/Xilinx/Vivado/2019.2/win64/tools/clang-3.9-csynth/bin/tidy-3.1 -header-filter=.* -checks=-*,xilinx-xfmat-array-geometry -quiet -fix C:/Users/Aperture/Git/ReActNetHLS_test_64_boo3/model/solution1/.autopilot/db/matmul.pp.0.cc -- -std=gnu++98 -fhls -ferror-limit=0
Command       tidy_31 done; 1.131 sec.
INFO-FLOW: Syntax Checking before pre-processing...
Execute       clang -syntaxcheck -src C:/Users/Aperture/Git/ReActNetHLS_test_64_boo3/model/solution1/.autopilot/db/matmul.pp.0.cc  -fno-limit-debug-info -gcc-toolchain "C:/Xilinx/Vivado/2019.2/msys" -hls    -fno-math-errno -c -emit-llvm -O0  -mllvm -disable-llvm-optzns -fno-threadsafe-statics  -fno-use-cxa-atexit  -fno-threadsafe-statics -fno-use-cxa-atexit -D__CLANG_3_1__ -D__cdecl= -DAESL_SYN -D__SYNTHESIS__ -D__HLS_SYN__ -I "C:/Xilinx/Vivado/2019.2/common/technology/autopilot" -I "C:/Xilinx/Vivado/2019.2/common/technology/autopilot/ap_sysc" -include etc/autopilot_ssdm_op.h -D__DSP48E2__  "C:/Users/Aperture/Git/ReActNetHLS_test_64_boo3/model/solution1/.autopilot/db/matmul.pp.0.cc"  -o "C:/Users/Aperture/Git/ReActNetHLS_test_64_boo3/model/solution1/.autopilot/db/useless.bc"  
INFO-FLOW: exec C:/Xilinx/Vivado/2019.2/win64/tools/clang/bin/clang -fno-limit-debug-info -gcc-toolchain C:/Xilinx/Vivado/2019.2/msys -hls -fno-math-errno -c -emit-llvm -O0 -mllvm -disable-llvm-optzns -fno-threadsafe-statics -fno-use-cxa-atexit -fno-threadsafe-statics -fno-use-cxa-atexit -D__CLANG_3_1__ -D__cdecl= -DAESL_SYN -D__SYNTHESIS__ -D__HLS_SYN__ -I C:/Xilinx/Vivado/2019.2/common/technology/autopilot -I C:/Xilinx/Vivado/2019.2/common/technology/autopilot/ap_sysc -include etc/autopilot_ssdm_op.h -D__DSP48E2__ C:/Users/Aperture/Git/ReActNetHLS_test_64_boo3/model/solution1/.autopilot/db/matmul.pp.0.cc -o C:/Users/Aperture/Git/ReActNetHLS_test_64_boo3/model/solution1/.autopilot/db/useless.bc
Command       clang done; 2.568 sec.
INFO-FLOW: Done: GCC PP time: 5.1 seconds per iteration
Execute       list_core -type functional_unit 
Execute       tidy_31 xilinx-systemc-detector C:/Users/Aperture/Git/ReActNetHLS_test_64_boo3/model/solution1/.autopilot/db/matmul.pp.0.cc std=gnu++98 -directive=C:/Users/Aperture/Git/ReActNetHLS_test_64_boo3/model/solution1/.autopilot/db/.systemc_flag 
INFO-FLOW: exec C:/Xilinx/Vivado/2019.2/win64/tools/clang-3.9-csynth/bin/tidy-3.1 -header-filter=.* -checks=-*,xilinx-systemc-detector -import-directive=C:/Users/Aperture/Git/ReActNetHLS_test_64_boo3/model/solution1/.autopilot/db/.systemc_flag -quiet -fix-errors C:/Users/Aperture/Git/ReActNetHLS_test_64_boo3/model/solution1/.autopilot/db/matmul.pp.0.cc -- -std=gnu++98 -fhls -ferror-limit=0
Command       tidy_31 done; 1.42 sec.
INFO-FLOW: Running: tidy-3.1 CDT preprocess
Execute       tidy_31 xilinx-directive2pragma C:/Users/Aperture/Git/ReActNetHLS_test_64_boo3/model/solution1/.autopilot/db/matmul.pp.0.cc std=gnu++98 -directive=C:/Users/Aperture/Git/ReActNetHLS_test_64_boo3/model/solution1/.autopilot/db/all.directive.json 
INFO-FLOW: exec C:/Xilinx/Vivado/2019.2/win64/tools/clang-3.9-csynth/bin/tidy-3.1 -header-filter=.* -checks=-*,xilinx-directive2pragma -import-directive=C:/Users/Aperture/Git/ReActNetHLS_test_64_boo3/model/solution1/.autopilot/db/all.directive.json -quiet -fix-errors C:/Users/Aperture/Git/ReActNetHLS_test_64_boo3/model/solution1/.autopilot/db/matmul.pp.0.cc -- -std=gnu++98 -fhls -ferror-limit=0
Command       tidy_31 done; 1.026 sec.
Execute       get_config_dataflow -strict_mode 
Execute       ap_eval exec -ignorestderr C:/Xilinx/Vivado/2019.2/win64/tools/clang-3.9-csynth/bin/xilinx-dataflow-lawyer -export-fixes=C:/Users/Aperture/Git/ReActNetHLS_test_64_boo3/model/solution1/.autopilot/db/xilinx-dataflow-lawyer.matmul.pp.0.cc.diag.yml C:/Users/Aperture/Git/ReActNetHLS_test_64_boo3/model/solution1/.autopilot/db/matmul.pp.0.cc -- -std=gnu++98 -fhls -ferror-limit=0 -fstrict-dataflow > C:/Users/Aperture/Git/ReActNetHLS_test_64_boo3/model/solution1/.autopilot/db/xilinx-dataflow-lawyer.matmul.pp.0.cc.out.log 2> C:/Users/Aperture/Git/ReActNetHLS_test_64_boo3/model/solution1/.autopilot/db/xilinx-dataflow-lawyer.matmul.pp.0.cc.err.log 
Command       ap_eval done; 1.113 sec.
Execute       tidy_31 -errorcheck xilinx-constantarray-param,xilinx-resource-pragma-transformer,xilinx-xfmat-array-geometry C:/Users/Aperture/Git/ReActNetHLS_test_64_boo3/model/solution1/.autopilot/db/matmul.pp.0.cc std=gnu++98 
Execute         ap_eval exec -ignorestderr C:/Xilinx/Vivado/2019.2/win64/tools/clang-3.9-csynth/bin/tidy-3.1 -export-fixes=C:/Users/Aperture/Git/ReActNetHLS_test_64_boo3/model/solution1/.autopilot/db/tidy-3.1.matmul.pp.0.cc.diag.yml -header-filter=.* -checks=-*,xilinx-constantarray-param,xilinx-resource-pragma-transformer,xilinx-xfmat-array-geometry -quiet -fix-errors C:/Users/Aperture/Git/ReActNetHLS_test_64_boo3/model/solution1/.autopilot/db/matmul.pp.0.cc -- -std=gnu++98 -fhls -ferror-limit=0 > C:/Users/Aperture/Git/ReActNetHLS_test_64_boo3/model/solution1/.autopilot/db/tidy-3.1.matmul.pp.0.cc.out.log 2> C:/Users/Aperture/Git/ReActNetHLS_test_64_boo3/model/solution1/.autopilot/db/tidy-3.1.matmul.pp.0.cc.err.log 
Command         ap_eval done; 2.18 sec.
Execute         ap_eval exec -ignorestderr C:/Xilinx/Vivado/2019.2/win64/tools/clang-3.9-csynth/bin/xilinx-legacy-rewriter C:/Users/Aperture/Git/ReActNetHLS_test_64_boo3/model/solution1/.autopilot/db/matmul.pp.0.cc -- -std=gnu++98 -fhls -ferror-limit=0 > C:/Users/Aperture/Git/ReActNetHLS_test_64_boo3/model/solution1/.autopilot/db/xilinx-legacy-rewriter.matmul.pp.0.cc.out.log 2> C:/Users/Aperture/Git/ReActNetHLS_test_64_boo3/model/solution1/.autopilot/db/xilinx-legacy-rewriter.matmul.pp.0.cc.err.log 
Command         ap_eval done; 0.527 sec.
Command       tidy_31 done; 2.729 sec.
INFO-FLOW: Done: tidy-3.1 CDT preprocess time: 4.9 seconds per iteration
INFO-FLOW: Pragma Handling...
Execute       tidy_31 xilinx-ssdm-intrinsics-arguments C:/Users/Aperture/Git/ReActNetHLS_test_64_boo3/model/solution1/.autopilot/db/matmul.pragma.1.cc std=gnu++98 
INFO-FLOW: exec C:/Xilinx/Vivado/2019.2/win64/tools/clang-3.9-csynth/bin/tidy-3.1 -header-filter=.* -checks=-*,xilinx-ssdm-intrinsics-arguments -quiet -fix-errors C:/Users/Aperture/Git/ReActNetHLS_test_64_boo3/model/solution1/.autopilot/db/matmul.pragma.1.cc -- -std=gnu++98 -fhls -ferror-limit=0
Command       tidy_31 done; 1.993 sec.
Execute       ap_part_info -name xczu3eg-sbva484-1-e -data info 
INFO-FLOW: Processing labels
Execute       clang -src C:/Users/Aperture/Git/ReActNetHLS_test_64_boo3/model/solution1/.autopilot/db/matmul.pragma.2.cc  -fno-limit-debug-info -gcc-toolchain C:/Xilinx/Vivado/2019.2/msys -hls -hls-analyze-label -hls-analyze-pragma -fno-exceptions  -D__llvm__  -w  "C:/Users/Aperture/Git/ReActNetHLS_test_64_boo3/model/solution1/.autopilot/db/matmul.pragma.2.cc"    -fno-math-errno -c -emit-llvm -O0  -mllvm -disable-llvm-optzns -fno-threadsafe-statics  -fno-use-cxa-atexit -DAESL_SYN -D__SYNTHESIS__ -D__HLS_SYN__ -I "C:/Xilinx/Vivado/2019.2/common/technology/autopilot" -I "C:/Xilinx/Vivado/2019.2/common/technology/autopilot/ap_sysc" -include etc/autopilot_ssdm_op.h -D__DSP48E2__ -g -o "C:/Users/Aperture/Git/ReActNetHLS_test_64_boo3/model/solution1/.autopilot/db/matmul.bc" 
INFO-FLOW: exec C:/Xilinx/Vivado/2019.2/win64/tools/clang/bin/clang -fno-limit-debug-info -gcc-toolchain C:/Xilinx/Vivado/2019.2/msys -hls -hls-analyze-label -hls-analyze-pragma -fno-exceptions -D__llvm__ -w C:/Users/Aperture/Git/ReActNetHLS_test_64_boo3/model/solution1/.autopilot/db/matmul.pragma.2.cc -fno-math-errno -c -emit-llvm -O0 -mllvm -disable-llvm-optzns -fno-threadsafe-statics -fno-use-cxa-atexit -DAESL_SYN -D__SYNTHESIS__ -D__HLS_SYN__ -I C:/Xilinx/Vivado/2019.2/common/technology/autopilot -I C:/Xilinx/Vivado/2019.2/common/technology/autopilot/ap_sysc -include etc/autopilot_ssdm_op.h -D__DSP48E2__ -g -o C:/Users/Aperture/Git/ReActNetHLS_test_64_boo3/model/solution1/.autopilot/db/matmul.bc
Command       clang done; 2.241 sec.
INFO: [HLS 200-10] Analyzing design file 'net_hls.cc' ... 
INFO-FLOW: Compiling one TU...
Execute       is_m_axi_addr64 
INFO-FLOW: Handling net_hls.cc as C++
Execute       ap_part_info -name xczu3eg-sbva484-1-e -data info 
Execute       is_encrypted net_hls.cc 
Execute       ap_part_info -name xczu3eg-sbva484-1-e -data info 
INFO-FLOW: Running: GCC PP
INFO-FLOW: Source preprocessing
Execute       clang  -fno-limit-debug-info -gcc-toolchain "C:/Xilinx/Vivado/2019.2/msys" -hls  -fno-exceptions  -D__llvm__  -E "net_hls.cc"     -fno-math-errno -c -emit-llvm -O0  -mllvm -disable-llvm-optzns -fno-threadsafe-statics  -fno-use-cxa-atexit  -fno-threadsafe-statics -fno-use-cxa-atexit -D__CLANG_3_1__ -D__cdecl= -DAESL_SYN -D__SYNTHESIS__ -D__HLS_SYN__ -I "C:/Xilinx/Vivado/2019.2/common/technology/autopilot" -I "C:/Xilinx/Vivado/2019.2/common/technology/autopilot/ap_sysc" -include etc/autopilot_ssdm_op.h -D__DSP48E2__  -o "C:/Users/Aperture/Git/ReActNetHLS_test_64_boo3/model/solution1/.autopilot/db/net_hls.pp.0.cc" 
INFO-FLOW: exec C:/Xilinx/Vivado/2019.2/win64/tools/clang/bin/clang -fno-limit-debug-info -gcc-toolchain C:/Xilinx/Vivado/2019.2/msys -hls -fno-exceptions -D__llvm__ -E net_hls.cc -fno-math-errno -c -emit-llvm -O0 -mllvm -disable-llvm-optzns -fno-threadsafe-statics -fno-use-cxa-atexit -fno-threadsafe-statics -fno-use-cxa-atexit -D__CLANG_3_1__ -D__cdecl= -DAESL_SYN -D__SYNTHESIS__ -D__HLS_SYN__ -I C:/Xilinx/Vivado/2019.2/common/technology/autopilot -I C:/Xilinx/Vivado/2019.2/common/technology/autopilot/ap_sysc -include etc/autopilot_ssdm_op.h -D__DSP48E2__ -o C:/Users/Aperture/Git/ReActNetHLS_test_64_boo3/model/solution1/.autopilot/db/net_hls.pp.0.cc
Command       clang done; 1.883 sec.
Execute       tidy_31 xilinx-xfmat-array-geometry C:/Users/Aperture/Git/ReActNetHLS_test_64_boo3/model/solution1/.autopilot/db/net_hls.pp.0.cc std=gnu++98 
INFO-FLOW: exec C:/Xilinx/Vivado/2019.2/win64/tools/clang-3.9-csynth/bin/tidy-3.1 -header-filter=.* -checks=-*,xilinx-xfmat-array-geometry -quiet -fix C:/Users/Aperture/Git/ReActNetHLS_test_64_boo3/model/solution1/.autopilot/db/net_hls.pp.0.cc -- -std=gnu++98 -fhls -ferror-limit=0
Command       tidy_31 done; 2.404 sec.
INFO-FLOW: Syntax Checking before pre-processing...
Execute       clang -syntaxcheck -src C:/Users/Aperture/Git/ReActNetHLS_test_64_boo3/model/solution1/.autopilot/db/net_hls.pp.0.cc  -fno-limit-debug-info -gcc-toolchain "C:/Xilinx/Vivado/2019.2/msys" -hls    -fno-math-errno -c -emit-llvm -O0  -mllvm -disable-llvm-optzns -fno-threadsafe-statics  -fno-use-cxa-atexit  -fno-threadsafe-statics -fno-use-cxa-atexit -D__CLANG_3_1__ -D__cdecl= -DAESL_SYN -D__SYNTHESIS__ -D__HLS_SYN__ -I "C:/Xilinx/Vivado/2019.2/common/technology/autopilot" -I "C:/Xilinx/Vivado/2019.2/common/technology/autopilot/ap_sysc" -include etc/autopilot_ssdm_op.h -D__DSP48E2__  "C:/Users/Aperture/Git/ReActNetHLS_test_64_boo3/model/solution1/.autopilot/db/net_hls.pp.0.cc"  -o "C:/Users/Aperture/Git/ReActNetHLS_test_64_boo3/model/solution1/.autopilot/db/useless.bc"  
INFO-FLOW: exec C:/Xilinx/Vivado/2019.2/win64/tools/clang/bin/clang -fno-limit-debug-info -gcc-toolchain C:/Xilinx/Vivado/2019.2/msys -hls -fno-math-errno -c -emit-llvm -O0 -mllvm -disable-llvm-optzns -fno-threadsafe-statics -fno-use-cxa-atexit -fno-threadsafe-statics -fno-use-cxa-atexit -D__CLANG_3_1__ -D__cdecl= -DAESL_SYN -D__SYNTHESIS__ -D__HLS_SYN__ -I C:/Xilinx/Vivado/2019.2/common/technology/autopilot -I C:/Xilinx/Vivado/2019.2/common/technology/autopilot/ap_sysc -include etc/autopilot_ssdm_op.h -D__DSP48E2__ C:/Users/Aperture/Git/ReActNetHLS_test_64_boo3/model/solution1/.autopilot/db/net_hls.pp.0.cc -o C:/Users/Aperture/Git/ReActNetHLS_test_64_boo3/model/solution1/.autopilot/db/useless.bc
Command       clang done; 5.429 sec.
INFO-FLOW: Done: GCC PP time: 9.7 seconds per iteration
Execute       list_core -type functional_unit 
Execute       tidy_31 xilinx-systemc-detector C:/Users/Aperture/Git/ReActNetHLS_test_64_boo3/model/solution1/.autopilot/db/net_hls.pp.0.cc std=gnu++98 -directive=C:/Users/Aperture/Git/ReActNetHLS_test_64_boo3/model/solution1/.autopilot/db/.systemc_flag 
INFO-FLOW: exec C:/Xilinx/Vivado/2019.2/win64/tools/clang-3.9-csynth/bin/tidy-3.1 -header-filter=.* -checks=-*,xilinx-systemc-detector -import-directive=C:/Users/Aperture/Git/ReActNetHLS_test_64_boo3/model/solution1/.autopilot/db/.systemc_flag -quiet -fix-errors C:/Users/Aperture/Git/ReActNetHLS_test_64_boo3/model/solution1/.autopilot/db/net_hls.pp.0.cc -- -std=gnu++98 -fhls -ferror-limit=0
Command       tidy_31 done; 3.975 sec.
INFO-FLOW: Running: tidy-3.1 CDT preprocess
Execute       tidy_31 xilinx-directive2pragma C:/Users/Aperture/Git/ReActNetHLS_test_64_boo3/model/solution1/.autopilot/db/net_hls.pp.0.cc std=gnu++98 -directive=C:/Users/Aperture/Git/ReActNetHLS_test_64_boo3/model/solution1/.autopilot/db/all.directive.json 
INFO-FLOW: exec C:/Xilinx/Vivado/2019.2/win64/tools/clang-3.9-csynth/bin/tidy-3.1 -header-filter=.* -checks=-*,xilinx-directive2pragma -import-directive=C:/Users/Aperture/Git/ReActNetHLS_test_64_boo3/model/solution1/.autopilot/db/all.directive.json -quiet -fix-errors C:/Users/Aperture/Git/ReActNetHLS_test_64_boo3/model/solution1/.autopilot/db/net_hls.pp.0.cc -- -std=gnu++98 -fhls -ferror-limit=0
Command       tidy_31 done; 2.892 sec.
Execute       get_config_dataflow -strict_mode 
Execute       ap_eval exec -ignorestderr C:/Xilinx/Vivado/2019.2/win64/tools/clang-3.9-csynth/bin/xilinx-dataflow-lawyer -export-fixes=C:/Users/Aperture/Git/ReActNetHLS_test_64_boo3/model/solution1/.autopilot/db/xilinx-dataflow-lawyer.net_hls.pp.0.cc.diag.yml C:/Users/Aperture/Git/ReActNetHLS_test_64_boo3/model/solution1/.autopilot/db/net_hls.pp.0.cc -- -std=gnu++98 -fhls -ferror-limit=0 -fstrict-dataflow > C:/Users/Aperture/Git/ReActNetHLS_test_64_boo3/model/solution1/.autopilot/db/xilinx-dataflow-lawyer.net_hls.pp.0.cc.out.log 2> C:/Users/Aperture/Git/ReActNetHLS_test_64_boo3/model/solution1/.autopilot/db/xilinx-dataflow-lawyer.net_hls.pp.0.cc.err.log 
Command       ap_eval done; 2.68 sec.
Execute       tidy_31 -errorcheck xilinx-constantarray-param,xilinx-resource-pragma-transformer,xilinx-xfmat-array-geometry C:/Users/Aperture/Git/ReActNetHLS_test_64_boo3/model/solution1/.autopilot/db/net_hls.pp.0.cc std=gnu++98 
Execute         ap_eval exec -ignorestderr C:/Xilinx/Vivado/2019.2/win64/tools/clang-3.9-csynth/bin/tidy-3.1 -export-fixes=C:/Users/Aperture/Git/ReActNetHLS_test_64_boo3/model/solution1/.autopilot/db/tidy-3.1.net_hls.pp.0.cc.diag.yml -header-filter=.* -checks=-*,xilinx-constantarray-param,xilinx-resource-pragma-transformer,xilinx-xfmat-array-geometry -quiet -fix-errors C:/Users/Aperture/Git/ReActNetHLS_test_64_boo3/model/solution1/.autopilot/db/net_hls.pp.0.cc -- -std=gnu++98 -fhls -ferror-limit=0 > C:/Users/Aperture/Git/ReActNetHLS_test_64_boo3/model/solution1/.autopilot/db/tidy-3.1.net_hls.pp.0.cc.out.log 2> C:/Users/Aperture/Git/ReActNetHLS_test_64_boo3/model/solution1/.autopilot/db/tidy-3.1.net_hls.pp.0.cc.err.log 
Command         ap_eval done; 4.833 sec.
Execute         ap_eval exec -ignorestderr C:/Xilinx/Vivado/2019.2/win64/tools/clang-3.9-csynth/bin/xilinx-legacy-rewriter C:/Users/Aperture/Git/ReActNetHLS_test_64_boo3/model/solution1/.autopilot/db/net_hls.pp.0.cc -- -std=gnu++98 -fhls -ferror-limit=0 > C:/Users/Aperture/Git/ReActNetHLS_test_64_boo3/model/solution1/.autopilot/db/xilinx-legacy-rewriter.net_hls.pp.0.cc.out.log 2> C:/Users/Aperture/Git/ReActNetHLS_test_64_boo3/model/solution1/.autopilot/db/xilinx-legacy-rewriter.net_hls.pp.0.cc.err.log 
Command         ap_eval done; 1.777 sec.
Command       tidy_31 done; 6.739 sec.
INFO-FLOW: Done: tidy-3.1 CDT preprocess time: 12.3 seconds per iteration
INFO-FLOW: Pragma Handling...
Execute       tidy_31 xilinx-ssdm-intrinsics-arguments C:/Users/Aperture/Git/ReActNetHLS_test_64_boo3/model/solution1/.autopilot/db/net_hls.pragma.1.cc std=gnu++98 
INFO-FLOW: exec C:/Xilinx/Vivado/2019.2/win64/tools/clang-3.9-csynth/bin/tidy-3.1 -header-filter=.* -checks=-*,xilinx-ssdm-intrinsics-arguments -quiet -fix-errors C:/Users/Aperture/Git/ReActNetHLS_test_64_boo3/model/solution1/.autopilot/db/net_hls.pragma.1.cc -- -std=gnu++98 -fhls -ferror-limit=0
Command       tidy_31 done; 5.571 sec.
Execute       ap_part_info -name xczu3eg-sbva484-1-e -data info 
INFO-FLOW: Processing labels
Execute       clang -src C:/Users/Aperture/Git/ReActNetHLS_test_64_boo3/model/solution1/.autopilot/db/net_hls.pragma.2.cc  -fno-limit-debug-info -gcc-toolchain C:/Xilinx/Vivado/2019.2/msys -hls -hls-analyze-label -hls-analyze-pragma -fno-exceptions  -D__llvm__  -w  "C:/Users/Aperture/Git/ReActNetHLS_test_64_boo3/model/solution1/.autopilot/db/net_hls.pragma.2.cc"    -fno-math-errno -c -emit-llvm -O0  -mllvm -disable-llvm-optzns -fno-threadsafe-statics  -fno-use-cxa-atexit -DAESL_SYN -D__SYNTHESIS__ -D__HLS_SYN__ -I "C:/Xilinx/Vivado/2019.2/common/technology/autopilot" -I "C:/Xilinx/Vivado/2019.2/common/technology/autopilot/ap_sysc" -include etc/autopilot_ssdm_op.h -D__DSP48E2__ -g -o "C:/Users/Aperture/Git/ReActNetHLS_test_64_boo3/model/solution1/.autopilot/db/net_hls.bc" 
INFO-FLOW: exec C:/Xilinx/Vivado/2019.2/win64/tools/clang/bin/clang -fno-limit-debug-info -gcc-toolchain C:/Xilinx/Vivado/2019.2/msys -hls -hls-analyze-label -hls-analyze-pragma -fno-exceptions -D__llvm__ -w C:/Users/Aperture/Git/ReActNetHLS_test_64_boo3/model/solution1/.autopilot/db/net_hls.pragma.2.cc -fno-math-errno -c -emit-llvm -O0 -mllvm -disable-llvm-optzns -fno-threadsafe-statics -fno-use-cxa-atexit -DAESL_SYN -D__SYNTHESIS__ -D__HLS_SYN__ -I C:/Xilinx/Vivado/2019.2/common/technology/autopilot -I C:/Xilinx/Vivado/2019.2/common/technology/autopilot/ap_sysc -include etc/autopilot_ssdm_op.h -D__DSP48E2__ -g -o C:/Users/Aperture/Git/ReActNetHLS_test_64_boo3/model/solution1/.autopilot/db/net_hls.bc
Command       clang done; 6.382 sec.
INFO: [HLS 200-10] Analyzing design file 'pgconv.cc' ... 
INFO-FLOW: Compiling one TU...
Execute       is_m_axi_addr64 
INFO-FLOW: Handling pgconv.cc as C++
Execute       ap_part_info -name xczu3eg-sbva484-1-e -data info 
Execute       is_encrypted pgconv.cc 
Execute       ap_part_info -name xczu3eg-sbva484-1-e -data info 
INFO-FLOW: Running: GCC PP
INFO-FLOW: Source preprocessing
Execute       clang  -fno-limit-debug-info -gcc-toolchain "C:/Xilinx/Vivado/2019.2/msys" -hls  -fno-exceptions  -D__llvm__  -E "pgconv.cc"     -fno-math-errno -c -emit-llvm -O0  -mllvm -disable-llvm-optzns -fno-threadsafe-statics  -fno-use-cxa-atexit  -fno-threadsafe-statics -fno-use-cxa-atexit -D__CLANG_3_1__ -D__cdecl= -DAESL_SYN -D__SYNTHESIS__ -D__HLS_SYN__ -I "C:/Xilinx/Vivado/2019.2/common/technology/autopilot" -I "C:/Xilinx/Vivado/2019.2/common/technology/autopilot/ap_sysc" -include etc/autopilot_ssdm_op.h -D__DSP48E2__  -o "C:/Users/Aperture/Git/ReActNetHLS_test_64_boo3/model/solution1/.autopilot/db/pgconv.pp.0.cc" 
INFO-FLOW: exec C:/Xilinx/Vivado/2019.2/win64/tools/clang/bin/clang -fno-limit-debug-info -gcc-toolchain C:/Xilinx/Vivado/2019.2/msys -hls -fno-exceptions -D__llvm__ -E pgconv.cc -fno-math-errno -c -emit-llvm -O0 -mllvm -disable-llvm-optzns -fno-threadsafe-statics -fno-use-cxa-atexit -fno-threadsafe-statics -fno-use-cxa-atexit -D__CLANG_3_1__ -D__cdecl= -DAESL_SYN -D__SYNTHESIS__ -D__HLS_SYN__ -I C:/Xilinx/Vivado/2019.2/common/technology/autopilot -I C:/Xilinx/Vivado/2019.2/common/technology/autopilot/ap_sysc -include etc/autopilot_ssdm_op.h -D__DSP48E2__ -o C:/Users/Aperture/Git/ReActNetHLS_test_64_boo3/model/solution1/.autopilot/db/pgconv.pp.0.cc
Command       clang done; 1.892 sec.
Execute       tidy_31 xilinx-xfmat-array-geometry C:/Users/Aperture/Git/ReActNetHLS_test_64_boo3/model/solution1/.autopilot/db/pgconv.pp.0.cc std=gnu++98 
INFO-FLOW: exec C:/Xilinx/Vivado/2019.2/win64/tools/clang-3.9-csynth/bin/tidy-3.1 -header-filter=.* -checks=-*,xilinx-xfmat-array-geometry -quiet -fix C:/Users/Aperture/Git/ReActNetHLS_test_64_boo3/model/solution1/.autopilot/db/pgconv.pp.0.cc -- -std=gnu++98 -fhls -ferror-limit=0
Command       tidy_31 done; 1.922 sec.
INFO-FLOW: Syntax Checking before pre-processing...
Execute       clang -syntaxcheck -src C:/Users/Aperture/Git/ReActNetHLS_test_64_boo3/model/solution1/.autopilot/db/pgconv.pp.0.cc  -fno-limit-debug-info -gcc-toolchain "C:/Xilinx/Vivado/2019.2/msys" -hls    -fno-math-errno -c -emit-llvm -O0  -mllvm -disable-llvm-optzns -fno-threadsafe-statics  -fno-use-cxa-atexit  -fno-threadsafe-statics -fno-use-cxa-atexit -D__CLANG_3_1__ -D__cdecl= -DAESL_SYN -D__SYNTHESIS__ -D__HLS_SYN__ -I "C:/Xilinx/Vivado/2019.2/common/technology/autopilot" -I "C:/Xilinx/Vivado/2019.2/common/technology/autopilot/ap_sysc" -include etc/autopilot_ssdm_op.h -D__DSP48E2__  "C:/Users/Aperture/Git/ReActNetHLS_test_64_boo3/model/solution1/.autopilot/db/pgconv.pp.0.cc"  -o "C:/Users/Aperture/Git/ReActNetHLS_test_64_boo3/model/solution1/.autopilot/db/useless.bc"  
INFO-FLOW: exec C:/Xilinx/Vivado/2019.2/win64/tools/clang/bin/clang -fno-limit-debug-info -gcc-toolchain C:/Xilinx/Vivado/2019.2/msys -hls -fno-math-errno -c -emit-llvm -O0 -mllvm -disable-llvm-optzns -fno-threadsafe-statics -fno-use-cxa-atexit -fno-threadsafe-statics -fno-use-cxa-atexit -D__CLANG_3_1__ -D__cdecl= -DAESL_SYN -D__SYNTHESIS__ -D__HLS_SYN__ -I C:/Xilinx/Vivado/2019.2/common/technology/autopilot -I C:/Xilinx/Vivado/2019.2/common/technology/autopilot/ap_sysc -include etc/autopilot_ssdm_op.h -D__DSP48E2__ C:/Users/Aperture/Git/ReActNetHLS_test_64_boo3/model/solution1/.autopilot/db/pgconv.pp.0.cc -o C:/Users/Aperture/Git/ReActNetHLS_test_64_boo3/model/solution1/.autopilot/db/useless.bc
Command       clang done; 2.569 sec.
INFO-FLOW: Done: GCC PP time: 6.4 seconds per iteration
Execute       list_core -type functional_unit 
Execute       tidy_31 xilinx-systemc-detector C:/Users/Aperture/Git/ReActNetHLS_test_64_boo3/model/solution1/.autopilot/db/pgconv.pp.0.cc std=gnu++98 -directive=C:/Users/Aperture/Git/ReActNetHLS_test_64_boo3/model/solution1/.autopilot/db/.systemc_flag 
INFO-FLOW: exec C:/Xilinx/Vivado/2019.2/win64/tools/clang-3.9-csynth/bin/tidy-3.1 -header-filter=.* -checks=-*,xilinx-systemc-detector -import-directive=C:/Users/Aperture/Git/ReActNetHLS_test_64_boo3/model/solution1/.autopilot/db/.systemc_flag -quiet -fix-errors C:/Users/Aperture/Git/ReActNetHLS_test_64_boo3/model/solution1/.autopilot/db/pgconv.pp.0.cc -- -std=gnu++98 -fhls -ferror-limit=0
Command       tidy_31 done; 1.814 sec.
INFO-FLOW: Running: tidy-3.1 CDT preprocess
Execute       tidy_31 xilinx-directive2pragma C:/Users/Aperture/Git/ReActNetHLS_test_64_boo3/model/solution1/.autopilot/db/pgconv.pp.0.cc std=gnu++98 -directive=C:/Users/Aperture/Git/ReActNetHLS_test_64_boo3/model/solution1/.autopilot/db/all.directive.json 
INFO-FLOW: exec C:/Xilinx/Vivado/2019.2/win64/tools/clang-3.9-csynth/bin/tidy-3.1 -header-filter=.* -checks=-*,xilinx-directive2pragma -import-directive=C:/Users/Aperture/Git/ReActNetHLS_test_64_boo3/model/solution1/.autopilot/db/all.directive.json -quiet -fix-errors C:/Users/Aperture/Git/ReActNetHLS_test_64_boo3/model/solution1/.autopilot/db/pgconv.pp.0.cc -- -std=gnu++98 -fhls -ferror-limit=0
Command       tidy_31 done; 1.77 sec.
Execute       get_config_dataflow -strict_mode 
Execute       ap_eval exec -ignorestderr C:/Xilinx/Vivado/2019.2/win64/tools/clang-3.9-csynth/bin/xilinx-dataflow-lawyer -export-fixes=C:/Users/Aperture/Git/ReActNetHLS_test_64_boo3/model/solution1/.autopilot/db/xilinx-dataflow-lawyer.pgconv.pp.0.cc.diag.yml C:/Users/Aperture/Git/ReActNetHLS_test_64_boo3/model/solution1/.autopilot/db/pgconv.pp.0.cc -- -std=gnu++98 -fhls -ferror-limit=0 -fstrict-dataflow > C:/Users/Aperture/Git/ReActNetHLS_test_64_boo3/model/solution1/.autopilot/db/xilinx-dataflow-lawyer.pgconv.pp.0.cc.out.log 2> C:/Users/Aperture/Git/ReActNetHLS_test_64_boo3/model/solution1/.autopilot/db/xilinx-dataflow-lawyer.pgconv.pp.0.cc.err.log 
Command       ap_eval done; 1.634 sec.
Execute       tidy_31 -errorcheck xilinx-constantarray-param,xilinx-resource-pragma-transformer,xilinx-xfmat-array-geometry C:/Users/Aperture/Git/ReActNetHLS_test_64_boo3/model/solution1/.autopilot/db/pgconv.pp.0.cc std=gnu++98 
Execute         ap_eval exec -ignorestderr C:/Xilinx/Vivado/2019.2/win64/tools/clang-3.9-csynth/bin/tidy-3.1 -export-fixes=C:/Users/Aperture/Git/ReActNetHLS_test_64_boo3/model/solution1/.autopilot/db/tidy-3.1.pgconv.pp.0.cc.diag.yml -header-filter=.* -checks=-*,xilinx-constantarray-param,xilinx-resource-pragma-transformer,xilinx-xfmat-array-geometry -quiet -fix-errors C:/Users/Aperture/Git/ReActNetHLS_test_64_boo3/model/solution1/.autopilot/db/pgconv.pp.0.cc -- -std=gnu++98 -fhls -ferror-limit=0 > C:/Users/Aperture/Git/ReActNetHLS_test_64_boo3/model/solution1/.autopilot/db/tidy-3.1.pgconv.pp.0.cc.out.log 2> C:/Users/Aperture/Git/ReActNetHLS_test_64_boo3/model/solution1/.autopilot/db/tidy-3.1.pgconv.pp.0.cc.err.log 
Command         ap_eval done; 3.326 sec.
Execute         ap_eval exec -ignorestderr C:/Xilinx/Vivado/2019.2/win64/tools/clang-3.9-csynth/bin/xilinx-legacy-rewriter C:/Users/Aperture/Git/ReActNetHLS_test_64_boo3/model/solution1/.autopilot/db/pgconv.pp.0.cc -- -std=gnu++98 -fhls -ferror-limit=0 > C:/Users/Aperture/Git/ReActNetHLS_test_64_boo3/model/solution1/.autopilot/db/xilinx-legacy-rewriter.pgconv.pp.0.cc.out.log 2> C:/Users/Aperture/Git/ReActNetHLS_test_64_boo3/model/solution1/.autopilot/db/xilinx-legacy-rewriter.pgconv.pp.0.cc.err.log 
Command         ap_eval done; 1.188 sec.
Command       tidy_31 done; 4.562 sec.
INFO-FLOW: Done: tidy-3.1 CDT preprocess time: 8 seconds per iteration
INFO-FLOW: Pragma Handling...
Execute       tidy_31 xilinx-ssdm-intrinsics-arguments C:/Users/Aperture/Git/ReActNetHLS_test_64_boo3/model/solution1/.autopilot/db/pgconv.pragma.1.cc std=gnu++98 
INFO-FLOW: exec C:/Xilinx/Vivado/2019.2/win64/tools/clang-3.9-csynth/bin/tidy-3.1 -header-filter=.* -checks=-*,xilinx-ssdm-intrinsics-arguments -quiet -fix-errors C:/Users/Aperture/Git/ReActNetHLS_test_64_boo3/model/solution1/.autopilot/db/pgconv.pragma.1.cc -- -std=gnu++98 -fhls -ferror-limit=0
Command       tidy_31 done; 3.67 sec.
Execute       ap_part_info -name xczu3eg-sbva484-1-e -data info 
INFO-FLOW: Processing labels
Execute       clang -src C:/Users/Aperture/Git/ReActNetHLS_test_64_boo3/model/solution1/.autopilot/db/pgconv.pragma.2.cc  -fno-limit-debug-info -gcc-toolchain C:/Xilinx/Vivado/2019.2/msys -hls -hls-analyze-label -hls-analyze-pragma -fno-exceptions  -D__llvm__  -w  "C:/Users/Aperture/Git/ReActNetHLS_test_64_boo3/model/solution1/.autopilot/db/pgconv.pragma.2.cc"    -fno-math-errno -c -emit-llvm -O0  -mllvm -disable-llvm-optzns -fno-threadsafe-statics  -fno-use-cxa-atexit -DAESL_SYN -D__SYNTHESIS__ -D__HLS_SYN__ -I "C:/Xilinx/Vivado/2019.2/common/technology/autopilot" -I "C:/Xilinx/Vivado/2019.2/common/technology/autopilot/ap_sysc" -include etc/autopilot_ssdm_op.h -D__DSP48E2__ -g -o "C:/Users/Aperture/Git/ReActNetHLS_test_64_boo3/model/solution1/.autopilot/db/pgconv.bc" 
INFO-FLOW: exec C:/Xilinx/Vivado/2019.2/win64/tools/clang/bin/clang -fno-limit-debug-info -gcc-toolchain C:/Xilinx/Vivado/2019.2/msys -hls -hls-analyze-label -hls-analyze-pragma -fno-exceptions -D__llvm__ -w C:/Users/Aperture/Git/ReActNetHLS_test_64_boo3/model/solution1/.autopilot/db/pgconv.pragma.2.cc -fno-math-errno -c -emit-llvm -O0 -mllvm -disable-llvm-optzns -fno-threadsafe-statics -fno-use-cxa-atexit -DAESL_SYN -D__SYNTHESIS__ -D__HLS_SYN__ -I C:/Xilinx/Vivado/2019.2/common/technology/autopilot -I C:/Xilinx/Vivado/2019.2/common/technology/autopilot/ap_sysc -include etc/autopilot_ssdm_op.h -D__DSP48E2__ -g -o C:/Users/Aperture/Git/ReActNetHLS_test_64_boo3/model/solution1/.autopilot/db/pgconv.bc
Command       clang done; 3.003 sec.
INFO-FLOW: Linking Debug ...
Execute       llvm-ld C:/Users/Aperture/Git/ReActNetHLS_test_64_boo3/model/solution1/.autopilot/db/biconv.g.bc C:/Users/Aperture/Git/ReActNetHLS_test_64_boo3/model/solution1/.autopilot/db/matmul.g.bc C:/Users/Aperture/Git/ReActNetHLS_test_64_boo3/model/solution1/.autopilot/db/net_hls.g.bc C:/Users/Aperture/Git/ReActNetHLS_test_64_boo3/model/solution1/.autopilot/db/pgconv.g.bc -hls-opt -except-internalize FracNet -LC:/Xilinx/Vivado/2019.2/win64/lib -lhlsm -lhlsmc++ -o C:/Users/Aperture/Git/ReActNetHLS_test_64_boo3/model/solution1/.autopilot/db/a.g 
Command       llvm-ld done; 3.078 sec.
INFO: [HLS 200-111] Finished Linking Time (s): cpu = 00:00:06 ; elapsed = 00:01:45 . Memory (MB): peak = 185.562 ; gain = 95.008
INFO: [HLS 200-111] Finished Checking Pragmas Time (s): cpu = 00:00:06 ; elapsed = 00:01:45 . Memory (MB): peak = 185.562 ; gain = 95.008
Execute       get_config_sdx -target 
Execute       opt_and_import_c a -opt_level=2 -skip_syncheck=0 -ng=0 -keep_printf=0 
Execute         cleanup_all_models 
INFO: [HLS 200-10] Starting code transformations ...
Execute         transform -promote-dbg-pointer C:/Users/Aperture/Git/ReActNetHLS_test_64_boo3/model/solution1/.autopilot/db/a.pp.bc -o C:/Users/Aperture/Git/ReActNetHLS_test_64_boo3/model/solution1/.autopilot/db/a.pp.0.bc -f 
Command         transform done; 0.482 sec.
Execute         llvm-ld C:/Users/Aperture/Git/ReActNetHLS_test_64_boo3/model/solution1/.autopilot/db/a.pp.0.bc -disable-opt -LC:/Xilinx/Vivado/2019.2/win64/lib -lfloatconversion -o C:/Users/Aperture/Git/ReActNetHLS_test_64_boo3/model/solution1/.autopilot/db/a.g.0 
Command         llvm-ld done; 1.939 sec.
INFO-FLOW: Running Standard Transforms...
Execute         transform -hls -share-std-xform -demangle-name -inline-byval-memcpy -always-inline -promote-dbg-pointer -interface-preproc -mem2reg -scalarrepl -mem2reg -keep-read-access -instcombine -dce -promote-dbg-pointer -bitop-raise -loop-simplify -indvarspre -indvars -loop-simplify -xunroll -constprop -instcombine -simplifycfg -indvars -simplifycfg -dce -globaldce -basicaa -simplifycfg -mem2reg -globalopt -global-constprop -deadargelim -instcombine -simplifycfg -prune-eh -simplifycfg -scalarrepl -instcombine -reassociate -licm -simplifycfg -loop-simplify -indvars -instcombine -simplifycfg -mem2reg -loop-simplify -indvars -instcombine -gvn -gvn -instcombine -adce -break-crit-edges -simplifycfg -loop-delete -global-array-opt -dce -dse -adce -find-syn-modules -top FracNet -deadargelim -mem2reg -instcombine -dce -presyn-prepare -auto-rom-infer -interface-preproc -syn-check -check-rec-only -find-region -simplifycfg -func-extr -function-inline -globaldce -mem2reg -instcombine -dce -gvn -globaldce -adce -adse -constprop -instcombine -bit-constprop -instcombine -dce -simplifycfg -bitop-raise -simplifycfg -dce -loop-delete -reassociate -globalopt -global-privatize -mem2reg -dce -global-constprop -pointer-simplify -constprop -dce -func-inst -deadargelim -auto-shift-reg-idiom -promote-dbg-pointer -norm-name C:/Users/Aperture/Git/ReActNetHLS_test_64_boo3/model/solution1/.autopilot/db/a.g.0.bc -o C:/Users/Aperture/Git/ReActNetHLS_test_64_boo3/model/solution1/.autopilot/db/a.g.1.bc -f -phase std-opt 
Command         transform done; 7.373 sec.
INFO: [HLS 200-111] Finished Standard Transforms Time (s): cpu = 00:00:13 ; elapsed = 00:01:55 . Memory (MB): peak = 302.242 ; gain = 211.688
INFO: [HLS 200-10] Checking synthesizability ...
INFO-FLOW: Checking Synthesizability 1/2..
Execute         transform -hls -syn-check -check-rec-only -disaggr -scalarrepl -norm-name -dce -mem2reg -instcombine -function-uniquify -directive-preproc -mem2reg -dse -dce -auto-rom-infer -dce -pag -array-normalize -instcombine -dce -warn-fifo-pointer -array-seg-normalize -instcombine -dce -array-flatten -instcombine -dce -array-burst -dce -deadargelim -promote-global-argument -simplifycfg -mem2reg -globaldce -dce -deadargelim -dce -instcombine -function-inline -globaldce -dce -doublePtrSimplify -doublePtrElim -dce -doublePtrSimplify -promote-dbg-pointer -dce -scalarrepl -dse -adse -instcombine -ptrLegalization -simplifycfg -dce -instcombine -pointer-simplify -ptrArgReplace -dce -instcombine -resolve-double-ptr -disaggr -scalarrepl -norm-name -dce -mem2reg -instcombine -ptrLegalization -simplifycfg -deadargelim -instcombine -dce -inst-simplify -function-uniquify -directive-preproc -mem2reg -dse -dce -globaldce -check-dspbuiltin C:/Users/Aperture/Git/ReActNetHLS_test_64_boo3/model/solution1/.autopilot/db/a.g.1.bc -o C:/Users/Aperture/Git/ReActNetHLS_test_64_boo3/model/solution1/.autopilot/db/a.g.2.prechk.bc -f 
INFO: [XFORM 203-602] Inlining function 'load_weight_1x1_from_axi' into 'load_weights_1x1_all' (net_hls.cc:253) automatically.
INFO: [XFORM 203-602] Inlining function 'compute_engine_64' into 'pgconv64_1x1_1bit' (pgconv.cc:1192) automatically.
Command         transform done; 8.375 sec.
INFO-FLOW: Checking Synthesizability 2/2..
Execute         transform -syn-check C:/Users/Aperture/Git/ReActNetHLS_test_64_boo3/model/solution1/.autopilot/db/a.g.2.prechk.bc -o C:/Users/Aperture/Git/ReActNetHLS_test_64_boo3/model/solution1/.autopilot/db/a.g.2.bc -f -phase syn-check 
WARNING: [SYNCHK 200-23] net_hls.cc:334: variable-indexed range selection may cause suboptimal QoR.
INFO: [SYNCHK 200-10] 0 error(s), 1 warning(s).
Command         transform done; 0.599 sec.
INFO: [HLS 200-111] Finished Checking Synthesizability Time (s): cpu = 00:00:22 ; elapsed = 00:02:04 . Memory (MB): peak = 341.520 ; gain = 250.965
INFO-FLOW: Compiler optimizing ...
INFO-FLOW: Share syncheck's 1.bc for syn flow: copy C:/Users/Aperture/Git/ReActNetHLS_test_64_boo3/model/solution1/.autopilot/db/a.g.1.bc to C:/Users/Aperture/Git/ReActNetHLS_test_64_boo3/model/solution1/.autopilot/db/a.o.1.bc
INFO-FLOW: Presyn 1...
Execute         transform -hls -tmp C:/Users/Aperture/Git/ReActNetHLS_test_64_boo3/model/solution1/.autopilot/db -interface-port-rename -type-info -function-uniquify -directive-preproc -mem2reg -dse -dce -disaggr -scalarrepl -norm-name -deadargelim -mem2reg -instcombine -dce -simplifycfg -auto-rom-infer -dce -function-uniquify -resource-proc -clib-intrinsic-prepare -dce -func-buffer -dce -pag -array-normalize -func-legal -instcombine -gvn -constprop -dce -simplifycfg -mem2reg -globaldce -resolve-double-ptr -dce -deadargelim -dce -instcombine -ptrArgReplace -mem2reg -dce -array-seg-normalize -deadargelim -instcombine -dce -pointer-simplify -dce -port-alignment -dce -interface-preproc -data-pack -instcombine -dce -basicaa -aggr-aa -aggrmodref-aa -aggr-aa -gvn -gvn -basicaa -aggr-aa -aggrmodref-aa -aggr-aa -dse -adse -adce -loop-simplify -indvars -instcombine -gvn -loop-simplify -mem2reg -dce -find-region -instcombine -auto-loop-pipeline -inst-simplify -interface-preproc -cfgopt -instcombine -indvars -auto-loop-unroll -loop-simplify -loop-bound -xunroll -constprop -instcombine -simplifycfg -indvars -simplifycfg -dce -globaldce -clean-region -attach-range -gvn -inst-simplify -constprop -simplifycfg -dce -pointer-simplify -dce -globalopt -constprop -dce -array-promote -constprop -dce -ptrArgReplace -mem2reg -simplifycfg -dce -auto-par -instcombine -dce -array-transform-check -array-reshape -instcombine -simplifycfg -dce -ptrArgReplace -deadargelim -mem2reg -instcombine -simplifycfg -dce -indvars -loop-simplify -loop-bound -xunroll -constprop -instcombine -simplifycfg -indvars -simplifycfg -dce -globaldce -basicaa -aggr-aa -aggrmodref-aa -aggr-aa -dse -duplicate-dataflow-processes -globaldce -instcombine -array-partition -instcombine -simplifycfg -dce -ptrArgReplace -global-constprop -deadargelim -mem2reg -func-legal -dce -global-constprop -deadargelim -mem2reg -simplifycfg -dce -merge-param -deadargelim -globalopt -constprop -dce -array-promote -constprop -dce -ptrArgReplace -mem2reg -simplifycfg -dce -mem-intrinsic-preproc -dce -global-internalize -global-privatize -mem2reg -globaldce -promote-global-argument -ptrArgReplace -mem2reg -dce -globalopt -mergereturn -simplify-global-access -mem2reg -dce -pointer-simplify -dce -functionattrs -basicaa -aggr-aa -aggrmodref-aa -aggr-aa -gvn -gvn -basicaa -aggr-aa -aggrmodref-aa -aggr-aa -dse -adse -adce -dce -norm-name -function-inline -complex-op-raise -inst-simplify -globaldce -func-inst -constprop -instcombine -simplifycfg -dce -func-legal -dce -loop-bound -arraycheck -bitwidthmin -on-by-dataflow -loop-delete -instcombine -simplifycfg -globaldce -dce -gvn -deadargelim -dce -loop-simplify -clean-region -simplifycfg -propagate-stable-arguments -loop-stream -instcombine -simplifycfg -dce -globaldce -duplicate-dataflow-processes -stream-intrinsic-preproc -dce -check-ap-stream -loop-simplify -eliminate-keepreads -extract-dataflow-in-loop -loop-simplify -dce -gvn -deadargelim -dse -check-dataflow-syntax -legalize-stream-variable -legalize-global -extract-subproc -dce -dead-channel-elimination -canonicalize-gep -globaldce -dce -gvn -deadargelim -annotate-dataflow-channels -scalar-propagation -deadargelim -globaldce -mem2reg -check-dataflow-channels -function-stream -dce -globaldce -prop-fifo-spec -internal-stream-gen -canonicalize-gep -globaldce -dce -gvn -deadargelim -mergereturn -indvars -loop-simplify -instcombine -array-stream -array-seg-normalize -array-partition -func-legal -instcombine -simplifycfg -dce -bundle-memfifo-ops -deadargelim -function-uniquify -directive-preproc -mem2reg -dse -dce -group-axi-access -licm -simplifycfg -dce -loop-delete -norm-name C:/Users/Aperture/Git/ReActNetHLS_test_64_boo3/model/solution1/.autopilot/db/a.o.1.bc -o C:/Users/Aperture/Git/ReActNetHLS_test_64_boo3/model/solution1/.autopilot/db/a.o.1.tmp.bc -f 
INFO: [XFORM 203-502] Unrolling all sub-loops inside loop 'Loop-1.1' (net_hls.cc:315) in function 'store_bufs_organize' for pipelining.
INFO: [XFORM 203-502] Unrolling all sub-loops inside loop 'Loop-1.1' (net_hls.cc:73) in function 'load_buf_from_buf_all' for pipelining.
INFO: [XFORM 203-502] Unrolling all sub-loops inside loop 'Loop-1.1' (net_hls.cc:48) in function 'copy_input_layer_buf_to_DDR' for pipelining.
INFO: [XFORM 203-502] Unrolling all sub-loops inside loop 'Loop-1.1.1.1' (net_hls.cc:474) in function 'FracNet' for pipelining.
INFO: [XFORM 203-502] Unrolling all sub-loops inside loop 'Loop-2.1.1.1' (net_hls.cc:532) in function 'FracNet' for pipelining.
INFO: [XFORM 203-502] Unrolling small iteration loop 'Loop-3' (net_hls.cc:554) in function 'FracNet' automatically.
INFO: [XFORM 203-502] Unrolling small iteration loop 'Loop-3.1.1.1' (net_hls.cc:561) in function 'FracNet' automatically.
INFO: [XFORM 203-502] Unrolling small iteration loop 'Loop-4.1.1.1' (net_hls.cc:579) in function 'FracNet' automatically.
INFO: [XFORM 203-502] Unrolling small iteration loop 'Loop-5.1.1.1' (net_hls.cc:613) in function 'FracNet' automatically.
INFO: [XFORM 203-502] Unrolling small iteration loop 'Loop-6.1.1.1' (net_hls.cc:631) in function 'FracNet' automatically.
INFO: [XFORM 203-502] Unrolling small iteration loop 'Loop-25.1' (net_hls.cc:1126) in function 'FracNet' automatically.
INFO: [XFORM 203-502] Unrolling small iteration loop 'Loop-25.1.1' (net_hls.cc:1127) in function 'FracNet' automatically.
INFO: [XFORM 203-502] Unrolling small iteration loop 'Loop-26.1' (net_hls.cc:1144) in function 'FracNet' automatically.
INFO: [XFORM 203-502] Unrolling small iteration loop 'Loop-26.1.1' (net_hls.cc:1145) in function 'FracNet' automatically.
INFO: [XFORM 203-502] Unrolling small iteration loop 'Loop-27.1' (net_hls.cc:1177) in function 'FracNet' automatically.
INFO: [XFORM 203-502] Unrolling small iteration loop 'Loop-27.1.1' (net_hls.cc:1178) in function 'FracNet' automatically.
INFO: [XFORM 203-502] Unrolling small iteration loop 'Loop-28.1' (net_hls.cc:1194) in function 'FracNet' automatically.
INFO: [XFORM 203-502] Unrolling small iteration loop 'Loop-28.1.1' (net_hls.cc:1195) in function 'FracNet' automatically.
INFO: [XFORM 203-502] Unrolling all sub-loops inside loop 'Loop-30.1.1.1' (net_hls.cc:1240) in function 'FracNet' for pipelining.
INFO: [XFORM 203-502] Unrolling all sub-loops inside loop 'Loop-1.1' (net_hls.cc:94) in function 'load_buf_from_DDR' for pipelining.
INFO: [XFORM 203-502] Unrolling all sub-loops inside loop 'Loop-1' (matmul.cc:28) in function 'matmul' for pipelining.
INFO: [XFORM 203-502] Unrolling all sub-loops inside loop 'Loop-1.1' (pgconv.cc:1183) in function 'pgconv64_1x1_1bit' for pipelining.
INFO: [XFORM 203-502] Unrolling all sub-loops inside loop 'Loop-1.1' (net_hls.cc:147) in function 'load_weight_3x3_from_axi' for pipelining.
INFO: [XFORM 203-502] Unrolling all sub-loops inside loop 'Loop-2.1.1' (pgconv.cc:131) in function 'pgconv64_1bit' for pipelining.
INFO: [XFORM 203-502] Unrolling all sub-loops inside loop 'Loop-2.1.1' (pgconv.cc:131) in function 'pgconv64_1bit.1' for pipelining.
INFO: [HLS 200-489] Unrolling loop 'Loop-1.1.1' (net_hls.cc:326) in function 'store_bufs_organize' completely with a factor of 32.
INFO: [HLS 200-489] Unrolling loop 'Loop-1.1.1' (net_hls.cc:75) in function 'load_buf_from_buf_all' completely with a factor of 64.
INFO: [HLS 200-489] Unrolling loop 'Loop-1.1.1' (net_hls.cc:51) in function 'copy_input_layer_buf_to_DDR' completely with a factor of 32.
INFO: [HLS 200-489] Unrolling loop 'Loop-1.1.1.1.1' (net_hls.cc:478) in function 'FracNet' completely with a factor of 32.
INFO: [HLS 200-489] Unrolling loop 'Loop-2.1.1.1.1' (net_hls.cc:534) in function 'FracNet' completely with a factor of 32.
INFO: [HLS 200-489] Unrolling loop 'Loop-3' (net_hls.cc:554) in function 'FracNet' completely with a factor of 1.
INFO: [HLS 200-489] Unrolling loop 'Loop-3.1.1.1' (net_hls.cc:561) in function 'FracNet' completely with a factor of 1.
INFO: [HLS 200-489] Unrolling loop 'Loop-4.1.1.1' (net_hls.cc:579) in function 'FracNet' completely with a factor of 1.
INFO: [HLS 200-489] Unrolling loop 'Loop-5.1.1.1' (net_hls.cc:613) in function 'FracNet' completely with a factor of 1.
INFO: [HLS 200-489] Unrolling loop 'Loop-6.1.1.1' (net_hls.cc:631) in function 'FracNet' completely with a factor of 1.
INFO: [HLS 200-489] Unrolling loop 'Loop-25.1' (net_hls.cc:1126) in function 'FracNet' completely with a factor of 1.
INFO: [HLS 200-489] Unrolling loop 'Loop-25.1.1' (net_hls.cc:1127) in function 'FracNet' completely with a factor of 1.
INFO: [HLS 200-489] Unrolling loop 'Loop-26.1' (net_hls.cc:1144) in function 'FracNet' completely with a factor of 1.
INFO: [HLS 200-489] Unrolling loop 'Loop-26.1.1' (net_hls.cc:1145) in function 'FracNet' completely with a factor of 1.
INFO: [HLS 200-489] Unrolling loop 'Loop-27.1' (net_hls.cc:1177) in function 'FracNet' completely with a factor of 1.
INFO: [HLS 200-489] Unrolling loop 'Loop-27.1.1' (net_hls.cc:1178) in function 'FracNet' completely with a factor of 1.
INFO: [HLS 200-489] Unrolling loop 'Loop-28.1' (net_hls.cc:1194) in function 'FracNet' completely with a factor of 1.
INFO: [HLS 200-489] Unrolling loop 'Loop-28.1.1' (net_hls.cc:1195) in function 'FracNet' completely with a factor of 1.
INFO: [HLS 200-489] Unrolling loop 'Loop-29.1' (net_hls.cc:1219) in function 'FracNet' completely with a factor of 32.
INFO: [HLS 200-489] Unrolling loop 'Loop-29.2' (net_hls.cc:1225) in function 'FracNet' completely with a factor of 32.
INFO: [HLS 200-489] Unrolling loop 'Loop-30.1.1.1.1' (net_hls.cc:1244) in function 'FracNet' completely with a factor of 32.
INFO: [HLS 200-489] Unrolling loop 'Loop-30.1.2' (net_hls.cc:1253) in function 'FracNet' completely with a factor of 10.
INFO: [HLS 200-489] Unrolling loop 'Loop-3' (net_hls.cc:269) in function 'load_weights_1x1_all' completely with a factor of 32.
INFO: [HLS 200-489] Unrolling loop 'Loop-1.1.1' (net_hls.cc:97) in function 'load_buf_from_DDR' completely with a factor of 32.
INFO: [HLS 200-489] Unrolling loop 'Loop-2' (net_hls.cc:235) in function 'load_weights_3x3_all' completely with a factor of 32.
INFO: [HLS 200-489] Unrolling loop 'Loop-1.1' (matmul.cc:32) in function 'matmul' completely with a factor of 10.
INFO: [HLS 200-489] Unrolling loop 'Loop-2' (matmul.cc:41) in function 'matmul' completely with a factor of 10.
INFO: [HLS 200-489] Unrolling loop 'Loop-1.1.1' (pgconv.cc:1189) in function 'pgconv64_1x1_1bit' completely with a factor of 32.
INFO: [HLS 200-489] Unrolling loop 'Loop-1' (net_hls.cc:133) in function 'load_weight_1x1_from_axi' completely with a factor of 8.
INFO: [HLS 200-489] Unrolling loop 'Loop-1.1.1' (net_hls.cc:149) in function 'load_weight_3x3_from_axi' completely with a factor of 4.
INFO: [HLS 200-489] Unrolling loop 'Loop-1.1.1.1' (net_hls.cc:152) in function 'load_weight_3x3_from_axi' completely with a factor of 8.
INFO: [HLS 200-489] Unrolling loop 'Loop-1' (pgconv.cc:125) in function 'pgconv64_1bit' completely with a factor of 16.
INFO: [HLS 200-489] Unrolling loop 'Loop-2.1.1.1' (pgconv.cc:140) in function 'pgconv64_1bit' completely with a factor of 3.
INFO: [HLS 200-489] Unrolling loop 'biconv_coo' (pgconv.cc:150) in function 'pgconv64_1bit' completely with a factor of 16.
INFO: [HLS 200-489] Unrolling loop 'Loop-2.1.1.3' (pgconv.cc:199) in function 'pgconv64_1bit' completely with a factor of 16.
INFO: [HLS 200-489] Unrolling loop 'Loop-2.2' (pgconv.cc:207) in function 'pgconv64_1bit' completely with a factor of 16.
INFO: [HLS 200-489] Unrolling loop 'Loop-1' (pgconv.cc:125) in function 'pgconv64_1bit.1' completely with a factor of 16.
INFO: [HLS 200-489] Unrolling loop 'Loop-2.1.1.1' (pgconv.cc:140) in function 'pgconv64_1bit.1' completely with a factor of 3.
INFO: [HLS 200-489] Unrolling loop 'biconv_coo' (pgconv.cc:150) in function 'pgconv64_1bit.1' completely with a factor of 16.
INFO: [HLS 200-489] Unrolling loop 'Loop-2.1.1.3' (pgconv.cc:199) in function 'pgconv64_1bit.1' completely with a factor of 16.
INFO: [HLS 200-489] Unrolling loop 'Loop-2.2' (pgconv.cc:207) in function 'pgconv64_1bit.1' completely with a factor of 16.
INFO: [XFORM 203-102] Partitioning array 'bot1_LB.V' (pgconv.cc:119) in dimension 1 automatically.
INFO: [XFORM 203-102] Partitioning array 'bot1_WB.V' (pgconv.cc:120) in dimension 1 automatically.
INFO: [XFORM 203-102] Partitioning array 'bot1_WB.V.0' (pgconv.cc:120) automatically.
INFO: [XFORM 203-102] Partitioning array 'bot1_WB.V.1' (pgconv.cc:120) automatically.
INFO: [XFORM 203-102] Partitioning array 'bot1_WB.V.2' (pgconv.cc:120) automatically.
INFO: [XFORM 203-102] Partitioning array 'bot1_LB.V' (pgconv.cc:119) in dimension 1 automatically.
INFO: [XFORM 203-102] Partitioning array 'bot1_WB.V' (pgconv.cc:120) in dimension 1 automatically.
INFO: [XFORM 203-102] Partitioning array 'bot1_WB.V.0' (pgconv.cc:120) automatically.
INFO: [XFORM 203-102] Partitioning array 'bot1_WB.V.1' (pgconv.cc:120) automatically.
INFO: [XFORM 203-102] Partitioning array 'bot1_WB.V.2' (pgconv.cc:120) automatically.
INFO: [XFORM 203-101] Partitioning array 'bn_weight_buf.V'  in dimension 2 completely.
INFO: [XFORM 203-101] Partitioning array 'bn_bias_buf.V'  in dimension 2 completely.
INFO: [XFORM 203-101] Partitioning array 'relu_shiftx_buf.V'  in dimension 2 completely.
INFO: [XFORM 203-101] Partitioning array 'relu_shifty_buf.V'  in dimension 2 completely.
INFO: [XFORM 203-101] Partitioning array 'relu_weight_buf.V'  in dimension 2 completely.
INFO: [XFORM 203-101] Partitioning array 'pg_buf0.V'  in dimension 1 completely.
INFO: [XFORM 203-101] Partitioning array 'FM_buf_acc0.V'  in dimension 1 completely.
WARNING: [XFORM 203-104] Completely partitioning array 'pg_buf_all.V'  accessed through non-constant indices on dimension 1 (net_hls.cc:341:17), which may result in long runtime and suboptimal QoR due to large multiplexers. Please consider wrapping the array access into a function or using a register file core instead.
INFO: [XFORM 203-101] Partitioning array 'pg_buf_all.V'  in dimension 1 completely.
INFO: [XFORM 203-101] Partitioning array 'linear_weight_buf.V' (net_hls.cc:1231) in dimension 1 completely.
INFO: [XFORM 203-101] Partitioning array 'linear_bias_buf.V' (net_hls.cc:1234) in dimension 1 completely.
INFO: [XFORM 203-101] Partitioning array 'DATA.V' (net_hls.cc:263) in dimension 1 completely.
INFO: [XFORM 203-101] Partitioning array 'FM_buf0.V'  in dimension 1 completely.
INFO: [XFORM 203-101] Partitioning array 'FM_buf1.V'  in dimension 1 completely.
INFO: [XFORM 203-101] Partitioning array 'DATA.V' (net_hls.cc:229) in dimension 1 completely.
INFO: [XFORM 203-101] Partitioning array 'result'  in dimension 1 completely.
INFO: [XFORM 203-101] Partitioning array 'buf.V' (matmul.cc:23) in dimension 1 completely.
INFO: [XFORM 203-101] Partitioning array 'weight_buf_1x1.V'  in dimension 2 completely.
INFO: [XFORM 203-101] Partitioning array 'thres_buf.V'  in dimension 2 completely.
INFO: [XFORM 203-101] Partitioning array 'weight_buf_3x3.V'  in dimension 1 completely.
INFO: [XFORM 203-101] Partitioning array 'conv1_weights.V' (net_hls.cc:467) in dimension 1 completely.
INFO: [XFORM 203-101] Partitioning array 'd.V' (pgconv.cc:123) in dimension 1 completely.
INFO: [XFORM 203-101] Partitioning array 'd.V' (pgconv.cc:123) in dimension 1 completely.
WARNING: [XFORM 203-104] Completely partitioning array 'linear_weight_buf.V' (net_hls.cc:1231) accessed through non-constant indices on dimension 1 (net_hls.cc:1246:36), which may result in long runtime and suboptimal QoR due to large multiplexers. Please consider wrapping the array access into a function or using a register file core instead.
INFO: [XFORM 203-101] Partitioning array 'linear_weight_buf.V' (net_hls.cc:1231) in dimension 2 completely.
INFO: [XFORM 203-101] Partitioning array 'weight_buf_3x3.V'  in dimension 2 completely.
INFO: [XFORM 203-101] Partitioning array 'conv1_weights.V' (net_hls.cc:467) in dimension 2 completely.
INFO: [XFORM 203-101] Partitioning array 'weight_buf_3x3.V'  in dimension 3 completely.
INFO: [XFORM 203-101] Partitioning array 'conv1_weights.V' (net_hls.cc:467) in dimension 3 completely.
INFO: [XFORM 203-101] Partitioning array 'weight_buf_3x3.V'  in dimension 4 completely.
INFO: [XFORM 203-101] Partitioning array 'conv1_weights.V' (net_hls.cc:467) in dimension 4 completely.
INFO: [XFORM 203-102] Automatically partitioning small array 'bn_weight_buf.V.9' completely based on array size.
INFO: [XFORM 203-102] Automatically partitioning small array 'bn_weight_buf.V.8' completely based on array size.
INFO: [XFORM 203-102] Automatically partitioning small array 'bn_weight_buf.V.7' completely based on array size.
INFO: [XFORM 203-102] Automatically partitioning small array 'bn_weight_buf.V.6' completely based on array size.
INFO: [XFORM 203-102] Automatically partitioning small array 'bn_weight_buf.V.5' completely based on array size.
INFO: [XFORM 203-102] Automatically partitioning small array 'bn_weight_buf.V.4' completely based on array size.
INFO: [XFORM 203-102] Automatically partitioning small array 'bn_weight_buf.V.31' completely based on array size.
INFO: [XFORM 203-102] Automatically partitioning small array 'bn_weight_buf.V.30' completely based on array size.
INFO: [XFORM 203-102] Automatically partitioning small array 'bn_weight_buf.V.3' completely based on array size.
INFO: [XFORM 203-102] Automatically partitioning small array 'bn_weight_buf.V.29' completely based on array size.
INFO: [XFORM 203-102] Automatically partitioning small array 'bn_weight_buf.V.28' completely based on array size.
INFO: [XFORM 203-102] Automatically partitioning small array 'bn_weight_buf.V.27' completely based on array size.
INFO: [XFORM 203-102] Automatically partitioning small array 'bn_weight_buf.V.26' completely based on array size.
INFO: [XFORM 203-102] Automatically partitioning small array 'bn_weight_buf.V.25' completely based on array size.
INFO: [XFORM 203-102] Automatically partitioning small array 'bn_weight_buf.V.24' completely based on array size.
INFO: [XFORM 203-102] Automatically partitioning small array 'bn_weight_buf.V.23' completely based on array size.
INFO: [XFORM 203-102] Automatically partitioning small array 'bn_weight_buf.V.22' completely based on array size.
INFO: [XFORM 203-102] Automatically partitioning small array 'bn_weight_buf.V.21' completely based on array size.
INFO: [XFORM 203-102] Automatically partitioning small array 'bn_weight_buf.V.20' completely based on array size.
INFO: [XFORM 203-102] Automatically partitioning small array 'bn_weight_buf.V.2' completely based on array size.
INFO: [XFORM 203-102] Automatically partitioning small array 'bn_weight_buf.V.19' completely based on array size.
INFO: [XFORM 203-102] Automatically partitioning small array 'bn_weight_buf.V.18' completely based on array size.
INFO: [XFORM 203-102] Automatically partitioning small array 'bn_weight_buf.V.17' completely based on array size.
INFO: [XFORM 203-102] Automatically partitioning small array 'bn_weight_buf.V.16' completely based on array size.
INFO: [XFORM 203-102] Automatically partitioning small array 'bn_weight_buf.V.15' completely based on array size.
INFO: [XFORM 203-102] Automatically partitioning small array 'bn_weight_buf.V.14' completely based on array size.
INFO: [XFORM 203-102] Automatically partitioning small array 'bn_weight_buf.V.13' completely based on array size.
INFO: [XFORM 203-102] Automatically partitioning small array 'bn_weight_buf.V.12' completely based on array size.
INFO: [XFORM 203-102] Automatically partitioning small array 'bn_weight_buf.V.11' completely based on array size.
INFO: [XFORM 203-102] Automatically partitioning small array 'bn_weight_buf.V.10' completely based on array size.
INFO: [XFORM 203-102] Automatically partitioning small array 'bn_weight_buf.V.1' completely based on array size.
INFO: [XFORM 203-102] Automatically partitioning small array 'bn_weight_buf.V.0' completely based on array size.
INFO: [XFORM 203-102] Automatically partitioning small array 'bn_bias_buf.V.9' completely based on array size.
INFO: [XFORM 203-102] Automatically partitioning small array 'bn_bias_buf.V.8' completely based on array size.
INFO: [XFORM 203-102] Automatically partitioning small array 'bn_bias_buf.V.7' completely based on array size.
INFO: [XFORM 203-102] Automatically partitioning small array 'bn_bias_buf.V.6' completely based on array size.
INFO: [XFORM 203-102] Automatically partitioning small array 'bn_bias_buf.V.5' completely based on array size.
INFO: [XFORM 203-102] Automatically partitioning small array 'bn_bias_buf.V.4' completely based on array size.
INFO: [XFORM 203-102] Automatically partitioning small array 'bn_bias_buf.V.31' completely based on array size.
INFO: [XFORM 203-102] Automatically partitioning small array 'bn_bias_buf.V.30' completely based on array size.
INFO: [XFORM 203-102] Automatically partitioning small array 'bn_bias_buf.V.3' completely based on array size.
INFO: [XFORM 203-102] Automatically partitioning small array 'bn_bias_buf.V.29' completely based on array size.
INFO: [XFORM 203-102] Automatically partitioning small array 'bn_bias_buf.V.28' completely based on array size.
INFO: [XFORM 203-102] Automatically partitioning small array 'bn_bias_buf.V.27' completely based on array size.
INFO: [XFORM 203-102] Automatically partitioning small array 'bn_bias_buf.V.26' completely based on array size.
INFO: [XFORM 203-102] Automatically partitioning small array 'bn_bias_buf.V.25' completely based on array size.
INFO: [XFORM 203-102] Automatically partitioning small array 'bn_bias_buf.V.24' completely based on array size.
INFO: [XFORM 203-102] Automatically partitioning small array 'bn_bias_buf.V.23' completely based on array size.
INFO: [XFORM 203-102] Automatically partitioning small array 'bn_bias_buf.V.22' completely based on array size.
INFO: [XFORM 203-102] Automatically partitioning small array 'bn_bias_buf.V.21' completely based on array size.
INFO: [XFORM 203-102] Automatically partitioning small array 'bn_bias_buf.V.20' completely based on array size.
INFO: [XFORM 203-102] Automatically partitioning small array 'bn_bias_buf.V.2' completely based on array size.
INFO: [XFORM 203-102] Automatically partitioning small array 'bn_bias_buf.V.19' completely based on array size.
INFO: [XFORM 203-102] Automatically partitioning small array 'bn_bias_buf.V.18' completely based on array size.
INFO: [XFORM 203-102] Automatically partitioning small array 'bn_bias_buf.V.17' completely based on array size.
INFO: [XFORM 203-102] Automatically partitioning small array 'bn_bias_buf.V.16' completely based on array size.
INFO: [XFORM 203-102] Automatically partitioning small array 'bn_bias_buf.V.15' completely based on array size.
INFO: [XFORM 203-102] Automatically partitioning small array 'bn_bias_buf.V.14' completely based on array size.
INFO: [XFORM 203-102] Automatically partitioning small array 'bn_bias_buf.V.13' completely based on array size.
INFO: [XFORM 203-102] Automatically partitioning small array 'bn_bias_buf.V.12' completely based on array size.
INFO: [XFORM 203-102] Automatically partitioning small array 'bn_bias_buf.V.11' completely based on array size.
INFO: [XFORM 203-102] Automatically partitioning small array 'bn_bias_buf.V.10' completely based on array size.
INFO: [XFORM 203-102] Automatically partitioning small array 'bn_bias_buf.V.1' completely based on array size.
INFO: [XFORM 203-102] Automatically partitioning small array 'bn_bias_buf.V.0' completely based on array size.
INFO: [XFORM 203-101] Partitioning array 'bn_weight_buf.V.9' in dimension 1 completely.
INFO: [XFORM 203-101] Partitioning array 'bn_weight_buf.V.8' in dimension 1 completely.
INFO: [XFORM 203-101] Partitioning array 'bn_weight_buf.V.7' in dimension 1 completely.
INFO: [XFORM 203-101] Partitioning array 'bn_weight_buf.V.6' in dimension 1 completely.
INFO: [XFORM 203-101] Partitioning array 'bn_weight_buf.V.5' in dimension 1 completely.
INFO: [XFORM 203-101] Partitioning array 'bn_weight_buf.V.4' in dimension 1 completely.
INFO: [XFORM 203-101] Partitioning array 'bn_weight_buf.V.31' in dimension 1 completely.
INFO: [XFORM 203-101] Partitioning array 'bn_weight_buf.V.30' in dimension 1 completely.
INFO: [XFORM 203-101] Partitioning array 'bn_weight_buf.V.3' in dimension 1 completely.
INFO: [XFORM 203-101] Partitioning array 'bn_weight_buf.V.29' in dimension 1 completely.
INFO: [XFORM 203-101] Partitioning array 'bn_weight_buf.V.28' in dimension 1 completely.
INFO: [XFORM 203-101] Partitioning array 'bn_weight_buf.V.27' in dimension 1 completely.
INFO: [XFORM 203-101] Partitioning array 'bn_weight_buf.V.26' in dimension 1 completely.
INFO: [XFORM 203-101] Partitioning array 'bn_weight_buf.V.25' in dimension 1 completely.
INFO: [XFORM 203-101] Partitioning array 'bn_weight_buf.V.24' in dimension 1 completely.
INFO: [XFORM 203-101] Partitioning array 'bn_weight_buf.V.23' in dimension 1 completely.
INFO: [XFORM 203-101] Partitioning array 'bn_weight_buf.V.22' in dimension 1 completely.
INFO: [XFORM 203-101] Partitioning array 'bn_weight_buf.V.21' in dimension 1 completely.
INFO: [XFORM 203-101] Partitioning array 'bn_weight_buf.V.20' in dimension 1 completely.
INFO: [XFORM 203-101] Partitioning array 'bn_weight_buf.V.2' in dimension 1 completely.
INFO: [XFORM 203-101] Partitioning array 'bn_weight_buf.V.19' in dimension 1 completely.
INFO: [XFORM 203-101] Partitioning array 'bn_weight_buf.V.18' in dimension 1 completely.
INFO: [XFORM 203-101] Partitioning array 'bn_weight_buf.V.17' in dimension 1 completely.
INFO: [XFORM 203-101] Partitioning array 'bn_weight_buf.V.16' in dimension 1 completely.
INFO: [XFORM 203-101] Partitioning array 'bn_weight_buf.V.15' in dimension 1 completely.
INFO: [XFORM 203-101] Partitioning array 'bn_weight_buf.V.14' in dimension 1 completely.
INFO: [XFORM 203-101] Partitioning array 'bn_weight_buf.V.13' in dimension 1 completely.
INFO: [XFORM 203-101] Partitioning array 'bn_weight_buf.V.12' in dimension 1 completely.
INFO: [XFORM 203-101] Partitioning array 'bn_weight_buf.V.11' in dimension 1 completely.
INFO: [XFORM 203-101] Partitioning array 'bn_weight_buf.V.10' in dimension 1 completely.
INFO: [XFORM 203-101] Partitioning array 'bn_weight_buf.V.1' in dimension 1 completely.
INFO: [XFORM 203-101] Partitioning array 'bn_weight_buf.V.0' in dimension 1 completely.
INFO: [XFORM 203-101] Partitioning array 'bn_bias_buf.V.9' in dimension 1 completely.
INFO: [XFORM 203-101] Partitioning array 'bn_bias_buf.V.8' in dimension 1 completely.
INFO: [XFORM 203-101] Partitioning array 'bn_bias_buf.V.7' in dimension 1 completely.
INFO: [XFORM 203-101] Partitioning array 'bn_bias_buf.V.6' in dimension 1 completely.
INFO: [XFORM 203-101] Partitioning array 'bn_bias_buf.V.5' in dimension 1 completely.
INFO: [XFORM 203-101] Partitioning array 'bn_bias_buf.V.4' in dimension 1 completely.
INFO: [XFORM 203-101] Partitioning array 'bn_bias_buf.V.31' in dimension 1 completely.
INFO: [XFORM 203-101] Partitioning array 'bn_bias_buf.V.30' in dimension 1 completely.
INFO: [XFORM 203-101] Partitioning array 'bn_bias_buf.V.3' in dimension 1 completely.
INFO: [XFORM 203-101] Partitioning array 'bn_bias_buf.V.29' in dimension 1 completely.
INFO: [XFORM 203-101] Partitioning array 'bn_bias_buf.V.28' in dimension 1 completely.
INFO: [XFORM 203-101] Partitioning array 'bn_bias_buf.V.27' in dimension 1 completely.
INFO: [XFORM 203-101] Partitioning array 'bn_bias_buf.V.26' in dimension 1 completely.
INFO: [XFORM 203-101] Partitioning array 'bn_bias_buf.V.25' in dimension 1 completely.
INFO: [XFORM 203-101] Partitioning array 'bn_bias_buf.V.24' in dimension 1 completely.
INFO: [XFORM 203-101] Partitioning array 'bn_bias_buf.V.23' in dimension 1 completely.
INFO: [XFORM 203-101] Partitioning array 'bn_bias_buf.V.22' in dimension 1 completely.
INFO: [XFORM 203-101] Partitioning array 'bn_bias_buf.V.21' in dimension 1 completely.
INFO: [XFORM 203-101] Partitioning array 'bn_bias_buf.V.20' in dimension 1 completely.
INFO: [XFORM 203-101] Partitioning array 'bn_bias_buf.V.2' in dimension 1 completely.
INFO: [XFORM 203-101] Partitioning array 'bn_bias_buf.V.19' in dimension 1 completely.
INFO: [XFORM 203-101] Partitioning array 'bn_bias_buf.V.18' in dimension 1 completely.
INFO: [XFORM 203-101] Partitioning array 'bn_bias_buf.V.17' in dimension 1 completely.
INFO: [XFORM 203-101] Partitioning array 'bn_bias_buf.V.16' in dimension 1 completely.
INFO: [XFORM 203-101] Partitioning array 'bn_bias_buf.V.15' in dimension 1 completely.
INFO: [XFORM 203-101] Partitioning array 'bn_bias_buf.V.14' in dimension 1 completely.
INFO: [XFORM 203-101] Partitioning array 'bn_bias_buf.V.13' in dimension 1 completely.
INFO: [XFORM 203-101] Partitioning array 'bn_bias_buf.V.12' in dimension 1 completely.
INFO: [XFORM 203-101] Partitioning array 'bn_bias_buf.V.11' in dimension 1 completely.
INFO: [XFORM 203-101] Partitioning array 'bn_bias_buf.V.10' in dimension 1 completely.
INFO: [XFORM 203-101] Partitioning array 'bn_bias_buf.V.1' in dimension 1 completely.
INFO: [XFORM 203-101] Partitioning array 'bn_bias_buf.V.0' in dimension 1 completely.
Command         transform done; 95.606 sec.
INFO-FLOW: Presyn 2...
Execute         transform -hls -keep-callgraph -scalarrepl -mem2reg -port-alignment -attach-range -dce -pipe-mux-gen -indvars -loop-bound -inst-simplify -instcombine -dce -merge-array-access -mem2reg -dce -clean-region -mergereturn -if-conv -instcombine -dce -constprop -basicaa -aggr-aa -aggrmodref-aa -aggr-aa -gvn -gvn -basicaa -aggr-aa -aggrmodref-aa -aggr-aa -dse -adse -adce -scalarrepl -mem2reg -global-constprop -deadargelim -deadargelim -instcombine -dce -simplifycfg -ptrArgReplace -mem2reg -function-inline -globaldce -mem2reg -instcombine -dce -expr-balance -instcombine -dce -bitwidthmin -interface-preproc -directive-preproc -inst-rectify -instcombine -dce -functionattrs -constprop -instcombine -bit-constprop -simplify-global-access -globalopt -globaldce -inst-simplify -instcombine -elimdeaddata -dce -loop-delete -simplifycfg -loop-simplify -auto-burst -norm-name C:/Users/Aperture/Git/ReActNetHLS_test_64_boo3/model/solution1/.autopilot/db/a.o.1.tmp.bc -o C:/Users/Aperture/Git/ReActNetHLS_test_64_boo3/model/solution1/.autopilot/db/a.o.2.bc -f -phase presyn 
INFO: [XFORM 203-401] Performing if-conversion on hyperblock from (net_hls.cc:193:1) to (net_hls.cc:203:12) in function 'sum_engine.1'... converting 9 basic blocks.
INFO: [XFORM 203-401] Performing if-conversion on hyperblock from (net_hls.cc:315:47) to (net_hls.cc:341:17) in function 'store_bufs_organize'... converting 11 basic blocks.
INFO: [XFORM 203-401] Performing if-conversion on hyperblock from (net_hls.cc:328:34) to (net_hls.cc:341:17) in function 'store_bufs_organize'... converting 11 basic blocks.
INFO: [XFORM 203-401] Performing if-conversion on hyperblock from (net_hls.cc:328:34) to (net_hls.cc:341:17) in function 'store_bufs_organize'... converting 11 basic blocks.
INFO: [XFORM 203-401] Performing if-conversion on hyperblock from (net_hls.cc:328:34) to (net_hls.cc:341:17) in function 'store_bufs_organize'... converting 11 basic blocks.
INFO: [XFORM 203-401] Performing if-conversion on hyperblock from (net_hls.cc:328:34) to (net_hls.cc:341:17) in function 'store_bufs_organize'... converting 11 basic blocks.
INFO: [XFORM 203-401] Performing if-conversion on hyperblock from (net_hls.cc:328:34) to (net_hls.cc:341:17) in function 'store_bufs_organize'... converting 11 basic blocks.
INFO: [XFORM 203-401] Performing if-conversion on hyperblock from (net_hls.cc:328:34) to (net_hls.cc:341:17) in function 'store_bufs_organize'... converting 11 basic blocks.
INFO: [XFORM 203-401] Performing if-conversion on hyperblock from (net_hls.cc:328:34) to (net_hls.cc:341:17) in function 'store_bufs_organize'... converting 11 basic blocks.
INFO: [XFORM 203-401] Performing if-conversion on hyperblock from (net_hls.cc:328:34) to (net_hls.cc:341:17) in function 'store_bufs_organize'... converting 11 basic blocks.
INFO: [XFORM 203-401] Performing if-conversion on hyperblock from (net_hls.cc:328:34) to (net_hls.cc:341:17) in function 'store_bufs_organize'... converting 11 basic blocks.
INFO: [XFORM 203-401] Performing if-conversion on hyperblock from (net_hls.cc:328:34) to (net_hls.cc:341:17) in function 'store_bufs_organize'... converting 11 basic blocks.
INFO: [XFORM 203-401] Performing if-conversion on hyperblock from (net_hls.cc:328:34) to (net_hls.cc:341:17) in function 'store_bufs_organize'... converting 11 basic blocks.
INFO: [XFORM 203-401] Performing if-conversion on hyperblock from (net_hls.cc:328:34) to (net_hls.cc:341:17) in function 'store_bufs_organize'... converting 11 basic blocks.
INFO: [XFORM 203-401] Performing if-conversion on hyperblock from (net_hls.cc:328:34) to (net_hls.cc:341:17) in function 'store_bufs_organize'... converting 11 basic blocks.
INFO: [XFORM 203-401] Performing if-conversion on hyperblock from (net_hls.cc:328:34) to (net_hls.cc:341:17) in function 'store_bufs_organize'... converting 11 basic blocks.
INFO: [XFORM 203-401] Performing if-conversion on hyperblock from (net_hls.cc:328:34) to (net_hls.cc:341:17) in function 'store_bufs_organize'... converting 11 basic blocks.
INFO: [XFORM 203-401] Performing if-conversion on hyperblock from (net_hls.cc:328:34) to (net_hls.cc:341:17) in function 'store_bufs_organize'... converting 11 basic blocks.
INFO: [XFORM 203-401] Performing if-conversion on hyperblock from (net_hls.cc:328:34) to (net_hls.cc:341:17) in function 'store_bufs_organize'... converting 11 basic blocks.
INFO: [XFORM 203-401] Performing if-conversion on hyperblock from (net_hls.cc:328:34) to (net_hls.cc:341:17) in function 'store_bufs_organize'... converting 11 basic blocks.
INFO: [XFORM 203-401] Performing if-conversion on hyperblock from (net_hls.cc:328:34) to (net_hls.cc:341:17) in function 'store_bufs_organize'... converting 11 basic blocks.
INFO: [XFORM 203-401] Performing if-conversion on hyperblock from (net_hls.cc:328:34) to (net_hls.cc:341:17) in function 'store_bufs_organize'... converting 11 basic blocks.
INFO: [XFORM 203-401] Performing if-conversion on hyperblock from (net_hls.cc:328:34) to (net_hls.cc:341:17) in function 'store_bufs_organize'... converting 11 basic blocks.
INFO: [XFORM 203-401] Performing if-conversion on hyperblock from (net_hls.cc:328:34) to (net_hls.cc:341:17) in function 'store_bufs_organize'... converting 11 basic blocks.
INFO: [XFORM 203-401] Performing if-conversion on hyperblock from (net_hls.cc:328:34) to (net_hls.cc:341:17) in function 'store_bufs_organize'... converting 11 basic blocks.
INFO: [XFORM 203-401] Performing if-conversion on hyperblock from (net_hls.cc:328:34) to (net_hls.cc:341:17) in function 'store_bufs_organize'... converting 11 basic blocks.
INFO: [XFORM 203-401] Performing if-conversion on hyperblock from (net_hls.cc:328:34) to (net_hls.cc:341:17) in function 'store_bufs_organize'... converting 11 basic blocks.
INFO: [XFORM 203-401] Performing if-conversion on hyperblock from (net_hls.cc:328:34) to (net_hls.cc:341:17) in function 'store_bufs_organize'... converting 11 basic blocks.
INFO: [XFORM 203-401] Performing if-conversion on hyperblock from (net_hls.cc:328:34) to (net_hls.cc:341:17) in function 'store_bufs_organize'... converting 11 basic blocks.
INFO: [XFORM 203-401] Performing if-conversion on hyperblock from (net_hls.cc:328:34) to (net_hls.cc:341:17) in function 'store_bufs_organize'... converting 11 basic blocks.
INFO: [XFORM 203-401] Performing if-conversion on hyperblock from (net_hls.cc:328:34) to (net_hls.cc:341:17) in function 'store_bufs_organize'... converting 11 basic blocks.
INFO: [XFORM 203-401] Performing if-conversion on hyperblock from (net_hls.cc:328:34) to (net_hls.cc:341:17) in function 'store_bufs_organize'... converting 11 basic blocks.
INFO: [XFORM 203-401] Performing if-conversion on hyperblock from (net_hls.cc:328:34) to (net_hls.cc:341:17) in function 'store_bufs_organize'... converting 11 basic blocks.
INFO: [XFORM 203-401] Performing if-conversion on hyperblock from (net_hls.cc:289:9) to (net_hls.cc:294:1) in function 'relu'... converting 5 basic blocks.
INFO: [XFORM 203-401] Performing if-conversion on hyperblock from (pgconv.cc:1191:35) in function 'pgconv64_1x1_1bit'... converting 129 basic blocks.
INFO: [XFORM 203-401] Performing if-conversion on hyperblock from (pgconv.cc:131:39) to (pgconv.cc:194:8) in function 'pgconv64_1bit.1'... converting 9 basic blocks.
INFO: [XFORM 203-401] Performing if-conversion on hyperblock from (matmul.cc:28:37) to (matmul.cc:28:29) in function 'matmul'... converting 101 basic blocks.
INFO: [XFORM 203-401] Performing if-conversion on hyperblock from (matmul.cc:43:13) to (matmul.cc:45:1) in function 'matmul'... converting 91 basic blocks.
INFO: [XFORM 203-401] Performing if-conversion on hyperblock to (biconv.cc:77:5) in function 'batch_norm'... converting 9 basic blocks.
INFO: [XFORM 203-401] Performing if-conversion on hyperblock from (net_hls.cc:208:38) to (net_hls.cc:208:29) in function 'avgpool_7x7'... converting 5 basic blocks.
INFO: [XFORM 203-401] Performing if-conversion on hyperblock from (net_hls.cc:212:9) to (net_hls.cc:212:9) in function 'avgpool_7x7'... converting 5 basic blocks.
INFO: [XFORM 203-401] Performing if-conversion on hyperblock from (net_hls.cc:532:37) to (net_hls.cc:532:30) in function 'FracNet'... converting 65 basic blocks.
INFO: [XFORM 203-11] Balancing expressions in function 'sum_engine' (biconv.cc:54:12)...3 expression(s) balanced.
INFO: [XFORM 203-11] Balancing expressions in function 'store_bufs_organize' (net_hls.cc:296)...5 expression(s) balanced.
INFO: [XFORM 203-11] Balancing expressions in function 'load_input' (net_hls.cc:387)...3 expression(s) balanced.
INFO: [XFORM 203-11] Balancing expressions in function 'load_buf_from_DDR' (net_hls.cc:86)...5 expression(s) balanced.
INFO: [XFORM 203-11] Balancing expressions in function 'compute_engine_64' (pgconv.cc:14:12)...3 expression(s) balanced.
INFO: [XFORM 203-11] Balancing expressions in function 'FracNet' (net_hls.cc:405)...4 expression(s) balanced.
Command         transform done; 170.93 sec.
INFO: [HLS 200-111] Finished Pre-synthesis Time (s): cpu = 00:04:46 ; elapsed = 00:06:31 . Memory (MB): peak = 554.715 ; gain = 464.160
INFO-FLOW: Building ssdm...
Execute         transform -hls -function-uniquify -auto-function-inline -globaldce -ptrArgReplace -mem2reg -dce -reset-lda -loop-simplify -indvars -licm -loop-dep -loop-bound -licm -loop-simplify -flattenloopnest -array-flatten -gvn -instcombine -dce -array-map -dce -func-legal -gvn -adce -instcombine -cfgopt -simplifycfg -loop-simplify -array-burst -promote-global-argument -dce -ptrLegalization -axi4-lower -array-seg-normalize -basicaa -aggrmodref-aa -globalsmodref-aa -aggr-aa -gvn -gvn -basicaa -aggrmodref-aa -globalsmodref-aa -aggr-aa -dse -adse -adce -licm -inst-simplify -dce -globaldce -instcombine -array-stream -eliminate-keepreads -instcombine -dce -deadargelim -doublePtrSimplify -doublePtrElim -dce -doublePtrSimplify -promote-dbg-pointer -dce -scalarrepl -mem2reg -disaggr -norm-name -mem2reg -instcombine -dse -adse -adce -ptrLegalization -dce -auto-rom-infer -array-flatten -dce -instcombine -check-doubleptr -loop-rot -constprop -cfgopt -simplifycfg -loop-simplify -indvars -pointer-simplify -dce -loop-bound -loop-simplify -loop-preproc -constprop -global-constprop -gvn -mem2reg -instcombine -dce -loop-bound -loop-merge -dce -bitwidthmin -deadargelim -dce -canonicalize-dataflow -dce -scalar-propagation -deadargelim -globaldce -mem2reg -read-loop-dep -interface-preproc -directive-preproc -interface-gen -bram-byte-enable -deadargelim -inst-simplify -dce -gvn -mem2reg -instcombine -dce -adse -loop-bound -instcombine -cfgopt -simplifycfg -loop-simplify -clean-region -io-protocol -find-region -mem2reg -bitop-raise -complex-op-raise -inst-simplify -inst-rectify -instcombine -adce -deadargelim -loop-simplify -phi-opt -bitop-raise -cfgopt -simplifycfg -strip-dead-prototypes -interface-lower -bitop-lower -intrinsic-lower -auto-function-inline -basicaa -aggrmodref-aa -globalsmodref-aa -aggr-aa -inst-simplify -simplifycfg -loop-simplify -mergereturn -inst-simplify -inst-rectify -dce -load-elim -bitop-lower -loop-rewind -pointer-simplify -dce -cfgopt -dce -loop-bound -loop-dep -read-loop-dep -dce -check-stream -norm-name -legalize -validate-dataflow -inst-clarity -bitwidth -dump-loop-dep-to-ir -check-all-ssdm -cdfg-build C:/Users/Aperture/Git/ReActNetHLS_test_64_boo3/model/solution1/.autopilot/db/a.o.2.bc -o C:/Users/Aperture/Git/ReActNetHLS_test_64_boo3/model/solution1/.autopilot/db/a.o.3.bc -f -phase build-ssdm 
