

================================================================
== Vivado HLS Report for 'batch_norm'
================================================================
* Date:           Thu Sep  3 21:49:21 2020

* Version:        2019.2.1 (Build 2724168 on Thu Dec 05 05:19:09 MST 2019)
* Project:        FracNetHLS
* Solution:       solution1
* Product family: zynquplus
* Target device:  xczu3eg-sbva484-1-e


================================================================
== Performance Estimates
================================================================
+ Timing: 
    * Summary: 
    +--------+----------+----------+------------+
    |  Clock |  Target  | Estimated| Uncertainty|
    +--------+----------+----------+------------+
    |ap_clk  | 10.00 ns | 6.194 ns |   1.25 ns  |
    +--------+----------+----------+------------+

+ Latency: 
    * Summary: 
    +---------+---------+----------+----------+-----+-----+----------+
    |  Latency (cycles) |  Latency (absolute) |  Interval | Pipeline |
    |   min   |   max   |    min   |    max   | min | max |   Type   |
    +---------+---------+----------+----------+-----+-----+----------+
    |        0|        0|   0 ns   |   0 ns   |    1|    1| function |
    +---------+---------+----------+----------+-----+-----+----------+

    + Detail: 
        * Instance: 
        N/A

        * Loop: 
        N/A



================================================================
== Utilization Estimates
================================================================
* Summary: 
+-----------------+---------+-------+--------+-------+-----+
|       Name      | BRAM_18K| DSP48E|   FF   |  LUT  | URAM|
+-----------------+---------+-------+--------+-------+-----+
|DSP              |        -|      1|       -|      -|    -|
|Expression       |        -|      -|       0|    129|    -|
|FIFO             |        -|      -|       -|      -|    -|
|Instance         |        -|      -|       -|      -|    -|
|Memory           |        -|      -|       -|      -|    -|
|Multiplexer      |        -|      -|       -|      -|    -|
|Register         |        -|      -|       -|      -|    -|
+-----------------+---------+-------+--------+-------+-----+
|Total            |        0|      1|       0|    129|    0|
+-----------------+---------+-------+--------+-------+-----+
|Available        |      432|    360|  141120|  70560|    0|
+-----------------+---------+-------+--------+-------+-----+
|Utilization (%)  |        0|   ~0  |       0|   ~0  |    0|
+-----------------+---------+-------+--------+-------+-----+

+ Detail: 
    * Instance: 
    N/A

    * DSP48E: 
    +--------------------------+----------------------+-----------+
    |         Instance         |        Module        | Expression|
    +--------------------------+----------------------+-----------+
    |pgconv32_2bit_mulcud_U13  |pgconv32_2bit_mulcud  |  i0 * i1  |
    +--------------------------+----------------------+-----------+

    * Memory: 
    N/A

    * FIFO: 
    N/A

    * Expression: 
    +------------------------+----------+-------+---+----+------------+------------+
    |      Variable Name     | Operation| DSP48E| FF| LUT| Bitwidth P0| Bitwidth P1|
    +------------------------+----------+-------+---+----+------------+------------+
    |add_ln731_fu_86_p2      |     +    |      0|  0|  20|          13|          13|
    |ret_V_fu_66_p2          |     +    |      0|  0|  26|          19|          19|
    |overflow_fu_136_p2      |    and   |      0|  0|   2|           1|           1|
    |underflow_fu_160_p2     |    and   |      0|  0|   2|           1|           1|
    |icmp_ln785_fu_118_p2    |   icmp   |      0|  0|  11|           6|           1|
    |icmp_ln786_fu_148_p2    |   icmp   |      0|  0|  11|           6|           2|
    |or_ln340_5_fu_178_p2    |    or    |      0|  0|   2|           1|           1|
    |or_ln340_fu_166_p2      |    or    |      0|  0|   2|           1|           1|
    |or_ln785_fu_124_p2      |    or    |      0|  0|   2|           1|           1|
    |or_ln786_fu_154_p2      |    or    |      0|  0|   2|           1|           1|
    |ap_return               |  select  |      0|  0|  14|           1|          14|
    |select_ln340_fu_184_p3  |  select  |      0|  0|  14|           1|          13|
    |select_ln388_fu_192_p3  |  select  |      0|  0|  15|           1|          15|
    |xor_ln340_fu_172_p2     |    xor   |      0|  0|   2|           1|           2|
    |xor_ln785_fu_130_p2     |    xor   |      0|  0|   2|           1|           2|
    |xor_ln786_fu_142_p2     |    xor   |      0|  0|   2|           1|           2|
    +------------------------+----------+-------+---+----+------------+------------+
    |Total                   |          |      0|  0| 129|          56|          89|
    +------------------------+----------+-------+---+----+------------+------------+

    * Multiplexer: 
    N/A

    * Register: 
    N/A



================================================================
== Interface
================================================================
* Summary: 
+-----------+-----+-----+------------+--------------+--------------+
| RTL Ports | Dir | Bits|  Protocol  | Source Object|    C Type    |
+-----------+-----+-----+------------+--------------+--------------+
|ap_ready   | out |    1| ap_ctrl_hs |  batch_norm  | return value |
|ap_return  | out |   14| ap_ctrl_hs |  batch_norm  | return value |
|sum_V      |  in |    8|   ap_none  |     sum_V    |    scalar    |
|weight_V   |  in |   11|   ap_none  |   weight_V   |    scalar    |
|bias_V     |  in |   11|   ap_none  |    bias_V    |    scalar    |
+-----------+-----+-----+------------+--------------+--------------+

