

================================================================
== Vivado HLS Report for 'batch_norm'
================================================================
* Date:           Mon Sep 14 06:22:20 2020

* Version:        2019.2.1 (Build 2724168 on Thu Dec 05 05:19:09 MST 2019)
* Project:        model
* Solution:       solution1
* Product family: zynquplus
* Target device:  xczu3eg-sbva484-1-e


================================================================
== Performance Estimates
================================================================
+ Timing: 
    * Summary: 
    +--------+---------+----------+------------+
    |  Clock |  Target | Estimated| Uncertainty|
    +--------+---------+----------+------------+
    |ap_clk  | 3.00 ns | 2.846 ns |   0.38 ns  |
    +--------+---------+----------+------------+

+ Latency: 
    * Summary: 
    +---------+---------+----------+----------+-----+-----+----------+
    |  Latency (cycles) |  Latency (absolute) |  Interval | Pipeline |
    |   min   |   max   |    min   |    max   | min | max |   Type   |
    +---------+---------+----------+----------+-----+-----+----------+
    |        2|        2| 6.000 ns | 6.000 ns |    1|    1| function |
    +---------+---------+----------+----------+-----+-----+----------+

    + Detail: 
        * Instance: 
        N/A

        * Loop: 
        N/A



================================================================
== Utilization Estimates
================================================================
* Summary: 
+-----------------+---------+-------+--------+-------+-----+
|       Name      | BRAM_18K| DSP48E|   FF   |  LUT  | URAM|
+-----------------+---------+-------+--------+-------+-----+
|DSP              |        -|      1|       -|      -|    -|
|Expression       |        -|      -|       0|    179|    -|
|FIFO             |        -|      -|       -|      -|    -|
|Instance         |        -|      -|       -|      -|    -|
|Memory           |        -|      -|       -|      -|    -|
|Multiplexer      |        -|      -|       -|      9|    -|
|Register         |        -|      -|     115|      -|    -|
+-----------------+---------+-------+--------+-------+-----+
|Total            |        0|      1|     115|    188|    0|
+-----------------+---------+-------+--------+-------+-----+
|Available        |      432|    360|  141120|  70560|    0|
+-----------------+---------+-------+--------+-------+-----+
|Utilization (%)  |        0|   ~0  |   ~0   |   ~0  |    0|
+-----------------+---------+-------+--------+-------+-----+

+ Detail: 
    * Instance: 
    N/A

    * DSP48E: 
    +--------------------------+----------------------+-----------+
    |         Instance         |        Module        | Expression|
    +--------------------------+----------------------+-----------+
    |FracNet_mul_mul_8fYi_U25  |FracNet_mul_mul_8fYi  |  i0 * i1  |
    +--------------------------+----------------------+-----------+

    * Memory: 
    N/A

    * FIFO: 
    N/A

    * Expression: 
    +----------------------------+----------+-------+---+----+------------+------------+
    |        Variable Name       | Operation| DSP48E| FF| LUT| Bitwidth P0| Bitwidth P1|
    +----------------------------+----------+-------+---+----+------------+------------+
    |p_Val2_20_fu_219_p2         |     +    |      0|  0|  21|          14|          14|
    |ret_V_fu_205_p2             |     +    |      0|  0|  22|          15|          15|
    |overflow_fu_117_p2          |    and   |      0|  0|   2|           1|           1|
    |underflow_3_fu_238_p2       |    and   |      0|  0|   2|           1|           1|
    |underflow_fu_140_p2         |    and   |      0|  0|   2|           1|           1|
    |icmp_ln785_fu_101_p2        |   icmp   |      0|  0|  11|           6|           1|
    |icmp_ln786_fu_128_p2        |   icmp   |      0|  0|  11|           6|           2|
    |or_ln340_35_fu_157_p2       |    or    |      0|  0|   2|           1|           1|
    |or_ln340_444_fu_256_p2      |    or    |      0|  0|   2|           1|           1|
    |or_ln340_fu_145_p2          |    or    |      0|  0|   2|           1|           1|
    |or_ln785_fu_107_p2          |    or    |      0|  0|   2|           1|           1|
    |or_ln786_fu_134_p2          |    or    |      0|  0|   2|           1|           1|
    |p_Val2_18_fu_179_p3         |  select  |      0|  0|  14|           1|          14|
    |select_ln340_492_fu_262_p3  |  select  |      0|  0|  14|           1|          13|
    |select_ln340_525_fu_278_p3  |  select  |      0|  0|  14|           1|          14|
    |select_ln340_fu_163_p3      |  select  |      0|  0|  14|           1|          13|
    |select_ln388_173_fu_270_p3  |  select  |      0|  0|  15|           1|          15|
    |select_ln388_fu_171_p3      |  select  |      0|  0|  15|           1|          15|
    |xor_ln340_174_fu_250_p2     |    xor   |      0|  0|   2|           1|           2|
    |xor_ln340_316_fu_244_p2     |    xor   |      0|  0|   2|           1|           1|
    |xor_ln340_fu_151_p2         |    xor   |      0|  0|   2|           1|           2|
    |xor_ln785_fu_112_p2         |    xor   |      0|  0|   2|           1|           2|
    |xor_ln786_9_fu_232_p2       |    xor   |      0|  0|   2|           1|           2|
    |xor_ln786_fu_123_p2         |    xor   |      0|  0|   2|           1|           2|
    +----------------------------+----------+-------+---+----+------------+------------+
    |Total                       |          |      0|  0| 179|          61|         135|
    +----------------------------+----------+-------+---+----+------------+------------+

    * Multiplexer: 
    +-----------+----+-----------+-----+-----------+
    |    Name   | LUT| Input Size| Bits| Total Bits|
    +-----------+----+-----------+-----+-----------+
    |ap_return  |   9|          2|   14|         28|
    +-----------+----+-----------+-----+-----------+
    |Total      |   9|          2|   14|         28|
    +-----------+----+-----------+-----+-----------+

    * Register: 
    +-----------------------------------+----+----+-----+-----------+
    |                Name               | FF | LUT| Bits| Const Bits|
    +-----------------------------------+----+----+-----+-----------+
    |ap_ce_reg                          |   1|   0|    1|          0|
    |ap_return_int_reg                  |  14|   0|   14|          0|
    |bias_V_int_reg                     |  11|   0|   11|          0|
    |bias_V_read_reg_295                |  11|   0|   11|          0|
    |bias_V_read_reg_295_pp0_iter1_reg  |  11|   0|   11|          0|
    |p_Result_7_reg_316                 |   1|   0|    1|          0|
    |p_Result_s_reg_305                 |   1|   0|    1|          0|
    |p_Val2_18_reg_322                  |  14|   0|   14|          0|
    |r_V_4_reg_300                      |  19|   0|   19|          0|
    |sum_V_int_reg                      |   8|   0|    8|          0|
    |trunc_ln731_reg_311                |  13|   0|   13|          0|
    |weight_V_int_reg                   |  11|   0|   11|          0|
    +-----------------------------------+----+----+-----+-----------+
    |Total                              | 115|   0|  115|          0|
    +-----------------------------------+----+----+-----+-----------+



================================================================
== Interface
================================================================
* Summary: 
+-----------+-----+-----+------------+--------------+--------------+
| RTL Ports | Dir | Bits|  Protocol  | Source Object|    C Type    |
+-----------+-----+-----+------------+--------------+--------------+
|ap_clk     |  in |    1| ap_ctrl_hs |  batch_norm  | return value |
|ap_rst     |  in |    1| ap_ctrl_hs |  batch_norm  | return value |
|ap_return  | out |   14| ap_ctrl_hs |  batch_norm  | return value |
|ap_ce      |  in |    1| ap_ctrl_hs |  batch_norm  | return value |
|sum_V      |  in |    8|   ap_none  |     sum_V    |    scalar    |
|weight_V   |  in |   11|   ap_none  |   weight_V   |    scalar    |
|bias_V     |  in |   11|   ap_none  |    bias_V    |    scalar    |
+-----------+-----+-----+------------+--------------+--------------+

