INFO: [HLS 200-10] Running 'C:/Xilinx/Vivado/2019.2/bin/unwrapped/win64.o/vivado_hls.exe'
INFO: [HLS 200-10] For user 'Aperture' on host 'laptop-x1ext' (Windows NT_amd64 version 6.2) on Wed Dec 09 03:48:52 -0600 2020
INFO: [HLS 200-10] In directory 'C:/Users/Aperture/Git/FracNetHLS-ImageNet-pg-alt'
Sourcing Tcl script 'C:/Users/Aperture/Git/FracNetHLS-ImageNet-pg-alt/model/solution1/csim.tcl'
INFO: [HLS 200-10] Opening project 'C:/Users/Aperture/Git/FracNetHLS-ImageNet-pg-alt/model'.
INFO: [HLS 200-10] Opening solution 'C:/Users/Aperture/Git/FracNetHLS-ImageNet-pg-alt/model/solution1'.
INFO: [SYN 201-201] Setting up clock 'default' with a period of 10ns.
INFO: [SYN 201-201] Setting up clock 'default' with an uncertainty of 1.25ns.
INFO: [HLS 200-10] Setting target device to 'xczu3eg-sbva484-1-e'
INFO: [HLS 200-435] Setting 'config_sdx -optimization_level' configuration: config_export -vivado_optimization_level=2
INFO: [HLS 200-435] Setting 'config_sdx -target' configuration: config_export -vivado_optimization_level=2
INFO: [HLS 200-435] Setting 'config_sdx -target' configuration: set_clock_uncertainty default
INFO: [SIM 211-2] *************** CSIM start ***************
INFO: [SIM 211-4] CSIM will launch GCC as the compiler.
   Compiling ../../../../tb.cc in release mode
   Compiling ../../../../bnn.cc in release mode
   Generating csim.exe
In file included from C:/Xilinx/Vivado/2019.2/include/floating_point_v7_0_bitacc_cmodel.h:143:0,
                 from C:/Xilinx/Vivado/2019.2/include/hls_fpo.h:186,
                 from C:/Xilinx/Vivado/2019.2/include/hls_half.h:44,
                 from C:/Xilinx/Vivado/2019.2/include/etc/ap_private.h:90,
                 from C:/Xilinx/Vivado/2019.2/include/ap_common.h:641,
                 from C:/Xilinx/Vivado/2019.2/include/ap_int.h:54,
                 from ../../../../typedefs.h:6,
                 from ../../../../bnn.h:4,
                 from ../../../../tb.cc:2:
C:/Xilinx/Vivado/2019.2/include/gmp.h:62:0: warning: "__GMP_LIBGMP_DLL" redefined
 #define __GMP_LIBGMP_DLL  0
 
In file included from C:/Xilinx/Vivado/2019.2/include/hls_fpo.h:186:0,
                 from C:/Xilinx/Vivado/2019.2/include/hls_half.h:44,
                 from C:/Xilinx/Vivado/2019.2/include/etc/ap_private.h:90,
                 from C:/Xilinx/Vivado/2019.2/include/ap_common.h:641,
                 from C:/Xilinx/Vivado/2019.2/include/ap_int.h:54,
                 from ../../../../typedefs.h:6,
                 from ../../../../bnn.h:4,
                 from ../../../../tb.cc:2:
C:/Xilinx/Vivado/2019.2/include/floating_point_v7_0_bitacc_cmodel.h:135:0: note: this is the location of the previous definition
 #define __GMP_LIBGMP_DLL 1
 
In file included from C:/Xilinx/Vivado/2019.2/include/floating_point_v7_0_bitacc_cmodel.h:143:0,
                 from C:/Xilinx/Vivado/2019.2/include/hls_fpo.h:186,
                 from C:/Xilinx/Vivado/2019.2/include/hls_half.h:44,
                 from C:/Xilinx/Vivado/2019.2/include/etc/ap_private.h:90,
                 from C:/Xilinx/Vivado/2019.2/include/ap_common.h:641,
                 from C:/Xilinx/Vivado/2019.2/include/ap_int.h:54,
                 from ../../../../typedefs.h:6,
                 from ../../../../bnn.h:4,
                 from ../../../../bnn.cc:1:
C:/Xilinx/Vivado/2019.2/include/gmp.h:62:0: warning: "__GMP_LIBGMP_DLL" redefined
 #define __GMP_LIBGMP_DLL  0
 
In file included from C:/Xilinx/Vivado/2019.2/include/hls_fpo.h:186:0,
                 from C:/Xilinx/Vivado/2019.2/include/hls_half.h:44,
                 from C:/Xilinx/Vivado/2019.2/include/etc/ap_private.h:90,
                 from C:/Xilinx/Vivado/2019.2/include/ap_common.h:641,
                 from C:/Xilinx/Vivado/2019.2/include/ap_int.h:54,
                 from ../../../../typedefs.h:6,
                 from ../../../../bnn.h:4,
                 from ../../../../bnn.cc:1:
C:/Xilinx/Vivado/2019.2/include/floating_point_v7_0_bitacc_cmodel.h:135:0: note: this is the location of the previous definition
 #define __GMP_LIBGMP_DLL 1
 
image 0
0
27648
36864
73728
221184
368640
958464
1548288
3907584
6266880
8626176
10985472
13344768
15704064
25141248
0
2048
10240
26624
59392
124928
256000
518144
780288
1042432
1304576
1566720
2091008
3139584
Weights loading success 
Done conv1
Done layer 1
Done layer 2
Done layer 3
Done layer 4
Done layer 5
Done layer 6
Done layer 7
Done layer 8
Done layer 9
Done layer 10
Done layer 11
--------- layer11_shiftbn2_output ---------
-0.794424  -0.923917  -0.811646  -0.736444  -0.987739  -0.726689  -0.909043  -0.790419  -1.24335  -1.18581  -1.00999  -1.0497  -0.791573  -0.623495  
-0.661332  -1.0717  -0.881878  -0.354987  -0.323854  -0.393644  -0.493089  -0.492112  -0.987204  -0.638625  -1.07517  -0.889434  -1.32103  -0.845719  
-0.837001  -0.975367  -0.761339  -0.656908  -0.60881  0.179118  0.391902  0.0648356  -0.786108  -0.386386  -0.43076  -0.590138  -0.551326  -0.785264  
-0.719967  -1.07033  -0.879358  -0.0616563  0.330391  0.756171  1.53603  0.731157  -0.0789742  -0.919024  -1.20897  -1.05761  -0.530721  -0.86162  
-0.749657  -0.950208  -0.539753  -0.687719  0.566525  0.956396  1.10428  0.0123797  -0.654858  -0.378261  -0.836116  -1.07312  -1.01417  -0.48741  
-0.662447  -0.986633  -0.551262  -0.710194  -0.00463791  0.241556  0.142184  -0.445747  -0.234155  -0.421798  -0.151997  -0.146686  -1.09122  -0.775665  
-0.725377  -0.859727  -0.441525  -0.70069  -0.543046  -0.371706  -0.596092  0.149348  -0.178506  0.112771  0.28053  0.397831  -0.725792  -0.53559  
-0.740782  -1.11034  -0.810642  -0.307317  0.557043  -0.261576  -0.350978  0.110223  0.3472  0.0245344  -0.104227  -0.431215  -0.7803  -0.735361  
-0.810808  -0.461596  -0.905474  -0.64559  0.14617  -0.180983  -0.272365  0.093756  -0.153134  -0.390605  -0.496045  -0.588927  -0.754409  -1.05396  
-0.512609  -0.422112  -0.569947  0.22543  -0.162127  -0.20125  0.250065  -0.15667  -0.028299  0.303819  0.002832  -0.17239  -0.84626  -0.72055  
-0.815134  -0.426054  -0.299978  0.69258  0.573829  0.387489  0.394056  -0.210552  0.195346  0.251743  0.302254  -0.448265  -0.915497  -0.61548  
-0.820396  -0.765129  -0.584786  0.924594  0.0276922  -0.431376  -0.297754  -0.474028  -0.0866859  -0.291905  -0.270774  -1.0174  -0.785154  -0.535794  
-0.548817  -0.525692  -0.960778  1.12118  -0.333504  0.22769  -0.429154  -0.690905  -0.589455  -0.194405  -0.541575  -0.290337  -0.818048  -0.69069  
-1.02512  -1.00566  -1.13695  -0.780211  -0.825307  -0.866405  -0.959689  -1.25222  -1.31576  -1.0912  -0.970219  -1.07229  -0.378626  -0.863573  
---------- Torch above --------------------

-0.732991  -0.927909  -0.985425  -0.739305  -0.656346  -1.06082  -1.05241  -0.866093  -1.20498  -1.08563  -1.33359  -1.23671  -0.969436  -0.709362  
-0.859291  -0.742562  -1.04053  -0.578349  -0.161055  -0.345947  -0.782899  -0.527895  -0.354051  -0.606001  -0.29961  -1.25575  -1.3174  -0.517667  
-0.836294  -0.993569  -1.04617  -0.649108  -0.979413  0.0378465  -0.00800127  0.214295  -0.374009  -0.408748  -0.946301  -0.55347  -1.04123  -0.584162  
-1.11394  -0.78917  -0.712879  -0.285317  0.147343  0.354684  0.901348  0.234096  -0.223418  -0.728883  -0.708631  -0.829132  -0.827728  -0.844485  
-0.915035  -0.82109  -0.474764  -0.71608  -0.456811  0.772072  1.1077  -0.224502  -0.872235  -0.355658  -0.244898  -1.07684  -0.949956  -0.778621  
-0.533066  -0.506064  -0.519217  -0.846021  -1.00105  -0.0493782  0.474015  0.0528967  -0.334107  -0.489398  -0.250238  -0.499305  -0.871213  -0.842299  
-0.916372  -1.00163  -0.635566  -0.711622  -0.393357  -0.25447  -0.246412  0.328506  0.479144  0.171978  -0.17951  0.114187  -0.947751  -0.61638  
-0.967011  -0.813065  -0.317374  0.595171  0.977187  -0.216588  -0.833282  -0.500259  0.0985403  -0.214558  0.253687  -0.592762  -1.02564  -0.62176  
-1.07776  -1.00058  -0.617224  -0.305851  0.348448  -0.716902  -0.398015  -0.448856  0.284559  0.0215362  -0.16593  -1.04776  -1.10226  -1.08255  
-0.512964  -0.400054  -0.285964  0.492749  0.445967  -0.0292399  0.224528  0.0314337  0.700503  0.642832  0.428476  -0.398293  -1.03163  -0.909366  
-0.808817  -0.877069  0.769476  1.1384  0.496312  0.155616  0.344295  0.0845186  -0.011036  0.416994  0.0886816  -0.440394  -0.990853  -0.795312  
-0.613678  -0.677778  0.432647  0.587385  -0.137366  -0.725351  -0.198393  -0.402296  -0.443376  -0.472396  -0.679412  -1.02025  -1.1157  -0.400741  
-0.793454  -0.682206  -0.83014  0.282809  -0.446161  -0.374112  -1.07631  -0.74877  -1.05293  -0.858506  -0.518454  -0.917198  -0.790426  -0.834419  
-1.0091  -0.600632  -1.28867  -0.80041  -1.03036  -0.795912  -0.742668  -1.16128  -1.10373  -0.88049  -0.930434  -1.34041  -0.801902  -0.434516  
---------- SW above -----------------------

-0.732992  -0.92791  -0.985425  -0.739305  -0.656347  -1.06082  -1.05241  -0.866093  -1.20498  -1.08563  -1.33359  -1.23671  -0.969436  -0.709363  
-0.859292  -0.742562  -1.04053  -0.57835  -0.161056  -0.345947  -0.7829  -0.527896  -0.354053  -0.606001  -0.29961  -1.25575  -1.3174  -0.517668  
-0.836294  -0.993569  -1.04617  -0.649108  -0.979415  0.0378437  -0.0080027  0.214294  -0.374011  -0.408748  -0.946301  -0.553471  -1.04123  -0.584163  
-1.11394  -0.78917  -0.712879  -0.285317  0.147339  0.354682  0.901345  0.234094  -0.223422  -0.728884  -0.70863  -0.829133  -0.82773  -0.844486  
-0.915035  -0.82109  -0.474764  -0.71608  -0.456812  0.772071  1.1077  -0.224504  -0.872238  -0.355658  -0.244899  -1.07684  -0.949957  -0.778621  
-0.533067  -0.506064  -0.519217  -0.846021  -1.00105  -0.0493789  0.474019  0.0528966  -0.334108  -0.489398  -0.250239  -0.499307  -0.871214  -0.8423  
-0.916372  -1.00163  -0.635566  -0.711624  -0.393359  -0.254467  -0.246411  0.328511  0.479146  0.171974  -0.179511  0.114187  -0.947752  -0.61638  
-0.967011  -0.813066  -0.317374  0.595171  0.977187  -0.216588  -0.833284  -0.500261  0.0985352  -0.21456  0.253685  -0.592764  -1.02564  -0.621761  
-1.07776  -1.00058  -0.617228  -0.305853  0.348445  -0.716905  -0.398018  -0.448859  0.284557  0.0215345  -0.165932  -1.04776  -1.10226  -1.08256  
-0.512964  -0.400054  -0.285967  0.492748  0.445968  -0.0292392  0.224532  0.0314322  0.7005  0.64283  0.428475  -0.398293  -1.03163  -0.909366  
-0.808817  -0.87707  0.769479  1.1384  0.496315  0.155616  0.344299  0.0845189  -0.011038  0.416992  0.0886789  -0.440395  -0.990853  -0.795313  
-0.613679  -0.677778  0.432647  0.587389  -0.137369  -0.725353  -0.198394  -0.402299  -0.443378  -0.472397  -0.679414  -1.02025  -1.1157  -0.400742  
-0.793455  -0.682207  -0.830143  0.282806  -0.446163  -0.374113  -1.07632  -0.748772  -1.05293  -0.858507  -0.518456  -0.917201  -0.790426  -0.834419  
-1.0091  -0.600633  -1.28867  -0.800412  -1.03036  -0.795913  -0.74267  -1.16128  -1.10373  -0.88049  -0.930436  -1.34041  -0.801903  -0.434517  
---------- HW above ------------


Total absolute error: 29273.1
Total number of errors: 76133/100352
Maximum absolute pixel error: 3.74877

Total absolute error from C bench: 0.0962764
Total number of errors from C bench: 0/100352
Maximum absolute pixel error from C bench: 2.09808e-005
Tested
INFO: [SIM 211-1] CSim done with 0 errors.
INFO: [SIM 211-3] *************** CSIM finish ***************
