

================================================================
== Vivado HLS Report for 'fill_fm_buf_bn_16u_s'
================================================================
* Date:           Sun Sep  6 13:26:17 2020

* Version:        2019.2.1 (Build 2724168 on Thu Dec 05 05:19:09 MST 2019)
* Project:        ResNet
* Solution:       solution1
* Product family: zynquplus
* Target device:  xczu3eg-sbva484-1-e


================================================================
== Performance Estimates
================================================================
+ Timing: 
    * Summary: 
    +--------+----------+----------+------------+
    |  Clock |  Target  | Estimated| Uncertainty|
    +--------+----------+----------+------------+
    |ap_clk  | 10.00 ns | 6.707 ns |   1.25 ns  |
    +--------+----------+----------+------------+

+ Latency: 
    * Summary: 
    +---------+---------+----------+----------+-----+-----+---------+
    |  Latency (cycles) |  Latency (absolute) |  Interval | Pipeline|
    |   min   |   max   |    min   |    max   | min | max |   Type  |
    +---------+---------+----------+----------+-----+-----+---------+
    |       67|       67| 0.670 us | 0.670 us |   67|   67|   none  |
    +---------+---------+----------+----------+-----+-----+---------+

    + Detail: 
        * Instance: 
        N/A

        * Loop: 
        +----------+---------+---------+----------+-----------+-----------+------+----------+
        |          |  Latency (cycles) | Iteration|  Initiation Interval  | Trip |          |
        | Loop Name|   min   |   max   |  Latency |  achieved |   target  | Count| Pipelined|
        +----------+---------+---------+----------+-----------+-----------+------+----------+
        |- Loop 1  |       65|       65|         3|          1|          1|    64|    yes   |
        +----------+---------+---------+----------+-----------+-----------+------+----------+



================================================================
== Utilization Estimates
================================================================
* Summary: 
+-----------------+---------+-------+--------+-------+-----+
|       Name      | BRAM_18K| DSP48E|   FF   |  LUT  | URAM|
+-----------------+---------+-------+--------+-------+-----+
|DSP              |        -|      -|       -|      -|    -|
|Expression       |        -|      -|       0|   5024|    -|
|FIFO             |        -|      -|       -|      -|    -|
|Instance         |        -|      -|       -|      -|    -|
|Memory           |        -|      -|       -|      -|    -|
|Multiplexer      |        -|      -|       -|     75|    -|
|Register         |        -|      -|     634|      -|    -|
+-----------------+---------+-------+--------+-------+-----+
|Total            |        0|      0|     634|   5099|    0|
+-----------------+---------+-------+--------+-------+-----+
|Available        |      432|    360|  141120|  70560|    0|
+-----------------+---------+-------+--------+-------+-----+
|Utilization (%)  |        0|      0|   ~0   |      7|    0|
+-----------------+---------+-------+--------+-------+-----+

+ Detail: 
    * Instance: 
    N/A

    * DSP48E: 
    N/A

    * Memory: 
    N/A

    * FIFO: 
    N/A

    * Expression: 
    +-----------------------------+----------+-------+---+----+------------+------------+
    |        Variable Name        | Operation| DSP48E| FF| LUT| Bitwidth P0| Bitwidth P1|
    +-----------------------------+----------+-------+---+----+------------+------------+
    |add_ln1192_102_fu_2398_p2    |     +    |      0|  0|  31|          19|          24|
    |add_ln1192_103_fu_1024_p2    |     +    |      0|  0|  20|          13|          13|
    |add_ln1192_104_fu_2685_p2    |     +    |      0|  0|  31|          19|          24|
    |add_ln1192_105_fu_1114_p2    |     +    |      0|  0|  20|          13|          13|
    |add_ln1192_106_fu_2972_p2    |     +    |      0|  0|  31|          19|          24|
    |add_ln1192_107_fu_1204_p2    |     +    |      0|  0|  20|          13|          13|
    |add_ln1192_108_fu_3259_p2    |     +    |      0|  0|  31|          19|          24|
    |add_ln1192_109_fu_1294_p2    |     +    |      0|  0|  20|          13|          13|
    |add_ln1192_110_fu_3546_p2    |     +    |      0|  0|  31|          19|          24|
    |add_ln1192_111_fu_1384_p2    |     +    |      0|  0|  20|          13|          13|
    |add_ln1192_112_fu_3833_p2    |     +    |      0|  0|  31|          19|          24|
    |add_ln1192_113_fu_1474_p2    |     +    |      0|  0|  20|          13|          13|
    |add_ln1192_114_fu_4120_p2    |     +    |      0|  0|  31|          19|          24|
    |add_ln1192_115_fu_1564_p2    |     +    |      0|  0|  20|          13|          13|
    |add_ln1192_116_fu_4407_p2    |     +    |      0|  0|  31|          19|          24|
    |add_ln1192_117_fu_1654_p2    |     +    |      0|  0|  20|          13|          13|
    |add_ln1192_118_fu_4694_p2    |     +    |      0|  0|  31|          19|          24|
    |add_ln1192_119_fu_1744_p2    |     +    |      0|  0|  20|          13|          13|
    |add_ln1192_120_fu_4981_p2    |     +    |      0|  0|  31|          19|          24|
    |add_ln1192_121_fu_1834_p2    |     +    |      0|  0|  20|          13|          13|
    |add_ln1192_122_fu_5268_p2    |     +    |      0|  0|  31|          19|          24|
    |add_ln1192_123_fu_1924_p2    |     +    |      0|  0|  20|          13|          13|
    |add_ln1192_124_fu_5555_p2    |     +    |      0|  0|  31|          19|          24|
    |add_ln1192_125_fu_2014_p2    |     +    |      0|  0|  20|          13|          13|
    |add_ln1192_126_fu_5842_p2    |     +    |      0|  0|  31|          19|          24|
    |add_ln1192_127_fu_2104_p2    |     +    |      0|  0|  20|          13|          13|
    |add_ln1192_128_fu_6129_p2    |     +    |      0|  0|  31|          19|          24|
    |add_ln1192_129_fu_2194_p2    |     +    |      0|  0|  20|          13|          13|
    |add_ln1192_130_fu_6416_p2    |     +    |      0|  0|  31|          19|          24|
    |add_ln1192_131_fu_2284_p2    |     +    |      0|  0|  20|          13|          13|
    |add_ln1192_132_fu_6703_p2    |     +    |      0|  0|  31|          19|          24|
    |add_ln1192_133_fu_2404_p2    |     +    |      0|  0|  28|          19|          21|
    |add_ln1192_134_fu_2691_p2    |     +    |      0|  0|  28|          19|          21|
    |add_ln1192_135_fu_2978_p2    |     +    |      0|  0|  28|          19|          21|
    |add_ln1192_136_fu_3265_p2    |     +    |      0|  0|  28|          19|          21|
    |add_ln1192_137_fu_3552_p2    |     +    |      0|  0|  28|          19|          21|
    |add_ln1192_138_fu_3839_p2    |     +    |      0|  0|  28|          19|          21|
    |add_ln1192_139_fu_4126_p2    |     +    |      0|  0|  28|          19|          21|
    |add_ln1192_140_fu_4413_p2    |     +    |      0|  0|  28|          19|          21|
    |add_ln1192_141_fu_4700_p2    |     +    |      0|  0|  28|          19|          21|
    |add_ln1192_142_fu_4987_p2    |     +    |      0|  0|  28|          19|          21|
    |add_ln1192_143_fu_5274_p2    |     +    |      0|  0|  28|          19|          21|
    |add_ln1192_144_fu_5561_p2    |     +    |      0|  0|  28|          19|          21|
    |add_ln1192_145_fu_5848_p2    |     +    |      0|  0|  28|          19|          21|
    |add_ln1192_146_fu_6135_p2    |     +    |      0|  0|  28|          19|          21|
    |add_ln1192_147_fu_6422_p2    |     +    |      0|  0|  28|          19|          21|
    |add_ln1192_148_fu_6709_p2    |     +    |      0|  0|  28|          19|          21|
    |add_ln1192_fu_934_p2         |     +    |      0|  0|  20|          13|          13|
    |add_ln1265_10_fu_854_p2      |     +    |      0|  0|  19|           8|           8|
    |add_ln1265_11_fu_868_p2      |     +    |      0|  0|  19|          12|          12|
    |add_ln1265_12_fu_894_p2      |     +    |      0|  0|  19|           8|           8|
    |add_ln1265_7_fu_745_p2       |     +    |      0|  0|  71|          64|          64|
    |add_ln1265_8_fu_795_p2       |     +    |      0|  0|  71|          64|          64|
    |add_ln1265_9_fu_824_p2       |     +    |      0|  0|  19|          12|          12|
    |add_ln1265_fu_715_p2         |     +    |      0|  0|  15|           6|           6|
    |add_ln415_40_fu_2735_p2      |     +    |      0|  0|  19|          12|          12|
    |add_ln415_41_fu_3022_p2      |     +    |      0|  0|  19|          12|          12|
    |add_ln415_42_fu_3309_p2      |     +    |      0|  0|  19|          12|          12|
    |add_ln415_43_fu_3596_p2      |     +    |      0|  0|  19|          12|          12|
    |add_ln415_44_fu_3883_p2      |     +    |      0|  0|  19|          12|          12|
    |add_ln415_45_fu_4170_p2      |     +    |      0|  0|  19|          12|          12|
    |add_ln415_46_fu_4457_p2      |     +    |      0|  0|  19|          12|          12|
    |add_ln415_47_fu_4744_p2      |     +    |      0|  0|  19|          12|          12|
    |add_ln415_48_fu_5031_p2      |     +    |      0|  0|  19|          12|          12|
    |add_ln415_49_fu_5318_p2      |     +    |      0|  0|  19|          12|          12|
    |add_ln415_50_fu_5605_p2      |     +    |      0|  0|  19|          12|          12|
    |add_ln415_51_fu_5892_p2      |     +    |      0|  0|  19|          12|          12|
    |add_ln415_52_fu_6179_p2      |     +    |      0|  0|  19|          12|          12|
    |add_ln415_53_fu_6466_p2      |     +    |      0|  0|  19|          12|          12|
    |add_ln415_54_fu_6753_p2      |     +    |      0|  0|  19|          12|          12|
    |add_ln415_fu_2448_p2         |     +    |      0|  0|  19|          12|          12|
    |add_ln45_fu_757_p2           |     +    |      0|  0|  15|           7|           1|
    |add_ln703_61_fu_1038_p2      |     +    |      0|  0|  19|          12|          12|
    |add_ln703_62_fu_1128_p2      |     +    |      0|  0|  19|          12|          12|
    |add_ln703_63_fu_1218_p2      |     +    |      0|  0|  19|          12|          12|
    |add_ln703_64_fu_1308_p2      |     +    |      0|  0|  19|          12|          12|
    |add_ln703_65_fu_1398_p2      |     +    |      0|  0|  19|          12|          12|
    |add_ln703_66_fu_1488_p2      |     +    |      0|  0|  19|          12|          12|
    |add_ln703_67_fu_1578_p2      |     +    |      0|  0|  19|          12|          12|
    |add_ln703_68_fu_1668_p2      |     +    |      0|  0|  19|          12|          12|
    |add_ln703_69_fu_1758_p2      |     +    |      0|  0|  19|          12|          12|
    |add_ln703_70_fu_1848_p2      |     +    |      0|  0|  19|          12|          12|
    |add_ln703_71_fu_1938_p2      |     +    |      0|  0|  19|          12|          12|
    |add_ln703_72_fu_2028_p2      |     +    |      0|  0|  19|          12|          12|
    |add_ln703_73_fu_2118_p2      |     +    |      0|  0|  19|          12|          12|
    |add_ln703_74_fu_2208_p2      |     +    |      0|  0|  19|          12|          12|
    |add_ln703_75_fu_2298_p2      |     +    |      0|  0|  19|          12|          12|
    |add_ln703_fu_948_p2          |     +    |      0|  0|  19|          12|          12|
    |bcol_fu_920_p2               |     +    |      0|  0|  12|           1|           4|
    |brow_fu_763_p2               |     +    |      0|  0|  12|           1|           4|
    |sub_ln1118_16_fu_2675_p2     |     -    |      0|  0|  31|          24|          24|
    |sub_ln1118_17_fu_2962_p2     |     -    |      0|  0|  31|          24|          24|
    |sub_ln1118_18_fu_3249_p2     |     -    |      0|  0|  31|          24|          24|
    |sub_ln1118_19_fu_3536_p2     |     -    |      0|  0|  31|          24|          24|
    |sub_ln1118_20_fu_3823_p2     |     -    |      0|  0|  31|          24|          24|
    |sub_ln1118_21_fu_4110_p2     |     -    |      0|  0|  31|          24|          24|
    |sub_ln1118_22_fu_4397_p2     |     -    |      0|  0|  31|          24|          24|
    |sub_ln1118_23_fu_4684_p2     |     -    |      0|  0|  31|          24|          24|
    |sub_ln1118_24_fu_4971_p2     |     -    |      0|  0|  31|          24|          24|
    |sub_ln1118_25_fu_5258_p2     |     -    |      0|  0|  31|          24|          24|
    |sub_ln1118_26_fu_5545_p2     |     -    |      0|  0|  31|          24|          24|
    |sub_ln1118_27_fu_5832_p2     |     -    |      0|  0|  31|          24|          24|
    |sub_ln1118_28_fu_6119_p2     |     -    |      0|  0|  31|          24|          24|
    |sub_ln1118_29_fu_6406_p2     |     -    |      0|  0|  31|          24|          24|
    |sub_ln1118_30_fu_6693_p2     |     -    |      0|  0|  31|          24|          24|
    |sub_ln1118_fu_2388_p2        |     -    |      0|  0|  31|          24|          24|
    |and_ln416_40_fu_2755_p2      |    and   |      0|  0|   2|           1|           1|
    |and_ln416_41_fu_3042_p2      |    and   |      0|  0|   2|           1|           1|
    |and_ln416_42_fu_3329_p2      |    and   |      0|  0|   2|           1|           1|
    |and_ln416_43_fu_3616_p2      |    and   |      0|  0|   2|           1|           1|
    |and_ln416_44_fu_3903_p2      |    and   |      0|  0|   2|           1|           1|
    |and_ln416_45_fu_4190_p2      |    and   |      0|  0|   2|           1|           1|
    |and_ln416_46_fu_4477_p2      |    and   |      0|  0|   2|           1|           1|
    |and_ln416_47_fu_4764_p2      |    and   |      0|  0|   2|           1|           1|
    |and_ln416_48_fu_5051_p2      |    and   |      0|  0|   2|           1|           1|
    |and_ln416_49_fu_5338_p2      |    and   |      0|  0|   2|           1|           1|
    |and_ln416_50_fu_5625_p2      |    and   |      0|  0|   2|           1|           1|
    |and_ln416_51_fu_5912_p2      |    and   |      0|  0|   2|           1|           1|
    |and_ln416_52_fu_6199_p2      |    and   |      0|  0|   2|           1|           1|
    |and_ln416_53_fu_6486_p2      |    and   |      0|  0|   2|           1|           1|
    |and_ln416_54_fu_6773_p2      |    and   |      0|  0|   2|           1|           1|
    |and_ln416_fu_2468_p2         |    and   |      0|  0|   2|           1|           1|
    |and_ln779_10_fu_5412_p2      |    and   |      0|  0|   2|           1|           1|
    |and_ln779_11_fu_5699_p2      |    and   |      0|  0|   2|           1|           1|
    |and_ln779_12_fu_5986_p2      |    and   |      0|  0|   2|           1|           1|
    |and_ln779_13_fu_6273_p2      |    and   |      0|  0|   2|           1|           1|
    |and_ln779_14_fu_6560_p2      |    and   |      0|  0|   2|           1|           1|
    |and_ln779_15_fu_6847_p2      |    and   |      0|  0|   2|           1|           1|
    |and_ln779_1_fu_2829_p2       |    and   |      0|  0|   2|           1|           1|
    |and_ln779_2_fu_3116_p2       |    and   |      0|  0|   2|           1|           1|
    |and_ln779_3_fu_3403_p2       |    and   |      0|  0|   2|           1|           1|
    |and_ln779_4_fu_3690_p2       |    and   |      0|  0|   2|           1|           1|
    |and_ln779_5_fu_3977_p2       |    and   |      0|  0|   2|           1|           1|
    |and_ln779_6_fu_4264_p2       |    and   |      0|  0|   2|           1|           1|
    |and_ln779_7_fu_4551_p2       |    and   |      0|  0|   2|           1|           1|
    |and_ln779_8_fu_4838_p2       |    and   |      0|  0|   2|           1|           1|
    |and_ln779_9_fu_5125_p2       |    and   |      0|  0|   2|           1|           1|
    |and_ln779_fu_2542_p2         |    and   |      0|  0|   2|           1|           1|
    |and_ln781_10_fu_5426_p2      |    and   |      0|  0|   2|           1|           1|
    |and_ln781_11_fu_5713_p2      |    and   |      0|  0|   2|           1|           1|
    |and_ln781_12_fu_6000_p2      |    and   |      0|  0|   2|           1|           1|
    |and_ln781_13_fu_6287_p2      |    and   |      0|  0|   2|           1|           1|
    |and_ln781_14_fu_6574_p2      |    and   |      0|  0|   2|           1|           1|
    |and_ln781_15_fu_6861_p2      |    and   |      0|  0|   2|           1|           1|
    |and_ln781_1_fu_2843_p2       |    and   |      0|  0|   2|           1|           1|
    |and_ln781_2_fu_3130_p2       |    and   |      0|  0|   2|           1|           1|
    |and_ln781_3_fu_3417_p2       |    and   |      0|  0|   2|           1|           1|
    |and_ln781_4_fu_3704_p2       |    and   |      0|  0|   2|           1|           1|
    |and_ln781_5_fu_3991_p2       |    and   |      0|  0|   2|           1|           1|
    |and_ln781_6_fu_4278_p2       |    and   |      0|  0|   2|           1|           1|
    |and_ln781_7_fu_4565_p2       |    and   |      0|  0|   2|           1|           1|
    |and_ln781_8_fu_4852_p2       |    and   |      0|  0|   2|           1|           1|
    |and_ln781_9_fu_5139_p2       |    and   |      0|  0|   2|           1|           1|
    |and_ln781_fu_2556_p2         |    and   |      0|  0|   2|           1|           1|
    |and_ln785_40_fu_2867_p2      |    and   |      0|  0|   2|           1|           1|
    |and_ln785_41_fu_3154_p2      |    and   |      0|  0|   2|           1|           1|
    |and_ln785_42_fu_3441_p2      |    and   |      0|  0|   2|           1|           1|
    |and_ln785_43_fu_3728_p2      |    and   |      0|  0|   2|           1|           1|
    |and_ln785_44_fu_4015_p2      |    and   |      0|  0|   2|           1|           1|
    |and_ln785_45_fu_4302_p2      |    and   |      0|  0|   2|           1|           1|
    |and_ln785_46_fu_4589_p2      |    and   |      0|  0|   2|           1|           1|
    |and_ln785_47_fu_4876_p2      |    and   |      0|  0|   2|           1|           1|
    |and_ln785_48_fu_5163_p2      |    and   |      0|  0|   2|           1|           1|
    |and_ln785_49_fu_5450_p2      |    and   |      0|  0|   2|           1|           1|
    |and_ln785_50_fu_5737_p2      |    and   |      0|  0|   2|           1|           1|
    |and_ln785_51_fu_6024_p2      |    and   |      0|  0|   2|           1|           1|
    |and_ln785_52_fu_6311_p2      |    and   |      0|  0|   2|           1|           1|
    |and_ln785_53_fu_6598_p2      |    and   |      0|  0|   2|           1|           1|
    |and_ln785_54_fu_6885_p2      |    and   |      0|  0|   2|           1|           1|
    |and_ln785_fu_2580_p2         |    and   |      0|  0|   2|           1|           1|
    |and_ln786_108_fu_2586_p2     |    and   |      0|  0|   2|           1|           1|
    |and_ln786_109_fu_2604_p2     |    and   |      0|  0|   2|           1|           1|
    |and_ln786_10_fu_5456_p2      |    and   |      0|  0|   2|           1|           1|
    |and_ln786_110_fu_1058_p2     |    and   |      0|  0|   2|           1|           1|
    |and_ln786_111_fu_2891_p2     |    and   |      0|  0|   2|           1|           1|
    |and_ln786_112_fu_1148_p2     |    and   |      0|  0|   2|           1|           1|
    |and_ln786_113_fu_3178_p2     |    and   |      0|  0|   2|           1|           1|
    |and_ln786_114_fu_1238_p2     |    and   |      0|  0|   2|           1|           1|
    |and_ln786_115_fu_3465_p2     |    and   |      0|  0|   2|           1|           1|
    |and_ln786_116_fu_1328_p2     |    and   |      0|  0|   2|           1|           1|
    |and_ln786_117_fu_3752_p2     |    and   |      0|  0|   2|           1|           1|
    |and_ln786_118_fu_1418_p2     |    and   |      0|  0|   2|           1|           1|
    |and_ln786_119_fu_4039_p2     |    and   |      0|  0|   2|           1|           1|
    |and_ln786_11_fu_5743_p2      |    and   |      0|  0|   2|           1|           1|
    |and_ln786_120_fu_1508_p2     |    and   |      0|  0|   2|           1|           1|
    |and_ln786_121_fu_4326_p2     |    and   |      0|  0|   2|           1|           1|
    |and_ln786_122_fu_1598_p2     |    and   |      0|  0|   2|           1|           1|
    |and_ln786_123_fu_4613_p2     |    and   |      0|  0|   2|           1|           1|
    |and_ln786_124_fu_1688_p2     |    and   |      0|  0|   2|           1|           1|
    |and_ln786_125_fu_4900_p2     |    and   |      0|  0|   2|           1|           1|
    |and_ln786_126_fu_1778_p2     |    and   |      0|  0|   2|           1|           1|
    |and_ln786_127_fu_5187_p2     |    and   |      0|  0|   2|           1|           1|
    |and_ln786_128_fu_1868_p2     |    and   |      0|  0|   2|           1|           1|
    |and_ln786_129_fu_5474_p2     |    and   |      0|  0|   2|           1|           1|
    |and_ln786_12_fu_6030_p2      |    and   |      0|  0|   2|           1|           1|
    |and_ln786_130_fu_1958_p2     |    and   |      0|  0|   2|           1|           1|
    |and_ln786_131_fu_5761_p2     |    and   |      0|  0|   2|           1|           1|
    |and_ln786_132_fu_2048_p2     |    and   |      0|  0|   2|           1|           1|
    |and_ln786_133_fu_6048_p2     |    and   |      0|  0|   2|           1|           1|
    |and_ln786_134_fu_2138_p2     |    and   |      0|  0|   2|           1|           1|
    |and_ln786_135_fu_6335_p2     |    and   |      0|  0|   2|           1|           1|
    |and_ln786_136_fu_2228_p2     |    and   |      0|  0|   2|           1|           1|
    |and_ln786_137_fu_6622_p2     |    and   |      0|  0|   2|           1|           1|
    |and_ln786_138_fu_2318_p2     |    and   |      0|  0|   2|           1|           1|
    |and_ln786_139_fu_6909_p2     |    and   |      0|  0|   2|           1|           1|
    |and_ln786_13_fu_6317_p2      |    and   |      0|  0|   2|           1|           1|
    |and_ln786_14_fu_6604_p2      |    and   |      0|  0|   2|           1|           1|
    |and_ln786_15_fu_6891_p2      |    and   |      0|  0|   2|           1|           1|
    |and_ln786_1_fu_2873_p2       |    and   |      0|  0|   2|           1|           1|
    |and_ln786_2_fu_3160_p2       |    and   |      0|  0|   2|           1|           1|
    |and_ln786_3_fu_3447_p2       |    and   |      0|  0|   2|           1|           1|
    |and_ln786_4_fu_3734_p2       |    and   |      0|  0|   2|           1|           1|
    |and_ln786_5_fu_4021_p2       |    and   |      0|  0|   2|           1|           1|
    |and_ln786_6_fu_4308_p2       |    and   |      0|  0|   2|           1|           1|
    |and_ln786_7_fu_4595_p2       |    and   |      0|  0|   2|           1|           1|
    |and_ln786_8_fu_4882_p2       |    and   |      0|  0|   2|           1|           1|
    |and_ln786_9_fu_5169_p2       |    and   |      0|  0|   2|           1|           1|
    |and_ln786_fu_968_p2          |    and   |      0|  0|   2|           1|           1|
    |icmp_ln45_fu_751_p2          |   icmp   |      0|  0|  11|           7|           8|
    |icmp_ln46_fu_769_p2          |   icmp   |      0|  0|   9|           4|           4|
    |icmp_ln768_40_fu_2801_p2     |   icmp   |      0|  0|   9|           4|           1|
    |icmp_ln768_41_fu_3088_p2     |   icmp   |      0|  0|   9|           4|           1|
    |icmp_ln768_42_fu_3375_p2     |   icmp   |      0|  0|   9|           4|           1|
    |icmp_ln768_43_fu_3662_p2     |   icmp   |      0|  0|   9|           4|           1|
    |icmp_ln768_44_fu_3949_p2     |   icmp   |      0|  0|   9|           4|           1|
    |icmp_ln768_45_fu_4236_p2     |   icmp   |      0|  0|   9|           4|           1|
    |icmp_ln768_46_fu_4523_p2     |   icmp   |      0|  0|   9|           4|           1|
    |icmp_ln768_47_fu_4810_p2     |   icmp   |      0|  0|   9|           4|           1|
    |icmp_ln768_48_fu_5097_p2     |   icmp   |      0|  0|   9|           4|           1|
    |icmp_ln768_49_fu_5384_p2     |   icmp   |      0|  0|   9|           4|           1|
    |icmp_ln768_50_fu_5671_p2     |   icmp   |      0|  0|   9|           4|           1|
    |icmp_ln768_51_fu_5958_p2     |   icmp   |      0|  0|   9|           4|           1|
    |icmp_ln768_52_fu_6245_p2     |   icmp   |      0|  0|   9|           4|           1|
    |icmp_ln768_53_fu_6532_p2     |   icmp   |      0|  0|   9|           4|           1|
    |icmp_ln768_54_fu_6819_p2     |   icmp   |      0|  0|   9|           4|           1|
    |icmp_ln768_fu_2514_p2        |   icmp   |      0|  0|   9|           4|           1|
    |icmp_ln879_100_fu_5091_p2    |   icmp   |      0|  0|   9|           4|           2|
    |icmp_ln879_101_fu_5362_p2    |   icmp   |      0|  0|   9|           3|           2|
    |icmp_ln879_102_fu_5378_p2    |   icmp   |      0|  0|   9|           4|           2|
    |icmp_ln879_103_fu_5649_p2    |   icmp   |      0|  0|   9|           3|           2|
    |icmp_ln879_104_fu_5665_p2    |   icmp   |      0|  0|   9|           4|           2|
    |icmp_ln879_105_fu_5936_p2    |   icmp   |      0|  0|   9|           3|           2|
    |icmp_ln879_106_fu_5952_p2    |   icmp   |      0|  0|   9|           4|           2|
    |icmp_ln879_107_fu_6223_p2    |   icmp   |      0|  0|   9|           3|           2|
    |icmp_ln879_108_fu_6239_p2    |   icmp   |      0|  0|   9|           4|           2|
    |icmp_ln879_109_fu_6510_p2    |   icmp   |      0|  0|   9|           3|           2|
    |icmp_ln879_110_fu_6526_p2    |   icmp   |      0|  0|   9|           4|           2|
    |icmp_ln879_111_fu_6797_p2    |   icmp   |      0|  0|   9|           3|           2|
    |icmp_ln879_112_fu_6813_p2    |   icmp   |      0|  0|   9|           4|           2|
    |icmp_ln879_82_fu_2508_p2     |   icmp   |      0|  0|   9|           4|           2|
    |icmp_ln879_83_fu_2779_p2     |   icmp   |      0|  0|   9|           3|           2|
    |icmp_ln879_84_fu_2795_p2     |   icmp   |      0|  0|   9|           4|           2|
    |icmp_ln879_85_fu_3066_p2     |   icmp   |      0|  0|   9|           3|           2|
    |icmp_ln879_86_fu_3082_p2     |   icmp   |      0|  0|   9|           4|           2|
    |icmp_ln879_87_fu_3353_p2     |   icmp   |      0|  0|   9|           3|           2|
    |icmp_ln879_88_fu_3369_p2     |   icmp   |      0|  0|   9|           4|           2|
    |icmp_ln879_89_fu_3640_p2     |   icmp   |      0|  0|   9|           3|           2|
    |icmp_ln879_90_fu_3656_p2     |   icmp   |      0|  0|   9|           4|           2|
    |icmp_ln879_91_fu_3927_p2     |   icmp   |      0|  0|   9|           3|           2|
    |icmp_ln879_92_fu_3943_p2     |   icmp   |      0|  0|   9|           4|           2|
    |icmp_ln879_93_fu_4214_p2     |   icmp   |      0|  0|   9|           3|           2|
    |icmp_ln879_94_fu_4230_p2     |   icmp   |      0|  0|   9|           4|           2|
    |icmp_ln879_95_fu_4501_p2     |   icmp   |      0|  0|   9|           3|           2|
    |icmp_ln879_96_fu_4517_p2     |   icmp   |      0|  0|   9|           4|           2|
    |icmp_ln879_97_fu_4788_p2     |   icmp   |      0|  0|   9|           3|           2|
    |icmp_ln879_98_fu_4804_p2     |   icmp   |      0|  0|   9|           4|           2|
    |icmp_ln879_99_fu_5075_p2     |   icmp   |      0|  0|   9|           3|           2|
    |icmp_ln879_fu_2492_p2        |   icmp   |      0|  0|   9|           3|           2|
    |or_ln340_185_fu_2610_p2      |    or    |      0|  0|   2|           1|           1|
    |or_ln340_186_fu_2616_p2      |    or    |      0|  0|   2|           1|           1|
    |or_ln340_187_fu_2622_p2      |    or    |      0|  0|   2|           1|           1|
    |or_ln340_188_fu_1076_p2      |    or    |      0|  0|   2|           1|           1|
    |or_ln340_189_fu_2897_p2      |    or    |      0|  0|   2|           1|           1|
    |or_ln340_190_fu_2903_p2      |    or    |      0|  0|   2|           1|           1|
    |or_ln340_191_fu_2909_p2      |    or    |      0|  0|   2|           1|           1|
    |or_ln340_192_fu_1166_p2      |    or    |      0|  0|   2|           1|           1|
    |or_ln340_193_fu_3184_p2      |    or    |      0|  0|   2|           1|           1|
    |or_ln340_194_fu_3190_p2      |    or    |      0|  0|   2|           1|           1|
    |or_ln340_195_fu_3196_p2      |    or    |      0|  0|   2|           1|           1|
    |or_ln340_196_fu_1256_p2      |    or    |      0|  0|   2|           1|           1|
    |or_ln340_197_fu_3471_p2      |    or    |      0|  0|   2|           1|           1|
    |or_ln340_198_fu_3477_p2      |    or    |      0|  0|   2|           1|           1|
    |or_ln340_199_fu_3483_p2      |    or    |      0|  0|   2|           1|           1|
    |or_ln340_200_fu_1346_p2      |    or    |      0|  0|   2|           1|           1|
    |or_ln340_201_fu_3758_p2      |    or    |      0|  0|   2|           1|           1|
    |or_ln340_202_fu_3764_p2      |    or    |      0|  0|   2|           1|           1|
    |or_ln340_203_fu_3770_p2      |    or    |      0|  0|   2|           1|           1|
    |or_ln340_204_fu_1436_p2      |    or    |      0|  0|   2|           1|           1|
    |or_ln340_205_fu_4045_p2      |    or    |      0|  0|   2|           1|           1|
    |or_ln340_206_fu_4051_p2      |    or    |      0|  0|   2|           1|           1|
    |or_ln340_207_fu_4057_p2      |    or    |      0|  0|   2|           1|           1|
    |or_ln340_208_fu_1526_p2      |    or    |      0|  0|   2|           1|           1|
    |or_ln340_209_fu_4332_p2      |    or    |      0|  0|   2|           1|           1|
    |or_ln340_210_fu_4338_p2      |    or    |      0|  0|   2|           1|           1|
    |or_ln340_211_fu_4344_p2      |    or    |      0|  0|   2|           1|           1|
    |or_ln340_212_fu_1616_p2      |    or    |      0|  0|   2|           1|           1|
    |or_ln340_213_fu_4619_p2      |    or    |      0|  0|   2|           1|           1|
    |or_ln340_214_fu_4625_p2      |    or    |      0|  0|   2|           1|           1|
    |or_ln340_215_fu_4631_p2      |    or    |      0|  0|   2|           1|           1|
    |or_ln340_216_fu_1706_p2      |    or    |      0|  0|   2|           1|           1|
    |or_ln340_217_fu_4906_p2      |    or    |      0|  0|   2|           1|           1|
    |or_ln340_218_fu_4912_p2      |    or    |      0|  0|   2|           1|           1|
    |or_ln340_219_fu_4918_p2      |    or    |      0|  0|   2|           1|           1|
    |or_ln340_220_fu_1796_p2      |    or    |      0|  0|   2|           1|           1|
    |or_ln340_221_fu_5193_p2      |    or    |      0|  0|   2|           1|           1|
    |or_ln340_222_fu_5199_p2      |    or    |      0|  0|   2|           1|           1|
    |or_ln340_223_fu_5205_p2      |    or    |      0|  0|   2|           1|           1|
    |or_ln340_224_fu_1886_p2      |    or    |      0|  0|   2|           1|           1|
    |or_ln340_225_fu_5480_p2      |    or    |      0|  0|   2|           1|           1|
    |or_ln340_226_fu_5486_p2      |    or    |      0|  0|   2|           1|           1|
    |or_ln340_227_fu_5492_p2      |    or    |      0|  0|   2|           1|           1|
    |or_ln340_228_fu_1976_p2      |    or    |      0|  0|   2|           1|           1|
    |or_ln340_229_fu_5767_p2      |    or    |      0|  0|   2|           1|           1|
    |or_ln340_230_fu_5773_p2      |    or    |      0|  0|   2|           1|           1|
    |or_ln340_231_fu_5779_p2      |    or    |      0|  0|   2|           1|           1|
    |or_ln340_232_fu_2066_p2      |    or    |      0|  0|   2|           1|           1|
    |or_ln340_233_fu_6054_p2      |    or    |      0|  0|   2|           1|           1|
    |or_ln340_234_fu_6060_p2      |    or    |      0|  0|   2|           1|           1|
    |or_ln340_235_fu_6066_p2      |    or    |      0|  0|   2|           1|           1|
    |or_ln340_236_fu_2156_p2      |    or    |      0|  0|   2|           1|           1|
    |or_ln340_237_fu_6341_p2      |    or    |      0|  0|   2|           1|           1|
    |or_ln340_238_fu_6347_p2      |    or    |      0|  0|   2|           1|           1|
    |or_ln340_239_fu_6353_p2      |    or    |      0|  0|   2|           1|           1|
    |or_ln340_240_fu_2246_p2      |    or    |      0|  0|   2|           1|           1|
    |or_ln340_241_fu_6628_p2      |    or    |      0|  0|   2|           1|           1|
    |or_ln340_242_fu_6634_p2      |    or    |      0|  0|   2|           1|           1|
    |or_ln340_243_fu_6640_p2      |    or    |      0|  0|   2|           1|           1|
    |or_ln340_244_fu_2336_p2      |    or    |      0|  0|   2|           1|           1|
    |or_ln340_245_fu_6915_p2      |    or    |      0|  0|   2|           1|           1|
    |or_ln340_246_fu_6921_p2      |    or    |      0|  0|   2|           1|           1|
    |or_ln340_247_fu_6927_p2      |    or    |      0|  0|   2|           1|           1|
    |or_ln340_fu_986_p2           |    or    |      0|  0|   2|           1|           1|
    |or_ln785_40_fu_2855_p2       |    or    |      0|  0|   2|           1|           1|
    |or_ln785_41_fu_3142_p2       |    or    |      0|  0|   2|           1|           1|
    |or_ln785_42_fu_3429_p2       |    or    |      0|  0|   2|           1|           1|
    |or_ln785_43_fu_3716_p2       |    or    |      0|  0|   2|           1|           1|
    |or_ln785_44_fu_4003_p2       |    or    |      0|  0|   2|           1|           1|
    |or_ln785_45_fu_4290_p2       |    or    |      0|  0|   2|           1|           1|
    |or_ln785_46_fu_4577_p2       |    or    |      0|  0|   2|           1|           1|
    |or_ln785_47_fu_4864_p2       |    or    |      0|  0|   2|           1|           1|
    |or_ln785_48_fu_5151_p2       |    or    |      0|  0|   2|           1|           1|
    |or_ln785_49_fu_5438_p2       |    or    |      0|  0|   2|           1|           1|
    |or_ln785_50_fu_5725_p2       |    or    |      0|  0|   2|           1|           1|
    |or_ln785_51_fu_6012_p2       |    or    |      0|  0|   2|           1|           1|
    |or_ln785_52_fu_6299_p2       |    or    |      0|  0|   2|           1|           1|
    |or_ln785_53_fu_6586_p2       |    or    |      0|  0|   2|           1|           1|
    |or_ln785_54_fu_6873_p2       |    or    |      0|  0|   2|           1|           1|
    |or_ln785_fu_2568_p2          |    or    |      0|  0|   2|           1|           1|
    |or_ln786_40_fu_2879_p2       |    or    |      0|  0|   2|           1|           1|
    |or_ln786_41_fu_3166_p2       |    or    |      0|  0|   2|           1|           1|
    |or_ln786_42_fu_3453_p2       |    or    |      0|  0|   2|           1|           1|
    |or_ln786_43_fu_3740_p2       |    or    |      0|  0|   2|           1|           1|
    |or_ln786_44_fu_4027_p2       |    or    |      0|  0|   2|           1|           1|
    |or_ln786_45_fu_4314_p2       |    or    |      0|  0|   2|           1|           1|
    |or_ln786_46_fu_4601_p2       |    or    |      0|  0|   2|           1|           1|
    |or_ln786_47_fu_4888_p2       |    or    |      0|  0|   2|           1|           1|
    |or_ln786_48_fu_5175_p2       |    or    |      0|  0|   2|           1|           1|
    |or_ln786_49_fu_5462_p2       |    or    |      0|  0|   2|           1|           1|
    |or_ln786_50_fu_5749_p2       |    or    |      0|  0|   2|           1|           1|
    |or_ln786_51_fu_6036_p2       |    or    |      0|  0|   2|           1|           1|
    |or_ln786_52_fu_6323_p2       |    or    |      0|  0|   2|           1|           1|
    |or_ln786_53_fu_6610_p2       |    or    |      0|  0|   2|           1|           1|
    |or_ln786_54_fu_6897_p2       |    or    |      0|  0|   2|           1|           1|
    |or_ln786_fu_2592_p2          |    or    |      0|  0|   2|           1|           1|
    |fm_buf_V_0_d1                |  select  |      0|  0|  12|           1|          12|
    |fm_buf_V_10_d1               |  select  |      0|  0|  12|           1|          12|
    |fm_buf_V_11_d1               |  select  |      0|  0|  12|           1|          12|
    |fm_buf_V_12_d1               |  select  |      0|  0|  12|           1|          12|
    |fm_buf_V_13_d1               |  select  |      0|  0|  12|           1|          12|
    |fm_buf_V_14_d1               |  select  |      0|  0|  12|           1|          12|
    |fm_buf_V_15_d1               |  select  |      0|  0|  12|           1|          12|
    |fm_buf_V_1_d1                |  select  |      0|  0|  12|           1|          12|
    |fm_buf_V_2_d1                |  select  |      0|  0|  12|           1|          12|
    |fm_buf_V_3_d1                |  select  |      0|  0|  12|           1|          12|
    |fm_buf_V_4_d1                |  select  |      0|  0|  12|           1|          12|
    |fm_buf_V_5_d1                |  select  |      0|  0|  12|           1|          12|
    |fm_buf_V_6_d1                |  select  |      0|  0|  12|           1|          12|
    |fm_buf_V_7_d1                |  select  |      0|  0|  12|           1|          12|
    |fm_buf_V_8_d1                |  select  |      0|  0|  12|           1|          12|
    |fm_buf_V_9_d1                |  select  |      0|  0|  12|           1|          12|
    |select_ln340_10_fu_1892_p3   |  select  |      0|  0|  12|           1|          11|
    |select_ln340_11_fu_1982_p3   |  select  |      0|  0|  12|           1|          11|
    |select_ln340_126_fu_1008_p3  |  select  |      0|  0|  12|           1|          12|
    |select_ln340_128_fu_1098_p3  |  select  |      0|  0|  12|           1|          12|
    |select_ln340_12_fu_2072_p3   |  select  |      0|  0|  12|           1|          11|
    |select_ln340_130_fu_1188_p3  |  select  |      0|  0|  12|           1|          12|
    |select_ln340_132_fu_1278_p3  |  select  |      0|  0|  12|           1|          12|
    |select_ln340_134_fu_1368_p3  |  select  |      0|  0|  12|           1|          12|
    |select_ln340_136_fu_1458_p3  |  select  |      0|  0|  12|           1|          12|
    |select_ln340_138_fu_1548_p3  |  select  |      0|  0|  12|           1|          12|
    |select_ln340_13_fu_2162_p3   |  select  |      0|  0|  12|           1|          11|
    |select_ln340_140_fu_1638_p3  |  select  |      0|  0|  12|           1|          12|
    |select_ln340_142_fu_1728_p3  |  select  |      0|  0|  12|           1|          12|
    |select_ln340_144_fu_1818_p3  |  select  |      0|  0|  12|           1|          12|
    |select_ln340_146_fu_1908_p3  |  select  |      0|  0|  12|           1|          12|
    |select_ln340_148_fu_1998_p3  |  select  |      0|  0|  12|           1|          12|
    |select_ln340_14_fu_2252_p3   |  select  |      0|  0|  12|           1|          11|
    |select_ln340_150_fu_2088_p3  |  select  |      0|  0|  12|           1|          12|
    |select_ln340_152_fu_2178_p3  |  select  |      0|  0|  12|           1|          12|
    |select_ln340_154_fu_2268_p3  |  select  |      0|  0|  12|           1|          12|
    |select_ln340_156_fu_2358_p3  |  select  |      0|  0|  12|           1|          12|
    |select_ln340_15_fu_2342_p3   |  select  |      0|  0|  12|           1|          11|
    |select_ln340_1_fu_1082_p3    |  select  |      0|  0|  12|           1|          11|
    |select_ln340_2_fu_1172_p3    |  select  |      0|  0|  12|           1|          11|
    |select_ln340_38_fu_1262_p3   |  select  |      0|  0|  12|           1|          11|
    |select_ln340_49_fu_2628_p3   |  select  |      0|  0|  12|           1|          11|
    |select_ln340_4_fu_1352_p3    |  select  |      0|  0|  12|           1|          11|
    |select_ln340_50_fu_2915_p3   |  select  |      0|  0|  12|           1|          11|
    |select_ln340_51_fu_3202_p3   |  select  |      0|  0|  12|           1|          11|
    |select_ln340_52_fu_3489_p3   |  select  |      0|  0|  12|           1|          11|
    |select_ln340_53_fu_3776_p3   |  select  |      0|  0|  12|           1|          11|
    |select_ln340_54_fu_4063_p3   |  select  |      0|  0|  12|           1|          11|
    |select_ln340_55_fu_4350_p3   |  select  |      0|  0|  12|           1|          11|
    |select_ln340_56_fu_4637_p3   |  select  |      0|  0|  12|           1|          11|
    |select_ln340_57_fu_4924_p3   |  select  |      0|  0|  12|           1|          11|
    |select_ln340_58_fu_5211_p3   |  select  |      0|  0|  12|           1|          11|
    |select_ln340_59_fu_5498_p3   |  select  |      0|  0|  12|           1|          11|
    |select_ln340_5_fu_1442_p3    |  select  |      0|  0|  12|           1|          11|
    |select_ln340_60_fu_5785_p3   |  select  |      0|  0|  12|           1|          11|
    |select_ln340_61_fu_6072_p3   |  select  |      0|  0|  12|           1|          11|
    |select_ln340_62_fu_6359_p3   |  select  |      0|  0|  12|           1|          11|
    |select_ln340_63_fu_6646_p3   |  select  |      0|  0|  12|           1|          11|
    |select_ln340_64_fu_6933_p3   |  select  |      0|  0|  12|           1|          11|
    |select_ln340_6_fu_1532_p3    |  select  |      0|  0|  12|           1|          11|
    |select_ln340_7_fu_1622_p3    |  select  |      0|  0|  12|           1|          11|
    |select_ln340_8_fu_1712_p3    |  select  |      0|  0|  12|           1|          11|
    |select_ln340_9_fu_1802_p3    |  select  |      0|  0|  12|           1|          11|
    |select_ln340_fu_992_p3       |  select  |      0|  0|  12|           1|          11|
    |select_ln388_10_fu_1900_p3   |  select  |      0|  0|  13|           1|          13|
    |select_ln388_11_fu_1990_p3   |  select  |      0|  0|  13|           1|          13|
    |select_ln388_12_fu_2080_p3   |  select  |      0|  0|  13|           1|          13|
    |select_ln388_13_fu_2170_p3   |  select  |      0|  0|  13|           1|          13|
    |select_ln388_14_fu_2260_p3   |  select  |      0|  0|  13|           1|          13|
    |select_ln388_15_fu_2350_p3   |  select  |      0|  0|  13|           1|          13|
    |select_ln388_1_fu_1090_p3    |  select  |      0|  0|  13|           1|          13|
    |select_ln388_2_fu_1180_p3    |  select  |      0|  0|  13|           1|          13|
    |select_ln388_4_fu_1360_p3    |  select  |      0|  0|  13|           1|          13|
    |select_ln388_50_fu_2636_p3   |  select  |      0|  0|  13|           1|          13|
    |select_ln388_51_fu_2923_p3   |  select  |      0|  0|  13|           1|          13|
    |select_ln388_52_fu_3210_p3   |  select  |      0|  0|  13|           1|          13|
    |select_ln388_53_fu_1270_p3   |  select  |      0|  0|  13|           1|          13|
    |select_ln388_54_fu_3497_p3   |  select  |      0|  0|  13|           1|          13|
    |select_ln388_55_fu_3784_p3   |  select  |      0|  0|  13|           1|          13|
    |select_ln388_56_fu_4071_p3   |  select  |      0|  0|  13|           1|          13|
    |select_ln388_57_fu_4358_p3   |  select  |      0|  0|  13|           1|          13|
    |select_ln388_58_fu_4645_p3   |  select  |      0|  0|  13|           1|          13|
    |select_ln388_59_fu_4932_p3   |  select  |      0|  0|  13|           1|          13|
    |select_ln388_5_fu_1450_p3    |  select  |      0|  0|  13|           1|          13|
    |select_ln388_60_fu_5219_p3   |  select  |      0|  0|  13|           1|          13|
    |select_ln388_61_fu_5506_p3   |  select  |      0|  0|  13|           1|          13|
    |select_ln388_62_fu_5793_p3   |  select  |      0|  0|  13|           1|          13|
    |select_ln388_63_fu_6080_p3   |  select  |      0|  0|  13|           1|          13|
    |select_ln388_64_fu_6367_p3   |  select  |      0|  0|  13|           1|          13|
    |select_ln388_65_fu_6654_p3   |  select  |      0|  0|  13|           1|          13|
    |select_ln388_66_fu_6941_p3   |  select  |      0|  0|  13|           1|          13|
    |select_ln388_6_fu_1540_p3    |  select  |      0|  0|  13|           1|          13|
    |select_ln388_7_fu_1630_p3    |  select  |      0|  0|  13|           1|          13|
    |select_ln388_8_fu_1720_p3    |  select  |      0|  0|  13|           1|          13|
    |select_ln388_9_fu_1810_p3    |  select  |      0|  0|  13|           1|          13|
    |select_ln388_fu_1000_p3      |  select  |      0|  0|  13|           1|          13|
    |select_ln416_40_fu_2835_p3   |  select  |      0|  0|   2|           1|           1|
    |select_ln416_41_fu_3122_p3   |  select  |      0|  0|   2|           1|           1|
    |select_ln416_42_fu_3409_p3   |  select  |      0|  0|   2|           1|           1|
    |select_ln416_43_fu_3696_p3   |  select  |      0|  0|   2|           1|           1|
    |select_ln416_44_fu_3983_p3   |  select  |      0|  0|   2|           1|           1|
    |select_ln416_45_fu_4270_p3   |  select  |      0|  0|   2|           1|           1|
    |select_ln416_46_fu_4557_p3   |  select  |      0|  0|   2|           1|           1|
    |select_ln416_47_fu_4844_p3   |  select  |      0|  0|   2|           1|           1|
    |select_ln416_48_fu_5131_p3   |  select  |      0|  0|   2|           1|           1|
    |select_ln416_49_fu_5418_p3   |  select  |      0|  0|   2|           1|           1|
    |select_ln416_50_fu_5705_p3   |  select  |      0|  0|   2|           1|           1|
    |select_ln416_51_fu_5992_p3   |  select  |      0|  0|   2|           1|           1|
    |select_ln416_52_fu_6279_p3   |  select  |      0|  0|   2|           1|           1|
    |select_ln416_53_fu_6566_p3   |  select  |      0|  0|   2|           1|           1|
    |select_ln416_54_fu_6853_p3   |  select  |      0|  0|   2|           1|           1|
    |select_ln416_fu_2548_p3      |  select  |      0|  0|   2|           1|           1|
    |select_ln52_3_fu_783_p3      |  select  |      0|  0|   4|           1|           4|
    |select_ln52_fu_775_p3        |  select  |      0|  0|   4|           1|           1|
    |select_ln777_40_fu_2807_p3   |  select  |      0|  0|   2|           1|           1|
    |select_ln777_41_fu_3094_p3   |  select  |      0|  0|   2|           1|           1|
    |select_ln777_42_fu_3381_p3   |  select  |      0|  0|   2|           1|           1|
    |select_ln777_43_fu_3668_p3   |  select  |      0|  0|   2|           1|           1|
    |select_ln777_44_fu_3955_p3   |  select  |      0|  0|   2|           1|           1|
    |select_ln777_45_fu_4242_p3   |  select  |      0|  0|   2|           1|           1|
    |select_ln777_46_fu_4529_p3   |  select  |      0|  0|   2|           1|           1|
    |select_ln777_47_fu_4816_p3   |  select  |      0|  0|   2|           1|           1|
    |select_ln777_48_fu_5103_p3   |  select  |      0|  0|   2|           1|           1|
    |select_ln777_49_fu_5390_p3   |  select  |      0|  0|   2|           1|           1|
    |select_ln777_50_fu_5677_p3   |  select  |      0|  0|   2|           1|           1|
    |select_ln777_51_fu_5964_p3   |  select  |      0|  0|   2|           1|           1|
    |select_ln777_52_fu_6251_p3   |  select  |      0|  0|   2|           1|           1|
    |select_ln777_53_fu_6538_p3   |  select  |      0|  0|   2|           1|           1|
    |select_ln777_54_fu_6825_p3   |  select  |      0|  0|   2|           1|           1|
    |select_ln777_fu_2520_p3      |  select  |      0|  0|   2|           1|           1|
    |ap_enable_pp0                |    xor   |      0|  0|   2|           1|           2|
    |ap_enable_reg_pp0_iter1      |    xor   |      0|  0|   2|           2|           1|
    |xor_ln340_10_fu_1880_p2      |    xor   |      0|  0|   2|           1|           2|
    |xor_ln340_11_fu_1970_p2      |    xor   |      0|  0|   2|           1|           2|
    |xor_ln340_12_fu_2060_p2      |    xor   |      0|  0|   2|           1|           2|
    |xor_ln340_13_fu_2150_p2      |    xor   |      0|  0|   2|           1|           2|
    |xor_ln340_14_fu_2240_p2      |    xor   |      0|  0|   2|           1|           2|
    |xor_ln340_15_fu_2330_p2      |    xor   |      0|  0|   2|           1|           2|
    |xor_ln340_1_fu_1070_p2       |    xor   |      0|  0|   2|           1|           2|
    |xor_ln340_2_fu_1160_p2       |    xor   |      0|  0|   2|           1|           2|
    |xor_ln340_37_fu_1250_p2      |    xor   |      0|  0|   2|           1|           2|
    |xor_ln340_4_fu_1340_p2       |    xor   |      0|  0|   2|           1|           2|
    |xor_ln340_5_fu_1430_p2       |    xor   |      0|  0|   2|           1|           2|
    |xor_ln340_6_fu_1520_p2       |    xor   |      0|  0|   2|           1|           2|
    |xor_ln340_7_fu_1610_p2       |    xor   |      0|  0|   2|           1|           2|
    |xor_ln340_82_fu_974_p2       |    xor   |      0|  0|   2|           1|           1|
    |xor_ln340_83_fu_1064_p2      |    xor   |      0|  0|   2|           1|           1|
    |xor_ln340_84_fu_1154_p2      |    xor   |      0|  0|   2|           1|           1|
    |xor_ln340_85_fu_1244_p2      |    xor   |      0|  0|   2|           1|           1|
    |xor_ln340_86_fu_1334_p2      |    xor   |      0|  0|   2|           1|           1|
    |xor_ln340_87_fu_1424_p2      |    xor   |      0|  0|   2|           1|           1|
    |xor_ln340_88_fu_1514_p2      |    xor   |      0|  0|   2|           1|           1|
    |xor_ln340_89_fu_1604_p2      |    xor   |      0|  0|   2|           1|           1|
    |xor_ln340_8_fu_1700_p2       |    xor   |      0|  0|   2|           1|           2|
    |xor_ln340_90_fu_1694_p2      |    xor   |      0|  0|   2|           1|           1|
    |xor_ln340_91_fu_1784_p2      |    xor   |      0|  0|   2|           1|           1|
    |xor_ln340_92_fu_1874_p2      |    xor   |      0|  0|   2|           1|           1|
    |xor_ln340_93_fu_1964_p2      |    xor   |      0|  0|   2|           1|           1|
    |xor_ln340_94_fu_2054_p2      |    xor   |      0|  0|   2|           1|           1|
    |xor_ln340_95_fu_2144_p2      |    xor   |      0|  0|   2|           1|           1|
    |xor_ln340_96_fu_2234_p2      |    xor   |      0|  0|   2|           1|           1|
    |xor_ln340_97_fu_2324_p2      |    xor   |      0|  0|   2|           1|           1|
    |xor_ln340_9_fu_1790_p2       |    xor   |      0|  0|   2|           1|           2|
    |xor_ln340_fu_980_p2          |    xor   |      0|  0|   2|           1|           2|
    |xor_ln416_40_fu_2749_p2      |    xor   |      0|  0|   2|           1|           2|
    |xor_ln416_41_fu_3036_p2      |    xor   |      0|  0|   2|           1|           2|
    |xor_ln416_42_fu_3323_p2      |    xor   |      0|  0|   2|           1|           2|
    |xor_ln416_43_fu_3610_p2      |    xor   |      0|  0|   2|           1|           2|
    |xor_ln416_44_fu_3897_p2      |    xor   |      0|  0|   2|           1|           2|
    |xor_ln416_45_fu_4184_p2      |    xor   |      0|  0|   2|           1|           2|
    |xor_ln416_46_fu_4471_p2      |    xor   |      0|  0|   2|           1|           2|
    |xor_ln416_47_fu_4758_p2      |    xor   |      0|  0|   2|           1|           2|
    |xor_ln416_48_fu_5045_p2      |    xor   |      0|  0|   2|           1|           2|
    |xor_ln416_49_fu_5332_p2      |    xor   |      0|  0|   2|           1|           2|
    |xor_ln416_50_fu_5619_p2      |    xor   |      0|  0|   2|           1|           2|
    |xor_ln416_51_fu_5906_p2      |    xor   |      0|  0|   2|           1|           2|
    |xor_ln416_52_fu_6193_p2      |    xor   |      0|  0|   2|           1|           2|
    |xor_ln416_53_fu_6480_p2      |    xor   |      0|  0|   2|           1|           2|
    |xor_ln416_54_fu_6767_p2      |    xor   |      0|  0|   2|           1|           2|
    |xor_ln416_fu_2462_p2         |    xor   |      0|  0|   2|           1|           2|
    |xor_ln779_40_fu_2823_p2      |    xor   |      0|  0|   2|           1|           2|
    |xor_ln779_41_fu_3110_p2      |    xor   |      0|  0|   2|           1|           2|
    |xor_ln779_42_fu_3397_p2      |    xor   |      0|  0|   2|           1|           2|
    |xor_ln779_43_fu_3684_p2      |    xor   |      0|  0|   2|           1|           2|
    |xor_ln779_44_fu_3971_p2      |    xor   |      0|  0|   2|           1|           2|
    |xor_ln779_45_fu_4258_p2      |    xor   |      0|  0|   2|           1|           2|
    |xor_ln779_46_fu_4545_p2      |    xor   |      0|  0|   2|           1|           2|
    |xor_ln779_47_fu_4832_p2      |    xor   |      0|  0|   2|           1|           2|
    |xor_ln779_48_fu_5119_p2      |    xor   |      0|  0|   2|           1|           2|
    |xor_ln779_49_fu_5406_p2      |    xor   |      0|  0|   2|           1|           2|
    |xor_ln779_50_fu_5693_p2      |    xor   |      0|  0|   2|           1|           2|
    |xor_ln779_51_fu_5980_p2      |    xor   |      0|  0|   2|           1|           2|
    |xor_ln779_52_fu_6267_p2      |    xor   |      0|  0|   2|           1|           2|
    |xor_ln779_53_fu_6554_p2      |    xor   |      0|  0|   2|           1|           2|
    |xor_ln779_54_fu_6841_p2      |    xor   |      0|  0|   2|           1|           2|
    |xor_ln779_fu_2536_p2         |    xor   |      0|  0|   2|           1|           2|
    |xor_ln785_100_fu_5157_p2     |    xor   |      0|  0|   2|           1|           2|
    |xor_ln785_101_fu_5432_p2     |    xor   |      0|  0|   2|           1|           2|
    |xor_ln785_102_fu_5444_p2     |    xor   |      0|  0|   2|           1|           2|
    |xor_ln785_103_fu_5719_p2     |    xor   |      0|  0|   2|           1|           2|
    |xor_ln785_104_fu_5731_p2     |    xor   |      0|  0|   2|           1|           2|
    |xor_ln785_105_fu_6006_p2     |    xor   |      0|  0|   2|           1|           2|
    |xor_ln785_106_fu_6018_p2     |    xor   |      0|  0|   2|           1|           2|
    |xor_ln785_107_fu_6293_p2     |    xor   |      0|  0|   2|           1|           2|
    |xor_ln785_108_fu_6305_p2     |    xor   |      0|  0|   2|           1|           2|
    |xor_ln785_109_fu_6580_p2     |    xor   |      0|  0|   2|           1|           2|
    |xor_ln785_110_fu_6592_p2     |    xor   |      0|  0|   2|           1|           2|
    |xor_ln785_111_fu_6867_p2     |    xor   |      0|  0|   2|           1|           2|
    |xor_ln785_112_fu_6879_p2     |    xor   |      0|  0|   2|           1|           2|
    |xor_ln785_82_fu_2574_p2      |    xor   |      0|  0|   2|           1|           2|
    |xor_ln785_83_fu_2849_p2      |    xor   |      0|  0|   2|           1|           2|
    |xor_ln785_84_fu_2861_p2      |    xor   |      0|  0|   2|           1|           2|
    |xor_ln785_85_fu_3136_p2      |    xor   |      0|  0|   2|           1|           2|
    |xor_ln785_86_fu_3148_p2      |    xor   |      0|  0|   2|           1|           2|
    |xor_ln785_87_fu_3423_p2      |    xor   |      0|  0|   2|           1|           2|
    |xor_ln785_88_fu_3435_p2      |    xor   |      0|  0|   2|           1|           2|
    |xor_ln785_89_fu_3710_p2      |    xor   |      0|  0|   2|           1|           2|
    |xor_ln785_90_fu_3722_p2      |    xor   |      0|  0|   2|           1|           2|
    |xor_ln785_91_fu_3997_p2      |    xor   |      0|  0|   2|           1|           2|
    |xor_ln785_92_fu_4009_p2      |    xor   |      0|  0|   2|           1|           2|
    |xor_ln785_93_fu_4284_p2      |    xor   |      0|  0|   2|           1|           2|
    |xor_ln785_94_fu_4296_p2      |    xor   |      0|  0|   2|           1|           2|
    |xor_ln785_95_fu_4571_p2      |    xor   |      0|  0|   2|           1|           2|
    |xor_ln785_96_fu_4583_p2      |    xor   |      0|  0|   2|           1|           2|
    |xor_ln785_97_fu_4858_p2      |    xor   |      0|  0|   2|           1|           2|
    |xor_ln785_98_fu_4870_p2      |    xor   |      0|  0|   2|           1|           2|
    |xor_ln785_99_fu_5145_p2      |    xor   |      0|  0|   2|           1|           2|
    |xor_ln785_fu_2562_p2         |    xor   |      0|  0|   2|           1|           2|
    |xor_ln786_10_fu_1862_p2      |    xor   |      0|  0|   2|           1|           2|
    |xor_ln786_11_fu_1952_p2      |    xor   |      0|  0|   2|           1|           2|
    |xor_ln786_12_fu_2042_p2      |    xor   |      0|  0|   2|           1|           2|
    |xor_ln786_13_fu_2132_p2      |    xor   |      0|  0|   2|           1|           2|
    |xor_ln786_14_fu_2222_p2      |    xor   |      0|  0|   2|           1|           2|
    |xor_ln786_15_fu_2312_p2      |    xor   |      0|  0|   2|           1|           2|
    |xor_ln786_1_fu_1052_p2       |    xor   |      0|  0|   2|           1|           2|
    |xor_ln786_2_fu_1142_p2       |    xor   |      0|  0|   2|           1|           2|
    |xor_ln786_3_fu_1232_p2       |    xor   |      0|  0|   2|           1|           2|
    |xor_ln786_4_fu_1322_p2       |    xor   |      0|  0|   2|           1|           2|
    |xor_ln786_55_fu_1412_p2      |    xor   |      0|  0|   2|           1|           2|
    |xor_ln786_59_fu_2598_p2      |    xor   |      0|  0|   2|           1|           2|
    |xor_ln786_60_fu_2885_p2      |    xor   |      0|  0|   2|           1|           2|
    |xor_ln786_61_fu_3172_p2      |    xor   |      0|  0|   2|           1|           2|
    |xor_ln786_62_fu_3459_p2      |    xor   |      0|  0|   2|           1|           2|
    |xor_ln786_63_fu_3746_p2      |    xor   |      0|  0|   2|           1|           2|
    |xor_ln786_64_fu_4033_p2      |    xor   |      0|  0|   2|           1|           2|
    |xor_ln786_65_fu_4320_p2      |    xor   |      0|  0|   2|           1|           2|
    |xor_ln786_66_fu_4607_p2      |    xor   |      0|  0|   2|           1|           2|
    |xor_ln786_67_fu_4894_p2      |    xor   |      0|  0|   2|           1|           2|
    |xor_ln786_68_fu_5181_p2      |    xor   |      0|  0|   2|           1|           2|
    |xor_ln786_69_fu_5468_p2      |    xor   |      0|  0|   2|           1|           2|
    |xor_ln786_6_fu_1502_p2       |    xor   |      0|  0|   2|           1|           2|
    |xor_ln786_70_fu_5755_p2      |    xor   |      0|  0|   2|           1|           2|
    |xor_ln786_71_fu_6042_p2      |    xor   |      0|  0|   2|           1|           2|
    |xor_ln786_72_fu_6329_p2      |    xor   |      0|  0|   2|           1|           2|
    |xor_ln786_73_fu_6616_p2      |    xor   |      0|  0|   2|           1|           2|
    |xor_ln786_74_fu_6903_p2      |    xor   |      0|  0|   2|           1|           2|
    |xor_ln786_7_fu_1592_p2       |    xor   |      0|  0|   2|           1|           2|
    |xor_ln786_8_fu_1682_p2       |    xor   |      0|  0|   2|           1|           2|
    |xor_ln786_9_fu_1772_p2       |    xor   |      0|  0|   2|           1|           2|
    |xor_ln786_fu_962_p2          |    xor   |      0|  0|   2|           1|           2|
    +-----------------------------+----------+-------+---+----+------------+------------+
    |Total                        |          |      0|  0|5024|        2423|        3611|
    +-----------------------------+----------+-------+---+----+------------+------------+

    * Multiplexer: 
    +---------------------------------+----+-----------+-----+-----------+
    |               Name              | LUT| Input Size| Bits| Total Bits|
    +---------------------------------+----+-----------+-----+-----------+
    |ap_NS_fsm                        |  21|          4|    1|          4|
    |ap_enable_reg_pp0_iter1          |   9|          2|    1|          2|
    |ap_enable_reg_pp0_iter2          |   9|          2|    1|          2|
    |ap_phi_mux_brow_0_phi_fu_681_p4  |   9|          2|    4|          8|
    |bcol_0_reg_688                   |   9|          2|    4|          8|
    |brow_0_reg_677                   |   9|          2|    4|          8|
    |indvar_flatten_reg_666           |   9|          2|    7|         14|
    +---------------------------------+----+-----------+-----+-----------+
    |Total                            |  75|         16|   22|         46|
    +---------------------------------+----+-----------+-----+-----------+

    * Register: 
    +-----------------------------------------+----+----+-----+-----------+
    |                   Name                  | FF | LUT| Bits| Const Bits|
    +-----------------------------------------+----+----+-----+-----------+
    |add_ln1265_7_reg_6958                    |  63|   0|   64|          1|
    |ap_CS_fsm                                |   3|   0|    3|          0|
    |ap_enable_reg_pp0_iter0                  |   1|   0|    1|          0|
    |ap_enable_reg_pp0_iter1                  |   1|   0|    1|          0|
    |ap_enable_reg_pp0_iter2                  |   1|   0|    1|          0|
    |bcol_0_reg_688                           |   4|   0|    4|          0|
    |brow_0_reg_677                           |   4|   0|    4|          0|
    |fm_buf_V_0_addr_reg_6977                 |  11|   0|   11|          0|
    |fm_buf_V_0_addr_reg_6977_pp0_iter1_reg   |  11|   0|   11|          0|
    |fm_buf_V_10_addr_reg_6989                |  11|   0|   11|          0|
    |fm_buf_V_10_addr_reg_6989_pp0_iter1_reg  |  11|   0|   11|          0|
    |fm_buf_V_11_addr_reg_6995                |  11|   0|   11|          0|
    |fm_buf_V_11_addr_reg_6995_pp0_iter1_reg  |  11|   0|   11|          0|
    |fm_buf_V_12_addr_reg_7001                |  11|   0|   11|          0|
    |fm_buf_V_12_addr_reg_7001_pp0_iter1_reg  |  11|   0|   11|          0|
    |fm_buf_V_13_addr_reg_7007                |  11|   0|   11|          0|
    |fm_buf_V_13_addr_reg_7007_pp0_iter1_reg  |  11|   0|   11|          0|
    |fm_buf_V_14_addr_reg_7013                |  11|   0|   11|          0|
    |fm_buf_V_14_addr_reg_7013_pp0_iter1_reg  |  11|   0|   11|          0|
    |fm_buf_V_15_addr_reg_7019                |  11|   0|   11|          0|
    |fm_buf_V_15_addr_reg_7019_pp0_iter1_reg  |  11|   0|   11|          0|
    |fm_buf_V_1_addr_reg_6983                 |  11|   0|   11|          0|
    |fm_buf_V_1_addr_reg_6983_pp0_iter1_reg   |  11|   0|   11|          0|
    |fm_buf_V_2_addr_reg_7025                 |  11|   0|   11|          0|
    |fm_buf_V_2_addr_reg_7025_pp0_iter1_reg   |  11|   0|   11|          0|
    |fm_buf_V_3_addr_reg_7031                 |  11|   0|   11|          0|
    |fm_buf_V_3_addr_reg_7031_pp0_iter1_reg   |  11|   0|   11|          0|
    |fm_buf_V_4_addr_reg_7037                 |  11|   0|   11|          0|
    |fm_buf_V_4_addr_reg_7037_pp0_iter1_reg   |  11|   0|   11|          0|
    |fm_buf_V_5_addr_reg_7043                 |  11|   0|   11|          0|
    |fm_buf_V_5_addr_reg_7043_pp0_iter1_reg   |  11|   0|   11|          0|
    |fm_buf_V_6_addr_reg_7049                 |  11|   0|   11|          0|
    |fm_buf_V_6_addr_reg_7049_pp0_iter1_reg   |  11|   0|   11|          0|
    |fm_buf_V_7_addr_reg_7055                 |  11|   0|   11|          0|
    |fm_buf_V_7_addr_reg_7055_pp0_iter1_reg   |  11|   0|   11|          0|
    |fm_buf_V_8_addr_reg_7061                 |  11|   0|   11|          0|
    |fm_buf_V_8_addr_reg_7061_pp0_iter1_reg   |  11|   0|   11|          0|
    |fm_buf_V_9_addr_reg_7067                 |  11|   0|   11|          0|
    |fm_buf_V_9_addr_reg_7067_pp0_iter1_reg   |  11|   0|   11|          0|
    |icmp_ln45_reg_6963                       |   1|   0|    1|          0|
    |icmp_ln45_reg_6963_pp0_iter1_reg         |   1|   0|    1|          0|
    |indvar_flatten_reg_666                   |   7|   0|    7|          0|
    |select_ln340_126_reg_7158                |  12|   0|   12|          0|
    |select_ln340_128_reg_7164                |  12|   0|   12|          0|
    |select_ln340_130_reg_7170                |  12|   0|   12|          0|
    |select_ln340_132_reg_7176                |  12|   0|   12|          0|
    |select_ln340_134_reg_7182                |  12|   0|   12|          0|
    |select_ln340_136_reg_7188                |  12|   0|   12|          0|
    |select_ln340_138_reg_7194                |  12|   0|   12|          0|
    |select_ln340_140_reg_7200                |  12|   0|   12|          0|
    |select_ln340_142_reg_7206                |  12|   0|   12|          0|
    |select_ln340_144_reg_7212                |  12|   0|   12|          0|
    |select_ln340_146_reg_7218                |  12|   0|   12|          0|
    |select_ln340_148_reg_7224                |  12|   0|   12|          0|
    |select_ln340_150_reg_7230                |  12|   0|   12|          0|
    |select_ln340_152_reg_7236                |  12|   0|   12|          0|
    |select_ln340_154_reg_7242                |  12|   0|   12|          0|
    |select_ln340_156_reg_7248                |  12|   0|   12|          0|
    |select_ln52_3_reg_6972                   |   4|   0|    4|          0|
    +-----------------------------------------+----+----+-----+-----------+
    |Total                                    | 634|   0|  635|          1|
    +-----------------------------------------+----+----+-----+-----------+



================================================================
== Interface
================================================================
* Summary: 
+------------------------+-----+-----+------------+---------------------+--------------+
|        RTL Ports       | Dir | Bits|  Protocol  |    Source Object    |    C Type    |
+------------------------+-----+-----+------------+---------------------+--------------+
|ap_clk                  |  in |    1| ap_ctrl_hs | fill_fm_buf_bn<16u> | return value |
|ap_rst                  |  in |    1| ap_ctrl_hs | fill_fm_buf_bn<16u> | return value |
|ap_start                |  in |    1| ap_ctrl_hs | fill_fm_buf_bn<16u> | return value |
|ap_done                 | out |    1| ap_ctrl_hs | fill_fm_buf_bn<16u> | return value |
|ap_idle                 | out |    1| ap_ctrl_hs | fill_fm_buf_bn<16u> | return value |
|ap_ready                | out |    1| ap_ctrl_hs | fill_fm_buf_bn<16u> | return value |
|row                     |  in |    3|   ap_none  |         row         |    scalar    |
|col                     |  in |    3|   ap_none  |         col         |    scalar    |
|out_buf0_V_0_address0   | out |    7|  ap_memory |     out_buf0_V_0    |     array    |
|out_buf0_V_0_ce0        | out |    1|  ap_memory |     out_buf0_V_0    |     array    |
|out_buf0_V_0_q0         |  in |   12|  ap_memory |     out_buf0_V_0    |     array    |
|fm_buf_V_0_address0     | out |   11|  ap_memory |      fm_buf_V_0     |     array    |
|fm_buf_V_0_ce0          | out |    1|  ap_memory |      fm_buf_V_0     |     array    |
|fm_buf_V_0_q0           |  in |   12|  ap_memory |      fm_buf_V_0     |     array    |
|fm_buf_V_0_address1     | out |   11|  ap_memory |      fm_buf_V_0     |     array    |
|fm_buf_V_0_ce1          | out |    1|  ap_memory |      fm_buf_V_0     |     array    |
|fm_buf_V_0_we1          | out |    1|  ap_memory |      fm_buf_V_0     |     array    |
|fm_buf_V_0_d1           | out |   12|  ap_memory |      fm_buf_V_0     |     array    |
|out_buf0_V_1_address0   | out |    7|  ap_memory |     out_buf0_V_1    |     array    |
|out_buf0_V_1_ce0        | out |    1|  ap_memory |     out_buf0_V_1    |     array    |
|out_buf0_V_1_q0         |  in |   12|  ap_memory |     out_buf0_V_1    |     array    |
|fm_buf_V_1_address0     | out |   11|  ap_memory |      fm_buf_V_1     |     array    |
|fm_buf_V_1_ce0          | out |    1|  ap_memory |      fm_buf_V_1     |     array    |
|fm_buf_V_1_q0           |  in |   12|  ap_memory |      fm_buf_V_1     |     array    |
|fm_buf_V_1_address1     | out |   11|  ap_memory |      fm_buf_V_1     |     array    |
|fm_buf_V_1_ce1          | out |    1|  ap_memory |      fm_buf_V_1     |     array    |
|fm_buf_V_1_we1          | out |    1|  ap_memory |      fm_buf_V_1     |     array    |
|fm_buf_V_1_d1           | out |   12|  ap_memory |      fm_buf_V_1     |     array    |
|out_buf0_V_2_address0   | out |    7|  ap_memory |     out_buf0_V_2    |     array    |
|out_buf0_V_2_ce0        | out |    1|  ap_memory |     out_buf0_V_2    |     array    |
|out_buf0_V_2_q0         |  in |   12|  ap_memory |     out_buf0_V_2    |     array    |
|fm_buf_V_2_address0     | out |   11|  ap_memory |      fm_buf_V_2     |     array    |
|fm_buf_V_2_ce0          | out |    1|  ap_memory |      fm_buf_V_2     |     array    |
|fm_buf_V_2_q0           |  in |   12|  ap_memory |      fm_buf_V_2     |     array    |
|fm_buf_V_2_address1     | out |   11|  ap_memory |      fm_buf_V_2     |     array    |
|fm_buf_V_2_ce1          | out |    1|  ap_memory |      fm_buf_V_2     |     array    |
|fm_buf_V_2_we1          | out |    1|  ap_memory |      fm_buf_V_2     |     array    |
|fm_buf_V_2_d1           | out |   12|  ap_memory |      fm_buf_V_2     |     array    |
|out_buf0_V_3_address0   | out |    7|  ap_memory |     out_buf0_V_3    |     array    |
|out_buf0_V_3_ce0        | out |    1|  ap_memory |     out_buf0_V_3    |     array    |
|out_buf0_V_3_q0         |  in |   12|  ap_memory |     out_buf0_V_3    |     array    |
|fm_buf_V_3_address0     | out |   11|  ap_memory |      fm_buf_V_3     |     array    |
|fm_buf_V_3_ce0          | out |    1|  ap_memory |      fm_buf_V_3     |     array    |
|fm_buf_V_3_q0           |  in |   12|  ap_memory |      fm_buf_V_3     |     array    |
|fm_buf_V_3_address1     | out |   11|  ap_memory |      fm_buf_V_3     |     array    |
|fm_buf_V_3_ce1          | out |    1|  ap_memory |      fm_buf_V_3     |     array    |
|fm_buf_V_3_we1          | out |    1|  ap_memory |      fm_buf_V_3     |     array    |
|fm_buf_V_3_d1           | out |   12|  ap_memory |      fm_buf_V_3     |     array    |
|out_buf0_V_4_address0   | out |    7|  ap_memory |     out_buf0_V_4    |     array    |
|out_buf0_V_4_ce0        | out |    1|  ap_memory |     out_buf0_V_4    |     array    |
|out_buf0_V_4_q0         |  in |   12|  ap_memory |     out_buf0_V_4    |     array    |
|fm_buf_V_4_address0     | out |   11|  ap_memory |      fm_buf_V_4     |     array    |
|fm_buf_V_4_ce0          | out |    1|  ap_memory |      fm_buf_V_4     |     array    |
|fm_buf_V_4_q0           |  in |   12|  ap_memory |      fm_buf_V_4     |     array    |
|fm_buf_V_4_address1     | out |   11|  ap_memory |      fm_buf_V_4     |     array    |
|fm_buf_V_4_ce1          | out |    1|  ap_memory |      fm_buf_V_4     |     array    |
|fm_buf_V_4_we1          | out |    1|  ap_memory |      fm_buf_V_4     |     array    |
|fm_buf_V_4_d1           | out |   12|  ap_memory |      fm_buf_V_4     |     array    |
|out_buf0_V_5_address0   | out |    7|  ap_memory |     out_buf0_V_5    |     array    |
|out_buf0_V_5_ce0        | out |    1|  ap_memory |     out_buf0_V_5    |     array    |
|out_buf0_V_5_q0         |  in |   12|  ap_memory |     out_buf0_V_5    |     array    |
|fm_buf_V_5_address0     | out |   11|  ap_memory |      fm_buf_V_5     |     array    |
|fm_buf_V_5_ce0          | out |    1|  ap_memory |      fm_buf_V_5     |     array    |
|fm_buf_V_5_q0           |  in |   12|  ap_memory |      fm_buf_V_5     |     array    |
|fm_buf_V_5_address1     | out |   11|  ap_memory |      fm_buf_V_5     |     array    |
|fm_buf_V_5_ce1          | out |    1|  ap_memory |      fm_buf_V_5     |     array    |
|fm_buf_V_5_we1          | out |    1|  ap_memory |      fm_buf_V_5     |     array    |
|fm_buf_V_5_d1           | out |   12|  ap_memory |      fm_buf_V_5     |     array    |
|out_buf0_V_6_address0   | out |    7|  ap_memory |     out_buf0_V_6    |     array    |
|out_buf0_V_6_ce0        | out |    1|  ap_memory |     out_buf0_V_6    |     array    |
|out_buf0_V_6_q0         |  in |   12|  ap_memory |     out_buf0_V_6    |     array    |
|fm_buf_V_6_address0     | out |   11|  ap_memory |      fm_buf_V_6     |     array    |
|fm_buf_V_6_ce0          | out |    1|  ap_memory |      fm_buf_V_6     |     array    |
|fm_buf_V_6_q0           |  in |   12|  ap_memory |      fm_buf_V_6     |     array    |
|fm_buf_V_6_address1     | out |   11|  ap_memory |      fm_buf_V_6     |     array    |
|fm_buf_V_6_ce1          | out |    1|  ap_memory |      fm_buf_V_6     |     array    |
|fm_buf_V_6_we1          | out |    1|  ap_memory |      fm_buf_V_6     |     array    |
|fm_buf_V_6_d1           | out |   12|  ap_memory |      fm_buf_V_6     |     array    |
|out_buf0_V_7_address0   | out |    7|  ap_memory |     out_buf0_V_7    |     array    |
|out_buf0_V_7_ce0        | out |    1|  ap_memory |     out_buf0_V_7    |     array    |
|out_buf0_V_7_q0         |  in |   12|  ap_memory |     out_buf0_V_7    |     array    |
|fm_buf_V_7_address0     | out |   11|  ap_memory |      fm_buf_V_7     |     array    |
|fm_buf_V_7_ce0          | out |    1|  ap_memory |      fm_buf_V_7     |     array    |
|fm_buf_V_7_q0           |  in |   12|  ap_memory |      fm_buf_V_7     |     array    |
|fm_buf_V_7_address1     | out |   11|  ap_memory |      fm_buf_V_7     |     array    |
|fm_buf_V_7_ce1          | out |    1|  ap_memory |      fm_buf_V_7     |     array    |
|fm_buf_V_7_we1          | out |    1|  ap_memory |      fm_buf_V_7     |     array    |
|fm_buf_V_7_d1           | out |   12|  ap_memory |      fm_buf_V_7     |     array    |
|out_buf0_V_8_address0   | out |    7|  ap_memory |     out_buf0_V_8    |     array    |
|out_buf0_V_8_ce0        | out |    1|  ap_memory |     out_buf0_V_8    |     array    |
|out_buf0_V_8_q0         |  in |   12|  ap_memory |     out_buf0_V_8    |     array    |
|fm_buf_V_8_address0     | out |   11|  ap_memory |      fm_buf_V_8     |     array    |
|fm_buf_V_8_ce0          | out |    1|  ap_memory |      fm_buf_V_8     |     array    |
|fm_buf_V_8_q0           |  in |   12|  ap_memory |      fm_buf_V_8     |     array    |
|fm_buf_V_8_address1     | out |   11|  ap_memory |      fm_buf_V_8     |     array    |
|fm_buf_V_8_ce1          | out |    1|  ap_memory |      fm_buf_V_8     |     array    |
|fm_buf_V_8_we1          | out |    1|  ap_memory |      fm_buf_V_8     |     array    |
|fm_buf_V_8_d1           | out |   12|  ap_memory |      fm_buf_V_8     |     array    |
|out_buf0_V_9_address0   | out |    7|  ap_memory |     out_buf0_V_9    |     array    |
|out_buf0_V_9_ce0        | out |    1|  ap_memory |     out_buf0_V_9    |     array    |
|out_buf0_V_9_q0         |  in |   12|  ap_memory |     out_buf0_V_9    |     array    |
|fm_buf_V_9_address0     | out |   11|  ap_memory |      fm_buf_V_9     |     array    |
|fm_buf_V_9_ce0          | out |    1|  ap_memory |      fm_buf_V_9     |     array    |
|fm_buf_V_9_q0           |  in |   12|  ap_memory |      fm_buf_V_9     |     array    |
|fm_buf_V_9_address1     | out |   11|  ap_memory |      fm_buf_V_9     |     array    |
|fm_buf_V_9_ce1          | out |    1|  ap_memory |      fm_buf_V_9     |     array    |
|fm_buf_V_9_we1          | out |    1|  ap_memory |      fm_buf_V_9     |     array    |
|fm_buf_V_9_d1           | out |   12|  ap_memory |      fm_buf_V_9     |     array    |
|out_buf0_V_10_address0  | out |    7|  ap_memory |    out_buf0_V_10    |     array    |
|out_buf0_V_10_ce0       | out |    1|  ap_memory |    out_buf0_V_10    |     array    |
|out_buf0_V_10_q0        |  in |   12|  ap_memory |    out_buf0_V_10    |     array    |
|fm_buf_V_10_address0    | out |   11|  ap_memory |     fm_buf_V_10     |     array    |
|fm_buf_V_10_ce0         | out |    1|  ap_memory |     fm_buf_V_10     |     array    |
|fm_buf_V_10_q0          |  in |   12|  ap_memory |     fm_buf_V_10     |     array    |
|fm_buf_V_10_address1    | out |   11|  ap_memory |     fm_buf_V_10     |     array    |
|fm_buf_V_10_ce1         | out |    1|  ap_memory |     fm_buf_V_10     |     array    |
|fm_buf_V_10_we1         | out |    1|  ap_memory |     fm_buf_V_10     |     array    |
|fm_buf_V_10_d1          | out |   12|  ap_memory |     fm_buf_V_10     |     array    |
|out_buf0_V_11_address0  | out |    7|  ap_memory |    out_buf0_V_11    |     array    |
|out_buf0_V_11_ce0       | out |    1|  ap_memory |    out_buf0_V_11    |     array    |
|out_buf0_V_11_q0        |  in |   12|  ap_memory |    out_buf0_V_11    |     array    |
|fm_buf_V_11_address0    | out |   11|  ap_memory |     fm_buf_V_11     |     array    |
|fm_buf_V_11_ce0         | out |    1|  ap_memory |     fm_buf_V_11     |     array    |
|fm_buf_V_11_q0          |  in |   12|  ap_memory |     fm_buf_V_11     |     array    |
|fm_buf_V_11_address1    | out |   11|  ap_memory |     fm_buf_V_11     |     array    |
|fm_buf_V_11_ce1         | out |    1|  ap_memory |     fm_buf_V_11     |     array    |
|fm_buf_V_11_we1         | out |    1|  ap_memory |     fm_buf_V_11     |     array    |
|fm_buf_V_11_d1          | out |   12|  ap_memory |     fm_buf_V_11     |     array    |
|out_buf0_V_12_address0  | out |    7|  ap_memory |    out_buf0_V_12    |     array    |
|out_buf0_V_12_ce0       | out |    1|  ap_memory |    out_buf0_V_12    |     array    |
|out_buf0_V_12_q0        |  in |   12|  ap_memory |    out_buf0_V_12    |     array    |
|fm_buf_V_12_address0    | out |   11|  ap_memory |     fm_buf_V_12     |     array    |
|fm_buf_V_12_ce0         | out |    1|  ap_memory |     fm_buf_V_12     |     array    |
|fm_buf_V_12_q0          |  in |   12|  ap_memory |     fm_buf_V_12     |     array    |
|fm_buf_V_12_address1    | out |   11|  ap_memory |     fm_buf_V_12     |     array    |
|fm_buf_V_12_ce1         | out |    1|  ap_memory |     fm_buf_V_12     |     array    |
|fm_buf_V_12_we1         | out |    1|  ap_memory |     fm_buf_V_12     |     array    |
|fm_buf_V_12_d1          | out |   12|  ap_memory |     fm_buf_V_12     |     array    |
|out_buf0_V_13_address0  | out |    7|  ap_memory |    out_buf0_V_13    |     array    |
|out_buf0_V_13_ce0       | out |    1|  ap_memory |    out_buf0_V_13    |     array    |
|out_buf0_V_13_q0        |  in |   12|  ap_memory |    out_buf0_V_13    |     array    |
|fm_buf_V_13_address0    | out |   11|  ap_memory |     fm_buf_V_13     |     array    |
|fm_buf_V_13_ce0         | out |    1|  ap_memory |     fm_buf_V_13     |     array    |
|fm_buf_V_13_q0          |  in |   12|  ap_memory |     fm_buf_V_13     |     array    |
|fm_buf_V_13_address1    | out |   11|  ap_memory |     fm_buf_V_13     |     array    |
|fm_buf_V_13_ce1         | out |    1|  ap_memory |     fm_buf_V_13     |     array    |
|fm_buf_V_13_we1         | out |    1|  ap_memory |     fm_buf_V_13     |     array    |
|fm_buf_V_13_d1          | out |   12|  ap_memory |     fm_buf_V_13     |     array    |
|out_buf0_V_14_address0  | out |    7|  ap_memory |    out_buf0_V_14    |     array    |
|out_buf0_V_14_ce0       | out |    1|  ap_memory |    out_buf0_V_14    |     array    |
|out_buf0_V_14_q0        |  in |   12|  ap_memory |    out_buf0_V_14    |     array    |
|fm_buf_V_14_address0    | out |   11|  ap_memory |     fm_buf_V_14     |     array    |
|fm_buf_V_14_ce0         | out |    1|  ap_memory |     fm_buf_V_14     |     array    |
|fm_buf_V_14_q0          |  in |   12|  ap_memory |     fm_buf_V_14     |     array    |
|fm_buf_V_14_address1    | out |   11|  ap_memory |     fm_buf_V_14     |     array    |
|fm_buf_V_14_ce1         | out |    1|  ap_memory |     fm_buf_V_14     |     array    |
|fm_buf_V_14_we1         | out |    1|  ap_memory |     fm_buf_V_14     |     array    |
|fm_buf_V_14_d1          | out |   12|  ap_memory |     fm_buf_V_14     |     array    |
|out_buf0_V_15_address0  | out |    7|  ap_memory |    out_buf0_V_15    |     array    |
|out_buf0_V_15_ce0       | out |    1|  ap_memory |    out_buf0_V_15    |     array    |
|out_buf0_V_15_q0        |  in |   12|  ap_memory |    out_buf0_V_15    |     array    |
|fm_buf_V_15_address0    | out |   11|  ap_memory |     fm_buf_V_15     |     array    |
|fm_buf_V_15_ce0         | out |    1|  ap_memory |     fm_buf_V_15     |     array    |
|fm_buf_V_15_q0          |  in |   12|  ap_memory |     fm_buf_V_15     |     array    |
|fm_buf_V_15_address1    | out |   11|  ap_memory |     fm_buf_V_15     |     array    |
|fm_buf_V_15_ce1         | out |    1|  ap_memory |     fm_buf_V_15     |     array    |
|fm_buf_V_15_we1         | out |    1|  ap_memory |     fm_buf_V_15     |     array    |
|fm_buf_V_15_d1          | out |   12|  ap_memory |     fm_buf_V_15     |     array    |
+------------------------+-----+-----+------------+---------------------+--------------+

