

================================================================
== Vivado HLS Report for 'pgconv64s2_32u_s'
================================================================
* Date:           Sun Sep  6 13:26:38 2020

* Version:        2019.2.1 (Build 2724168 on Thu Dec 05 05:19:09 MST 2019)
* Project:        ResNet
* Solution:       solution1
* Product family: zynquplus
* Target device:  xczu3eg-sbva484-1-e


================================================================
== Performance Estimates
================================================================
+ Timing: 
    * Summary: 
    +--------+----------+----------+------------+
    |  Clock |  Target  | Estimated| Uncertainty|
    +--------+----------+----------+------------+
    |ap_clk  | 10.00 ns | 8.667 ns |   1.25 ns  |
    +--------+----------+----------+------------+

+ Latency: 
    * Summary: 
    +---------+---------+----------+----------+-----+-----+---------+
    |  Latency (cycles) |  Latency (absolute) |  Interval | Pipeline|
    |   min   |   max   |    min   |    max   | min | max |   Type  |
    +---------+---------+----------+----------+-----+-----+---------+
    |       89|       89| 0.890 us | 0.890 us |   89|   89|   none  |
    +---------+---------+----------+----------+-----+-----+---------+

    + Detail: 
        * Instance: 
        +------------------------------+-------------------+---------+---------+-----------+-----------+-----+-----+----------+
        |                              |                   |  Latency (cycles) |   Latency (absolute)  |  Interval | Pipeline |
        |           Instance           |       Module      |   min   |   max   |    min    |    max    | min | max |   Type   |
        +------------------------------+-------------------+---------+---------+-----------+-----------+-----+-----+----------+
        |grp_compute_engine_64_fu_548  |compute_engine_64  |        1|        1| 10.000 ns | 10.000 ns |    1|    1| function |
        |grp_compute_engine_64_fu_558  |compute_engine_64  |        1|        1| 10.000 ns | 10.000 ns |    1|    1| function |
        |grp_compute_engine_64_fu_567  |compute_engine_64  |        1|        1| 10.000 ns | 10.000 ns |    1|    1| function |
        |grp_compute_engine_64_fu_576  |compute_engine_64  |        1|        1| 10.000 ns | 10.000 ns |    1|    1| function |
        |grp_compute_engine_64_fu_585  |compute_engine_64  |        1|        1| 10.000 ns | 10.000 ns |    1|    1| function |
        |grp_compute_engine_64_fu_594  |compute_engine_64  |        1|        1| 10.000 ns | 10.000 ns |    1|    1| function |
        |grp_compute_engine_64_fu_603  |compute_engine_64  |        1|        1| 10.000 ns | 10.000 ns |    1|    1| function |
        |grp_compute_engine_64_fu_612  |compute_engine_64  |        1|        1| 10.000 ns | 10.000 ns |    1|    1| function |
        |grp_compute_engine_64_fu_621  |compute_engine_64  |        1|        1| 10.000 ns | 10.000 ns |    1|    1| function |
        |grp_compute_engine_64_fu_630  |compute_engine_64  |        1|        1| 10.000 ns | 10.000 ns |    1|    1| function |
        |grp_compute_engine_64_fu_639  |compute_engine_64  |        1|        1| 10.000 ns | 10.000 ns |    1|    1| function |
        |grp_compute_engine_64_fu_648  |compute_engine_64  |        1|        1| 10.000 ns | 10.000 ns |    1|    1| function |
        |grp_compute_engine_64_fu_657  |compute_engine_64  |        1|        1| 10.000 ns | 10.000 ns |    1|    1| function |
        |grp_compute_engine_64_fu_666  |compute_engine_64  |        1|        1| 10.000 ns | 10.000 ns |    1|    1| function |
        |grp_compute_engine_64_fu_675  |compute_engine_64  |        1|        1| 10.000 ns | 10.000 ns |    1|    1| function |
        |grp_compute_engine_64_fu_684  |compute_engine_64  |        1|        1| 10.000 ns | 10.000 ns |    1|    1| function |
        |grp_compute_engine_64_fu_693  |compute_engine_64  |        1|        1| 10.000 ns | 10.000 ns |    1|    1| function |
        |grp_compute_engine_64_fu_702  |compute_engine_64  |        1|        1| 10.000 ns | 10.000 ns |    1|    1| function |
        |grp_compute_engine_64_fu_711  |compute_engine_64  |        1|        1| 10.000 ns | 10.000 ns |    1|    1| function |
        |grp_compute_engine_64_fu_720  |compute_engine_64  |        1|        1| 10.000 ns | 10.000 ns |    1|    1| function |
        |grp_compute_engine_64_fu_729  |compute_engine_64  |        1|        1| 10.000 ns | 10.000 ns |    1|    1| function |
        |grp_compute_engine_64_fu_738  |compute_engine_64  |        1|        1| 10.000 ns | 10.000 ns |    1|    1| function |
        |grp_compute_engine_64_fu_747  |compute_engine_64  |        1|        1| 10.000 ns | 10.000 ns |    1|    1| function |
        |grp_compute_engine_64_fu_756  |compute_engine_64  |        1|        1| 10.000 ns | 10.000 ns |    1|    1| function |
        |grp_compute_engine_64_fu_765  |compute_engine_64  |        1|        1| 10.000 ns | 10.000 ns |    1|    1| function |
        |grp_compute_engine_64_fu_774  |compute_engine_64  |        1|        1| 10.000 ns | 10.000 ns |    1|    1| function |
        |grp_compute_engine_64_fu_783  |compute_engine_64  |        1|        1| 10.000 ns | 10.000 ns |    1|    1| function |
        |grp_compute_engine_64_fu_792  |compute_engine_64  |        1|        1| 10.000 ns | 10.000 ns |    1|    1| function |
        |grp_compute_engine_64_fu_801  |compute_engine_64  |        1|        1| 10.000 ns | 10.000 ns |    1|    1| function |
        |grp_relu_fu_818               |relu               |        0|        0|    0 ns   |    0 ns   |    1|    1| function |
        |grp_relu_fu_823               |relu               |        0|        0|    0 ns   |    0 ns   |    1|    1| function |
        |grp_relu_fu_828               |relu               |        0|        0|    0 ns   |    0 ns   |    1|    1| function |
        |grp_relu_fu_833               |relu               |        0|        0|    0 ns   |    0 ns   |    1|    1| function |
        |grp_sum_engine_fu_838         |sum_engine         |        0|        0|    0 ns   |    0 ns   |    1|    1| function |
        |grp_sum_engine_fu_852         |sum_engine         |        0|        0|    0 ns   |    0 ns   |    1|    1| function |
        |grp_sum_engine_fu_866         |sum_engine         |        0|        0|    0 ns   |    0 ns   |    1|    1| function |
        |grp_sum_engine_fu_880         |sum_engine         |        0|        0|    0 ns   |    0 ns   |    1|    1| function |
        |grp_batch_norm_fu_894         |batch_norm         |        0|        0|    0 ns   |    0 ns   |    1|    1| function |
        |grp_batch_norm_fu_899         |batch_norm         |        0|        0|    0 ns   |    0 ns   |    1|    1| function |
        |grp_batch_norm_fu_904         |batch_norm         |        0|        0|    0 ns   |    0 ns   |    1|    1| function |
        |grp_batch_norm_fu_909         |batch_norm         |        0|        0|    0 ns   |    0 ns   |    1|    1| function |
        +------------------------------+-------------------+---------+---------+-----------+-----------+-----+-----+----------+

        * Loop: 
        +-------------------------+---------+---------+----------+-----------+-----------+------+----------+
        |                         |  Latency (cycles) | Iteration|  Initiation Interval  | Trip |          |
        |        Loop Name        |   min   |   max   |  Latency |  achieved |   target  | Count| Pipelined|
        +-------------------------+---------+---------+----------+-----------+-----------+------+----------+
        |- biconv_row_biconv_col  |       87|       87|        13|          5|          5|    16|    yes   |
        +-------------------------+---------+---------+----------+-----------+-----------+------+----------+



================================================================
== Utilization Estimates
================================================================
* Summary: 
+-----------------+---------+-------+--------+-------+-----+
|       Name      | BRAM_18K| DSP48E|   FF   |  LUT  | URAM|
+-----------------+---------+-------+--------+-------+-----+
|DSP              |        -|      -|       -|      -|    -|
|Expression       |        -|      -|       0|   2075|    -|
|FIFO             |        -|      -|       -|      -|    -|
|Instance         |        0|      -|    1450|  21800|    -|
|Memory           |        -|      -|       -|      -|    -|
|Multiplexer      |        -|      -|       -|   2276|    -|
|Register         |        0|      -|    2461|     32|    -|
+-----------------+---------+-------+--------+-------+-----+
|Total            |        0|      0|    3911|  26183|    0|
+-----------------+---------+-------+--------+-------+-----+
|Available        |      432|    360|  141120|  70560|    0|
+-----------------+---------+-------+--------+-------+-----+
|Utilization (%)  |        0|      0|       2|     37|    0|
+-----------------+---------+-------+--------+-------+-----+

+ Detail: 
    * Instance: 
    +------------------------------+----------------------+---------+-------+----+-----+-----+
    |           Instance           |        Module        | BRAM_18K| DSP48E| FF | LUT | URAM|
    +------------------------------+----------------------+---------+-------+----+-----+-----+
    |ResNet_mux_42_64_g8j_U284     |ResNet_mux_42_64_g8j  |        0|      0|   0|   55|    0|
    |ResNet_mux_42_64_g8j_U285     |ResNet_mux_42_64_g8j  |        0|      0|   0|   55|    0|
    |ResNet_mux_42_64_g8j_U286     |ResNet_mux_42_64_g8j  |        0|      0|   0|   55|    0|
    |ResNet_mux_42_64_g8j_U287     |ResNet_mux_42_64_g8j  |        0|      0|   0|   55|    0|
    |ResNet_mux_42_64_g8j_U288     |ResNet_mux_42_64_g8j  |        0|      0|   0|   55|    0|
    |ResNet_mux_42_64_g8j_U289     |ResNet_mux_42_64_g8j  |        0|      0|   0|   55|    0|
    |ResNet_mux_42_64_g8j_U290     |ResNet_mux_42_64_g8j  |        0|      0|   0|   55|    0|
    |ResNet_mux_42_64_g8j_U291     |ResNet_mux_42_64_g8j  |        0|      0|   0|   55|    0|
    |ResNet_mux_42_64_g8j_U292     |ResNet_mux_42_64_g8j  |        0|      0|   0|   55|    0|
    |ResNet_mux_42_64_g8j_U293     |ResNet_mux_42_64_g8j  |        0|      0|   0|   55|    0|
    |ResNet_mux_42_64_g8j_U294     |ResNet_mux_42_64_g8j  |        0|      0|   0|   55|    0|
    |ResNet_mux_42_64_g8j_U295     |ResNet_mux_42_64_g8j  |        0|      0|   0|   55|    0|
    |ResNet_mux_42_64_g8j_U296     |ResNet_mux_42_64_g8j  |        0|      0|   0|   55|    0|
    |ResNet_mux_42_64_g8j_U297     |ResNet_mux_42_64_g8j  |        0|      0|   0|   55|    0|
    |ResNet_mux_42_64_g8j_U298     |ResNet_mux_42_64_g8j  |        0|      0|   0|   55|    0|
    |ResNet_mux_42_64_g8j_U299     |ResNet_mux_42_64_g8j  |        0|      0|   0|   55|    0|
    |ResNet_mux_42_64_g8j_U300     |ResNet_mux_42_64_g8j  |        0|      0|   0|   55|    0|
    |ResNet_mux_42_64_g8j_U301     |ResNet_mux_42_64_g8j  |        0|      0|   0|   55|    0|
    |ResNet_mux_42_64_g8j_U302     |ResNet_mux_42_64_g8j  |        0|      0|   0|   55|    0|
    |ResNet_mux_42_64_g8j_U303     |ResNet_mux_42_64_g8j  |        0|      0|   0|   55|    0|
    |ResNet_mux_42_64_g8j_U304     |ResNet_mux_42_64_g8j  |        0|      0|   0|   55|    0|
    |ResNet_mux_42_64_g8j_U305     |ResNet_mux_42_64_g8j  |        0|      0|   0|   55|    0|
    |ResNet_mux_42_64_g8j_U306     |ResNet_mux_42_64_g8j  |        0|      0|   0|   55|    0|
    |ResNet_mux_42_64_g8j_U307     |ResNet_mux_42_64_g8j  |        0|      0|   0|   55|    0|
    |ResNet_mux_42_64_g8j_U308     |ResNet_mux_42_64_g8j  |        0|      0|   0|   55|    0|
    |ResNet_mux_42_64_g8j_U309     |ResNet_mux_42_64_g8j  |        0|      0|   0|   55|    0|
    |ResNet_mux_42_64_g8j_U310     |ResNet_mux_42_64_g8j  |        0|      0|   0|   55|    0|
    |ResNet_mux_42_64_g8j_U320     |ResNet_mux_42_64_g8j  |        0|      0|   0|   55|    0|
    |ResNet_mux_42_64_g8j_U321     |ResNet_mux_42_64_g8j  |        0|      0|   0|   55|    0|
    |ResNet_mux_42_64_g8j_U322     |ResNet_mux_42_64_g8j  |        0|      0|   0|   55|    0|
    |ResNet_mux_42_64_g8j_U323     |ResNet_mux_42_64_g8j  |        0|      0|   0|   55|    0|
    |ResNet_mux_42_64_g8j_U324     |ResNet_mux_42_64_g8j  |        0|      0|   0|   55|    0|
    |ResNet_mux_42_64_g8j_U325     |ResNet_mux_42_64_g8j  |        0|      0|   0|   55|    0|
    |ResNet_mux_42_64_g8j_U326     |ResNet_mux_42_64_g8j  |        0|      0|   0|   55|    0|
    |ResNet_mux_42_64_g8j_U327     |ResNet_mux_42_64_g8j  |        0|      0|   0|   55|    0|
    |ResNet_mux_42_64_g8j_U328     |ResNet_mux_42_64_g8j  |        0|      0|   0|   55|    0|
    |ResNet_mux_42_64_g8j_U329     |ResNet_mux_42_64_g8j  |        0|      0|   0|   55|    0|
    |ResNet_mux_42_64_g8j_U330     |ResNet_mux_42_64_g8j  |        0|      0|   0|   55|    0|
    |ResNet_mux_42_64_g8j_U331     |ResNet_mux_42_64_g8j  |        0|      0|   0|   55|    0|
    |ResNet_mux_42_64_g8j_U332     |ResNet_mux_42_64_g8j  |        0|      0|   0|   55|    0|
    |ResNet_mux_42_64_g8j_U333     |ResNet_mux_42_64_g8j  |        0|      0|   0|   55|    0|
    |ResNet_mux_42_64_g8j_U334     |ResNet_mux_42_64_g8j  |        0|      0|   0|   55|    0|
    |ResNet_mux_42_64_g8j_U335     |ResNet_mux_42_64_g8j  |        0|      0|   0|   55|    0|
    |ResNet_mux_42_64_g8j_U336     |ResNet_mux_42_64_g8j  |        0|      0|   0|   55|    0|
    |ResNet_mux_42_64_g8j_U337     |ResNet_mux_42_64_g8j  |        0|      0|   0|   55|    0|
    |ResNet_mux_42_64_g8j_U338     |ResNet_mux_42_64_g8j  |        0|      0|   0|   55|    0|
    |ResNet_mux_42_64_g8j_U339     |ResNet_mux_42_64_g8j  |        0|      0|   0|   55|    0|
    |ResNet_mux_42_64_g8j_U340     |ResNet_mux_42_64_g8j  |        0|      0|   0|   55|    0|
    |ResNet_mux_42_64_g8j_U341     |ResNet_mux_42_64_g8j  |        0|      0|   0|   55|    0|
    |ResNet_mux_42_64_g8j_U342     |ResNet_mux_42_64_g8j  |        0|      0|   0|   55|    0|
    |ResNet_mux_42_64_g8j_U343     |ResNet_mux_42_64_g8j  |        0|      0|   0|   55|    0|
    |ResNet_mux_42_64_g8j_U344     |ResNet_mux_42_64_g8j  |        0|      0|   0|   55|    0|
    |ResNet_mux_42_64_g8j_U345     |ResNet_mux_42_64_g8j  |        0|      0|   0|   55|    0|
    |ResNet_mux_42_64_g8j_U346     |ResNet_mux_42_64_g8j  |        0|      0|   0|   55|    0|
    |ResNet_mux_42_64_g8j_U347     |ResNet_mux_42_64_g8j  |        0|      0|   0|   55|    0|
    |ResNet_mux_42_64_g8j_U348     |ResNet_mux_42_64_g8j  |        0|      0|   0|   55|    0|
    |ResNet_mux_42_64_g8j_U349     |ResNet_mux_42_64_g8j  |        0|      0|   0|   55|    0|
    |ResNet_mux_42_64_g8j_U350     |ResNet_mux_42_64_g8j  |        0|      0|   0|   55|    0|
    |ResNet_mux_42_64_g8j_U351     |ResNet_mux_42_64_g8j  |        0|      0|   0|   55|    0|
    |ResNet_mux_42_64_g8j_U352     |ResNet_mux_42_64_g8j  |        0|      0|   0|   55|    0|
    |ResNet_mux_42_64_g8j_U353     |ResNet_mux_42_64_g8j  |        0|      0|   0|   55|    0|
    |ResNet_mux_42_64_g8j_U354     |ResNet_mux_42_64_g8j  |        0|      0|   0|   55|    0|
    |ResNet_mux_42_64_g8j_U355     |ResNet_mux_42_64_g8j  |        0|      0|   0|   55|    0|
    |ResNet_mux_42_64_g8j_U356     |ResNet_mux_42_64_g8j  |        0|      0|   0|   55|    0|
    |ResNet_mux_42_64_g8j_U357     |ResNet_mux_42_64_g8j  |        0|      0|   0|   55|    0|
    |ResNet_mux_42_64_g8j_U358     |ResNet_mux_42_64_g8j  |        0|      0|   0|   55|    0|
    |ResNet_mux_42_64_g8j_U359     |ResNet_mux_42_64_g8j  |        0|      0|   0|   55|    0|
    |ResNet_mux_42_64_g8j_U360     |ResNet_mux_42_64_g8j  |        0|      0|   0|   55|    0|
    |ResNet_mux_42_64_g8j_U361     |ResNet_mux_42_64_g8j  |        0|      0|   0|   55|    0|
    |ResNet_mux_42_64_g8j_U362     |ResNet_mux_42_64_g8j  |        0|      0|   0|   55|    0|
    |ResNet_mux_42_64_g8j_U363     |ResNet_mux_42_64_g8j  |        0|      0|   0|   55|    0|
    |ResNet_mux_42_64_g8j_U364     |ResNet_mux_42_64_g8j  |        0|      0|   0|   55|    0|
    |ResNet_mux_42_64_g8j_U365     |ResNet_mux_42_64_g8j  |        0|      0|   0|   55|    0|
    |ResNet_mux_42_64_g8j_U366     |ResNet_mux_42_64_g8j  |        0|      0|   0|   55|    0|
    |ResNet_mux_42_64_g8j_U367     |ResNet_mux_42_64_g8j  |        0|      0|   0|   55|    0|
    |ResNet_mux_42_64_g8j_U368     |ResNet_mux_42_64_g8j  |        0|      0|   0|   55|    0|
    |ResNet_mux_42_64_g8j_U369     |ResNet_mux_42_64_g8j  |        0|      0|   0|   55|    0|
    |ResNet_mux_42_64_g8j_U370     |ResNet_mux_42_64_g8j  |        0|      0|   0|   55|    0|
    |ResNet_mux_42_64_g8j_U371     |ResNet_mux_42_64_g8j  |        0|      0|   0|   55|    0|
    |ResNet_mux_42_64_g8j_U372     |ResNet_mux_42_64_g8j  |        0|      0|   0|   55|    0|
    |ResNet_mux_42_64_g8j_U373     |ResNet_mux_42_64_g8j  |        0|      0|   0|   55|    0|
    |ResNet_mux_42_64_g8j_U374     |ResNet_mux_42_64_g8j  |        0|      0|   0|   55|    0|
    |ResNet_mux_42_64_g8j_U375     |ResNet_mux_42_64_g8j  |        0|      0|   0|   55|    0|
    |ResNet_mux_42_64_g8j_U376     |ResNet_mux_42_64_g8j  |        0|      0|   0|   55|    0|
    |ResNet_mux_42_64_g8j_U377     |ResNet_mux_42_64_g8j  |        0|      0|   0|   55|    0|
    |ResNet_mux_42_64_g8j_U378     |ResNet_mux_42_64_g8j  |        0|      0|   0|   55|    0|
    |ResNet_mux_42_64_g8j_U379     |ResNet_mux_42_64_g8j  |        0|      0|   0|   55|    0|
    |ResNet_mux_42_64_g8j_U380     |ResNet_mux_42_64_g8j  |        0|      0|   0|   55|    0|
    |ResNet_mux_42_64_g8j_U381     |ResNet_mux_42_64_g8j  |        0|      0|   0|   55|    0|
    |ResNet_mux_42_64_g8j_U382     |ResNet_mux_42_64_g8j  |        0|      0|   0|   55|    0|
    |ResNet_mux_42_64_g8j_U383     |ResNet_mux_42_64_g8j  |        0|      0|   0|   55|    0|
    |ResNet_mux_42_64_g8j_U384     |ResNet_mux_42_64_g8j  |        0|      0|   0|   55|    0|
    |ResNet_mux_42_64_g8j_U385     |ResNet_mux_42_64_g8j  |        0|      0|   0|   55|    0|
    |ResNet_mux_42_64_g8j_U386     |ResNet_mux_42_64_g8j  |        0|      0|   0|   55|    0|
    |ResNet_mux_42_64_g8j_U387     |ResNet_mux_42_64_g8j  |        0|      0|   0|   55|    0|
    |ResNet_mux_42_64_g8j_U388     |ResNet_mux_42_64_g8j  |        0|      0|   0|   55|    0|
    |ResNet_mux_42_64_g8j_U389     |ResNet_mux_42_64_g8j  |        0|      0|   0|   55|    0|
    |ResNet_mux_42_64_g8j_U390     |ResNet_mux_42_64_g8j  |        0|      0|   0|   55|    0|
    |ResNet_mux_42_64_g8j_U391     |ResNet_mux_42_64_g8j  |        0|      0|   0|   55|    0|
    |ResNet_mux_42_64_g8j_U392     |ResNet_mux_42_64_g8j  |        0|      0|   0|   55|    0|
    |ResNet_mux_42_64_g8j_U393     |ResNet_mux_42_64_g8j  |        0|      0|   0|   55|    0|
    |ResNet_mux_42_64_g8j_U394     |ResNet_mux_42_64_g8j  |        0|      0|   0|   55|    0|
    |ResNet_mux_42_64_g8j_U395     |ResNet_mux_42_64_g8j  |        0|      0|   0|   55|    0|
    |ResNet_mux_42_64_g8j_U396     |ResNet_mux_42_64_g8j  |        0|      0|   0|   55|    0|
    |ResNet_mux_42_64_g8j_U397     |ResNet_mux_42_64_g8j  |        0|      0|   0|   55|    0|
    |ResNet_mux_42_64_g8j_U398     |ResNet_mux_42_64_g8j  |        0|      0|   0|   55|    0|
    |ResNet_mux_42_64_g8j_U399     |ResNet_mux_42_64_g8j  |        0|      0|   0|   55|    0|
    |ResNet_mux_42_64_g8j_U400     |ResNet_mux_42_64_g8j  |        0|      0|   0|   55|    0|
    |ResNet_mux_42_64_g8j_U401     |ResNet_mux_42_64_g8j  |        0|      0|   0|   55|    0|
    |ResNet_mux_42_64_g8j_U402     |ResNet_mux_42_64_g8j  |        0|      0|   0|   55|    0|
    |ResNet_mux_42_64_g8j_U403     |ResNet_mux_42_64_g8j  |        0|      0|   0|   55|    0|
    |ResNet_mux_42_64_g8j_U404     |ResNet_mux_42_64_g8j  |        0|      0|   0|   55|    0|
    |ResNet_mux_42_64_g8j_U405     |ResNet_mux_42_64_g8j  |        0|      0|   0|   55|    0|
    |ResNet_mux_42_64_g8j_U406     |ResNet_mux_42_64_g8j  |        0|      0|   0|   55|    0|
    |ResNet_mux_42_64_g8j_U407     |ResNet_mux_42_64_g8j  |        0|      0|   0|   55|    0|
    |ResNet_mux_42_64_g8j_U408     |ResNet_mux_42_64_g8j  |        0|      0|   0|   55|    0|
    |ResNet_mux_42_64_g8j_U409     |ResNet_mux_42_64_g8j  |        0|      0|   0|   55|    0|
    |ResNet_mux_42_64_g8j_U410     |ResNet_mux_42_64_g8j  |        0|      0|   0|   55|    0|
    |ResNet_mux_42_64_g8j_U411     |ResNet_mux_42_64_g8j  |        0|      0|   0|   55|    0|
    |ResNet_mux_42_64_g8j_U412     |ResNet_mux_42_64_g8j  |        0|      0|   0|   55|    0|
    |ResNet_mux_42_64_g8j_U413     |ResNet_mux_42_64_g8j  |        0|      0|   0|   55|    0|
    |ResNet_mux_42_64_g8j_U414     |ResNet_mux_42_64_g8j  |        0|      0|   0|   55|    0|
    |ResNet_mux_42_64_g8j_U415     |ResNet_mux_42_64_g8j  |        0|      0|   0|   55|    0|
    |ResNet_mux_42_64_g8j_U416     |ResNet_mux_42_64_g8j  |        0|      0|   0|   55|    0|
    |ResNet_mux_42_64_g8j_U417     |ResNet_mux_42_64_g8j  |        0|      0|   0|   55|    0|
    |ResNet_mux_42_64_g8j_U418     |ResNet_mux_42_64_g8j  |        0|      0|   0|   55|    0|
    |ResNet_mux_42_64_g8j_U419     |ResNet_mux_42_64_g8j  |        0|      0|   0|   55|    0|
    |ResNet_mux_42_64_g8j_U420     |ResNet_mux_42_64_g8j  |        0|      0|   0|   55|    0|
    |ResNet_mux_42_64_g8j_U421     |ResNet_mux_42_64_g8j  |        0|      0|   0|   55|    0|
    |ResNet_mux_42_64_g8j_U422     |ResNet_mux_42_64_g8j  |        0|      0|   0|   55|    0|
    |ResNet_mux_42_64_g8j_U423     |ResNet_mux_42_64_g8j  |        0|      0|   0|   55|    0|
    |ResNet_mux_42_64_g8j_U424     |ResNet_mux_42_64_g8j  |        0|      0|   0|   55|    0|
    |ResNet_mux_42_64_g8j_U425     |ResNet_mux_42_64_g8j  |        0|      0|   0|   55|    0|
    |ResNet_mux_42_64_g8j_U426     |ResNet_mux_42_64_g8j  |        0|      0|   0|   55|    0|
    |ResNet_mux_42_64_g8j_U427     |ResNet_mux_42_64_g8j  |        0|      0|   0|   55|    0|
    |ResNet_mux_42_64_g8j_U428     |ResNet_mux_42_64_g8j  |        0|      0|   0|   55|    0|
    |ResNet_mux_42_64_g8j_U429     |ResNet_mux_42_64_g8j  |        0|      0|   0|   55|    0|
    |ResNet_mux_42_64_g8j_U430     |ResNet_mux_42_64_g8j  |        0|      0|   0|   55|    0|
    |ResNet_mux_42_64_g8j_U431     |ResNet_mux_42_64_g8j  |        0|      0|   0|   55|    0|
    |ResNet_mux_42_64_g8j_U432     |ResNet_mux_42_64_g8j  |        0|      0|   0|   55|    0|
    |ResNet_mux_42_64_g8j_U433     |ResNet_mux_42_64_g8j  |        0|      0|   0|   55|    0|
    |ResNet_mux_42_64_g8j_U434     |ResNet_mux_42_64_g8j  |        0|      0|   0|   55|    0|
    |ResNet_mux_42_64_g8j_U435     |ResNet_mux_42_64_g8j  |        0|      0|   0|   55|    0|
    |ResNet_mux_42_64_g8j_U436     |ResNet_mux_42_64_g8j  |        0|      0|   0|   55|    0|
    |ResNet_mux_42_64_g8j_U437     |ResNet_mux_42_64_g8j  |        0|      0|   0|   55|    0|
    |ResNet_mux_42_64_g8j_U438     |ResNet_mux_42_64_g8j  |        0|      0|   0|   55|    0|
    |ResNet_mux_42_64_g8j_U439     |ResNet_mux_42_64_g8j  |        0|      0|   0|   55|    0|
    |ResNet_mux_42_64_g8j_U440     |ResNet_mux_42_64_g8j  |        0|      0|   0|   55|    0|
    |ResNet_mux_42_64_g8j_U441     |ResNet_mux_42_64_g8j  |        0|      0|   0|   55|    0|
    |ResNet_mux_42_64_g8j_U442     |ResNet_mux_42_64_g8j  |        0|      0|   0|   55|    0|
    |ResNet_mux_42_64_g8j_U443     |ResNet_mux_42_64_g8j  |        0|      0|   0|   55|    0|
    |ResNet_mux_42_64_g8j_U444     |ResNet_mux_42_64_g8j  |        0|      0|   0|   55|    0|
    |ResNet_mux_42_64_g8j_U445     |ResNet_mux_42_64_g8j  |        0|      0|   0|   55|    0|
    |ResNet_mux_42_64_g8j_U446     |ResNet_mux_42_64_g8j  |        0|      0|   0|   55|    0|
    |ResNet_mux_42_64_g8j_U447     |ResNet_mux_42_64_g8j  |        0|      0|   0|   55|    0|
    |ResNet_mux_42_64_g8j_U448     |ResNet_mux_42_64_g8j  |        0|      0|   0|   55|    0|
    |ResNet_mux_42_64_g8j_U449     |ResNet_mux_42_64_g8j  |        0|      0|   0|   55|    0|
    |ResNet_mux_42_64_g8j_U450     |ResNet_mux_42_64_g8j  |        0|      0|   0|   55|    0|
    |ResNet_mux_42_64_g8j_U451     |ResNet_mux_42_64_g8j  |        0|      0|   0|   55|    0|
    |ResNet_mux_42_64_g8j_U452     |ResNet_mux_42_64_g8j  |        0|      0|   0|   55|    0|
    |ResNet_mux_42_64_g8j_U453     |ResNet_mux_42_64_g8j  |        0|      0|   0|   55|    0|
    |ResNet_mux_42_64_g8j_U454     |ResNet_mux_42_64_g8j  |        0|      0|   0|   55|    0|
    |ResNet_mux_646_64fYi_U283     |ResNet_mux_646_64fYi  |        0|      0|   0|   55|    0|
    |ResNet_mux_646_64fYi_U311     |ResNet_mux_646_64fYi  |        0|      0|   0|   55|    0|
    |ResNet_mux_646_64fYi_U312     |ResNet_mux_646_64fYi  |        0|      0|   0|   55|    0|
    |ResNet_mux_646_64fYi_U313     |ResNet_mux_646_64fYi  |        0|      0|   0|   55|    0|
    |ResNet_mux_646_64fYi_U314     |ResNet_mux_646_64fYi  |        0|      0|   0|   55|    0|
    |ResNet_mux_646_64fYi_U315     |ResNet_mux_646_64fYi  |        0|      0|   0|   55|    0|
    |ResNet_mux_646_64fYi_U316     |ResNet_mux_646_64fYi  |        0|      0|   0|   55|    0|
    |ResNet_mux_646_64fYi_U317     |ResNet_mux_646_64fYi  |        0|      0|   0|   55|    0|
    |ResNet_mux_646_64fYi_U318     |ResNet_mux_646_64fYi  |        0|      0|   0|   55|    0|
    |ResNet_mux_646_64fYi_U319     |ResNet_mux_646_64fYi  |        0|      0|   0|   55|    0|
    |grp_batch_norm_fu_894         |batch_norm            |        0|      0|   0|   94|    0|
    |grp_batch_norm_fu_899         |batch_norm            |        0|      0|   0|   94|    0|
    |grp_batch_norm_fu_904         |batch_norm            |        0|      0|   0|   94|    0|
    |grp_batch_norm_fu_909         |batch_norm            |        0|      0|   0|   94|    0|
    |grp_compute_engine_64_fu_548  |compute_engine_64     |        0|      0|  50|  344|    0|
    |grp_compute_engine_64_fu_558  |compute_engine_64     |        0|      0|  50|  344|    0|
    |grp_compute_engine_64_fu_567  |compute_engine_64     |        0|      0|  50|  344|    0|
    |grp_compute_engine_64_fu_576  |compute_engine_64     |        0|      0|  50|  344|    0|
    |grp_compute_engine_64_fu_585  |compute_engine_64     |        0|      0|  50|  344|    0|
    |grp_compute_engine_64_fu_594  |compute_engine_64     |        0|      0|  50|  344|    0|
    |grp_compute_engine_64_fu_603  |compute_engine_64     |        0|      0|  50|  344|    0|
    |grp_compute_engine_64_fu_612  |compute_engine_64     |        0|      0|  50|  344|    0|
    |grp_compute_engine_64_fu_621  |compute_engine_64     |        0|      0|  50|  344|    0|
    |grp_compute_engine_64_fu_630  |compute_engine_64     |        0|      0|  50|  344|    0|
    |grp_compute_engine_64_fu_639  |compute_engine_64     |        0|      0|  50|  344|    0|
    |grp_compute_engine_64_fu_648  |compute_engine_64     |        0|      0|  50|  344|    0|
    |grp_compute_engine_64_fu_657  |compute_engine_64     |        0|      0|  50|  344|    0|
    |grp_compute_engine_64_fu_666  |compute_engine_64     |        0|      0|  50|  344|    0|
    |grp_compute_engine_64_fu_675  |compute_engine_64     |        0|      0|  50|  344|    0|
    |grp_compute_engine_64_fu_684  |compute_engine_64     |        0|      0|  50|  344|    0|
    |grp_compute_engine_64_fu_693  |compute_engine_64     |        0|      0|  50|  344|    0|
    |grp_compute_engine_64_fu_702  |compute_engine_64     |        0|      0|  50|  344|    0|
    |grp_compute_engine_64_fu_711  |compute_engine_64     |        0|      0|  50|  344|    0|
    |grp_compute_engine_64_fu_720  |compute_engine_64     |        0|      0|  50|  344|    0|
    |grp_compute_engine_64_fu_729  |compute_engine_64     |        0|      0|  50|  344|    0|
    |grp_compute_engine_64_fu_738  |compute_engine_64     |        0|      0|  50|  344|    0|
    |grp_compute_engine_64_fu_747  |compute_engine_64     |        0|      0|  50|  344|    0|
    |grp_compute_engine_64_fu_756  |compute_engine_64     |        0|      0|  50|  344|    0|
    |grp_compute_engine_64_fu_765  |compute_engine_64     |        0|      0|  50|  344|    0|
    |grp_compute_engine_64_fu_774  |compute_engine_64     |        0|      0|  50|  344|    0|
    |grp_compute_engine_64_fu_783  |compute_engine_64     |        0|      0|  50|  344|    0|
    |grp_compute_engine_64_fu_792  |compute_engine_64     |        0|      0|  50|  344|    0|
    |grp_compute_engine_64_fu_801  |compute_engine_64     |        0|      0|  50|  344|    0|
    |grp_relu_fu_818               |relu                  |        0|      0|   0|  369|    0|
    |grp_relu_fu_823               |relu                  |        0|      0|   0|  369|    0|
    |grp_relu_fu_828               |relu                  |        0|      0|   0|  369|    0|
    |grp_relu_fu_833               |relu                  |        0|      0|   0|  369|    0|
    |grp_sum_engine_fu_838         |sum_engine            |        0|      0|   0|  128|    0|
    |grp_sum_engine_fu_852         |sum_engine            |        0|      0|   0|  128|    0|
    |grp_sum_engine_fu_866         |sum_engine            |        0|      0|   0|  128|    0|
    |grp_sum_engine_fu_880         |sum_engine            |        0|      0|   0|  128|    0|
    +------------------------------+----------------------+---------+-------+----+-----+-----+
    |Total                         |                      |        0|      0|1450|21800|    0|
    +------------------------------+----------------------+---------+-------+----+-----+-----+

    * DSP48E: 
    N/A

    * Memory: 
    N/A

    * FIFO: 
    N/A

    * Expression: 
    +----------------------------+----------+-------+---+----+------------+------------+
    |        Variable Name       | Operation| DSP48E| FF| LUT| Bitwidth P0| Bitwidth P1|
    +----------------------------+----------+-------+---+----+------------+------------+
    |add_ln1192_10_fu_6097_p2    |     +    |      0|  0|  20|          13|          13|
    |add_ln1192_11_fu_6185_p2    |     +    |      0|  0|  20|          13|          13|
    |add_ln1192_12_fu_6273_p2    |     +    |      0|  0|  20|          13|          13|
    |add_ln1192_13_fu_6361_p2    |     +    |      0|  0|  20|          13|          13|
    |add_ln1192_14_fu_6449_p2    |     +    |      0|  0|  20|          13|          13|
    |add_ln1192_15_fu_6537_p2    |     +    |      0|  0|  20|          13|          13|
    |add_ln1192_1_fu_5193_p2     |     +    |      0|  0|  20|          13|          13|
    |add_ln1192_2_fu_5281_p2     |     +    |      0|  0|  20|          13|          13|
    |add_ln1192_3_fu_5369_p2     |     +    |      0|  0|  20|          13|          13|
    |add_ln1192_4_fu_5513_p2     |     +    |      0|  0|  20|          13|          13|
    |add_ln1192_5_fu_5601_p2     |     +    |      0|  0|  20|          13|          13|
    |add_ln1192_6_fu_5689_p2     |     +    |      0|  0|  20|          13|          13|
    |add_ln1192_7_fu_5777_p2     |     +    |      0|  0|  20|          13|          13|
    |add_ln1192_8_fu_5921_p2     |     +    |      0|  0|  20|          13|          13|
    |add_ln1192_9_fu_6009_p2     |     +    |      0|  0|  20|          13|          13|
    |add_ln1192_fu_5105_p2       |     +    |      0|  0|  20|          13|          13|
    |add_ln169_fu_1773_p2        |     +    |      0|  0|  15|           5|           3|
    |add_ln170_1_fu_1817_p2      |     +    |      0|  0|  12|           4|           4|
    |add_ln170_2_fu_1869_p2      |     +    |      0|  0|  12|           4|           4|
    |add_ln170_fu_1767_p2        |     +    |      0|  0|  15|           5|           3|
    |add_ln171_1_fu_1749_p2      |     +    |      0|  0|  15|           7|           1|
    |add_ln171_2_fu_1761_p2      |     +    |      0|  0|  15|           5|           3|
    |add_ln171_fu_1712_p2        |     +    |      0|  0|  12|           3|           4|
    |add_ln176_1_fu_2099_p2      |     +    |      0|  0|  19|           8|           8|
    |add_ln176_fu_2093_p2        |     +    |      0|  0|  19|           8|           8|
    |add_ln178_1_fu_1899_p2      |     +    |      0|  0|  12|           4|           2|
    |add_ln178_2_fu_1909_p2      |     +    |      0|  0|  15|           8|           8|
    |add_ln178_fu_1847_p2        |     +    |      0|  0|  15|           8|           8|
    |add_ln179_fu_1924_p2        |     +    |      0|  0|  15|           8|           8|
    |add_ln180_1_fu_2040_p2      |     +    |      0|  0|  15|           8|           8|
    |add_ln180_fu_2031_p2        |     +    |      0|  0|  12|           4|           1|
    |add_ln181_1_fu_1991_p2      |     +    |      0|  0|  15|           8|           8|
    |add_ln181_fu_1957_p2        |     +    |      0|  0|  15|           8|           8|
    |add_ln182_fu_2011_p2        |     +    |      0|  0|  15|           8|           8|
    |add_ln183_fu_2050_p2        |     +    |      0|  0|  15|           8|           8|
    |add_ln184_1_fu_2001_p2      |     +    |      0|  0|  15|           8|           8|
    |add_ln184_fu_1985_p2        |     +    |      0|  0|  15|           8|           8|
    |add_ln185_fu_2021_p2        |     +    |      0|  0|  15|           8|           8|
    |add_ln186_fu_2061_p2        |     +    |      0|  0|  15|           8|           8|
    |add_ln703_10_fu_6111_p2     |     +    |      0|  0|  19|          12|          12|
    |add_ln703_11_fu_6199_p2     |     +    |      0|  0|  19|          12|          12|
    |add_ln703_12_fu_6287_p2     |     +    |      0|  0|  19|          12|          12|
    |add_ln703_13_fu_6375_p2     |     +    |      0|  0|  19|          12|          12|
    |add_ln703_14_fu_6463_p2     |     +    |      0|  0|  19|          12|          12|
    |add_ln703_15_fu_6551_p2     |     +    |      0|  0|  19|          12|          12|
    |add_ln703_1_fu_5207_p2      |     +    |      0|  0|  19|          12|          12|
    |add_ln703_2_fu_5295_p2      |     +    |      0|  0|  19|          12|          12|
    |add_ln703_3_fu_5383_p2      |     +    |      0|  0|  19|          12|          12|
    |add_ln703_4_fu_5527_p2      |     +    |      0|  0|  19|          12|          12|
    |add_ln703_5_fu_5615_p2      |     +    |      0|  0|  19|          12|          12|
    |add_ln703_6_fu_5703_p2      |     +    |      0|  0|  19|          12|          12|
    |add_ln703_7_fu_5791_p2      |     +    |      0|  0|  19|          12|          12|
    |add_ln703_8_fu_5935_p2      |     +    |      0|  0|  19|          12|          12|
    |add_ln703_9_fu_6023_p2      |     +    |      0|  0|  19|          12|          12|
    |add_ln703_fu_5119_p2        |     +    |      0|  0|  19|          12|          12|
    |col_fu_2115_p2              |     +    |      0|  0|  12|           2|           4|
    |row_fu_1755_p2              |     +    |      0|  0|  12|           4|           2|
    |top_col_fu_2110_p2          |     +    |      0|  0|  15|           1|           5|
    |top_row_fu_2105_p2          |     +    |      0|  0|  15|           1|           5|
    |sub_ln171_fu_1730_p2        |     -    |      0|  0|  15|           5|           5|
    |and_ln786_10_fu_5954_p2     |    and   |      0|  0|   2|           1|           1|
    |and_ln786_11_fu_6042_p2     |    and   |      0|  0|   2|           1|           1|
    |and_ln786_12_fu_6130_p2     |    and   |      0|  0|   2|           1|           1|
    |and_ln786_13_fu_6218_p2     |    and   |      0|  0|   2|           1|           1|
    |and_ln786_14_fu_6306_p2     |    and   |      0|  0|   2|           1|           1|
    |and_ln786_15_fu_6394_p2     |    and   |      0|  0|   2|           1|           1|
    |and_ln786_16_fu_6482_p2     |    and   |      0|  0|   2|           1|           1|
    |and_ln786_17_fu_6570_p2     |    and   |      0|  0|   2|           1|           1|
    |and_ln786_3_fu_5226_p2      |    and   |      0|  0|   2|           1|           1|
    |and_ln786_4_fu_5314_p2      |    and   |      0|  0|   2|           1|           1|
    |and_ln786_5_fu_5402_p2      |    and   |      0|  0|   2|           1|           1|
    |and_ln786_6_fu_5546_p2      |    and   |      0|  0|   2|           1|           1|
    |and_ln786_7_fu_5634_p2      |    and   |      0|  0|   2|           1|           1|
    |and_ln786_8_fu_5722_p2      |    and   |      0|  0|   2|           1|           1|
    |and_ln786_9_fu_5810_p2      |    and   |      0|  0|   2|           1|           1|
    |and_ln786_fu_5138_p2        |    and   |      0|  0|   2|           1|           1|
    |ap_condition_2685           |    and   |      0|  0|   2|           1|           1|
    |ap_condition_2687           |    and   |      0|  0|   2|           1|           1|
    |ap_condition_2690           |    and   |      0|  0|   2|           1|           1|
    |ap_condition_2697           |    and   |      0|  0|   2|           1|           1|
    |grp_fu_1604_p2              |   icmp   |      0|  0|  11|           5|           1|
    |grp_fu_1610_p2              |   icmp   |      0|  0|  11|           5|           1|
    |grp_fu_1616_p2              |   icmp   |      0|  0|  11|           5|           1|
    |grp_fu_1622_p2              |   icmp   |      0|  0|  11|           5|           1|
    |icmp_ln1494_1_fu_4988_p2    |   icmp   |      0|  0|  11|           5|           1|
    |icmp_ln1494_2_fu_5006_p2    |   icmp   |      0|  0|  11|           5|           1|
    |icmp_ln1494_3_fu_5024_p2    |   icmp   |      0|  0|  11|           5|           1|
    |icmp_ln1494_fu_4970_p2      |   icmp   |      0|  0|  11|           5|           1|
    |icmp_ln171_fu_1744_p2       |   icmp   |      0|  0|  11|           7|           7|
    |icmp_ln172_fu_1779_p2       |   icmp   |      0|  0|  11|           5|           5|
    |or_ln169_fu_1680_p2         |    or    |      0|  0|   4|           4|           1|
    |or_ln170_fu_1702_p2         |    or    |      0|  0|   3|           3|           1|
    |or_ln340_10_fu_5828_p2      |    or    |      0|  0|   2|           1|           1|
    |or_ln340_11_fu_5972_p2      |    or    |      0|  0|   2|           1|           1|
    |or_ln340_12_fu_6060_p2      |    or    |      0|  0|   2|           1|           1|
    |or_ln340_13_fu_6148_p2      |    or    |      0|  0|   2|           1|           1|
    |or_ln340_14_fu_6236_p2      |    or    |      0|  0|   2|           1|           1|
    |or_ln340_15_fu_6324_p2      |    or    |      0|  0|   2|           1|           1|
    |or_ln340_16_fu_6412_p2      |    or    |      0|  0|   2|           1|           1|
    |or_ln340_17_fu_6500_p2      |    or    |      0|  0|   2|           1|           1|
    |or_ln340_18_fu_6588_p2      |    or    |      0|  0|   2|           1|           1|
    |or_ln340_4_fu_5244_p2       |    or    |      0|  0|   2|           1|           1|
    |or_ln340_5_fu_5332_p2       |    or    |      0|  0|   2|           1|           1|
    |or_ln340_6_fu_5420_p2       |    or    |      0|  0|   2|           1|           1|
    |or_ln340_7_fu_5564_p2       |    or    |      0|  0|   2|           1|           1|
    |or_ln340_8_fu_5652_p2       |    or    |      0|  0|   2|           1|           1|
    |or_ln340_9_fu_5740_p2       |    or    |      0|  0|   2|           1|           1|
    |or_ln340_fu_5156_p2         |    or    |      0|  0|   2|           1|           1|
    |select_ln170_1_fu_1793_p3   |  select  |      0|  0|   5|           1|           5|
    |select_ln170_2_fu_1801_p3   |  select  |      0|  0|   4|           1|           1|
    |select_ln170_3_fu_1809_p3   |  select  |      0|  0|   2|           1|           1|
    |select_ln170_4_fu_1853_p3   |  select  |      0|  0|   4|           1|           4|
    |select_ln170_5_fu_1861_p3   |  select  |      0|  0|   2|           1|           2|
    |select_ln170_fu_1785_p3     |  select  |      0|  0|   5|           1|           5|
    |select_ln171_1_fu_1883_p3   |  select  |      0|  0|   5|           1|           5|
    |select_ln171_2_fu_1891_p3   |  select  |      0|  0|   5|           1|           5|
    |select_ln171_fu_1875_p3     |  select  |      0|  0|   5|           1|           5|
    |select_ln200_10_fu_5484_p3  |  select  |      0|  0|   8|           1|           8|
    |select_ln200_11_fu_5498_p3  |  select  |      0|  0|   8|           1|           8|
    |select_ln200_12_fu_5864_p3  |  select  |      0|  0|   8|           1|           8|
    |select_ln200_13_fu_5878_p3  |  select  |      0|  0|   8|           1|           8|
    |select_ln200_14_fu_5892_p3  |  select  |      0|  0|   8|           1|           8|
    |select_ln200_15_fu_5906_p3  |  select  |      0|  0|   8|           1|           8|
    |select_ln200_1_fu_4998_p3   |  select  |      0|  0|   8|           1|           8|
    |select_ln200_2_fu_5016_p3   |  select  |      0|  0|   8|           1|           8|
    |select_ln200_3_fu_5034_p3   |  select  |      0|  0|   8|           1|           8|
    |select_ln200_4_fu_5048_p3   |  select  |      0|  0|   8|           1|           8|
    |select_ln200_5_fu_5062_p3   |  select  |      0|  0|   8|           1|           8|
    |select_ln200_6_fu_5076_p3   |  select  |      0|  0|   8|           1|           8|
    |select_ln200_7_fu_5090_p3   |  select  |      0|  0|   8|           1|           8|
    |select_ln200_8_fu_5456_p3   |  select  |      0|  0|   8|           1|           8|
    |select_ln200_9_fu_5470_p3   |  select  |      0|  0|   8|           1|           8|
    |select_ln200_fu_4980_p3     |  select  |      0|  0|   8|           1|           8|
    |select_ln340_10_fu_6154_p3  |  select  |      0|  0|  12|           1|          11|
    |select_ln340_11_fu_6242_p3  |  select  |      0|  0|  12|           1|          11|
    |select_ln340_12_fu_6330_p3  |  select  |      0|  0|  12|           1|          11|
    |select_ln340_13_fu_6418_p3  |  select  |      0|  0|  12|           1|          11|
    |select_ln340_14_fu_6506_p3  |  select  |      0|  0|  12|           1|          11|
    |select_ln340_15_fu_6594_p3  |  select  |      0|  0|  12|           1|          11|
    |select_ln340_16_fu_5178_p3  |  select  |      0|  0|  12|           1|          12|
    |select_ln340_17_fu_5266_p3  |  select  |      0|  0|  12|           1|          12|
    |select_ln340_18_fu_5354_p3  |  select  |      0|  0|  12|           1|          12|
    |select_ln340_19_fu_5442_p3  |  select  |      0|  0|  12|           1|          12|
    |select_ln340_1_fu_5250_p3   |  select  |      0|  0|  12|           1|          11|
    |select_ln340_20_fu_5586_p3  |  select  |      0|  0|  12|           1|          12|
    |select_ln340_21_fu_5674_p3  |  select  |      0|  0|  12|           1|          12|
    |select_ln340_22_fu_5762_p3  |  select  |      0|  0|  12|           1|          12|
    |select_ln340_23_fu_5850_p3  |  select  |      0|  0|  12|           1|          12|
    |select_ln340_24_fu_5994_p3  |  select  |      0|  0|  12|           1|          12|
    |select_ln340_25_fu_6082_p3  |  select  |      0|  0|  12|           1|          12|
    |select_ln340_26_fu_6170_p3  |  select  |      0|  0|  12|           1|          12|
    |select_ln340_27_fu_6258_p3  |  select  |      0|  0|  12|           1|          12|
    |select_ln340_28_fu_6346_p3  |  select  |      0|  0|  12|           1|          12|
    |select_ln340_29_fu_6434_p3  |  select  |      0|  0|  12|           1|          12|
    |select_ln340_2_fu_5338_p3   |  select  |      0|  0|  12|           1|          11|
    |select_ln340_30_fu_6522_p3  |  select  |      0|  0|  12|           1|          12|
    |select_ln340_31_fu_6610_p3  |  select  |      0|  0|  12|           1|          12|
    |select_ln340_3_fu_5426_p3   |  select  |      0|  0|  12|           1|          11|
    |select_ln340_4_fu_5570_p3   |  select  |      0|  0|  12|           1|          11|
    |select_ln340_5_fu_5658_p3   |  select  |      0|  0|  12|           1|          11|
    |select_ln340_6_fu_5746_p3   |  select  |      0|  0|  12|           1|          11|
    |select_ln340_7_fu_5834_p3   |  select  |      0|  0|  12|           1|          11|
    |select_ln340_8_fu_5978_p3   |  select  |      0|  0|  12|           1|          11|
    |select_ln340_9_fu_6066_p3   |  select  |      0|  0|  12|           1|          11|
    |select_ln340_fu_5162_p3     |  select  |      0|  0|  12|           1|          11|
    |select_ln388_10_fu_6162_p3  |  select  |      0|  0|  13|           1|          13|
    |select_ln388_11_fu_6250_p3  |  select  |      0|  0|  13|           1|          13|
    |select_ln388_12_fu_6338_p3  |  select  |      0|  0|  13|           1|          13|
    |select_ln388_13_fu_6426_p3  |  select  |      0|  0|  13|           1|          13|
    |select_ln388_14_fu_6514_p3  |  select  |      0|  0|  13|           1|          13|
    |select_ln388_15_fu_6602_p3  |  select  |      0|  0|  13|           1|          13|
    |select_ln388_1_fu_5258_p3   |  select  |      0|  0|  13|           1|          13|
    |select_ln388_2_fu_5346_p3   |  select  |      0|  0|  13|           1|          13|
    |select_ln388_3_fu_5434_p3   |  select  |      0|  0|  13|           1|          13|
    |select_ln388_4_fu_5578_p3   |  select  |      0|  0|  13|           1|          13|
    |select_ln388_5_fu_5666_p3   |  select  |      0|  0|  13|           1|          13|
    |select_ln388_6_fu_5754_p3   |  select  |      0|  0|  13|           1|          13|
    |select_ln388_7_fu_5842_p3   |  select  |      0|  0|  13|           1|          13|
    |select_ln388_8_fu_5986_p3   |  select  |      0|  0|  13|           1|          13|
    |select_ln388_9_fu_6074_p3   |  select  |      0|  0|  13|           1|          13|
    |select_ln388_fu_5170_p3     |  select  |      0|  0|  13|           1|          13|
    |ap_enable_pp0               |    xor   |      0|  0|   2|           1|           2|
    |xor_ln340_10_fu_6142_p2     |    xor   |      0|  0|   2|           1|           2|
    |xor_ln340_11_fu_6230_p2     |    xor   |      0|  0|   2|           1|           2|
    |xor_ln340_12_fu_6318_p2     |    xor   |      0|  0|   2|           1|           2|
    |xor_ln340_13_fu_6406_p2     |    xor   |      0|  0|   2|           1|           2|
    |xor_ln340_14_fu_6494_p2     |    xor   |      0|  0|   2|           1|           2|
    |xor_ln340_15_fu_6582_p2     |    xor   |      0|  0|   2|           1|           2|
    |xor_ln340_16_fu_5144_p2     |    xor   |      0|  0|   2|           1|           1|
    |xor_ln340_17_fu_5232_p2     |    xor   |      0|  0|   2|           1|           1|
    |xor_ln340_18_fu_5320_p2     |    xor   |      0|  0|   2|           1|           1|
    |xor_ln340_19_fu_5408_p2     |    xor   |      0|  0|   2|           1|           1|
    |xor_ln340_1_fu_5238_p2      |    xor   |      0|  0|   2|           1|           2|
    |xor_ln340_20_fu_5552_p2     |    xor   |      0|  0|   2|           1|           1|
    |xor_ln340_21_fu_5640_p2     |    xor   |      0|  0|   2|           1|           1|
    |xor_ln340_22_fu_5728_p2     |    xor   |      0|  0|   2|           1|           1|
    |xor_ln340_23_fu_5816_p2     |    xor   |      0|  0|   2|           1|           1|
    |xor_ln340_24_fu_5960_p2     |    xor   |      0|  0|   2|           1|           1|
    |xor_ln340_25_fu_6048_p2     |    xor   |      0|  0|   2|           1|           1|
    |xor_ln340_26_fu_6136_p2     |    xor   |      0|  0|   2|           1|           1|
    |xor_ln340_27_fu_6224_p2     |    xor   |      0|  0|   2|           1|           1|
    |xor_ln340_28_fu_6312_p2     |    xor   |      0|  0|   2|           1|           1|
    |xor_ln340_29_fu_6400_p2     |    xor   |      0|  0|   2|           1|           1|
    |xor_ln340_2_fu_5326_p2      |    xor   |      0|  0|   2|           1|           2|
    |xor_ln340_30_fu_6488_p2     |    xor   |      0|  0|   2|           1|           1|
    |xor_ln340_31_fu_6576_p2     |    xor   |      0|  0|   2|           1|           1|
    |xor_ln340_3_fu_5414_p2      |    xor   |      0|  0|   2|           1|           2|
    |xor_ln340_4_fu_5558_p2      |    xor   |      0|  0|   2|           1|           2|
    |xor_ln340_5_fu_5646_p2      |    xor   |      0|  0|   2|           1|           2|
    |xor_ln340_6_fu_5734_p2      |    xor   |      0|  0|   2|           1|           2|
    |xor_ln340_7_fu_5822_p2      |    xor   |      0|  0|   2|           1|           2|
    |xor_ln340_8_fu_5966_p2      |    xor   |      0|  0|   2|           1|           2|
    |xor_ln340_9_fu_6054_p2      |    xor   |      0|  0|   2|           1|           2|
    |xor_ln340_fu_5150_p2        |    xor   |      0|  0|   2|           1|           2|
    |xor_ln786_10_fu_6124_p2     |    xor   |      0|  0|   2|           1|           2|
    |xor_ln786_11_fu_6212_p2     |    xor   |      0|  0|   2|           1|           2|
    |xor_ln786_12_fu_6300_p2     |    xor   |      0|  0|   2|           1|           2|
    |xor_ln786_13_fu_6388_p2     |    xor   |      0|  0|   2|           1|           2|
    |xor_ln786_14_fu_6476_p2     |    xor   |      0|  0|   2|           1|           2|
    |xor_ln786_15_fu_6564_p2     |    xor   |      0|  0|   2|           1|           2|
    |xor_ln786_1_fu_5220_p2      |    xor   |      0|  0|   2|           1|           2|
    |xor_ln786_2_fu_5308_p2      |    xor   |      0|  0|   2|           1|           2|
    |xor_ln786_3_fu_5396_p2      |    xor   |      0|  0|   2|           1|           2|
    |xor_ln786_4_fu_5540_p2      |    xor   |      0|  0|   2|           1|           2|
    |xor_ln786_5_fu_5628_p2      |    xor   |      0|  0|   2|           1|           2|
    |xor_ln786_6_fu_5716_p2      |    xor   |      0|  0|   2|           1|           2|
    |xor_ln786_7_fu_5804_p2      |    xor   |      0|  0|   2|           1|           2|
    |xor_ln786_8_fu_5948_p2      |    xor   |      0|  0|   2|           1|           2|
    |xor_ln786_9_fu_6036_p2      |    xor   |      0|  0|   2|           1|           2|
    |xor_ln786_fu_5132_p2        |    xor   |      0|  0|   2|           1|           2|
    +----------------------------+----------+-------+---+----+------------+------------+
    |Total                       |          |      0|  0|2075|         783|        1435|
    +----------------------------+----------+-------+---+----+------------+------------+

    * Multiplexer: 
    +-----------------------------------------+----+-----------+-----+-----------+
    |                   Name                  | LUT| Input Size| Bits| Total Bits|
    +-----------------------------------------+----+-----------+-----+-----------+
    |ap_NS_fsm                                |  41|          8|    1|          8|
    |ap_enable_reg_pp0_iter2                  |   9|          2|    1|          2|
    |ap_phi_mux_col_0_phi_fu_521_p4           |   9|          2|    4|          8|
    |ap_phi_mux_indvar_flatten_phi_fu_454_p4  |   9|          2|    7|         14|
    |ap_phi_mux_indvars_iv_phi_fu_464_p4      |   9|          2|    5|         10|
    |ap_phi_mux_row_0_phi_fu_492_p4           |   9|          2|    4|          8|
    |ap_phi_mux_top_col_0_phi_fu_482_p4       |   9|          2|    5|         10|
    |ap_phi_mux_top_col_1_phi_fu_511_p4       |   9|          2|    5|         10|
    |ap_phi_mux_top_row_0_phi_fu_473_p4       |   9|          2|    5|         10|
    |ap_phi_mux_top_row_1_phi_fu_502_p4       |   9|          2|    5|         10|
    |ap_phi_reg_pp0_iter0_phi_ln178_reg_528   |   9|          2|   32|         64|
    |bottom1_V_address0                       |  33|          6|    7|         42|
    |bottom1_V_address1                       |  27|          5|    7|         35|
    |col_0_reg_517                            |   9|          2|    4|          8|
    |grp_batch_norm_fu_894_sum_V              |  27|          5|    8|         40|
    |grp_batch_norm_fu_899_sum_V              |  27|          5|    8|         40|
    |grp_batch_norm_fu_904_sum_V              |  27|          5|    8|         40|
    |grp_batch_norm_fu_909_sum_V              |  27|          5|    8|         40|
    |grp_compute_engine_64_fu_548_w_V         |  15|          3|   64|        192|
    |grp_compute_engine_64_fu_558_b_V         |  15|          3|   64|        192|
    |grp_compute_engine_64_fu_558_w_V         |  21|          4|   64|        256|
    |grp_compute_engine_64_fu_567_w_V         |  15|          3|   64|        192|
    |grp_compute_engine_64_fu_576_b_V         |  15|          3|   64|        192|
    |grp_compute_engine_64_fu_576_w_V         |  15|          3|   64|        192|
    |grp_compute_engine_64_fu_585_w_V         |  15|          3|   64|        192|
    |grp_compute_engine_64_fu_594_b_V         |  15|          3|   64|        192|
    |grp_compute_engine_64_fu_594_w_V         |  15|          3|   64|        192|
    |grp_compute_engine_64_fu_603_w_V         |  15|          3|   64|        192|
    |grp_compute_engine_64_fu_612_b_V         |  15|          3|   64|        192|
    |grp_compute_engine_64_fu_612_w_V         |  15|          3|   64|        192|
    |grp_compute_engine_64_fu_621_w_V         |  15|          3|   64|        192|
    |grp_compute_engine_64_fu_630_b_V         |  15|          3|   64|        192|
    |grp_compute_engine_64_fu_630_w_V         |  15|          3|   64|        192|
    |grp_compute_engine_64_fu_639_w_V         |  15|          3|   64|        192|
    |grp_compute_engine_64_fu_648_b_V         |  15|          3|   64|        192|
    |grp_compute_engine_64_fu_648_w_V         |  15|          3|   64|        192|
    |grp_compute_engine_64_fu_657_w_V         |  15|          3|   64|        192|
    |grp_compute_engine_64_fu_666_b_V         |  15|          3|   64|        192|
    |grp_compute_engine_64_fu_666_w_V         |  15|          3|   64|        192|
    |grp_compute_engine_64_fu_675_b_V         |  15|          3|   64|        192|
    |grp_compute_engine_64_fu_675_w_V         |  15|          3|   64|        192|
    |grp_compute_engine_64_fu_684_b_V         |  15|          3|   64|        192|
    |grp_compute_engine_64_fu_684_w_V         |  15|          3|   64|        192|
    |grp_compute_engine_64_fu_693_b_V         |  15|          3|   64|        192|
    |grp_compute_engine_64_fu_693_w_V         |  15|          3|   64|        192|
    |grp_compute_engine_64_fu_702_b_V         |  15|          3|   64|        192|
    |grp_compute_engine_64_fu_702_w_V         |  15|          3|   64|        192|
    |grp_compute_engine_64_fu_711_w_V         |  15|          3|   64|        192|
    |grp_compute_engine_64_fu_720_b_V         |  15|          3|   64|        192|
    |grp_compute_engine_64_fu_720_w_V         |  15|          3|   64|        192|
    |grp_compute_engine_64_fu_729_b_V         |  15|          3|   64|        192|
    |grp_compute_engine_64_fu_729_w_V         |  15|          3|   64|        192|
    |grp_compute_engine_64_fu_738_b_V         |  15|          3|   64|        192|
    |grp_compute_engine_64_fu_738_w_V         |  15|          3|   64|        192|
    |grp_compute_engine_64_fu_747_b_V         |  15|          3|   64|        192|
    |grp_compute_engine_64_fu_747_w_V         |  15|          3|   64|        192|
    |grp_compute_engine_64_fu_756_b_V         |  15|          3|   64|        192|
    |grp_compute_engine_64_fu_756_w_V         |  15|          3|   64|        192|
    |grp_compute_engine_64_fu_765_b_V         |  15|          3|   64|        192|
    |grp_compute_engine_64_fu_765_w_V         |  15|          3|   64|        192|
    |grp_compute_engine_64_fu_774_b_V         |  15|          3|   64|        192|
    |grp_compute_engine_64_fu_774_w_V         |  15|          3|   64|        192|
    |grp_compute_engine_64_fu_783_b_V         |  15|          3|   64|        192|
    |grp_compute_engine_64_fu_783_w_V         |  15|          3|   64|        192|
    |grp_compute_engine_64_fu_792_b_V         |  15|          3|   64|        192|
    |grp_compute_engine_64_fu_792_w_V         |  15|          3|   64|        192|
    |grp_compute_engine_64_fu_801_b_V         |  27|          5|   64|        320|
    |grp_sum_engine_fu_838_t0_V               |  27|          5|    6|         30|
    |grp_sum_engine_fu_838_t1_V               |  27|          5|    6|         30|
    |grp_sum_engine_fu_838_t2_V               |  27|          5|    6|         30|
    |grp_sum_engine_fu_838_t3_V               |  27|          5|    6|         30|
    |grp_sum_engine_fu_838_t4_V               |  27|          5|    6|         30|
    |grp_sum_engine_fu_838_t5_V               |  27|          5|    6|         30|
    |grp_sum_engine_fu_838_t6_V               |  27|          5|    6|         30|
    |grp_sum_engine_fu_838_t7_V               |  27|          5|    6|         30|
    |grp_sum_engine_fu_838_t8_V               |  27|          5|    6|         30|
    |grp_sum_engine_fu_852_t0_V               |  27|          5|    6|         30|
    |grp_sum_engine_fu_852_t1_V               |  27|          5|    6|         30|
    |grp_sum_engine_fu_852_t2_V               |  27|          5|    6|         30|
    |grp_sum_engine_fu_852_t3_V               |  27|          5|    6|         30|
    |grp_sum_engine_fu_852_t4_V               |  27|          5|    6|         30|
    |grp_sum_engine_fu_852_t5_V               |  27|          5|    6|         30|
    |grp_sum_engine_fu_852_t6_V               |  27|          5|    6|         30|
    |grp_sum_engine_fu_852_t7_V               |  27|          5|    6|         30|
    |grp_sum_engine_fu_852_t8_V               |  27|          5|    6|         30|
    |grp_sum_engine_fu_866_t0_V               |  27|          5|    6|         30|
    |grp_sum_engine_fu_866_t1_V               |  27|          5|    6|         30|
    |grp_sum_engine_fu_866_t2_V               |  27|          5|    6|         30|
    |grp_sum_engine_fu_866_t3_V               |  27|          5|    6|         30|
    |grp_sum_engine_fu_866_t4_V               |  27|          5|    6|         30|
    |grp_sum_engine_fu_866_t5_V               |  27|          5|    6|         30|
    |grp_sum_engine_fu_866_t6_V               |  27|          5|    6|         30|
    |grp_sum_engine_fu_866_t7_V               |  27|          5|    6|         30|
    |grp_sum_engine_fu_866_t8_V               |  27|          5|    6|         30|
    |grp_sum_engine_fu_880_t0_V               |  27|          5|    6|         30|
    |grp_sum_engine_fu_880_t1_V               |  27|          5|    6|         30|
    |grp_sum_engine_fu_880_t2_V               |  27|          5|    6|         30|
    |grp_sum_engine_fu_880_t3_V               |  27|          5|    6|         30|
    |grp_sum_engine_fu_880_t4_V               |  27|          5|    6|         30|
    |grp_sum_engine_fu_880_t5_V               |  27|          5|    6|         30|
    |grp_sum_engine_fu_880_t6_V               |  27|          5|    6|         30|
    |grp_sum_engine_fu_880_t7_V               |  27|          5|    6|         30|
    |grp_sum_engine_fu_880_t8_V               |  27|          5|    6|         30|
    |indvar_flatten_reg_450                   |   9|          2|    7|         14|
    |indvars_iv_reg_461                       |   9|          2|    5|         10|
    |row_0_reg_488                            |   9|          2|    4|          8|
    |top_0_V_address0                         |  15|          3|    7|         21|
    |top_12_V_address0                        |  15|          3|    7|         21|
    |top_13_V_address0                        |  15|          3|    7|         21|
    |top_14_V_address0                        |  15|          3|    7|         21|
    |top_15_V_address0                        |  15|          3|    7|         21|
    |top_1_V_address0                         |  15|          3|    7|         21|
    |top_2_V_address0                         |  15|          3|    7|         21|
    |top_3_V_address0                         |  15|          3|    7|         21|
    |top_4_V_address0                         |  15|          3|    7|         21|
    |top_5_V_address0                         |  15|          3|    7|         21|
    |top_6_V_address0                         |  15|          3|    7|         21|
    |top_7_V_address0                         |  15|          3|    7|         21|
    |top_col_0_reg_479                        |   9|          2|    5|         10|
    |top_col_1_reg_508                        |   9|          2|    5|         10|
    |top_row_0_reg_470                        |   9|          2|    5|         10|
    |top_row_1_reg_499                        |   9|          2|    5|         10|
    +-----------------------------------------+----+-----------+-----+-----------+
    |Total                                    |2276|        441| 3596|      11403|
    +-----------------------------------------+----+-----------+-----+-----------+

    * Register: 
    +-------------------------------------------+----+----+-----+-----------+
    |                    Name                   | FF | LUT| Bits| Const Bits|
    +-------------------------------------------+----+----+-----+-----------+
    |add_ln170_2_reg_6860                       |   4|   0|    4|          0|
    |add_ln171_1_reg_6824                       |   7|   0|    7|          0|
    |add_ln176_1_reg_7326                       |   8|   0|    8|          0|
    |add_ln178_reg_6848                         |   7|   0|    8|          1|
    |ap_CS_fsm                                  |   7|   0|    7|          0|
    |ap_enable_reg_pp0_iter0                    |   1|   0|    1|          0|
    |ap_enable_reg_pp0_iter1                    |   1|   0|    1|          0|
    |ap_enable_reg_pp0_iter2                    |   1|   0|    1|          0|
    |ap_phi_reg_pp0_iter0_phi_ln178_reg_528     |  32|   0|   64|         32|
    |bottom1_V_addr_4_reg_6913                  |   7|   0|    7|          0|
    |bottom1_V_addr_5_reg_6928                  |   7|   0|    7|          0|
    |bottom1_V_addr_6_reg_6908                  |   7|   0|    7|          0|
    |bottom1_V_addr_7_reg_6918                  |   7|   0|    7|          0|
    |bottom1_V_addr_8_reg_6933                  |   7|   0|    7|          0|
    |bottom1_V_load_1_reg_6958                  |  64|   0|   64|          0|
    |bottom1_V_load_2_reg_6988                  |  64|   0|   64|          0|
    |bottom1_V_load_3_reg_7008                  |  64|   0|   64|          0|
    |bottom1_V_load_4_reg_7153                  |  64|   0|   64|          0|
    |bottom1_V_load_5_reg_7172                  |  64|   0|   64|          0|
    |bottom1_V_load_6_reg_7341                  |  64|   0|   64|          0|
    |bottom1_V_load_7_reg_7360                  |  64|   0|   64|          0|
    |bottom1_V_load_reg_6938                    |  64|   0|   64|          0|
    |col_0_reg_517                              |   4|   0|    4|          0|
    |col_reg_7524                               |   4|   0|    4|          0|
    |grp_compute_engine_64_fu_548_ap_start_reg  |   1|   0|    1|          0|
    |grp_compute_engine_64_fu_558_ap_start_reg  |   1|   0|    1|          0|
    |grp_compute_engine_64_fu_567_ap_start_reg  |   1|   0|    1|          0|
    |grp_compute_engine_64_fu_576_ap_start_reg  |   1|   0|    1|          0|
    |grp_compute_engine_64_fu_585_ap_start_reg  |   1|   0|    1|          0|
    |grp_compute_engine_64_fu_594_ap_start_reg  |   1|   0|    1|          0|
    |grp_compute_engine_64_fu_603_ap_start_reg  |   1|   0|    1|          0|
    |grp_compute_engine_64_fu_612_ap_start_reg  |   1|   0|    1|          0|
    |grp_compute_engine_64_fu_621_ap_start_reg  |   1|   0|    1|          0|
    |grp_compute_engine_64_fu_630_ap_start_reg  |   1|   0|    1|          0|
    |grp_compute_engine_64_fu_639_ap_start_reg  |   1|   0|    1|          0|
    |grp_compute_engine_64_fu_648_ap_start_reg  |   1|   0|    1|          0|
    |grp_compute_engine_64_fu_657_ap_start_reg  |   1|   0|    1|          0|
    |grp_compute_engine_64_fu_666_ap_start_reg  |   1|   0|    1|          0|
    |grp_compute_engine_64_fu_675_ap_start_reg  |   1|   0|    1|          0|
    |grp_compute_engine_64_fu_684_ap_start_reg  |   1|   0|    1|          0|
    |grp_compute_engine_64_fu_693_ap_start_reg  |   1|   0|    1|          0|
    |grp_compute_engine_64_fu_702_ap_start_reg  |   1|   0|    1|          0|
    |grp_compute_engine_64_fu_711_ap_start_reg  |   1|   0|    1|          0|
    |grp_compute_engine_64_fu_720_ap_start_reg  |   1|   0|    1|          0|
    |grp_compute_engine_64_fu_729_ap_start_reg  |   1|   0|    1|          0|
    |grp_compute_engine_64_fu_738_ap_start_reg  |   1|   0|    1|          0|
    |grp_compute_engine_64_fu_747_ap_start_reg  |   1|   0|    1|          0|
    |grp_compute_engine_64_fu_756_ap_start_reg  |   1|   0|    1|          0|
    |grp_compute_engine_64_fu_765_ap_start_reg  |   1|   0|    1|          0|
    |grp_compute_engine_64_fu_774_ap_start_reg  |   1|   0|    1|          0|
    |grp_compute_engine_64_fu_783_ap_start_reg  |   1|   0|    1|          0|
    |grp_compute_engine_64_fu_792_ap_start_reg  |   1|   0|    1|          0|
    |grp_compute_engine_64_fu_801_ap_start_reg  |   1|   0|    1|          0|
    |icmp_ln171_reg_6820                        |   1|   0|    1|          0|
    |indvar_flatten_reg_450                     |   7|   0|    7|          0|
    |indvars_iv_reg_461                         |   5|   0|    5|          0|
    |p_063_10_reg_7108                          |   6|   0|    6|          0|
    |p_063_10_reg_7108_pp0_iter1_reg            |   6|   0|    6|          0|
    |p_063_11_reg_7118                          |   6|   0|    6|          0|
    |p_063_11_reg_7118_pp0_iter1_reg            |   6|   0|    6|          0|
    |p_063_12_reg_7128                          |   6|   0|    6|          0|
    |p_063_12_reg_7128_pp0_iter1_reg            |   6|   0|    6|          0|
    |p_063_13_reg_7138                          |   6|   0|    6|          0|
    |p_063_13_reg_7138_pp0_iter1_reg            |   6|   0|    6|          0|
    |p_063_14_reg_7893                          |   6|   0|    6|          0|
    |p_063_1_reg_7028                           |   6|   0|    6|          0|
    |p_063_4_reg_7038                           |   6|   0|    6|          0|
    |p_063_5_reg_7048                           |   6|   0|    6|          0|
    |p_063_6_reg_7058                           |   6|   0|    6|          0|
    |p_063_7_reg_7068                           |   6|   0|    6|          0|
    |p_063_8_reg_7078                           |   6|   0|    6|          0|
    |p_063_8_reg_7078_pp0_iter1_reg             |   6|   0|    6|          0|
    |p_063_9_reg_7088                           |   6|   0|    6|          0|
    |p_063_9_reg_7088_pp0_iter1_reg             |   6|   0|    6|          0|
    |p_063_s_reg_7098                           |   6|   0|    6|          0|
    |p_063_s_reg_7098_pp0_iter1_reg             |   6|   0|    6|          0|
    |p_s_reg_6978                               |   6|   0|    6|          0|
    |reg_1628                                   |   6|   0|    6|          0|
    |reg_1634                                   |   6|   0|    6|          0|
    |reg_1640                                   |   6|   0|    6|          0|
    |reg_1646                                   |   6|   0|    6|          0|
    |reg_1652                                   |  12|   0|   12|          0|
    |reg_1657                                   |  12|   0|   12|          0|
    |reg_1662                                   |  12|   0|   12|          0|
    |reg_1667                                   |  12|   0|   12|          0|
    |row_0_reg_488                              |   4|   0|    4|          0|
    |select_ln170_1_reg_6836                    |   5|   0|    5|          0|
    |select_ln170_2_reg_6842                    |   4|   0|    4|          0|
    |select_ln170_4_reg_6853                    |   4|   0|    4|          0|
    |select_ln170_reg_6829                      |   5|   0|    5|          0|
    |select_ln171_1_reg_6871                    |   5|   0|    5|          0|
    |select_ln171_2_reg_6876                    |   5|   0|    5|          0|
    |select_ln171_reg_6866                      |   5|   0|    5|          0|
    |select_ln200_10_reg_8030                   |   8|   0|    8|          0|
    |select_ln200_11_reg_8041                   |   8|   0|    8|          0|
    |select_ln200_12_reg_8072                   |   8|   0|    8|          0|
    |select_ln200_13_reg_8083                   |   8|   0|    8|          0|
    |select_ln200_14_reg_8094                   |   8|   0|    8|          0|
    |select_ln200_15_reg_8105                   |   8|   0|    8|          0|
    |select_ln200_4_reg_7944                    |   8|   0|    8|          0|
    |select_ln200_5_reg_7955                    |   8|   0|    8|          0|
    |select_ln200_6_reg_7966                    |   8|   0|    8|          0|
    |select_ln200_7_reg_7977                    |   8|   0|    8|          0|
    |select_ln200_8_reg_8008                    |   8|   0|    8|          0|
    |select_ln200_9_reg_8019                    |   8|   0|    8|          0|
    |select_ln340_16_reg_7982                   |  12|   0|   12|          0|
    |select_ln340_17_reg_7987                   |  12|   0|   12|          0|
    |select_ln340_18_reg_7992                   |  12|   0|   12|          0|
    |select_ln340_19_reg_7997                   |  12|   0|   12|          0|
    |select_ln340_20_reg_8046                   |  12|   0|   12|          0|
    |select_ln340_21_reg_8051                   |  12|   0|   12|          0|
    |select_ln340_22_reg_8056                   |  12|   0|   12|          0|
    |select_ln340_23_reg_8061                   |  12|   0|   12|          0|
    |select_ln340_24_reg_8110                   |  12|   0|   12|          0|
    |select_ln340_25_reg_8115                   |  12|   0|   12|          0|
    |select_ln340_26_reg_8120                   |  12|   0|   12|          0|
    |select_ln340_27_reg_8125                   |  12|   0|   12|          0|
    |select_ln340_28_reg_8130                   |  12|   0|   12|          0|
    |select_ln340_29_reg_8135                   |  12|   0|   12|          0|
    |select_ln340_30_reg_8140                   |  12|   0|   12|          0|
    |select_ln340_31_reg_8145                   |  12|   0|   12|          0|
    |shl_ln2_reg_6801                           |   2|   0|    6|          4|
    |sum_V_ret_1_reg_7793                       |   8|   0|    8|          0|
    |sum_V_ret_2_reg_7810                       |   8|   0|    8|          0|
    |sum_V_ret_3_reg_7827                       |   8|   0|    8|          0|
    |sum_V_ret_reg_7776                         |   8|   0|    8|          0|
    |tmp1_V_0_10_reg_7113                       |   6|   0|    6|          0|
    |tmp1_V_0_10_reg_7113_pp0_iter1_reg         |   6|   0|    6|          0|
    |tmp1_V_0_11_reg_7123                       |   6|   0|    6|          0|
    |tmp1_V_0_11_reg_7123_pp0_iter1_reg         |   6|   0|    6|          0|
    |tmp1_V_0_12_reg_7133                       |   6|   0|    6|          0|
    |tmp1_V_0_12_reg_7133_pp0_iter1_reg         |   6|   0|    6|          0|
    |tmp1_V_0_13_reg_7321                       |   6|   0|    6|          0|
    |tmp1_V_0_13_reg_7321_pp0_iter1_reg         |   6|   0|    6|          0|
    |tmp1_V_0_14_reg_7898                       |   6|   0|    6|          0|
    |tmp1_V_0_1_reg_7033                        |   6|   0|    6|          0|
    |tmp1_V_0_4_reg_7043                        |   6|   0|    6|          0|
    |tmp1_V_0_5_reg_7053                        |   6|   0|    6|          0|
    |tmp1_V_0_6_reg_7063                        |   6|   0|    6|          0|
    |tmp1_V_0_7_reg_7073                        |   6|   0|    6|          0|
    |tmp1_V_0_8_reg_7083                        |   6|   0|    6|          0|
    |tmp1_V_0_8_reg_7083_pp0_iter1_reg          |   6|   0|    6|          0|
    |tmp1_V_0_9_reg_7093                        |   6|   0|    6|          0|
    |tmp1_V_0_9_reg_7093_pp0_iter1_reg          |   6|   0|    6|          0|
    |tmp1_V_0_s_reg_7103                        |   6|   0|    6|          0|
    |tmp1_V_0_s_reg_7103_pp0_iter1_reg          |   6|   0|    6|          0|
    |tmp1_V_reg_6983                            |   6|   0|    6|          0|
    |tmp2_V_0_10_reg_7291                       |   6|   0|    6|          0|
    |tmp2_V_0_11_reg_7301                       |   6|   0|    6|          0|
    |tmp2_V_0_11_reg_7301_pp0_iter1_reg         |   6|   0|    6|          0|
    |tmp2_V_0_12_reg_7311                       |   6|   0|    6|          0|
    |tmp2_V_0_12_reg_7311_pp0_iter1_reg         |   6|   0|    6|          0|
    |tmp2_V_0_13_reg_7509                       |   6|   0|    6|          0|
    |tmp2_V_0_14_reg_7903                       |   6|   0|    6|          0|
    |tmp2_V_0_1_reg_7191                        |   6|   0|    6|          0|
    |tmp2_V_0_2_reg_7201                        |   6|   0|    6|          0|
    |tmp2_V_0_3_reg_7211                        |   6|   0|    6|          0|
    |tmp2_V_0_4_reg_7221                        |   6|   0|    6|          0|
    |tmp2_V_0_5_reg_7231                        |   6|   0|    6|          0|
    |tmp2_V_0_6_reg_7241                        |   6|   0|    6|          0|
    |tmp2_V_0_7_reg_7251                        |   6|   0|    6|          0|
    |tmp2_V_0_8_reg_7261                        |   6|   0|    6|          0|
    |tmp2_V_0_9_reg_7271                        |   6|   0|    6|          0|
    |tmp2_V_0_s_reg_7281                        |   6|   0|    6|          0|
    |tmp2_V_reg_7143                            |   6|   0|    6|          0|
    |tmp3_V_0_10_reg_7296                       |   6|   0|    6|          0|
    |tmp3_V_0_11_reg_7306                       |   6|   0|    6|          0|
    |tmp3_V_0_11_reg_7306_pp0_iter1_reg         |   6|   0|    6|          0|
    |tmp3_V_0_12_reg_7316                       |   6|   0|    6|          0|
    |tmp3_V_0_12_reg_7316_pp0_iter1_reg         |   6|   0|    6|          0|
    |tmp3_V_0_13_reg_7705                       |   6|   0|    6|          0|
    |tmp3_V_0_14_reg_7908                       |   6|   0|    6|          0|
    |tmp3_V_0_1_reg_7196                        |   6|   0|    6|          0|
    |tmp3_V_0_2_reg_7206                        |   6|   0|    6|          0|
    |tmp3_V_0_3_reg_7216                        |   6|   0|    6|          0|
    |tmp3_V_0_4_reg_7226                        |   6|   0|    6|          0|
    |tmp3_V_0_5_reg_7236                        |   6|   0|    6|          0|
    |tmp3_V_0_6_reg_7246                        |   6|   0|    6|          0|
    |tmp3_V_0_7_reg_7256                        |   6|   0|    6|          0|
    |tmp3_V_0_8_reg_7266                        |   6|   0|    6|          0|
    |tmp3_V_0_9_reg_7276                        |   6|   0|    6|          0|
    |tmp3_V_0_s_reg_7286                        |   6|   0|    6|          0|
    |tmp3_V_reg_7148                            |   6|   0|    6|          0|
    |tmp4_V_0_10_reg_7479                       |   6|   0|    6|          0|
    |tmp4_V_0_11_reg_7489                       |   6|   0|    6|          0|
    |tmp4_V_0_12_reg_7499                       |   6|   0|    6|          0|
    |tmp4_V_0_13_reg_7868                       |   6|   0|    6|          0|
    |tmp4_V_0_14_reg_7913                       |   6|   0|    6|          0|
    |tmp4_V_0_1_reg_7379                        |   6|   0|    6|          0|
    |tmp4_V_0_2_reg_7389                        |   6|   0|    6|          0|
    |tmp4_V_0_3_reg_7399                        |   6|   0|    6|          0|
    |tmp4_V_0_4_reg_7409                        |   6|   0|    6|          0|
    |tmp4_V_0_5_reg_7419                        |   6|   0|    6|          0|
    |tmp4_V_0_6_reg_7429                        |   6|   0|    6|          0|
    |tmp4_V_0_7_reg_7439                        |   6|   0|    6|          0|
    |tmp4_V_0_8_reg_7449                        |   6|   0|    6|          0|
    |tmp4_V_0_9_reg_7459                        |   6|   0|    6|          0|
    |tmp4_V_0_s_reg_7469                        |   6|   0|    6|          0|
    |tmp4_V_reg_7331                            |   6|   0|    6|          0|
    |tmp5_V_0_10_reg_7484                       |   6|   0|    6|          0|
    |tmp5_V_0_11_reg_7494                       |   6|   0|    6|          0|
    |tmp5_V_0_12_reg_7504                       |   6|   0|    6|          0|
    |tmp5_V_0_13_reg_7873                       |   6|   0|    6|          0|
    |tmp5_V_0_14_reg_7918                       |   6|   0|    6|          0|
    |tmp5_V_0_1_reg_7384                        |   6|   0|    6|          0|
    |tmp5_V_0_2_reg_7394                        |   6|   0|    6|          0|
    |tmp5_V_0_3_reg_7404                        |   6|   0|    6|          0|
    |tmp5_V_0_4_reg_7414                        |   6|   0|    6|          0|
    |tmp5_V_0_5_reg_7424                        |   6|   0|    6|          0|
    |tmp5_V_0_6_reg_7434                        |   6|   0|    6|          0|
    |tmp5_V_0_7_reg_7444                        |   6|   0|    6|          0|
    |tmp5_V_0_8_reg_7454                        |   6|   0|    6|          0|
    |tmp5_V_0_9_reg_7464                        |   6|   0|    6|          0|
    |tmp5_V_0_s_reg_7474                        |   6|   0|    6|          0|
    |tmp5_V_reg_7336                            |   6|   0|    6|          0|
    |tmp6_V_0_10_reg_7675                       |   6|   0|    6|          0|
    |tmp6_V_0_11_reg_7685                       |   6|   0|    6|          0|
    |tmp6_V_0_12_reg_7695                       |   6|   0|    6|          0|
    |tmp6_V_0_13_reg_7878                       |   6|   0|    6|          0|
    |tmp6_V_0_14_reg_7923                       |   6|   0|    6|          0|
    |tmp6_V_0_1_reg_7575                        |   6|   0|    6|          0|
    |tmp6_V_0_2_reg_7585                        |   6|   0|    6|          0|
    |tmp6_V_0_3_reg_7595                        |   6|   0|    6|          0|
    |tmp6_V_0_4_reg_7605                        |   6|   0|    6|          0|
    |tmp6_V_0_5_reg_7615                        |   6|   0|    6|          0|
    |tmp6_V_0_6_reg_7625                        |   6|   0|    6|          0|
    |tmp6_V_0_7_reg_7635                        |   6|   0|    6|          0|
    |tmp6_V_0_8_reg_7645                        |   6|   0|    6|          0|
    |tmp6_V_0_9_reg_7655                        |   6|   0|    6|          0|
    |tmp6_V_0_s_reg_7665                        |   6|   0|    6|          0|
    |tmp6_V_reg_7565                            |   6|   0|    6|          0|
    |tmp7_V_0_10_reg_7680                       |   6|   0|    6|          0|
    |tmp7_V_0_11_reg_7690                       |   6|   0|    6|          0|
    |tmp7_V_0_12_reg_7700                       |   6|   0|    6|          0|
    |tmp7_V_0_13_reg_7883                       |   6|   0|    6|          0|
    |tmp7_V_0_14_reg_7928                       |   6|   0|    6|          0|
    |tmp7_V_0_1_reg_7580                        |   6|   0|    6|          0|
    |tmp7_V_0_2_reg_7590                        |   6|   0|    6|          0|
    |tmp7_V_0_3_reg_7600                        |   6|   0|    6|          0|
    |tmp7_V_0_4_reg_7610                        |   6|   0|    6|          0|
    |tmp7_V_0_5_reg_7620                        |   6|   0|    6|          0|
    |tmp7_V_0_6_reg_7630                        |   6|   0|    6|          0|
    |tmp7_V_0_7_reg_7640                        |   6|   0|    6|          0|
    |tmp7_V_0_8_reg_7650                        |   6|   0|    6|          0|
    |tmp7_V_0_9_reg_7660                        |   6|   0|    6|          0|
    |tmp7_V_0_s_reg_7670                        |   6|   0|    6|          0|
    |tmp7_V_reg_7570                            |   6|   0|    6|          0|
    |tmp8_V_0_10_reg_7853                       |   6|   0|    6|          0|
    |tmp8_V_0_11_reg_7858                       |   6|   0|    6|          0|
    |tmp8_V_0_12_reg_7863                       |   6|   0|    6|          0|
    |tmp8_V_0_13_reg_7888                       |   6|   0|    6|          0|
    |tmp8_V_0_14_reg_7933                       |   6|   0|    6|          0|
    |tmp8_V_0_8_reg_7838                        |   6|   0|    6|          0|
    |tmp8_V_0_9_reg_7843                        |   6|   0|    6|          0|
    |tmp8_V_0_s_reg_7848                        |   6|   0|    6|          0|
    |tmp_14_reg_7799                            |   5|   0|    5|          0|
    |tmp_17_reg_7816                            |   5|   0|    5|          0|
    |tmp_20_reg_7833                            |   5|   0|    5|          0|
    |tmp_2_reg_6815                             |   3|   0|    7|          4|
    |tmp_reg_7782                               |   5|   0|    5|          0|
    |top_0_V_addr_reg_7545                      |   7|   0|    7|          0|
    |top_0_V_load_reg_7770                      |  12|   0|   12|          0|
    |top_10_V_addr_reg_7740                     |   7|   0|    7|          0|
    |top_10_V_load_reg_8024                     |  12|   0|   12|          0|
    |top_11_V_addr_reg_7745                     |   7|   0|    7|          0|
    |top_11_V_load_reg_8035                     |  12|   0|   12|          0|
    |top_12_V_addr_reg_7750                     |   7|   0|    7|          0|
    |top_12_V_addr_reg_7750_pp0_iter2_reg       |   7|   0|    7|          0|
    |top_12_V_load_reg_8066                     |  12|   0|   12|          0|
    |top_13_V_addr_reg_7755                     |   7|   0|    7|          0|
    |top_13_V_addr_reg_7755_pp0_iter2_reg       |   7|   0|    7|          0|
    |top_13_V_load_reg_8077                     |  12|   0|   12|          0|
    |top_14_V_addr_reg_7760                     |   7|   0|    7|          0|
    |top_14_V_addr_reg_7760_pp0_iter2_reg       |   7|   0|    7|          0|
    |top_14_V_load_reg_8088                     |  12|   0|   12|          0|
    |top_15_V_addr_reg_7765                     |   7|   0|    7|          0|
    |top_15_V_addr_reg_7765_pp0_iter2_reg       |   7|   0|    7|          0|
    |top_15_V_load_reg_8099                     |  12|   0|   12|          0|
    |top_1_V_addr_reg_7550                      |   7|   0|    7|          0|
    |top_1_V_load_reg_7787                      |  12|   0|   12|          0|
    |top_2_V_addr_reg_7555                      |   7|   0|    7|          0|
    |top_2_V_load_reg_7804                      |  12|   0|   12|          0|
    |top_3_V_addr_reg_7560                      |   7|   0|    7|          0|
    |top_3_V_load_reg_7821                      |  12|   0|   12|          0|
    |top_4_V_addr_reg_7710                      |   7|   0|    7|          0|
    |top_4_V_load_reg_7938                      |  12|   0|   12|          0|
    |top_5_V_addr_reg_7715                      |   7|   0|    7|          0|
    |top_5_V_load_reg_7949                      |  12|   0|   12|          0|
    |top_6_V_addr_reg_7720                      |   7|   0|    7|          0|
    |top_6_V_load_reg_7960                      |  12|   0|   12|          0|
    |top_7_V_addr_reg_7725                      |   7|   0|    7|          0|
    |top_7_V_load_reg_7971                      |  12|   0|   12|          0|
    |top_8_V_addr_reg_7730                      |   7|   0|    7|          0|
    |top_8_V_load_reg_8002                      |  12|   0|   12|          0|
    |top_9_V_addr_reg_7735                      |   7|   0|    7|          0|
    |top_9_V_load_reg_8013                      |  12|   0|   12|          0|
    |top_col_0_reg_479                          |   5|   0|    5|          0|
    |top_col_1_reg_508                          |   5|   0|    5|          0|
    |top_col_reg_7519                           |   5|   0|    5|          0|
    |top_row_0_reg_470                          |   5|   0|    5|          0|
    |top_row_1_reg_499                          |   5|   0|    5|          0|
    |top_row_reg_7514                           |   5|   0|    5|          0|
    |zext_ln176_2_reg_7529                      |   8|   0|   64|         56|
    |zext_ln178_2_reg_6881                      |   4|   0|    8|          4|
    |zext_ln179_reg_6892                        |   4|   0|    8|          4|
    |icmp_ln171_reg_6820                        |  64|  32|    1|          0|
    +-------------------------------------------+----+----+-----+-----------+
    |Total                                      |2461|  32| 2503|        105|
    +-------------------------------------------+----+----+-----+-----------+



================================================================
== Interface
================================================================
* Summary: 
+--------------------+-----+-----+------------+-----------------+--------------+
|      RTL Ports     | Dir | Bits|  Protocol  |  Source Object  |    C Type    |
+--------------------+-----+-----+------------+-----------------+--------------+
|ap_clk              |  in |    1| ap_ctrl_hs | pgconv64s2<32u> | return value |
|ap_rst              |  in |    1| ap_ctrl_hs | pgconv64s2<32u> | return value |
|ap_start            |  in |    1| ap_ctrl_hs | pgconv64s2<32u> | return value |
|ap_done             | out |    1| ap_ctrl_hs | pgconv64s2<32u> | return value |
|ap_idle             | out |    1| ap_ctrl_hs | pgconv64s2<32u> | return value |
|ap_ready            | out |    1| ap_ctrl_hs | pgconv64s2<32u> | return value |
|bottom1_V_address0  | out |    7|  ap_memory |    bottom1_V    |     array    |
|bottom1_V_ce0       | out |    1|  ap_memory |    bottom1_V    |     array    |
|bottom1_V_q0        |  in |   64|  ap_memory |    bottom1_V    |     array    |
|bottom1_V_address1  | out |    7|  ap_memory |    bottom1_V    |     array    |
|bottom1_V_ce1       | out |    1|  ap_memory |    bottom1_V    |     array    |
|bottom1_V_q1        |  in |   64|  ap_memory |    bottom1_V    |     array    |
|c                   |  in |    2|   ap_none  |        c        |    scalar    |
|row_off             |  in |    2|   ap_none  |     row_off     |    scalar    |
|col_off             |  in |    2|   ap_none  |     col_off     |    scalar    |
|top_0_V_address0    | out |    7|  ap_memory |     top_0_V     |     array    |
|top_0_V_ce0         | out |    1|  ap_memory |     top_0_V     |     array    |
|top_0_V_we0         | out |    1|  ap_memory |     top_0_V     |     array    |
|top_0_V_d0          | out |   12|  ap_memory |     top_0_V     |     array    |
|top_0_V_q0          |  in |   12|  ap_memory |     top_0_V     |     array    |
|top_1_V_address0    | out |    7|  ap_memory |     top_1_V     |     array    |
|top_1_V_ce0         | out |    1|  ap_memory |     top_1_V     |     array    |
|top_1_V_we0         | out |    1|  ap_memory |     top_1_V     |     array    |
|top_1_V_d0          | out |   12|  ap_memory |     top_1_V     |     array    |
|top_1_V_q0          |  in |   12|  ap_memory |     top_1_V     |     array    |
|top_2_V_address0    | out |    7|  ap_memory |     top_2_V     |     array    |
|top_2_V_ce0         | out |    1|  ap_memory |     top_2_V     |     array    |
|top_2_V_we0         | out |    1|  ap_memory |     top_2_V     |     array    |
|top_2_V_d0          | out |   12|  ap_memory |     top_2_V     |     array    |
|top_2_V_q0          |  in |   12|  ap_memory |     top_2_V     |     array    |
|top_3_V_address0    | out |    7|  ap_memory |     top_3_V     |     array    |
|top_3_V_ce0         | out |    1|  ap_memory |     top_3_V     |     array    |
|top_3_V_we0         | out |    1|  ap_memory |     top_3_V     |     array    |
|top_3_V_d0          | out |   12|  ap_memory |     top_3_V     |     array    |
|top_3_V_q0          |  in |   12|  ap_memory |     top_3_V     |     array    |
|top_4_V_address0    | out |    7|  ap_memory |     top_4_V     |     array    |
|top_4_V_ce0         | out |    1|  ap_memory |     top_4_V     |     array    |
|top_4_V_we0         | out |    1|  ap_memory |     top_4_V     |     array    |
|top_4_V_d0          | out |   12|  ap_memory |     top_4_V     |     array    |
|top_4_V_q0          |  in |   12|  ap_memory |     top_4_V     |     array    |
|top_5_V_address0    | out |    7|  ap_memory |     top_5_V     |     array    |
|top_5_V_ce0         | out |    1|  ap_memory |     top_5_V     |     array    |
|top_5_V_we0         | out |    1|  ap_memory |     top_5_V     |     array    |
|top_5_V_d0          | out |   12|  ap_memory |     top_5_V     |     array    |
|top_5_V_q0          |  in |   12|  ap_memory |     top_5_V     |     array    |
|top_6_V_address0    | out |    7|  ap_memory |     top_6_V     |     array    |
|top_6_V_ce0         | out |    1|  ap_memory |     top_6_V     |     array    |
|top_6_V_we0         | out |    1|  ap_memory |     top_6_V     |     array    |
|top_6_V_d0          | out |   12|  ap_memory |     top_6_V     |     array    |
|top_6_V_q0          |  in |   12|  ap_memory |     top_6_V     |     array    |
|top_7_V_address0    | out |    7|  ap_memory |     top_7_V     |     array    |
|top_7_V_ce0         | out |    1|  ap_memory |     top_7_V     |     array    |
|top_7_V_we0         | out |    1|  ap_memory |     top_7_V     |     array    |
|top_7_V_d0          | out |   12|  ap_memory |     top_7_V     |     array    |
|top_7_V_q0          |  in |   12|  ap_memory |     top_7_V     |     array    |
|top_8_V_address0    | out |    7|  ap_memory |     top_8_V     |     array    |
|top_8_V_ce0         | out |    1|  ap_memory |     top_8_V     |     array    |
|top_8_V_we0         | out |    1|  ap_memory |     top_8_V     |     array    |
|top_8_V_d0          | out |   12|  ap_memory |     top_8_V     |     array    |
|top_8_V_q0          |  in |   12|  ap_memory |     top_8_V     |     array    |
|top_9_V_address0    | out |    7|  ap_memory |     top_9_V     |     array    |
|top_9_V_ce0         | out |    1|  ap_memory |     top_9_V     |     array    |
|top_9_V_we0         | out |    1|  ap_memory |     top_9_V     |     array    |
|top_9_V_d0          | out |   12|  ap_memory |     top_9_V     |     array    |
|top_9_V_q0          |  in |   12|  ap_memory |     top_9_V     |     array    |
|top_10_V_address0   | out |    7|  ap_memory |     top_10_V    |     array    |
|top_10_V_ce0        | out |    1|  ap_memory |     top_10_V    |     array    |
|top_10_V_we0        | out |    1|  ap_memory |     top_10_V    |     array    |
|top_10_V_d0         | out |   12|  ap_memory |     top_10_V    |     array    |
|top_10_V_q0         |  in |   12|  ap_memory |     top_10_V    |     array    |
|top_11_V_address0   | out |    7|  ap_memory |     top_11_V    |     array    |
|top_11_V_ce0        | out |    1|  ap_memory |     top_11_V    |     array    |
|top_11_V_we0        | out |    1|  ap_memory |     top_11_V    |     array    |
|top_11_V_d0         | out |   12|  ap_memory |     top_11_V    |     array    |
|top_11_V_q0         |  in |   12|  ap_memory |     top_11_V    |     array    |
|top_12_V_address0   | out |    7|  ap_memory |     top_12_V    |     array    |
|top_12_V_ce0        | out |    1|  ap_memory |     top_12_V    |     array    |
|top_12_V_we0        | out |    1|  ap_memory |     top_12_V    |     array    |
|top_12_V_d0         | out |   12|  ap_memory |     top_12_V    |     array    |
|top_12_V_q0         |  in |   12|  ap_memory |     top_12_V    |     array    |
|top_13_V_address0   | out |    7|  ap_memory |     top_13_V    |     array    |
|top_13_V_ce0        | out |    1|  ap_memory |     top_13_V    |     array    |
|top_13_V_we0        | out |    1|  ap_memory |     top_13_V    |     array    |
|top_13_V_d0         | out |   12|  ap_memory |     top_13_V    |     array    |
|top_13_V_q0         |  in |   12|  ap_memory |     top_13_V    |     array    |
|top_14_V_address0   | out |    7|  ap_memory |     top_14_V    |     array    |
|top_14_V_ce0        | out |    1|  ap_memory |     top_14_V    |     array    |
|top_14_V_we0        | out |    1|  ap_memory |     top_14_V    |     array    |
|top_14_V_d0         | out |   12|  ap_memory |     top_14_V    |     array    |
|top_14_V_q0         |  in |   12|  ap_memory |     top_14_V    |     array    |
|top_15_V_address0   | out |    7|  ap_memory |     top_15_V    |     array    |
|top_15_V_ce0        | out |    1|  ap_memory |     top_15_V    |     array    |
|top_15_V_we0        | out |    1|  ap_memory |     top_15_V    |     array    |
|top_15_V_d0         | out |   12|  ap_memory |     top_15_V    |     array    |
|top_15_V_q0         |  in |   12|  ap_memory |     top_15_V    |     array    |
+--------------------+-----+-----+------------+-----------------+--------------+

