

================================================================
== Vivado HLS Report for 'compute_engine_32_1'
================================================================
* Date:           Sun Dec 13 06:26:17 2020

* Version:        2019.2.1 (Build 2724168 on Thu Dec 05 05:19:09 MST 2019)
* Project:        model
* Solution:       solution1
* Product family: zynquplus
* Target device:  xczu3eg-sbva484-1-e


================================================================
== Performance Estimates
================================================================
+ Timing: 
    * Summary: 
    +--------+---------+----------+------------+
    |  Clock |  Target | Estimated| Uncertainty|
    +--------+---------+----------+------------+
    |ap_clk  | 4.00 ns | 3.265 ns |   0.50 ns  |
    +--------+---------+----------+------------+

+ Latency: 
    * Summary: 
    +---------+---------+----------+----------+-----+-----+----------+
    |  Latency (cycles) |  Latency (absolute) |  Interval | Pipeline |
    |   min   |   max   |    min   |    max   | min | max |   Type   |
    +---------+---------+----------+----------+-----+-----+----------+
    |        1|        1| 4.000 ns | 4.000 ns |    1|    1| function |
    +---------+---------+----------+----------+-----+-----+----------+

    + Detail: 
        * Instance: 
        N/A

        * Loop: 
        N/A



================================================================
== Utilization Estimates
================================================================
* Summary: 
+-----------------+---------+-------+--------+-------+-----+
|       Name      | BRAM_18K| DSP48E|   FF   |  LUT  | URAM|
+-----------------+---------+-------+--------+-------+-----+
|DSP              |        -|      -|       -|      -|    -|
|Expression       |        -|      -|       0|   1298|    -|
|FIFO             |        -|      -|       -|      -|    -|
|Instance         |        -|      -|       -|      -|    -|
|Memory           |        -|      -|       -|      -|    -|
|Multiplexer      |        -|      -|       -|      -|    -|
|Register         |        -|      -|      10|      -|    -|
+-----------------+---------+-------+--------+-------+-----+
|Total            |        0|      0|      10|   1298|    0|
+-----------------+---------+-------+--------+-------+-----+
|Available        |      432|    360|  141120|  70560|    0|
+-----------------+---------+-------+--------+-------+-----+
|Utilization (%)  |        0|      0|   ~0   |      1|    0|
+-----------------+---------+-------+--------+-------+-----+

+ Detail: 
    * Instance: 
    N/A

    * DSP48E: 
    N/A

    * Memory: 
    N/A

    * FIFO: 
    N/A

    * Expression: 
    +--------------------------+----------+-------+---+----+------------+------------+
    |       Variable Name      | Operation| DSP48E| FF| LUT| Bitwidth P0| Bitwidth P1|
    +--------------------------+----------+-------+---+----+------------+------------+
    |add_ln700_576_fu_1104_p2  |     +    |      0|  0|   9|           2|           2|
    |add_ln700_577_fu_1114_p2  |     +    |      0|  0|  11|           3|           3|
    |add_ln700_578_fu_1124_p2  |     +    |      0|  0|   9|           2|           2|
    |add_ln700_579_fu_1134_p2  |     +    |      0|  0|   9|           2|           2|
    |add_ln700_580_fu_1144_p2  |     +    |      0|  0|  11|           3|           3|
    |add_ln700_581_fu_1154_p2  |     +    |      0|  0|  12|           4|           4|
    |add_ln700_582_fu_1164_p2  |     +    |      0|  0|   9|           2|           2|
    |add_ln700_583_fu_1174_p2  |     +    |      0|  0|   9|           2|           2|
    |add_ln700_584_fu_1184_p2  |     +    |      0|  0|  11|           3|           3|
    |add_ln700_585_fu_1194_p2  |     +    |      0|  0|   9|           2|           2|
    |add_ln700_586_fu_1204_p2  |     +    |      0|  0|   9|           2|           2|
    |add_ln700_587_fu_1214_p2  |     +    |      0|  0|  11|           3|           3|
    |add_ln700_588_fu_1224_p2  |     +    |      0|  0|  12|           4|           4|
    |add_ln700_589_fu_1234_p2  |     +    |      0|  0|  15|           5|           5|
    |add_ln700_590_fu_1240_p2  |     +    |      0|  0|   9|           2|           2|
    |add_ln700_591_fu_1250_p2  |     +    |      0|  0|   9|           2|           2|
    |add_ln700_592_fu_1260_p2  |     +    |      0|  0|  11|           3|           3|
    |add_ln700_593_fu_1270_p2  |     +    |      0|  0|   9|           2|           2|
    |add_ln700_594_fu_1280_p2  |     +    |      0|  0|   9|           2|           2|
    |add_ln700_595_fu_1290_p2  |     +    |      0|  0|  11|           3|           3|
    |add_ln700_596_fu_1300_p2  |     +    |      0|  0|  12|           4|           4|
    |add_ln700_597_fu_1310_p2  |     +    |      0|  0|   9|           2|           2|
    |add_ln700_598_fu_1320_p2  |     +    |      0|  0|   9|           2|           2|
    |add_ln700_599_fu_1330_p2  |     +    |      0|  0|  11|           3|           3|
    |add_ln700_600_fu_1340_p2  |     +    |      0|  0|   9|           2|           2|
    |add_ln700_601_fu_1350_p2  |     +    |      0|  0|   9|           2|           2|
    |add_ln700_602_fu_1360_p2  |     +    |      0|  0|  11|           3|           3|
    |add_ln700_603_fu_1370_p2  |     +    |      0|  0|  12|           4|           4|
    |add_ln700_604_fu_1380_p2  |     +    |      0|  0|  15|           5|           5|
    |add_ln700_fu_1094_p2      |     +    |      0|  0|   9|           2|           2|
    |ap_return                 |     +    |      0|  0|  15|           6|           6|
    |r_V_fu_480_p2             |    xor   |      0|  0|  32|          32|          32|
    |xor_ln700_1_fu_694_p2     |    xor   |      0|  0|   5|           5|           5|
    |xor_ln700_2_fu_700_p2     |    xor   |      0|  0|   4|           4|           4|
    |xor_ln700_3_fu_706_p2     |    xor   |      0|  0|   3|           3|           3|
    |xor_ln700_4_fu_712_p2     |    xor   |      0|  0|   2|           2|           2|
    |xor_ln700_fu_688_p2       |    xor   |      0|  0|   2|           1|           1|
    |xor_ln769_10_fu_374_p2    |    xor   |      0|  0|  21|          21|          16|
    |xor_ln769_11_fu_384_p2    |    xor   |      0|  0|  22|          22|          17|
    |xor_ln769_12_fu_394_p2    |    xor   |      0|  0|  23|          23|          18|
    |xor_ln769_13_fu_404_p2    |    xor   |      0|  0|  24|          24|          19|
    |xor_ln769_14_fu_414_p2    |    xor   |      0|  0|  25|          25|          20|
    |xor_ln769_15_fu_424_p2    |    xor   |      0|  0|  26|          26|          21|
    |xor_ln769_16_fu_434_p2    |    xor   |      0|  0|  27|          27|          22|
    |xor_ln769_17_fu_444_p2    |    xor   |      0|  0|  28|          28|          23|
    |xor_ln769_18_fu_454_p2    |    xor   |      0|  0|  29|          29|          24|
    |xor_ln769_19_fu_464_p2    |    xor   |      0|  0|  30|          30|          25|
    |xor_ln769_1_fu_284_p2     |    xor   |      0|  0|  12|          12|           7|
    |xor_ln769_20_fu_474_p2    |    xor   |      0|  0|  31|          31|          26|
    |xor_ln769_22_fu_486_p2    |    xor   |      0|  0|  31|          31|          31|
    |xor_ln769_23_fu_492_p2    |    xor   |      0|  0|  30|          30|          30|
    |xor_ln769_24_fu_498_p2    |    xor   |      0|  0|  29|          29|          29|
    |xor_ln769_25_fu_504_p2    |    xor   |      0|  0|  28|          28|          28|
    |xor_ln769_26_fu_510_p2    |    xor   |      0|  0|  27|          27|          27|
    |xor_ln769_27_fu_516_p2    |    xor   |      0|  0|  26|          26|          26|
    |xor_ln769_28_fu_522_p2    |    xor   |      0|  0|  25|          25|          25|
    |xor_ln769_29_fu_528_p2    |    xor   |      0|  0|  24|          24|          24|
    |xor_ln769_2_fu_294_p2     |    xor   |      0|  0|  13|          13|           8|
    |xor_ln769_30_fu_534_p2    |    xor   |      0|  0|  23|          23|          23|
    |xor_ln769_31_fu_540_p2    |    xor   |      0|  0|  22|          22|          22|
    |xor_ln769_32_fu_546_p2    |    xor   |      0|  0|  21|          21|          21|
    |xor_ln769_33_fu_552_p2    |    xor   |      0|  0|  20|          20|          20|
    |xor_ln769_34_fu_558_p2    |    xor   |      0|  0|  19|          19|          19|
    |xor_ln769_35_fu_564_p2    |    xor   |      0|  0|  18|          18|          18|
    |xor_ln769_36_fu_570_p2    |    xor   |      0|  0|  17|          17|          17|
    |xor_ln769_37_fu_576_p2    |    xor   |      0|  0|  16|          16|          16|
    |xor_ln769_38_fu_582_p2    |    xor   |      0|  0|  15|          15|          15|
    |xor_ln769_39_fu_588_p2    |    xor   |      0|  0|  14|          14|          14|
    |xor_ln769_3_fu_304_p2     |    xor   |      0|  0|  14|          14|           9|
    |xor_ln769_40_fu_594_p2    |    xor   |      0|  0|  13|          13|          13|
    |xor_ln769_41_fu_600_p2    |    xor   |      0|  0|  12|          12|          12|
    |xor_ln769_4_fu_314_p2     |    xor   |      0|  0|  15|          15|          10|
    |xor_ln769_5_fu_324_p2     |    xor   |      0|  0|  16|          16|          11|
    |xor_ln769_6_fu_334_p2     |    xor   |      0|  0|  17|          17|          12|
    |xor_ln769_7_fu_344_p2     |    xor   |      0|  0|  18|          18|          13|
    |xor_ln769_8_fu_354_p2     |    xor   |      0|  0|  19|          19|          14|
    |xor_ln769_9_fu_364_p2     |    xor   |      0|  0|  20|          20|          15|
    |xor_ln769_fu_274_p2       |    xor   |      0|  0|  32|          32|           2|
    |xor_ln791_1_fu_626_p2     |    xor   |      0|  0|   7|           6|           7|
    |xor_ln791_2_fu_632_p2     |    xor   |      0|  0|   3|           2|           3|
    |xor_ln791_3_fu_642_p2     |    xor   |      0|  0|   4|           3|           4|
    |xor_ln791_4_fu_652_p2     |    xor   |      0|  0|   5|           4|           5|
    |xor_ln791_5_fu_662_p2     |    xor   |      0|  0|   6|           5|           6|
    |xor_ln791_6_fu_672_p2     |    xor   |      0|  0|   2|           1|           2|
    |xor_ln791_fu_682_p2       |    xor   |      0|  0|   6|           6|           6|
    +--------------------------+----------+-------+---+----+------------+------------+
    |Total                     |          |      0|  0|1298|        1054|         930|
    +--------------------------+----------+-------+---+----+------------+------------+

    * Multiplexer: 
    N/A

    * Register: 
    +------------------------+---+----+-----+-----------+
    |          Name          | FF| LUT| Bits| Const Bits|
    +------------------------+---+----+-----+-----------+
    |add_ln700_589_reg_1398  |  5|   0|    5|          0|
    |add_ln700_604_reg_1403  |  5|   0|    5|          0|
    +------------------------+---+----+-----+-----------+
    |Total                   | 10|   0|   10|          0|
    +------------------------+---+----+-----+-----------+



================================================================
== Interface
================================================================
* Summary: 
+-----------+-----+-----+------------+---------------------+--------------+
| RTL Ports | Dir | Bits|  Protocol  |    Source Object    |    C Type    |
+-----------+-----+-----+------------+---------------------+--------------+
|ap_clk     |  in |    1| ap_ctrl_hs | compute_engine_32_1 | return value |
|ap_rst     |  in |    1| ap_ctrl_hs | compute_engine_32_1 | return value |
|ap_return  | out |    6| ap_ctrl_hs | compute_engine_32_1 | return value |
|b_V        |  in |   32|   ap_none  |         b_V         |    scalar    |
|w_V        |  in |   32|   ap_none  |         w_V         |    scalar    |
+-----------+-----+-----+------------+---------------------+--------------+

