

================================================================
== Vivado HLS Report for 'load_shortcut'
================================================================
* Date:           Sun Dec 13 06:29:09 2020

* Version:        2019.2.1 (Build 2724168 on Thu Dec 05 05:19:09 MST 2019)
* Project:        model
* Solution:       solution1
* Product family: zynquplus
* Target device:  xczu3eg-sbva484-1-e


================================================================
== Performance Estimates
================================================================
+ Timing: 
    * Summary: 
    +--------+---------+----------+------------+
    |  Clock |  Target | Estimated| Uncertainty|
    +--------+---------+----------+------------+
    |ap_clk  | 4.00 ns | 3.500 ns |   0.50 ns  |
    +--------+---------+----------+------------+

+ Latency: 
    * Summary: 
    +---------+---------+----------+----------+-----+-----+---------+
    |  Latency (cycles) |  Latency (absolute) |  Interval | Pipeline|
    |   min   |   max   |    min   |    max   | min | max |   Type  |
    +---------+---------+----------+----------+-----+-----+---------+
    |       73|      913| 0.292 us | 3.652 us |   73|  913|   none  |
    +---------+---------+----------+----------+-----+-----+---------+

    + Detail: 
        * Instance: 
        N/A

        * Loop: 
        +----------+---------+---------+----------+-----------+-----------+----------+----------+
        |          |  Latency (cycles) | Iteration|  Initiation Interval  |   Trip   |          |
        | Loop Name|   min   |   max   |  Latency |  achieved |   target  |   Count  | Pipelined|
        +----------+---------+---------+----------+-----------+-----------+----------+----------+
        |- Loop 1  |       68|      908|        14|          1|          1| 56 ~ 896 |    yes   |
        +----------+---------+---------+----------+-----------+-----------+----------+----------+



================================================================
== Utilization Estimates
================================================================
* Summary: 
+-----------------+---------+-------+--------+-------+-----+
|       Name      | BRAM_18K| DSP48E|   FF   |  LUT  | URAM|
+-----------------+---------+-------+--------+-------+-----+
|DSP              |        -|      1|       -|      -|    -|
|Expression       |        -|      -|       0|    458|    -|
|FIFO             |        -|      -|       -|      -|    -|
|Instance         |        -|      2|     355|    127|    -|
|Memory           |        -|      -|       -|      -|    -|
|Multiplexer      |        -|      -|       -|    110|    -|
|Register         |        0|      -|    1020|     96|    -|
+-----------------+---------+-------+--------+-------+-----+
|Total            |        0|      3|    1375|    791|    0|
+-----------------+---------+-------+--------+-------+-----+
|Available        |      432|    360|  141120|  70560|    0|
+-----------------+---------+-------+--------+-------+-----+
|Utilization (%)  |        0|   ~0  |   ~0   |      1|    0|
+-----------------+---------+-------+--------+-------+-----+

+ Detail: 
    * Instance: 
    +---------------------------+----------------------+---------+-------+-----+----+-----+
    |          Instance         |        Module        | BRAM_18K| DSP48E|  FF | LUT| URAM|
    +---------------------------+----------------------+---------+-------+-----+----+-----+
    |FracNet_mul_29s_9lbW_U777  |FracNet_mul_29s_9lbW  |        0|      1|  153|  43|    0|
    |FracNet_mul_9ns_3mb6_U778  |FracNet_mul_9ns_3mb6  |        0|      1|  202|  84|    0|
    +---------------------------+----------------------+---------+-------+-----+----+-----+
    |Total                      |                      |        0|      2|  355| 127|    0|
    +---------------------------+----------------------+---------+-------+-----+----+-----+

    * DSP48E: 
    +---------------------------+----------------------+--------------+
    |          Instance         |        Module        |  Expression  |
    +---------------------------+----------------------+--------------+
    |FracNet_mac_muladncg_U779  |FracNet_mac_muladncg  | i0 + i1 * i2 |
    +---------------------------+----------------------+--------------+

    * Memory: 
    N/A

    * FIFO: 
    N/A

    * Expression: 
    +------------------------------------+----------+-------+---+----+------------+------------+
    |            Variable Name           | Operation| DSP48E| FF| LUT| Bitwidth P0| Bitwidth P1|
    +------------------------------------+----------+-------+---+----+------------+------------+
    |add_ln258_1_fu_928_p2               |     +    |      0|  0|  18|          11|           1|
    |add_ln258_fu_965_p2                 |     +    |      0|  0|  39|          32|          32|
    |add_ln261_1_fu_997_p2               |     +    |      0|  0|  19|          44|          44|
    |add_ln261_2_fu_1002_p2              |     +    |      0|  0|  19|          44|          44|
    |add_ln261_fu_974_p2                 |     +    |      0|  0|  43|          36|          36|
    |col_fu_956_p2                       |     +    |      0|  0|  15|           1|           7|
    |ddr_channel_ptr_2_fu_879_p2         |     +    |      0|  0|  36|          29|           6|
    |row_fu_934_p2                       |     +    |      0|  0|  12|           1|           4|
    |sub_ln253_1_fu_813_p2               |     -    |      0|  0|  35|           1|          28|
    |sub_ln253_fu_793_p2                 |     -    |      0|  0|  39|           1|          32|
    |sub_ln255_fu_863_p2                 |     -    |      0|  0|  35|          28|          28|
    |ap_block_state10_io                 |    and   |      0|  0|   2|           1|           1|
    |ap_block_state17_pp0_stage0_iter12  |    and   |      0|  0|   2|           1|           1|
    |icmp_ln255_fu_858_p2                |   icmp   |      0|  0|  20|          28|          28|
    |icmp_ln258_fu_923_p2                |   icmp   |      0|  0|  13|          11|          11|
    |icmp_ln259_fu_918_p2                |   icmp   |      0|  0|  11|           8|           8|
    |ap_block_pp0_stage0_11001           |    or    |      0|  0|   2|           1|           1|
    |ddr_channel_ptr_1_fu_868_p3         |  select  |      0|  0|  27|           1|          28|
    |ddr_channel_ptr_fu_833_p3           |  select  |      0|  0|  27|           1|          28|
    |select_ln254_fu_885_p3              |  select  |      0|  0|  29|           1|          29|
    |select_ln258_1_fu_948_p3            |  select  |      0|  0|   4|           1|           4|
    |select_ln258_fu_940_p3              |  select  |      0|  0|   7|           1|           7|
    |ap_enable_pp0                       |    xor   |      0|  0|   2|           1|           2|
    |ap_enable_reg_pp0_iter1             |    xor   |      0|  0|   2|           2|           1|
    +------------------------------------+----------+-------+---+----+------------+------------+
    |Total                               |          |      0|  0| 458|         286|         411|
    +------------------------------------+----------+-------+---+----+------------+------------+

    * Multiplexer: 
    +--------------------------------+----+-----------+-----+-----------+
    |              Name              | LUT| Input Size| Bits| Total Bits|
    +--------------------------------+----+-----------+-----+-----------+
    |DDR_buf_V_blk_n_AR              |   9|          2|    1|          2|
    |DDR_buf_V_blk_n_R               |   9|          2|    1|          2|
    |ap_NS_fsm                       |  38|          7|    1|          7|
    |ap_enable_reg_pp0_iter1         |   9|          2|    1|          2|
    |ap_enable_reg_pp0_iter13        |   9|          2|    1|          2|
    |ap_phi_mux_row_0_phi_fu_767_p4  |   9|          2|    4|          8|
    |col_0_reg_774                   |   9|          2|    7|         14|
    |indvar_flatten_reg_752          |   9|          2|   11|         22|
    |row_0_reg_763                   |   9|          2|    4|          8|
    +--------------------------------+----+-----------+-----+-----------+
    |Total                           | 110|         23|   31|         67|
    +--------------------------------+----+-----------+-----+-----------+

    * Register: 
    +--------------------------+----+----+-----+-----------+
    |           Name           | FF | LUT| Bits| Const Bits|
    +--------------------------+----+----+-----+-----------+
    |add_ln261_2_reg_1464      |  44|   0|   44|          0|
    |add_ln261_reg_1444        |  36|   0|   36|          0|
    |add_ln339_reg_1449        |  11|   0|   11|          0|
    |ap_CS_fsm                 |   6|   0|    6|          0|
    |ap_enable_reg_pp0_iter0   |   1|   0|    1|          0|
    |ap_enable_reg_pp0_iter1   |   1|   0|    1|          0|
    |ap_enable_reg_pp0_iter10  |   1|   0|    1|          0|
    |ap_enable_reg_pp0_iter11  |   1|   0|    1|          0|
    |ap_enable_reg_pp0_iter12  |   1|   0|    1|          0|
    |ap_enable_reg_pp0_iter13  |   1|   0|    1|          0|
    |ap_enable_reg_pp0_iter2   |   1|   0|    1|          0|
    |ap_enable_reg_pp0_iter3   |   1|   0|    1|          0|
    |ap_enable_reg_pp0_iter4   |   1|   0|    1|          0|
    |ap_enable_reg_pp0_iter5   |   1|   0|    1|          0|
    |ap_enable_reg_pp0_iter6   |   1|   0|    1|          0|
    |ap_enable_reg_pp0_iter7   |   1|   0|    1|          0|
    |ap_enable_reg_pp0_iter8   |   1|   0|    1|          0|
    |ap_enable_reg_pp0_iter9   |   1|   0|    1|          0|
    |bound_reg_1407            |   8|   0|   11|          3|
    |col_0_reg_774             |   7|   0|    7|          0|
    |ddr_channel_ptr_reg_1374  |  28|   0|   28|          0|
    |icmp_ln258_reg_1417       |   1|   0|    1|          0|
    |indvar_flatten_reg_752    |  11|   0|   11|          0|
    |mul_ln261_1_reg_1459      |  44|   0|   44|          0|
    |mul_ln261_reg_1402        |  36|   0|   36|          0|
    |p_Result_2_10_reg_1530    |  16|   0|   16|          0|
    |p_Result_2_11_reg_1535    |  16|   0|   16|          0|
    |p_Result_2_12_reg_1540    |  16|   0|   16|          0|
    |p_Result_2_13_reg_1545    |  16|   0|   16|          0|
    |p_Result_2_14_reg_1550    |  16|   0|   16|          0|
    |p_Result_2_15_reg_1555    |  16|   0|   16|          0|
    |p_Result_2_16_reg_1560    |  16|   0|   16|          0|
    |p_Result_2_17_reg_1565    |  16|   0|   16|          0|
    |p_Result_2_18_reg_1570    |  16|   0|   16|          0|
    |p_Result_2_19_reg_1575    |  16|   0|   16|          0|
    |p_Result_2_1_reg_1480     |  16|   0|   16|          0|
    |p_Result_2_20_reg_1580    |  16|   0|   16|          0|
    |p_Result_2_21_reg_1585    |  16|   0|   16|          0|
    |p_Result_2_22_reg_1590    |  16|   0|   16|          0|
    |p_Result_2_23_reg_1595    |  16|   0|   16|          0|
    |p_Result_2_24_reg_1600    |  16|   0|   16|          0|
    |p_Result_2_25_reg_1605    |  16|   0|   16|          0|
    |p_Result_2_26_reg_1610    |  16|   0|   16|          0|
    |p_Result_2_27_reg_1615    |  16|   0|   16|          0|
    |p_Result_2_28_reg_1620    |  16|   0|   16|          0|
    |p_Result_2_29_reg_1625    |  16|   0|   16|          0|
    |p_Result_2_2_reg_1485     |  16|   0|   16|          0|
    |p_Result_2_30_reg_1630    |  16|   0|   16|          0|
    |p_Result_2_3_reg_1490     |  16|   0|   16|          0|
    |p_Result_2_4_reg_1495     |  16|   0|   16|          0|
    |p_Result_2_5_reg_1500     |  16|   0|   16|          0|
    |p_Result_2_6_reg_1505     |  16|   0|   16|          0|
    |p_Result_2_7_reg_1510     |  16|   0|   16|          0|
    |p_Result_2_8_reg_1515     |  16|   0|   16|          0|
    |p_Result_2_9_reg_1520     |  16|   0|   16|          0|
    |p_Result_2_s_reg_1525     |  16|   0|   16|          0|
    |row_0_reg_763             |   4|   0|    4|          0|
    |select_ln254_reg_1382     |  29|   0|   29|          0|
    |select_ln258_1_reg_1432   |   4|   0|    4|          0|
    |select_ln258_reg_1426     |   7|   0|    7|          0|
    |trunc_ln647_reg_1475      |  16|   0|   16|          0|
    |zext_ln258_1_reg_1412     |  26|   0|   44|         18|
    |add_ln339_reg_1449        |  64|  32|   11|          0|
    |icmp_ln258_reg_1417       |  64|  32|    1|          0|
    |select_ln258_reg_1426     |  64|  32|    7|          0|
    +--------------------------+----+----+-----+-----------+
    |Total                     |1020|  96|  868|         21|
    +--------------------------+----+----+-----+-----------+



================================================================
== Interface
================================================================
* Summary: 
+--------------------------+-----+-----+------------+-------------------+--------------+
|         RTL Ports        | Dir | Bits|  Protocol  |   Source Object   |    C Type    |
+--------------------------+-----+-----+------------+-------------------+--------------+
|ap_clk                    |  in |    1| ap_ctrl_hs |   load_shortcut   | return value |
|ap_rst                    |  in |    1| ap_ctrl_hs |   load_shortcut   | return value |
|ap_start                  |  in |    1| ap_ctrl_hs |   load_shortcut   | return value |
|ap_done                   | out |    1| ap_ctrl_hs |   load_shortcut   | return value |
|ap_idle                   | out |    1| ap_ctrl_hs |   load_shortcut   | return value |
|ap_ready                  | out |    1| ap_ctrl_hs |   load_shortcut   | return value |
|out_buf_sc_0_V_address0   | out |   10|  ap_memory |   out_buf_sc_0_V  |     array    |
|out_buf_sc_0_V_ce0        | out |    1|  ap_memory |   out_buf_sc_0_V  |     array    |
|out_buf_sc_0_V_we0        | out |    1|  ap_memory |   out_buf_sc_0_V  |     array    |
|out_buf_sc_0_V_d0         | out |   16|  ap_memory |   out_buf_sc_0_V  |     array    |
|out_buf_sc_1_V_address0   | out |   10|  ap_memory |   out_buf_sc_1_V  |     array    |
|out_buf_sc_1_V_ce0        | out |    1|  ap_memory |   out_buf_sc_1_V  |     array    |
|out_buf_sc_1_V_we0        | out |    1|  ap_memory |   out_buf_sc_1_V  |     array    |
|out_buf_sc_1_V_d0         | out |   16|  ap_memory |   out_buf_sc_1_V  |     array    |
|out_buf_sc_2_V_address0   | out |   10|  ap_memory |   out_buf_sc_2_V  |     array    |
|out_buf_sc_2_V_ce0        | out |    1|  ap_memory |   out_buf_sc_2_V  |     array    |
|out_buf_sc_2_V_we0        | out |    1|  ap_memory |   out_buf_sc_2_V  |     array    |
|out_buf_sc_2_V_d0         | out |   16|  ap_memory |   out_buf_sc_2_V  |     array    |
|out_buf_sc_3_V_address0   | out |   10|  ap_memory |   out_buf_sc_3_V  |     array    |
|out_buf_sc_3_V_ce0        | out |    1|  ap_memory |   out_buf_sc_3_V  |     array    |
|out_buf_sc_3_V_we0        | out |    1|  ap_memory |   out_buf_sc_3_V  |     array    |
|out_buf_sc_3_V_d0         | out |   16|  ap_memory |   out_buf_sc_3_V  |     array    |
|out_buf_sc_4_V_address0   | out |   10|  ap_memory |   out_buf_sc_4_V  |     array    |
|out_buf_sc_4_V_ce0        | out |    1|  ap_memory |   out_buf_sc_4_V  |     array    |
|out_buf_sc_4_V_we0        | out |    1|  ap_memory |   out_buf_sc_4_V  |     array    |
|out_buf_sc_4_V_d0         | out |   16|  ap_memory |   out_buf_sc_4_V  |     array    |
|out_buf_sc_5_V_address0   | out |   10|  ap_memory |   out_buf_sc_5_V  |     array    |
|out_buf_sc_5_V_ce0        | out |    1|  ap_memory |   out_buf_sc_5_V  |     array    |
|out_buf_sc_5_V_we0        | out |    1|  ap_memory |   out_buf_sc_5_V  |     array    |
|out_buf_sc_5_V_d0         | out |   16|  ap_memory |   out_buf_sc_5_V  |     array    |
|out_buf_sc_6_V_address0   | out |   10|  ap_memory |   out_buf_sc_6_V  |     array    |
|out_buf_sc_6_V_ce0        | out |    1|  ap_memory |   out_buf_sc_6_V  |     array    |
|out_buf_sc_6_V_we0        | out |    1|  ap_memory |   out_buf_sc_6_V  |     array    |
|out_buf_sc_6_V_d0         | out |   16|  ap_memory |   out_buf_sc_6_V  |     array    |
|out_buf_sc_7_V_address0   | out |   10|  ap_memory |   out_buf_sc_7_V  |     array    |
|out_buf_sc_7_V_ce0        | out |    1|  ap_memory |   out_buf_sc_7_V  |     array    |
|out_buf_sc_7_V_we0        | out |    1|  ap_memory |   out_buf_sc_7_V  |     array    |
|out_buf_sc_7_V_d0         | out |   16|  ap_memory |   out_buf_sc_7_V  |     array    |
|out_buf_sc_8_V_address0   | out |   10|  ap_memory |   out_buf_sc_8_V  |     array    |
|out_buf_sc_8_V_ce0        | out |    1|  ap_memory |   out_buf_sc_8_V  |     array    |
|out_buf_sc_8_V_we0        | out |    1|  ap_memory |   out_buf_sc_8_V  |     array    |
|out_buf_sc_8_V_d0         | out |   16|  ap_memory |   out_buf_sc_8_V  |     array    |
|out_buf_sc_9_V_address0   | out |   10|  ap_memory |   out_buf_sc_9_V  |     array    |
|out_buf_sc_9_V_ce0        | out |    1|  ap_memory |   out_buf_sc_9_V  |     array    |
|out_buf_sc_9_V_we0        | out |    1|  ap_memory |   out_buf_sc_9_V  |     array    |
|out_buf_sc_9_V_d0         | out |   16|  ap_memory |   out_buf_sc_9_V  |     array    |
|out_buf_sc_10_V_address0  | out |   10|  ap_memory |  out_buf_sc_10_V  |     array    |
|out_buf_sc_10_V_ce0       | out |    1|  ap_memory |  out_buf_sc_10_V  |     array    |
|out_buf_sc_10_V_we0       | out |    1|  ap_memory |  out_buf_sc_10_V  |     array    |
|out_buf_sc_10_V_d0        | out |   16|  ap_memory |  out_buf_sc_10_V  |     array    |
|out_buf_sc_11_V_address0  | out |   10|  ap_memory |  out_buf_sc_11_V  |     array    |
|out_buf_sc_11_V_ce0       | out |    1|  ap_memory |  out_buf_sc_11_V  |     array    |
|out_buf_sc_11_V_we0       | out |    1|  ap_memory |  out_buf_sc_11_V  |     array    |
|out_buf_sc_11_V_d0        | out |   16|  ap_memory |  out_buf_sc_11_V  |     array    |
|out_buf_sc_12_V_address0  | out |   10|  ap_memory |  out_buf_sc_12_V  |     array    |
|out_buf_sc_12_V_ce0       | out |    1|  ap_memory |  out_buf_sc_12_V  |     array    |
|out_buf_sc_12_V_we0       | out |    1|  ap_memory |  out_buf_sc_12_V  |     array    |
|out_buf_sc_12_V_d0        | out |   16|  ap_memory |  out_buf_sc_12_V  |     array    |
|out_buf_sc_13_V_address0  | out |   10|  ap_memory |  out_buf_sc_13_V  |     array    |
|out_buf_sc_13_V_ce0       | out |    1|  ap_memory |  out_buf_sc_13_V  |     array    |
|out_buf_sc_13_V_we0       | out |    1|  ap_memory |  out_buf_sc_13_V  |     array    |
|out_buf_sc_13_V_d0        | out |   16|  ap_memory |  out_buf_sc_13_V  |     array    |
|out_buf_sc_14_V_address0  | out |   10|  ap_memory |  out_buf_sc_14_V  |     array    |
|out_buf_sc_14_V_ce0       | out |    1|  ap_memory |  out_buf_sc_14_V  |     array    |
|out_buf_sc_14_V_we0       | out |    1|  ap_memory |  out_buf_sc_14_V  |     array    |
|out_buf_sc_14_V_d0        | out |   16|  ap_memory |  out_buf_sc_14_V  |     array    |
|out_buf_sc_15_V_address0  | out |   10|  ap_memory |  out_buf_sc_15_V  |     array    |
|out_buf_sc_15_V_ce0       | out |    1|  ap_memory |  out_buf_sc_15_V  |     array    |
|out_buf_sc_15_V_we0       | out |    1|  ap_memory |  out_buf_sc_15_V  |     array    |
|out_buf_sc_15_V_d0        | out |   16|  ap_memory |  out_buf_sc_15_V  |     array    |
|out_buf_sc_16_V_address0  | out |   10|  ap_memory |  out_buf_sc_16_V  |     array    |
|out_buf_sc_16_V_ce0       | out |    1|  ap_memory |  out_buf_sc_16_V  |     array    |
|out_buf_sc_16_V_we0       | out |    1|  ap_memory |  out_buf_sc_16_V  |     array    |
|out_buf_sc_16_V_d0        | out |   16|  ap_memory |  out_buf_sc_16_V  |     array    |
|out_buf_sc_17_V_address0  | out |   10|  ap_memory |  out_buf_sc_17_V  |     array    |
|out_buf_sc_17_V_ce0       | out |    1|  ap_memory |  out_buf_sc_17_V  |     array    |
|out_buf_sc_17_V_we0       | out |    1|  ap_memory |  out_buf_sc_17_V  |     array    |
|out_buf_sc_17_V_d0        | out |   16|  ap_memory |  out_buf_sc_17_V  |     array    |
|out_buf_sc_18_V_address0  | out |   10|  ap_memory |  out_buf_sc_18_V  |     array    |
|out_buf_sc_18_V_ce0       | out |    1|  ap_memory |  out_buf_sc_18_V  |     array    |
|out_buf_sc_18_V_we0       | out |    1|  ap_memory |  out_buf_sc_18_V  |     array    |
|out_buf_sc_18_V_d0        | out |   16|  ap_memory |  out_buf_sc_18_V  |     array    |
|out_buf_sc_19_V_address0  | out |   10|  ap_memory |  out_buf_sc_19_V  |     array    |
|out_buf_sc_19_V_ce0       | out |    1|  ap_memory |  out_buf_sc_19_V  |     array    |
|out_buf_sc_19_V_we0       | out |    1|  ap_memory |  out_buf_sc_19_V  |     array    |
|out_buf_sc_19_V_d0        | out |   16|  ap_memory |  out_buf_sc_19_V  |     array    |
|out_buf_sc_20_V_address0  | out |   10|  ap_memory |  out_buf_sc_20_V  |     array    |
|out_buf_sc_20_V_ce0       | out |    1|  ap_memory |  out_buf_sc_20_V  |     array    |
|out_buf_sc_20_V_we0       | out |    1|  ap_memory |  out_buf_sc_20_V  |     array    |
|out_buf_sc_20_V_d0        | out |   16|  ap_memory |  out_buf_sc_20_V  |     array    |
|out_buf_sc_21_V_address0  | out |   10|  ap_memory |  out_buf_sc_21_V  |     array    |
|out_buf_sc_21_V_ce0       | out |    1|  ap_memory |  out_buf_sc_21_V  |     array    |
|out_buf_sc_21_V_we0       | out |    1|  ap_memory |  out_buf_sc_21_V  |     array    |
|out_buf_sc_21_V_d0        | out |   16|  ap_memory |  out_buf_sc_21_V  |     array    |
|out_buf_sc_22_V_address0  | out |   10|  ap_memory |  out_buf_sc_22_V  |     array    |
|out_buf_sc_22_V_ce0       | out |    1|  ap_memory |  out_buf_sc_22_V  |     array    |
|out_buf_sc_22_V_we0       | out |    1|  ap_memory |  out_buf_sc_22_V  |     array    |
|out_buf_sc_22_V_d0        | out |   16|  ap_memory |  out_buf_sc_22_V  |     array    |
|out_buf_sc_23_V_address0  | out |   10|  ap_memory |  out_buf_sc_23_V  |     array    |
|out_buf_sc_23_V_ce0       | out |    1|  ap_memory |  out_buf_sc_23_V  |     array    |
|out_buf_sc_23_V_we0       | out |    1|  ap_memory |  out_buf_sc_23_V  |     array    |
|out_buf_sc_23_V_d0        | out |   16|  ap_memory |  out_buf_sc_23_V  |     array    |
|out_buf_sc_24_V_address0  | out |   10|  ap_memory |  out_buf_sc_24_V  |     array    |
|out_buf_sc_24_V_ce0       | out |    1|  ap_memory |  out_buf_sc_24_V  |     array    |
|out_buf_sc_24_V_we0       | out |    1|  ap_memory |  out_buf_sc_24_V  |     array    |
|out_buf_sc_24_V_d0        | out |   16|  ap_memory |  out_buf_sc_24_V  |     array    |
|out_buf_sc_25_V_address0  | out |   10|  ap_memory |  out_buf_sc_25_V  |     array    |
|out_buf_sc_25_V_ce0       | out |    1|  ap_memory |  out_buf_sc_25_V  |     array    |
|out_buf_sc_25_V_we0       | out |    1|  ap_memory |  out_buf_sc_25_V  |     array    |
|out_buf_sc_25_V_d0        | out |   16|  ap_memory |  out_buf_sc_25_V  |     array    |
|out_buf_sc_26_V_address0  | out |   10|  ap_memory |  out_buf_sc_26_V  |     array    |
|out_buf_sc_26_V_ce0       | out |    1|  ap_memory |  out_buf_sc_26_V  |     array    |
|out_buf_sc_26_V_we0       | out |    1|  ap_memory |  out_buf_sc_26_V  |     array    |
|out_buf_sc_26_V_d0        | out |   16|  ap_memory |  out_buf_sc_26_V  |     array    |
|out_buf_sc_27_V_address0  | out |   10|  ap_memory |  out_buf_sc_27_V  |     array    |
|out_buf_sc_27_V_ce0       | out |    1|  ap_memory |  out_buf_sc_27_V  |     array    |
|out_buf_sc_27_V_we0       | out |    1|  ap_memory |  out_buf_sc_27_V  |     array    |
|out_buf_sc_27_V_d0        | out |   16|  ap_memory |  out_buf_sc_27_V  |     array    |
|out_buf_sc_28_V_address0  | out |   10|  ap_memory |  out_buf_sc_28_V  |     array    |
|out_buf_sc_28_V_ce0       | out |    1|  ap_memory |  out_buf_sc_28_V  |     array    |
|out_buf_sc_28_V_we0       | out |    1|  ap_memory |  out_buf_sc_28_V  |     array    |
|out_buf_sc_28_V_d0        | out |   16|  ap_memory |  out_buf_sc_28_V  |     array    |
|out_buf_sc_29_V_address0  | out |   10|  ap_memory |  out_buf_sc_29_V  |     array    |
|out_buf_sc_29_V_ce0       | out |    1|  ap_memory |  out_buf_sc_29_V  |     array    |
|out_buf_sc_29_V_we0       | out |    1|  ap_memory |  out_buf_sc_29_V  |     array    |
|out_buf_sc_29_V_d0        | out |   16|  ap_memory |  out_buf_sc_29_V  |     array    |
|out_buf_sc_30_V_address0  | out |   10|  ap_memory |  out_buf_sc_30_V  |     array    |
|out_buf_sc_30_V_ce0       | out |    1|  ap_memory |  out_buf_sc_30_V  |     array    |
|out_buf_sc_30_V_we0       | out |    1|  ap_memory |  out_buf_sc_30_V  |     array    |
|out_buf_sc_30_V_d0        | out |   16|  ap_memory |  out_buf_sc_30_V  |     array    |
|out_buf_sc_31_V_address0  | out |   10|  ap_memory |  out_buf_sc_31_V  |     array    |
|out_buf_sc_31_V_ce0       | out |    1|  ap_memory |  out_buf_sc_31_V  |     array    |
|out_buf_sc_31_V_we0       | out |    1|  ap_memory |  out_buf_sc_31_V  |     array    |
|out_buf_sc_31_V_d0        | out |   16|  ap_memory |  out_buf_sc_31_V  |     array    |
|m_axi_DDR_buf_V_AWVALID   | out |    1|    m_axi   |     DDR_buf_V     |    pointer   |
|m_axi_DDR_buf_V_AWREADY   |  in |    1|    m_axi   |     DDR_buf_V     |    pointer   |
|m_axi_DDR_buf_V_AWADDR    | out |   32|    m_axi   |     DDR_buf_V     |    pointer   |
|m_axi_DDR_buf_V_AWID      | out |    1|    m_axi   |     DDR_buf_V     |    pointer   |
|m_axi_DDR_buf_V_AWLEN     | out |   32|    m_axi   |     DDR_buf_V     |    pointer   |
|m_axi_DDR_buf_V_AWSIZE    | out |    3|    m_axi   |     DDR_buf_V     |    pointer   |
|m_axi_DDR_buf_V_AWBURST   | out |    2|    m_axi   |     DDR_buf_V     |    pointer   |
|m_axi_DDR_buf_V_AWLOCK    | out |    2|    m_axi   |     DDR_buf_V     |    pointer   |
|m_axi_DDR_buf_V_AWCACHE   | out |    4|    m_axi   |     DDR_buf_V     |    pointer   |
|m_axi_DDR_buf_V_AWPROT    | out |    3|    m_axi   |     DDR_buf_V     |    pointer   |
|m_axi_DDR_buf_V_AWQOS     | out |    4|    m_axi   |     DDR_buf_V     |    pointer   |
|m_axi_DDR_buf_V_AWREGION  | out |    4|    m_axi   |     DDR_buf_V     |    pointer   |
|m_axi_DDR_buf_V_AWUSER    | out |    1|    m_axi   |     DDR_buf_V     |    pointer   |
|m_axi_DDR_buf_V_WVALID    | out |    1|    m_axi   |     DDR_buf_V     |    pointer   |
|m_axi_DDR_buf_V_WREADY    |  in |    1|    m_axi   |     DDR_buf_V     |    pointer   |
|m_axi_DDR_buf_V_WDATA     | out |  512|    m_axi   |     DDR_buf_V     |    pointer   |
|m_axi_DDR_buf_V_WSTRB     | out |   64|    m_axi   |     DDR_buf_V     |    pointer   |
|m_axi_DDR_buf_V_WLAST     | out |    1|    m_axi   |     DDR_buf_V     |    pointer   |
|m_axi_DDR_buf_V_WID       | out |    1|    m_axi   |     DDR_buf_V     |    pointer   |
|m_axi_DDR_buf_V_WUSER     | out |    1|    m_axi   |     DDR_buf_V     |    pointer   |
|m_axi_DDR_buf_V_ARVALID   | out |    1|    m_axi   |     DDR_buf_V     |    pointer   |
|m_axi_DDR_buf_V_ARREADY   |  in |    1|    m_axi   |     DDR_buf_V     |    pointer   |
|m_axi_DDR_buf_V_ARADDR    | out |   32|    m_axi   |     DDR_buf_V     |    pointer   |
|m_axi_DDR_buf_V_ARID      | out |    1|    m_axi   |     DDR_buf_V     |    pointer   |
|m_axi_DDR_buf_V_ARLEN     | out |   32|    m_axi   |     DDR_buf_V     |    pointer   |
|m_axi_DDR_buf_V_ARSIZE    | out |    3|    m_axi   |     DDR_buf_V     |    pointer   |
|m_axi_DDR_buf_V_ARBURST   | out |    2|    m_axi   |     DDR_buf_V     |    pointer   |
|m_axi_DDR_buf_V_ARLOCK    | out |    2|    m_axi   |     DDR_buf_V     |    pointer   |
|m_axi_DDR_buf_V_ARCACHE   | out |    4|    m_axi   |     DDR_buf_V     |    pointer   |
|m_axi_DDR_buf_V_ARPROT    | out |    3|    m_axi   |     DDR_buf_V     |    pointer   |
|m_axi_DDR_buf_V_ARQOS     | out |    4|    m_axi   |     DDR_buf_V     |    pointer   |
|m_axi_DDR_buf_V_ARREGION  | out |    4|    m_axi   |     DDR_buf_V     |    pointer   |
|m_axi_DDR_buf_V_ARUSER    | out |    1|    m_axi   |     DDR_buf_V     |    pointer   |
|m_axi_DDR_buf_V_RVALID    |  in |    1|    m_axi   |     DDR_buf_V     |    pointer   |
|m_axi_DDR_buf_V_RREADY    | out |    1|    m_axi   |     DDR_buf_V     |    pointer   |
|m_axi_DDR_buf_V_RDATA     |  in |  512|    m_axi   |     DDR_buf_V     |    pointer   |
|m_axi_DDR_buf_V_RLAST     |  in |    1|    m_axi   |     DDR_buf_V     |    pointer   |
|m_axi_DDR_buf_V_RID       |  in |    1|    m_axi   |     DDR_buf_V     |    pointer   |
|m_axi_DDR_buf_V_RUSER     |  in |    1|    m_axi   |     DDR_buf_V     |    pointer   |
|m_axi_DDR_buf_V_RRESP     |  in |    2|    m_axi   |     DDR_buf_V     |    pointer   |
|m_axi_DDR_buf_V_BVALID    |  in |    1|    m_axi   |     DDR_buf_V     |    pointer   |
|m_axi_DDR_buf_V_BREADY    | out |    1|    m_axi   |     DDR_buf_V     |    pointer   |
|m_axi_DDR_buf_V_BRESP     |  in |    2|    m_axi   |     DDR_buf_V     |    pointer   |
|m_axi_DDR_buf_V_BID       |  in |    1|    m_axi   |     DDR_buf_V     |    pointer   |
|m_axi_DDR_buf_V_BUSER     |  in |    1|    m_axi   |     DDR_buf_V     |    pointer   |
|DDR_buf_V_offset          |  in |   26|   ap_none  |  DDR_buf_V_offset |    scalar    |
|H_fmap_out                |  in |    8|   ap_none  |     H_fmap_out    |    scalar    |
|in_channels               |  in |   12|   ap_none  |    in_channels    |    scalar    |
|out_channel_start         |  in |   32|   ap_none  | out_channel_start |    scalar    |
|row_tile_start            |  in |   32|   ap_none  |   row_tile_start  |    scalar    |
|switch_bank               |  in |    1|   ap_none  |    switch_bank    |    scalar    |
+--------------------------+-----+-----+------------+-------------------+--------------+

