

================================================================
== Vivado HLS Report for 'load_conv3x3_weights'
================================================================
* Date:           Sun Dec 13 06:26:06 2020

* Version:        2019.2.1 (Build 2724168 on Thu Dec 05 05:19:09 MST 2019)
* Project:        model
* Solution:       solution1
* Product family: zynquplus
* Target device:  xczu3eg-sbva484-1-e


================================================================
== Performance Estimates
================================================================
+ Timing: 
    * Summary: 
    +--------+---------+----------+------------+
    |  Clock |  Target | Estimated| Uncertainty|
    +--------+---------+----------+------------+
    |ap_clk  | 4.00 ns | 3.500 ns |   0.50 ns  |
    +--------+---------+----------+------------+

+ Latency: 
    * Summary: 
    +---------+---------+----------+----------+-----+-----+---------+
    |  Latency (cycles) |  Latency (absolute) |  Interval | Pipeline|
    |   min   |   max   |    min   |    max   | min | max |   Type  |
    +---------+---------+----------+----------+-----+-----+---------+
    |       36|       36| 0.144 us | 0.144 us |   36|   36|   none  |
    +---------+---------+----------+----------+-----+-----+---------+

    + Detail: 
        * Instance: 
        N/A

        * Loop: 
        +----------+---------+---------+----------+-----------+-----------+------+----------+
        |          |  Latency (cycles) | Iteration|  Initiation Interval  | Trip |          |
        | Loop Name|   min   |   max   |  Latency |  achieved |   target  | Count| Pipelined|
        +----------+---------+---------+----------+-----------+-----------+------+----------+
        |- Loop 1  |       33|       33|        17|          1|          1|    18|    yes   |
        +----------+---------+---------+----------+-----------+-----------+------+----------+



================================================================
== Utilization Estimates
================================================================
* Summary: 
+-----------------+---------+-------+--------+-------+-----+
|       Name      | BRAM_18K| DSP48E|   FF   |  LUT  | URAM|
+-----------------+---------+-------+--------+-------+-----+
|DSP              |        -|      1|       -|      -|    -|
|Expression       |        -|      -|       0|    984|    -|
|FIFO             |        -|      -|       -|      -|    -|
|Instance         |        -|      -|      99|     52|    -|
|Memory           |        -|      -|       -|      -|    -|
|Multiplexer      |        -|      -|       -|    126|    -|
|Register         |        0|      -|    1479|    640|    -|
+-----------------+---------+-------+--------+-------+-----+
|Total            |        0|      1|    1578|   1802|    0|
+-----------------+---------+-------+--------+-------+-----+
|Available        |      432|    360|  141120|  70560|    0|
+-----------------+---------+-------+--------+-------+-----+
|Utilization (%)  |        0|   ~0  |       1|      2|    0|
+-----------------+---------+-------+--------+-------+-----+

+ Detail: 
    * Instance: 
    +-------------------------+----------------------+---------+-------+----+----+-----+
    |         Instance        |        Module        | BRAM_18K| DSP48E| FF | LUT| URAM|
    +-------------------------+----------------------+---------+-------+----+----+-----+
    |FracNet_urem_5ns_bkb_U1  |FracNet_urem_5ns_bkb  |        0|      0|  99|  52|    0|
    +-------------------------+----------------------+---------+-------+----+----+-----+
    |Total                    |                      |        0|      0|  99|  52|    0|
    +-------------------------+----------------------+---------+-------+----+----+-----+

    * DSP48E: 
    +-------------------------+----------------------+--------------+
    |         Instance        |        Module        |  Expression  |
    +-------------------------+----------------------+--------------+
    |FracNet_mac_muladcud_U2  |FracNet_mac_muladcud  | i0 * i1 + i2 |
    +-------------------------+----------------------+--------------+

    * Memory: 
    N/A

    * FIFO: 
    N/A

    * Expression: 
    +----------------------------+----------+-------+---+----+------------+------------+
    |        Variable Name       | Operation| DSP48E| FF| LUT| Bitwidth P0| Bitwidth P1|
    +----------------------------+----------+-------+---+----+------------+------------+
    |add_ln180_fu_1182_p2        |     +    |      0|  0|  15|           1|           5|
    |add_ln181_1_fu_1622_p2      |     +    |      0|  0|  12|           4|           1|
    |add_ln184_10_fu_1696_p2     |     +    |      0|  0|  24|          17|          17|
    |add_ln184_1_fu_1125_p2      |     +    |      0|  0|  19|          15|          15|
    |add_ln184_2_fu_892_p2       |     +    |      0|  0|  22|          15|          15|
    |add_ln184_4_fu_1161_p2      |     +    |      0|  0|  23|          16|          16|
    |add_ln184_5_fu_1170_p2      |     +    |      0|  0|  24|          17|          17|
    |add_ln184_6_fu_1650_p2      |     +    |      0|  0|  19|          15|          15|
    |add_ln184_7_fu_1655_p2      |     +    |      0|  0|  19|          15|          15|
    |add_ln184_8_fu_1675_p2      |     +    |      0|  0|  23|          16|          16|
    |add_ln184_9_fu_1687_p2      |     +    |      0|  0|  23|          16|          16|
    |add_ln184_fu_1120_p2        |     +    |      0|  0|  19|          15|          15|
    |add_ln185_fu_1719_p2        |     +    |      0|  0|  35|          28|          28|
    |col_fu_1616_p2              |     +    |      0|  0|   9|           2|           1|
    |i_fu_1188_p2                |     +    |      0|  0|   9|           1|           2|
    |row_fu_1560_p2              |     +    |      0|  0|   9|           1|           2|
    |sub_ln184_1_fu_1596_p2      |     -    |      0|  0|  15|           5|           5|
    |sub_ln184_fu_1151_p2        |     -    |      0|  0|  15|           5|           5|
    |and_ln180_fu_1546_p2        |    and   |      0|  0|   2|           1|           1|
    |ap_block_pp0_stage0_01001   |    and   |      0|  0|   2|           1|           1|
    |ap_block_state12_io         |    and   |      0|  0|   2|           1|           1|
    |empty_34_fu_1724_p2         |   icmp   |      0|  0|  11|           5|           1|
    |icmp_ln180_fu_1176_p2       |   icmp   |      0|  0|  11|           5|           5|
    |icmp_ln181_fu_1194_p2       |   icmp   |      0|  0|   9|           4|           4|
    |icmp_ln182_fu_1540_p2       |   icmp   |      0|  0|   8|           2|           2|
    |icmp_ln414_10_fu_1054_p2    |   icmp   |      0|  0|  11|           5|           4|
    |icmp_ln414_11_fu_1066_p2    |   icmp   |      0|  0|  11|           5|           4|
    |icmp_ln414_12_fu_1078_p2    |   icmp   |      0|  0|  11|           5|           4|
    |icmp_ln414_13_fu_1090_p2    |   icmp   |      0|  0|  11|           5|           4|
    |icmp_ln414_14_fu_1102_p2    |   icmp   |      0|  0|  11|           5|           4|
    |icmp_ln414_15_fu_1114_p2    |   icmp   |      0|  0|  11|           5|           4|
    |icmp_ln414_16_fu_1220_p2    |   icmp   |      0|  0|  11|           5|           1|
    |icmp_ln414_17_fu_1240_p2    |   icmp   |      0|  0|  11|           5|           1|
    |icmp_ln414_18_fu_1260_p2    |   icmp   |      0|  0|  11|           5|           2|
    |icmp_ln414_19_fu_1280_p2    |   icmp   |      0|  0|  11|           5|           2|
    |icmp_ln414_1_fu_946_p2      |   icmp   |      0|  0|  11|           5|           1|
    |icmp_ln414_20_fu_1300_p2    |   icmp   |      0|  0|  11|           5|           3|
    |icmp_ln414_21_fu_1320_p2    |   icmp   |      0|  0|  11|           5|           3|
    |icmp_ln414_22_fu_1340_p2    |   icmp   |      0|  0|  11|           5|           3|
    |icmp_ln414_23_fu_1360_p2    |   icmp   |      0|  0|  11|           5|           3|
    |icmp_ln414_24_fu_1380_p2    |   icmp   |      0|  0|  11|           5|           4|
    |icmp_ln414_25_fu_1400_p2    |   icmp   |      0|  0|  11|           5|           4|
    |icmp_ln414_26_fu_1420_p2    |   icmp   |      0|  0|  11|           5|           4|
    |icmp_ln414_27_fu_1440_p2    |   icmp   |      0|  0|  11|           5|           4|
    |icmp_ln414_28_fu_1460_p2    |   icmp   |      0|  0|  11|           5|           4|
    |icmp_ln414_29_fu_1480_p2    |   icmp   |      0|  0|  11|           5|           4|
    |icmp_ln414_2_fu_958_p2      |   icmp   |      0|  0|  11|           5|           2|
    |icmp_ln414_30_fu_1500_p2    |   icmp   |      0|  0|  11|           5|           4|
    |icmp_ln414_31_fu_1520_p2    |   icmp   |      0|  0|  11|           5|           4|
    |icmp_ln414_3_fu_970_p2      |   icmp   |      0|  0|  11|           5|           2|
    |icmp_ln414_4_fu_982_p2      |   icmp   |      0|  0|  11|           5|           3|
    |icmp_ln414_5_fu_994_p2      |   icmp   |      0|  0|  11|           5|           3|
    |icmp_ln414_6_fu_1006_p2     |   icmp   |      0|  0|  11|           5|           3|
    |icmp_ln414_7_fu_1018_p2     |   icmp   |      0|  0|  11|           5|           3|
    |icmp_ln414_8_fu_1030_p2     |   icmp   |      0|  0|  11|           5|           4|
    |icmp_ln414_9_fu_1042_p2     |   icmp   |      0|  0|  11|           5|           4|
    |icmp_ln414_fu_934_p2        |   icmp   |      0|  0|  11|           5|           1|
    |ap_block_pp0_stage0_11001   |    or    |      0|  0|   2|           1|           1|
    |or_ln181_fu_1566_p2         |    or    |      0|  0|   2|           1|           1|
    |or_ln414_10_fu_1060_p2      |    or    |      0|  0|   5|           5|           4|
    |or_ln414_11_fu_1072_p2      |    or    |      0|  0|   5|           5|           4|
    |or_ln414_12_fu_1084_p2      |    or    |      0|  0|   5|           5|           4|
    |or_ln414_13_fu_1096_p2      |    or    |      0|  0|   5|           5|           4|
    |or_ln414_14_fu_1108_p2      |    or    |      0|  0|   5|           5|           4|
    |or_ln414_15_fu_1234_p2      |    or    |      0|  0|   5|           5|           1|
    |or_ln414_16_fu_1254_p2      |    or    |      0|  0|   5|           5|           2|
    |or_ln414_17_fu_1274_p2      |    or    |      0|  0|   5|           5|           2|
    |or_ln414_18_fu_1294_p2      |    or    |      0|  0|   5|           5|           3|
    |or_ln414_19_fu_1314_p2      |    or    |      0|  0|   5|           5|           3|
    |or_ln414_1_fu_952_p2        |    or    |      0|  0|   5|           5|           2|
    |or_ln414_20_fu_1334_p2      |    or    |      0|  0|   5|           5|           3|
    |or_ln414_21_fu_1354_p2      |    or    |      0|  0|   5|           5|           3|
    |or_ln414_22_fu_1374_p2      |    or    |      0|  0|   5|           5|           4|
    |or_ln414_23_fu_1394_p2      |    or    |      0|  0|   5|           5|           4|
    |or_ln414_24_fu_1414_p2      |    or    |      0|  0|   5|           5|           4|
    |or_ln414_25_fu_1434_p2      |    or    |      0|  0|   5|           5|           4|
    |or_ln414_26_fu_1454_p2      |    or    |      0|  0|   5|           5|           4|
    |or_ln414_27_fu_1474_p2      |    or    |      0|  0|   5|           5|           4|
    |or_ln414_28_fu_1494_p2      |    or    |      0|  0|   5|           5|           4|
    |or_ln414_29_fu_1514_p2      |    or    |      0|  0|   5|           5|           4|
    |or_ln414_2_fu_964_p2        |    or    |      0|  0|   5|           5|           2|
    |or_ln414_3_fu_976_p2        |    or    |      0|  0|   5|           5|           3|
    |or_ln414_4_fu_988_p2        |    or    |      0|  0|   5|           5|           3|
    |or_ln414_5_fu_1000_p2       |    or    |      0|  0|   5|           5|           3|
    |or_ln414_6_fu_1012_p2       |    or    |      0|  0|   5|           5|           3|
    |or_ln414_7_fu_1024_p2       |    or    |      0|  0|   5|           5|           4|
    |or_ln414_8_fu_1036_p2       |    or    |      0|  0|   5|           5|           4|
    |or_ln414_9_fu_1048_p2       |    or    |      0|  0|   5|           5|           4|
    |or_ln414_fu_940_p2          |    or    |      0|  0|   5|           5|           1|
    |select_ln180_10_fu_1406_p3  |  select  |      0|  0|   2|           1|           1|
    |select_ln180_11_fu_1426_p3  |  select  |      0|  0|   2|           1|           1|
    |select_ln180_12_fu_1446_p3  |  select  |      0|  0|   2|           1|           1|
    |select_ln180_13_fu_1466_p3  |  select  |      0|  0|   2|           1|           1|
    |select_ln180_14_fu_1486_p3  |  select  |      0|  0|   2|           1|           1|
    |select_ln180_15_fu_1506_p3  |  select  |      0|  0|   2|           1|           1|
    |select_ln180_16_fu_1526_p3  |  select  |      0|  0|   2|           1|           1|
    |select_ln180_17_fu_1665_p3  |  select  |      0|  0|  15|           1|          15|
    |select_ln180_18_fu_1552_p3  |  select  |      0|  0|   2|           1|           2|
    |select_ln180_19_fu_1702_p3  |  select  |      0|  0|  17|           1|          17|
    |select_ln180_1_fu_1226_p3   |  select  |      0|  0|   2|           1|           1|
    |select_ln180_2_fu_1246_p3   |  select  |      0|  0|   2|           1|           1|
    |select_ln180_3_fu_1266_p3   |  select  |      0|  0|   2|           1|           1|
    |select_ln180_4_fu_1286_p3   |  select  |      0|  0|   2|           1|           1|
    |select_ln180_5_fu_1306_p3   |  select  |      0|  0|   2|           1|           1|
    |select_ln180_6_fu_1326_p3   |  select  |      0|  0|   2|           1|           1|
    |select_ln180_7_fu_1346_p3   |  select  |      0|  0|   2|           1|           1|
    |select_ln180_8_fu_1366_p3   |  select  |      0|  0|   2|           1|           1|
    |select_ln180_9_fu_1386_p3   |  select  |      0|  0|   2|           1|           1|
    |select_ln180_fu_1200_p3     |  select  |      0|  0|   2|           1|           1|
    |select_ln181_1_fu_1708_p3   |  select  |      0|  0|  17|           1|          17|
    |select_ln181_2_fu_1602_p3   |  select  |      0|  0|   2|           1|           2|
    |select_ln181_3_fu_1628_p3   |  select  |      0|  0|   4|           1|           1|
    |select_ln181_fu_1572_p3     |  select  |      0|  0|   2|           1|           1|
    |ap_enable_pp0               |    xor   |      0|  0|   2|           1|           2|
    |ap_enable_reg_pp0_iter1     |    xor   |      0|  0|   2|           2|           1|
    |xor_ln180_fu_1534_p2        |    xor   |      0|  0|   2|           1|           2|
    +----------------------------+----------+-------+---+----+------------+------------+
    |Total                       |          |      0|  0| 984|         563|         498|
    +----------------------------+----------+-------+---+----+------------+------------+

    * Multiplexer: 
    +-------------------------------------------+----+-----------+-----+-----------+
    |                    Name                   | LUT| Input Size| Bits| Total Bits|
    +-------------------------------------------+----+-----------+-----+-----------+
    |ap_NS_fsm                                  |  27|          5|    1|          5|
    |ap_enable_reg_pp0_iter1                    |   9|          2|    1|          2|
    |ap_enable_reg_pp0_iter16                   |   9|          2|    1|          2|
    |ap_phi_mux_indvar_flatten34_phi_fu_806_p4  |   9|          2|    5|         10|
    |ap_phi_mux_row_0_phi_fu_840_p4             |   9|          2|    2|          4|
    |col_0_reg_847                              |   9|          2|    2|          4|
    |conv_weight_3x3_all_V_blk_n_AR             |   9|          2|    1|          2|
    |conv_weight_3x3_all_V_blk_n_R              |   9|          2|    1|          2|
    |i_0_reg_814                                |   9|          2|    2|          4|
    |indvar_flatten34_reg_802                   |   9|          2|    5|         10|
    |indvar_flatten_reg_825                     |   9|          2|    4|          8|
    |row_0_reg_836                              |   9|          2|    2|          4|
    +-------------------------------------------+----+-----------+-----+-----------+
    |Total                                      | 126|         27|   27|         57|
    +-------------------------------------------+----+-----------+-----+-----------+

    * Register: 
    +--------------------------+----+----+-----+-----------+
    |           Name           | FF | LUT| Bits| Const Bits|
    +--------------------------+----+----+-----+-----------+
    |add_ln180_reg_3668        |   5|   0|    5|          0|
    |add_ln184_1_reg_3654      |  15|   0|   15|          0|
    |add_ln184_5_reg_3659      |  17|   0|   17|          0|
    |add_ln185_reg_3787        |  28|   0|   28|          0|
    |and_ln180_reg_3753        |   1|   0|    1|          0|
    |ap_CS_fsm                 |   4|   0|    4|          0|
    |ap_enable_reg_pp0_iter0   |   1|   0|    1|          0|
    |ap_enable_reg_pp0_iter1   |   1|   0|    1|          0|
    |ap_enable_reg_pp0_iter10  |   1|   0|    1|          0|
    |ap_enable_reg_pp0_iter11  |   1|   0|    1|          0|
    |ap_enable_reg_pp0_iter12  |   1|   0|    1|          0|
    |ap_enable_reg_pp0_iter13  |   1|   0|    1|          0|
    |ap_enable_reg_pp0_iter14  |   1|   0|    1|          0|
    |ap_enable_reg_pp0_iter15  |   1|   0|    1|          0|
    |ap_enable_reg_pp0_iter16  |   1|   0|    1|          0|
    |ap_enable_reg_pp0_iter2   |   1|   0|    1|          0|
    |ap_enable_reg_pp0_iter3   |   1|   0|    1|          0|
    |ap_enable_reg_pp0_iter4   |   1|   0|    1|          0|
    |ap_enable_reg_pp0_iter5   |   1|   0|    1|          0|
    |ap_enable_reg_pp0_iter6   |   1|   0|    1|          0|
    |ap_enable_reg_pp0_iter7   |   1|   0|    1|          0|
    |ap_enable_reg_pp0_iter8   |   1|   0|    1|          0|
    |ap_enable_reg_pp0_iter9   |   1|   0|    1|          0|
    |col_0_reg_847             |   2|   0|    2|          0|
    |empty_34_reg_3792         |   1|   0|    1|          0|
    |i_0_reg_814               |   2|   0|    2|          0|
    |i_reg_3673                |   2|   0|    2|          0|
    |icmp_ln180_reg_3664       |   1|   0|    1|          0|
    |icmp_ln181_reg_3678       |   1|   0|    1|          0|
    |indvar_flatten34_reg_802  |   5|   0|    5|          0|
    |indvar_flatten_reg_825    |   4|   0|    4|          0|
    |row_0_reg_836             |   2|   0|    2|          0|
    |select_ln180_10_reg_3725  |   1|   0|    1|          0|
    |select_ln180_11_reg_3729  |   1|   0|    1|          0|
    |select_ln180_12_reg_3733  |   1|   0|    1|          0|
    |select_ln180_13_reg_3737  |   1|   0|    1|          0|
    |select_ln180_14_reg_3741  |   1|   0|    1|          0|
    |select_ln180_15_reg_3745  |   1|   0|    1|          0|
    |select_ln180_16_reg_3749  |   1|   0|    1|          0|
    |select_ln180_1_reg_3689   |   1|   0|    1|          0|
    |select_ln180_2_reg_3693   |   1|   0|    1|          0|
    |select_ln180_3_reg_3697   |   1|   0|    1|          0|
    |select_ln180_4_reg_3701   |   1|   0|    1|          0|
    |select_ln180_5_reg_3705   |   1|   0|    1|          0|
    |select_ln180_6_reg_3709   |   1|   0|    1|          0|
    |select_ln180_7_reg_3713   |   1|   0|    1|          0|
    |select_ln180_8_reg_3717   |   1|   0|    1|          0|
    |select_ln180_9_reg_3721   |   1|   0|    1|          0|
    |select_ln181_2_reg_3772   |   2|   0|    2|          0|
    |select_ln181_reg_3763     |   2|   0|    2|          0|
    |sub_ln184_1_reg_3767      |   5|   0|    5|          0|
    |tmp_reg_3630              |  11|   0|   11|          0|
    |trunc_ln184_2_reg_3684    |   1|   0|    1|          0|
    |trunc_ln184_reg_3636      |  15|   0|   15|          0|
    |zext_ln180_2_reg_3649     |  26|   0|   28|          2|
    |zext_ln184_4_reg_3642     |  14|   0|   16|          2|
    |add_ln185_reg_3787        |  64|  32|   28|          0|
    |icmp_ln180_reg_3664       |  64|  32|    1|          0|
    |select_ln180_10_reg_3725  |  64|  32|    1|          0|
    |select_ln180_11_reg_3729  |  64|  32|    1|          0|
    |select_ln180_12_reg_3733  |  64|  32|    1|          0|
    |select_ln180_13_reg_3737  |  64|  32|    1|          0|
    |select_ln180_14_reg_3741  |  64|  32|    1|          0|
    |select_ln180_15_reg_3745  |  64|  32|    1|          0|
    |select_ln180_16_reg_3749  |  64|  32|    1|          0|
    |select_ln180_1_reg_3689   |  64|  32|    1|          0|
    |select_ln180_2_reg_3693   |  64|  32|    1|          0|
    |select_ln180_3_reg_3697   |  64|  32|    1|          0|
    |select_ln180_4_reg_3701   |  64|  32|    1|          0|
    |select_ln180_5_reg_3705   |  64|  32|    1|          0|
    |select_ln180_6_reg_3709   |  64|  32|    1|          0|
    |select_ln180_7_reg_3713   |  64|  32|    1|          0|
    |select_ln180_8_reg_3717   |  64|  32|    1|          0|
    |select_ln180_9_reg_3721   |  64|  32|    1|          0|
    |select_ln181_2_reg_3772   |  64|  32|    2|          0|
    |select_ln181_reg_3763     |  64|  32|    2|          0|
    +--------------------------+----+----+-----+-----------+
    |Total                     |1479| 640|  252|          4|
    +--------------------------+----+----+-----+-----------+



================================================================
== Interface
================================================================
* Summary: 
+--------------------------------------+-----+-----+------------+------------------------------+--------------+
|               RTL Ports              | Dir | Bits|  Protocol  |         Source Object        |    C Type    |
+--------------------------------------+-----+-----+------------+------------------------------+--------------+
|ap_clk                                |  in |    1| ap_ctrl_hs |     load_conv3x3_weights     | return value |
|ap_rst                                |  in |    1| ap_ctrl_hs |     load_conv3x3_weights     | return value |
|ap_start                              |  in |    1| ap_ctrl_hs |     load_conv3x3_weights     | return value |
|ap_done                               | out |    1| ap_ctrl_hs |     load_conv3x3_weights     | return value |
|ap_idle                               | out |    1| ap_ctrl_hs |     load_conv3x3_weights     | return value |
|ap_ready                              | out |    1| ap_ctrl_hs |     load_conv3x3_weights     | return value |
|m_axi_conv_weight_3x3_all_V_AWVALID   | out |    1|    m_axi   |     conv_weight_3x3_all_V    |    pointer   |
|m_axi_conv_weight_3x3_all_V_AWREADY   |  in |    1|    m_axi   |     conv_weight_3x3_all_V    |    pointer   |
|m_axi_conv_weight_3x3_all_V_AWADDR    | out |   32|    m_axi   |     conv_weight_3x3_all_V    |    pointer   |
|m_axi_conv_weight_3x3_all_V_AWID      | out |    1|    m_axi   |     conv_weight_3x3_all_V    |    pointer   |
|m_axi_conv_weight_3x3_all_V_AWLEN     | out |   32|    m_axi   |     conv_weight_3x3_all_V    |    pointer   |
|m_axi_conv_weight_3x3_all_V_AWSIZE    | out |    3|    m_axi   |     conv_weight_3x3_all_V    |    pointer   |
|m_axi_conv_weight_3x3_all_V_AWBURST   | out |    2|    m_axi   |     conv_weight_3x3_all_V    |    pointer   |
|m_axi_conv_weight_3x3_all_V_AWLOCK    | out |    2|    m_axi   |     conv_weight_3x3_all_V    |    pointer   |
|m_axi_conv_weight_3x3_all_V_AWCACHE   | out |    4|    m_axi   |     conv_weight_3x3_all_V    |    pointer   |
|m_axi_conv_weight_3x3_all_V_AWPROT    | out |    3|    m_axi   |     conv_weight_3x3_all_V    |    pointer   |
|m_axi_conv_weight_3x3_all_V_AWQOS     | out |    4|    m_axi   |     conv_weight_3x3_all_V    |    pointer   |
|m_axi_conv_weight_3x3_all_V_AWREGION  | out |    4|    m_axi   |     conv_weight_3x3_all_V    |    pointer   |
|m_axi_conv_weight_3x3_all_V_AWUSER    | out |    1|    m_axi   |     conv_weight_3x3_all_V    |    pointer   |
|m_axi_conv_weight_3x3_all_V_WVALID    | out |    1|    m_axi   |     conv_weight_3x3_all_V    |    pointer   |
|m_axi_conv_weight_3x3_all_V_WREADY    |  in |    1|    m_axi   |     conv_weight_3x3_all_V    |    pointer   |
|m_axi_conv_weight_3x3_all_V_WDATA     | out |  512|    m_axi   |     conv_weight_3x3_all_V    |    pointer   |
|m_axi_conv_weight_3x3_all_V_WSTRB     | out |   64|    m_axi   |     conv_weight_3x3_all_V    |    pointer   |
|m_axi_conv_weight_3x3_all_V_WLAST     | out |    1|    m_axi   |     conv_weight_3x3_all_V    |    pointer   |
|m_axi_conv_weight_3x3_all_V_WID       | out |    1|    m_axi   |     conv_weight_3x3_all_V    |    pointer   |
|m_axi_conv_weight_3x3_all_V_WUSER     | out |    1|    m_axi   |     conv_weight_3x3_all_V    |    pointer   |
|m_axi_conv_weight_3x3_all_V_ARVALID   | out |    1|    m_axi   |     conv_weight_3x3_all_V    |    pointer   |
|m_axi_conv_weight_3x3_all_V_ARREADY   |  in |    1|    m_axi   |     conv_weight_3x3_all_V    |    pointer   |
|m_axi_conv_weight_3x3_all_V_ARADDR    | out |   32|    m_axi   |     conv_weight_3x3_all_V    |    pointer   |
|m_axi_conv_weight_3x3_all_V_ARID      | out |    1|    m_axi   |     conv_weight_3x3_all_V    |    pointer   |
|m_axi_conv_weight_3x3_all_V_ARLEN     | out |   32|    m_axi   |     conv_weight_3x3_all_V    |    pointer   |
|m_axi_conv_weight_3x3_all_V_ARSIZE    | out |    3|    m_axi   |     conv_weight_3x3_all_V    |    pointer   |
|m_axi_conv_weight_3x3_all_V_ARBURST   | out |    2|    m_axi   |     conv_weight_3x3_all_V    |    pointer   |
|m_axi_conv_weight_3x3_all_V_ARLOCK    | out |    2|    m_axi   |     conv_weight_3x3_all_V    |    pointer   |
|m_axi_conv_weight_3x3_all_V_ARCACHE   | out |    4|    m_axi   |     conv_weight_3x3_all_V    |    pointer   |
|m_axi_conv_weight_3x3_all_V_ARPROT    | out |    3|    m_axi   |     conv_weight_3x3_all_V    |    pointer   |
|m_axi_conv_weight_3x3_all_V_ARQOS     | out |    4|    m_axi   |     conv_weight_3x3_all_V    |    pointer   |
|m_axi_conv_weight_3x3_all_V_ARREGION  | out |    4|    m_axi   |     conv_weight_3x3_all_V    |    pointer   |
|m_axi_conv_weight_3x3_all_V_ARUSER    | out |    1|    m_axi   |     conv_weight_3x3_all_V    |    pointer   |
|m_axi_conv_weight_3x3_all_V_RVALID    |  in |    1|    m_axi   |     conv_weight_3x3_all_V    |    pointer   |
|m_axi_conv_weight_3x3_all_V_RREADY    | out |    1|    m_axi   |     conv_weight_3x3_all_V    |    pointer   |
|m_axi_conv_weight_3x3_all_V_RDATA     |  in |  512|    m_axi   |     conv_weight_3x3_all_V    |    pointer   |
|m_axi_conv_weight_3x3_all_V_RLAST     |  in |    1|    m_axi   |     conv_weight_3x3_all_V    |    pointer   |
|m_axi_conv_weight_3x3_all_V_RID       |  in |    1|    m_axi   |     conv_weight_3x3_all_V    |    pointer   |
|m_axi_conv_weight_3x3_all_V_RUSER     |  in |    1|    m_axi   |     conv_weight_3x3_all_V    |    pointer   |
|m_axi_conv_weight_3x3_all_V_RRESP     |  in |    2|    m_axi   |     conv_weight_3x3_all_V    |    pointer   |
|m_axi_conv_weight_3x3_all_V_BVALID    |  in |    1|    m_axi   |     conv_weight_3x3_all_V    |    pointer   |
|m_axi_conv_weight_3x3_all_V_BREADY    | out |    1|    m_axi   |     conv_weight_3x3_all_V    |    pointer   |
|m_axi_conv_weight_3x3_all_V_BRESP     |  in |    2|    m_axi   |     conv_weight_3x3_all_V    |    pointer   |
|m_axi_conv_weight_3x3_all_V_BID       |  in |    1|    m_axi   |     conv_weight_3x3_all_V    |    pointer   |
|m_axi_conv_weight_3x3_all_V_BUSER     |  in |    1|    m_axi   |     conv_weight_3x3_all_V    |    pointer   |
|conv_weight_3x3_all_V_offset          |  in |   26|   ap_none  | conv_weight_3x3_all_V_offset |    scalar    |
|conv3x3_weight_ptr                    |  in |   16|   ap_none  |      conv3x3_weight_ptr      |    scalar    |
|c_out                                 |  in |    6|   ap_none  |             c_out            |    scalar    |
|c_in                                  |  in |    6|   ap_none  |             c_in             |    scalar    |
|in_channels_after_pa                  |  in |    7|   ap_none  |     in_channels_after_pa     |    scalar    |
|weight3x3_tile_buffe_287              | out |   32|   ap_vld   |   weight3x3_tile_buffe_287   |    pointer   |
|weight3x3_tile_buffe_287_ap_vld       | out |    1|   ap_vld   |   weight3x3_tile_buffe_287   |    pointer   |
|weight3x3_tile_buffe_288              | out |   32|   ap_vld   |   weight3x3_tile_buffe_288   |    pointer   |
|weight3x3_tile_buffe_288_ap_vld       | out |    1|   ap_vld   |   weight3x3_tile_buffe_288   |    pointer   |
|weight3x3_tile_buffe_289              | out |   32|   ap_vld   |   weight3x3_tile_buffe_289   |    pointer   |
|weight3x3_tile_buffe_289_ap_vld       | out |    1|   ap_vld   |   weight3x3_tile_buffe_289   |    pointer   |
|weight3x3_tile_buffe_290              | out |   32|   ap_vld   |   weight3x3_tile_buffe_290   |    pointer   |
|weight3x3_tile_buffe_290_ap_vld       | out |    1|   ap_vld   |   weight3x3_tile_buffe_290   |    pointer   |
|weight3x3_tile_buffe_291              | out |   32|   ap_vld   |   weight3x3_tile_buffe_291   |    pointer   |
|weight3x3_tile_buffe_291_ap_vld       | out |    1|   ap_vld   |   weight3x3_tile_buffe_291   |    pointer   |
|weight3x3_tile_buffe_292              | out |   32|   ap_vld   |   weight3x3_tile_buffe_292   |    pointer   |
|weight3x3_tile_buffe_292_ap_vld       | out |    1|   ap_vld   |   weight3x3_tile_buffe_292   |    pointer   |
|weight3x3_tile_buffe_293              | out |   32|   ap_vld   |   weight3x3_tile_buffe_293   |    pointer   |
|weight3x3_tile_buffe_293_ap_vld       | out |    1|   ap_vld   |   weight3x3_tile_buffe_293   |    pointer   |
|weight3x3_tile_buffe_294              | out |   32|   ap_vld   |   weight3x3_tile_buffe_294   |    pointer   |
|weight3x3_tile_buffe_294_ap_vld       | out |    1|   ap_vld   |   weight3x3_tile_buffe_294   |    pointer   |
|weight3x3_tile_buffe_295              | out |   32|   ap_vld   |   weight3x3_tile_buffe_295   |    pointer   |
|weight3x3_tile_buffe_295_ap_vld       | out |    1|   ap_vld   |   weight3x3_tile_buffe_295   |    pointer   |
|weight3x3_tile_buffe_296              | out |   32|   ap_vld   |   weight3x3_tile_buffe_296   |    pointer   |
|weight3x3_tile_buffe_296_ap_vld       | out |    1|   ap_vld   |   weight3x3_tile_buffe_296   |    pointer   |
|weight3x3_tile_buffe_297              | out |   32|   ap_vld   |   weight3x3_tile_buffe_297   |    pointer   |
|weight3x3_tile_buffe_297_ap_vld       | out |    1|   ap_vld   |   weight3x3_tile_buffe_297   |    pointer   |
|weight3x3_tile_buffe_298              | out |   32|   ap_vld   |   weight3x3_tile_buffe_298   |    pointer   |
|weight3x3_tile_buffe_298_ap_vld       | out |    1|   ap_vld   |   weight3x3_tile_buffe_298   |    pointer   |
|weight3x3_tile_buffe_299              | out |   32|   ap_vld   |   weight3x3_tile_buffe_299   |    pointer   |
|weight3x3_tile_buffe_299_ap_vld       | out |    1|   ap_vld   |   weight3x3_tile_buffe_299   |    pointer   |
|weight3x3_tile_buffe_300              | out |   32|   ap_vld   |   weight3x3_tile_buffe_300   |    pointer   |
|weight3x3_tile_buffe_300_ap_vld       | out |    1|   ap_vld   |   weight3x3_tile_buffe_300   |    pointer   |
|weight3x3_tile_buffe_301              | out |   32|   ap_vld   |   weight3x3_tile_buffe_301   |    pointer   |
|weight3x3_tile_buffe_301_ap_vld       | out |    1|   ap_vld   |   weight3x3_tile_buffe_301   |    pointer   |
|weight3x3_tile_buffe_302              | out |   32|   ap_vld   |   weight3x3_tile_buffe_302   |    pointer   |
|weight3x3_tile_buffe_302_ap_vld       | out |    1|   ap_vld   |   weight3x3_tile_buffe_302   |    pointer   |
|weight3x3_tile_buffe_303              | out |   32|   ap_vld   |   weight3x3_tile_buffe_303   |    pointer   |
|weight3x3_tile_buffe_303_ap_vld       | out |    1|   ap_vld   |   weight3x3_tile_buffe_303   |    pointer   |
|weight3x3_tile_buffe_304              | out |   32|   ap_vld   |   weight3x3_tile_buffe_304   |    pointer   |
|weight3x3_tile_buffe_304_ap_vld       | out |    1|   ap_vld   |   weight3x3_tile_buffe_304   |    pointer   |
|weight3x3_tile_buffe_395              | out |   32|   ap_vld   |   weight3x3_tile_buffe_395   |    pointer   |
|weight3x3_tile_buffe_395_ap_vld       | out |    1|   ap_vld   |   weight3x3_tile_buffe_395   |    pointer   |
|weight3x3_tile_buffe_396              | out |   32|   ap_vld   |   weight3x3_tile_buffe_396   |    pointer   |
|weight3x3_tile_buffe_396_ap_vld       | out |    1|   ap_vld   |   weight3x3_tile_buffe_396   |    pointer   |
|weight3x3_tile_buffe_397              | out |   32|   ap_vld   |   weight3x3_tile_buffe_397   |    pointer   |
|weight3x3_tile_buffe_397_ap_vld       | out |    1|   ap_vld   |   weight3x3_tile_buffe_397   |    pointer   |
|weight3x3_tile_buffe_398              | out |   32|   ap_vld   |   weight3x3_tile_buffe_398   |    pointer   |
|weight3x3_tile_buffe_398_ap_vld       | out |    1|   ap_vld   |   weight3x3_tile_buffe_398   |    pointer   |
|weight3x3_tile_buffe_399              | out |   32|   ap_vld   |   weight3x3_tile_buffe_399   |    pointer   |
|weight3x3_tile_buffe_399_ap_vld       | out |    1|   ap_vld   |   weight3x3_tile_buffe_399   |    pointer   |
|weight3x3_tile_buffe_400              | out |   32|   ap_vld   |   weight3x3_tile_buffe_400   |    pointer   |
|weight3x3_tile_buffe_400_ap_vld       | out |    1|   ap_vld   |   weight3x3_tile_buffe_400   |    pointer   |
|weight3x3_tile_buffe_401              | out |   32|   ap_vld   |   weight3x3_tile_buffe_401   |    pointer   |
|weight3x3_tile_buffe_401_ap_vld       | out |    1|   ap_vld   |   weight3x3_tile_buffe_401   |    pointer   |
|weight3x3_tile_buffe_402              | out |   32|   ap_vld   |   weight3x3_tile_buffe_402   |    pointer   |
|weight3x3_tile_buffe_402_ap_vld       | out |    1|   ap_vld   |   weight3x3_tile_buffe_402   |    pointer   |
|weight3x3_tile_buffe_403              | out |   32|   ap_vld   |   weight3x3_tile_buffe_403   |    pointer   |
|weight3x3_tile_buffe_403_ap_vld       | out |    1|   ap_vld   |   weight3x3_tile_buffe_403   |    pointer   |
|weight3x3_tile_buffe_80               | out |   32|   ap_vld   |    weight3x3_tile_buffe_80   |    pointer   |
|weight3x3_tile_buffe_80_ap_vld        | out |    1|   ap_vld   |    weight3x3_tile_buffe_80   |    pointer   |
|weight3x3_tile_buffe_79               | out |   32|   ap_vld   |    weight3x3_tile_buffe_79   |    pointer   |
|weight3x3_tile_buffe_79_ap_vld        | out |    1|   ap_vld   |    weight3x3_tile_buffe_79   |    pointer   |
|weight3x3_tile_buffe_78               | out |   32|   ap_vld   |    weight3x3_tile_buffe_78   |    pointer   |
|weight3x3_tile_buffe_78_ap_vld        | out |    1|   ap_vld   |    weight3x3_tile_buffe_78   |    pointer   |
|weight3x3_tile_buffe_77               | out |   32|   ap_vld   |    weight3x3_tile_buffe_77   |    pointer   |
|weight3x3_tile_buffe_77_ap_vld        | out |    1|   ap_vld   |    weight3x3_tile_buffe_77   |    pointer   |
|weight3x3_tile_buffe_76               | out |   32|   ap_vld   |    weight3x3_tile_buffe_76   |    pointer   |
|weight3x3_tile_buffe_76_ap_vld        | out |    1|   ap_vld   |    weight3x3_tile_buffe_76   |    pointer   |
|weight3x3_tile_buffe_75               | out |   32|   ap_vld   |    weight3x3_tile_buffe_75   |    pointer   |
|weight3x3_tile_buffe_75_ap_vld        | out |    1|   ap_vld   |    weight3x3_tile_buffe_75   |    pointer   |
|weight3x3_tile_buffe_74               | out |   32|   ap_vld   |    weight3x3_tile_buffe_74   |    pointer   |
|weight3x3_tile_buffe_74_ap_vld        | out |    1|   ap_vld   |    weight3x3_tile_buffe_74   |    pointer   |
|weight3x3_tile_buffe_73               | out |   32|   ap_vld   |    weight3x3_tile_buffe_73   |    pointer   |
|weight3x3_tile_buffe_73_ap_vld        | out |    1|   ap_vld   |    weight3x3_tile_buffe_73   |    pointer   |
|weight3x3_tile_buffe_72               | out |   32|   ap_vld   |    weight3x3_tile_buffe_72   |    pointer   |
|weight3x3_tile_buffe_72_ap_vld        | out |    1|   ap_vld   |    weight3x3_tile_buffe_72   |    pointer   |
|weight3x3_tile_buffe_53               | out |   32|   ap_vld   |    weight3x3_tile_buffe_53   |    pointer   |
|weight3x3_tile_buffe_53_ap_vld        | out |    1|   ap_vld   |    weight3x3_tile_buffe_53   |    pointer   |
|weight3x3_tile_buffe_52               | out |   32|   ap_vld   |    weight3x3_tile_buffe_52   |    pointer   |
|weight3x3_tile_buffe_52_ap_vld        | out |    1|   ap_vld   |    weight3x3_tile_buffe_52   |    pointer   |
|weight3x3_tile_buffe_51               | out |   32|   ap_vld   |    weight3x3_tile_buffe_51   |    pointer   |
|weight3x3_tile_buffe_51_ap_vld        | out |    1|   ap_vld   |    weight3x3_tile_buffe_51   |    pointer   |
|weight3x3_tile_buffe_50               | out |   32|   ap_vld   |    weight3x3_tile_buffe_50   |    pointer   |
|weight3x3_tile_buffe_50_ap_vld        | out |    1|   ap_vld   |    weight3x3_tile_buffe_50   |    pointer   |
|weight3x3_tile_buffe_49               | out |   32|   ap_vld   |    weight3x3_tile_buffe_49   |    pointer   |
|weight3x3_tile_buffe_49_ap_vld        | out |    1|   ap_vld   |    weight3x3_tile_buffe_49   |    pointer   |
|weight3x3_tile_buffe_48               | out |   32|   ap_vld   |    weight3x3_tile_buffe_48   |    pointer   |
|weight3x3_tile_buffe_48_ap_vld        | out |    1|   ap_vld   |    weight3x3_tile_buffe_48   |    pointer   |
|weight3x3_tile_buffe_47               | out |   32|   ap_vld   |    weight3x3_tile_buffe_47   |    pointer   |
|weight3x3_tile_buffe_47_ap_vld        | out |    1|   ap_vld   |    weight3x3_tile_buffe_47   |    pointer   |
|weight3x3_tile_buffe_46               | out |   32|   ap_vld   |    weight3x3_tile_buffe_46   |    pointer   |
|weight3x3_tile_buffe_46_ap_vld        | out |    1|   ap_vld   |    weight3x3_tile_buffe_46   |    pointer   |
|weight3x3_tile_buffe_45               | out |   32|   ap_vld   |    weight3x3_tile_buffe_45   |    pointer   |
|weight3x3_tile_buffe_45_ap_vld        | out |    1|   ap_vld   |    weight3x3_tile_buffe_45   |    pointer   |
|weight3x3_tile_buffe_44               | out |   32|   ap_vld   |    weight3x3_tile_buffe_44   |    pointer   |
|weight3x3_tile_buffe_44_ap_vld        | out |    1|   ap_vld   |    weight3x3_tile_buffe_44   |    pointer   |
|weight3x3_tile_buffe_43               | out |   32|   ap_vld   |    weight3x3_tile_buffe_43   |    pointer   |
|weight3x3_tile_buffe_43_ap_vld        | out |    1|   ap_vld   |    weight3x3_tile_buffe_43   |    pointer   |
|weight3x3_tile_buffe_42               | out |   32|   ap_vld   |    weight3x3_tile_buffe_42   |    pointer   |
|weight3x3_tile_buffe_42_ap_vld        | out |    1|   ap_vld   |    weight3x3_tile_buffe_42   |    pointer   |
|weight3x3_tile_buffe_41               | out |   32|   ap_vld   |    weight3x3_tile_buffe_41   |    pointer   |
|weight3x3_tile_buffe_41_ap_vld        | out |    1|   ap_vld   |    weight3x3_tile_buffe_41   |    pointer   |
|weight3x3_tile_buffe_40               | out |   32|   ap_vld   |    weight3x3_tile_buffe_40   |    pointer   |
|weight3x3_tile_buffe_40_ap_vld        | out |    1|   ap_vld   |    weight3x3_tile_buffe_40   |    pointer   |
|weight3x3_tile_buffe_39               | out |   32|   ap_vld   |    weight3x3_tile_buffe_39   |    pointer   |
|weight3x3_tile_buffe_39_ap_vld        | out |    1|   ap_vld   |    weight3x3_tile_buffe_39   |    pointer   |
|weight3x3_tile_buffe_38               | out |   32|   ap_vld   |    weight3x3_tile_buffe_38   |    pointer   |
|weight3x3_tile_buffe_38_ap_vld        | out |    1|   ap_vld   |    weight3x3_tile_buffe_38   |    pointer   |
|weight3x3_tile_buffe_37               | out |   32|   ap_vld   |    weight3x3_tile_buffe_37   |    pointer   |
|weight3x3_tile_buffe_37_ap_vld        | out |    1|   ap_vld   |    weight3x3_tile_buffe_37   |    pointer   |
|weight3x3_tile_buffe_36               | out |   32|   ap_vld   |    weight3x3_tile_buffe_36   |    pointer   |
|weight3x3_tile_buffe_36_ap_vld        | out |    1|   ap_vld   |    weight3x3_tile_buffe_36   |    pointer   |
|weight3x3_tile_buffe_35               | out |   32|   ap_vld   |    weight3x3_tile_buffe_35   |    pointer   |
|weight3x3_tile_buffe_35_ap_vld        | out |    1|   ap_vld   |    weight3x3_tile_buffe_35   |    pointer   |
|weight3x3_tile_buffe_34               | out |   32|   ap_vld   |    weight3x3_tile_buffe_34   |    pointer   |
|weight3x3_tile_buffe_34_ap_vld        | out |    1|   ap_vld   |    weight3x3_tile_buffe_34   |    pointer   |
|weight3x3_tile_buffe_33               | out |   32|   ap_vld   |    weight3x3_tile_buffe_33   |    pointer   |
|weight3x3_tile_buffe_33_ap_vld        | out |    1|   ap_vld   |    weight3x3_tile_buffe_33   |    pointer   |
|weight3x3_tile_buffe_32               | out |   32|   ap_vld   |    weight3x3_tile_buffe_32   |    pointer   |
|weight3x3_tile_buffe_32_ap_vld        | out |    1|   ap_vld   |    weight3x3_tile_buffe_32   |    pointer   |
|weight3x3_tile_buffe_31               | out |   32|   ap_vld   |    weight3x3_tile_buffe_31   |    pointer   |
|weight3x3_tile_buffe_31_ap_vld        | out |    1|   ap_vld   |    weight3x3_tile_buffe_31   |    pointer   |
|weight3x3_tile_buffe_30               | out |   32|   ap_vld   |    weight3x3_tile_buffe_30   |    pointer   |
|weight3x3_tile_buffe_30_ap_vld        | out |    1|   ap_vld   |    weight3x3_tile_buffe_30   |    pointer   |
|weight3x3_tile_buffe_29               | out |   32|   ap_vld   |    weight3x3_tile_buffe_29   |    pointer   |
|weight3x3_tile_buffe_29_ap_vld        | out |    1|   ap_vld   |    weight3x3_tile_buffe_29   |    pointer   |
|weight3x3_tile_buffe_28               | out |   32|   ap_vld   |    weight3x3_tile_buffe_28   |    pointer   |
|weight3x3_tile_buffe_28_ap_vld        | out |    1|   ap_vld   |    weight3x3_tile_buffe_28   |    pointer   |
|weight3x3_tile_buffe_27               | out |   32|   ap_vld   |    weight3x3_tile_buffe_27   |    pointer   |
|weight3x3_tile_buffe_27_ap_vld        | out |    1|   ap_vld   |    weight3x3_tile_buffe_27   |    pointer   |
|weight3x3_tile_buffe_26               | out |   32|   ap_vld   |    weight3x3_tile_buffe_26   |    pointer   |
|weight3x3_tile_buffe_26_ap_vld        | out |    1|   ap_vld   |    weight3x3_tile_buffe_26   |    pointer   |
|weight3x3_tile_buffe_25               | out |   32|   ap_vld   |    weight3x3_tile_buffe_25   |    pointer   |
|weight3x3_tile_buffe_25_ap_vld        | out |    1|   ap_vld   |    weight3x3_tile_buffe_25   |    pointer   |
|weight3x3_tile_buffe_24               | out |   32|   ap_vld   |    weight3x3_tile_buffe_24   |    pointer   |
|weight3x3_tile_buffe_24_ap_vld        | out |    1|   ap_vld   |    weight3x3_tile_buffe_24   |    pointer   |
|weight3x3_tile_buffe_23               | out |   32|   ap_vld   |    weight3x3_tile_buffe_23   |    pointer   |
|weight3x3_tile_buffe_23_ap_vld        | out |    1|   ap_vld   |    weight3x3_tile_buffe_23   |    pointer   |
|weight3x3_tile_buffe_22               | out |   32|   ap_vld   |    weight3x3_tile_buffe_22   |    pointer   |
|weight3x3_tile_buffe_22_ap_vld        | out |    1|   ap_vld   |    weight3x3_tile_buffe_22   |    pointer   |
|weight3x3_tile_buffe_21               | out |   32|   ap_vld   |    weight3x3_tile_buffe_21   |    pointer   |
|weight3x3_tile_buffe_21_ap_vld        | out |    1|   ap_vld   |    weight3x3_tile_buffe_21   |    pointer   |
|weight3x3_tile_buffe_20               | out |   32|   ap_vld   |    weight3x3_tile_buffe_20   |    pointer   |
|weight3x3_tile_buffe_20_ap_vld        | out |    1|   ap_vld   |    weight3x3_tile_buffe_20   |    pointer   |
|weight3x3_tile_buffe_19               | out |   32|   ap_vld   |    weight3x3_tile_buffe_19   |    pointer   |
|weight3x3_tile_buffe_19_ap_vld        | out |    1|   ap_vld   |    weight3x3_tile_buffe_19   |    pointer   |
|weight3x3_tile_buffe_18               | out |   32|   ap_vld   |    weight3x3_tile_buffe_18   |    pointer   |
|weight3x3_tile_buffe_18_ap_vld        | out |    1|   ap_vld   |    weight3x3_tile_buffe_18   |    pointer   |
|weight3x3_tile_buffe_17               | out |   32|   ap_vld   |    weight3x3_tile_buffe_17   |    pointer   |
|weight3x3_tile_buffe_17_ap_vld        | out |    1|   ap_vld   |    weight3x3_tile_buffe_17   |    pointer   |
|weight3x3_tile_buffe_16               | out |   32|   ap_vld   |    weight3x3_tile_buffe_16   |    pointer   |
|weight3x3_tile_buffe_16_ap_vld        | out |    1|   ap_vld   |    weight3x3_tile_buffe_16   |    pointer   |
|weight3x3_tile_buffe_15               | out |   32|   ap_vld   |    weight3x3_tile_buffe_15   |    pointer   |
|weight3x3_tile_buffe_15_ap_vld        | out |    1|   ap_vld   |    weight3x3_tile_buffe_15   |    pointer   |
|weight3x3_tile_buffe_14               | out |   32|   ap_vld   |    weight3x3_tile_buffe_14   |    pointer   |
|weight3x3_tile_buffe_14_ap_vld        | out |    1|   ap_vld   |    weight3x3_tile_buffe_14   |    pointer   |
|weight3x3_tile_buffe_13               | out |   32|   ap_vld   |    weight3x3_tile_buffe_13   |    pointer   |
|weight3x3_tile_buffe_13_ap_vld        | out |    1|   ap_vld   |    weight3x3_tile_buffe_13   |    pointer   |
|weight3x3_tile_buffe_12               | out |   32|   ap_vld   |    weight3x3_tile_buffe_12   |    pointer   |
|weight3x3_tile_buffe_12_ap_vld        | out |    1|   ap_vld   |    weight3x3_tile_buffe_12   |    pointer   |
|weight3x3_tile_buffe_11               | out |   32|   ap_vld   |    weight3x3_tile_buffe_11   |    pointer   |
|weight3x3_tile_buffe_11_ap_vld        | out |    1|   ap_vld   |    weight3x3_tile_buffe_11   |    pointer   |
|weight3x3_tile_buffe_10               | out |   32|   ap_vld   |    weight3x3_tile_buffe_10   |    pointer   |
|weight3x3_tile_buffe_10_ap_vld        | out |    1|   ap_vld   |    weight3x3_tile_buffe_10   |    pointer   |
|weight3x3_tile_buffe_9                | out |   32|   ap_vld   |    weight3x3_tile_buffe_9    |    pointer   |
|weight3x3_tile_buffe_9_ap_vld         | out |    1|   ap_vld   |    weight3x3_tile_buffe_9    |    pointer   |
|weight3x3_tile_buffe_8                | out |   32|   ap_vld   |    weight3x3_tile_buffe_8    |    pointer   |
|weight3x3_tile_buffe_8_ap_vld         | out |    1|   ap_vld   |    weight3x3_tile_buffe_8    |    pointer   |
|weight3x3_tile_buffe_7                | out |   32|   ap_vld   |    weight3x3_tile_buffe_7    |    pointer   |
|weight3x3_tile_buffe_7_ap_vld         | out |    1|   ap_vld   |    weight3x3_tile_buffe_7    |    pointer   |
|weight3x3_tile_buffe_6                | out |   32|   ap_vld   |    weight3x3_tile_buffe_6    |    pointer   |
|weight3x3_tile_buffe_6_ap_vld         | out |    1|   ap_vld   |    weight3x3_tile_buffe_6    |    pointer   |
|weight3x3_tile_buffe_5                | out |   32|   ap_vld   |    weight3x3_tile_buffe_5    |    pointer   |
|weight3x3_tile_buffe_5_ap_vld         | out |    1|   ap_vld   |    weight3x3_tile_buffe_5    |    pointer   |
|weight3x3_tile_buffe_4                | out |   32|   ap_vld   |    weight3x3_tile_buffe_4    |    pointer   |
|weight3x3_tile_buffe_4_ap_vld         | out |    1|   ap_vld   |    weight3x3_tile_buffe_4    |    pointer   |
|weight3x3_tile_buffe_3                | out |   32|   ap_vld   |    weight3x3_tile_buffe_3    |    pointer   |
|weight3x3_tile_buffe_3_ap_vld         | out |    1|   ap_vld   |    weight3x3_tile_buffe_3    |    pointer   |
|weight3x3_tile_buffe_2                | out |   32|   ap_vld   |    weight3x3_tile_buffe_2    |    pointer   |
|weight3x3_tile_buffe_2_ap_vld         | out |    1|   ap_vld   |    weight3x3_tile_buffe_2    |    pointer   |
|weight3x3_tile_buffe_1                | out |   32|   ap_vld   |    weight3x3_tile_buffe_1    |    pointer   |
|weight3x3_tile_buffe_1_ap_vld         | out |    1|   ap_vld   |    weight3x3_tile_buffe_1    |    pointer   |
|weight3x3_tile_buffe                  | out |   32|   ap_vld   |     weight3x3_tile_buffe     |    pointer   |
|weight3x3_tile_buffe_ap_vld           | out |    1|   ap_vld   |     weight3x3_tile_buffe     |    pointer   |
|weight3x3_tile_buffe_305              | out |   32|   ap_vld   |   weight3x3_tile_buffe_305   |    pointer   |
|weight3x3_tile_buffe_305_ap_vld       | out |    1|   ap_vld   |   weight3x3_tile_buffe_305   |    pointer   |
|weight3x3_tile_buffe_306              | out |   32|   ap_vld   |   weight3x3_tile_buffe_306   |    pointer   |
|weight3x3_tile_buffe_306_ap_vld       | out |    1|   ap_vld   |   weight3x3_tile_buffe_306   |    pointer   |
|weight3x3_tile_buffe_307              | out |   32|   ap_vld   |   weight3x3_tile_buffe_307   |    pointer   |
|weight3x3_tile_buffe_307_ap_vld       | out |    1|   ap_vld   |   weight3x3_tile_buffe_307   |    pointer   |
|weight3x3_tile_buffe_308              | out |   32|   ap_vld   |   weight3x3_tile_buffe_308   |    pointer   |
|weight3x3_tile_buffe_308_ap_vld       | out |    1|   ap_vld   |   weight3x3_tile_buffe_308   |    pointer   |
|weight3x3_tile_buffe_309              | out |   32|   ap_vld   |   weight3x3_tile_buffe_309   |    pointer   |
|weight3x3_tile_buffe_309_ap_vld       | out |    1|   ap_vld   |   weight3x3_tile_buffe_309   |    pointer   |
|weight3x3_tile_buffe_310              | out |   32|   ap_vld   |   weight3x3_tile_buffe_310   |    pointer   |
|weight3x3_tile_buffe_310_ap_vld       | out |    1|   ap_vld   |   weight3x3_tile_buffe_310   |    pointer   |
|weight3x3_tile_buffe_311              | out |   32|   ap_vld   |   weight3x3_tile_buffe_311   |    pointer   |
|weight3x3_tile_buffe_311_ap_vld       | out |    1|   ap_vld   |   weight3x3_tile_buffe_311   |    pointer   |
|weight3x3_tile_buffe_312              | out |   32|   ap_vld   |   weight3x3_tile_buffe_312   |    pointer   |
|weight3x3_tile_buffe_312_ap_vld       | out |    1|   ap_vld   |   weight3x3_tile_buffe_312   |    pointer   |
|weight3x3_tile_buffe_313              | out |   32|   ap_vld   |   weight3x3_tile_buffe_313   |    pointer   |
|weight3x3_tile_buffe_313_ap_vld       | out |    1|   ap_vld   |   weight3x3_tile_buffe_313   |    pointer   |
|weight3x3_tile_buffe_314              | out |   32|   ap_vld   |   weight3x3_tile_buffe_314   |    pointer   |
|weight3x3_tile_buffe_314_ap_vld       | out |    1|   ap_vld   |   weight3x3_tile_buffe_314   |    pointer   |
|weight3x3_tile_buffe_315              | out |   32|   ap_vld   |   weight3x3_tile_buffe_315   |    pointer   |
|weight3x3_tile_buffe_315_ap_vld       | out |    1|   ap_vld   |   weight3x3_tile_buffe_315   |    pointer   |
|weight3x3_tile_buffe_316              | out |   32|   ap_vld   |   weight3x3_tile_buffe_316   |    pointer   |
|weight3x3_tile_buffe_316_ap_vld       | out |    1|   ap_vld   |   weight3x3_tile_buffe_316   |    pointer   |
|weight3x3_tile_buffe_317              | out |   32|   ap_vld   |   weight3x3_tile_buffe_317   |    pointer   |
|weight3x3_tile_buffe_317_ap_vld       | out |    1|   ap_vld   |   weight3x3_tile_buffe_317   |    pointer   |
|weight3x3_tile_buffe_318              | out |   32|   ap_vld   |   weight3x3_tile_buffe_318   |    pointer   |
|weight3x3_tile_buffe_318_ap_vld       | out |    1|   ap_vld   |   weight3x3_tile_buffe_318   |    pointer   |
|weight3x3_tile_buffe_319              | out |   32|   ap_vld   |   weight3x3_tile_buffe_319   |    pointer   |
|weight3x3_tile_buffe_319_ap_vld       | out |    1|   ap_vld   |   weight3x3_tile_buffe_319   |    pointer   |
|weight3x3_tile_buffe_320              | out |   32|   ap_vld   |   weight3x3_tile_buffe_320   |    pointer   |
|weight3x3_tile_buffe_320_ap_vld       | out |    1|   ap_vld   |   weight3x3_tile_buffe_320   |    pointer   |
|weight3x3_tile_buffe_321              | out |   32|   ap_vld   |   weight3x3_tile_buffe_321   |    pointer   |
|weight3x3_tile_buffe_321_ap_vld       | out |    1|   ap_vld   |   weight3x3_tile_buffe_321   |    pointer   |
|weight3x3_tile_buffe_322              | out |   32|   ap_vld   |   weight3x3_tile_buffe_322   |    pointer   |
|weight3x3_tile_buffe_322_ap_vld       | out |    1|   ap_vld   |   weight3x3_tile_buffe_322   |    pointer   |
|weight3x3_tile_buffe_323              | out |   32|   ap_vld   |   weight3x3_tile_buffe_323   |    pointer   |
|weight3x3_tile_buffe_323_ap_vld       | out |    1|   ap_vld   |   weight3x3_tile_buffe_323   |    pointer   |
|weight3x3_tile_buffe_324              | out |   32|   ap_vld   |   weight3x3_tile_buffe_324   |    pointer   |
|weight3x3_tile_buffe_324_ap_vld       | out |    1|   ap_vld   |   weight3x3_tile_buffe_324   |    pointer   |
|weight3x3_tile_buffe_325              | out |   32|   ap_vld   |   weight3x3_tile_buffe_325   |    pointer   |
|weight3x3_tile_buffe_325_ap_vld       | out |    1|   ap_vld   |   weight3x3_tile_buffe_325   |    pointer   |
|weight3x3_tile_buffe_326              | out |   32|   ap_vld   |   weight3x3_tile_buffe_326   |    pointer   |
|weight3x3_tile_buffe_326_ap_vld       | out |    1|   ap_vld   |   weight3x3_tile_buffe_326   |    pointer   |
|weight3x3_tile_buffe_327              | out |   32|   ap_vld   |   weight3x3_tile_buffe_327   |    pointer   |
|weight3x3_tile_buffe_327_ap_vld       | out |    1|   ap_vld   |   weight3x3_tile_buffe_327   |    pointer   |
|weight3x3_tile_buffe_328              | out |   32|   ap_vld   |   weight3x3_tile_buffe_328   |    pointer   |
|weight3x3_tile_buffe_328_ap_vld       | out |    1|   ap_vld   |   weight3x3_tile_buffe_328   |    pointer   |
|weight3x3_tile_buffe_329              | out |   32|   ap_vld   |   weight3x3_tile_buffe_329   |    pointer   |
|weight3x3_tile_buffe_329_ap_vld       | out |    1|   ap_vld   |   weight3x3_tile_buffe_329   |    pointer   |
|weight3x3_tile_buffe_330              | out |   32|   ap_vld   |   weight3x3_tile_buffe_330   |    pointer   |
|weight3x3_tile_buffe_330_ap_vld       | out |    1|   ap_vld   |   weight3x3_tile_buffe_330   |    pointer   |
|weight3x3_tile_buffe_331              | out |   32|   ap_vld   |   weight3x3_tile_buffe_331   |    pointer   |
|weight3x3_tile_buffe_331_ap_vld       | out |    1|   ap_vld   |   weight3x3_tile_buffe_331   |    pointer   |
|weight3x3_tile_buffe_332              | out |   32|   ap_vld   |   weight3x3_tile_buffe_332   |    pointer   |
|weight3x3_tile_buffe_332_ap_vld       | out |    1|   ap_vld   |   weight3x3_tile_buffe_332   |    pointer   |
|weight3x3_tile_buffe_333              | out |   32|   ap_vld   |   weight3x3_tile_buffe_333   |    pointer   |
|weight3x3_tile_buffe_333_ap_vld       | out |    1|   ap_vld   |   weight3x3_tile_buffe_333   |    pointer   |
|weight3x3_tile_buffe_334              | out |   32|   ap_vld   |   weight3x3_tile_buffe_334   |    pointer   |
|weight3x3_tile_buffe_334_ap_vld       | out |    1|   ap_vld   |   weight3x3_tile_buffe_334   |    pointer   |
|weight3x3_tile_buffe_335              | out |   32|   ap_vld   |   weight3x3_tile_buffe_335   |    pointer   |
|weight3x3_tile_buffe_335_ap_vld       | out |    1|   ap_vld   |   weight3x3_tile_buffe_335   |    pointer   |
|weight3x3_tile_buffe_336              | out |   32|   ap_vld   |   weight3x3_tile_buffe_336   |    pointer   |
|weight3x3_tile_buffe_336_ap_vld       | out |    1|   ap_vld   |   weight3x3_tile_buffe_336   |    pointer   |
|weight3x3_tile_buffe_337              | out |   32|   ap_vld   |   weight3x3_tile_buffe_337   |    pointer   |
|weight3x3_tile_buffe_337_ap_vld       | out |    1|   ap_vld   |   weight3x3_tile_buffe_337   |    pointer   |
|weight3x3_tile_buffe_338              | out |   32|   ap_vld   |   weight3x3_tile_buffe_338   |    pointer   |
|weight3x3_tile_buffe_338_ap_vld       | out |    1|   ap_vld   |   weight3x3_tile_buffe_338   |    pointer   |
|weight3x3_tile_buffe_339              | out |   32|   ap_vld   |   weight3x3_tile_buffe_339   |    pointer   |
|weight3x3_tile_buffe_339_ap_vld       | out |    1|   ap_vld   |   weight3x3_tile_buffe_339   |    pointer   |
|weight3x3_tile_buffe_340              | out |   32|   ap_vld   |   weight3x3_tile_buffe_340   |    pointer   |
|weight3x3_tile_buffe_340_ap_vld       | out |    1|   ap_vld   |   weight3x3_tile_buffe_340   |    pointer   |
|weight3x3_tile_buffe_341              | out |   32|   ap_vld   |   weight3x3_tile_buffe_341   |    pointer   |
|weight3x3_tile_buffe_341_ap_vld       | out |    1|   ap_vld   |   weight3x3_tile_buffe_341   |    pointer   |
|weight3x3_tile_buffe_342              | out |   32|   ap_vld   |   weight3x3_tile_buffe_342   |    pointer   |
|weight3x3_tile_buffe_342_ap_vld       | out |    1|   ap_vld   |   weight3x3_tile_buffe_342   |    pointer   |
|weight3x3_tile_buffe_343              | out |   32|   ap_vld   |   weight3x3_tile_buffe_343   |    pointer   |
|weight3x3_tile_buffe_343_ap_vld       | out |    1|   ap_vld   |   weight3x3_tile_buffe_343   |    pointer   |
|weight3x3_tile_buffe_344              | out |   32|   ap_vld   |   weight3x3_tile_buffe_344   |    pointer   |
|weight3x3_tile_buffe_344_ap_vld       | out |    1|   ap_vld   |   weight3x3_tile_buffe_344   |    pointer   |
|weight3x3_tile_buffe_345              | out |   32|   ap_vld   |   weight3x3_tile_buffe_345   |    pointer   |
|weight3x3_tile_buffe_345_ap_vld       | out |    1|   ap_vld   |   weight3x3_tile_buffe_345   |    pointer   |
|weight3x3_tile_buffe_346              | out |   32|   ap_vld   |   weight3x3_tile_buffe_346   |    pointer   |
|weight3x3_tile_buffe_346_ap_vld       | out |    1|   ap_vld   |   weight3x3_tile_buffe_346   |    pointer   |
|weight3x3_tile_buffe_347              | out |   32|   ap_vld   |   weight3x3_tile_buffe_347   |    pointer   |
|weight3x3_tile_buffe_347_ap_vld       | out |    1|   ap_vld   |   weight3x3_tile_buffe_347   |    pointer   |
|weight3x3_tile_buffe_348              | out |   32|   ap_vld   |   weight3x3_tile_buffe_348   |    pointer   |
|weight3x3_tile_buffe_348_ap_vld       | out |    1|   ap_vld   |   weight3x3_tile_buffe_348   |    pointer   |
|weight3x3_tile_buffe_349              | out |   32|   ap_vld   |   weight3x3_tile_buffe_349   |    pointer   |
|weight3x3_tile_buffe_349_ap_vld       | out |    1|   ap_vld   |   weight3x3_tile_buffe_349   |    pointer   |
|weight3x3_tile_buffe_350              | out |   32|   ap_vld   |   weight3x3_tile_buffe_350   |    pointer   |
|weight3x3_tile_buffe_350_ap_vld       | out |    1|   ap_vld   |   weight3x3_tile_buffe_350   |    pointer   |
|weight3x3_tile_buffe_351              | out |   32|   ap_vld   |   weight3x3_tile_buffe_351   |    pointer   |
|weight3x3_tile_buffe_351_ap_vld       | out |    1|   ap_vld   |   weight3x3_tile_buffe_351   |    pointer   |
|weight3x3_tile_buffe_352              | out |   32|   ap_vld   |   weight3x3_tile_buffe_352   |    pointer   |
|weight3x3_tile_buffe_352_ap_vld       | out |    1|   ap_vld   |   weight3x3_tile_buffe_352   |    pointer   |
|weight3x3_tile_buffe_353              | out |   32|   ap_vld   |   weight3x3_tile_buffe_353   |    pointer   |
|weight3x3_tile_buffe_353_ap_vld       | out |    1|   ap_vld   |   weight3x3_tile_buffe_353   |    pointer   |
|weight3x3_tile_buffe_354              | out |   32|   ap_vld   |   weight3x3_tile_buffe_354   |    pointer   |
|weight3x3_tile_buffe_354_ap_vld       | out |    1|   ap_vld   |   weight3x3_tile_buffe_354   |    pointer   |
|weight3x3_tile_buffe_355              | out |   32|   ap_vld   |   weight3x3_tile_buffe_355   |    pointer   |
|weight3x3_tile_buffe_355_ap_vld       | out |    1|   ap_vld   |   weight3x3_tile_buffe_355   |    pointer   |
|weight3x3_tile_buffe_356              | out |   32|   ap_vld   |   weight3x3_tile_buffe_356   |    pointer   |
|weight3x3_tile_buffe_356_ap_vld       | out |    1|   ap_vld   |   weight3x3_tile_buffe_356   |    pointer   |
|weight3x3_tile_buffe_357              | out |   32|   ap_vld   |   weight3x3_tile_buffe_357   |    pointer   |
|weight3x3_tile_buffe_357_ap_vld       | out |    1|   ap_vld   |   weight3x3_tile_buffe_357   |    pointer   |
|weight3x3_tile_buffe_358              | out |   32|   ap_vld   |   weight3x3_tile_buffe_358   |    pointer   |
|weight3x3_tile_buffe_358_ap_vld       | out |    1|   ap_vld   |   weight3x3_tile_buffe_358   |    pointer   |
|weight3x3_tile_buffe_359              | out |   32|   ap_vld   |   weight3x3_tile_buffe_359   |    pointer   |
|weight3x3_tile_buffe_359_ap_vld       | out |    1|   ap_vld   |   weight3x3_tile_buffe_359   |    pointer   |
|weight3x3_tile_buffe_360              | out |   32|   ap_vld   |   weight3x3_tile_buffe_360   |    pointer   |
|weight3x3_tile_buffe_360_ap_vld       | out |    1|   ap_vld   |   weight3x3_tile_buffe_360   |    pointer   |
|weight3x3_tile_buffe_361              | out |   32|   ap_vld   |   weight3x3_tile_buffe_361   |    pointer   |
|weight3x3_tile_buffe_361_ap_vld       | out |    1|   ap_vld   |   weight3x3_tile_buffe_361   |    pointer   |
|weight3x3_tile_buffe_362              | out |   32|   ap_vld   |   weight3x3_tile_buffe_362   |    pointer   |
|weight3x3_tile_buffe_362_ap_vld       | out |    1|   ap_vld   |   weight3x3_tile_buffe_362   |    pointer   |
|weight3x3_tile_buffe_363              | out |   32|   ap_vld   |   weight3x3_tile_buffe_363   |    pointer   |
|weight3x3_tile_buffe_363_ap_vld       | out |    1|   ap_vld   |   weight3x3_tile_buffe_363   |    pointer   |
|weight3x3_tile_buffe_364              | out |   32|   ap_vld   |   weight3x3_tile_buffe_364   |    pointer   |
|weight3x3_tile_buffe_364_ap_vld       | out |    1|   ap_vld   |   weight3x3_tile_buffe_364   |    pointer   |
|weight3x3_tile_buffe_365              | out |   32|   ap_vld   |   weight3x3_tile_buffe_365   |    pointer   |
|weight3x3_tile_buffe_365_ap_vld       | out |    1|   ap_vld   |   weight3x3_tile_buffe_365   |    pointer   |
|weight3x3_tile_buffe_366              | out |   32|   ap_vld   |   weight3x3_tile_buffe_366   |    pointer   |
|weight3x3_tile_buffe_366_ap_vld       | out |    1|   ap_vld   |   weight3x3_tile_buffe_366   |    pointer   |
|weight3x3_tile_buffe_367              | out |   32|   ap_vld   |   weight3x3_tile_buffe_367   |    pointer   |
|weight3x3_tile_buffe_367_ap_vld       | out |    1|   ap_vld   |   weight3x3_tile_buffe_367   |    pointer   |
|weight3x3_tile_buffe_368              | out |   32|   ap_vld   |   weight3x3_tile_buffe_368   |    pointer   |
|weight3x3_tile_buffe_368_ap_vld       | out |    1|   ap_vld   |   weight3x3_tile_buffe_368   |    pointer   |
|weight3x3_tile_buffe_369              | out |   32|   ap_vld   |   weight3x3_tile_buffe_369   |    pointer   |
|weight3x3_tile_buffe_369_ap_vld       | out |    1|   ap_vld   |   weight3x3_tile_buffe_369   |    pointer   |
|weight3x3_tile_buffe_370              | out |   32|   ap_vld   |   weight3x3_tile_buffe_370   |    pointer   |
|weight3x3_tile_buffe_370_ap_vld       | out |    1|   ap_vld   |   weight3x3_tile_buffe_370   |    pointer   |
|weight3x3_tile_buffe_371              | out |   32|   ap_vld   |   weight3x3_tile_buffe_371   |    pointer   |
|weight3x3_tile_buffe_371_ap_vld       | out |    1|   ap_vld   |   weight3x3_tile_buffe_371   |    pointer   |
|weight3x3_tile_buffe_372              | out |   32|   ap_vld   |   weight3x3_tile_buffe_372   |    pointer   |
|weight3x3_tile_buffe_372_ap_vld       | out |    1|   ap_vld   |   weight3x3_tile_buffe_372   |    pointer   |
|weight3x3_tile_buffe_373              | out |   32|   ap_vld   |   weight3x3_tile_buffe_373   |    pointer   |
|weight3x3_tile_buffe_373_ap_vld       | out |    1|   ap_vld   |   weight3x3_tile_buffe_373   |    pointer   |
|weight3x3_tile_buffe_374              | out |   32|   ap_vld   |   weight3x3_tile_buffe_374   |    pointer   |
|weight3x3_tile_buffe_374_ap_vld       | out |    1|   ap_vld   |   weight3x3_tile_buffe_374   |    pointer   |
|weight3x3_tile_buffe_375              | out |   32|   ap_vld   |   weight3x3_tile_buffe_375   |    pointer   |
|weight3x3_tile_buffe_375_ap_vld       | out |    1|   ap_vld   |   weight3x3_tile_buffe_375   |    pointer   |
|weight3x3_tile_buffe_376              | out |   32|   ap_vld   |   weight3x3_tile_buffe_376   |    pointer   |
|weight3x3_tile_buffe_376_ap_vld       | out |    1|   ap_vld   |   weight3x3_tile_buffe_376   |    pointer   |
|weight3x3_tile_buffe_377              | out |   32|   ap_vld   |   weight3x3_tile_buffe_377   |    pointer   |
|weight3x3_tile_buffe_377_ap_vld       | out |    1|   ap_vld   |   weight3x3_tile_buffe_377   |    pointer   |
|weight3x3_tile_buffe_378              | out |   32|   ap_vld   |   weight3x3_tile_buffe_378   |    pointer   |
|weight3x3_tile_buffe_378_ap_vld       | out |    1|   ap_vld   |   weight3x3_tile_buffe_378   |    pointer   |
|weight3x3_tile_buffe_379              | out |   32|   ap_vld   |   weight3x3_tile_buffe_379   |    pointer   |
|weight3x3_tile_buffe_379_ap_vld       | out |    1|   ap_vld   |   weight3x3_tile_buffe_379   |    pointer   |
|weight3x3_tile_buffe_380              | out |   32|   ap_vld   |   weight3x3_tile_buffe_380   |    pointer   |
|weight3x3_tile_buffe_380_ap_vld       | out |    1|   ap_vld   |   weight3x3_tile_buffe_380   |    pointer   |
|weight3x3_tile_buffe_381              | out |   32|   ap_vld   |   weight3x3_tile_buffe_381   |    pointer   |
|weight3x3_tile_buffe_381_ap_vld       | out |    1|   ap_vld   |   weight3x3_tile_buffe_381   |    pointer   |
|weight3x3_tile_buffe_382              | out |   32|   ap_vld   |   weight3x3_tile_buffe_382   |    pointer   |
|weight3x3_tile_buffe_382_ap_vld       | out |    1|   ap_vld   |   weight3x3_tile_buffe_382   |    pointer   |
|weight3x3_tile_buffe_383              | out |   32|   ap_vld   |   weight3x3_tile_buffe_383   |    pointer   |
|weight3x3_tile_buffe_383_ap_vld       | out |    1|   ap_vld   |   weight3x3_tile_buffe_383   |    pointer   |
|weight3x3_tile_buffe_384              | out |   32|   ap_vld   |   weight3x3_tile_buffe_384   |    pointer   |
|weight3x3_tile_buffe_384_ap_vld       | out |    1|   ap_vld   |   weight3x3_tile_buffe_384   |    pointer   |
|weight3x3_tile_buffe_385              | out |   32|   ap_vld   |   weight3x3_tile_buffe_385   |    pointer   |
|weight3x3_tile_buffe_385_ap_vld       | out |    1|   ap_vld   |   weight3x3_tile_buffe_385   |    pointer   |
|weight3x3_tile_buffe_386              | out |   32|   ap_vld   |   weight3x3_tile_buffe_386   |    pointer   |
|weight3x3_tile_buffe_386_ap_vld       | out |    1|   ap_vld   |   weight3x3_tile_buffe_386   |    pointer   |
|weight3x3_tile_buffe_387              | out |   32|   ap_vld   |   weight3x3_tile_buffe_387   |    pointer   |
|weight3x3_tile_buffe_387_ap_vld       | out |    1|   ap_vld   |   weight3x3_tile_buffe_387   |    pointer   |
|weight3x3_tile_buffe_388              | out |   32|   ap_vld   |   weight3x3_tile_buffe_388   |    pointer   |
|weight3x3_tile_buffe_388_ap_vld       | out |    1|   ap_vld   |   weight3x3_tile_buffe_388   |    pointer   |
|weight3x3_tile_buffe_389              | out |   32|   ap_vld   |   weight3x3_tile_buffe_389   |    pointer   |
|weight3x3_tile_buffe_389_ap_vld       | out |    1|   ap_vld   |   weight3x3_tile_buffe_389   |    pointer   |
|weight3x3_tile_buffe_390              | out |   32|   ap_vld   |   weight3x3_tile_buffe_390   |    pointer   |
|weight3x3_tile_buffe_390_ap_vld       | out |    1|   ap_vld   |   weight3x3_tile_buffe_390   |    pointer   |
|weight3x3_tile_buffe_391              | out |   32|   ap_vld   |   weight3x3_tile_buffe_391   |    pointer   |
|weight3x3_tile_buffe_391_ap_vld       | out |    1|   ap_vld   |   weight3x3_tile_buffe_391   |    pointer   |
|weight3x3_tile_buffe_392              | out |   32|   ap_vld   |   weight3x3_tile_buffe_392   |    pointer   |
|weight3x3_tile_buffe_392_ap_vld       | out |    1|   ap_vld   |   weight3x3_tile_buffe_392   |    pointer   |
|weight3x3_tile_buffe_393              | out |   32|   ap_vld   |   weight3x3_tile_buffe_393   |    pointer   |
|weight3x3_tile_buffe_393_ap_vld       | out |    1|   ap_vld   |   weight3x3_tile_buffe_393   |    pointer   |
|weight3x3_tile_buffe_394              | out |   32|   ap_vld   |   weight3x3_tile_buffe_394   |    pointer   |
|weight3x3_tile_buffe_394_ap_vld       | out |    1|   ap_vld   |   weight3x3_tile_buffe_394   |    pointer   |
|weight3x3_tile_buffe_404              | out |   32|   ap_vld   |   weight3x3_tile_buffe_404   |    pointer   |
|weight3x3_tile_buffe_404_ap_vld       | out |    1|   ap_vld   |   weight3x3_tile_buffe_404   |    pointer   |
|weight3x3_tile_buffe_405              | out |   32|   ap_vld   |   weight3x3_tile_buffe_405   |    pointer   |
|weight3x3_tile_buffe_405_ap_vld       | out |    1|   ap_vld   |   weight3x3_tile_buffe_405   |    pointer   |
|weight3x3_tile_buffe_406              | out |   32|   ap_vld   |   weight3x3_tile_buffe_406   |    pointer   |
|weight3x3_tile_buffe_406_ap_vld       | out |    1|   ap_vld   |   weight3x3_tile_buffe_406   |    pointer   |
|weight3x3_tile_buffe_407              | out |   32|   ap_vld   |   weight3x3_tile_buffe_407   |    pointer   |
|weight3x3_tile_buffe_407_ap_vld       | out |    1|   ap_vld   |   weight3x3_tile_buffe_407   |    pointer   |
|weight3x3_tile_buffe_408              | out |   32|   ap_vld   |   weight3x3_tile_buffe_408   |    pointer   |
|weight3x3_tile_buffe_408_ap_vld       | out |    1|   ap_vld   |   weight3x3_tile_buffe_408   |    pointer   |
|weight3x3_tile_buffe_409              | out |   32|   ap_vld   |   weight3x3_tile_buffe_409   |    pointer   |
|weight3x3_tile_buffe_409_ap_vld       | out |    1|   ap_vld   |   weight3x3_tile_buffe_409   |    pointer   |
|weight3x3_tile_buffe_410              | out |   32|   ap_vld   |   weight3x3_tile_buffe_410   |    pointer   |
|weight3x3_tile_buffe_410_ap_vld       | out |    1|   ap_vld   |   weight3x3_tile_buffe_410   |    pointer   |
|weight3x3_tile_buffe_411              | out |   32|   ap_vld   |   weight3x3_tile_buffe_411   |    pointer   |
|weight3x3_tile_buffe_411_ap_vld       | out |    1|   ap_vld   |   weight3x3_tile_buffe_411   |    pointer   |
|weight3x3_tile_buffe_412              | out |   32|   ap_vld   |   weight3x3_tile_buffe_412   |    pointer   |
|weight3x3_tile_buffe_412_ap_vld       | out |    1|   ap_vld   |   weight3x3_tile_buffe_412   |    pointer   |
|weight3x3_tile_buffe_413              | out |   32|   ap_vld   |   weight3x3_tile_buffe_413   |    pointer   |
|weight3x3_tile_buffe_413_ap_vld       | out |    1|   ap_vld   |   weight3x3_tile_buffe_413   |    pointer   |
|weight3x3_tile_buffe_414              | out |   32|   ap_vld   |   weight3x3_tile_buffe_414   |    pointer   |
|weight3x3_tile_buffe_414_ap_vld       | out |    1|   ap_vld   |   weight3x3_tile_buffe_414   |    pointer   |
|weight3x3_tile_buffe_415              | out |   32|   ap_vld   |   weight3x3_tile_buffe_415   |    pointer   |
|weight3x3_tile_buffe_415_ap_vld       | out |    1|   ap_vld   |   weight3x3_tile_buffe_415   |    pointer   |
|weight3x3_tile_buffe_416              | out |   32|   ap_vld   |   weight3x3_tile_buffe_416   |    pointer   |
|weight3x3_tile_buffe_416_ap_vld       | out |    1|   ap_vld   |   weight3x3_tile_buffe_416   |    pointer   |
|weight3x3_tile_buffe_417              | out |   32|   ap_vld   |   weight3x3_tile_buffe_417   |    pointer   |
|weight3x3_tile_buffe_417_ap_vld       | out |    1|   ap_vld   |   weight3x3_tile_buffe_417   |    pointer   |
|weight3x3_tile_buffe_418              | out |   32|   ap_vld   |   weight3x3_tile_buffe_418   |    pointer   |
|weight3x3_tile_buffe_418_ap_vld       | out |    1|   ap_vld   |   weight3x3_tile_buffe_418   |    pointer   |
|weight3x3_tile_buffe_419              | out |   32|   ap_vld   |   weight3x3_tile_buffe_419   |    pointer   |
|weight3x3_tile_buffe_419_ap_vld       | out |    1|   ap_vld   |   weight3x3_tile_buffe_419   |    pointer   |
|weight3x3_tile_buffe_420              | out |   32|   ap_vld   |   weight3x3_tile_buffe_420   |    pointer   |
|weight3x3_tile_buffe_420_ap_vld       | out |    1|   ap_vld   |   weight3x3_tile_buffe_420   |    pointer   |
|weight3x3_tile_buffe_421              | out |   32|   ap_vld   |   weight3x3_tile_buffe_421   |    pointer   |
|weight3x3_tile_buffe_421_ap_vld       | out |    1|   ap_vld   |   weight3x3_tile_buffe_421   |    pointer   |
|weight3x3_tile_buffe_422              | out |   32|   ap_vld   |   weight3x3_tile_buffe_422   |    pointer   |
|weight3x3_tile_buffe_422_ap_vld       | out |    1|   ap_vld   |   weight3x3_tile_buffe_422   |    pointer   |
|weight3x3_tile_buffe_423              | out |   32|   ap_vld   |   weight3x3_tile_buffe_423   |    pointer   |
|weight3x3_tile_buffe_423_ap_vld       | out |    1|   ap_vld   |   weight3x3_tile_buffe_423   |    pointer   |
|weight3x3_tile_buffe_424              | out |   32|   ap_vld   |   weight3x3_tile_buffe_424   |    pointer   |
|weight3x3_tile_buffe_424_ap_vld       | out |    1|   ap_vld   |   weight3x3_tile_buffe_424   |    pointer   |
|weight3x3_tile_buffe_425              | out |   32|   ap_vld   |   weight3x3_tile_buffe_425   |    pointer   |
|weight3x3_tile_buffe_425_ap_vld       | out |    1|   ap_vld   |   weight3x3_tile_buffe_425   |    pointer   |
|weight3x3_tile_buffe_426              | out |   32|   ap_vld   |   weight3x3_tile_buffe_426   |    pointer   |
|weight3x3_tile_buffe_426_ap_vld       | out |    1|   ap_vld   |   weight3x3_tile_buffe_426   |    pointer   |
|weight3x3_tile_buffe_427              | out |   32|   ap_vld   |   weight3x3_tile_buffe_427   |    pointer   |
|weight3x3_tile_buffe_427_ap_vld       | out |    1|   ap_vld   |   weight3x3_tile_buffe_427   |    pointer   |
|weight3x3_tile_buffe_428              | out |   32|   ap_vld   |   weight3x3_tile_buffe_428   |    pointer   |
|weight3x3_tile_buffe_428_ap_vld       | out |    1|   ap_vld   |   weight3x3_tile_buffe_428   |    pointer   |
|weight3x3_tile_buffe_429              | out |   32|   ap_vld   |   weight3x3_tile_buffe_429   |    pointer   |
|weight3x3_tile_buffe_429_ap_vld       | out |    1|   ap_vld   |   weight3x3_tile_buffe_429   |    pointer   |
|weight3x3_tile_buffe_430              | out |   32|   ap_vld   |   weight3x3_tile_buffe_430   |    pointer   |
|weight3x3_tile_buffe_430_ap_vld       | out |    1|   ap_vld   |   weight3x3_tile_buffe_430   |    pointer   |
|weight3x3_tile_buffe_431              | out |   32|   ap_vld   |   weight3x3_tile_buffe_431   |    pointer   |
|weight3x3_tile_buffe_431_ap_vld       | out |    1|   ap_vld   |   weight3x3_tile_buffe_431   |    pointer   |
|weight3x3_tile_buffe_432              | out |   32|   ap_vld   |   weight3x3_tile_buffe_432   |    pointer   |
|weight3x3_tile_buffe_432_ap_vld       | out |    1|   ap_vld   |   weight3x3_tile_buffe_432   |    pointer   |
|weight3x3_tile_buffe_433              | out |   32|   ap_vld   |   weight3x3_tile_buffe_433   |    pointer   |
|weight3x3_tile_buffe_433_ap_vld       | out |    1|   ap_vld   |   weight3x3_tile_buffe_433   |    pointer   |
|weight3x3_tile_buffe_434              | out |   32|   ap_vld   |   weight3x3_tile_buffe_434   |    pointer   |
|weight3x3_tile_buffe_434_ap_vld       | out |    1|   ap_vld   |   weight3x3_tile_buffe_434   |    pointer   |
|weight3x3_tile_buffe_435              | out |   32|   ap_vld   |   weight3x3_tile_buffe_435   |    pointer   |
|weight3x3_tile_buffe_435_ap_vld       | out |    1|   ap_vld   |   weight3x3_tile_buffe_435   |    pointer   |
|weight3x3_tile_buffe_436              | out |   32|   ap_vld   |   weight3x3_tile_buffe_436   |    pointer   |
|weight3x3_tile_buffe_436_ap_vld       | out |    1|   ap_vld   |   weight3x3_tile_buffe_436   |    pointer   |
|weight3x3_tile_buffe_437              | out |   32|   ap_vld   |   weight3x3_tile_buffe_437   |    pointer   |
|weight3x3_tile_buffe_437_ap_vld       | out |    1|   ap_vld   |   weight3x3_tile_buffe_437   |    pointer   |
|weight3x3_tile_buffe_438              | out |   32|   ap_vld   |   weight3x3_tile_buffe_438   |    pointer   |
|weight3x3_tile_buffe_438_ap_vld       | out |    1|   ap_vld   |   weight3x3_tile_buffe_438   |    pointer   |
|weight3x3_tile_buffe_439              | out |   32|   ap_vld   |   weight3x3_tile_buffe_439   |    pointer   |
|weight3x3_tile_buffe_439_ap_vld       | out |    1|   ap_vld   |   weight3x3_tile_buffe_439   |    pointer   |
|weight3x3_tile_buffe_440              | out |   32|   ap_vld   |   weight3x3_tile_buffe_440   |    pointer   |
|weight3x3_tile_buffe_440_ap_vld       | out |    1|   ap_vld   |   weight3x3_tile_buffe_440   |    pointer   |
|weight3x3_tile_buffe_441              | out |   32|   ap_vld   |   weight3x3_tile_buffe_441   |    pointer   |
|weight3x3_tile_buffe_441_ap_vld       | out |    1|   ap_vld   |   weight3x3_tile_buffe_441   |    pointer   |
|weight3x3_tile_buffe_442              | out |   32|   ap_vld   |   weight3x3_tile_buffe_442   |    pointer   |
|weight3x3_tile_buffe_442_ap_vld       | out |    1|   ap_vld   |   weight3x3_tile_buffe_442   |    pointer   |
|weight3x3_tile_buffe_443              | out |   32|   ap_vld   |   weight3x3_tile_buffe_443   |    pointer   |
|weight3x3_tile_buffe_443_ap_vld       | out |    1|   ap_vld   |   weight3x3_tile_buffe_443   |    pointer   |
|weight3x3_tile_buffe_444              | out |   32|   ap_vld   |   weight3x3_tile_buffe_444   |    pointer   |
|weight3x3_tile_buffe_444_ap_vld       | out |    1|   ap_vld   |   weight3x3_tile_buffe_444   |    pointer   |
|weight3x3_tile_buffe_445              | out |   32|   ap_vld   |   weight3x3_tile_buffe_445   |    pointer   |
|weight3x3_tile_buffe_445_ap_vld       | out |    1|   ap_vld   |   weight3x3_tile_buffe_445   |    pointer   |
|weight3x3_tile_buffe_446              | out |   32|   ap_vld   |   weight3x3_tile_buffe_446   |    pointer   |
|weight3x3_tile_buffe_446_ap_vld       | out |    1|   ap_vld   |   weight3x3_tile_buffe_446   |    pointer   |
|weight3x3_tile_buffe_447              | out |   32|   ap_vld   |   weight3x3_tile_buffe_447   |    pointer   |
|weight3x3_tile_buffe_447_ap_vld       | out |    1|   ap_vld   |   weight3x3_tile_buffe_447   |    pointer   |
|weight3x3_tile_buffe_448              | out |   32|   ap_vld   |   weight3x3_tile_buffe_448   |    pointer   |
|weight3x3_tile_buffe_448_ap_vld       | out |    1|   ap_vld   |   weight3x3_tile_buffe_448   |    pointer   |
|weight3x3_tile_buffe_449              | out |   32|   ap_vld   |   weight3x3_tile_buffe_449   |    pointer   |
|weight3x3_tile_buffe_449_ap_vld       | out |    1|   ap_vld   |   weight3x3_tile_buffe_449   |    pointer   |
|weight3x3_tile_buffe_450              | out |   32|   ap_vld   |   weight3x3_tile_buffe_450   |    pointer   |
|weight3x3_tile_buffe_450_ap_vld       | out |    1|   ap_vld   |   weight3x3_tile_buffe_450   |    pointer   |
|weight3x3_tile_buffe_451              | out |   32|   ap_vld   |   weight3x3_tile_buffe_451   |    pointer   |
|weight3x3_tile_buffe_451_ap_vld       | out |    1|   ap_vld   |   weight3x3_tile_buffe_451   |    pointer   |
|weight3x3_tile_buffe_452              | out |   32|   ap_vld   |   weight3x3_tile_buffe_452   |    pointer   |
|weight3x3_tile_buffe_452_ap_vld       | out |    1|   ap_vld   |   weight3x3_tile_buffe_452   |    pointer   |
|weight3x3_tile_buffe_453              | out |   32|   ap_vld   |   weight3x3_tile_buffe_453   |    pointer   |
|weight3x3_tile_buffe_453_ap_vld       | out |    1|   ap_vld   |   weight3x3_tile_buffe_453   |    pointer   |
|weight3x3_tile_buffe_454              | out |   32|   ap_vld   |   weight3x3_tile_buffe_454   |    pointer   |
|weight3x3_tile_buffe_454_ap_vld       | out |    1|   ap_vld   |   weight3x3_tile_buffe_454   |    pointer   |
|weight3x3_tile_buffe_455              | out |   32|   ap_vld   |   weight3x3_tile_buffe_455   |    pointer   |
|weight3x3_tile_buffe_455_ap_vld       | out |    1|   ap_vld   |   weight3x3_tile_buffe_455   |    pointer   |
|weight3x3_tile_buffe_456              | out |   32|   ap_vld   |   weight3x3_tile_buffe_456   |    pointer   |
|weight3x3_tile_buffe_456_ap_vld       | out |    1|   ap_vld   |   weight3x3_tile_buffe_456   |    pointer   |
|weight3x3_tile_buffe_457              | out |   32|   ap_vld   |   weight3x3_tile_buffe_457   |    pointer   |
|weight3x3_tile_buffe_457_ap_vld       | out |    1|   ap_vld   |   weight3x3_tile_buffe_457   |    pointer   |
|weight3x3_tile_buffe_458              | out |   32|   ap_vld   |   weight3x3_tile_buffe_458   |    pointer   |
|weight3x3_tile_buffe_458_ap_vld       | out |    1|   ap_vld   |   weight3x3_tile_buffe_458   |    pointer   |
|weight3x3_tile_buffe_459              | out |   32|   ap_vld   |   weight3x3_tile_buffe_459   |    pointer   |
|weight3x3_tile_buffe_459_ap_vld       | out |    1|   ap_vld   |   weight3x3_tile_buffe_459   |    pointer   |
|weight3x3_tile_buffe_460              | out |   32|   ap_vld   |   weight3x3_tile_buffe_460   |    pointer   |
|weight3x3_tile_buffe_460_ap_vld       | out |    1|   ap_vld   |   weight3x3_tile_buffe_460   |    pointer   |
|weight3x3_tile_buffe_461              | out |   32|   ap_vld   |   weight3x3_tile_buffe_461   |    pointer   |
|weight3x3_tile_buffe_461_ap_vld       | out |    1|   ap_vld   |   weight3x3_tile_buffe_461   |    pointer   |
|weight3x3_tile_buffe_462              | out |   32|   ap_vld   |   weight3x3_tile_buffe_462   |    pointer   |
|weight3x3_tile_buffe_462_ap_vld       | out |    1|   ap_vld   |   weight3x3_tile_buffe_462   |    pointer   |
|weight3x3_tile_buffe_463              | out |   32|   ap_vld   |   weight3x3_tile_buffe_463   |    pointer   |
|weight3x3_tile_buffe_463_ap_vld       | out |    1|   ap_vld   |   weight3x3_tile_buffe_463   |    pointer   |
|weight3x3_tile_buffe_464              | out |   32|   ap_vld   |   weight3x3_tile_buffe_464   |    pointer   |
|weight3x3_tile_buffe_464_ap_vld       | out |    1|   ap_vld   |   weight3x3_tile_buffe_464   |    pointer   |
|weight3x3_tile_buffe_465              | out |   32|   ap_vld   |   weight3x3_tile_buffe_465   |    pointer   |
|weight3x3_tile_buffe_465_ap_vld       | out |    1|   ap_vld   |   weight3x3_tile_buffe_465   |    pointer   |
|weight3x3_tile_buffe_466              | out |   32|   ap_vld   |   weight3x3_tile_buffe_466   |    pointer   |
|weight3x3_tile_buffe_466_ap_vld       | out |    1|   ap_vld   |   weight3x3_tile_buffe_466   |    pointer   |
|weight3x3_tile_buffe_467              | out |   32|   ap_vld   |   weight3x3_tile_buffe_467   |    pointer   |
|weight3x3_tile_buffe_467_ap_vld       | out |    1|   ap_vld   |   weight3x3_tile_buffe_467   |    pointer   |
|weight3x3_tile_buffe_468              | out |   32|   ap_vld   |   weight3x3_tile_buffe_468   |    pointer   |
|weight3x3_tile_buffe_468_ap_vld       | out |    1|   ap_vld   |   weight3x3_tile_buffe_468   |    pointer   |
|weight3x3_tile_buffe_469              | out |   32|   ap_vld   |   weight3x3_tile_buffe_469   |    pointer   |
|weight3x3_tile_buffe_469_ap_vld       | out |    1|   ap_vld   |   weight3x3_tile_buffe_469   |    pointer   |
|weight3x3_tile_buffe_470              | out |   32|   ap_vld   |   weight3x3_tile_buffe_470   |    pointer   |
|weight3x3_tile_buffe_470_ap_vld       | out |    1|   ap_vld   |   weight3x3_tile_buffe_470   |    pointer   |
|weight3x3_tile_buffe_471              | out |   32|   ap_vld   |   weight3x3_tile_buffe_471   |    pointer   |
|weight3x3_tile_buffe_471_ap_vld       | out |    1|   ap_vld   |   weight3x3_tile_buffe_471   |    pointer   |
|weight3x3_tile_buffe_472              | out |   32|   ap_vld   |   weight3x3_tile_buffe_472   |    pointer   |
|weight3x3_tile_buffe_472_ap_vld       | out |    1|   ap_vld   |   weight3x3_tile_buffe_472   |    pointer   |
|weight3x3_tile_buffe_473              | out |   32|   ap_vld   |   weight3x3_tile_buffe_473   |    pointer   |
|weight3x3_tile_buffe_473_ap_vld       | out |    1|   ap_vld   |   weight3x3_tile_buffe_473   |    pointer   |
|weight3x3_tile_buffe_474              | out |   32|   ap_vld   |   weight3x3_tile_buffe_474   |    pointer   |
|weight3x3_tile_buffe_474_ap_vld       | out |    1|   ap_vld   |   weight3x3_tile_buffe_474   |    pointer   |
|weight3x3_tile_buffe_99               | out |   32|   ap_vld   |    weight3x3_tile_buffe_99   |    pointer   |
|weight3x3_tile_buffe_99_ap_vld        | out |    1|   ap_vld   |    weight3x3_tile_buffe_99   |    pointer   |
|weight3x3_tile_buffe_98               | out |   32|   ap_vld   |    weight3x3_tile_buffe_98   |    pointer   |
|weight3x3_tile_buffe_98_ap_vld        | out |    1|   ap_vld   |    weight3x3_tile_buffe_98   |    pointer   |
|weight3x3_tile_buffe_97               | out |   32|   ap_vld   |    weight3x3_tile_buffe_97   |    pointer   |
|weight3x3_tile_buffe_97_ap_vld        | out |    1|   ap_vld   |    weight3x3_tile_buffe_97   |    pointer   |
|weight3x3_tile_buffe_96               | out |   32|   ap_vld   |    weight3x3_tile_buffe_96   |    pointer   |
|weight3x3_tile_buffe_96_ap_vld        | out |    1|   ap_vld   |    weight3x3_tile_buffe_96   |    pointer   |
|weight3x3_tile_buffe_95               | out |   32|   ap_vld   |    weight3x3_tile_buffe_95   |    pointer   |
|weight3x3_tile_buffe_95_ap_vld        | out |    1|   ap_vld   |    weight3x3_tile_buffe_95   |    pointer   |
|weight3x3_tile_buffe_94               | out |   32|   ap_vld   |    weight3x3_tile_buffe_94   |    pointer   |
|weight3x3_tile_buffe_94_ap_vld        | out |    1|   ap_vld   |    weight3x3_tile_buffe_94   |    pointer   |
|weight3x3_tile_buffe_93               | out |   32|   ap_vld   |    weight3x3_tile_buffe_93   |    pointer   |
|weight3x3_tile_buffe_93_ap_vld        | out |    1|   ap_vld   |    weight3x3_tile_buffe_93   |    pointer   |
|weight3x3_tile_buffe_92               | out |   32|   ap_vld   |    weight3x3_tile_buffe_92   |    pointer   |
|weight3x3_tile_buffe_92_ap_vld        | out |    1|   ap_vld   |    weight3x3_tile_buffe_92   |    pointer   |
|weight3x3_tile_buffe_91               | out |   32|   ap_vld   |    weight3x3_tile_buffe_91   |    pointer   |
|weight3x3_tile_buffe_91_ap_vld        | out |    1|   ap_vld   |    weight3x3_tile_buffe_91   |    pointer   |
|weight3x3_tile_buffe_90               | out |   32|   ap_vld   |    weight3x3_tile_buffe_90   |    pointer   |
|weight3x3_tile_buffe_90_ap_vld        | out |    1|   ap_vld   |    weight3x3_tile_buffe_90   |    pointer   |
|weight3x3_tile_buffe_89               | out |   32|   ap_vld   |    weight3x3_tile_buffe_89   |    pointer   |
|weight3x3_tile_buffe_89_ap_vld        | out |    1|   ap_vld   |    weight3x3_tile_buffe_89   |    pointer   |
|weight3x3_tile_buffe_88               | out |   32|   ap_vld   |    weight3x3_tile_buffe_88   |    pointer   |
|weight3x3_tile_buffe_88_ap_vld        | out |    1|   ap_vld   |    weight3x3_tile_buffe_88   |    pointer   |
|weight3x3_tile_buffe_87               | out |   32|   ap_vld   |    weight3x3_tile_buffe_87   |    pointer   |
|weight3x3_tile_buffe_87_ap_vld        | out |    1|   ap_vld   |    weight3x3_tile_buffe_87   |    pointer   |
|weight3x3_tile_buffe_86               | out |   32|   ap_vld   |    weight3x3_tile_buffe_86   |    pointer   |
|weight3x3_tile_buffe_86_ap_vld        | out |    1|   ap_vld   |    weight3x3_tile_buffe_86   |    pointer   |
|weight3x3_tile_buffe_85               | out |   32|   ap_vld   |    weight3x3_tile_buffe_85   |    pointer   |
|weight3x3_tile_buffe_85_ap_vld        | out |    1|   ap_vld   |    weight3x3_tile_buffe_85   |    pointer   |
|weight3x3_tile_buffe_84               | out |   32|   ap_vld   |    weight3x3_tile_buffe_84   |    pointer   |
|weight3x3_tile_buffe_84_ap_vld        | out |    1|   ap_vld   |    weight3x3_tile_buffe_84   |    pointer   |
|weight3x3_tile_buffe_83               | out |   32|   ap_vld   |    weight3x3_tile_buffe_83   |    pointer   |
|weight3x3_tile_buffe_83_ap_vld        | out |    1|   ap_vld   |    weight3x3_tile_buffe_83   |    pointer   |
|weight3x3_tile_buffe_82               | out |   32|   ap_vld   |    weight3x3_tile_buffe_82   |    pointer   |
|weight3x3_tile_buffe_82_ap_vld        | out |    1|   ap_vld   |    weight3x3_tile_buffe_82   |    pointer   |
|weight3x3_tile_buffe_81               | out |   32|   ap_vld   |    weight3x3_tile_buffe_81   |    pointer   |
|weight3x3_tile_buffe_81_ap_vld        | out |    1|   ap_vld   |    weight3x3_tile_buffe_81   |    pointer   |
|weight3x3_tile_buffe_71               | out |   32|   ap_vld   |    weight3x3_tile_buffe_71   |    pointer   |
|weight3x3_tile_buffe_71_ap_vld        | out |    1|   ap_vld   |    weight3x3_tile_buffe_71   |    pointer   |
|weight3x3_tile_buffe_70               | out |   32|   ap_vld   |    weight3x3_tile_buffe_70   |    pointer   |
|weight3x3_tile_buffe_70_ap_vld        | out |    1|   ap_vld   |    weight3x3_tile_buffe_70   |    pointer   |
|weight3x3_tile_buffe_69               | out |   32|   ap_vld   |    weight3x3_tile_buffe_69   |    pointer   |
|weight3x3_tile_buffe_69_ap_vld        | out |    1|   ap_vld   |    weight3x3_tile_buffe_69   |    pointer   |
|weight3x3_tile_buffe_68               | out |   32|   ap_vld   |    weight3x3_tile_buffe_68   |    pointer   |
|weight3x3_tile_buffe_68_ap_vld        | out |    1|   ap_vld   |    weight3x3_tile_buffe_68   |    pointer   |
|weight3x3_tile_buffe_67               | out |   32|   ap_vld   |    weight3x3_tile_buffe_67   |    pointer   |
|weight3x3_tile_buffe_67_ap_vld        | out |    1|   ap_vld   |    weight3x3_tile_buffe_67   |    pointer   |
|weight3x3_tile_buffe_66               | out |   32|   ap_vld   |    weight3x3_tile_buffe_66   |    pointer   |
|weight3x3_tile_buffe_66_ap_vld        | out |    1|   ap_vld   |    weight3x3_tile_buffe_66   |    pointer   |
|weight3x3_tile_buffe_65               | out |   32|   ap_vld   |    weight3x3_tile_buffe_65   |    pointer   |
|weight3x3_tile_buffe_65_ap_vld        | out |    1|   ap_vld   |    weight3x3_tile_buffe_65   |    pointer   |
|weight3x3_tile_buffe_64               | out |   32|   ap_vld   |    weight3x3_tile_buffe_64   |    pointer   |
|weight3x3_tile_buffe_64_ap_vld        | out |    1|   ap_vld   |    weight3x3_tile_buffe_64   |    pointer   |
|weight3x3_tile_buffe_63               | out |   32|   ap_vld   |    weight3x3_tile_buffe_63   |    pointer   |
|weight3x3_tile_buffe_63_ap_vld        | out |    1|   ap_vld   |    weight3x3_tile_buffe_63   |    pointer   |
|weight3x3_tile_buffe_62               | out |   32|   ap_vld   |    weight3x3_tile_buffe_62   |    pointer   |
|weight3x3_tile_buffe_62_ap_vld        | out |    1|   ap_vld   |    weight3x3_tile_buffe_62   |    pointer   |
|weight3x3_tile_buffe_61               | out |   32|   ap_vld   |    weight3x3_tile_buffe_61   |    pointer   |
|weight3x3_tile_buffe_61_ap_vld        | out |    1|   ap_vld   |    weight3x3_tile_buffe_61   |    pointer   |
|weight3x3_tile_buffe_60               | out |   32|   ap_vld   |    weight3x3_tile_buffe_60   |    pointer   |
|weight3x3_tile_buffe_60_ap_vld        | out |    1|   ap_vld   |    weight3x3_tile_buffe_60   |    pointer   |
|weight3x3_tile_buffe_59               | out |   32|   ap_vld   |    weight3x3_tile_buffe_59   |    pointer   |
|weight3x3_tile_buffe_59_ap_vld        | out |    1|   ap_vld   |    weight3x3_tile_buffe_59   |    pointer   |
|weight3x3_tile_buffe_58               | out |   32|   ap_vld   |    weight3x3_tile_buffe_58   |    pointer   |
|weight3x3_tile_buffe_58_ap_vld        | out |    1|   ap_vld   |    weight3x3_tile_buffe_58   |    pointer   |
|weight3x3_tile_buffe_57               | out |   32|   ap_vld   |    weight3x3_tile_buffe_57   |    pointer   |
|weight3x3_tile_buffe_57_ap_vld        | out |    1|   ap_vld   |    weight3x3_tile_buffe_57   |    pointer   |
|weight3x3_tile_buffe_56               | out |   32|   ap_vld   |    weight3x3_tile_buffe_56   |    pointer   |
|weight3x3_tile_buffe_56_ap_vld        | out |    1|   ap_vld   |    weight3x3_tile_buffe_56   |    pointer   |
|weight3x3_tile_buffe_55               | out |   32|   ap_vld   |    weight3x3_tile_buffe_55   |    pointer   |
|weight3x3_tile_buffe_55_ap_vld        | out |    1|   ap_vld   |    weight3x3_tile_buffe_55   |    pointer   |
|weight3x3_tile_buffe_54               | out |   32|   ap_vld   |    weight3x3_tile_buffe_54   |    pointer   |
|weight3x3_tile_buffe_54_ap_vld        | out |    1|   ap_vld   |    weight3x3_tile_buffe_54   |    pointer   |
+--------------------------------------+-----+-----+------------+------------------------------+--------------+

