

================================================================
== Vivado HLS Report for 'biconv16'
================================================================
* Date:           Sun Sep  6 14:17:50 2020

* Version:        2019.2.1 (Build 2724168 on Thu Dec 05 05:19:09 MST 2019)
* Project:        ResNet
* Solution:       solution2
* Product family: zynquplus
* Target device:  xczu3eg-sbva484-1-e


================================================================
== Performance Estimates
================================================================
+ Timing: 
    * Summary: 
    +--------+---------+----------+------------+
    |  Clock |  Target | Estimated| Uncertainty|
    +--------+---------+----------+------------+
    |ap_clk  | 5.00 ns | 5.196 ns |   0.62 ns  |
    +--------+---------+----------+------------+

+ Latency: 
    * Summary: 
    +---------+---------+-----------+-----------+------+------+---------+
    |  Latency (cycles) |   Latency (absolute)  |   Interval  | Pipeline|
    |   min   |   max   |    min    |    max    |  min |  max |   Type  |
    +---------+---------+-----------+-----------+------+------+---------+
    |     4509|     4509| 23.427 us | 23.427 us |  4509|  4509|   none  |
    +---------+---------+-----------+-----------+------+------+---------+

    + Detail: 
        * Instance: 
        +-------------------------------+-------------------+---------+---------+----------+----------+-----+-----+----------+
        |                               |                   |  Latency (cycles) |  Latency (absolute) |  Interval | Pipeline |
        |            Instance           |       Module      |   min   |   max   |    min   |    max   | min | max |   Type   |
        +-------------------------------+-------------------+---------+---------+----------+----------+-----+-----+----------+
        |grp_sum_engine_fu_2213         |sum_engine         |        0|        0|   0 ns   |   0 ns   |    1|    1| function |
        |grp_sum_engine_fu_2226         |sum_engine         |        0|        0|   0 ns   |   0 ns   |    1|    1| function |
        |grp_sum_engine_fu_2239         |sum_engine         |        0|        0|   0 ns   |   0 ns   |    1|    1| function |
        |grp_sum_engine_fu_2252         |sum_engine         |        0|        0|   0 ns   |   0 ns   |    1|    1| function |
        |grp_compute_engine_16_fu_2265  |compute_engine_16  |        1|        1| 5.196 ns | 5.196 ns |    1|    1| function |
        |grp_compute_engine_16_fu_2274  |compute_engine_16  |        1|        1| 5.196 ns | 5.196 ns |    1|    1| function |
        |grp_compute_engine_16_fu_2283  |compute_engine_16  |        1|        1| 5.196 ns | 5.196 ns |    1|    1| function |
        |grp_compute_engine_16_fu_2292  |compute_engine_16  |        1|        1| 5.196 ns | 5.196 ns |    1|    1| function |
        |grp_compute_engine_16_fu_2301  |compute_engine_16  |        1|        1| 5.196 ns | 5.196 ns |    1|    1| function |
        |grp_compute_engine_16_fu_2310  |compute_engine_16  |        1|        1| 5.196 ns | 5.196 ns |    1|    1| function |
        |grp_compute_engine_16_fu_2319  |compute_engine_16  |        1|        1| 5.196 ns | 5.196 ns |    1|    1| function |
        |grp_compute_engine_16_fu_2328  |compute_engine_16  |        1|        1| 5.196 ns | 5.196 ns |    1|    1| function |
        |grp_compute_engine_16_fu_2337  |compute_engine_16  |        1|        1| 5.196 ns | 5.196 ns |    1|    1| function |
        |grp_compute_engine_16_fu_2346  |compute_engine_16  |        1|        1| 5.196 ns | 5.196 ns |    1|    1| function |
        |grp_compute_engine_16_fu_2355  |compute_engine_16  |        1|        1| 5.196 ns | 5.196 ns |    1|    1| function |
        |grp_compute_engine_16_fu_2364  |compute_engine_16  |        1|        1| 5.196 ns | 5.196 ns |    1|    1| function |
        |grp_compute_engine_16_fu_2373  |compute_engine_16  |        1|        1| 5.196 ns | 5.196 ns |    1|    1| function |
        |grp_compute_engine_16_fu_2382  |compute_engine_16  |        1|        1| 5.196 ns | 5.196 ns |    1|    1| function |
        |grp_compute_engine_16_fu_2391  |compute_engine_16  |        1|        1| 5.196 ns | 5.196 ns |    1|    1| function |
        |grp_compute_engine_16_fu_2400  |compute_engine_16  |        1|        1| 5.196 ns | 5.196 ns |    1|    1| function |
        |grp_compute_engine_16_fu_2409  |compute_engine_16  |        1|        1| 5.196 ns | 5.196 ns |    1|    1| function |
        |grp_compute_engine_16_fu_2418  |compute_engine_16  |        1|        1| 5.196 ns | 5.196 ns |    1|    1| function |
        |grp_compute_engine_16_fu_2427  |compute_engine_16  |        1|        1| 5.196 ns | 5.196 ns |    1|    1| function |
        |grp_compute_engine_16_fu_2436  |compute_engine_16  |        1|        1| 5.196 ns | 5.196 ns |    1|    1| function |
        |grp_compute_engine_16_fu_2445  |compute_engine_16  |        1|        1| 5.196 ns | 5.196 ns |    1|    1| function |
        |grp_compute_engine_16_fu_2454  |compute_engine_16  |        1|        1| 5.196 ns | 5.196 ns |    1|    1| function |
        |grp_compute_engine_16_fu_2463  |compute_engine_16  |        1|        1| 5.196 ns | 5.196 ns |    1|    1| function |
        |grp_compute_engine_16_fu_2472  |compute_engine_16  |        1|        1| 5.196 ns | 5.196 ns |    1|    1| function |
        |grp_compute_engine_16_fu_2481  |compute_engine_16  |        1|        1| 5.196 ns | 5.196 ns |    1|    1| function |
        |grp_compute_engine_16_fu_2490  |compute_engine_16  |        1|        1| 5.196 ns | 5.196 ns |    1|    1| function |
        |grp_compute_engine_16_fu_2499  |compute_engine_16  |        1|        1| 5.196 ns | 5.196 ns |    1|    1| function |
        |grp_compute_engine_16_fu_2508  |compute_engine_16  |        1|        1| 5.196 ns | 5.196 ns |    1|    1| function |
        |grp_compute_engine_16_fu_2517  |compute_engine_16  |        1|        1| 5.196 ns | 5.196 ns |    1|    1| function |
        +-------------------------------+-------------------+---------+---------+----------+----------+-----+-----+----------+

        * Loop: 
        +-------------------------+---------+---------+----------+-----------+-----------+------+----------+
        |                         |  Latency (cycles) | Iteration|  Initiation Interval  | Trip |          |
        |        Loop Name        |   min   |   max   |  Latency |  achieved |   target  | Count| Pipelined|
        +-------------------------+---------+---------+----------+-----------+-----------+------+----------+
        |- biconv_row_biconv_col  |     4507|     4507|        13|          5|          5|   900|    yes   |
        +-------------------------+---------+---------+----------+-----------+-----------+------+----------+



================================================================
== Utilization Estimates
================================================================
* Summary: 
+-----------------+---------+-------+--------+-------+-----+
|       Name      | BRAM_18K| DSP48E|   FF   |  LUT  | URAM|
+-----------------+---------+-------+--------+-------+-----+
|DSP              |        -|      -|       -|      -|    -|
|Expression       |        -|      -|       0|   2082|    -|
|FIFO             |        -|      -|       -|      -|    -|
|Instance         |        0|      -|     406|   2478|    -|
|Memory           |        -|      -|       -|      -|    -|
|Multiplexer      |        -|      -|       -|   3347|    -|
|Register         |        0|      -|    1921|     32|    -|
+-----------------+---------+-------+--------+-------+-----+
|Total            |        0|      0|    2327|   7939|    0|
+-----------------+---------+-------+--------+-------+-----+
|Available        |      432|    360|  141120|  70560|    0|
+-----------------+---------+-------+--------+-------+-----+
|Utilization (%)  |        0|      0|       1|     11|    0|
+-----------------+---------+-------+--------+-------+-----+

+ Detail: 
    * Instance: 
    +-------------------------------+----------------------+---------+-------+----+-----+-----+
    |            Instance           |        Module        | BRAM_18K| DSP48E| FF | LUT | URAM|
    +-------------------------------+----------------------+---------+-------+----+-----+-----+
    |ResNet_mux_63_16_cud_U13       |ResNet_mux_63_16_cud  |        0|      0|   0|   55|    0|
    |ResNet_mux_63_16_cud_U14       |ResNet_mux_63_16_cud  |        0|      0|   0|   55|    0|
    |grp_compute_engine_16_fu_2265  |compute_engine_16     |        0|      0|  14|   64|    0|
    |grp_compute_engine_16_fu_2274  |compute_engine_16     |        0|      0|  14|   64|    0|
    |grp_compute_engine_16_fu_2283  |compute_engine_16     |        0|      0|  14|   64|    0|
    |grp_compute_engine_16_fu_2292  |compute_engine_16     |        0|      0|  14|   64|    0|
    |grp_compute_engine_16_fu_2301  |compute_engine_16     |        0|      0|  14|   64|    0|
    |grp_compute_engine_16_fu_2310  |compute_engine_16     |        0|      0|  14|   64|    0|
    |grp_compute_engine_16_fu_2319  |compute_engine_16     |        0|      0|  14|   64|    0|
    |grp_compute_engine_16_fu_2328  |compute_engine_16     |        0|      0|  14|   64|    0|
    |grp_compute_engine_16_fu_2337  |compute_engine_16     |        0|      0|  14|   64|    0|
    |grp_compute_engine_16_fu_2346  |compute_engine_16     |        0|      0|  14|   64|    0|
    |grp_compute_engine_16_fu_2355  |compute_engine_16     |        0|      0|  14|   64|    0|
    |grp_compute_engine_16_fu_2364  |compute_engine_16     |        0|      0|  14|   64|    0|
    |grp_compute_engine_16_fu_2373  |compute_engine_16     |        0|      0|  14|   64|    0|
    |grp_compute_engine_16_fu_2382  |compute_engine_16     |        0|      0|  14|   64|    0|
    |grp_compute_engine_16_fu_2391  |compute_engine_16     |        0|      0|  14|   64|    0|
    |grp_compute_engine_16_fu_2400  |compute_engine_16     |        0|      0|  14|   64|    0|
    |grp_compute_engine_16_fu_2409  |compute_engine_16     |        0|      0|  14|   64|    0|
    |grp_compute_engine_16_fu_2418  |compute_engine_16     |        0|      0|  14|   64|    0|
    |grp_compute_engine_16_fu_2427  |compute_engine_16     |        0|      0|  14|   64|    0|
    |grp_compute_engine_16_fu_2436  |compute_engine_16     |        0|      0|  14|   64|    0|
    |grp_compute_engine_16_fu_2445  |compute_engine_16     |        0|      0|  14|   64|    0|
    |grp_compute_engine_16_fu_2454  |compute_engine_16     |        0|      0|  14|   64|    0|
    |grp_compute_engine_16_fu_2463  |compute_engine_16     |        0|      0|  14|   64|    0|
    |grp_compute_engine_16_fu_2472  |compute_engine_16     |        0|      0|  14|   64|    0|
    |grp_compute_engine_16_fu_2481  |compute_engine_16     |        0|      0|  14|   64|    0|
    |grp_compute_engine_16_fu_2490  |compute_engine_16     |        0|      0|  14|   64|    0|
    |grp_compute_engine_16_fu_2499  |compute_engine_16     |        0|      0|  14|   64|    0|
    |grp_compute_engine_16_fu_2508  |compute_engine_16     |        0|      0|  14|   64|    0|
    |grp_compute_engine_16_fu_2517  |compute_engine_16     |        0|      0|  14|   64|    0|
    |grp_sum_engine_fu_2213         |sum_engine            |        0|      0|   0|  128|    0|
    |grp_sum_engine_fu_2226         |sum_engine            |        0|      0|   0|  128|    0|
    |grp_sum_engine_fu_2239         |sum_engine            |        0|      0|   0|  128|    0|
    |grp_sum_engine_fu_2252         |sum_engine            |        0|      0|   0|  128|    0|
    +-------------------------------+----------------------+---------+-------+----+-----+-----+
    |Total                          |                      |        0|      0| 406| 2478|    0|
    +-------------------------------+----------------------+---------+-------+----+-----+-----+

    * DSP48E: 
    N/A

    * Memory: 
    N/A

    * FIFO: 
    N/A

    * Expression: 
    +-----------------------------+----------+-------+---+----+------------+------------+
    |        Variable Name        | Operation| DSP48E| FF| LUT| Bitwidth P0| Bitwidth P1|
    +-----------------------------+----------+-------+---+----+------------+------------+
    |add_ln1192_133_fu_3201_p2    |     +    |      0|  0|  25|          18|          18|
    |add_ln1192_134_fu_3350_p2    |     +    |      0|  0|  25|          18|          18|
    |add_ln1192_135_fu_3499_p2    |     +    |      0|  0|  25|          18|          18|
    |add_ln1192_136_fu_3808_p2    |     +    |      0|  0|  25|          18|          18|
    |add_ln1192_137_fu_3957_p2    |     +    |      0|  0|  25|          18|          18|
    |add_ln1192_138_fu_4106_p2    |     +    |      0|  0|  25|          18|          18|
    |add_ln1192_139_fu_4255_p2    |     +    |      0|  0|  25|          18|          18|
    |add_ln1192_140_fu_4564_p2    |     +    |      0|  0|  25|          18|          18|
    |add_ln1192_141_fu_4713_p2    |     +    |      0|  0|  25|          18|          18|
    |add_ln1192_142_fu_4862_p2    |     +    |      0|  0|  25|          18|          18|
    |add_ln1192_143_fu_5011_p2    |     +    |      0|  0|  25|          18|          18|
    |add_ln1192_144_fu_5321_p2    |     +    |      0|  0|  25|          18|          18|
    |add_ln1192_145_fu_5430_p2    |     +    |      0|  0|  25|          18|          18|
    |add_ln1192_146_fu_5539_p2    |     +    |      0|  0|  25|          18|          18|
    |add_ln1192_147_fu_5648_p2    |     +    |      0|  0|  25|          18|          18|
    |add_ln1192_fu_3052_p2        |     +    |      0|  0|  25|          18|          18|
    |add_ln60_fu_2648_p2          |     +    |      0|  0|  17|          10|           1|
    |add_ln67_1_fu_2728_p2        |     +    |      0|  0|  15|           2|           5|
    |add_ln67_fu_2682_p2          |     +    |      0|  0|  15|           2|           5|
    |add_ln703_76_fu_3215_p2      |     +    |      0|  0|  19|          12|          12|
    |add_ln703_77_fu_3364_p2      |     +    |      0|  0|  19|          12|          12|
    |add_ln703_78_fu_3513_p2      |     +    |      0|  0|  19|          12|          12|
    |add_ln703_79_fu_3822_p2      |     +    |      0|  0|  19|          12|          12|
    |add_ln703_80_fu_3971_p2      |     +    |      0|  0|  19|          12|          12|
    |add_ln703_81_fu_4120_p2      |     +    |      0|  0|  19|          12|          12|
    |add_ln703_82_fu_4269_p2      |     +    |      0|  0|  19|          12|          12|
    |add_ln703_83_fu_4578_p2      |     +    |      0|  0|  19|          12|          12|
    |add_ln703_84_fu_4727_p2      |     +    |      0|  0|  19|          12|          12|
    |add_ln703_85_fu_4876_p2      |     +    |      0|  0|  19|          12|          12|
    |add_ln703_86_fu_5025_p2      |     +    |      0|  0|  19|          12|          12|
    |add_ln703_87_fu_5335_p2      |     +    |      0|  0|  19|          12|          12|
    |add_ln703_88_fu_5444_p2      |     +    |      0|  0|  19|          12|          12|
    |add_ln703_89_fu_5553_p2      |     +    |      0|  0|  19|          12|          12|
    |add_ln703_90_fu_5662_p2      |     +    |      0|  0|  19|          12|          12|
    |add_ln703_fu_3066_p2         |     +    |      0|  0|  19|          12|          12|
    |add_ln73_1_fu_2668_p2        |     +    |      0|  0|  15|           1|           5|
    |add_ln73_fu_2696_p2          |     +    |      0|  0|  15|           2|           5|
    |col_fu_2768_p2               |     +    |      0|  0|  15|           1|           5|
    |and_ln785_55_fu_3256_p2      |    and   |      0|  0|   2|           1|           1|
    |and_ln785_56_fu_3405_p2      |    and   |      0|  0|   2|           1|           1|
    |and_ln785_57_fu_3554_p2      |    and   |      0|  0|   2|           1|           1|
    |and_ln785_58_fu_3863_p2      |    and   |      0|  0|   2|           1|           1|
    |and_ln785_59_fu_4012_p2      |    and   |      0|  0|   2|           1|           1|
    |and_ln785_60_fu_4161_p2      |    and   |      0|  0|   2|           1|           1|
    |and_ln785_61_fu_4310_p2      |    and   |      0|  0|   2|           1|           1|
    |and_ln785_62_fu_4619_p2      |    and   |      0|  0|   2|           1|           1|
    |and_ln785_63_fu_4768_p2      |    and   |      0|  0|   2|           1|           1|
    |and_ln785_64_fu_4917_p2      |    and   |      0|  0|   2|           1|           1|
    |and_ln785_65_fu_5066_p2      |    and   |      0|  0|   2|           1|           1|
    |and_ln785_66_fu_5377_p2      |    and   |      0|  0|   2|           1|           1|
    |and_ln785_67_fu_5486_p2      |    and   |      0|  0|   2|           1|           1|
    |and_ln785_68_fu_5595_p2      |    and   |      0|  0|   2|           1|           1|
    |and_ln785_69_fu_5704_p2      |    and   |      0|  0|   2|           1|           1|
    |and_ln785_fu_3107_p2         |    and   |      0|  0|   2|           1|           1|
    |and_ln786_140_fu_3280_p2     |    and   |      0|  0|   2|           1|           1|
    |and_ln786_141_fu_3429_p2     |    and   |      0|  0|   2|           1|           1|
    |and_ln786_142_fu_3578_p2     |    and   |      0|  0|   2|           1|           1|
    |and_ln786_143_fu_3887_p2     |    and   |      0|  0|   2|           1|           1|
    |and_ln786_144_fu_4036_p2     |    and   |      0|  0|   2|           1|           1|
    |and_ln786_145_fu_4185_p2     |    and   |      0|  0|   2|           1|           1|
    |and_ln786_146_fu_4334_p2     |    and   |      0|  0|   2|           1|           1|
    |and_ln786_147_fu_4643_p2     |    and   |      0|  0|   2|           1|           1|
    |and_ln786_148_fu_4792_p2     |    and   |      0|  0|   2|           1|           1|
    |and_ln786_149_fu_4941_p2     |    and   |      0|  0|   2|           1|           1|
    |and_ln786_150_fu_5090_p2     |    and   |      0|  0|   2|           1|           1|
    |and_ln786_151_fu_5401_p2     |    and   |      0|  0|   2|           1|           1|
    |and_ln786_152_fu_5510_p2     |    and   |      0|  0|   2|           1|           1|
    |and_ln786_153_fu_5619_p2     |    and   |      0|  0|   2|           1|           1|
    |and_ln786_154_fu_5728_p2     |    and   |      0|  0|   2|           1|           1|
    |and_ln786_fu_3131_p2         |    and   |      0|  0|   2|           1|           1|
    |ap_condition_1639            |    and   |      0|  0|   2|           1|           1|
    |ap_condition_1645            |    and   |      0|  0|   2|           1|           1|
    |ap_condition_1651            |    and   |      0|  0|   2|           1|           1|
    |ap_condition_1654            |    and   |      0|  0|   2|           1|           1|
    |icmp_ln60_fu_2642_p2         |   icmp   |      0|  0|  13|          10|           8|
    |icmp_ln61_fu_2654_p2         |   icmp   |      0|  0|  11|           5|           2|
    |icmp_ln785_10_fu_4899_p2     |   icmp   |      0|  0|  11|           6|           1|
    |icmp_ln785_11_fu_5048_p2     |   icmp   |      0|  0|  11|           6|           1|
    |icmp_ln785_12_fu_5359_p2     |   icmp   |      0|  0|  11|           6|           1|
    |icmp_ln785_13_fu_5468_p2     |   icmp   |      0|  0|  11|           6|           1|
    |icmp_ln785_14_fu_5577_p2     |   icmp   |      0|  0|  11|           6|           1|
    |icmp_ln785_15_fu_5686_p2     |   icmp   |      0|  0|  11|           6|           1|
    |icmp_ln785_1_fu_3238_p2      |   icmp   |      0|  0|  11|           6|           1|
    |icmp_ln785_2_fu_3387_p2      |   icmp   |      0|  0|  11|           6|           1|
    |icmp_ln785_3_fu_3536_p2      |   icmp   |      0|  0|  11|           6|           1|
    |icmp_ln785_4_fu_3845_p2      |   icmp   |      0|  0|  11|           6|           1|
    |icmp_ln785_5_fu_3994_p2      |   icmp   |      0|  0|  11|           6|           1|
    |icmp_ln785_6_fu_4143_p2      |   icmp   |      0|  0|  11|           6|           1|
    |icmp_ln785_7_fu_4292_p2      |   icmp   |      0|  0|  11|           6|           1|
    |icmp_ln785_8_fu_4601_p2      |   icmp   |      0|  0|  11|           6|           1|
    |icmp_ln785_9_fu_4750_p2      |   icmp   |      0|  0|  11|           6|           1|
    |icmp_ln785_fu_3089_p2        |   icmp   |      0|  0|  11|           6|           1|
    |icmp_ln786_10_fu_4929_p2     |   icmp   |      0|  0|  11|           6|           2|
    |icmp_ln786_11_fu_5078_p2     |   icmp   |      0|  0|  11|           6|           2|
    |icmp_ln786_12_fu_5389_p2     |   icmp   |      0|  0|  11|           6|           2|
    |icmp_ln786_13_fu_5498_p2     |   icmp   |      0|  0|  11|           6|           2|
    |icmp_ln786_14_fu_5607_p2     |   icmp   |      0|  0|  11|           6|           2|
    |icmp_ln786_15_fu_5716_p2     |   icmp   |      0|  0|  11|           6|           2|
    |icmp_ln786_1_fu_3268_p2      |   icmp   |      0|  0|  11|           6|           2|
    |icmp_ln786_2_fu_3417_p2      |   icmp   |      0|  0|  11|           6|           2|
    |icmp_ln786_3_fu_3566_p2      |   icmp   |      0|  0|  11|           6|           2|
    |icmp_ln786_4_fu_3875_p2      |   icmp   |      0|  0|  11|           6|           2|
    |icmp_ln786_5_fu_4024_p2      |   icmp   |      0|  0|  11|           6|           2|
    |icmp_ln786_6_fu_4173_p2      |   icmp   |      0|  0|  11|           6|           2|
    |icmp_ln786_7_fu_4322_p2      |   icmp   |      0|  0|  11|           6|           2|
    |icmp_ln786_8_fu_4631_p2      |   icmp   |      0|  0|  11|           6|           2|
    |icmp_ln786_9_fu_4780_p2      |   icmp   |      0|  0|  11|           6|           2|
    |icmp_ln786_fu_3119_p2        |   icmp   |      0|  0|  11|           6|           2|
    |or_ln340_10_fu_4947_p2       |    or    |      0|  0|   2|           1|           1|
    |or_ln340_11_fu_5096_p2       |    or    |      0|  0|   2|           1|           1|
    |or_ln340_12_fu_5734_p2       |    or    |      0|  0|   2|           1|           1|
    |or_ln340_13_fu_5770_p2       |    or    |      0|  0|   2|           1|           1|
    |or_ln340_14_fu_5806_p2       |    or    |      0|  0|   2|           1|           1|
    |or_ln340_15_fu_5842_p2       |    or    |      0|  0|   2|           1|           1|
    |or_ln340_1_fu_3286_p2        |    or    |      0|  0|   2|           1|           1|
    |or_ln340_248_fu_3149_p2      |    or    |      0|  0|   2|           1|           1|
    |or_ln340_249_fu_3298_p2      |    or    |      0|  0|   2|           1|           1|
    |or_ln340_250_fu_3447_p2      |    or    |      0|  0|   2|           1|           1|
    |or_ln340_251_fu_3596_p2      |    or    |      0|  0|   2|           1|           1|
    |or_ln340_252_fu_3905_p2      |    or    |      0|  0|   2|           1|           1|
    |or_ln340_253_fu_4054_p2      |    or    |      0|  0|   2|           1|           1|
    |or_ln340_254_fu_4203_p2      |    or    |      0|  0|   2|           1|           1|
    |or_ln340_255_fu_4352_p2      |    or    |      0|  0|   2|           1|           1|
    |or_ln340_256_fu_4661_p2      |    or    |      0|  0|   2|           1|           1|
    |or_ln340_257_fu_4810_p2      |    or    |      0|  0|   2|           1|           1|
    |or_ln340_258_fu_4959_p2      |    or    |      0|  0|   2|           1|           1|
    |or_ln340_259_fu_5108_p2      |    or    |      0|  0|   2|           1|           1|
    |or_ln340_260_fu_5743_p2      |    or    |      0|  0|   2|           1|           1|
    |or_ln340_261_fu_5779_p2      |    or    |      0|  0|   2|           1|           1|
    |or_ln340_262_fu_5815_p2      |    or    |      0|  0|   2|           1|           1|
    |or_ln340_263_fu_5851_p2      |    or    |      0|  0|   2|           1|           1|
    |or_ln340_2_fu_3435_p2        |    or    |      0|  0|   2|           1|           1|
    |or_ln340_3_fu_3584_p2        |    or    |      0|  0|   2|           1|           1|
    |or_ln340_4_fu_3893_p2        |    or    |      0|  0|   2|           1|           1|
    |or_ln340_5_fu_4042_p2        |    or    |      0|  0|   2|           1|           1|
    |or_ln340_6_fu_4191_p2        |    or    |      0|  0|   2|           1|           1|
    |or_ln340_7_fu_4340_p2        |    or    |      0|  0|   2|           1|           1|
    |or_ln340_8_fu_4649_p2        |    or    |      0|  0|   2|           1|           1|
    |or_ln340_9_fu_4798_p2        |    or    |      0|  0|   2|           1|           1|
    |or_ln340_fu_3137_p2          |    or    |      0|  0|   2|           1|           1|
    |or_ln785_10_fu_4905_p2       |    or    |      0|  0|   2|           1|           1|
    |or_ln785_11_fu_5054_p2       |    or    |      0|  0|   2|           1|           1|
    |or_ln785_12_fu_5365_p2       |    or    |      0|  0|   2|           1|           1|
    |or_ln785_13_fu_5474_p2       |    or    |      0|  0|   2|           1|           1|
    |or_ln785_14_fu_5583_p2       |    or    |      0|  0|   2|           1|           1|
    |or_ln785_15_fu_5692_p2       |    or    |      0|  0|   2|           1|           1|
    |or_ln785_1_fu_3244_p2        |    or    |      0|  0|   2|           1|           1|
    |or_ln785_2_fu_3393_p2        |    or    |      0|  0|   2|           1|           1|
    |or_ln785_3_fu_3542_p2        |    or    |      0|  0|   2|           1|           1|
    |or_ln785_4_fu_3851_p2        |    or    |      0|  0|   2|           1|           1|
    |or_ln785_5_fu_4000_p2        |    or    |      0|  0|   2|           1|           1|
    |or_ln785_6_fu_4149_p2        |    or    |      0|  0|   2|           1|           1|
    |or_ln785_7_fu_4298_p2        |    or    |      0|  0|   2|           1|           1|
    |or_ln785_8_fu_4607_p2        |    or    |      0|  0|   2|           1|           1|
    |or_ln785_9_fu_4756_p2        |    or    |      0|  0|   2|           1|           1|
    |or_ln785_fu_3095_p2          |    or    |      0|  0|   2|           1|           1|
    |or_ln786_10_fu_4935_p2       |    or    |      0|  0|   2|           1|           1|
    |or_ln786_11_fu_5084_p2       |    or    |      0|  0|   2|           1|           1|
    |or_ln786_12_fu_5395_p2       |    or    |      0|  0|   2|           1|           1|
    |or_ln786_13_fu_5504_p2       |    or    |      0|  0|   2|           1|           1|
    |or_ln786_14_fu_5613_p2       |    or    |      0|  0|   2|           1|           1|
    |or_ln786_15_fu_5722_p2       |    or    |      0|  0|   2|           1|           1|
    |or_ln786_1_fu_3274_p2        |    or    |      0|  0|   2|           1|           1|
    |or_ln786_2_fu_3423_p2        |    or    |      0|  0|   2|           1|           1|
    |or_ln786_3_fu_3572_p2        |    or    |      0|  0|   2|           1|           1|
    |or_ln786_4_fu_3881_p2        |    or    |      0|  0|   2|           1|           1|
    |or_ln786_5_fu_4030_p2        |    or    |      0|  0|   2|           1|           1|
    |or_ln786_6_fu_4179_p2        |    or    |      0|  0|   2|           1|           1|
    |or_ln786_7_fu_4328_p2        |    or    |      0|  0|   2|           1|           1|
    |or_ln786_8_fu_4637_p2        |    or    |      0|  0|   2|           1|           1|
    |or_ln786_9_fu_4786_p2        |    or    |      0|  0|   2|           1|           1|
    |or_ln786_fu_3125_p2          |    or    |      0|  0|   2|           1|           1|
    |select_ln340_10_fu_4965_p3   |  select  |      0|  0|  12|           1|          11|
    |select_ln340_11_fu_5114_p3   |  select  |      0|  0|  12|           1|          11|
    |select_ln340_12_fu_5748_p3   |  select  |      0|  0|  12|           1|          11|
    |select_ln340_13_fu_5784_p3   |  select  |      0|  0|  12|           1|          11|
    |select_ln340_14_fu_5820_p3   |  select  |      0|  0|  12|           1|          11|
    |select_ln340_158_fu_3171_p3  |  select  |      0|  0|  12|           1|          12|
    |select_ln340_159_fu_3320_p3  |  select  |      0|  0|  12|           1|          12|
    |select_ln340_15_fu_5856_p3   |  select  |      0|  0|  12|           1|          11|
    |select_ln340_160_fu_3469_p3  |  select  |      0|  0|  12|           1|          12|
    |select_ln340_161_fu_3618_p3  |  select  |      0|  0|  12|           1|          12|
    |select_ln340_162_fu_3927_p3  |  select  |      0|  0|  12|           1|          12|
    |select_ln340_163_fu_4076_p3  |  select  |      0|  0|  12|           1|          12|
    |select_ln340_164_fu_4225_p3  |  select  |      0|  0|  12|           1|          12|
    |select_ln340_165_fu_4374_p3  |  select  |      0|  0|  12|           1|          12|
    |select_ln340_166_fu_4683_p3  |  select  |      0|  0|  12|           1|          12|
    |select_ln340_167_fu_4832_p3  |  select  |      0|  0|  12|           1|          12|
    |select_ln340_168_fu_4981_p3  |  select  |      0|  0|  12|           1|          12|
    |select_ln340_169_fu_5130_p3  |  select  |      0|  0|  12|           1|          12|
    |select_ln340_1_fu_3304_p3    |  select  |      0|  0|  12|           1|          11|
    |select_ln340_2_fu_3453_p3    |  select  |      0|  0|  12|           1|          11|
    |select_ln340_3_fu_3602_p3    |  select  |      0|  0|  12|           1|          11|
    |select_ln340_4_fu_3911_p3    |  select  |      0|  0|  12|           1|          11|
    |select_ln340_5_fu_4060_p3    |  select  |      0|  0|  12|           1|          11|
    |select_ln340_6_fu_4209_p3    |  select  |      0|  0|  12|           1|          11|
    |select_ln340_7_fu_4358_p3    |  select  |      0|  0|  12|           1|          11|
    |select_ln340_8_fu_4667_p3    |  select  |      0|  0|  12|           1|          11|
    |select_ln340_9_fu_4816_p3    |  select  |      0|  0|  12|           1|          11|
    |select_ln340_fu_3155_p3      |  select  |      0|  0|  12|           1|          11|
    |select_ln388_10_fu_4973_p3   |  select  |      0|  0|  13|           1|          13|
    |select_ln388_11_fu_5122_p3   |  select  |      0|  0|  13|           1|          13|
    |select_ln388_12_fu_5755_p3   |  select  |      0|  0|  13|           1|          13|
    |select_ln388_13_fu_5791_p3   |  select  |      0|  0|  13|           1|          13|
    |select_ln388_14_fu_5827_p3   |  select  |      0|  0|  13|           1|          13|
    |select_ln388_15_fu_5863_p3   |  select  |      0|  0|  13|           1|          13|
    |select_ln388_1_fu_3312_p3    |  select  |      0|  0|  13|           1|          13|
    |select_ln388_2_fu_3461_p3    |  select  |      0|  0|  13|           1|          13|
    |select_ln388_3_fu_3610_p3    |  select  |      0|  0|  13|           1|          13|
    |select_ln388_4_fu_3919_p3    |  select  |      0|  0|  13|           1|          13|
    |select_ln388_5_fu_4068_p3    |  select  |      0|  0|  13|           1|          13|
    |select_ln388_6_fu_4217_p3    |  select  |      0|  0|  13|           1|          13|
    |select_ln388_7_fu_4366_p3    |  select  |      0|  0|  13|           1|          13|
    |select_ln388_8_fu_4675_p3    |  select  |      0|  0|  13|           1|          13|
    |select_ln388_9_fu_4824_p3    |  select  |      0|  0|  13|           1|          13|
    |select_ln388_fu_3163_p3      |  select  |      0|  0|  13|           1|          13|
    |select_ln65_1_fu_2674_p3     |  select  |      0|  0|   5|           1|           5|
    |select_ln65_2_fu_2688_p3     |  select  |      0|  0|   5|           1|           5|
    |select_ln65_3_fu_2702_p3     |  select  |      0|  0|   5|           1|           5|
    |select_ln65_fu_2660_p3       |  select  |      0|  0|   5|           1|           1|
    |top_12_V_d0                  |  select  |      0|  0|  12|           1|          12|
    |top_13_V_d0                  |  select  |      0|  0|  12|           1|          12|
    |top_14_V_d0                  |  select  |      0|  0|  12|           1|          12|
    |top_15_V_d0                  |  select  |      0|  0|  12|           1|          12|
    |ap_enable_pp0                |    xor   |      0|  0|   2|           1|           2|
    |xor_ln340_10_fu_4953_p2      |    xor   |      0|  0|   2|           2|           1|
    |xor_ln340_11_fu_5102_p2      |    xor   |      0|  0|   2|           2|           1|
    |xor_ln340_12_fu_5738_p2      |    xor   |      0|  0|   2|           2|           1|
    |xor_ln340_13_fu_5774_p2      |    xor   |      0|  0|   2|           2|           1|
    |xor_ln340_14_fu_5810_p2      |    xor   |      0|  0|   2|           2|           1|
    |xor_ln340_15_fu_5846_p2      |    xor   |      0|  0|   2|           2|           1|
    |xor_ln340_1_fu_3292_p2       |    xor   |      0|  0|   2|           2|           1|
    |xor_ln340_2_fu_3441_p2       |    xor   |      0|  0|   2|           2|           1|
    |xor_ln340_3_fu_3590_p2       |    xor   |      0|  0|   2|           2|           1|
    |xor_ln340_4_fu_3899_p2       |    xor   |      0|  0|   2|           2|           1|
    |xor_ln340_5_fu_4048_p2       |    xor   |      0|  0|   2|           2|           1|
    |xor_ln340_6_fu_4197_p2       |    xor   |      0|  0|   2|           2|           1|
    |xor_ln340_7_fu_4346_p2       |    xor   |      0|  0|   2|           2|           1|
    |xor_ln340_8_fu_4655_p2       |    xor   |      0|  0|   2|           2|           1|
    |xor_ln340_9_fu_4804_p2       |    xor   |      0|  0|   2|           2|           1|
    |xor_ln340_fu_3143_p2         |    xor   |      0|  0|   2|           2|           1|
    |xor_ln785_10_fu_4911_p2      |    xor   |      0|  0|   2|           1|           2|
    |xor_ln785_11_fu_5060_p2      |    xor   |      0|  0|   2|           1|           2|
    |xor_ln785_12_fu_5371_p2      |    xor   |      0|  0|   2|           1|           2|
    |xor_ln785_13_fu_5480_p2      |    xor   |      0|  0|   2|           1|           2|
    |xor_ln785_14_fu_5589_p2      |    xor   |      0|  0|   2|           1|           2|
    |xor_ln785_15_fu_5698_p2      |    xor   |      0|  0|   2|           1|           2|
    |xor_ln785_1_fu_3250_p2       |    xor   |      0|  0|   2|           1|           2|
    |xor_ln785_2_fu_3399_p2       |    xor   |      0|  0|   2|           1|           2|
    |xor_ln785_3_fu_3548_p2       |    xor   |      0|  0|   2|           1|           2|
    |xor_ln785_4_fu_3857_p2       |    xor   |      0|  0|   2|           1|           2|
    |xor_ln785_5_fu_4006_p2       |    xor   |      0|  0|   2|           1|           2|
    |xor_ln785_6_fu_4155_p2       |    xor   |      0|  0|   2|           1|           2|
    |xor_ln785_7_fu_4304_p2       |    xor   |      0|  0|   2|           1|           2|
    |xor_ln785_8_fu_4613_p2       |    xor   |      0|  0|   2|           1|           2|
    |xor_ln785_9_fu_4762_p2       |    xor   |      0|  0|   2|           1|           2|
    |xor_ln785_fu_3101_p2         |    xor   |      0|  0|   2|           1|           2|
    |xor_ln786_10_fu_4923_p2      |    xor   |      0|  0|   2|           1|           2|
    |xor_ln786_11_fu_5072_p2      |    xor   |      0|  0|   2|           1|           2|
    |xor_ln786_12_fu_5383_p2      |    xor   |      0|  0|   2|           1|           2|
    |xor_ln786_13_fu_5492_p2      |    xor   |      0|  0|   2|           1|           2|
    |xor_ln786_14_fu_5601_p2      |    xor   |      0|  0|   2|           1|           2|
    |xor_ln786_15_fu_5710_p2      |    xor   |      0|  0|   2|           1|           2|
    |xor_ln786_1_fu_3262_p2       |    xor   |      0|  0|   2|           1|           2|
    |xor_ln786_2_fu_3411_p2       |    xor   |      0|  0|   2|           1|           2|
    |xor_ln786_3_fu_3560_p2       |    xor   |      0|  0|   2|           1|           2|
    |xor_ln786_4_fu_3869_p2       |    xor   |      0|  0|   2|           1|           2|
    |xor_ln786_5_fu_4018_p2       |    xor   |      0|  0|   2|           1|           2|
    |xor_ln786_6_fu_4167_p2       |    xor   |      0|  0|   2|           1|           2|
    |xor_ln786_7_fu_4316_p2       |    xor   |      0|  0|   2|           1|           2|
    |xor_ln786_8_fu_4625_p2       |    xor   |      0|  0|   2|           1|           2|
    |xor_ln786_9_fu_4774_p2       |    xor   |      0|  0|   2|           1|           2|
    |xor_ln786_fu_3113_p2         |    xor   |      0|  0|   2|           1|           2|
    +-----------------------------+----------+-------+---+----+------------+------------+
    |Total                        |          |      0|  0|2082|         922|        1338|
    +-----------------------------+----------+-------+---+----+------------+------------+

    * Multiplexer: 
    +------------------------------------------+----+-----------+-----+-----------+
    |                   Name                   | LUT| Input Size| Bits| Total Bits|
    +------------------------------------------+----+-----------+-----+-----------+
    |ap_NS_fsm                                 |  41|          8|    1|          8|
    |ap_enable_reg_pp0_iter2                   |   9|          2|    1|          2|
    |ap_phi_mux_col_0_phi_fu_2206_p4           |   9|          2|    5|         10|
    |ap_phi_mux_indvar_flatten_phi_fu_2184_p4  |   9|          2|   10|         20|
    |ap_phi_mux_row_0_phi_fu_2195_p4           |   9|          2|    5|         10|
    |bottom_0_V_address0                       |  33|          6|   10|         60|
    |bottom_0_V_address1                       |  27|          5|   10|         50|
    |bottom_1_V_address0                       |  33|          6|   10|         60|
    |bottom_1_V_address1                       |  27|          5|   10|         50|
    |bottom_2_V_address0                       |  33|          6|   10|         60|
    |bottom_2_V_address1                       |  27|          5|   10|         50|
    |bottom_3_V_address0                       |  33|          6|   10|         60|
    |bottom_3_V_address1                       |  27|          5|   10|         50|
    |bottom_4_V_address0                       |  33|          6|   10|         60|
    |bottom_4_V_address1                       |  27|          5|   10|         50|
    |bottom_5_V_address0                       |  33|          6|   10|         60|
    |bottom_5_V_address1                       |  27|          5|   10|         50|
    |col_0_reg_2202                            |   9|          2|    5|         10|
    |grp_compute_engine_16_fu_2274_b_V         |  15|          3|   16|         48|
    |grp_compute_engine_16_fu_2274_w_V         |  15|          3|    2|          6|
    |grp_compute_engine_16_fu_2283_w_V         |  15|          3|    2|          6|
    |grp_compute_engine_16_fu_2292_b_V         |  15|          3|   16|         48|
    |grp_compute_engine_16_fu_2292_w_V         |  15|          3|    2|          6|
    |grp_compute_engine_16_fu_2301_w_V         |  15|          3|    2|          6|
    |grp_compute_engine_16_fu_2310_b_V         |  15|          3|   16|         48|
    |grp_compute_engine_16_fu_2310_w_V         |  15|          3|    2|          6|
    |grp_compute_engine_16_fu_2319_w_V         |  15|          3|    2|          6|
    |grp_compute_engine_16_fu_2328_b_V         |  15|          3|   16|         48|
    |grp_compute_engine_16_fu_2328_w_V         |  15|          3|    2|          6|
    |grp_compute_engine_16_fu_2337_w_V         |  15|          3|    2|          6|
    |grp_compute_engine_16_fu_2346_b_V         |  15|          3|   16|         48|
    |grp_compute_engine_16_fu_2346_w_V         |  15|          3|    2|          6|
    |grp_compute_engine_16_fu_2355_w_V         |  15|          3|    2|          6|
    |grp_compute_engine_16_fu_2364_b_V         |  15|          3|   16|         48|
    |grp_compute_engine_16_fu_2364_w_V         |  15|          3|    2|          6|
    |grp_compute_engine_16_fu_2373_w_V         |  15|          3|    2|          6|
    |grp_compute_engine_16_fu_2382_b_V         |  15|          3|   16|         48|
    |grp_compute_engine_16_fu_2382_w_V         |  15|          3|    2|          6|
    |grp_compute_engine_16_fu_2391_b_V         |  15|          3|   16|         48|
    |grp_compute_engine_16_fu_2391_w_V         |  15|          3|    2|          6|
    |grp_compute_engine_16_fu_2400_b_V         |  15|          3|   16|         48|
    |grp_compute_engine_16_fu_2400_w_V         |  15|          3|    2|          6|
    |grp_compute_engine_16_fu_2409_b_V         |  15|          3|   16|         48|
    |grp_compute_engine_16_fu_2409_w_V         |  15|          3|    2|          6|
    |grp_compute_engine_16_fu_2418_b_V         |  15|          3|   16|         48|
    |grp_compute_engine_16_fu_2418_w_V         |  15|          3|    2|          6|
    |grp_compute_engine_16_fu_2427_w_V         |  15|          3|    2|          6|
    |grp_compute_engine_16_fu_2436_b_V         |  15|          3|   16|         48|
    |grp_compute_engine_16_fu_2436_w_V         |  15|          3|    2|          6|
    |grp_compute_engine_16_fu_2445_b_V         |  15|          3|   16|         48|
    |grp_compute_engine_16_fu_2445_w_V         |  15|          3|    2|          6|
    |grp_compute_engine_16_fu_2454_b_V         |  15|          3|   16|         48|
    |grp_compute_engine_16_fu_2454_w_V         |  15|          3|    2|          6|
    |grp_compute_engine_16_fu_2463_b_V         |  15|          3|   16|         48|
    |grp_compute_engine_16_fu_2463_w_V         |  15|          3|    2|          6|
    |grp_compute_engine_16_fu_2472_b_V         |  15|          3|   16|         48|
    |grp_compute_engine_16_fu_2472_w_V         |  15|          3|    2|          6|
    |grp_compute_engine_16_fu_2481_b_V         |  15|          3|   16|         48|
    |grp_compute_engine_16_fu_2481_w_V         |  15|          3|    2|          6|
    |grp_compute_engine_16_fu_2490_b_V         |  15|          3|   16|         48|
    |grp_compute_engine_16_fu_2490_w_V         |  15|          3|    2|          6|
    |grp_compute_engine_16_fu_2499_b_V         |  15|          3|   16|         48|
    |grp_compute_engine_16_fu_2499_w_V         |  15|          3|    2|          6|
    |grp_compute_engine_16_fu_2508_b_V         |  15|          3|   16|         48|
    |grp_compute_engine_16_fu_2508_w_V         |  15|          3|    2|          6|
    |grp_compute_engine_16_fu_2517_b_V         |  27|          5|   16|         80|
    |grp_compute_engine_16_fu_2517_w_V         |  21|          4|    2|          8|
    |grp_sum_engine_fu_2213_t0_V               |  27|          5|    6|         30|
    |grp_sum_engine_fu_2213_t1_V               |  27|          5|    6|         30|
    |grp_sum_engine_fu_2213_t2_V               |  27|          5|    6|         30|
    |grp_sum_engine_fu_2213_t3_V               |  27|          5|    6|         30|
    |grp_sum_engine_fu_2213_t4_V               |  27|          5|    6|         30|
    |grp_sum_engine_fu_2213_t5_V               |  27|          5|    6|         30|
    |grp_sum_engine_fu_2213_t6_V               |  27|          5|    6|         30|
    |grp_sum_engine_fu_2213_t7_V               |  27|          5|    6|         30|
    |grp_sum_engine_fu_2213_t8_V               |  27|          5|    6|         30|
    |grp_sum_engine_fu_2226_t0_V               |  27|          5|    6|         30|
    |grp_sum_engine_fu_2226_t1_V               |  27|          5|    6|         30|
    |grp_sum_engine_fu_2226_t2_V               |  27|          5|    6|         30|
    |grp_sum_engine_fu_2226_t3_V               |  27|          5|    6|         30|
    |grp_sum_engine_fu_2226_t4_V               |  27|          5|    6|         30|
    |grp_sum_engine_fu_2226_t5_V               |  27|          5|    6|         30|
    |grp_sum_engine_fu_2226_t6_V               |  27|          5|    6|         30|
    |grp_sum_engine_fu_2226_t7_V               |  27|          5|    6|         30|
    |grp_sum_engine_fu_2226_t8_V               |  27|          5|    6|         30|
    |grp_sum_engine_fu_2239_t0_V               |  27|          5|    6|         30|
    |grp_sum_engine_fu_2239_t1_V               |  27|          5|    6|         30|
    |grp_sum_engine_fu_2239_t2_V               |  27|          5|    6|         30|
    |grp_sum_engine_fu_2239_t3_V               |  27|          5|    6|         30|
    |grp_sum_engine_fu_2239_t4_V               |  27|          5|    6|         30|
    |grp_sum_engine_fu_2239_t5_V               |  27|          5|    6|         30|
    |grp_sum_engine_fu_2239_t6_V               |  27|          5|    6|         30|
    |grp_sum_engine_fu_2239_t7_V               |  27|          5|    6|         30|
    |grp_sum_engine_fu_2239_t8_V               |  27|          5|    6|         30|
    |grp_sum_engine_fu_2252_t0_V               |  27|          5|    6|         30|
    |grp_sum_engine_fu_2252_t1_V               |  27|          5|    6|         30|
    |grp_sum_engine_fu_2252_t2_V               |  27|          5|    6|         30|
    |grp_sum_engine_fu_2252_t3_V               |  27|          5|    6|         30|
    |grp_sum_engine_fu_2252_t4_V               |  27|          5|    6|         30|
    |grp_sum_engine_fu_2252_t5_V               |  27|          5|    6|         30|
    |grp_sum_engine_fu_2252_t6_V               |  27|          5|    6|         30|
    |grp_sum_engine_fu_2252_t7_V               |  27|          5|    6|         30|
    |grp_sum_engine_fu_2252_t8_V               |  27|          5|    6|         30|
    |indvar_flatten_reg_2180                   |   9|          2|   10|         20|
    |reg_2612                                  |   9|          2|    2|          4|
    |reg_2619                                  |   9|          2|    2|          4|
    |row_0_reg_2191                            |   9|          2|    5|         10|
    |top_0_V_address0                          |  15|          3|   10|         30|
    |top_10_V_address0                         |  15|          3|   10|         30|
    |top_11_V_address0                         |  15|          3|   10|         30|
    |top_12_V_address0                         |  15|          3|   10|         30|
    |top_13_V_address0                         |  15|          3|   10|         30|
    |top_14_V_address0                         |  15|          3|   10|         30|
    |top_15_V_address0                         |  15|          3|   10|         30|
    |top_1_V_address0                          |  15|          3|   10|         30|
    |top_2_V_address0                          |  15|          3|   10|         30|
    |top_3_V_address0                          |  15|          3|   10|         30|
    |top_8_V_address0                          |  15|          3|   10|         30|
    |top_9_V_address0                          |  15|          3|   10|         30|
    |weights_0_V_address0                      |  33|          6|    4|         24|
    |weights_0_V_address1                      |  27|          5|    4|         20|
    |weights_10_V_address0                     |  33|          6|    4|         24|
    |weights_10_V_address1                     |  27|          5|    4|         20|
    |weights_11_V_address0                     |  33|          6|    4|         24|
    |weights_11_V_address1                     |  27|          5|    4|         20|
    |weights_12_V_address0                     |  33|          6|    4|         24|
    |weights_12_V_address1                     |  27|          5|    4|         20|
    |weights_13_V_address0                     |  33|          6|    4|         24|
    |weights_13_V_address1                     |  27|          5|    4|         20|
    |weights_14_V_address0                     |  33|          6|    4|         24|
    |weights_14_V_address1                     |  27|          5|    4|         20|
    |weights_15_V_address0                     |  33|          6|    4|         24|
    |weights_15_V_address1                     |  27|          5|    4|         20|
    |weights_1_V_address0                      |  33|          6|    4|         24|
    |weights_1_V_address1                      |  27|          5|    4|         20|
    |weights_2_V_address0                      |  33|          6|    4|         24|
    |weights_2_V_address1                      |  27|          5|    4|         20|
    |weights_3_V_address0                      |  33|          6|    4|         24|
    |weights_3_V_address1                      |  27|          5|    4|         20|
    |weights_4_V_address0                      |  33|          6|    4|         24|
    |weights_4_V_address1                      |  27|          5|    4|         20|
    |weights_5_V_address0                      |  33|          6|    4|         24|
    |weights_5_V_address1                      |  27|          5|    4|         20|
    |weights_6_V_address0                      |  33|          6|    4|         24|
    |weights_6_V_address1                      |  27|          5|    4|         20|
    |weights_7_V_address0                      |  33|          6|    4|         24|
    |weights_7_V_address1                      |  27|          5|    4|         20|
    |weights_8_V_address0                      |  33|          6|    4|         24|
    |weights_8_V_address1                      |  27|          5|    4|         20|
    |weights_9_V_address0                      |  33|          6|    4|         24|
    |weights_9_V_address1                      |  27|          5|    4|         20|
    +------------------------------------------+----+-----------+-----+-----------+
    |Total                                     |3347|        634| 1022|       4112|
    +------------------------------------------+----+-----------+-----+-----------+

    * Register: 
    +--------------------------------------------+----+----+-----+-----------+
    |                    Name                    | FF | LUT| Bits| Const Bits|
    +--------------------------------------------+----+----+-----+-----------+
    |add_ln60_reg_6608                           |  10|   0|   10|          0|
    |add_ln67_1_reg_6670                         |   5|   0|    5|          0|
    |add_ln703_87_reg_8165                       |  12|   0|   12|          0|
    |add_ln703_88_reg_8184                       |  12|   0|   12|          0|
    |add_ln703_89_reg_8203                       |  12|   0|   12|          0|
    |add_ln703_90_reg_8222                       |  12|   0|   12|          0|
    |and_ln785_66_reg_8171                       |   1|   0|    1|          0|
    |and_ln785_67_reg_8190                       |   1|   0|    1|          0|
    |and_ln785_68_reg_8209                       |   1|   0|    1|          0|
    |and_ln785_69_reg_8228                       |   1|   0|    1|          0|
    |and_ln786_151_reg_8177                      |   1|   0|    1|          0|
    |and_ln786_152_reg_8196                      |   1|   0|    1|          0|
    |and_ln786_153_reg_8215                      |   1|   0|    1|          0|
    |and_ln786_154_reg_8234                      |   1|   0|    1|          0|
    |ap_CS_fsm                                   |   7|   0|    7|          0|
    |ap_enable_reg_pp0_iter0                     |   1|   0|    1|          0|
    |ap_enable_reg_pp0_iter1                     |   1|   0|    1|          0|
    |ap_enable_reg_pp0_iter2                     |   1|   0|    1|          0|
    |col_0_reg_2202                              |   5|   0|    5|          0|
    |col_reg_6736                                |   5|   0|    5|          0|
    |grp_compute_engine_16_fu_2265_ap_start_reg  |   1|   0|    1|          0|
    |grp_compute_engine_16_fu_2274_ap_start_reg  |   1|   0|    1|          0|
    |grp_compute_engine_16_fu_2283_ap_start_reg  |   1|   0|    1|          0|
    |grp_compute_engine_16_fu_2292_ap_start_reg  |   1|   0|    1|          0|
    |grp_compute_engine_16_fu_2301_ap_start_reg  |   1|   0|    1|          0|
    |grp_compute_engine_16_fu_2310_ap_start_reg  |   1|   0|    1|          0|
    |grp_compute_engine_16_fu_2319_ap_start_reg  |   1|   0|    1|          0|
    |grp_compute_engine_16_fu_2328_ap_start_reg  |   1|   0|    1|          0|
    |grp_compute_engine_16_fu_2337_ap_start_reg  |   1|   0|    1|          0|
    |grp_compute_engine_16_fu_2346_ap_start_reg  |   1|   0|    1|          0|
    |grp_compute_engine_16_fu_2355_ap_start_reg  |   1|   0|    1|          0|
    |grp_compute_engine_16_fu_2364_ap_start_reg  |   1|   0|    1|          0|
    |grp_compute_engine_16_fu_2373_ap_start_reg  |   1|   0|    1|          0|
    |grp_compute_engine_16_fu_2382_ap_start_reg  |   1|   0|    1|          0|
    |grp_compute_engine_16_fu_2391_ap_start_reg  |   1|   0|    1|          0|
    |grp_compute_engine_16_fu_2400_ap_start_reg  |   1|   0|    1|          0|
    |grp_compute_engine_16_fu_2409_ap_start_reg  |   1|   0|    1|          0|
    |grp_compute_engine_16_fu_2418_ap_start_reg  |   1|   0|    1|          0|
    |grp_compute_engine_16_fu_2427_ap_start_reg  |   1|   0|    1|          0|
    |grp_compute_engine_16_fu_2436_ap_start_reg  |   1|   0|    1|          0|
    |grp_compute_engine_16_fu_2445_ap_start_reg  |   1|   0|    1|          0|
    |grp_compute_engine_16_fu_2454_ap_start_reg  |   1|   0|    1|          0|
    |grp_compute_engine_16_fu_2463_ap_start_reg  |   1|   0|    1|          0|
    |grp_compute_engine_16_fu_2472_ap_start_reg  |   1|   0|    1|          0|
    |grp_compute_engine_16_fu_2481_ap_start_reg  |   1|   0|    1|          0|
    |grp_compute_engine_16_fu_2490_ap_start_reg  |   1|   0|    1|          0|
    |grp_compute_engine_16_fu_2499_ap_start_reg  |   1|   0|    1|          0|
    |grp_compute_engine_16_fu_2508_ap_start_reg  |   1|   0|    1|          0|
    |grp_compute_engine_16_fu_2517_ap_start_reg  |   1|   0|    1|          0|
    |icmp_ln60_reg_6604                          |   1|   0|    1|          0|
    |indvar_flatten_reg_2180                     |  10|   0|   10|          0|
    |p_028_10_reg_7053                           |   5|   0|    5|          0|
    |p_028_10_reg_7053_pp0_iter1_reg             |   5|   0|    5|          0|
    |p_028_11_reg_7063                           |   5|   0|    5|          0|
    |p_028_11_reg_7063_pp0_iter1_reg             |   5|   0|    5|          0|
    |p_028_12_reg_7073                           |   5|   0|    5|          0|
    |p_028_12_reg_7073_pp0_iter1_reg             |   5|   0|    5|          0|
    |p_028_13_reg_7083                           |   5|   0|    5|          0|
    |p_028_13_reg_7083_pp0_iter1_reg             |   5|   0|    5|          0|
    |p_028_14_reg_7980                           |   5|   0|    5|          0|
    |p_028_1_reg_6953                            |   5|   0|    5|          0|
    |p_028_2_reg_6963                            |   5|   0|    5|          0|
    |p_028_3_reg_6973                            |   5|   0|    5|          0|
    |p_028_4_reg_6983                            |   5|   0|    5|          0|
    |p_028_4_reg_6983_pp0_iter1_reg              |   5|   0|    5|          0|
    |p_028_5_reg_6993                            |   5|   0|    5|          0|
    |p_028_5_reg_6993_pp0_iter1_reg              |   5|   0|    5|          0|
    |p_028_6_reg_7003                            |   5|   0|    5|          0|
    |p_028_6_reg_7003_pp0_iter1_reg              |   5|   0|    5|          0|
    |p_028_7_reg_7013                            |   5|   0|    5|          0|
    |p_028_7_reg_7013_pp0_iter1_reg              |   5|   0|    5|          0|
    |p_028_8_reg_7023                            |   5|   0|    5|          0|
    |p_028_8_reg_7023_pp0_iter1_reg              |   5|   0|    5|          0|
    |p_028_9_reg_7033                            |   5|   0|    5|          0|
    |p_028_9_reg_7033_pp0_iter1_reg              |   5|   0|    5|          0|
    |p_028_s_reg_7043                            |   5|   0|    5|          0|
    |p_028_s_reg_7043_pp0_iter1_reg              |   5|   0|    5|          0|
    |p_s_reg_6903                                |   5|   0|    5|          0|
    |reg_2612                                    |   2|   0|    2|          0|
    |reg_2619                                    |   2|   0|    2|          0|
    |reg_2626                                    |   8|   0|    8|          0|
    |reg_2630                                    |   8|   0|    8|          0|
    |reg_2634                                    |   8|   0|    8|          0|
    |reg_2638                                    |   8|   0|    8|          0|
    |row_0_reg_2191                              |   5|   0|    5|          0|
    |select_ln340_158_reg_8045                   |  12|   0|   12|          0|
    |select_ln340_159_reg_8050                   |  12|   0|   12|          0|
    |select_ln340_160_reg_8055                   |  12|   0|   12|          0|
    |select_ln340_161_reg_8060                   |  12|   0|   12|          0|
    |select_ln340_162_reg_8085                   |  12|   0|   12|          0|
    |select_ln340_163_reg_8090                   |  12|   0|   12|          0|
    |select_ln340_164_reg_8095                   |  12|   0|   12|          0|
    |select_ln340_165_reg_8100                   |  12|   0|   12|          0|
    |select_ln340_166_reg_8125                   |  12|   0|   12|          0|
    |select_ln340_167_reg_8130                   |  12|   0|   12|          0|
    |select_ln340_168_reg_8135                   |  12|   0|   12|          0|
    |select_ln340_169_reg_8140                   |  12|   0|   12|          0|
    |select_ln65_1_reg_6620                      |   5|   0|    5|          0|
    |select_ln65_2_reg_6628                      |   5|   0|    5|          0|
    |select_ln65_3_reg_6633                      |   5|   0|    5|          0|
    |select_ln65_reg_6613                        |   5|   0|    5|          0|
    |tmp1_V_0_10_reg_7048                        |   5|   0|    5|          0|
    |tmp1_V_0_10_reg_7048_pp0_iter1_reg          |   5|   0|    5|          0|
    |tmp1_V_0_11_reg_7058                        |   5|   0|    5|          0|
    |tmp1_V_0_11_reg_7058_pp0_iter1_reg          |   5|   0|    5|          0|
    |tmp1_V_0_12_reg_7068                        |   5|   0|    5|          0|
    |tmp1_V_0_12_reg_7068_pp0_iter1_reg          |   5|   0|    5|          0|
    |tmp1_V_0_13_reg_7078                        |   5|   0|    5|          0|
    |tmp1_V_0_13_reg_7078_pp0_iter1_reg          |   5|   0|    5|          0|
    |tmp1_V_0_14_reg_7336                        |   5|   0|    5|          0|
    |tmp1_V_0_14_reg_7336_pp0_iter1_reg          |   5|   0|    5|          0|
    |tmp1_V_0_1_reg_6958                         |   5|   0|    5|          0|
    |tmp1_V_0_2_reg_6968                         |   5|   0|    5|          0|
    |tmp1_V_0_3_reg_6978                         |   5|   0|    5|          0|
    |tmp1_V_0_4_reg_6988                         |   5|   0|    5|          0|
    |tmp1_V_0_4_reg_6988_pp0_iter1_reg           |   5|   0|    5|          0|
    |tmp1_V_0_5_reg_6998                         |   5|   0|    5|          0|
    |tmp1_V_0_5_reg_6998_pp0_iter1_reg           |   5|   0|    5|          0|
    |tmp1_V_0_6_reg_7008                         |   5|   0|    5|          0|
    |tmp1_V_0_6_reg_7008_pp0_iter1_reg           |   5|   0|    5|          0|
    |tmp1_V_0_7_reg_7018                         |   5|   0|    5|          0|
    |tmp1_V_0_7_reg_7018_pp0_iter1_reg           |   5|   0|    5|          0|
    |tmp1_V_0_8_reg_7028                         |   5|   0|    5|          0|
    |tmp1_V_0_8_reg_7028_pp0_iter1_reg           |   5|   0|    5|          0|
    |tmp1_V_0_9_reg_7038                         |   5|   0|    5|          0|
    |tmp1_V_0_9_reg_7038_pp0_iter1_reg           |   5|   0|    5|          0|
    |tmp1_V_0_s_reg_7985                         |   5|   0|    5|          0|
    |tmp1_V_reg_6908                             |   5|   0|    5|          0|
    |tmp2_V_0_10_reg_7296                        |   5|   0|    5|          0|
    |tmp2_V_0_10_reg_7296_pp0_iter1_reg          |   5|   0|    5|          0|
    |tmp2_V_0_11_reg_7306                        |   5|   0|    5|          0|
    |tmp2_V_0_11_reg_7306_pp0_iter1_reg          |   5|   0|    5|          0|
    |tmp2_V_0_12_reg_7316                        |   5|   0|    5|          0|
    |tmp2_V_0_12_reg_7316_pp0_iter1_reg          |   5|   0|    5|          0|
    |tmp2_V_0_13_reg_7326                        |   5|   0|    5|          0|
    |tmp2_V_0_13_reg_7326_pp0_iter1_reg          |   5|   0|    5|          0|
    |tmp2_V_0_14_reg_7564                        |   5|   0|    5|          0|
    |tmp2_V_0_14_reg_7564_pp0_iter1_reg          |   5|   0|    5|          0|
    |tmp2_V_0_1_reg_7206                         |   5|   0|    5|          0|
    |tmp2_V_0_2_reg_7216                         |   5|   0|    5|          0|
    |tmp2_V_0_3_reg_7226                         |   5|   0|    5|          0|
    |tmp2_V_0_4_reg_7236                         |   5|   0|    5|          0|
    |tmp2_V_0_5_reg_7246                         |   5|   0|    5|          0|
    |tmp2_V_0_6_reg_7256                         |   5|   0|    5|          0|
    |tmp2_V_0_7_reg_7266                         |   5|   0|    5|          0|
    |tmp2_V_0_8_reg_7276                         |   5|   0|    5|          0|
    |tmp2_V_0_8_reg_7276_pp0_iter1_reg           |   5|   0|    5|          0|
    |tmp2_V_0_9_reg_7286                         |   5|   0|    5|          0|
    |tmp2_V_0_9_reg_7286_pp0_iter1_reg           |   5|   0|    5|          0|
    |tmp2_V_0_s_reg_7990                         |   5|   0|    5|          0|
    |tmp2_V_reg_7158                             |   5|   0|    5|          0|
    |tmp3_V_0_10_reg_7301                        |   5|   0|    5|          0|
    |tmp3_V_0_10_reg_7301_pp0_iter1_reg          |   5|   0|    5|          0|
    |tmp3_V_0_11_reg_7311                        |   5|   0|    5|          0|
    |tmp3_V_0_11_reg_7311_pp0_iter1_reg          |   5|   0|    5|          0|
    |tmp3_V_0_12_reg_7321                        |   5|   0|    5|          0|
    |tmp3_V_0_12_reg_7321_pp0_iter1_reg          |   5|   0|    5|          0|
    |tmp3_V_0_13_reg_7331                        |   5|   0|    5|          0|
    |tmp3_V_0_13_reg_7331_pp0_iter1_reg          |   5|   0|    5|          0|
    |tmp3_V_0_14_reg_7808                        |   5|   0|    5|          0|
    |tmp3_V_0_1_reg_7211                         |   5|   0|    5|          0|
    |tmp3_V_0_2_reg_7221                         |   5|   0|    5|          0|
    |tmp3_V_0_3_reg_7231                         |   5|   0|    5|          0|
    |tmp3_V_0_4_reg_7241                         |   5|   0|    5|          0|
    |tmp3_V_0_5_reg_7251                         |   5|   0|    5|          0|
    |tmp3_V_0_6_reg_7261                         |   5|   0|    5|          0|
    |tmp3_V_0_7_reg_7271                         |   5|   0|    5|          0|
    |tmp3_V_0_8_reg_7281                         |   5|   0|    5|          0|
    |tmp3_V_0_8_reg_7281_pp0_iter1_reg           |   5|   0|    5|          0|
    |tmp3_V_0_9_reg_7291                         |   5|   0|    5|          0|
    |tmp3_V_0_9_reg_7291_pp0_iter1_reg           |   5|   0|    5|          0|
    |tmp3_V_0_s_reg_7995                         |   5|   0|    5|          0|
    |tmp3_V_reg_7163                             |   5|   0|    5|          0|
    |tmp4_V_0_10_reg_7524                        |   5|   0|    5|          0|
    |tmp4_V_0_11_reg_7534                        |   5|   0|    5|          0|
    |tmp4_V_0_12_reg_7544                        |   5|   0|    5|          0|
    |tmp4_V_0_12_reg_7544_pp0_iter1_reg          |   5|   0|    5|          0|
    |tmp4_V_0_13_reg_7554                        |   5|   0|    5|          0|
    |tmp4_V_0_13_reg_7554_pp0_iter1_reg          |   5|   0|    5|          0|
    |tmp4_V_0_14_reg_7955                        |   5|   0|    5|          0|
    |tmp4_V_0_1_reg_7434                         |   5|   0|    5|          0|
    |tmp4_V_0_2_reg_7444                         |   5|   0|    5|          0|
    |tmp4_V_0_3_reg_7454                         |   5|   0|    5|          0|
    |tmp4_V_0_4_reg_7464                         |   5|   0|    5|          0|
    |tmp4_V_0_5_reg_7474                         |   5|   0|    5|          0|
    |tmp4_V_0_6_reg_7484                         |   5|   0|    5|          0|
    |tmp4_V_0_7_reg_7494                         |   5|   0|    5|          0|
    |tmp4_V_0_8_reg_7504                         |   5|   0|    5|          0|
    |tmp4_V_0_9_reg_7514                         |   5|   0|    5|          0|
    |tmp4_V_0_s_reg_8000                         |   5|   0|    5|          0|
    |tmp4_V_reg_7386                             |   5|   0|    5|          0|
    |tmp5_V_0_10_reg_7529                        |   5|   0|    5|          0|
    |tmp5_V_0_11_reg_7539                        |   5|   0|    5|          0|
    |tmp5_V_0_12_reg_7549                        |   5|   0|    5|          0|
    |tmp5_V_0_12_reg_7549_pp0_iter1_reg          |   5|   0|    5|          0|
    |tmp5_V_0_13_reg_7559                        |   5|   0|    5|          0|
    |tmp5_V_0_13_reg_7559_pp0_iter1_reg          |   5|   0|    5|          0|
    |tmp5_V_0_14_reg_7960                        |   5|   0|    5|          0|
    |tmp5_V_0_1_reg_7439                         |   5|   0|    5|          0|
    |tmp5_V_0_2_reg_7449                         |   5|   0|    5|          0|
    |tmp5_V_0_3_reg_7459                         |   5|   0|    5|          0|
    |tmp5_V_0_4_reg_7469                         |   5|   0|    5|          0|
    |tmp5_V_0_5_reg_7479                         |   5|   0|    5|          0|
    |tmp5_V_0_6_reg_7489                         |   5|   0|    5|          0|
    |tmp5_V_0_7_reg_7499                         |   5|   0|    5|          0|
    |tmp5_V_0_8_reg_7509                         |   5|   0|    5|          0|
    |tmp5_V_0_9_reg_7519                         |   5|   0|    5|          0|
    |tmp5_V_0_s_reg_8005                         |   5|   0|    5|          0|
    |tmp5_V_reg_7391                             |   5|   0|    5|          0|
    |tmp6_V_0_10_reg_7768                        |   5|   0|    5|          0|
    |tmp6_V_0_11_reg_7778                        |   5|   0|    5|          0|
    |tmp6_V_0_12_reg_7788                        |   5|   0|    5|          0|
    |tmp6_V_0_13_reg_7798                        |   5|   0|    5|          0|
    |tmp6_V_0_14_reg_7965                        |   5|   0|    5|          0|
    |tmp6_V_0_1_reg_7678                         |   5|   0|    5|          0|
    |tmp6_V_0_2_reg_7688                         |   5|   0|    5|          0|
    |tmp6_V_0_3_reg_7698                         |   5|   0|    5|          0|
    |tmp6_V_0_4_reg_7708                         |   5|   0|    5|          0|
    |tmp6_V_0_5_reg_7718                         |   5|   0|    5|          0|
    |tmp6_V_0_6_reg_7728                         |   5|   0|    5|          0|
    |tmp6_V_0_7_reg_7738                         |   5|   0|    5|          0|
    |tmp6_V_0_8_reg_7748                         |   5|   0|    5|          0|
    |tmp6_V_0_9_reg_7758                         |   5|   0|    5|          0|
    |tmp6_V_0_s_reg_8010                         |   5|   0|    5|          0|
    |tmp6_V_reg_7668                             |   5|   0|    5|          0|
    |tmp7_V_0_10_reg_7773                        |   5|   0|    5|          0|
    |tmp7_V_0_11_reg_7783                        |   5|   0|    5|          0|
    |tmp7_V_0_12_reg_7793                        |   5|   0|    5|          0|
    |tmp7_V_0_13_reg_7803                        |   5|   0|    5|          0|
    |tmp7_V_0_14_reg_7970                        |   5|   0|    5|          0|
    |tmp7_V_0_1_reg_7683                         |   5|   0|    5|          0|
    |tmp7_V_0_2_reg_7693                         |   5|   0|    5|          0|
    |tmp7_V_0_3_reg_7703                         |   5|   0|    5|          0|
    |tmp7_V_0_4_reg_7713                         |   5|   0|    5|          0|
    |tmp7_V_0_5_reg_7723                         |   5|   0|    5|          0|
    |tmp7_V_0_6_reg_7733                         |   5|   0|    5|          0|
    |tmp7_V_0_7_reg_7743                         |   5|   0|    5|          0|
    |tmp7_V_0_8_reg_7753                         |   5|   0|    5|          0|
    |tmp7_V_0_9_reg_7763                         |   5|   0|    5|          0|
    |tmp7_V_0_s_reg_8015                         |   5|   0|    5|          0|
    |tmp7_V_reg_7673                             |   5|   0|    5|          0|
    |tmp8_V_0_10_reg_7929                        |   5|   0|    5|          0|
    |tmp8_V_0_11_reg_7940                        |   5|   0|    5|          0|
    |tmp8_V_0_12_reg_7945                        |   5|   0|    5|          0|
    |tmp8_V_0_13_reg_7950                        |   5|   0|    5|          0|
    |tmp8_V_0_14_reg_7975                        |   5|   0|    5|          0|
    |tmp8_V_0_1_reg_7830                         |   5|   0|    5|          0|
    |tmp8_V_0_2_reg_7841                         |   5|   0|    5|          0|
    |tmp8_V_0_3_reg_7852                         |   5|   0|    5|          0|
    |tmp8_V_0_4_reg_7863                         |   5|   0|    5|          0|
    |tmp8_V_0_5_reg_7874                         |   5|   0|    5|          0|
    |tmp8_V_0_6_reg_7885                         |   5|   0|    5|          0|
    |tmp8_V_0_7_reg_7896                         |   5|   0|    5|          0|
    |tmp8_V_0_8_reg_7907                         |   5|   0|    5|          0|
    |tmp8_V_0_9_reg_7918                         |   5|   0|    5|          0|
    |tmp8_V_0_s_reg_8020                         |   5|   0|    5|          0|
    |tmp8_V_reg_7819                             |   5|   0|    5|          0|
    |tmp_178_reg_6773                            |  16|   0|   16|          0|
    |tmp_179_reg_6793                            |  16|   0|   16|          0|
    |tmp_180_reg_6913                            |  16|   0|   16|          0|
    |tmp_181_reg_6933                            |  16|   0|   16|          0|
    |tmp_182_reg_7168                            |  16|   0|   16|          0|
    |tmp_183_reg_7187                            |  16|   0|   16|          0|
    |tmp_184_reg_7396                            |  16|   0|   16|          0|
    |tmp_185_reg_7415                            |  16|   0|   16|          0|
    |top_0_V_addr_reg_7584                       |  10|   0|   10|          0|
    |top_0_V_load_reg_7813                       |  12|   0|   12|          0|
    |top_10_V_addr_reg_7638                      |  10|   0|   10|          0|
    |top_10_V_addr_reg_7638_pp0_iter2_reg        |  10|   0|   10|          0|
    |top_10_V_load_reg_7923                      |  12|   0|   12|          0|
    |top_11_V_addr_reg_7643                      |  10|   0|   10|          0|
    |top_11_V_addr_reg_7643_pp0_iter2_reg        |  10|   0|   10|          0|
    |top_11_V_load_reg_7934                      |  12|   0|   12|          0|
    |top_12_V_addr_reg_7648                      |  10|   0|   10|          0|
    |top_12_V_addr_reg_7648_pp0_iter2_reg        |  10|   0|   10|          0|
    |top_13_V_addr_reg_7653                      |  10|   0|   10|          0|
    |top_13_V_addr_reg_7653_pp0_iter2_reg        |  10|   0|   10|          0|
    |top_14_V_addr_reg_7658                      |  10|   0|   10|          0|
    |top_14_V_addr_reg_7658_pp0_iter2_reg        |  10|   0|   10|          0|
    |top_15_V_addr_reg_7663                      |  10|   0|   10|          0|
    |top_15_V_addr_reg_7663_pp0_iter2_reg        |  10|   0|   10|          0|
    |top_1_V_addr_reg_7589                       |  10|   0|   10|          0|
    |top_1_V_load_reg_7824                       |  12|   0|   12|          0|
    |top_2_V_addr_reg_7594                       |  10|   0|   10|          0|
    |top_2_V_load_reg_7835                       |  12|   0|   12|          0|
    |top_3_V_addr_reg_7599                       |  10|   0|   10|          0|
    |top_3_V_load_reg_7846                       |  12|   0|   12|          0|
    |top_4_V_addr_reg_7604                       |  10|   0|   10|          0|
    |top_4_V_load_reg_7857                       |  12|   0|   12|          0|
    |top_5_V_addr_reg_7610                       |  10|   0|   10|          0|
    |top_5_V_load_reg_7868                       |  12|   0|   12|          0|
    |top_6_V_addr_reg_7616                       |  10|   0|   10|          0|
    |top_6_V_load_reg_7879                       |  12|   0|   12|          0|
    |top_7_V_addr_reg_7622                       |  10|   0|   10|          0|
    |top_7_V_load_reg_7890                       |  12|   0|   12|          0|
    |top_8_V_addr_reg_7628                       |  10|   0|   10|          0|
    |top_8_V_addr_reg_7628_pp0_iter2_reg         |  10|   0|   10|          0|
    |top_8_V_load_reg_7901                       |  12|   0|   12|          0|
    |top_9_V_addr_reg_7633                       |  10|   0|   10|          0|
    |top_9_V_addr_reg_7633_pp0_iter2_reg         |  10|   0|   10|          0|
    |top_9_V_load_reg_7912                       |  12|   0|   12|          0|
    |trunc_ln1192_40_reg_8030                    |   4|   0|    4|          0|
    |trunc_ln1192_41_reg_8035                    |   4|   0|    4|          0|
    |trunc_ln1192_42_reg_8040                    |   4|   0|    4|          0|
    |trunc_ln1192_43_reg_8065                    |   4|   0|    4|          0|
    |trunc_ln1192_44_reg_8070                    |   4|   0|    4|          0|
    |trunc_ln1192_45_reg_8075                    |   4|   0|    4|          0|
    |trunc_ln1192_46_reg_8080                    |   4|   0|    4|          0|
    |trunc_ln1192_47_reg_8105                    |   4|   0|    4|          0|
    |trunc_ln1192_48_reg_8110                    |   4|   0|    4|          0|
    |trunc_ln1192_49_reg_8115                    |   4|   0|    4|          0|
    |trunc_ln1192_50_reg_8120                    |   4|   0|    4|          0|
    |trunc_ln1192_51_reg_8145                    |   4|   0|    4|          0|
    |trunc_ln1192_52_reg_8150                    |   4|   0|    4|          0|
    |trunc_ln1192_53_reg_8155                    |   4|   0|    4|          0|
    |trunc_ln1192_54_reg_8160                    |   4|   0|    4|          0|
    |trunc_ln1192_reg_8025                       |   4|   0|    4|          0|
    |weights_14_V_load_5_reg_7341                |   2|   0|    2|          0|
    |weights_14_V_load_7_reg_7569                |   2|   0|    2|          0|
    |weights_15_V_load_1_reg_6818                |   2|   0|    2|          0|
    |weights_15_V_load_2_reg_7088                |   2|   0|    2|          0|
    |weights_15_V_load_3_reg_7093                |   2|   0|    2|          0|
    |weights_15_V_load_4_reg_7346                |   2|   0|    2|          0|
    |weights_15_V_load_5_reg_7351                |   2|   0|    2|          0|
    |weights_15_V_load_6_reg_7574                |   2|   0|    2|          0|
    |weights_15_V_load_7_reg_7579                |   2|   0|    2|          0|
    |weights_15_V_load_reg_6813                  |   2|   0|    2|          0|
    |zext_ln71_reg_6823                          |  10|   0|   64|         54|
    |icmp_ln60_reg_6604                          |  64|  32|    1|          0|
    +--------------------------------------------+----+----+-----+-----------+
    |Total                                       |1921|  32| 1912|         54|
    +--------------------------------------------+----+----+-----+-----------+



================================================================
== Interface
================================================================
* Summary: 
+-----------------------+-----+-----+------------+-----------------+--------------+
|       RTL Ports       | Dir | Bits|  Protocol  |  Source Object  |    C Type    |
+-----------------------+-----+-----+------------+-----------------+--------------+
|ap_clk                 |  in |    1| ap_ctrl_hs |     biconv16    | return value |
|ap_rst                 |  in |    1| ap_ctrl_hs |     biconv16    | return value |
|ap_start               |  in |    1| ap_ctrl_hs |     biconv16    | return value |
|ap_done                | out |    1| ap_ctrl_hs |     biconv16    | return value |
|ap_idle                | out |    1| ap_ctrl_hs |     biconv16    | return value |
|ap_ready               | out |    1| ap_ctrl_hs |     biconv16    | return value |
|bottom_0_V_address0    | out |   10|  ap_memory |    bottom_0_V   |     array    |
|bottom_0_V_ce0         | out |    1|  ap_memory |    bottom_0_V   |     array    |
|bottom_0_V_q0          |  in |   16|  ap_memory |    bottom_0_V   |     array    |
|bottom_0_V_address1    | out |   10|  ap_memory |    bottom_0_V   |     array    |
|bottom_0_V_ce1         | out |    1|  ap_memory |    bottom_0_V   |     array    |
|bottom_0_V_q1          |  in |   16|  ap_memory |    bottom_0_V   |     array    |
|bottom_1_V_address0    | out |   10|  ap_memory |    bottom_1_V   |     array    |
|bottom_1_V_ce0         | out |    1|  ap_memory |    bottom_1_V   |     array    |
|bottom_1_V_q0          |  in |   16|  ap_memory |    bottom_1_V   |     array    |
|bottom_1_V_address1    | out |   10|  ap_memory |    bottom_1_V   |     array    |
|bottom_1_V_ce1         | out |    1|  ap_memory |    bottom_1_V   |     array    |
|bottom_1_V_q1          |  in |   16|  ap_memory |    bottom_1_V   |     array    |
|bottom_2_V_address0    | out |   10|  ap_memory |    bottom_2_V   |     array    |
|bottom_2_V_ce0         | out |    1|  ap_memory |    bottom_2_V   |     array    |
|bottom_2_V_q0          |  in |   16|  ap_memory |    bottom_2_V   |     array    |
|bottom_2_V_address1    | out |   10|  ap_memory |    bottom_2_V   |     array    |
|bottom_2_V_ce1         | out |    1|  ap_memory |    bottom_2_V   |     array    |
|bottom_2_V_q1          |  in |   16|  ap_memory |    bottom_2_V   |     array    |
|bottom_3_V_address0    | out |   10|  ap_memory |    bottom_3_V   |     array    |
|bottom_3_V_ce0         | out |    1|  ap_memory |    bottom_3_V   |     array    |
|bottom_3_V_q0          |  in |   16|  ap_memory |    bottom_3_V   |     array    |
|bottom_3_V_address1    | out |   10|  ap_memory |    bottom_3_V   |     array    |
|bottom_3_V_ce1         | out |    1|  ap_memory |    bottom_3_V   |     array    |
|bottom_3_V_q1          |  in |   16|  ap_memory |    bottom_3_V   |     array    |
|bottom_4_V_address0    | out |   10|  ap_memory |    bottom_4_V   |     array    |
|bottom_4_V_ce0         | out |    1|  ap_memory |    bottom_4_V   |     array    |
|bottom_4_V_q0          |  in |   16|  ap_memory |    bottom_4_V   |     array    |
|bottom_4_V_address1    | out |   10|  ap_memory |    bottom_4_V   |     array    |
|bottom_4_V_ce1         | out |    1|  ap_memory |    bottom_4_V   |     array    |
|bottom_4_V_q1          |  in |   16|  ap_memory |    bottom_4_V   |     array    |
|bottom_5_V_address0    | out |   10|  ap_memory |    bottom_5_V   |     array    |
|bottom_5_V_ce0         | out |    1|  ap_memory |    bottom_5_V   |     array    |
|bottom_5_V_q0          |  in |   16|  ap_memory |    bottom_5_V   |     array    |
|bottom_5_V_address1    | out |   10|  ap_memory |    bottom_5_V   |     array    |
|bottom_5_V_ce1         | out |    1|  ap_memory |    bottom_5_V   |     array    |
|bottom_5_V_q1          |  in |   16|  ap_memory |    bottom_5_V   |     array    |
|bottom_V_offset        |  in |    3|   ap_none  | bottom_V_offset |    scalar    |
|weights_0_V_address0   | out |    4|  ap_memory |   weights_0_V   |     array    |
|weights_0_V_ce0        | out |    1|  ap_memory |   weights_0_V   |     array    |
|weights_0_V_q0         |  in |    2|  ap_memory |   weights_0_V   |     array    |
|weights_0_V_address1   | out |    4|  ap_memory |   weights_0_V   |     array    |
|weights_0_V_ce1        | out |    1|  ap_memory |   weights_0_V   |     array    |
|weights_0_V_q1         |  in |    2|  ap_memory |   weights_0_V   |     array    |
|weights_1_V_address0   | out |    4|  ap_memory |   weights_1_V   |     array    |
|weights_1_V_ce0        | out |    1|  ap_memory |   weights_1_V   |     array    |
|weights_1_V_q0         |  in |    2|  ap_memory |   weights_1_V   |     array    |
|weights_1_V_address1   | out |    4|  ap_memory |   weights_1_V   |     array    |
|weights_1_V_ce1        | out |    1|  ap_memory |   weights_1_V   |     array    |
|weights_1_V_q1         |  in |    2|  ap_memory |   weights_1_V   |     array    |
|weights_2_V_address0   | out |    4|  ap_memory |   weights_2_V   |     array    |
|weights_2_V_ce0        | out |    1|  ap_memory |   weights_2_V   |     array    |
|weights_2_V_q0         |  in |    2|  ap_memory |   weights_2_V   |     array    |
|weights_2_V_address1   | out |    4|  ap_memory |   weights_2_V   |     array    |
|weights_2_V_ce1        | out |    1|  ap_memory |   weights_2_V   |     array    |
|weights_2_V_q1         |  in |    2|  ap_memory |   weights_2_V   |     array    |
|weights_3_V_address0   | out |    4|  ap_memory |   weights_3_V   |     array    |
|weights_3_V_ce0        | out |    1|  ap_memory |   weights_3_V   |     array    |
|weights_3_V_q0         |  in |    2|  ap_memory |   weights_3_V   |     array    |
|weights_3_V_address1   | out |    4|  ap_memory |   weights_3_V   |     array    |
|weights_3_V_ce1        | out |    1|  ap_memory |   weights_3_V   |     array    |
|weights_3_V_q1         |  in |    2|  ap_memory |   weights_3_V   |     array    |
|weights_4_V_address0   | out |    4|  ap_memory |   weights_4_V   |     array    |
|weights_4_V_ce0        | out |    1|  ap_memory |   weights_4_V   |     array    |
|weights_4_V_q0         |  in |    2|  ap_memory |   weights_4_V   |     array    |
|weights_4_V_address1   | out |    4|  ap_memory |   weights_4_V   |     array    |
|weights_4_V_ce1        | out |    1|  ap_memory |   weights_4_V   |     array    |
|weights_4_V_q1         |  in |    2|  ap_memory |   weights_4_V   |     array    |
|weights_5_V_address0   | out |    4|  ap_memory |   weights_5_V   |     array    |
|weights_5_V_ce0        | out |    1|  ap_memory |   weights_5_V   |     array    |
|weights_5_V_q0         |  in |    2|  ap_memory |   weights_5_V   |     array    |
|weights_5_V_address1   | out |    4|  ap_memory |   weights_5_V   |     array    |
|weights_5_V_ce1        | out |    1|  ap_memory |   weights_5_V   |     array    |
|weights_5_V_q1         |  in |    2|  ap_memory |   weights_5_V   |     array    |
|weights_6_V_address0   | out |    4|  ap_memory |   weights_6_V   |     array    |
|weights_6_V_ce0        | out |    1|  ap_memory |   weights_6_V   |     array    |
|weights_6_V_q0         |  in |    2|  ap_memory |   weights_6_V   |     array    |
|weights_6_V_address1   | out |    4|  ap_memory |   weights_6_V   |     array    |
|weights_6_V_ce1        | out |    1|  ap_memory |   weights_6_V   |     array    |
|weights_6_V_q1         |  in |    2|  ap_memory |   weights_6_V   |     array    |
|weights_7_V_address0   | out |    4|  ap_memory |   weights_7_V   |     array    |
|weights_7_V_ce0        | out |    1|  ap_memory |   weights_7_V   |     array    |
|weights_7_V_q0         |  in |    2|  ap_memory |   weights_7_V   |     array    |
|weights_7_V_address1   | out |    4|  ap_memory |   weights_7_V   |     array    |
|weights_7_V_ce1        | out |    1|  ap_memory |   weights_7_V   |     array    |
|weights_7_V_q1         |  in |    2|  ap_memory |   weights_7_V   |     array    |
|weights_8_V_address0   | out |    4|  ap_memory |   weights_8_V   |     array    |
|weights_8_V_ce0        | out |    1|  ap_memory |   weights_8_V   |     array    |
|weights_8_V_q0         |  in |    2|  ap_memory |   weights_8_V   |     array    |
|weights_8_V_address1   | out |    4|  ap_memory |   weights_8_V   |     array    |
|weights_8_V_ce1        | out |    1|  ap_memory |   weights_8_V   |     array    |
|weights_8_V_q1         |  in |    2|  ap_memory |   weights_8_V   |     array    |
|weights_9_V_address0   | out |    4|  ap_memory |   weights_9_V   |     array    |
|weights_9_V_ce0        | out |    1|  ap_memory |   weights_9_V   |     array    |
|weights_9_V_q0         |  in |    2|  ap_memory |   weights_9_V   |     array    |
|weights_9_V_address1   | out |    4|  ap_memory |   weights_9_V   |     array    |
|weights_9_V_ce1        | out |    1|  ap_memory |   weights_9_V   |     array    |
|weights_9_V_q1         |  in |    2|  ap_memory |   weights_9_V   |     array    |
|weights_10_V_address0  | out |    4|  ap_memory |   weights_10_V  |     array    |
|weights_10_V_ce0       | out |    1|  ap_memory |   weights_10_V  |     array    |
|weights_10_V_q0        |  in |    2|  ap_memory |   weights_10_V  |     array    |
|weights_10_V_address1  | out |    4|  ap_memory |   weights_10_V  |     array    |
|weights_10_V_ce1       | out |    1|  ap_memory |   weights_10_V  |     array    |
|weights_10_V_q1        |  in |    2|  ap_memory |   weights_10_V  |     array    |
|weights_11_V_address0  | out |    4|  ap_memory |   weights_11_V  |     array    |
|weights_11_V_ce0       | out |    1|  ap_memory |   weights_11_V  |     array    |
|weights_11_V_q0        |  in |    2|  ap_memory |   weights_11_V  |     array    |
|weights_11_V_address1  | out |    4|  ap_memory |   weights_11_V  |     array    |
|weights_11_V_ce1       | out |    1|  ap_memory |   weights_11_V  |     array    |
|weights_11_V_q1        |  in |    2|  ap_memory |   weights_11_V  |     array    |
|weights_12_V_address0  | out |    4|  ap_memory |   weights_12_V  |     array    |
|weights_12_V_ce0       | out |    1|  ap_memory |   weights_12_V  |     array    |
|weights_12_V_q0        |  in |    2|  ap_memory |   weights_12_V  |     array    |
|weights_12_V_address1  | out |    4|  ap_memory |   weights_12_V  |     array    |
|weights_12_V_ce1       | out |    1|  ap_memory |   weights_12_V  |     array    |
|weights_12_V_q1        |  in |    2|  ap_memory |   weights_12_V  |     array    |
|weights_13_V_address0  | out |    4|  ap_memory |   weights_13_V  |     array    |
|weights_13_V_ce0       | out |    1|  ap_memory |   weights_13_V  |     array    |
|weights_13_V_q0        |  in |    2|  ap_memory |   weights_13_V  |     array    |
|weights_13_V_address1  | out |    4|  ap_memory |   weights_13_V  |     array    |
|weights_13_V_ce1       | out |    1|  ap_memory |   weights_13_V  |     array    |
|weights_13_V_q1        |  in |    2|  ap_memory |   weights_13_V  |     array    |
|weights_14_V_address0  | out |    4|  ap_memory |   weights_14_V  |     array    |
|weights_14_V_ce0       | out |    1|  ap_memory |   weights_14_V  |     array    |
|weights_14_V_q0        |  in |    2|  ap_memory |   weights_14_V  |     array    |
|weights_14_V_address1  | out |    4|  ap_memory |   weights_14_V  |     array    |
|weights_14_V_ce1       | out |    1|  ap_memory |   weights_14_V  |     array    |
|weights_14_V_q1        |  in |    2|  ap_memory |   weights_14_V  |     array    |
|weights_15_V_address0  | out |    4|  ap_memory |   weights_15_V  |     array    |
|weights_15_V_ce0       | out |    1|  ap_memory |   weights_15_V  |     array    |
|weights_15_V_q0        |  in |    2|  ap_memory |   weights_15_V  |     array    |
|weights_15_V_address1  | out |    4|  ap_memory |   weights_15_V  |     array    |
|weights_15_V_ce1       | out |    1|  ap_memory |   weights_15_V  |     array    |
|weights_15_V_q1        |  in |    2|  ap_memory |   weights_15_V  |     array    |
|top_0_V_address0       | out |   10|  ap_memory |     top_0_V     |     array    |
|top_0_V_ce0            | out |    1|  ap_memory |     top_0_V     |     array    |
|top_0_V_we0            | out |    1|  ap_memory |     top_0_V     |     array    |
|top_0_V_d0             | out |   12|  ap_memory |     top_0_V     |     array    |
|top_0_V_q0             |  in |   12|  ap_memory |     top_0_V     |     array    |
|top_1_V_address0       | out |   10|  ap_memory |     top_1_V     |     array    |
|top_1_V_ce0            | out |    1|  ap_memory |     top_1_V     |     array    |
|top_1_V_we0            | out |    1|  ap_memory |     top_1_V     |     array    |
|top_1_V_d0             | out |   12|  ap_memory |     top_1_V     |     array    |
|top_1_V_q0             |  in |   12|  ap_memory |     top_1_V     |     array    |
|top_2_V_address0       | out |   10|  ap_memory |     top_2_V     |     array    |
|top_2_V_ce0            | out |    1|  ap_memory |     top_2_V     |     array    |
|top_2_V_we0            | out |    1|  ap_memory |     top_2_V     |     array    |
|top_2_V_d0             | out |   12|  ap_memory |     top_2_V     |     array    |
|top_2_V_q0             |  in |   12|  ap_memory |     top_2_V     |     array    |
|top_3_V_address0       | out |   10|  ap_memory |     top_3_V     |     array    |
|top_3_V_ce0            | out |    1|  ap_memory |     top_3_V     |     array    |
|top_3_V_we0            | out |    1|  ap_memory |     top_3_V     |     array    |
|top_3_V_d0             | out |   12|  ap_memory |     top_3_V     |     array    |
|top_3_V_q0             |  in |   12|  ap_memory |     top_3_V     |     array    |
|top_4_V_address0       | out |   10|  ap_memory |     top_4_V     |     array    |
|top_4_V_ce0            | out |    1|  ap_memory |     top_4_V     |     array    |
|top_4_V_q0             |  in |   12|  ap_memory |     top_4_V     |     array    |
|top_4_V_address1       | out |   10|  ap_memory |     top_4_V     |     array    |
|top_4_V_ce1            | out |    1|  ap_memory |     top_4_V     |     array    |
|top_4_V_we1            | out |    1|  ap_memory |     top_4_V     |     array    |
|top_4_V_d1             | out |   12|  ap_memory |     top_4_V     |     array    |
|top_5_V_address0       | out |   10|  ap_memory |     top_5_V     |     array    |
|top_5_V_ce0            | out |    1|  ap_memory |     top_5_V     |     array    |
|top_5_V_q0             |  in |   12|  ap_memory |     top_5_V     |     array    |
|top_5_V_address1       | out |   10|  ap_memory |     top_5_V     |     array    |
|top_5_V_ce1            | out |    1|  ap_memory |     top_5_V     |     array    |
|top_5_V_we1            | out |    1|  ap_memory |     top_5_V     |     array    |
|top_5_V_d1             | out |   12|  ap_memory |     top_5_V     |     array    |
|top_6_V_address0       | out |   10|  ap_memory |     top_6_V     |     array    |
|top_6_V_ce0            | out |    1|  ap_memory |     top_6_V     |     array    |
|top_6_V_q0             |  in |   12|  ap_memory |     top_6_V     |     array    |
|top_6_V_address1       | out |   10|  ap_memory |     top_6_V     |     array    |
|top_6_V_ce1            | out |    1|  ap_memory |     top_6_V     |     array    |
|top_6_V_we1            | out |    1|  ap_memory |     top_6_V     |     array    |
|top_6_V_d1             | out |   12|  ap_memory |     top_6_V     |     array    |
|top_7_V_address0       | out |   10|  ap_memory |     top_7_V     |     array    |
|top_7_V_ce0            | out |    1|  ap_memory |     top_7_V     |     array    |
|top_7_V_q0             |  in |   12|  ap_memory |     top_7_V     |     array    |
|top_7_V_address1       | out |   10|  ap_memory |     top_7_V     |     array    |
|top_7_V_ce1            | out |    1|  ap_memory |     top_7_V     |     array    |
|top_7_V_we1            | out |    1|  ap_memory |     top_7_V     |     array    |
|top_7_V_d1             | out |   12|  ap_memory |     top_7_V     |     array    |
|top_8_V_address0       | out |   10|  ap_memory |     top_8_V     |     array    |
|top_8_V_ce0            | out |    1|  ap_memory |     top_8_V     |     array    |
|top_8_V_we0            | out |    1|  ap_memory |     top_8_V     |     array    |
|top_8_V_d0             | out |   12|  ap_memory |     top_8_V     |     array    |
|top_8_V_q0             |  in |   12|  ap_memory |     top_8_V     |     array    |
|top_9_V_address0       | out |   10|  ap_memory |     top_9_V     |     array    |
|top_9_V_ce0            | out |    1|  ap_memory |     top_9_V     |     array    |
|top_9_V_we0            | out |    1|  ap_memory |     top_9_V     |     array    |
|top_9_V_d0             | out |   12|  ap_memory |     top_9_V     |     array    |
|top_9_V_q0             |  in |   12|  ap_memory |     top_9_V     |     array    |
|top_10_V_address0      | out |   10|  ap_memory |     top_10_V    |     array    |
|top_10_V_ce0           | out |    1|  ap_memory |     top_10_V    |     array    |
|top_10_V_we0           | out |    1|  ap_memory |     top_10_V    |     array    |
|top_10_V_d0            | out |   12|  ap_memory |     top_10_V    |     array    |
|top_10_V_q0            |  in |   12|  ap_memory |     top_10_V    |     array    |
|top_11_V_address0      | out |   10|  ap_memory |     top_11_V    |     array    |
|top_11_V_ce0           | out |    1|  ap_memory |     top_11_V    |     array    |
|top_11_V_we0           | out |    1|  ap_memory |     top_11_V    |     array    |
|top_11_V_d0            | out |   12|  ap_memory |     top_11_V    |     array    |
|top_11_V_q0            |  in |   12|  ap_memory |     top_11_V    |     array    |
|top_12_V_address0      | out |   10|  ap_memory |     top_12_V    |     array    |
|top_12_V_ce0           | out |    1|  ap_memory |     top_12_V    |     array    |
|top_12_V_we0           | out |    1|  ap_memory |     top_12_V    |     array    |
|top_12_V_d0            | out |   12|  ap_memory |     top_12_V    |     array    |
|top_12_V_q0            |  in |   12|  ap_memory |     top_12_V    |     array    |
|top_13_V_address0      | out |   10|  ap_memory |     top_13_V    |     array    |
|top_13_V_ce0           | out |    1|  ap_memory |     top_13_V    |     array    |
|top_13_V_we0           | out |    1|  ap_memory |     top_13_V    |     array    |
|top_13_V_d0            | out |   12|  ap_memory |     top_13_V    |     array    |
|top_13_V_q0            |  in |   12|  ap_memory |     top_13_V    |     array    |
|top_14_V_address0      | out |   10|  ap_memory |     top_14_V    |     array    |
|top_14_V_ce0           | out |    1|  ap_memory |     top_14_V    |     array    |
|top_14_V_we0           | out |    1|  ap_memory |     top_14_V    |     array    |
|top_14_V_d0            | out |   12|  ap_memory |     top_14_V    |     array    |
|top_14_V_q0            |  in |   12|  ap_memory |     top_14_V    |     array    |
|top_15_V_address0      | out |   10|  ap_memory |     top_15_V    |     array    |
|top_15_V_ce0           | out |    1|  ap_memory |     top_15_V    |     array    |
|top_15_V_we0           | out |    1|  ap_memory |     top_15_V    |     array    |
|top_15_V_d0            | out |   12|  ap_memory |     top_15_V    |     array    |
|top_15_V_q0            |  in |   12|  ap_memory |     top_15_V    |     array    |
+-----------------------+-----+-----+------------+-----------------+--------------+

