

================================================================
== Vivado HLS Report for 'fill_fm_buf'
================================================================
* Date:           Sun Sep  6 14:17:56 2020

* Version:        2019.2.1 (Build 2724168 on Thu Dec 05 05:19:09 MST 2019)
* Project:        ResNet
* Solution:       solution2
* Product family: zynquplus
* Target device:  xczu3eg-sbva484-1-e


================================================================
== Performance Estimates
================================================================
+ Timing: 
    * Summary: 
    +--------+---------+----------+------------+
    |  Clock |  Target | Estimated| Uncertainty|
    +--------+---------+----------+------------+
    |ap_clk  | 5.00 ns | 3.824 ns |   0.62 ns  |
    +--------+---------+----------+------------+

+ Latency: 
    * Summary: 
    +---------+---------+----------+----------+-----+-----+---------+
    |  Latency (cycles) |  Latency (absolute) |  Interval | Pipeline|
    |   min   |   max   |    min   |    max   | min | max |   Type  |
    +---------+---------+----------+----------+-----+-----+---------+
    |      145|      145| 0.725 us | 0.725 us |  145|  145|   none  |
    +---------+---------+----------+----------+-----+-----+---------+

    + Detail: 
        * Instance: 
        N/A

        * Loop: 
        +-------------+---------+---------+----------+-----------+-----------+------+----------+
        |             |  Latency (cycles) | Iteration|  Initiation Interval  | Trip |          |
        |  Loop Name  |   min   |   max   |  Latency |  achieved |   target  | Count| Pipelined|
        +-------------+---------+---------+----------+-----------+-----------+------+----------+
        |- Loop 1     |      144|      144|        18|          -|          -|     8|    no    |
        | + Loop 1.1  |       16|       16|         2|          -|          -|     8|    no    |
        +-------------+---------+---------+----------+-----------+-----------+------+----------+



================================================================
== Utilization Estimates
================================================================
* Summary: 
+-----------------+---------+-------+--------+-------+-----+
|       Name      | BRAM_18K| DSP48E|   FF   |  LUT  | URAM|
+-----------------+---------+-------+--------+-------+-----+
|DSP              |        -|      -|       -|      -|    -|
|Expression       |        -|      -|       0|   1803|    -|
|FIFO             |        -|      -|       -|      -|    -|
|Instance         |        -|      -|       -|      -|    -|
|Memory           |        2|      -|       0|      0|    0|
|Multiplexer      |        -|      -|       -|     45|    -|
|Register         |        -|      -|     105|      -|    -|
+-----------------+---------+-------+--------+-------+-----+
|Total            |        2|      0|     105|   1848|    0|
+-----------------+---------+-------+--------+-------+-----+
|Available        |      432|    360|  141120|  70560|    0|
+-----------------+---------+-------+--------+-------+-----+
|Utilization (%)  |    ~0   |      0|   ~0   |      2|    0|
+-----------------+---------+-------+--------+-------+-----+

+ Detail: 
    * Instance: 
    N/A

    * DSP48E: 
    N/A

    * Memory: 
    +-----------------+----------------------+---------+---+----+-----+------+-----+------+-------------+
    |      Memory     |        Module        | BRAM_18K| FF| LUT| URAM| Words| Bits| Banks| W*Bits*Banks|
    +-----------------+----------------------+---------+---+----+-----+------+-----+------+-------------+
    |input_buf_V_0_U  |fill_fm_buf_inputdEe  |        2|  0|   0|    0|   100|   64|     1|         6400|
    +-----------------+----------------------+---------+---+----+-----+------+-----+------+-------------+
    |Total            |                      |        2|  0|   0|    0|   100|   64|     1|         6400|
    +-----------------+----------------------+---------+---+----+-----+------+-----+------+-------------+

    * FIFO: 
    N/A

    * Expression: 
    +----------------------------+----------+-------+---+----+------------+------------+
    |        Variable Name       | Operation| DSP48E| FF| LUT| Bitwidth P0| Bitwidth P1|
    +----------------------------+----------+-------+---+----+------------+------------+
    |add_ln249_1_fu_1127_p2      |     +    |      0|  0|  71|          64|          64|
    |add_ln249_2_fu_1143_p2      |     +    |      0|  0|  71|          64|          64|
    |add_ln249_3_fu_1172_p2      |     +    |      0|  0|  19|          12|          12|
    |add_ln249_4_fu_1222_p2      |     +    |      0|  0|  19|          12|          12|
    |add_ln249_fu_1097_p2        |     +    |      0|  0|  15|           6|           6|
    |add_ln321_1_fu_1295_p2      |     +    |      0|  0|  15|           8|           8|
    |add_ln321_fu_1202_p2        |     +    |      0|  0|  15|           8|           8|
    |add_ln851_10_fu_1965_p2     |     +    |      0|  0|   9|           1|           2|
    |add_ln851_11_fu_2027_p2     |     +    |      0|  0|   9|           1|           2|
    |add_ln851_12_fu_2089_p2     |     +    |      0|  0|   9|           1|           2|
    |add_ln851_13_fu_2151_p2     |     +    |      0|  0|   9|           1|           2|
    |add_ln851_14_fu_2213_p2     |     +    |      0|  0|   9|           1|           2|
    |add_ln851_15_fu_2275_p2     |     +    |      0|  0|   9|           1|           2|
    |add_ln851_16_fu_2337_p2     |     +    |      0|  0|   9|           1|           2|
    |add_ln851_17_fu_2399_p2     |     +    |      0|  0|   9|           1|           2|
    |add_ln851_18_fu_2461_p2     |     +    |      0|  0|   9|           1|           2|
    |add_ln851_19_fu_2523_p2     |     +    |      0|  0|   9|           1|           2|
    |add_ln851_1_fu_1407_p2      |     +    |      0|  0|   9|           1|           2|
    |add_ln851_20_fu_2585_p2     |     +    |      0|  0|   9|           1|           2|
    |add_ln851_21_fu_2647_p2     |     +    |      0|  0|   9|           1|           2|
    |add_ln851_22_fu_2709_p2     |     +    |      0|  0|   9|           1|           2|
    |add_ln851_23_fu_2771_p2     |     +    |      0|  0|   9|           1|           2|
    |add_ln851_24_fu_2833_p2     |     +    |      0|  0|   9|           1|           2|
    |add_ln851_25_fu_2895_p2     |     +    |      0|  0|   9|           1|           2|
    |add_ln851_26_fu_2957_p2     |     +    |      0|  0|   9|           1|           2|
    |add_ln851_27_fu_3019_p2     |     +    |      0|  0|   9|           1|           2|
    |add_ln851_28_fu_3081_p2     |     +    |      0|  0|   9|           1|           2|
    |add_ln851_29_fu_3143_p2     |     +    |      0|  0|   9|           1|           2|
    |add_ln851_2_fu_1469_p2      |     +    |      0|  0|   9|           1|           2|
    |add_ln851_30_fu_3205_p2     |     +    |      0|  0|   9|           1|           2|
    |add_ln851_31_fu_3267_p2     |     +    |      0|  0|   9|           1|           2|
    |add_ln851_32_fu_3329_p2     |     +    |      0|  0|   9|           1|           2|
    |add_ln851_33_fu_3391_p2     |     +    |      0|  0|   9|           1|           2|
    |add_ln851_34_fu_3453_p2     |     +    |      0|  0|   9|           1|           2|
    |add_ln851_35_fu_3515_p2     |     +    |      0|  0|   9|           1|           2|
    |add_ln851_36_fu_3577_p2     |     +    |      0|  0|   9|           1|           2|
    |add_ln851_37_fu_3639_p2     |     +    |      0|  0|   9|           1|           2|
    |add_ln851_38_fu_3701_p2     |     +    |      0|  0|   9|           1|           2|
    |add_ln851_39_fu_3763_p2     |     +    |      0|  0|   9|           1|           2|
    |add_ln851_3_fu_1531_p2      |     +    |      0|  0|   9|           1|           2|
    |add_ln851_40_fu_3825_p2     |     +    |      0|  0|   9|           1|           2|
    |add_ln851_41_fu_3887_p2     |     +    |      0|  0|   9|           1|           2|
    |add_ln851_42_fu_3949_p2     |     +    |      0|  0|   9|           1|           2|
    |add_ln851_43_fu_4011_p2     |     +    |      0|  0|   9|           1|           2|
    |add_ln851_44_fu_4073_p2     |     +    |      0|  0|   9|           1|           2|
    |add_ln851_45_fu_4135_p2     |     +    |      0|  0|   9|           1|           2|
    |add_ln851_46_fu_4197_p2     |     +    |      0|  0|   9|           1|           2|
    |add_ln851_47_fu_4259_p2     |     +    |      0|  0|   9|           1|           2|
    |add_ln851_48_fu_4321_p2     |     +    |      0|  0|   9|           1|           2|
    |add_ln851_49_fu_4383_p2     |     +    |      0|  0|   9|           1|           2|
    |add_ln851_4_fu_1593_p2      |     +    |      0|  0|   9|           1|           2|
    |add_ln851_50_fu_4445_p2     |     +    |      0|  0|   9|           1|           2|
    |add_ln851_51_fu_4507_p2     |     +    |      0|  0|   9|           1|           2|
    |add_ln851_52_fu_4569_p2     |     +    |      0|  0|   9|           1|           2|
    |add_ln851_53_fu_4631_p2     |     +    |      0|  0|   9|           1|           2|
    |add_ln851_54_fu_4693_p2     |     +    |      0|  0|   9|           1|           2|
    |add_ln851_55_fu_4755_p2     |     +    |      0|  0|   9|           1|           2|
    |add_ln851_56_fu_4817_p2     |     +    |      0|  0|   9|           1|           2|
    |add_ln851_57_fu_4879_p2     |     +    |      0|  0|   9|           1|           2|
    |add_ln851_58_fu_4941_p2     |     +    |      0|  0|   9|           1|           2|
    |add_ln851_59_fu_5003_p2     |     +    |      0|  0|   9|           1|           2|
    |add_ln851_5_fu_1655_p2      |     +    |      0|  0|   9|           1|           2|
    |add_ln851_60_fu_5065_p2     |     +    |      0|  0|   9|           1|           2|
    |add_ln851_61_fu_5127_p2     |     +    |      0|  0|   9|           1|           2|
    |add_ln851_62_fu_5189_p2     |     +    |      0|  0|   9|           1|           2|
    |add_ln851_63_fu_5251_p2     |     +    |      0|  0|   9|           1|           2|
    |add_ln851_6_fu_1717_p2      |     +    |      0|  0|   9|           1|           2|
    |add_ln851_7_fu_1779_p2      |     +    |      0|  0|   9|           1|           2|
    |add_ln851_8_fu_1841_p2      |     +    |      0|  0|   9|           1|           2|
    |add_ln851_9_fu_1903_p2      |     +    |      0|  0|   9|           1|           2|
    |add_ln851_fu_1345_p2        |     +    |      0|  0|   9|           1|           2|
    |fcol_fu_1300_p2             |     +    |      0|  0|  12|           1|           4|
    |frow_fu_1306_p2             |     +    |      0|  0|  12|           4|           1|
    |icmp_ln29_fu_1133_p2        |   icmp   |      0|  0|   9|           4|           4|
    |icmp_ln30_fu_1208_p2        |   icmp   |      0|  0|   9|           4|           4|
    |icmp_ln851_10_fu_1949_p2    |   icmp   |      0|  0|  11|           8|           1|
    |icmp_ln851_11_fu_2011_p2    |   icmp   |      0|  0|  11|           8|           1|
    |icmp_ln851_12_fu_2073_p2    |   icmp   |      0|  0|  11|           8|           1|
    |icmp_ln851_13_fu_2135_p2    |   icmp   |      0|  0|  11|           8|           1|
    |icmp_ln851_14_fu_2197_p2    |   icmp   |      0|  0|  11|           8|           1|
    |icmp_ln851_15_fu_2259_p2    |   icmp   |      0|  0|  11|           8|           1|
    |icmp_ln851_16_fu_2321_p2    |   icmp   |      0|  0|  11|           8|           1|
    |icmp_ln851_17_fu_2383_p2    |   icmp   |      0|  0|  11|           8|           1|
    |icmp_ln851_18_fu_2445_p2    |   icmp   |      0|  0|  11|           8|           1|
    |icmp_ln851_19_fu_2507_p2    |   icmp   |      0|  0|  11|           8|           1|
    |icmp_ln851_1_fu_1391_p2     |   icmp   |      0|  0|  11|           8|           1|
    |icmp_ln851_20_fu_2569_p2    |   icmp   |      0|  0|  11|           8|           1|
    |icmp_ln851_21_fu_2631_p2    |   icmp   |      0|  0|  11|           8|           1|
    |icmp_ln851_22_fu_2693_p2    |   icmp   |      0|  0|  11|           8|           1|
    |icmp_ln851_23_fu_2755_p2    |   icmp   |      0|  0|  11|           8|           1|
    |icmp_ln851_24_fu_2817_p2    |   icmp   |      0|  0|  11|           8|           1|
    |icmp_ln851_25_fu_2879_p2    |   icmp   |      0|  0|  11|           8|           1|
    |icmp_ln851_26_fu_2941_p2    |   icmp   |      0|  0|  11|           8|           1|
    |icmp_ln851_27_fu_3003_p2    |   icmp   |      0|  0|  11|           8|           1|
    |icmp_ln851_28_fu_3065_p2    |   icmp   |      0|  0|  11|           8|           1|
    |icmp_ln851_29_fu_3127_p2    |   icmp   |      0|  0|  11|           8|           1|
    |icmp_ln851_2_fu_1453_p2     |   icmp   |      0|  0|  11|           8|           1|
    |icmp_ln851_30_fu_3189_p2    |   icmp   |      0|  0|  11|           8|           1|
    |icmp_ln851_31_fu_3251_p2    |   icmp   |      0|  0|  11|           8|           1|
    |icmp_ln851_32_fu_3313_p2    |   icmp   |      0|  0|  11|           8|           1|
    |icmp_ln851_33_fu_3375_p2    |   icmp   |      0|  0|  11|           8|           1|
    |icmp_ln851_34_fu_3437_p2    |   icmp   |      0|  0|  11|           8|           1|
    |icmp_ln851_35_fu_3499_p2    |   icmp   |      0|  0|  11|           8|           1|
    |icmp_ln851_36_fu_3561_p2    |   icmp   |      0|  0|  11|           8|           1|
    |icmp_ln851_37_fu_3623_p2    |   icmp   |      0|  0|  11|           8|           1|
    |icmp_ln851_38_fu_3685_p2    |   icmp   |      0|  0|  11|           8|           1|
    |icmp_ln851_39_fu_3747_p2    |   icmp   |      0|  0|  11|           8|           1|
    |icmp_ln851_3_fu_1515_p2     |   icmp   |      0|  0|  11|           8|           1|
    |icmp_ln851_40_fu_3809_p2    |   icmp   |      0|  0|  11|           8|           1|
    |icmp_ln851_41_fu_3871_p2    |   icmp   |      0|  0|  11|           8|           1|
    |icmp_ln851_42_fu_3933_p2    |   icmp   |      0|  0|  11|           8|           1|
    |icmp_ln851_43_fu_3995_p2    |   icmp   |      0|  0|  11|           8|           1|
    |icmp_ln851_44_fu_4057_p2    |   icmp   |      0|  0|  11|           8|           1|
    |icmp_ln851_45_fu_4119_p2    |   icmp   |      0|  0|  11|           8|           1|
    |icmp_ln851_46_fu_4181_p2    |   icmp   |      0|  0|  11|           8|           1|
    |icmp_ln851_47_fu_4243_p2    |   icmp   |      0|  0|  11|           8|           1|
    |icmp_ln851_48_fu_4305_p2    |   icmp   |      0|  0|  11|           8|           1|
    |icmp_ln851_49_fu_4367_p2    |   icmp   |      0|  0|  11|           8|           1|
    |icmp_ln851_4_fu_1577_p2     |   icmp   |      0|  0|  11|           8|           1|
    |icmp_ln851_50_fu_4429_p2    |   icmp   |      0|  0|  11|           8|           1|
    |icmp_ln851_51_fu_4491_p2    |   icmp   |      0|  0|  11|           8|           1|
    |icmp_ln851_52_fu_4553_p2    |   icmp   |      0|  0|  11|           8|           1|
    |icmp_ln851_53_fu_4615_p2    |   icmp   |      0|  0|  11|           8|           1|
    |icmp_ln851_54_fu_4677_p2    |   icmp   |      0|  0|  11|           8|           1|
    |icmp_ln851_55_fu_4739_p2    |   icmp   |      0|  0|  11|           8|           1|
    |icmp_ln851_56_fu_4801_p2    |   icmp   |      0|  0|  11|           8|           1|
    |icmp_ln851_57_fu_4863_p2    |   icmp   |      0|  0|  11|           8|           1|
    |icmp_ln851_58_fu_4925_p2    |   icmp   |      0|  0|  11|           8|           1|
    |icmp_ln851_59_fu_4987_p2    |   icmp   |      0|  0|  11|           8|           1|
    |icmp_ln851_5_fu_1639_p2     |   icmp   |      0|  0|  11|           8|           1|
    |icmp_ln851_60_fu_5049_p2    |   icmp   |      0|  0|  11|           8|           1|
    |icmp_ln851_61_fu_5111_p2    |   icmp   |      0|  0|  11|           8|           1|
    |icmp_ln851_62_fu_5173_p2    |   icmp   |      0|  0|  11|           8|           1|
    |icmp_ln851_63_fu_5235_p2    |   icmp   |      0|  0|  11|           8|           1|
    |icmp_ln851_6_fu_1701_p2     |   icmp   |      0|  0|  11|           8|           1|
    |icmp_ln851_7_fu_1763_p2     |   icmp   |      0|  0|  11|           8|           1|
    |icmp_ln851_8_fu_1825_p2     |   icmp   |      0|  0|  11|           8|           1|
    |icmp_ln851_9_fu_1887_p2     |   icmp   |      0|  0|  11|           8|           1|
    |icmp_ln851_fu_1329_p2       |   icmp   |      0|  0|  11|           8|           1|
    |select_ln850_10_fu_1979_p3  |  select  |      0|  0|   2|           1|           2|
    |select_ln850_11_fu_2041_p3  |  select  |      0|  0|   2|           1|           2|
    |select_ln850_12_fu_2103_p3  |  select  |      0|  0|   2|           1|           2|
    |select_ln850_13_fu_2165_p3  |  select  |      0|  0|   2|           1|           2|
    |select_ln850_14_fu_2227_p3  |  select  |      0|  0|   2|           1|           2|
    |select_ln850_15_fu_2289_p3  |  select  |      0|  0|   2|           1|           2|
    |select_ln850_16_fu_2351_p3  |  select  |      0|  0|   2|           1|           2|
    |select_ln850_17_fu_2413_p3  |  select  |      0|  0|   2|           1|           2|
    |select_ln850_18_fu_2475_p3  |  select  |      0|  0|   2|           1|           2|
    |select_ln850_19_fu_2537_p3  |  select  |      0|  0|   2|           1|           2|
    |select_ln850_1_fu_1421_p3   |  select  |      0|  0|   2|           1|           2|
    |select_ln850_20_fu_2599_p3  |  select  |      0|  0|   2|           1|           2|
    |select_ln850_21_fu_2661_p3  |  select  |      0|  0|   2|           1|           2|
    |select_ln850_22_fu_2723_p3  |  select  |      0|  0|   2|           1|           2|
    |select_ln850_23_fu_2785_p3  |  select  |      0|  0|   2|           1|           2|
    |select_ln850_24_fu_2847_p3  |  select  |      0|  0|   2|           1|           2|
    |select_ln850_25_fu_2909_p3  |  select  |      0|  0|   2|           1|           2|
    |select_ln850_26_fu_2971_p3  |  select  |      0|  0|   2|           1|           2|
    |select_ln850_27_fu_3033_p3  |  select  |      0|  0|   2|           1|           2|
    |select_ln850_28_fu_3095_p3  |  select  |      0|  0|   2|           1|           2|
    |select_ln850_29_fu_3157_p3  |  select  |      0|  0|   2|           1|           2|
    |select_ln850_2_fu_1483_p3   |  select  |      0|  0|   2|           1|           2|
    |select_ln850_30_fu_3219_p3  |  select  |      0|  0|   2|           1|           2|
    |select_ln850_31_fu_3281_p3  |  select  |      0|  0|   2|           1|           2|
    |select_ln850_32_fu_3343_p3  |  select  |      0|  0|   2|           1|           2|
    |select_ln850_33_fu_3405_p3  |  select  |      0|  0|   2|           1|           2|
    |select_ln850_34_fu_3467_p3  |  select  |      0|  0|   2|           1|           2|
    |select_ln850_35_fu_3529_p3  |  select  |      0|  0|   2|           1|           2|
    |select_ln850_36_fu_3591_p3  |  select  |      0|  0|   2|           1|           2|
    |select_ln850_37_fu_3653_p3  |  select  |      0|  0|   2|           1|           2|
    |select_ln850_38_fu_3715_p3  |  select  |      0|  0|   2|           1|           2|
    |select_ln850_39_fu_3777_p3  |  select  |      0|  0|   2|           1|           2|
    |select_ln850_3_fu_1545_p3   |  select  |      0|  0|   2|           1|           2|
    |select_ln850_40_fu_3839_p3  |  select  |      0|  0|   2|           1|           2|
    |select_ln850_41_fu_3901_p3  |  select  |      0|  0|   2|           1|           2|
    |select_ln850_42_fu_3963_p3  |  select  |      0|  0|   2|           1|           2|
    |select_ln850_43_fu_4025_p3  |  select  |      0|  0|   2|           1|           2|
    |select_ln850_44_fu_4087_p3  |  select  |      0|  0|   2|           1|           2|
    |select_ln850_45_fu_4149_p3  |  select  |      0|  0|   2|           1|           2|
    |select_ln850_46_fu_4211_p3  |  select  |      0|  0|   2|           1|           2|
    |select_ln850_47_fu_4273_p3  |  select  |      0|  0|   2|           1|           2|
    |select_ln850_48_fu_4335_p3  |  select  |      0|  0|   2|           1|           2|
    |select_ln850_49_fu_4397_p3  |  select  |      0|  0|   2|           1|           2|
    |select_ln850_4_fu_1607_p3   |  select  |      0|  0|   2|           1|           2|
    |select_ln850_50_fu_4459_p3  |  select  |      0|  0|   2|           1|           2|
    |select_ln850_51_fu_4521_p3  |  select  |      0|  0|   2|           1|           2|
    |select_ln850_52_fu_4583_p3  |  select  |      0|  0|   2|           1|           2|
    |select_ln850_53_fu_4645_p3  |  select  |      0|  0|   2|           1|           2|
    |select_ln850_54_fu_4707_p3  |  select  |      0|  0|   2|           1|           2|
    |select_ln850_55_fu_4769_p3  |  select  |      0|  0|   2|           1|           2|
    |select_ln850_56_fu_4831_p3  |  select  |      0|  0|   2|           1|           2|
    |select_ln850_57_fu_4893_p3  |  select  |      0|  0|   2|           1|           2|
    |select_ln850_58_fu_4955_p3  |  select  |      0|  0|   2|           1|           2|
    |select_ln850_59_fu_5017_p3  |  select  |      0|  0|   2|           1|           2|
    |select_ln850_5_fu_1669_p3   |  select  |      0|  0|   2|           1|           2|
    |select_ln850_60_fu_5079_p3  |  select  |      0|  0|   2|           1|           2|
    |select_ln850_61_fu_5141_p3  |  select  |      0|  0|   2|           1|           2|
    |select_ln850_62_fu_5203_p3  |  select  |      0|  0|   2|           1|           2|
    |select_ln850_63_fu_5265_p3  |  select  |      0|  0|   2|           1|           2|
    |select_ln850_6_fu_1731_p3   |  select  |      0|  0|   2|           1|           2|
    |select_ln850_7_fu_1793_p3   |  select  |      0|  0|   2|           1|           2|
    |select_ln850_8_fu_1855_p3   |  select  |      0|  0|   2|           1|           2|
    |select_ln850_9_fu_1917_p3   |  select  |      0|  0|   2|           1|           2|
    |select_ln850_fu_1359_p3     |  select  |      0|  0|   2|           1|           2|
    |select_ln851_10_fu_1971_p3  |  select  |      0|  0|   2|           1|           2|
    |select_ln851_11_fu_2033_p3  |  select  |      0|  0|   2|           1|           2|
    |select_ln851_12_fu_2095_p3  |  select  |      0|  0|   2|           1|           2|
    |select_ln851_13_fu_2157_p3  |  select  |      0|  0|   2|           1|           2|
    |select_ln851_14_fu_2219_p3  |  select  |      0|  0|   2|           1|           2|
    |select_ln851_15_fu_2281_p3  |  select  |      0|  0|   2|           1|           2|
    |select_ln851_16_fu_2343_p3  |  select  |      0|  0|   2|           1|           2|
    |select_ln851_17_fu_2405_p3  |  select  |      0|  0|   2|           1|           2|
    |select_ln851_18_fu_2467_p3  |  select  |      0|  0|   2|           1|           2|
    |select_ln851_19_fu_2529_p3  |  select  |      0|  0|   2|           1|           2|
    |select_ln851_1_fu_1413_p3   |  select  |      0|  0|   2|           1|           2|
    |select_ln851_20_fu_2591_p3  |  select  |      0|  0|   2|           1|           2|
    |select_ln851_21_fu_2653_p3  |  select  |      0|  0|   2|           1|           2|
    |select_ln851_22_fu_2715_p3  |  select  |      0|  0|   2|           1|           2|
    |select_ln851_23_fu_2777_p3  |  select  |      0|  0|   2|           1|           2|
    |select_ln851_24_fu_2839_p3  |  select  |      0|  0|   2|           1|           2|
    |select_ln851_25_fu_2901_p3  |  select  |      0|  0|   2|           1|           2|
    |select_ln851_26_fu_2963_p3  |  select  |      0|  0|   2|           1|           2|
    |select_ln851_27_fu_3025_p3  |  select  |      0|  0|   2|           1|           2|
    |select_ln851_28_fu_3087_p3  |  select  |      0|  0|   2|           1|           2|
    |select_ln851_29_fu_3149_p3  |  select  |      0|  0|   2|           1|           2|
    |select_ln851_2_fu_1475_p3   |  select  |      0|  0|   2|           1|           2|
    |select_ln851_30_fu_3211_p3  |  select  |      0|  0|   2|           1|           2|
    |select_ln851_31_fu_3273_p3  |  select  |      0|  0|   2|           1|           2|
    |select_ln851_32_fu_3335_p3  |  select  |      0|  0|   2|           1|           2|
    |select_ln851_33_fu_3397_p3  |  select  |      0|  0|   2|           1|           2|
    |select_ln851_34_fu_3459_p3  |  select  |      0|  0|   2|           1|           2|
    |select_ln851_35_fu_3521_p3  |  select  |      0|  0|   2|           1|           2|
    |select_ln851_36_fu_3583_p3  |  select  |      0|  0|   2|           1|           2|
    |select_ln851_37_fu_3645_p3  |  select  |      0|  0|   2|           1|           2|
    |select_ln851_38_fu_3707_p3  |  select  |      0|  0|   2|           1|           2|
    |select_ln851_39_fu_3769_p3  |  select  |      0|  0|   2|           1|           2|
    |select_ln851_3_fu_1537_p3   |  select  |      0|  0|   2|           1|           2|
    |select_ln851_40_fu_3831_p3  |  select  |      0|  0|   2|           1|           2|
    |select_ln851_41_fu_3893_p3  |  select  |      0|  0|   2|           1|           2|
    |select_ln851_42_fu_3955_p3  |  select  |      0|  0|   2|           1|           2|
    |select_ln851_43_fu_4017_p3  |  select  |      0|  0|   2|           1|           2|
    |select_ln851_44_fu_4079_p3  |  select  |      0|  0|   2|           1|           2|
    |select_ln851_45_fu_4141_p3  |  select  |      0|  0|   2|           1|           2|
    |select_ln851_46_fu_4203_p3  |  select  |      0|  0|   2|           1|           2|
    |select_ln851_47_fu_4265_p3  |  select  |      0|  0|   2|           1|           2|
    |select_ln851_48_fu_4327_p3  |  select  |      0|  0|   2|           1|           2|
    |select_ln851_49_fu_4389_p3  |  select  |      0|  0|   2|           1|           2|
    |select_ln851_4_fu_1599_p3   |  select  |      0|  0|   2|           1|           2|
    |select_ln851_50_fu_4451_p3  |  select  |      0|  0|   2|           1|           2|
    |select_ln851_51_fu_4513_p3  |  select  |      0|  0|   2|           1|           2|
    |select_ln851_52_fu_4575_p3  |  select  |      0|  0|   2|           1|           2|
    |select_ln851_53_fu_4637_p3  |  select  |      0|  0|   2|           1|           2|
    |select_ln851_54_fu_4699_p3  |  select  |      0|  0|   2|           1|           2|
    |select_ln851_55_fu_4761_p3  |  select  |      0|  0|   2|           1|           2|
    |select_ln851_56_fu_4823_p3  |  select  |      0|  0|   2|           1|           2|
    |select_ln851_57_fu_4885_p3  |  select  |      0|  0|   2|           1|           2|
    |select_ln851_58_fu_4947_p3  |  select  |      0|  0|   2|           1|           2|
    |select_ln851_59_fu_5009_p3  |  select  |      0|  0|   2|           1|           2|
    |select_ln851_5_fu_1661_p3   |  select  |      0|  0|   2|           1|           2|
    |select_ln851_60_fu_5071_p3  |  select  |      0|  0|   2|           1|           2|
    |select_ln851_61_fu_5133_p3  |  select  |      0|  0|   2|           1|           2|
    |select_ln851_62_fu_5195_p3  |  select  |      0|  0|   2|           1|           2|
    |select_ln851_63_fu_5257_p3  |  select  |      0|  0|   2|           1|           2|
    |select_ln851_6_fu_1723_p3   |  select  |      0|  0|   2|           1|           2|
    |select_ln851_7_fu_1785_p3   |  select  |      0|  0|   2|           1|           2|
    |select_ln851_8_fu_1847_p3   |  select  |      0|  0|   2|           1|           2|
    |select_ln851_9_fu_1909_p3   |  select  |      0|  0|   2|           1|           2|
    |select_ln851_fu_1351_p3     |  select  |      0|  0|   2|           1|           2|
    +----------------------------+----------+-------+---+----+------------+------------+
    |Total                       |          |      0|  0|1803|         891|         635|
    +----------------------------+----------+-------+---+----+------------+------------+

    * Multiplexer: 
    +-----------------+----+-----------+-----+-----------+
    |       Name      | LUT| Input Size| Bits| Total Bits|
    +-----------------+----+-----------+-----+-----------+
    |ap_NS_fsm        |  27|          5|    1|          5|
    |fcol_0_reg_1070  |   9|          2|    4|          8|
    |frow_0_reg_1058  |   9|          2|    4|          8|
    +-----------------+----+-----------+-----+-----------+
    |Total            |  45|          9|    9|         21|
    +-----------------+----+-----------+-----+-----------+

    * Register: 
    +----------------------+----+----+-----+-----------+
    |         Name         | FF | LUT| Bits| Const Bits|
    +----------------------+----+----+-----+-----------+
    |add_ln249_1_reg_5551  |  63|   0|   64|          1|
    |add_ln249_3_reg_5559  |  11|   0|   12|          1|
    |add_ln321_1_reg_5892  |   8|   0|    8|          0|
    |add_ln321_reg_5564    |   7|   0|    8|          1|
    |ap_CS_fsm             |   4|   0|    4|          0|
    |fcol_0_reg_1070       |   4|   0|    4|          0|
    |fcol_reg_5897         |   4|   0|    4|          0|
    |frow_0_reg_1058       |   4|   0|    4|          0|
    +----------------------+----+----+-----+-----------+
    |Total                 | 105|   0|  108|          3|
    +----------------------+----+----+-----+-----------+



================================================================
== Interface
================================================================
* Summary: 
+------------------------+-----+-----+------------+---------------+--------------+
|        RTL Ports       | Dir | Bits|  Protocol  | Source Object |    C Type    |
+------------------------+-----+-----+------------+---------------+--------------+
|ap_clk                  |  in |    1| ap_ctrl_hs |  fill_fm_buf  | return value |
|ap_rst                  |  in |    1| ap_ctrl_hs |  fill_fm_buf  | return value |
|ap_start                |  in |    1| ap_ctrl_hs |  fill_fm_buf  | return value |
|ap_done                 | out |    1| ap_ctrl_hs |  fill_fm_buf  | return value |
|ap_idle                 | out |    1| ap_ctrl_hs |  fill_fm_buf  | return value |
|ap_ready                | out |    1| ap_ctrl_hs |  fill_fm_buf  | return value |
|row                     |  in |    3|   ap_none  |      row      |    scalar    |
|col                     |  in |    3|   ap_none  |      col      |    scalar    |
|fm_buf_V_0_address0     | out |   11|  ap_memory |   fm_buf_V_0  |     array    |
|fm_buf_V_0_ce0          | out |    1|  ap_memory |   fm_buf_V_0  |     array    |
|fm_buf_V_0_q0           |  in |   12|  ap_memory |   fm_buf_V_0  |     array    |
|fm_buf_V_1_address0     | out |   11|  ap_memory |   fm_buf_V_1  |     array    |
|fm_buf_V_1_ce0          | out |    1|  ap_memory |   fm_buf_V_1  |     array    |
|fm_buf_V_1_q0           |  in |   12|  ap_memory |   fm_buf_V_1  |     array    |
|fm_buf_V_2_address0     | out |   11|  ap_memory |   fm_buf_V_2  |     array    |
|fm_buf_V_2_ce0          | out |    1|  ap_memory |   fm_buf_V_2  |     array    |
|fm_buf_V_2_q0           |  in |   12|  ap_memory |   fm_buf_V_2  |     array    |
|fm_buf_V_3_address0     | out |   11|  ap_memory |   fm_buf_V_3  |     array    |
|fm_buf_V_3_ce0          | out |    1|  ap_memory |   fm_buf_V_3  |     array    |
|fm_buf_V_3_q0           |  in |   12|  ap_memory |   fm_buf_V_3  |     array    |
|fm_buf_V_4_address0     | out |   11|  ap_memory |   fm_buf_V_4  |     array    |
|fm_buf_V_4_ce0          | out |    1|  ap_memory |   fm_buf_V_4  |     array    |
|fm_buf_V_4_q0           |  in |   12|  ap_memory |   fm_buf_V_4  |     array    |
|fm_buf_V_5_address0     | out |   11|  ap_memory |   fm_buf_V_5  |     array    |
|fm_buf_V_5_ce0          | out |    1|  ap_memory |   fm_buf_V_5  |     array    |
|fm_buf_V_5_q0           |  in |   12|  ap_memory |   fm_buf_V_5  |     array    |
|fm_buf_V_6_address0     | out |   11|  ap_memory |   fm_buf_V_6  |     array    |
|fm_buf_V_6_ce0          | out |    1|  ap_memory |   fm_buf_V_6  |     array    |
|fm_buf_V_6_q0           |  in |   12|  ap_memory |   fm_buf_V_6  |     array    |
|fm_buf_V_7_address0     | out |   11|  ap_memory |   fm_buf_V_7  |     array    |
|fm_buf_V_7_ce0          | out |    1|  ap_memory |   fm_buf_V_7  |     array    |
|fm_buf_V_7_q0           |  in |   12|  ap_memory |   fm_buf_V_7  |     array    |
|fm_buf_V_8_address0     | out |   11|  ap_memory |   fm_buf_V_8  |     array    |
|fm_buf_V_8_ce0          | out |    1|  ap_memory |   fm_buf_V_8  |     array    |
|fm_buf_V_8_q0           |  in |   12|  ap_memory |   fm_buf_V_8  |     array    |
|fm_buf_V_9_address0     | out |   11|  ap_memory |   fm_buf_V_9  |     array    |
|fm_buf_V_9_ce0          | out |    1|  ap_memory |   fm_buf_V_9  |     array    |
|fm_buf_V_9_q0           |  in |   12|  ap_memory |   fm_buf_V_9  |     array    |
|fm_buf_V_10_address0    | out |   11|  ap_memory |  fm_buf_V_10  |     array    |
|fm_buf_V_10_ce0         | out |    1|  ap_memory |  fm_buf_V_10  |     array    |
|fm_buf_V_10_q0          |  in |   12|  ap_memory |  fm_buf_V_10  |     array    |
|fm_buf_V_11_address0    | out |   11|  ap_memory |  fm_buf_V_11  |     array    |
|fm_buf_V_11_ce0         | out |    1|  ap_memory |  fm_buf_V_11  |     array    |
|fm_buf_V_11_q0          |  in |   12|  ap_memory |  fm_buf_V_11  |     array    |
|fm_buf_V_12_address0    | out |   11|  ap_memory |  fm_buf_V_12  |     array    |
|fm_buf_V_12_ce0         | out |    1|  ap_memory |  fm_buf_V_12  |     array    |
|fm_buf_V_12_q0          |  in |   12|  ap_memory |  fm_buf_V_12  |     array    |
|fm_buf_V_13_address0    | out |   11|  ap_memory |  fm_buf_V_13  |     array    |
|fm_buf_V_13_ce0         | out |    1|  ap_memory |  fm_buf_V_13  |     array    |
|fm_buf_V_13_q0          |  in |   12|  ap_memory |  fm_buf_V_13  |     array    |
|fm_buf_V_14_address0    | out |   11|  ap_memory |  fm_buf_V_14  |     array    |
|fm_buf_V_14_ce0         | out |    1|  ap_memory |  fm_buf_V_14  |     array    |
|fm_buf_V_14_q0          |  in |   12|  ap_memory |  fm_buf_V_14  |     array    |
|fm_buf_V_15_address0    | out |   11|  ap_memory |  fm_buf_V_15  |     array    |
|fm_buf_V_15_ce0         | out |    1|  ap_memory |  fm_buf_V_15  |     array    |
|fm_buf_V_15_q0          |  in |   12|  ap_memory |  fm_buf_V_15  |     array    |
|fm_buf_V_16_address0    | out |   11|  ap_memory |  fm_buf_V_16  |     array    |
|fm_buf_V_16_ce0         | out |    1|  ap_memory |  fm_buf_V_16  |     array    |
|fm_buf_V_16_q0          |  in |   12|  ap_memory |  fm_buf_V_16  |     array    |
|fm_buf_V_17_address0    | out |   11|  ap_memory |  fm_buf_V_17  |     array    |
|fm_buf_V_17_ce0         | out |    1|  ap_memory |  fm_buf_V_17  |     array    |
|fm_buf_V_17_q0          |  in |   12|  ap_memory |  fm_buf_V_17  |     array    |
|fm_buf_V_18_address0    | out |   11|  ap_memory |  fm_buf_V_18  |     array    |
|fm_buf_V_18_ce0         | out |    1|  ap_memory |  fm_buf_V_18  |     array    |
|fm_buf_V_18_q0          |  in |   12|  ap_memory |  fm_buf_V_18  |     array    |
|fm_buf_V_19_address0    | out |   11|  ap_memory |  fm_buf_V_19  |     array    |
|fm_buf_V_19_ce0         | out |    1|  ap_memory |  fm_buf_V_19  |     array    |
|fm_buf_V_19_q0          |  in |   12|  ap_memory |  fm_buf_V_19  |     array    |
|fm_buf_V_20_address0    | out |   11|  ap_memory |  fm_buf_V_20  |     array    |
|fm_buf_V_20_ce0         | out |    1|  ap_memory |  fm_buf_V_20  |     array    |
|fm_buf_V_20_q0          |  in |   12|  ap_memory |  fm_buf_V_20  |     array    |
|fm_buf_V_21_address0    | out |   11|  ap_memory |  fm_buf_V_21  |     array    |
|fm_buf_V_21_ce0         | out |    1|  ap_memory |  fm_buf_V_21  |     array    |
|fm_buf_V_21_q0          |  in |   12|  ap_memory |  fm_buf_V_21  |     array    |
|fm_buf_V_22_address0    | out |   11|  ap_memory |  fm_buf_V_22  |     array    |
|fm_buf_V_22_ce0         | out |    1|  ap_memory |  fm_buf_V_22  |     array    |
|fm_buf_V_22_q0          |  in |   12|  ap_memory |  fm_buf_V_22  |     array    |
|fm_buf_V_23_address0    | out |   11|  ap_memory |  fm_buf_V_23  |     array    |
|fm_buf_V_23_ce0         | out |    1|  ap_memory |  fm_buf_V_23  |     array    |
|fm_buf_V_23_q0          |  in |   12|  ap_memory |  fm_buf_V_23  |     array    |
|fm_buf_V_24_address0    | out |   11|  ap_memory |  fm_buf_V_24  |     array    |
|fm_buf_V_24_ce0         | out |    1|  ap_memory |  fm_buf_V_24  |     array    |
|fm_buf_V_24_q0          |  in |   12|  ap_memory |  fm_buf_V_24  |     array    |
|fm_buf_V_25_address0    | out |   11|  ap_memory |  fm_buf_V_25  |     array    |
|fm_buf_V_25_ce0         | out |    1|  ap_memory |  fm_buf_V_25  |     array    |
|fm_buf_V_25_q0          |  in |   12|  ap_memory |  fm_buf_V_25  |     array    |
|fm_buf_V_26_address0    | out |   11|  ap_memory |  fm_buf_V_26  |     array    |
|fm_buf_V_26_ce0         | out |    1|  ap_memory |  fm_buf_V_26  |     array    |
|fm_buf_V_26_q0          |  in |   12|  ap_memory |  fm_buf_V_26  |     array    |
|fm_buf_V_27_address0    | out |   11|  ap_memory |  fm_buf_V_27  |     array    |
|fm_buf_V_27_ce0         | out |    1|  ap_memory |  fm_buf_V_27  |     array    |
|fm_buf_V_27_q0          |  in |   12|  ap_memory |  fm_buf_V_27  |     array    |
|fm_buf_V_28_address0    | out |   11|  ap_memory |  fm_buf_V_28  |     array    |
|fm_buf_V_28_ce0         | out |    1|  ap_memory |  fm_buf_V_28  |     array    |
|fm_buf_V_28_q0          |  in |   12|  ap_memory |  fm_buf_V_28  |     array    |
|fm_buf_V_29_address0    | out |   11|  ap_memory |  fm_buf_V_29  |     array    |
|fm_buf_V_29_ce0         | out |    1|  ap_memory |  fm_buf_V_29  |     array    |
|fm_buf_V_29_q0          |  in |   12|  ap_memory |  fm_buf_V_29  |     array    |
|fm_buf_V_30_address0    | out |   11|  ap_memory |  fm_buf_V_30  |     array    |
|fm_buf_V_30_ce0         | out |    1|  ap_memory |  fm_buf_V_30  |     array    |
|fm_buf_V_30_q0          |  in |   12|  ap_memory |  fm_buf_V_30  |     array    |
|fm_buf_V_31_address0    | out |   11|  ap_memory |  fm_buf_V_31  |     array    |
|fm_buf_V_31_ce0         | out |    1|  ap_memory |  fm_buf_V_31  |     array    |
|fm_buf_V_31_q0          |  in |   12|  ap_memory |  fm_buf_V_31  |     array    |
|fm_buf_V_32_address0    | out |   11|  ap_memory |  fm_buf_V_32  |     array    |
|fm_buf_V_32_ce0         | out |    1|  ap_memory |  fm_buf_V_32  |     array    |
|fm_buf_V_32_q0          |  in |   12|  ap_memory |  fm_buf_V_32  |     array    |
|fm_buf_V_33_address0    | out |   11|  ap_memory |  fm_buf_V_33  |     array    |
|fm_buf_V_33_ce0         | out |    1|  ap_memory |  fm_buf_V_33  |     array    |
|fm_buf_V_33_q0          |  in |   12|  ap_memory |  fm_buf_V_33  |     array    |
|fm_buf_V_34_address0    | out |   11|  ap_memory |  fm_buf_V_34  |     array    |
|fm_buf_V_34_ce0         | out |    1|  ap_memory |  fm_buf_V_34  |     array    |
|fm_buf_V_34_q0          |  in |   12|  ap_memory |  fm_buf_V_34  |     array    |
|fm_buf_V_35_address0    | out |   11|  ap_memory |  fm_buf_V_35  |     array    |
|fm_buf_V_35_ce0         | out |    1|  ap_memory |  fm_buf_V_35  |     array    |
|fm_buf_V_35_q0          |  in |   12|  ap_memory |  fm_buf_V_35  |     array    |
|fm_buf_V_36_address0    | out |   11|  ap_memory |  fm_buf_V_36  |     array    |
|fm_buf_V_36_ce0         | out |    1|  ap_memory |  fm_buf_V_36  |     array    |
|fm_buf_V_36_q0          |  in |   12|  ap_memory |  fm_buf_V_36  |     array    |
|fm_buf_V_37_address0    | out |   11|  ap_memory |  fm_buf_V_37  |     array    |
|fm_buf_V_37_ce0         | out |    1|  ap_memory |  fm_buf_V_37  |     array    |
|fm_buf_V_37_q0          |  in |   12|  ap_memory |  fm_buf_V_37  |     array    |
|fm_buf_V_38_address0    | out |   11|  ap_memory |  fm_buf_V_38  |     array    |
|fm_buf_V_38_ce0         | out |    1|  ap_memory |  fm_buf_V_38  |     array    |
|fm_buf_V_38_q0          |  in |   12|  ap_memory |  fm_buf_V_38  |     array    |
|fm_buf_V_39_address0    | out |   11|  ap_memory |  fm_buf_V_39  |     array    |
|fm_buf_V_39_ce0         | out |    1|  ap_memory |  fm_buf_V_39  |     array    |
|fm_buf_V_39_q0          |  in |   12|  ap_memory |  fm_buf_V_39  |     array    |
|fm_buf_V_40_address0    | out |   11|  ap_memory |  fm_buf_V_40  |     array    |
|fm_buf_V_40_ce0         | out |    1|  ap_memory |  fm_buf_V_40  |     array    |
|fm_buf_V_40_q0          |  in |   12|  ap_memory |  fm_buf_V_40  |     array    |
|fm_buf_V_41_address0    | out |   11|  ap_memory |  fm_buf_V_41  |     array    |
|fm_buf_V_41_ce0         | out |    1|  ap_memory |  fm_buf_V_41  |     array    |
|fm_buf_V_41_q0          |  in |   12|  ap_memory |  fm_buf_V_41  |     array    |
|fm_buf_V_42_address0    | out |   11|  ap_memory |  fm_buf_V_42  |     array    |
|fm_buf_V_42_ce0         | out |    1|  ap_memory |  fm_buf_V_42  |     array    |
|fm_buf_V_42_q0          |  in |   12|  ap_memory |  fm_buf_V_42  |     array    |
|fm_buf_V_43_address0    | out |   11|  ap_memory |  fm_buf_V_43  |     array    |
|fm_buf_V_43_ce0         | out |    1|  ap_memory |  fm_buf_V_43  |     array    |
|fm_buf_V_43_q0          |  in |   12|  ap_memory |  fm_buf_V_43  |     array    |
|fm_buf_V_44_address0    | out |   11|  ap_memory |  fm_buf_V_44  |     array    |
|fm_buf_V_44_ce0         | out |    1|  ap_memory |  fm_buf_V_44  |     array    |
|fm_buf_V_44_q0          |  in |   12|  ap_memory |  fm_buf_V_44  |     array    |
|fm_buf_V_45_address0    | out |   11|  ap_memory |  fm_buf_V_45  |     array    |
|fm_buf_V_45_ce0         | out |    1|  ap_memory |  fm_buf_V_45  |     array    |
|fm_buf_V_45_q0          |  in |   12|  ap_memory |  fm_buf_V_45  |     array    |
|fm_buf_V_46_address0    | out |   11|  ap_memory |  fm_buf_V_46  |     array    |
|fm_buf_V_46_ce0         | out |    1|  ap_memory |  fm_buf_V_46  |     array    |
|fm_buf_V_46_q0          |  in |   12|  ap_memory |  fm_buf_V_46  |     array    |
|fm_buf_V_47_address0    | out |   11|  ap_memory |  fm_buf_V_47  |     array    |
|fm_buf_V_47_ce0         | out |    1|  ap_memory |  fm_buf_V_47  |     array    |
|fm_buf_V_47_q0          |  in |   12|  ap_memory |  fm_buf_V_47  |     array    |
|fm_buf_V_48_address0    | out |   11|  ap_memory |  fm_buf_V_48  |     array    |
|fm_buf_V_48_ce0         | out |    1|  ap_memory |  fm_buf_V_48  |     array    |
|fm_buf_V_48_q0          |  in |   12|  ap_memory |  fm_buf_V_48  |     array    |
|fm_buf_V_49_address0    | out |   11|  ap_memory |  fm_buf_V_49  |     array    |
|fm_buf_V_49_ce0         | out |    1|  ap_memory |  fm_buf_V_49  |     array    |
|fm_buf_V_49_q0          |  in |   12|  ap_memory |  fm_buf_V_49  |     array    |
|fm_buf_V_50_address0    | out |   11|  ap_memory |  fm_buf_V_50  |     array    |
|fm_buf_V_50_ce0         | out |    1|  ap_memory |  fm_buf_V_50  |     array    |
|fm_buf_V_50_q0          |  in |   12|  ap_memory |  fm_buf_V_50  |     array    |
|fm_buf_V_51_address0    | out |   11|  ap_memory |  fm_buf_V_51  |     array    |
|fm_buf_V_51_ce0         | out |    1|  ap_memory |  fm_buf_V_51  |     array    |
|fm_buf_V_51_q0          |  in |   12|  ap_memory |  fm_buf_V_51  |     array    |
|fm_buf_V_52_address0    | out |   11|  ap_memory |  fm_buf_V_52  |     array    |
|fm_buf_V_52_ce0         | out |    1|  ap_memory |  fm_buf_V_52  |     array    |
|fm_buf_V_52_q0          |  in |   12|  ap_memory |  fm_buf_V_52  |     array    |
|fm_buf_V_53_address0    | out |   11|  ap_memory |  fm_buf_V_53  |     array    |
|fm_buf_V_53_ce0         | out |    1|  ap_memory |  fm_buf_V_53  |     array    |
|fm_buf_V_53_q0          |  in |   12|  ap_memory |  fm_buf_V_53  |     array    |
|fm_buf_V_54_address0    | out |   11|  ap_memory |  fm_buf_V_54  |     array    |
|fm_buf_V_54_ce0         | out |    1|  ap_memory |  fm_buf_V_54  |     array    |
|fm_buf_V_54_q0          |  in |   12|  ap_memory |  fm_buf_V_54  |     array    |
|fm_buf_V_55_address0    | out |   11|  ap_memory |  fm_buf_V_55  |     array    |
|fm_buf_V_55_ce0         | out |    1|  ap_memory |  fm_buf_V_55  |     array    |
|fm_buf_V_55_q0          |  in |   12|  ap_memory |  fm_buf_V_55  |     array    |
|fm_buf_V_56_address0    | out |   11|  ap_memory |  fm_buf_V_56  |     array    |
|fm_buf_V_56_ce0         | out |    1|  ap_memory |  fm_buf_V_56  |     array    |
|fm_buf_V_56_q0          |  in |   12|  ap_memory |  fm_buf_V_56  |     array    |
|fm_buf_V_57_address0    | out |   11|  ap_memory |  fm_buf_V_57  |     array    |
|fm_buf_V_57_ce0         | out |    1|  ap_memory |  fm_buf_V_57  |     array    |
|fm_buf_V_57_q0          |  in |   12|  ap_memory |  fm_buf_V_57  |     array    |
|fm_buf_V_58_address0    | out |   11|  ap_memory |  fm_buf_V_58  |     array    |
|fm_buf_V_58_ce0         | out |    1|  ap_memory |  fm_buf_V_58  |     array    |
|fm_buf_V_58_q0          |  in |   12|  ap_memory |  fm_buf_V_58  |     array    |
|fm_buf_V_59_address0    | out |   11|  ap_memory |  fm_buf_V_59  |     array    |
|fm_buf_V_59_ce0         | out |    1|  ap_memory |  fm_buf_V_59  |     array    |
|fm_buf_V_59_q0          |  in |   12|  ap_memory |  fm_buf_V_59  |     array    |
|fm_buf_V_60_address0    | out |   11|  ap_memory |  fm_buf_V_60  |     array    |
|fm_buf_V_60_ce0         | out |    1|  ap_memory |  fm_buf_V_60  |     array    |
|fm_buf_V_60_q0          |  in |   12|  ap_memory |  fm_buf_V_60  |     array    |
|fm_buf_V_61_address0    | out |   11|  ap_memory |  fm_buf_V_61  |     array    |
|fm_buf_V_61_ce0         | out |    1|  ap_memory |  fm_buf_V_61  |     array    |
|fm_buf_V_61_q0          |  in |   12|  ap_memory |  fm_buf_V_61  |     array    |
|fm_buf_V_62_address0    | out |   11|  ap_memory |  fm_buf_V_62  |     array    |
|fm_buf_V_62_ce0         | out |    1|  ap_memory |  fm_buf_V_62  |     array    |
|fm_buf_V_62_q0          |  in |   12|  ap_memory |  fm_buf_V_62  |     array    |
|fm_buf_V_63_address0    | out |   11|  ap_memory |  fm_buf_V_63  |     array    |
|fm_buf_V_63_ce0         | out |    1|  ap_memory |  fm_buf_V_63  |     array    |
|fm_buf_V_63_q0          |  in |   12|  ap_memory |  fm_buf_V_63  |     array    |
|input_buf_V_1_address0  | out |    7|  ap_memory | input_buf_V_1 |     array    |
|input_buf_V_1_ce0       | out |    1|  ap_memory | input_buf_V_1 |     array    |
|input_buf_V_1_we0       | out |    1|  ap_memory | input_buf_V_1 |     array    |
|input_buf_V_1_d0        | out |   64|  ap_memory | input_buf_V_1 |     array    |
+------------------------+-----+-----+------------+---------------+--------------+

