

================================================================
== Vivado HLS Report for 'pgconv64s2_16u_s'
================================================================
* Date:           Sun Sep  6 14:18:09 2020

* Version:        2019.2.1 (Build 2724168 on Thu Dec 05 05:19:09 MST 2019)
* Project:        ResNet
* Solution:       solution2
* Product family: zynquplus
* Target device:  xczu3eg-sbva484-1-e


================================================================
== Performance Estimates
================================================================
+ Timing: 
    * Summary: 
    +--------+---------+----------+------------+
    |  Clock |  Target | Estimated| Uncertainty|
    +--------+---------+----------+------------+
    |ap_clk  | 5.00 ns | 4.372 ns |   0.62 ns  |
    +--------+---------+----------+------------+

+ Latency: 
    * Summary: 
    +---------+---------+----------+----------+-----+-----+---------+
    |  Latency (cycles) |  Latency (absolute) |  Interval | Pipeline|
    |   min   |   max   |    min   |    max   | min | max |   Type  |
    +---------+---------+----------+----------+-----+-----+---------+
    |       90|       90| 0.450 us | 0.450 us |   90|   90|   none  |
    +---------+---------+----------+----------+-----+-----+---------+

    + Detail: 
        * Instance: 
        +------------------------------+-------------------+---------+---------+-----------+-----------+-----+-----+----------+
        |                              |                   |  Latency (cycles) |   Latency (absolute)  |  Interval | Pipeline |
        |           Instance           |       Module      |   min   |   max   |    min    |    max    | min | max |   Type   |
        +------------------------------+-------------------+---------+---------+-----------+-----------+-----+-----+----------+
        |grp_compute_engine_64_fu_576  |compute_engine_64  |        2|        2| 10.000 ns | 10.000 ns |    1|    1| function |
        |grp_compute_engine_64_fu_586  |compute_engine_64  |        2|        2| 10.000 ns | 10.000 ns |    1|    1| function |
        |sum_V_ret_sum_engine_fu_598   |sum_engine         |        0|        0|    0 ns   |    0 ns   |    1|    1| function |
        +------------------------------+-------------------+---------+---------+-----------+-----------+-----+-----+----------+

        * Loop: 
        +-------------------------+---------+---------+----------+-----------+-----------+------+----------+
        |                         |  Latency (cycles) | Iteration|  Initiation Interval  | Trip |          |
        |        Loop Name        |   min   |   max   |  Latency |  achieved |   target  | Count| Pipelined|
        +-------------------------+---------+---------+----------+-----------+-----------+------+----------+
        |- biconv_row_biconv_col  |       88|       88|        14|          5|          5|    16|    yes   |
        +-------------------------+---------+---------+----------+-----------+-----------+------+----------+



================================================================
== Utilization Estimates
================================================================
* Summary: 
+-----------------+---------+-------+--------+-------+-----+
|       Name      | BRAM_18K| DSP48E|   FF   |  LUT  | URAM|
+-----------------+---------+-------+--------+-------+-----+
|DSP              |        -|      -|       -|      -|    -|
|Expression       |        -|      -|       0|   2337|    -|
|FIFO             |        -|      -|       -|      -|    -|
|Instance         |        0|      -|     134|    816|    -|
|Memory           |        -|      -|       -|      -|    -|
|Multiplexer      |        -|      -|       -|    524|    -|
|Register         |        0|      -|     698|     32|    -|
+-----------------+---------+-------+--------+-------+-----+
|Total            |        0|      0|     832|   3709|    0|
+-----------------+---------+-------+--------+-------+-----+
|Available        |      432|    360|  141120|  70560|    0|
+-----------------+---------+-------+--------+-------+-----+
|Utilization (%)  |        0|      0|   ~0   |      5|    0|
+-----------------+---------+-------+--------+-------+-----+

+ Detail: 
    * Instance: 
    +------------------------------+-------------------+---------+-------+----+-----+-----+
    |           Instance           |       Module      | BRAM_18K| DSP48E| FF | LUT | URAM|
    +------------------------------+-------------------+---------+-------+----+-----+-----+
    |grp_compute_engine_64_fu_576  |compute_engine_64  |        0|      0|  67|  344|    0|
    |grp_compute_engine_64_fu_586  |compute_engine_64  |        0|      0|  67|  344|    0|
    |sum_V_ret_sum_engine_fu_598   |sum_engine         |        0|      0|   0|  128|    0|
    +------------------------------+-------------------+---------+-------+----+-----+-----+
    |Total                         |                   |        0|      0| 134|  816|    0|
    +------------------------------+-------------------+---------+-------+----+-----+-----+

    * DSP48E: 
    N/A

    * Memory: 
    N/A

    * FIFO: 
    N/A

    * Expression: 
    +-----------------------------+----------+-------+---+----+------------+------------+
    |        Variable Name        | Operation| DSP48E| FF| LUT| Bitwidth P0| Bitwidth P1|
    +-----------------------------+----------+-------+---+----+------------+------------+
    |add_ln1192_16_fu_1684_p2     |     +    |      0|  0|  20|          13|          13|
    |add_ln1192_17_fu_1768_p2     |     +    |      0|  0|  20|          13|          13|
    |add_ln1192_18_fu_1852_p2     |     +    |      0|  0|  20|          13|          13|
    |add_ln1192_19_fu_1936_p2     |     +    |      0|  0|  20|          13|          13|
    |add_ln1192_20_fu_2020_p2     |     +    |      0|  0|  20|          13|          13|
    |add_ln1192_21_fu_2104_p2     |     +    |      0|  0|  20|          13|          13|
    |add_ln1192_22_fu_2188_p2     |     +    |      0|  0|  20|          13|          13|
    |add_ln1192_23_fu_2272_p2     |     +    |      0|  0|  20|          13|          13|
    |add_ln1192_24_fu_2356_p2     |     +    |      0|  0|  20|          13|          13|
    |add_ln1192_25_fu_2440_p2     |     +    |      0|  0|  20|          13|          13|
    |add_ln1192_26_fu_2524_p2     |     +    |      0|  0|  20|          13|          13|
    |add_ln1192_27_fu_2608_p2     |     +    |      0|  0|  20|          13|          13|
    |add_ln1192_28_fu_2692_p2     |     +    |      0|  0|  20|          13|          13|
    |add_ln1192_29_fu_2776_p2     |     +    |      0|  0|  20|          13|          13|
    |add_ln1192_30_fu_2860_p2     |     +    |      0|  0|  20|          13|          13|
    |add_ln1192_34_fu_1315_p2     |     +    |      0|  0|  27|          18|          20|
    |add_ln1192_fu_1600_p2        |     +    |      0|  0|  20|          13|          13|
    |add_ln169_fu_698_p2          |     +    |      0|  0|  15|           3|           5|
    |add_ln170_3_fu_771_p2        |     +    |      0|  0|  12|           4|           4|
    |add_ln170_4_fu_821_p2        |     +    |      0|  0|  12|           4|           4|
    |add_ln170_fu_692_p2          |     +    |      0|  0|  15|           3|           5|
    |add_ln171_4_fu_686_p2        |     +    |      0|  0|  15|           3|           5|
    |add_ln171_5_fu_680_p2        |     +    |      0|  0|  15|           7|           1|
    |add_ln171_fu_651_p2          |     +    |      0|  0|  12|           3|           4|
    |add_ln176_2_fu_1006_p2       |     +    |      0|  0|  19|           8|           8|
    |add_ln176_fu_1000_p2         |     +    |      0|  0|  19|           8|           8|
    |add_ln178_2_fu_827_p2        |     +    |      0|  0|  12|           2|           4|
    |add_ln178_3_fu_836_p2        |     +    |      0|  0|  15|           8|           8|
    |add_ln178_fu_801_p2          |     +    |      0|  0|  15|           8|           8|
    |add_ln179_fu_850_p2          |     +    |      0|  0|  15|           8|           8|
    |add_ln180_2_fu_908_p2        |     +    |      0|  0|  15|           8|           8|
    |add_ln180_fu_899_p2          |     +    |      0|  0|  12|           1|           4|
    |add_ln181_2_fu_889_p2        |     +    |      0|  0|  15|           8|           8|
    |add_ln181_fu_883_p2          |     +    |      0|  0|  15|           8|           8|
    |add_ln182_fu_951_p2          |     +    |      0|  0|  15|           8|           8|
    |add_ln183_fu_965_p2          |     +    |      0|  0|  15|           8|           8|
    |add_ln184_2_fu_946_p2        |     +    |      0|  0|  15|           8|           8|
    |add_ln184_fu_940_p2          |     +    |      0|  0|  15|           8|           8|
    |add_ln185_fu_960_p2          |     +    |      0|  0|  15|           8|           8|
    |add_ln186_fu_974_p2          |     +    |      0|  0|  15|           8|           8|
    |add_ln703_16_fu_1698_p2      |     +    |      0|  0|  19|          12|          12|
    |add_ln703_17_fu_1782_p2      |     +    |      0|  0|  19|          12|          12|
    |add_ln703_18_fu_1866_p2      |     +    |      0|  0|  19|          12|          12|
    |add_ln703_19_fu_1950_p2      |     +    |      0|  0|  19|          12|          12|
    |add_ln703_20_fu_2034_p2      |     +    |      0|  0|  19|          12|          12|
    |add_ln703_21_fu_2118_p2      |     +    |      0|  0|  19|          12|          12|
    |add_ln703_22_fu_2202_p2      |     +    |      0|  0|  19|          12|          12|
    |add_ln703_23_fu_2286_p2      |     +    |      0|  0|  19|          12|          12|
    |add_ln703_24_fu_2370_p2      |     +    |      0|  0|  19|          12|          12|
    |add_ln703_25_fu_2454_p2      |     +    |      0|  0|  19|          12|          12|
    |add_ln703_26_fu_2538_p2      |     +    |      0|  0|  19|          12|          12|
    |add_ln703_27_fu_2622_p2      |     +    |      0|  0|  19|          12|          12|
    |add_ln703_28_fu_2706_p2      |     +    |      0|  0|  19|          12|          12|
    |add_ln703_29_fu_2790_p2      |     +    |      0|  0|  19|          12|          12|
    |add_ln703_30_fu_2874_p2      |     +    |      0|  0|  19|          12|          12|
    |add_ln703_fu_1614_p2         |     +    |      0|  0|  19|          12|          12|
    |add_ln731_fu_1137_p2         |     +    |      0|  0|  18|          10|          11|
    |add_ln746_fu_1297_p2         |     +    |      0|  0|  18|           3|          11|
    |col_fu_1030_p2               |     +    |      0|  0|  12|           2|           4|
    |p_Val2_15_fu_1292_p2         |     +    |      0|  0|  19|          11|          12|
    |p_Val2_19_fu_1358_p2         |     +    |      0|  0|  19|          12|          12|
    |ret_V_2_fu_1175_p2           |     +    |      0|  0|  20|          11|          13|
    |ret_V_3_fu_1310_p2           |     +    |      0|  0|  30|          18|          23|
    |ret_V_fu_1111_p2             |     +    |      0|  0|  27|          10|          20|
    |row_fu_758_p2                |     +    |      0|  0|  12|           2|           4|
    |tmp_V_1_fu_1189_p2           |     +    |      0|  0|  19|          11|          12|
    |top_col_fu_1025_p2           |     +    |      0|  0|  15|           1|           5|
    |top_row_fu_1020_p2           |     +    |      0|  0|  15|           1|           5|
    |r_V_6_fu_1101_p2             |     -    |      0|  0|  26|          19|          19|
    |r_V_7_fu_1277_p2             |     -    |      0|  0|  30|          23|          23|
    |sub_ln171_fu_661_p2          |     -    |      0|  0|  15|           5|           5|
    |and_ln340_fu_1580_p2         |    and   |      0|  0|   2|           1|           1|
    |and_ln779_fu_1464_p2         |    and   |      0|  0|   2|           1|           1|
    |and_ln781_fu_1478_p2         |    and   |      0|  0|   2|           1|           1|
    |and_ln786_19_fu_1716_p2      |    and   |      0|  0|   2|           1|           1|
    |and_ln786_20_fu_1800_p2      |    and   |      0|  0|   2|           1|           1|
    |and_ln786_21_fu_1884_p2      |    and   |      0|  0|   2|           1|           1|
    |and_ln786_22_fu_1968_p2      |    and   |      0|  0|   2|           1|           1|
    |and_ln786_23_fu_2052_p2      |    and   |      0|  0|   2|           1|           1|
    |and_ln786_24_fu_2136_p2      |    and   |      0|  0|   2|           1|           1|
    |and_ln786_25_fu_2220_p2      |    and   |      0|  0|   2|           1|           1|
    |and_ln786_26_fu_2304_p2      |    and   |      0|  0|   2|           1|           1|
    |and_ln786_27_fu_2388_p2      |    and   |      0|  0|   2|           1|           1|
    |and_ln786_28_fu_2472_p2      |    and   |      0|  0|   2|           1|           1|
    |and_ln786_29_fu_2556_p2      |    and   |      0|  0|   2|           1|           1|
    |and_ln786_30_fu_2640_p2      |    and   |      0|  0|   2|           1|           1|
    |and_ln786_31_fu_2724_p2      |    and   |      0|  0|   2|           1|           1|
    |and_ln786_32_fu_2808_p2      |    and   |      0|  0|   2|           1|           1|
    |and_ln786_33_fu_2892_p2      |    and   |      0|  0|   2|           1|           1|
    |and_ln786_34_fu_1508_p2      |    and   |      0|  0|   2|           1|           1|
    |and_ln786_fu_1632_p2         |    and   |      0|  0|   2|           1|           1|
    |carry_2_fu_1378_p2           |    and   |      0|  0|   2|           1|           1|
    |overflow_fu_1502_p2          |    and   |      0|  0|   2|           1|           1|
    |underflow_2_fu_1526_p2       |    and   |      0|  0|   2|           1|           1|
    |underflow_fu_1209_p2         |    and   |      0|  0|   2|           1|           1|
    |Range1_all_ones_fu_1418_p2   |   icmp   |      0|  0|   9|           4|           2|
    |Range1_all_zeros_fu_1424_p2  |   icmp   |      0|  0|   9|           4|           1|
    |Range2_all_ones_fu_1402_p2   |   icmp   |      0|  0|   9|           3|           2|
    |icmp_ln1494_16_fu_1287_p2    |   icmp   |      0|  0|  13|          12|           1|
    |icmp_ln1494_fu_1068_p2       |   icmp   |      0|  0|  11|           5|           1|
    |icmp_ln171_fu_675_p2         |   icmp   |      0|  0|  11|           7|           7|
    |icmp_ln172_fu_704_p2         |   icmp   |      0|  0|  11|           5|           5|
    |icmp_ln785_fu_1131_p2        |   icmp   |      0|  0|  13|           9|           1|
    |or_ln169_fu_619_p2           |    or    |      0|  0|   4|           4|           1|
    |or_ln170_fu_641_p2           |    or    |      0|  0|   3|           3|           1|
    |or_ln340_19_fu_1227_p2       |    or    |      0|  0|   2|           1|           1|
    |or_ln340_20_fu_1532_p2       |    or    |      0|  0|   2|           1|           1|
    |or_ln340_21_fu_1538_p2       |    or    |      0|  0|   2|           1|           1|
    |or_ln340_22_fu_1544_p2       |    or    |      0|  0|   2|           1|           1|
    |or_ln340_23_fu_1734_p2       |    or    |      0|  0|   2|           1|           1|
    |or_ln340_24_fu_1818_p2       |    or    |      0|  0|   2|           1|           1|
    |or_ln340_25_fu_1902_p2       |    or    |      0|  0|   2|           1|           1|
    |or_ln340_26_fu_1986_p2       |    or    |      0|  0|   2|           1|           1|
    |or_ln340_27_fu_2070_p2       |    or    |      0|  0|   2|           1|           1|
    |or_ln340_28_fu_2154_p2       |    or    |      0|  0|   2|           1|           1|
    |or_ln340_29_fu_2238_p2       |    or    |      0|  0|   2|           1|           1|
    |or_ln340_30_fu_2322_p2       |    or    |      0|  0|   2|           1|           1|
    |or_ln340_31_fu_2406_p2       |    or    |      0|  0|   2|           1|           1|
    |or_ln340_32_fu_2490_p2       |    or    |      0|  0|   2|           1|           1|
    |or_ln340_33_fu_2574_p2       |    or    |      0|  0|   2|           1|           1|
    |or_ln340_34_fu_2658_p2       |    or    |      0|  0|   2|           1|           1|
    |or_ln340_35_fu_2742_p2       |    or    |      0|  0|   2|           1|           1|
    |or_ln340_36_fu_2826_p2       |    or    |      0|  0|   2|           1|           1|
    |or_ln340_37_fu_2910_p2       |    or    |      0|  0|   2|           1|           1|
    |or_ln340_fu_1650_p2          |    or    |      0|  0|   2|           1|           1|
    |or_ln785_1_fu_1490_p2        |    or    |      0|  0|   2|           1|           1|
    |or_ln785_fu_1158_p2          |    or    |      0|  0|   2|           1|           1|
    |or_ln786_fu_1514_p2          |    or    |      0|  0|   2|           1|           1|
    |deleted_ones_fu_1470_p3      |  select  |      0|  0|   2|           1|           1|
    |deleted_zeros_fu_1430_p3     |  select  |      0|  0|   2|           1|           1|
    |p_Val2_11_fu_1163_p3         |  select  |      0|  0|  12|           1|          11|
    |p_Val2_14_fu_1249_p3         |  select  |      0|  0|  12|           1|          12|
    |sel_tmp4_i_fu_1566_p3        |  select  |      0|  0|  12|           1|          12|
    |select_ln170_10_fu_814_p3    |  select  |      0|  0|   2|           1|           2|
    |select_ln170_6_fu_718_p3     |  select  |      0|  0|   5|           1|           5|
    |select_ln170_7_fu_726_p3     |  select  |      0|  0|   4|           1|           1|
    |select_ln170_8_fu_764_p3     |  select  |      0|  0|   2|           1|           1|
    |select_ln170_9_fu_807_p3     |  select  |      0|  0|   4|           1|           4|
    |select_ln170_fu_710_p3       |  select  |      0|  0|   5|           1|           5|
    |select_ln171_3_fu_742_p3     |  select  |      0|  0|   5|           1|           5|
    |select_ln171_4_fu_750_p3     |  select  |      0|  0|   5|           1|           5|
    |select_ln171_fu_734_p3       |  select  |      0|  0|   5|           1|           5|
    |select_ln340_10_fu_2496_p3   |  select  |      0|  0|  12|           1|          11|
    |select_ln340_11_fu_2580_p3   |  select  |      0|  0|  12|           1|          11|
    |select_ln340_12_fu_2664_p3   |  select  |      0|  0|  12|           1|          11|
    |select_ln340_13_fu_2748_p3   |  select  |      0|  0|  12|           1|          11|
    |select_ln340_14_fu_2832_p3   |  select  |      0|  0|  12|           1|          11|
    |select_ln340_15_fu_2916_p3   |  select  |      0|  0|  12|           1|          11|
    |select_ln340_1_fu_1740_p3    |  select  |      0|  0|  12|           1|          11|
    |select_ln340_2_fu_1824_p3    |  select  |      0|  0|  12|           1|          11|
    |select_ln340_32_fu_1233_p3   |  select  |      0|  0|  12|           1|          11|
    |select_ln340_34_fu_1550_p3   |  select  |      0|  0|  12|           1|          11|
    |select_ln340_35_fu_1586_p3   |  select  |      0|  0|  12|           1|          12|
    |select_ln340_3_fu_1908_p3    |  select  |      0|  0|  12|           1|          11|
    |select_ln340_4_fu_1992_p3    |  select  |      0|  0|  12|           1|          11|
    |select_ln340_5_fu_2076_p3    |  select  |      0|  0|  12|           1|          11|
    |select_ln340_6_fu_2160_p3    |  select  |      0|  0|  12|           1|          11|
    |select_ln340_7_fu_2244_p3    |  select  |      0|  0|  12|           1|          11|
    |select_ln340_8_fu_2328_p3    |  select  |      0|  0|  12|           1|          11|
    |select_ln340_9_fu_2412_p3    |  select  |      0|  0|  12|           1|          11|
    |select_ln340_fu_1656_p3      |  select  |      0|  0|  12|           1|          11|
    |select_ln388_10_fu_2504_p3   |  select  |      0|  0|  13|           1|          13|
    |select_ln388_11_fu_2588_p3   |  select  |      0|  0|  13|           1|          13|
    |select_ln388_12_fu_2672_p3   |  select  |      0|  0|  13|           1|          13|
    |select_ln388_13_fu_2756_p3   |  select  |      0|  0|  13|           1|          13|
    |select_ln388_14_fu_2840_p3   |  select  |      0|  0|  13|           1|          13|
    |select_ln388_15_fu_2924_p3   |  select  |      0|  0|  13|           1|          13|
    |select_ln388_16_fu_1241_p3   |  select  |      0|  0|  13|           1|          13|
    |select_ln388_17_fu_1558_p3   |  select  |      0|  0|  13|           1|          13|
    |select_ln388_1_fu_1748_p3    |  select  |      0|  0|  13|           1|          13|
    |select_ln388_2_fu_1832_p3    |  select  |      0|  0|  13|           1|          13|
    |select_ln388_3_fu_1916_p3    |  select  |      0|  0|  13|           1|          13|
    |select_ln388_4_fu_2000_p3    |  select  |      0|  0|  13|           1|          13|
    |select_ln388_5_fu_2084_p3    |  select  |      0|  0|  13|           1|          13|
    |select_ln388_6_fu_2168_p3    |  select  |      0|  0|  13|           1|          13|
    |select_ln388_7_fu_2252_p3    |  select  |      0|  0|  13|           1|          13|
    |select_ln388_8_fu_2336_p3    |  select  |      0|  0|  13|           1|          13|
    |select_ln388_9_fu_2420_p3    |  select  |      0|  0|  13|           1|          13|
    |select_ln388_fu_1664_p3      |  select  |      0|  0|  13|           1|          13|
    |select_ln746_fu_1438_p3      |  select  |      0|  0|  11|           1|           2|
    |tmp_V_fu_1078_p3             |  select  |      0|  0|   8|           1|           8|
    |top_0_V_d0                   |  select  |      0|  0|  12|           1|          12|
    |top_10_V_d0                  |  select  |      0|  0|  12|           1|          12|
    |top_11_V_d0                  |  select  |      0|  0|  12|           1|          12|
    |top_12_V_d0                  |  select  |      0|  0|  12|           1|          12|
    |top_13_V_d0                  |  select  |      0|  0|  12|           1|          12|
    |top_14_V_d0                  |  select  |      0|  0|  12|           1|          12|
    |top_15_V_d0                  |  select  |      0|  0|  12|           1|          12|
    |top_1_V_d0                   |  select  |      0|  0|  12|           1|          12|
    |top_2_V_d0                   |  select  |      0|  0|  12|           1|          12|
    |top_3_V_d0                   |  select  |      0|  0|  12|           1|          12|
    |top_4_V_d0                   |  select  |      0|  0|  12|           1|          12|
    |top_5_V_d0                   |  select  |      0|  0|  12|           1|          12|
    |top_6_V_d0                   |  select  |      0|  0|  12|           1|          12|
    |top_7_V_d0                   |  select  |      0|  0|  12|           1|          12|
    |top_8_V_d0                   |  select  |      0|  0|  12|           1|          12|
    |top_9_V_d0                   |  select  |      0|  0|  12|           1|          12|
    |ap_enable_pp0                |    xor   |      0|  0|   2|           1|           2|
    |xor_ln1494_fu_1574_p2        |    xor   |      0|  0|   2|           1|           2|
    |xor_ln340_10_fu_2484_p2      |    xor   |      0|  0|   2|           1|           2|
    |xor_ln340_11_fu_2568_p2      |    xor   |      0|  0|   2|           1|           2|
    |xor_ln340_12_fu_2652_p2      |    xor   |      0|  0|   2|           1|           2|
    |xor_ln340_13_fu_2736_p2      |    xor   |      0|  0|   2|           1|           2|
    |xor_ln340_14_fu_2820_p2      |    xor   |      0|  0|   2|           1|           2|
    |xor_ln340_15_fu_2904_p2      |    xor   |      0|  0|   2|           1|           2|
    |xor_ln340_1_fu_1728_p2       |    xor   |      0|  0|   2|           1|           2|
    |xor_ln340_2_fu_1812_p2       |    xor   |      0|  0|   2|           1|           2|
    |xor_ln340_32_fu_1215_p2      |    xor   |      0|  0|   2|           1|           1|
    |xor_ln340_33_fu_1221_p2      |    xor   |      0|  0|   2|           1|           2|
    |xor_ln340_34_fu_1638_p2      |    xor   |      0|  0|   2|           1|           1|
    |xor_ln340_35_fu_1722_p2      |    xor   |      0|  0|   2|           1|           1|
    |xor_ln340_36_fu_1806_p2      |    xor   |      0|  0|   2|           1|           1|
    |xor_ln340_37_fu_1890_p2      |    xor   |      0|  0|   2|           1|           1|
    |xor_ln340_38_fu_1974_p2      |    xor   |      0|  0|   2|           1|           1|
    |xor_ln340_39_fu_2058_p2      |    xor   |      0|  0|   2|           1|           1|
    |xor_ln340_3_fu_1896_p2       |    xor   |      0|  0|   2|           1|           2|
    |xor_ln340_40_fu_2142_p2      |    xor   |      0|  0|   2|           1|           1|
    |xor_ln340_41_fu_2226_p2      |    xor   |      0|  0|   2|           1|           1|
    |xor_ln340_42_fu_2310_p2      |    xor   |      0|  0|   2|           1|           1|
    |xor_ln340_43_fu_2394_p2      |    xor   |      0|  0|   2|           1|           1|
    |xor_ln340_44_fu_2478_p2      |    xor   |      0|  0|   2|           1|           1|
    |xor_ln340_45_fu_2562_p2      |    xor   |      0|  0|   2|           1|           1|
    |xor_ln340_46_fu_2646_p2      |    xor   |      0|  0|   2|           1|           1|
    |xor_ln340_47_fu_2730_p2      |    xor   |      0|  0|   2|           1|           1|
    |xor_ln340_48_fu_2814_p2      |    xor   |      0|  0|   2|           1|           1|
    |xor_ln340_49_fu_2898_p2      |    xor   |      0|  0|   2|           1|           1|
    |xor_ln340_4_fu_1980_p2       |    xor   |      0|  0|   2|           1|           2|
    |xor_ln340_5_fu_2064_p2       |    xor   |      0|  0|   2|           1|           2|
    |xor_ln340_6_fu_2148_p2       |    xor   |      0|  0|   2|           1|           2|
    |xor_ln340_7_fu_2232_p2       |    xor   |      0|  0|   2|           1|           2|
    |xor_ln340_8_fu_2316_p2       |    xor   |      0|  0|   2|           1|           2|
    |xor_ln340_9_fu_2400_p2       |    xor   |      0|  0|   2|           1|           2|
    |xor_ln340_fu_1644_p2         |    xor   |      0|  0|   2|           1|           2|
    |xor_ln416_fu_1372_p2         |    xor   |      0|  0|   2|           1|           2|
    |xor_ln779_fu_1458_p2         |    xor   |      0|  0|   2|           1|           2|
    |xor_ln785_2_fu_1496_p2       |    xor   |      0|  0|   2|           1|           2|
    |xor_ln785_fu_1484_p2         |    xor   |      0|  0|   2|           1|           2|
    |xor_ln786_10_fu_2466_p2      |    xor   |      0|  0|   2|           1|           2|
    |xor_ln786_11_fu_2550_p2      |    xor   |      0|  0|   2|           1|           2|
    |xor_ln786_12_fu_2634_p2      |    xor   |      0|  0|   2|           1|           2|
    |xor_ln786_13_fu_2718_p2      |    xor   |      0|  0|   2|           1|           2|
    |xor_ln786_14_fu_2802_p2      |    xor   |      0|  0|   2|           1|           2|
    |xor_ln786_15_fu_2886_p2      |    xor   |      0|  0|   2|           1|           2|
    |xor_ln786_16_fu_1203_p2      |    xor   |      0|  0|   2|           1|           2|
    |xor_ln786_17_fu_1520_p2      |    xor   |      0|  0|   2|           1|           2|
    |xor_ln786_1_fu_1710_p2       |    xor   |      0|  0|   2|           1|           2|
    |xor_ln786_2_fu_1794_p2       |    xor   |      0|  0|   2|           1|           2|
    |xor_ln786_3_fu_1878_p2       |    xor   |      0|  0|   2|           1|           2|
    |xor_ln786_4_fu_1962_p2       |    xor   |      0|  0|   2|           1|           2|
    |xor_ln786_5_fu_2046_p2       |    xor   |      0|  0|   2|           1|           2|
    |xor_ln786_6_fu_2130_p2       |    xor   |      0|  0|   2|           1|           2|
    |xor_ln786_7_fu_2214_p2       |    xor   |      0|  0|   2|           1|           2|
    |xor_ln786_8_fu_2298_p2       |    xor   |      0|  0|   2|           1|           2|
    |xor_ln786_9_fu_2382_p2       |    xor   |      0|  0|   2|           1|           2|
    |xor_ln786_fu_1626_p2         |    xor   |      0|  0|   2|           1|           2|
    +-----------------------------+----------+-------+---+----+------------+------------+
    |Total                        |          |      0|  0|2337|         929|        1631|
    +-----------------------------+----------+-------+---+----+------------+------------+

    * Multiplexer: 
    +-----------------------------------------+----+-----------+-----+-----------+
    |                   Name                  | LUT| Input Size| Bits| Total Bits|
    +-----------------------------------------+----+-----------+-----+-----------+
    |ap_NS_fsm                                |  41|          8|    1|          8|
    |ap_enable_reg_pp0_iter2                  |   9|          2|    1|          2|
    |ap_phi_mux_col_0_phi_fu_569_p4           |   9|          2|    4|          8|
    |ap_phi_mux_indvar_flatten_phi_fu_501_p4  |   9|          2|    7|         14|
    |ap_phi_mux_indvars_iv_phi_fu_511_p4      |   9|          2|    5|         10|
    |ap_phi_mux_row_0_phi_fu_539_p4           |   9|          2|    4|          8|
    |ap_phi_mux_top_col_0_phi_fu_529_p4       |   9|          2|    5|         10|
    |ap_phi_mux_top_col_1_phi_fu_559_p4       |   9|          2|    5|         10|
    |ap_phi_mux_top_row_0_phi_fu_520_p4       |   9|          2|    5|         10|
    |ap_phi_mux_top_row_1_phi_fu_550_p4       |   9|          2|    5|         10|
    |bottom1_V_address0                       |  33|          6|    7|         42|
    |bottom1_V_address1                       |  27|          5|    7|         35|
    |col_0_reg_565                            |   9|          2|    4|          8|
    |grp_compute_engine_64_fu_576_b_V         |  15|          3|   64|        192|
    |grp_compute_engine_64_fu_586_b_V         |  15|          3|   64|        192|
    |indvar_flatten_reg_497                   |   9|          2|    7|         14|
    |indvars_iv_reg_508                       |   9|          2|    5|         10|
    |row_0_reg_535                            |   9|          2|    4|          8|
    |top_0_V_address0                         |  15|          3|    7|         21|
    |top_10_V_address0                        |  15|          3|    7|         21|
    |top_11_V_address0                        |  15|          3|    7|         21|
    |top_12_V_address0                        |  15|          3|    7|         21|
    |top_13_V_address0                        |  15|          3|    7|         21|
    |top_14_V_address0                        |  15|          3|    7|         21|
    |top_15_V_address0                        |  15|          3|    7|         21|
    |top_1_V_address0                         |  15|          3|    7|         21|
    |top_2_V_address0                         |  15|          3|    7|         21|
    |top_3_V_address0                         |  15|          3|    7|         21|
    |top_4_V_address0                         |  15|          3|    7|         21|
    |top_5_V_address0                         |  15|          3|    7|         21|
    |top_6_V_address0                         |  15|          3|    7|         21|
    |top_7_V_address0                         |  15|          3|    7|         21|
    |top_8_V_address0                         |  15|          3|    7|         21|
    |top_9_V_address0                         |  15|          3|    7|         21|
    |top_col_0_reg_526                        |   9|          2|    5|         10|
    |top_col_1_reg_556                        |   9|          2|    5|         10|
    |top_row_0_reg_517                        |   9|          2|    5|         10|
    |top_row_1_reg_547                        |   9|          2|    5|         10|
    +-----------------------------------------+----+-----------+-----+-----------+
    |Total                                    | 524|        107|  336|        967|
    +-----------------------------------------+----+-----------+-----+-----------+

    * Register: 
    +-------------------------------------------+----+----+-----+-----------+
    |                    Name                   | FF | LUT| Bits| Const Bits|
    +-------------------------------------------+----+----+-----+-----------+
    |add_ln170_4_reg_3027                       |   4|   0|    4|          0|
    |add_ln171_5_reg_2967                       |   7|   0|    7|          0|
    |add_ln176_2_reg_3102                       |   8|   0|    8|          0|
    |add_ln178_reg_3015                         |   7|   0|    8|          1|
    |add_ln181_reg_3055                         |   7|   0|    8|          1|
    |add_ln184_2_reg_3077                       |   8|   0|    8|          0|
    |add_ln185_reg_3087                         |   8|   0|    8|          0|
    |add_ln186_reg_3097                         |   8|   0|    8|          0|
    |ap_CS_fsm                                  |   7|   0|    7|          0|
    |ap_enable_reg_pp0_iter0                    |   1|   0|    1|          0|
    |ap_enable_reg_pp0_iter1                    |   1|   0|    1|          0|
    |ap_enable_reg_pp0_iter2                    |   1|   0|    1|          0|
    |col_0_reg_565                              |   4|   0|    4|          0|
    |col_reg_3137                               |   4|   0|    4|          0|
    |grp_compute_engine_64_fu_576_ap_start_reg  |   1|   0|    1|          0|
    |grp_compute_engine_64_fu_586_ap_start_reg  |   1|   0|    1|          0|
    |icmp_ln171_reg_2963                        |   1|   0|    1|          0|
    |icmp_ln172_reg_2972                        |   1|   0|    1|          0|
    |icmp_ln785_reg_3284                        |   1|   0|    1|          0|
    |indvar_flatten_reg_497                     |   7|   0|    7|          0|
    |indvars_iv_reg_508                         |   5|   0|    5|          0|
    |p_Val2_14_reg_3379                         |  12|   0|   12|          0|
    |p_s_reg_3117                               |   6|   0|    6|          0|
    |r_V_7_reg_3390                             |  23|   0|   23|          0|
    |row_0_reg_535                              |   4|   0|    4|          0|
    |select_ln170_6_reg_2986                    |   5|   0|    5|          0|
    |select_ln170_7_reg_2992                    |   4|   0|    4|          0|
    |select_ln170_9_reg_3020                    |   4|   0|    4|          0|
    |select_ln170_reg_2979                      |   5|   0|    5|          0|
    |select_ln171_3_reg_3005                    |   5|   0|    5|          0|
    |select_ln171_4_reg_3010                    |   5|   0|    5|          0|
    |select_ln171_reg_3000                      |   5|   0|    5|          0|
    |select_ln340_35_reg_3400                   |  12|   0|   12|          0|
    |sum_V_ret_reg_3262                         |   8|   0|    8|          0|
    |tmp1_V_reg_3122                            |   6|   0|    6|          0|
    |tmp2_V_reg_3147                            |   6|   0|    6|          0|
    |tmp3_V_reg_3152                            |   6|   0|    6|          0|
    |tmp4_V_reg_3157                            |   6|   0|    6|          0|
    |tmp5_V_reg_3162                            |   6|   0|    6|          0|
    |tmp6_V_reg_3167                            |   6|   0|    6|          0|
    |tmp7_V_reg_3172                            |   6|   0|    6|          0|
    |tmp8_V_reg_3177                            |   6|   0|    6|          0|
    |tmp_reg_3268                               |   5|   0|    5|          0|
    |tmp_s_reg_2958                             |   3|   0|    7|          4|
    |top_0_V_addr_reg_3182                      |   7|   0|    7|          0|
    |top_0_V_load_reg_3273                      |  12|   0|   12|          0|
    |top_10_V_addr_reg_3232                     |   7|   0|    7|          0|
    |top_10_V_load_reg_3343                     |  12|   0|   12|          0|
    |top_11_V_addr_reg_3237                     |   7|   0|    7|          0|
    |top_11_V_load_reg_3349                     |  12|   0|   12|          0|
    |top_12_V_addr_reg_3242                     |   7|   0|    7|          0|
    |top_12_V_load_reg_3355                     |  12|   0|   12|          0|
    |top_13_V_addr_reg_3247                     |   7|   0|    7|          0|
    |top_13_V_load_reg_3361                     |  12|   0|   12|          0|
    |top_14_V_addr_reg_3252                     |   7|   0|    7|          0|
    |top_14_V_load_reg_3367                     |  12|   0|   12|          0|
    |top_15_V_addr_reg_3257                     |   7|   0|    7|          0|
    |top_15_V_load_reg_3373                     |  12|   0|   12|          0|
    |top_1_V_addr_reg_3187                      |   7|   0|    7|          0|
    |top_1_V_load_reg_3289                      |  12|   0|   12|          0|
    |top_2_V_addr_reg_3192                      |   7|   0|    7|          0|
    |top_2_V_load_reg_3295                      |  12|   0|   12|          0|
    |top_3_V_addr_reg_3197                      |   7|   0|    7|          0|
    |top_3_V_load_reg_3301                      |  12|   0|   12|          0|
    |top_4_V_addr_reg_3202                      |   7|   0|    7|          0|
    |top_4_V_load_reg_3307                      |  12|   0|   12|          0|
    |top_5_V_addr_reg_3207                      |   7|   0|    7|          0|
    |top_5_V_load_reg_3313                      |  12|   0|   12|          0|
    |top_6_V_addr_reg_3212                      |   7|   0|    7|          0|
    |top_6_V_load_reg_3319                      |  12|   0|   12|          0|
    |top_7_V_addr_reg_3217                      |   7|   0|    7|          0|
    |top_7_V_load_reg_3325                      |  12|   0|   12|          0|
    |top_8_V_addr_reg_3222                      |   7|   0|    7|          0|
    |top_8_V_load_reg_3331                      |  12|   0|   12|          0|
    |top_9_V_addr_reg_3227                      |   7|   0|    7|          0|
    |top_9_V_load_reg_3337                      |  12|   0|   12|          0|
    |top_col_0_reg_526                          |   5|   0|    5|          0|
    |top_col_1_reg_556                          |   5|   0|    5|          0|
    |top_col_reg_3132                           |   5|   0|    5|          0|
    |top_row_0_reg_517                          |   5|   0|    5|          0|
    |top_row_1_reg_547                          |   5|   0|    5|          0|
    |top_row_reg_3127                           |   5|   0|    5|          0|
    |trunc_ln1192_reg_3395                      |  20|   0|   20|          0|
    |trunc_ln703_reg_3385                       |  11|   0|   11|          0|
    |trunc_ln731_reg_3279                       |  11|   0|   11|          0|
    |zext_ln178_5_reg_3033                      |   4|   0|    8|          4|
    |zext_ln179_reg_3044                        |   4|   0|    8|          4|
    |zext_ln180_reg_3066                        |   4|   0|    8|          4|
    |icmp_ln171_reg_2963                        |  64|  32|    1|          0|
    +-------------------------------------------+----+----+-----+-----------+
    |Total                                      | 698|  32|  653|         18|
    +-------------------------------------------+----+----+-----+-----------+



================================================================
== Interface
================================================================
* Summary: 
+--------------------+-----+-----+------------+-----------------+--------------+
|      RTL Ports     | Dir | Bits|  Protocol  |  Source Object  |    C Type    |
+--------------------+-----+-----+------------+-----------------+--------------+
|ap_clk              |  in |    1| ap_ctrl_hs | pgconv64s2<16u> | return value |
|ap_rst              |  in |    1| ap_ctrl_hs | pgconv64s2<16u> | return value |
|ap_start            |  in |    1| ap_ctrl_hs | pgconv64s2<16u> | return value |
|ap_done             | out |    1| ap_ctrl_hs | pgconv64s2<16u> | return value |
|ap_idle             | out |    1| ap_ctrl_hs | pgconv64s2<16u> | return value |
|ap_ready            | out |    1| ap_ctrl_hs | pgconv64s2<16u> | return value |
|bottom1_V_address0  | out |    7|  ap_memory |    bottom1_V    |     array    |
|bottom1_V_ce0       | out |    1|  ap_memory |    bottom1_V    |     array    |
|bottom1_V_q0        |  in |   64|  ap_memory |    bottom1_V    |     array    |
|bottom1_V_address1  | out |    7|  ap_memory |    bottom1_V    |     array    |
|bottom1_V_ce1       | out |    1|  ap_memory |    bottom1_V    |     array    |
|bottom1_V_q1        |  in |   64|  ap_memory |    bottom1_V    |     array    |
|row_off             |  in |    2|   ap_none  |     row_off     |    scalar    |
|col_off             |  in |    2|   ap_none  |     col_off     |    scalar    |
|top_0_V_address0    | out |    7|  ap_memory |     top_0_V     |     array    |
|top_0_V_ce0         | out |    1|  ap_memory |     top_0_V     |     array    |
|top_0_V_we0         | out |    1|  ap_memory |     top_0_V     |     array    |
|top_0_V_d0          | out |   12|  ap_memory |     top_0_V     |     array    |
|top_0_V_q0          |  in |   12|  ap_memory |     top_0_V     |     array    |
|top_1_V_address0    | out |    7|  ap_memory |     top_1_V     |     array    |
|top_1_V_ce0         | out |    1|  ap_memory |     top_1_V     |     array    |
|top_1_V_we0         | out |    1|  ap_memory |     top_1_V     |     array    |
|top_1_V_d0          | out |   12|  ap_memory |     top_1_V     |     array    |
|top_1_V_q0          |  in |   12|  ap_memory |     top_1_V     |     array    |
|top_2_V_address0    | out |    7|  ap_memory |     top_2_V     |     array    |
|top_2_V_ce0         | out |    1|  ap_memory |     top_2_V     |     array    |
|top_2_V_we0         | out |    1|  ap_memory |     top_2_V     |     array    |
|top_2_V_d0          | out |   12|  ap_memory |     top_2_V     |     array    |
|top_2_V_q0          |  in |   12|  ap_memory |     top_2_V     |     array    |
|top_3_V_address0    | out |    7|  ap_memory |     top_3_V     |     array    |
|top_3_V_ce0         | out |    1|  ap_memory |     top_3_V     |     array    |
|top_3_V_we0         | out |    1|  ap_memory |     top_3_V     |     array    |
|top_3_V_d0          | out |   12|  ap_memory |     top_3_V     |     array    |
|top_3_V_q0          |  in |   12|  ap_memory |     top_3_V     |     array    |
|top_4_V_address0    | out |    7|  ap_memory |     top_4_V     |     array    |
|top_4_V_ce0         | out |    1|  ap_memory |     top_4_V     |     array    |
|top_4_V_we0         | out |    1|  ap_memory |     top_4_V     |     array    |
|top_4_V_d0          | out |   12|  ap_memory |     top_4_V     |     array    |
|top_4_V_q0          |  in |   12|  ap_memory |     top_4_V     |     array    |
|top_5_V_address0    | out |    7|  ap_memory |     top_5_V     |     array    |
|top_5_V_ce0         | out |    1|  ap_memory |     top_5_V     |     array    |
|top_5_V_we0         | out |    1|  ap_memory |     top_5_V     |     array    |
|top_5_V_d0          | out |   12|  ap_memory |     top_5_V     |     array    |
|top_5_V_q0          |  in |   12|  ap_memory |     top_5_V     |     array    |
|top_6_V_address0    | out |    7|  ap_memory |     top_6_V     |     array    |
|top_6_V_ce0         | out |    1|  ap_memory |     top_6_V     |     array    |
|top_6_V_we0         | out |    1|  ap_memory |     top_6_V     |     array    |
|top_6_V_d0          | out |   12|  ap_memory |     top_6_V     |     array    |
|top_6_V_q0          |  in |   12|  ap_memory |     top_6_V     |     array    |
|top_7_V_address0    | out |    7|  ap_memory |     top_7_V     |     array    |
|top_7_V_ce0         | out |    1|  ap_memory |     top_7_V     |     array    |
|top_7_V_we0         | out |    1|  ap_memory |     top_7_V     |     array    |
|top_7_V_d0          | out |   12|  ap_memory |     top_7_V     |     array    |
|top_7_V_q0          |  in |   12|  ap_memory |     top_7_V     |     array    |
|top_8_V_address0    | out |    7|  ap_memory |     top_8_V     |     array    |
|top_8_V_ce0         | out |    1|  ap_memory |     top_8_V     |     array    |
|top_8_V_we0         | out |    1|  ap_memory |     top_8_V     |     array    |
|top_8_V_d0          | out |   12|  ap_memory |     top_8_V     |     array    |
|top_8_V_q0          |  in |   12|  ap_memory |     top_8_V     |     array    |
|top_9_V_address0    | out |    7|  ap_memory |     top_9_V     |     array    |
|top_9_V_ce0         | out |    1|  ap_memory |     top_9_V     |     array    |
|top_9_V_we0         | out |    1|  ap_memory |     top_9_V     |     array    |
|top_9_V_d0          | out |   12|  ap_memory |     top_9_V     |     array    |
|top_9_V_q0          |  in |   12|  ap_memory |     top_9_V     |     array    |
|top_10_V_address0   | out |    7|  ap_memory |     top_10_V    |     array    |
|top_10_V_ce0        | out |    1|  ap_memory |     top_10_V    |     array    |
|top_10_V_we0        | out |    1|  ap_memory |     top_10_V    |     array    |
|top_10_V_d0         | out |   12|  ap_memory |     top_10_V    |     array    |
|top_10_V_q0         |  in |   12|  ap_memory |     top_10_V    |     array    |
|top_11_V_address0   | out |    7|  ap_memory |     top_11_V    |     array    |
|top_11_V_ce0        | out |    1|  ap_memory |     top_11_V    |     array    |
|top_11_V_we0        | out |    1|  ap_memory |     top_11_V    |     array    |
|top_11_V_d0         | out |   12|  ap_memory |     top_11_V    |     array    |
|top_11_V_q0         |  in |   12|  ap_memory |     top_11_V    |     array    |
|top_12_V_address0   | out |    7|  ap_memory |     top_12_V    |     array    |
|top_12_V_ce0        | out |    1|  ap_memory |     top_12_V    |     array    |
|top_12_V_we0        | out |    1|  ap_memory |     top_12_V    |     array    |
|top_12_V_d0         | out |   12|  ap_memory |     top_12_V    |     array    |
|top_12_V_q0         |  in |   12|  ap_memory |     top_12_V    |     array    |
|top_13_V_address0   | out |    7|  ap_memory |     top_13_V    |     array    |
|top_13_V_ce0        | out |    1|  ap_memory |     top_13_V    |     array    |
|top_13_V_we0        | out |    1|  ap_memory |     top_13_V    |     array    |
|top_13_V_d0         | out |   12|  ap_memory |     top_13_V    |     array    |
|top_13_V_q0         |  in |   12|  ap_memory |     top_13_V    |     array    |
|top_14_V_address0   | out |    7|  ap_memory |     top_14_V    |     array    |
|top_14_V_ce0        | out |    1|  ap_memory |     top_14_V    |     array    |
|top_14_V_we0        | out |    1|  ap_memory |     top_14_V    |     array    |
|top_14_V_d0         | out |   12|  ap_memory |     top_14_V    |     array    |
|top_14_V_q0         |  in |   12|  ap_memory |     top_14_V    |     array    |
|top_15_V_address0   | out |    7|  ap_memory |     top_15_V    |     array    |
|top_15_V_ce0        | out |    1|  ap_memory |     top_15_V    |     array    |
|top_15_V_we0        | out |    1|  ap_memory |     top_15_V    |     array    |
|top_15_V_d0         | out |   12|  ap_memory |     top_15_V    |     array    |
|top_15_V_q0         |  in |   12|  ap_memory |     top_15_V    |     array    |
+--------------------+-----+-----+------------+-----------------+--------------+

